Time	Node	SegmentNumber	SegmentDuration(sec)	SegmentRepID	SegmentBitrate(bit/s)	StallingTime(msec)	SegmentDepIds
2016-Jan-05 11:19:02	PI_3	0	2	0	642933	1002	
2016-Jan-05 11:19:04	PI_3	1	2	0	642933	0	
2016-Jan-05 11:19:06	PI_3	2	2	0	642933	0	
2016-Jan-05 11:19:08	PI_3	3	2	0	642933	0	
2016-Jan-05 11:19:10	PI_3	4	2	0	642933	0	
2016-Jan-05 11:19:12	PI_3	5	2	0	642933	0	
2016-Jan-05 11:19:14	PI_3	6	2	0	642933	0	
2016-Jan-05 11:19:16	PI_3	7	2	0	642933	0	
2016-Jan-05 11:19:18	PI_3	8	2	0	642933	0	
2016-Jan-05 11:19:20	PI_3	9	2	0	642933	0	
2016-Jan-05 11:19:22	PI_3	10	2	0	642933	0	
2016-Jan-05 11:19:24	PI_3	11	2	0	642933	0	
2016-Jan-05 11:19:26	PI_3	12	2	0	642933	0	
2016-Jan-05 11:19:28	PI_3	13	2	0	642933	0	
2016-Jan-05 11:19:30	PI_3	14	2	0	642933	0	
2016-Jan-05 11:19:32	PI_3	15	2	0	642933	0	
2016-Jan-05 11:19:34	PI_3	16	2	2	1405754	0	0,1
2016-Jan-05 11:19:36	PI_3	17	2	0	642933	0	
2016-Jan-05 11:19:38	PI_3	18	2	0	642933	0	
2016-Jan-05 11:19:40	PI_3	19	2	0	642933	0	
2016-Jan-05 11:19:42	PI_3	20	2	2	1405754	0	0,1
2016-Jan-05 11:19:44	PI_3	21	2	0	642933	0	
2016-Jan-05 11:19:46	PI_3	22	2	2	1405754	0	0,1
2016-Jan-05 11:19:48	PI_3	23	2	0	642933	0	
2016-Jan-05 11:19:50	PI_3	24	2	0	642933	0	
2016-Jan-05 11:19:52	PI_3	25	2	2	1405754	0	0,1
2016-Jan-05 11:19:54	PI_3	26	2	0	642933	0	
2016-Jan-05 11:19:56	PI_3	27	2	0	642933	0	
2016-Jan-05 11:19:58	PI_3	28	2	0	642933	0	
2016-Jan-05 11:20:00	PI_3	29	2	2	1405754	0	0,1
2016-Jan-05 11:20:02	PI_3	30	2	1	997955	0	0
2016-Jan-05 11:20:04	PI_3	31	2	2	1405754	0	0,1
2016-Jan-05 11:20:06	PI_3	32	2	0	642933	0	
2016-Jan-05 11:20:08	PI_3	33	2	2	1405754	0	0,1
2016-Jan-05 11:20:10	PI_3	34	2	0	642933	0	
2016-Jan-05 11:20:12	PI_3	35	2	0	642933	0	
2016-Jan-05 11:20:14	PI_3	36	2	2	1405754	0	0,1
2016-Jan-05 11:20:16	PI_3	37	2	2	1405754	0	0,1
2016-Jan-05 11:20:18	PI_3	38	2	0	642933	0	
2016-Jan-05 11:20:20	PI_3	39	2	0	642933	0	
2016-Jan-05 11:20:22	PI_3	40	2	0	642933	0	
2016-Jan-05 11:20:24	PI_3	41	2	0	642933	0	
2016-Jan-05 11:20:26	PI_3	42	2	0	642933	0	
2016-Jan-05 11:20:28	PI_3	43	2	2	1405754	0	0,1
2016-Jan-05 11:20:30	PI_3	44	2	2	1405754	0	0,1
2016-Jan-05 11:20:32	PI_3	45	2	0	642933	0	
2016-Jan-05 11:20:34	PI_3	46	2	2	1405754	0	0,1
2016-Jan-05 11:20:36	PI_3	47	2	1	997955	0	0
2016-Jan-05 11:20:38	PI_3	48	2	2	1405754	0	0,1
2016-Jan-05 11:20:40	PI_3	49	2	0	642933	0	
2016-Jan-05 11:20:42	PI_3	50	2	2	1405754	0	0,1
2016-Jan-05 11:20:44	PI_3	51	2	0	642933	0	
2016-Jan-05 11:20:46	PI_3	52	2	2	1405754	0	0,1
2016-Jan-05 11:20:48	PI_3	53	2	0	642933	0	
2016-Jan-05 11:20:50	PI_3	54	2	0	642933	0	
2016-Jan-05 11:20:52	PI_3	55	2	2	1405754	0	0,1
2016-Jan-05 11:20:54	PI_3	56	2	0	642933	0	
2016-Jan-05 11:20:56	PI_3	57	2	2	1405754	0	0,1
2016-Jan-05 11:20:58	PI_3	58	2	0	642933	0	
2016-Jan-05 11:21:00	PI_3	59	2	0	642933	0	
2016-Jan-05 11:21:02	PI_3	60	2	0	642933	0	
2016-Jan-05 11:21:04	PI_3	61	2	0	642933	0	
2016-Jan-05 11:21:06	PI_3	62	2	0	642933	0	
2016-Jan-05 11:21:08	PI_3	63	2	2	1405754	0	0,1
2016-Jan-05 11:21:10	PI_3	64	2	0	642933	0	
2016-Jan-05 11:21:12	PI_3	65	2	2	1405754	0	0,1
2016-Jan-05 11:21:14	PI_3	66	2	0	642933	0	
2016-Jan-05 11:21:16	PI_3	67	2	2	1405754	0	0,1
2016-Jan-05 11:21:18	PI_3	68	2	0	642933	0	
2016-Jan-05 11:21:20	PI_3	69	2	0	642933	0	
2016-Jan-05 11:21:22	PI_3	70	2	2	1405754	0	0,1
2016-Jan-05 11:21:24	PI_3	71	2	0	642933	0	
2016-Jan-05 11:21:26	PI_3	72	2	0	642933	0	
2016-Jan-05 11:21:28	PI_3	73	2	2	1405754	0	0,1
2016-Jan-05 11:21:30	PI_3	74	2	0	642933	0	
2016-Jan-05 11:21:32	PI_3	75	2	2	1405754	0	0,1
2016-Jan-05 11:21:34	PI_3	76	2	0	642933	0	
2016-Jan-05 11:21:36	PI_3	77	2	0	642933	0	
2016-Jan-05 11:21:38	PI_3	78	2	0	642933	0	
2016-Jan-05 11:21:40	PI_3	79	2	2	1405754	0	0,1
2016-Jan-05 11:21:42	PI_3	80	2	2	1405754	0	0,1
2016-Jan-05 11:21:44	PI_3	81	2	0	642933	0	
2016-Jan-05 11:21:46	PI_3	82	2	0	642933	0	
2016-Jan-05 11:21:48	PI_3	83	2	0	642933	0	
2016-Jan-05 11:21:50	PI_3	84	2	2	1405754	0	0,1
2016-Jan-05 11:21:52	PI_3	85	2	0	642933	0	
2016-Jan-05 11:21:54	PI_3	86	2	2	1405754	0	0,1
2016-Jan-05 11:21:56	PI_3	87	2	0	642933	0	
2016-Jan-05 11:21:58	PI_3	88	2	2	1405754	0	0,1
2016-Jan-05 11:22:00	PI_3	89	2	0	642933	0	
2016-Jan-05 11:22:02	PI_3	90	2	0	642933	0	
2016-Jan-05 11:22:04	PI_3	91	2	0	642933	0	
2016-Jan-05 11:22:06	PI_3	92	2	0	642933	0	
2016-Jan-05 11:22:08	PI_3	93	2	0	642933	0	
2016-Jan-05 11:22:10	PI_3	94	2	0	642933	0	
2016-Jan-05 11:22:12	PI_3	95	2	0	642933	0	
2016-Jan-05 11:22:14	PI_3	96	2	1	997955	0	0
2016-Jan-05 11:22:16	PI_3	97	2	2	1405754	0	0,1
2016-Jan-05 11:22:18	PI_3	98	2	0	642933	0	
2016-Jan-05 11:22:20	PI_3	99	2	0	642933	0	
2016-Jan-05 11:22:22	PI_3	100	2	2	1405754	0	0,1
2016-Jan-05 11:22:24	PI_3	101	2	0	642933	0	
2016-Jan-05 11:22:26	PI_3	102	2	2	1405754	0	0,1
2016-Jan-05 11:22:28	PI_3	103	2	0	642933	0	
2016-Jan-05 11:22:30	PI_3	104	2	2	1405754	0	0,1
2016-Jan-05 11:22:32	PI_3	105	2	0	642933	0	
2016-Jan-05 11:22:34	PI_3	106	2	0	642933	0	
2016-Jan-05 11:22:36	PI_3	107	2	0	642933	0	
2016-Jan-05 11:22:38	PI_3	108	2	0	642933	0	
2016-Jan-05 11:22:40	PI_3	109	2	0	642933	0	
2016-Jan-05 11:22:42	PI_3	110	2	2	1405754	0	0,1
2016-Jan-05 11:22:44	PI_3	111	2	0	642933	0	
2016-Jan-05 11:22:46	PI_3	112	2	2	1405754	0	0,1
2016-Jan-05 11:22:48	PI_3	113	2	0	642933	0	
2016-Jan-05 11:22:50	PI_3	114	2	2	1405754	0	0,1
2016-Jan-05 11:22:52	PI_3	115	2	0	642933	0	
2016-Jan-05 11:22:54	PI_3	116	2	1	997955	0	0
2016-Jan-05 11:22:56	PI_3	117	2	2	1405754	0	0,1
2016-Jan-05 11:22:58	PI_3	118	2	0	642933	0	
2016-Jan-05 11:23:00	PI_3	119	2	0	642933	0	
2016-Jan-05 11:23:02	PI_3	120	2	1	997955	0	0
2016-Jan-05 11:23:04	PI_3	121	2	2	1405754	0	0,1
2016-Jan-05 11:23:06	PI_3	122	2	0	642933	0	
2016-Jan-05 11:23:08	PI_3	123	2	0	642933	0	
2016-Jan-05 11:23:10	PI_3	124	2	0	642933	0	
2016-Jan-05 11:23:12	PI_3	125	2	0	642933	0	
2016-Jan-05 11:23:14	PI_3	126	2	0	642933	0	
2016-Jan-05 11:23:16	PI_3	127	2	0	642933	0	
2016-Jan-05 11:23:18	PI_3	128	2	0	642933	0	
2016-Jan-05 11:23:20	PI_3	129	2	2	1405754	0	0,1
2016-Jan-05 11:23:22	PI_3	130	2	0	642933	0	
2016-Jan-05 11:23:24	PI_3	131	2	0	642933	0	
2016-Jan-05 11:23:26	PI_3	132	2	2	1405754	0	0,1
2016-Jan-05 11:23:28	PI_3	133	2	0	642933	0	
2016-Jan-05 11:23:30	PI_3	134	2	2	1405754	0	0,1
2016-Jan-05 11:23:32	PI_3	135	2	0	642933	0	
2016-Jan-05 11:23:34	PI_3	136	2	0	642933	0	
2016-Jan-05 11:23:36	PI_3	137	2	0	642933	0	
2016-Jan-05 11:23:38	PI_3	138	2	0	642933	0	
2016-Jan-05 11:23:40	PI_3	139	2	2	1405754	0	0,1
2016-Jan-05 11:23:42	PI_3	140	2	0	642933	0	
2016-Jan-05 11:23:44	PI_3	141	2	0	642933	0	
2016-Jan-05 11:23:46	PI_3	142	2	0	642933	0	
2016-Jan-05 11:23:48	PI_3	143	2	2	1405754	0	0,1
2016-Jan-05 11:23:50	PI_3	144	2	0	642933	0	
2016-Jan-05 11:23:52	PI_3	145	2	2	1405754	0	0,1
2016-Jan-05 11:23:54	PI_3	146	2	1	997955	0	0
2016-Jan-05 11:23:56	PI_3	147	2	2	1405754	0	0,1
2016-Jan-05 11:23:58	PI_3	148	2	0	642933	0	
2016-Jan-05 11:24:00	PI_3	149	2	0	642933	0	
2016-Jan-05 11:24:02	PI_3	150	2	2	1405754	0	0,1
2016-Jan-05 11:24:04	PI_3	151	2	0	642933	0	
2016-Jan-05 11:24:06	PI_3	152	2	0	642933	0	
2016-Jan-05 11:24:08	PI_3	153	2	0	642933	0	
2016-Jan-05 11:24:10	PI_3	154	2	0	642933	0	
2016-Jan-05 11:24:12	PI_3	155	2	2	1405754	0	0,1
2016-Jan-05 11:24:14	PI_3	156	2	0	642933	0	
2016-Jan-05 11:24:16	PI_3	157	2	0	642933	0	
2016-Jan-05 11:24:18	PI_3	158	2	0	642933	0	
2016-Jan-05 11:24:20	PI_3	159	2	2	1405754	0	0,1
2016-Jan-05 11:24:22	PI_3	160	2	0	642933	0	
2016-Jan-05 11:24:24	PI_3	161	2	0	642933	0	
2016-Jan-05 11:24:26	PI_3	162	2	0	642933	0	
2016-Jan-05 11:24:28	PI_3	163	2	0	642933	0	
2016-Jan-05 11:24:30	PI_3	164	2	0	642933	0	
2016-Jan-05 11:24:32	PI_3	165	2	2	1405754	0	0,1
2016-Jan-05 11:24:34	PI_3	166	2	0	642933	0	
2016-Jan-05 11:24:36	PI_3	167	2	0	642933	0	
2016-Jan-05 11:24:38	PI_3	168	2	2	1405754	0	0,1
2016-Jan-05 11:24:40	PI_3	169	2	2	1405754	0	0,1
2016-Jan-05 11:24:42	PI_3	170	2	0	642933	0	
2016-Jan-05 11:24:44	PI_3	171	2	2	1405754	0	0,1
2016-Jan-05 11:24:46	PI_3	172	2	0	642933	0	
2016-Jan-05 11:24:48	PI_3	173	2	0	642933	0	
2016-Jan-05 11:24:50	PI_3	174	2	0	642933	0	
2016-Jan-05 11:24:52	PI_3	175	2	0	642933	0	
2016-Jan-05 11:24:54	PI_3	176	2	0	642933	0	
2016-Jan-05 11:24:56	PI_3	177	2	0	642933	0	
2016-Jan-05 11:24:58	PI_3	178	2	0	642933	0	
2016-Jan-05 11:25:00	PI_3	179	2	2	1405754	0	0,1
2016-Jan-05 11:25:02	PI_3	180	2	0	642933	0	
2016-Jan-05 11:25:04	PI_3	181	2	0	642933	0	
2016-Jan-05 11:25:06	PI_3	182	2	0	642933	0	
2016-Jan-05 11:25:08	PI_3	183	2	0	642933	0	
2016-Jan-05 11:25:10	PI_3	184	2	0	642933	0	
2016-Jan-05 11:25:12	PI_3	185	2	2	1405754	0	0,1
2016-Jan-05 11:25:14	PI_3	186	2	0	642933	0	
2016-Jan-05 11:25:16	PI_3	187	2	0	642933	0	
2016-Jan-05 11:25:18	PI_3	188	2	2	1405754	0	0,1
2016-Jan-05 11:25:20	PI_3	189	2	2	1405754	0	0,1
2016-Jan-05 11:25:22	PI_3	190	2	0	642933	0	
2016-Jan-05 11:25:24	PI_3	191	2	2	1405754	0	0,1
2016-Jan-05 11:25:26	PI_3	192	2	0	642933	0	
2016-Jan-05 11:25:28	PI_3	193	2	1	997955	0	0
2016-Jan-05 11:25:30	PI_3	194	2	1	997955	0	0
2016-Jan-05 11:25:32	PI_3	195	2	2	1405754	0	0,1
2016-Jan-05 11:25:34	PI_3	196	2	0	642933	0	
2016-Jan-05 11:25:36	PI_3	197	2	2	1405754	0	0,1
2016-Jan-05 11:25:38	PI_3	198	2	0	642933	0	
2016-Jan-05 11:25:40	PI_3	199	2	2	1405754	0	0,1
2016-Jan-05 11:25:42	PI_3	200	2	0	642933	0	
2016-Jan-05 11:25:44	PI_3	201	2	2	1405754	0	0,1
2016-Jan-05 11:25:46	PI_3	202	2	0	642933	0	
2016-Jan-05 11:25:48	PI_3	203	2	2	1405754	0	0,1
2016-Jan-05 11:25:50	PI_3	204	2	0	642933	0	
2016-Jan-05 11:25:52	PI_3	205	2	2	1405754	0	0,1
2016-Jan-05 11:25:54	PI_3	206	2	0	642933	0	
2016-Jan-05 11:25:56	PI_3	207	2	0	642933	0	
2016-Jan-05 11:25:58	PI_3	208	2	2	1405754	0	0,1
2016-Jan-05 11:26:00	PI_3	209	2	0	642933	0	
2016-Jan-05 11:26:02	PI_3	210	2	2	1405754	0	0,1
2016-Jan-05 11:26:04	PI_3	211	2	0	642933	0	
2016-Jan-05 11:26:06	PI_3	212	2	0	642933	0	
2016-Jan-05 11:26:08	PI_3	213	2	0	642933	0	
2016-Jan-05 11:26:10	PI_3	214	2	0	642933	0	
2016-Jan-05 11:26:12	PI_3	215	2	0	642933	0	
2016-Jan-05 11:26:14	PI_3	216	2	0	642933	0	
2016-Jan-05 11:26:16	PI_3	217	2	0	642933	0	
2016-Jan-05 11:26:18	PI_3	218	2	0	642933	0	
2016-Jan-05 11:26:20	PI_3	219	2	0	642933	0	
2016-Jan-05 11:26:22	PI_3	220	2	2	1405754	0	0,1
2016-Jan-05 11:26:24	PI_3	221	2	1	997955	0	0
2016-Jan-05 11:26:26	PI_3	222	2	0	642933	0	
2016-Jan-05 11:26:28	PI_3	223	2	2	1405754	0	0,1
2016-Jan-05 11:26:30	PI_3	224	2	0	642933	0	
2016-Jan-05 11:26:32	PI_3	225	2	1	997955	0	0
2016-Jan-05 11:26:34	PI_3	226	2	1	997955	0	0
2016-Jan-05 11:26:36	PI_3	227	2	2	1405754	0	0,1
2016-Jan-05 11:26:38	PI_3	228	2	1	997955	0	0
2016-Jan-05 11:26:40	PI_3	229	2	1	997955	0	0
2016-Jan-05 11:26:42	PI_3	230	2	1	997955	0	0
2016-Jan-05 11:26:44	PI_3	231	2	1	997955	0	0
2016-Jan-05 11:26:46	PI_3	232	2	2	1405754	0	0,1
2016-Jan-05 11:26:48	PI_3	233	2	1	997955	0	0
2016-Jan-05 11:26:50	PI_3	234	2	1	997955	0	0
2016-Jan-05 11:26:52	PI_3	235	2	1	997955	0	0
2016-Jan-05 11:26:54	PI_3	236	2	1	997955	0	0
2016-Jan-05 11:26:56	PI_3	237	2	1	997955	0	0
2016-Jan-05 11:26:58	PI_3	238	2	1	997955	0	0
2016-Jan-05 11:27:00	PI_3	239	2	1	997955	0	0
2016-Jan-05 11:27:02	PI_3	240	2	1	997955	0	0
2016-Jan-05 11:27:04	PI_3	241	2	1	997955	0	0
2016-Jan-05 11:27:06	PI_3	242	2	1	997955	0	0
2016-Jan-05 11:27:08	PI_3	243	2	1	997955	0	0
2016-Jan-05 11:27:10	PI_3	244	2	1	997955	0	0
2016-Jan-05 11:27:12	PI_3	245	2	1	997955	0	0
2016-Jan-05 11:27:14	PI_3	246	2	1	997955	0	0
2016-Jan-05 11:27:16	PI_3	247	2	1	997955	0	0
2016-Jan-05 11:27:18	PI_3	248	2	1	997955	0	0
2016-Jan-05 11:27:20	PI_3	249	2	1	997955	0	0
2016-Jan-05 11:27:22	PI_3	250	2	1	997955	0	0
2016-Jan-05 11:27:24	PI_3	251	2	1	997955	0	0
2016-Jan-05 11:27:26	PI_3	252	2	2	1405754	0	0,1
2016-Jan-05 11:27:28	PI_3	253	2	2	1405754	0	0,1
2016-Jan-05 11:27:30	PI_3	254	2	0	642933	0	
2016-Jan-05 11:27:32	PI_3	255	2	0	642933	0	
2016-Jan-05 11:27:34	PI_3	256	2	0	642933	0	
2016-Jan-05 11:27:36	PI_3	257	2	2	1405754	0	0,1
2016-Jan-05 11:27:38	PI_3	258	2	0	642933	0	
2016-Jan-05 11:27:40	PI_3	259	2	0	642933	0	
2016-Jan-05 11:27:42	PI_3	260	2	0	642933	0	
2016-Jan-05 11:27:44	PI_3	261	2	0	642933	0	
2016-Jan-05 11:27:46	PI_3	262	2	2	1405754	0	0,1
2016-Jan-05 11:27:48	PI_3	263	2	0	642933	0	
2016-Jan-05 11:27:50	PI_3	264	2	0	642933	0	
2016-Jan-05 11:27:52	PI_3	265	2	0	642933	0	
2016-Jan-05 11:27:54	PI_3	266	2	2	1405754	0	0,1
2016-Jan-05 11:27:56	PI_3	267	2	0	642933	0	
2016-Jan-05 11:27:58	PI_3	268	2	0	642933	0	
2016-Jan-05 11:28:00	PI_3	269	2	0	642933	0	
2016-Jan-05 11:28:02	PI_3	270	2	0	642933	0	
2016-Jan-05 11:28:04	PI_3	271	2	0	642933	0	
2016-Jan-05 11:28:06	PI_3	272	2	0	642933	0	
2016-Jan-05 11:28:08	PI_3	273	2	0	642933	0	
2016-Jan-05 11:28:10	PI_3	274	2	0	642933	0	
2016-Jan-05 11:28:12	PI_3	275	2	0	642933	0	
2016-Jan-05 11:28:14	PI_3	276	2	0	642933	0	
2016-Jan-05 11:28:16	PI_3	277	2	0	642933	0	
2016-Jan-05 11:28:18	PI_3	278	2	0	642933	0	
2016-Jan-05 11:28:20	PI_3	279	2	0	642933	0	
2016-Jan-05 11:28:22	PI_3	280	2	0	642933	0	
2016-Jan-05 11:28:24	PI_3	281	2	2	1405754	0	0,1
2016-Jan-05 11:28:26	PI_3	282	2	0	642933	0	
2016-Jan-05 11:28:28	PI_3	283	2	2	1405754	0	0,1
2016-Jan-05 11:28:30	PI_3	284	2	0	642933	0	
2016-Jan-05 11:28:32	PI_3	285	2	2	1405754	0	0,1
2016-Jan-05 11:28:34	PI_3	286	2	1	997955	0	0
2016-Jan-05 11:28:36	PI_3	287	2	1	997955	0	0
2016-Jan-05 11:28:38	PI_3	288	2	1	997955	0	0
2016-Jan-05 11:28:40	PI_3	289	2	1	997955	0	0
2016-Jan-05 11:28:42	PI_3	290	2	1	997955	0	0
2016-Jan-05 11:28:44	PI_3	291	2	1	997955	0	0
2016-Jan-05 11:28:46	PI_3	292	2	1	997955	0	0
2016-Jan-05 11:28:48	PI_3	293	2	1	997955	0	0
2016-Jan-05 11:28:50	PI_3	294	2	1	997955	0	0
2016-Jan-05 11:28:52	PI_3	295	2	1	997955	0	0
2016-Jan-05 11:28:54	PI_3	296	2	1	997955	0	0
2016-Jan-05 11:28:56	PI_3	297	2	1	997955	0	0
2016-Jan-05 11:28:58	PI_3	298	2	1	997955	0	0
2016-Jan-05 11:29:00	PI_3	299	2	0	642933	0	
2016-Jan-05 11:29:02	PI_3	300	2	0	642933	0	
2016-Jan-05 11:29:04	PI_3	301	2	0	642933	0	
2016-Jan-05 11:29:06	PI_3	302	2	0	642933	0	
2016-Jan-05 11:29:08	PI_3	303	2	0	642933	0	
2016-Jan-05 11:29:10	PI_3	304	2	1	997955	0	0
2016-Jan-05 11:29:12	PI_3	305	2	1	997955	0	0
2016-Jan-05 11:29:14	PI_3	306	2	1	997955	0	0
2016-Jan-05 11:29:16	PI_3	307	2	1	997955	0	0
2016-Jan-05 11:29:18	PI_3	308	2	1	997955	0	0
2016-Jan-05 11:29:20	PI_3	309	2	1	997955	0	0
2016-Jan-05 11:29:22	PI_3	310	2	1	997955	0	0
2016-Jan-05 11:29:24	PI_3	311	2	1	997955	0	0
2016-Jan-05 11:29:26	PI_3	312	2	1	997955	0	0
2016-Jan-05 11:29:28	PI_3	313	2	1	997955	0	0
2016-Jan-05 11:29:30	PI_3	314	2	2	1405754	0	0,1
2016-Jan-05 11:29:32	PI_3	315	2	2	1405754	0	0,1
2016-Jan-05 11:29:34	PI_3	316	2	1	997955	0	0
2016-Jan-05 11:29:36	PI_3	317	2	1	997955	0	0
2016-Jan-05 11:29:38	PI_3	318	2	1	997955	0	0
2016-Jan-05 11:29:40	PI_3	319	2	0	642933	0	
2016-Jan-05 11:29:42	PI_3	320	2	0	642933	0	
2016-Jan-05 11:29:44	PI_3	321	2	2	1405754	0	0,1
2016-Jan-05 11:29:46	PI_3	322	2	0	642933	0	
2016-Jan-05 11:29:48	PI_3	323	2	0	642933	0	
2016-Jan-05 11:29:50	PI_3	324	2	0	642933	0	
2016-Jan-05 11:29:52	PI_3	325	2	0	642933	0	
2016-Jan-05 11:29:54	PI_3	326	2	2	1405754	0	0,1
2016-Jan-05 11:29:56	PI_3	327	2	0	642933	0	
2016-Jan-05 11:29:58	PI_3	328	2	0	642933	0	
2016-Jan-05 11:30:00	PI_3	329	2	2	1405754	0	0,1
2016-Jan-05 11:30:02	PI_3	330	2	0	642933	0	
2016-Jan-05 11:30:04	PI_3	331	2	1	997955	0	0
2016-Jan-05 11:30:06	PI_3	332	2	1	997955	0	0
2016-Jan-05 11:30:08	PI_3	333	2	0	642933	0	
2016-Jan-05 11:30:10	PI_3	334	2	1	997955	0	0
2016-Jan-05 11:30:12	PI_3	335	2	1	997955	0	0
2016-Jan-05 11:30:14	PI_3	336	2	1	997955	0	0
2016-Jan-05 11:30:16	PI_3	337	2	2	1405754	0	0,1
2016-Jan-05 11:30:18	PI_3	338	2	0	642933	0	
2016-Jan-05 11:30:20	PI_3	339	2	2	1405754	0	0,1
2016-Jan-05 11:30:22	PI_3	340	2	0	642933	0	
2016-Jan-05 11:30:24	PI_3	341	2	2	1405754	0	0,1
2016-Jan-05 11:30:26	PI_3	342	2	0	642933	0	
2016-Jan-05 11:30:28	PI_3	343	2	0	642933	0	
2016-Jan-05 11:30:30	PI_3	344	2	2	1405754	0	0,1
2016-Jan-05 11:30:32	PI_3	345	2	0	642933	0	
2016-Jan-05 11:30:34	PI_3	346	2	0	642933	0	
2016-Jan-05 11:30:36	PI_3	347	2	2	1405754	0	0,1
2016-Jan-05 11:30:38	PI_3	348	2	0	642933	0	
2016-Jan-05 11:30:40	PI_3	349	2	2	1405754	0	0,1
2016-Jan-05 11:30:42	PI_3	350	2	0	642933	0	
2016-Jan-05 11:30:44	PI_3	351	2	2	1405754	0	0,1
2016-Jan-05 11:30:46	PI_3	352	2	0	642933	0	
2016-Jan-05 11:30:48	PI_3	353	2	0	642933	0	
2016-Jan-05 11:30:50	PI_3	354	2	2	1405754	0	0,1
2016-Jan-05 11:30:52	PI_3	355	2	0	642933	0	
2016-Jan-05 11:30:54	PI_3	356	2	0	642933	0	
2016-Jan-05 11:30:56	PI_3	357	2	2	1405754	0	0,1
2016-Jan-05 11:30:58	PI_3	358	2	0	642933	0	
2016-Jan-05 11:31:00	PI_3	359	2	2	1405754	0	0,1
2016-Jan-05 11:31:02	PI_3	360	2	0	642933	0	
2016-Jan-05 11:31:04	PI_3	361	2	0	642933	0	
2016-Jan-05 11:31:06	PI_3	362	2	0	642933	0	
2016-Jan-05 11:31:08	PI_3	363	2	2	1405754	0	0,1
2016-Jan-05 11:31:10	PI_3	364	2	0	642933	0	
2016-Jan-05 11:31:12	PI_3	365	2	1	997955	0	0
2016-Jan-05 11:31:14	PI_3	366	2	1	997955	0	0
2016-Jan-05 11:31:16	PI_3	367	2	1	997955	0	0
2016-Jan-05 11:31:18	PI_3	368	2	2	1405754	0	0,1
2016-Jan-05 11:31:20	PI_3	369	2	1	997955	0	0
2016-Jan-05 11:31:22	PI_3	370	2	1	997955	0	0
2016-Jan-05 11:31:24	PI_3	371	2	1	997955	0	0
2016-Jan-05 11:31:26	PI_3	372	2	2	1405754	0	0,1
2016-Jan-05 11:31:28	PI_3	373	2	0	642933	0	
2016-Jan-05 11:31:30	PI_3	374	2	2	1405754	0	0,1
2016-Jan-05 11:31:32	PI_3	375	2	0	642933	0	
2016-Jan-05 11:31:34	PI_3	376	2	2	1405754	0	0,1
2016-Jan-05 11:31:36	PI_3	377	2	0	642933	0	
2016-Jan-05 11:31:38	PI_3	378	2	0	642933	0	
2016-Jan-05 11:31:40	PI_3	379	2	0	642933	0	
2016-Jan-05 11:31:42	PI_3	380	2	2	1405754	0	0,1
2016-Jan-05 11:31:44	PI_3	381	2	0	642933	0	
2016-Jan-05 11:31:46	PI_3	382	2	0	642933	0	
2016-Jan-05 11:31:48	PI_3	383	2	0	642933	0	
2016-Jan-05 11:31:50	PI_3	384	2	2	1405754	0	0,1
2016-Jan-05 11:31:52	PI_3	385	2	0	642933	0	
2016-Jan-05 11:31:54	PI_3	386	2	0	642933	0	
2016-Jan-05 11:31:56	PI_3	387	2	2	1405754	0	0,1
2016-Jan-05 11:31:58	PI_3	388	2	0	642933	0	
2016-Jan-05 11:32:00	PI_3	389	2	0	642933	0	
2016-Jan-05 11:32:02	PI_3	390	2	2	1405754	0	0,1
2016-Jan-05 11:32:04	PI_3	391	2	0	642933	0	
2016-Jan-05 11:32:06	PI_3	392	2	0	642933	0	
2016-Jan-05 11:32:08	PI_3	393	2	0	642933	0	
2016-Jan-05 11:32:10	PI_3	394	2	2	1405754	0	0,1
2016-Jan-05 11:32:12	PI_3	395	2	0	642933	0	
2016-Jan-05 11:32:14	PI_3	396	2	0	642933	0	
2016-Jan-05 11:32:16	PI_3	397	2	0	642933	0	
2016-Jan-05 11:32:18	PI_3	398	2	2	1405754	0	0,1
2016-Jan-05 11:32:20	PI_3	399	2	0	642933	0	
2016-Jan-05 11:32:22	PI_3	400	2	0	642933	0	
2016-Jan-05 11:32:24	PI_3	401	2	2	1405754	0	0,1
2016-Jan-05 11:32:26	PI_3	402	2	0	642933	0	
2016-Jan-05 11:32:28	PI_3	403	2	0	642933	0	
2016-Jan-05 11:32:30	PI_3	404	2	0	642933	0	
2016-Jan-05 11:32:32	PI_3	405	2	0	642933	0	
2016-Jan-05 11:32:34	PI_3	406	2	0	642933	0	
2016-Jan-05 11:32:36	PI_3	407	2	0	642933	0	
2016-Jan-05 11:32:38	PI_3	408	2	0	642933	0	
2016-Jan-05 11:32:40	PI_3	409	2	0	642933	0	
2016-Jan-05 11:32:42	PI_3	410	2	0	642933	0	
2016-Jan-05 11:32:44	PI_3	411	2	0	642933	0	
2016-Jan-05 11:32:46	PI_3	412	2	0	642933	0	
2016-Jan-05 11:32:48	PI_3	413	2	0	642933	0	
2016-Jan-05 11:32:50	PI_3	414	2	2	1405754	0	0,1
2016-Jan-05 11:32:52	PI_3	415	2	0	642933	0	
2016-Jan-05 11:32:54	PI_3	416	2	0	642933	0	
2016-Jan-05 11:32:56	PI_3	417	2	0	642933	0	
2016-Jan-05 11:32:58	PI_3	418	2	0	642933	0	
2016-Jan-05 11:33:00	PI_3	419	2	1	997955	0	0
2016-Jan-05 11:33:02	PI_3	420	2	0	642933	0	
2016-Jan-05 11:33:04	PI_3	421	2	2	1405754	0	0,1
2016-Jan-05 11:33:06	PI_3	422	2	0	642933	0	
2016-Jan-05 11:33:08	PI_3	423	2	2	1405754	0	0,1
2016-Jan-05 11:33:10	PI_3	424	2	0	642933	0	
2016-Jan-05 11:33:12	PI_3	425	2	0	642933	0	
2016-Jan-05 11:33:14	PI_3	426	2	0	642933	0	
2016-Jan-05 11:33:16	PI_3	427	2	2	1405754	0	0,1
2016-Jan-05 11:33:18	PI_3	428	2	0	642933	0	
2016-Jan-05 11:33:20	PI_3	429	2	0	642933	0	
2016-Jan-05 11:33:22	PI_3	430	2	0	642933	0	
2016-Jan-05 11:33:24	PI_3	431	2	0	642933	0	
2016-Jan-05 11:33:26	PI_3	432	2	0	642933	0	
2016-Jan-05 11:33:28	PI_3	433	2	0	642933	0	
2016-Jan-05 11:33:30	PI_3	434	2	0	642933	0	
2016-Jan-05 11:33:32	PI_3	435	2	0	642933	0	
2016-Jan-05 11:33:34	PI_3	436	2	0	642933	0	
2016-Jan-05 11:33:36	PI_3	437	2	0	642933	0	
2016-Jan-05 11:33:38	PI_3	438	2	2	1405754	0	0,1
2016-Jan-05 11:33:40	PI_3	439	2	0	642933	0	
2016-Jan-05 11:33:42	PI_3	440	2	0	642933	0	
2016-Jan-05 11:33:44	PI_3	441	2	0	642933	0	
2016-Jan-05 11:33:46	PI_3	442	2	2	1405754	0	0,1
2016-Jan-05 11:33:48	PI_3	443	2	0	642933	0	
2016-Jan-05 11:33:50	PI_3	444	2	0	642933	0	
2016-Jan-05 11:33:52	PI_3	445	2	0	642933	0	
2016-Jan-05 11:33:54	PI_3	446	2	0	642933	0	
2016-Jan-05 11:33:56	PI_3	447	2	2	1405754	0	0,1
2016-Jan-05 11:33:58	PI_3	448	2	0	642933	0	
2016-Jan-05 11:34:00	PI_3	449	2	0	642933	0	
2016-Jan-05 11:34:02	PI_3	450	2	0	642933	0	
2016-Jan-05 11:34:04	PI_3	451	2	0	642933	0	
2016-Jan-05 11:34:06	PI_3	452	2	2	1405754	0	0,1
2016-Jan-05 11:34:08	PI_3	453	2	0	642933	0	
2016-Jan-05 11:34:10	PI_3	454	2	0	642933	0	
2016-Jan-05 11:34:12	PI_3	455	2	2	1405754	0	0,1
2016-Jan-05 11:34:14	PI_3	456	2	0	642933	0	
2016-Jan-05 11:34:16	PI_3	457	2	2	1405754	0	0,1
2016-Jan-05 11:34:18	PI_3	458	2	1	997955	0	0
2016-Jan-05 11:34:20	PI_3	459	2	1	997955	0	0
2016-Jan-05 11:34:22	PI_3	460	2	1	997955	0	0
2016-Jan-05 11:34:24	PI_3	461	2	1	997955	0	0
2016-Jan-05 11:34:26	PI_3	462	2	1	997955	0	0
2016-Jan-05 11:34:28	PI_3	463	2	1	997955	0	0
2016-Jan-05 11:34:30	PI_3	464	2	1	997955	0	0
2016-Jan-05 11:34:32	PI_3	465	2	1	997955	0	0
2016-Jan-05 11:34:34	PI_3	466	2	2	1405754	0	0,1
2016-Jan-05 11:34:36	PI_3	467	2	2	1405754	0	0,1
2016-Jan-05 11:34:38	PI_3	468	2	0	642933	0	
2016-Jan-05 11:34:40	PI_3	469	2	2	1405754	0	0,1
2016-Jan-05 11:34:42	PI_3	470	2	0	642933	0	
2016-Jan-05 11:34:44	PI_3	471	2	2	1405754	0	0,1
2016-Jan-05 11:34:46	PI_3	472	2	0	642933	0	
2016-Jan-05 11:34:48	PI_3	473	2	2	1405754	0	0,1
2016-Jan-05 11:34:50	PI_3	474	2	0	642933	0	
2016-Jan-05 11:34:52	PI_3	475	2	0	642933	0	
2016-Jan-05 11:34:54	PI_3	476	2	2	1405754	0	0,1
2016-Jan-05 11:34:56	PI_3	477	2	0	642933	0	
2016-Jan-05 11:34:58	PI_3	478	2	1	997955	0	0
2016-Jan-05 11:35:00	PI_3	479	2	1	997955	0	0
2016-Jan-05 11:35:02	PI_3	480	2	1	997955	0	0
2016-Jan-05 11:35:04	PI_3	481	2	1	997955	0	0
2016-Jan-05 11:35:06	PI_3	482	2	1	997955	0	0
2016-Jan-05 11:35:08	PI_3	483	2	1	997955	0	0
2016-Jan-05 11:35:10	PI_3	484	2	1	997955	0	0
2016-Jan-05 11:35:12	PI_3	485	2	1	997955	0	0
2016-Jan-05 11:35:14	PI_3	486	2	1	997955	0	0
2016-Jan-05 11:35:16	PI_3	487	2	2	1405754	0	0,1
2016-Jan-05 11:35:18	PI_3	488	2	0	642933	0	
2016-Jan-05 11:35:20	PI_3	489	2	0	642933	0	
2016-Jan-05 11:35:22	PI_3	490	2	2	1405754	0	0,1
2016-Jan-05 11:35:24	PI_3	491	2	0	642933	0	
2016-Jan-05 11:35:26	PI_3	492	2	2	1405754	0	0,1
2016-Jan-05 11:35:28	PI_3	493	2	2	1405754	0	0,1
2016-Jan-05 11:35:30	PI_3	494	2	0	642933	0	
2016-Jan-05 11:35:32	PI_3	495	2	2	1405754	0	0,1
2016-Jan-05 11:35:34	PI_3	496	2	0	642933	0	
2016-Jan-05 11:35:36	PI_3	497	2	2	1405754	0	0,1
2016-Jan-05 11:35:38	PI_3	498	2	1	997955	0	0
2016-Jan-05 11:35:40	PI_3	499	2	2	1405754	0	0,1
2016-Jan-05 11:35:42	PI_3	500	2	0	642933	0	
2016-Jan-05 11:35:44	PI_3	501	2	2	1405754	0	0,1
2016-Jan-05 11:35:46	PI_3	502	2	0	642933	0	
2016-Jan-05 11:35:48	PI_3	503	2	2	1405754	0	0,1
2016-Jan-05 11:35:50	PI_3	504	2	0	642933	0	
2016-Jan-05 11:35:52	PI_3	505	2	2	1405754	0	0,1
2016-Jan-05 11:35:54	PI_3	506	2	0	642933	0	
2016-Jan-05 11:35:56	PI_3	507	2	0	642933	0	
2016-Jan-05 11:35:58	PI_3	508	2	0	642933	0	
2016-Jan-05 11:36:00	PI_3	509	2	0	642933	0	
2016-Jan-05 11:36:02	PI_3	510	2	0	642933	0	
2016-Jan-05 11:36:04	PI_3	511	2	2	1405754	0	0,1
2016-Jan-05 11:36:06	PI_3	512	2	0	642933	0	
2016-Jan-05 11:36:08	PI_3	513	2	0	642933	0	
2016-Jan-05 11:36:10	PI_3	514	2	2	1405754	0	0,1
2016-Jan-05 11:36:12	PI_3	515	2	0	642933	0	
2016-Jan-05 11:36:14	PI_3	516	2	0	642933	0	
2016-Jan-05 11:36:16	PI_3	517	2	2	1405754	0	0,1
2016-Jan-05 11:36:18	PI_3	518	2	0	642933	0	
2016-Jan-05 11:36:20	PI_3	519	2	0	642933	0	
2016-Jan-05 11:36:22	PI_3	520	2	0	642933	0	
2016-Jan-05 11:36:24	PI_3	521	2	0	642933	0	
2016-Jan-05 11:36:26	PI_3	522	2	0	642933	0	
2016-Jan-05 11:36:28	PI_3	523	2	2	1405754	0	0,1
2016-Jan-05 11:36:30	PI_3	524	2	0	642933	0	
2016-Jan-05 11:36:32	PI_3	525	2	2	1405754	0	0,1
2016-Jan-05 11:36:34	PI_3	526	2	0	642933	0	
2016-Jan-05 11:36:36	PI_3	527	2	0	642933	0	
2016-Jan-05 11:36:38	PI_3	528	2	2	1405754	0	0,1
2016-Jan-05 11:36:40	PI_3	529	2	0	642933	0	
2016-Jan-05 11:36:42	PI_3	530	2	0	642933	0	
2016-Jan-05 11:36:44	PI_3	531	2	0	642933	0	
2016-Jan-05 11:36:46	PI_3	532	2	0	642933	0	
2016-Jan-05 11:36:48	PI_3	533	2	0	642933	0	
2016-Jan-05 11:36:50	PI_3	534	2	0	642933	0	
2016-Jan-05 11:36:52	PI_3	535	2	0	642933	0	
2016-Jan-05 11:36:54	PI_3	536	2	0	642933	0	
2016-Jan-05 11:36:56	PI_3	537	2	0	642933	0	
2016-Jan-05 11:36:58	PI_3	538	2	0	642933	0	
2016-Jan-05 11:37:00	PI_3	539	2	0	642933	0	
2016-Jan-05 11:37:02	PI_3	540	2	0	642933	0	
2016-Jan-05 11:37:04	PI_3	541	2	0	642933	0	
2016-Jan-05 11:37:06	PI_3	542	2	0	642933	0	
2016-Jan-05 11:37:08	PI_3	543	2	0	642933	0	
2016-Jan-05 11:37:10	PI_3	544	2	0	642933	0	
2016-Jan-05 11:37:12	PI_3	545	2	0	642933	0	
2016-Jan-05 11:37:14	PI_3	546	2	0	642933	0	
2016-Jan-05 11:37:16	PI_3	547	2	0	642933	0	
2016-Jan-05 11:37:18	PI_3	548	2	0	642933	0	
2016-Jan-05 11:37:20	PI_3	549	2	2	1405754	0	0,1
2016-Jan-05 11:37:22	PI_3	550	2	0	642933	0	
2016-Jan-05 11:37:24	PI_3	551	2	0	642933	0	
2016-Jan-05 11:37:26	PI_3	552	2	0	642933	0	
2016-Jan-05 11:37:28	PI_3	553	2	2	1405754	0	0,1
2016-Jan-05 11:37:30	PI_3	554	2	0	642933	0	
2016-Jan-05 11:37:32	PI_3	555	2	0	642933	0	
2016-Jan-05 11:37:34	PI_3	556	2	0	642933	0	
2016-Jan-05 11:37:36	PI_3	557	2	2	1405754	0	0,1
2016-Jan-05 11:37:38	PI_3	558	2	0	642933	0	
2016-Jan-05 11:37:40	PI_3	559	2	0	642933	0	
2016-Jan-05 11:37:42	PI_3	560	2	0	642933	0	
2016-Jan-05 11:37:44	PI_3	561	2	0	642933	0	
2016-Jan-05 11:37:46	PI_3	562	2	2	1405754	0	0,1
2016-Jan-05 11:37:48	PI_3	563	2	0	642933	0	
2016-Jan-05 11:37:50	PI_3	564	2	0	642933	0	
2016-Jan-05 11:37:52	PI_3	565	2	2	1405754	0	0,1
2016-Jan-05 11:37:54	PI_3	566	2	1	997955	0	0
2016-Jan-05 11:37:56	PI_3	567	2	1	997955	0	0
2016-Jan-05 11:37:58	PI_3	568	2	1	997955	0	0
2016-Jan-05 11:38:00	PI_3	569	2	2	1405754	0	0,1
2016-Jan-05 11:38:02	PI_3	570	2	0	642933	0	
2016-Jan-05 11:38:04	PI_3	571	2	2	1405754	0	0,1
2016-Jan-05 11:38:06	PI_3	572	2	0	642933	0	
2016-Jan-05 11:38:08	PI_3	573	2	2	1405754	0	0,1
2016-Jan-05 11:38:10	PI_3	574	2	0	642933	0	
2016-Jan-05 11:38:12	PI_3	575	2	2	1405754	0	0,1
2016-Jan-05 11:38:14	PI_3	576	2	2	1405754	0	0,1
2016-Jan-05 11:38:16	PI_3	577	2	0	642933	0	
2016-Jan-05 11:38:18	PI_3	578	2	1	997955	0	0
2016-Jan-05 11:38:20	PI_3	579	2	2	1405754	0	0,1
2016-Jan-05 11:38:22	PI_3	580	2	2	1405754	0	0,1
2016-Jan-05 11:38:24	PI_3	581	2	0	642933	0	
2016-Jan-05 11:38:26	PI_3	582	2	2	1405754	0	0,1
2016-Jan-05 11:38:28	PI_3	583	2	0	642933	0	
2016-Jan-05 11:38:30	PI_3	584	2	0	642933	0	
2016-Jan-05 11:38:32	PI_3	585	2	0	642933	0	
2016-Jan-05 11:38:34	PI_3	586	2	0	642933	0	
2016-Jan-05 11:38:36	PI_3	587	2	2	1405754	0	0,1
2016-Jan-05 11:38:38	PI_3	588	2	0	642933	0	
2016-Jan-05 11:38:40	PI_3	589	2	0	642933	0	
2016-Jan-05 11:38:42	PI_3	590	2	0	642933	0	
2016-Jan-05 11:38:44	PI_3	591	2	0	642933	0	
2016-Jan-05 11:38:46	PI_3	592	2	2	1405754	0	0,1
2016-Jan-05 11:38:48	PI_3	593	2	0	642933	0	
2016-Jan-05 11:38:50	PI_3	594	2	0	642933	0	
2016-Jan-05 11:38:52	PI_3	595	2	2	1405754	0	0,1
2016-Jan-05 11:38:54	PI_3	596	2	2	1405754	0	0,1
2016-Jan-05 11:38:56	PI_3	597	2	0	642933	0	
2016-Jan-05 11:38:58	PI_3	598	2	2	1405754	0	0,1
2016-Jan-05 11:39:00	PI_3	599	2	1	997955	0	0
2016-Jan-05 11:39:02	PI_3	600	2	1	997955	0	0
2016-Jan-05 11:39:04	PI_3	601	2	1	997955	0	0
2016-Jan-05 11:39:06	PI_3	602	2	1	997955	0	0
2016-Jan-05 11:39:08	PI_3	603	2	1	997955	0	0
2016-Jan-05 11:39:10	PI_3	604	2	2	1405754	0	0,1
2016-Jan-05 11:39:12	PI_3	605	2	2	1405754	0	0,1
2016-Jan-05 11:39:14	PI_3	606	2	1	997955	0	0
2016-Jan-05 11:39:16	PI_3	607	2	1	997955	0	0
2016-Jan-05 11:39:18	PI_3	608	2	2	1405754	0	0,1
2016-Jan-05 11:39:20	PI_3	609	2	2	1405754	0	0,1
2016-Jan-05 11:39:22	PI_3	610	2	0	642933	0	
2016-Jan-05 11:39:24	PI_3	611	2	2	1405754	0	0,1
2016-Jan-05 11:39:26	PI_3	612	2	1	997955	0	0
2016-Jan-05 11:39:28	PI_3	613	2	1	997955	0	0
2016-Jan-05 11:39:30	PI_3	614	2	1	997955	0	0
2016-Jan-05 11:39:32	PI_3	615	2	1	997955	0	0
2016-Jan-05 11:39:34	PI_3	616	2	1	997955	0	0
2016-Jan-05 11:39:36	PI_3	617	2	1	997955	0	0
2016-Jan-05 11:39:38	PI_3	618	2	2	1405754	0	0,1
2016-Jan-05 11:39:40	PI_3	619	2	2	1405754	0	0,1
2016-Jan-05 11:39:42	PI_3	620	2	2	1405754	0	0,1
2016-Jan-05 11:39:44	PI_3	621	2	2	1405754	0	0,1
2016-Jan-05 11:39:46	PI_3	622	2	2	1405754	0	0,1
2016-Jan-05 11:39:48	PI_3	623	2	0	642933	0	
2016-Jan-05 11:39:50	PI_3	624	2	2	1405754	0	0,1
2016-Jan-05 11:39:52	PI_3	625	2	0	642933	0	
2016-Jan-05 11:39:54	PI_3	626	2	2	1405754	0	0,1
2016-Jan-05 11:39:56	PI_3	627	2	0	642933	0	
2016-Jan-05 11:39:58	PI_3	628	2	0	642933	0	
2016-Jan-05 11:40:00	PI_3	629	2	0	642933	0	
2016-Jan-05 11:40:02	PI_3	630	2	2	1405754	0	0,1
2016-Jan-05 11:40:04	PI_3	631	2	0	642933	0	
2016-Jan-05 11:40:06	PI_3	632	2	0	642933	0	
2016-Jan-05 11:40:08	PI_3	633	2	0	642933	0	
2016-Jan-05 11:40:10	PI_3	634	2	0	642933	0	
2016-Jan-05 11:40:12	PI_3	635	2	2	1405754	0	0,1
2016-Jan-05 11:40:14	PI_3	636	2	0	642933	0	
2016-Jan-05 11:40:16	PI_3	637	2	0	642933	0	
2016-Jan-05 11:40:18	PI_3	638	2	2	1405754	0	0,1
2016-Jan-05 11:40:20	PI_3	639	2	0	642933	0	
2016-Jan-05 11:40:22	PI_3	640	2	0	642933	0	
2016-Jan-05 11:40:24	PI_3	641	2	2	1405754	0	0,1
2016-Jan-05 11:40:26	PI_3	642	2	0	642933	0	
2016-Jan-05 11:40:28	PI_3	643	2	0	642933	0	
2016-Jan-05 11:40:30	PI_3	644	2	0	642933	0	
2016-Jan-05 11:40:32	PI_3	645	2	2	1405754	0	0,1
2016-Jan-05 11:40:34	PI_3	646	2	0	642933	0	
2016-Jan-05 11:40:36	PI_3	647	2	0	642933	0	
2016-Jan-05 11:40:38	PI_3	648	2	2	1405754	0	0,1
2016-Jan-05 11:40:40	PI_3	649	2	1	997955	0	0
2016-Jan-05 11:40:42	PI_3	650	2	1	997955	0	0
2016-Jan-05 11:40:44	PI_3	651	2	1	997955	0	0
2016-Jan-05 11:40:46	PI_3	652	2	0	642933	0	
2016-Jan-05 11:40:48	PI_3	653	2	1	997955	0	0
2016-Jan-05 11:40:50	PI_3	654	2	1	997955	0	0
2016-Jan-05 11:40:52	PI_3	655	2	1	997955	0	0
2016-Jan-05 11:40:54	PI_3	656	2	2	1405754	0	0,1
2016-Jan-05 11:40:56	PI_3	657	2	2	1405754	0	0,1
2016-Jan-05 11:40:58	PI_3	658	2	2	1405754	0	0,1
2016-Jan-05 11:41:00	PI_3	659	2	2	1405754	0	0,1
2016-Jan-05 11:41:02	PI_3	660	2	2	1405754	0	0,1
2016-Jan-05 11:41:04	PI_3	661	2	1	997955	0	0
2016-Jan-05 11:41:06	PI_3	662	2	1	997955	0	0
2016-Jan-05 11:41:08	PI_3	663	2	1	997955	0	0
2016-Jan-05 11:41:10	PI_3	664	2	1	997955	0	0
2016-Jan-05 11:41:12	PI_3	665	2	1	997955	0	0
2016-Jan-05 11:41:14	PI_3	666	2	0	642933	0	
2016-Jan-05 11:41:16	PI_3	667	2	1	997955	0	0
2016-Jan-05 11:41:18	PI_3	668	2	1	997955	0	0
2016-Jan-05 11:41:20	PI_3	669	2	1	997955	0	0
2016-Jan-05 11:41:22	PI_3	670	2	2	1405754	0	0,1
2016-Jan-05 11:41:24	PI_3	671	2	0	642933	0	
2016-Jan-05 11:41:26	PI_3	672	2	2	1405754	0	0,1
2016-Jan-05 11:41:28	PI_3	673	2	0	642933	0	
2016-Jan-05 11:41:30	PI_3	674	2	2	1405754	0	0,1
2016-Jan-05 11:41:32	PI_3	675	2	0	642933	0	
2016-Jan-05 11:41:34	PI_3	676	2	2	1405754	0	0,1
2016-Jan-05 11:41:36	PI_3	677	2	0	642933	0	
2016-Jan-05 11:41:38	PI_3	678	2	2	1405754	0	0,1
2016-Jan-05 11:41:40	PI_3	679	2	0	642933	0	
2016-Jan-05 11:41:42	PI_3	680	2	2	1405754	0	0,1
2016-Jan-05 11:41:44	PI_3	681	2	1	997955	0	0
2016-Jan-05 11:41:46	PI_3	682	2	2	1405754	0	0,1
2016-Jan-05 11:41:48	PI_3	683	2	0	642933	0	
2016-Jan-05 11:41:50	PI_3	684	2	2	1405754	0	0,1
2016-Jan-05 11:41:52	PI_3	685	2	0	642933	0	
2016-Jan-05 11:41:54	PI_3	686	2	0	642933	0	
2016-Jan-05 11:41:56	PI_3	687	2	2	1405754	0	0,1
2016-Jan-05 11:41:58	PI_3	688	2	0	642933	0	
2016-Jan-05 11:42:00	PI_3	689	2	0	642933	0	
2016-Jan-05 11:42:02	PI_3	690	2	0	642933	0	
2016-Jan-05 11:42:04	PI_3	691	2	0	642933	0	
2016-Jan-05 11:42:06	PI_3	692	2	0	642933	0	
2016-Jan-05 11:42:08	PI_3	693	2	2	1405754	0	0,1
2016-Jan-05 11:42:10	PI_3	694	2	0	642933	0	
2016-Jan-05 11:42:12	PI_3	695	2	0	642933	0	
2016-Jan-05 11:42:14	PI_3	696	2	0	642933	0	
2016-Jan-05 11:42:16	PI_3	697	2	2	1405754	0	0,1
2016-Jan-05 11:42:18	PI_3	698	2	0	642933	0	
2016-Jan-05 11:42:20	PI_3	699	2	0	642933	0	
2016-Jan-05 11:42:22	PI_3	700	2	2	1405754	0	0,1
2016-Jan-05 11:42:24	PI_3	701	2	0	642933	0	
2016-Jan-05 11:42:26	PI_3	702	2	2	1405754	0	0,1
2016-Jan-05 11:42:28	PI_3	703	2	1	997955	0	0
2016-Jan-05 11:42:30	PI_3	704	2	1	997955	0	0
2016-Jan-05 11:42:32	PI_3	705	2	1	997955	0	0
2016-Jan-05 11:42:34	PI_3	706	2	2	1405754	0	0,1
2016-Jan-05 11:42:36	PI_3	707	2	1	997955	0	0
2016-Jan-05 11:42:38	PI_3	708	2	2	1405754	0	0,1
2016-Jan-05 11:42:40	PI_3	709	2	2	1405754	0	0,1
2016-Jan-05 11:42:42	PI_3	710	2	0	642933	0	
2016-Jan-05 11:42:44	PI_3	711	2	2	1405754	0	0,1
2016-Jan-05 11:42:46	PI_3	712	2	1	997955	0	0
2016-Jan-05 11:42:48	PI_3	713	2	1	997955	0	0
2016-Jan-05 11:42:50	PI_3	714	2	1	997955	0	0
2016-Jan-05 11:42:52	PI_3	715	2	1	997955	0	0
2016-Jan-05 11:42:54	PI_3	716	2	1	997955	0	0
2016-Jan-05 11:42:56	PI_3	717	2	1	997955	0	0
2016-Jan-05 11:42:58	PI_3	718	2	1	997955	0	0
2016-Jan-05 11:43:00	PI_3	719	2	2	1405754	0	0,1
2016-Jan-05 11:43:02	PI_3	720	2	2	1405754	0	0,1
2016-Jan-05 11:43:04	PI_3	721	2	0	642933	0	
2016-Jan-05 11:43:06	PI_3	722	2	0	642933	0	
2016-Jan-05 11:43:08	PI_3	723	2	2	1405754	0	0,1
2016-Jan-05 11:43:10	PI_3	724	2	0	642933	0	
2016-Jan-05 11:43:12	PI_3	725	2	2	1405754	0	0,1
2016-Jan-05 11:43:14	PI_3	726	2	0	642933	0	
2016-Jan-05 11:43:16	PI_3	727	2	0	642933	0	
2016-Jan-05 11:43:18	PI_3	728	2	2	1405754	0	0,1
2016-Jan-05 11:43:20	PI_3	729	2	0	642933	0	
2016-Jan-05 11:43:22	PI_3	730	2	2	1405754	0	0,1
2016-Jan-05 11:43:24	PI_3	731	2	0	642933	0	
2016-Jan-05 11:43:26	PI_3	732	2	1	997955	0	0
2016-Jan-05 11:43:28	PI_3	733	2	1	997955	0	0
2016-Jan-05 11:43:30	PI_3	734	2	1	997955	0	0
2016-Jan-05 11:43:32	PI_3	735	2	1	997955	0	0
2016-Jan-05 11:43:34	PI_3	736	2	1	997955	0	0
2016-Jan-05 11:43:36	PI_3	737	2	1	997955	0	0
2016-Jan-05 11:43:38	PI_3	738	2	2	1405754	0	0,1
2016-Jan-05 11:43:40	PI_3	739	2	1	997955	0	0
2016-Jan-05 11:43:42	PI_3	740	2	1	997955	0	0
2016-Jan-05 11:43:44	PI_3	741	2	1	997955	0	0
2016-Jan-05 11:43:46	PI_3	742	2	0	642933	0	
2016-Jan-05 11:43:48	PI_3	743	2	1	997955	0	0
2016-Jan-05 11:43:50	PI_3	744	2	1	997955	0	0
2016-Jan-05 11:43:52	PI_3	745	2	0	642933	0	
2016-Jan-05 11:43:54	PI_3	746	2	0	642933	0	
2016-Jan-05 11:43:56	PI_3	747	2	2	1405754	0	0,1
2016-Jan-05 11:43:58	PI_3	748	2	0	642933	0	
2016-Jan-05 11:44:00	PI_3	749	2	0	642933	0	
2016-Jan-05 11:44:02	PI_3	750	2	2	1405754	0	0,1
2016-Jan-05 11:44:04	PI_3	751	2	0	642933	0	
2016-Jan-05 11:44:06	PI_3	752	2	0	642933	0	
2016-Jan-05 11:44:08	PI_3	753	2	2	1405754	0	0,1
2016-Jan-05 11:44:10	PI_3	754	2	0	642933	0	
2016-Jan-05 11:44:12	PI_3	755	2	0	642933	0	
2016-Jan-05 11:44:14	PI_3	756	2	0	642933	0	
2016-Jan-05 11:44:16	PI_3	757	2	0	642933	0	
2016-Jan-05 11:44:18	PI_3	758	2	0	642933	0	
2016-Jan-05 11:44:20	PI_3	759	2	2	1405754	0	0,1
2016-Jan-05 11:44:22	PI_3	760	2	0	642933	0	
2016-Jan-05 11:44:24	PI_3	761	2	0	642933	0	
2016-Jan-05 11:44:26	PI_3	762	2	0	642933	0	
2016-Jan-05 11:44:28	PI_3	763	2	2	1405754	0	0,1
2016-Jan-05 11:44:30	PI_3	764	2	0	642933	0	
2016-Jan-05 11:44:32	PI_3	765	2	0	642933	0	
2016-Jan-05 11:44:34	PI_3	766	2	2	1405754	0	0,1
2016-Jan-05 11:44:36	PI_3	767	2	0	642933	0	
2016-Jan-05 11:44:38	PI_3	768	2	0	642933	0	
2016-Jan-05 11:44:40	PI_3	769	2	0	642933	0	
2016-Jan-05 11:44:42	PI_3	770	2	2	1405754	0	0,1
2016-Jan-05 11:44:44	PI_3	771	2	2	1405754	0	0,1
2016-Jan-05 11:44:46	PI_3	772	2	0	642933	0	
2016-Jan-05 11:44:48	PI_3	773	2	2	1405754	0	0,1
2016-Jan-05 11:44:50	PI_3	774	2	0	642933	0	
2016-Jan-05 11:44:52	PI_3	775	2	0	642933	0	
2016-Jan-05 11:44:54	PI_3	776	2	2	1405754	0	0,1
2016-Jan-05 11:44:56	PI_3	777	2	2	1405754	0	0,1
2016-Jan-05 11:44:58	PI_3	778	2	0	642933	0	
2016-Jan-05 11:45:00	PI_3	779	2	1	997955	0	0
2016-Jan-05 11:45:02	PI_3	780	2	1	997955	0	0
2016-Jan-05 11:45:04	PI_3	781	2	1	997955	0	0
2016-Jan-05 11:45:06	PI_3	782	2	1	997955	0	0
2016-Jan-05 11:45:08	PI_3	783	2	1	997955	0	0
2016-Jan-05 11:45:10	PI_3	784	2	2	1405754	0	0,1
2016-Jan-05 11:45:12	PI_3	785	2	1	997955	0	0
2016-Jan-05 11:45:14	PI_3	786	2	2	1405754	0	0,1
2016-Jan-05 11:45:16	PI_3	787	2	0	642933	0	
2016-Jan-05 11:45:18	PI_3	788	2	2	1405754	0	0,1
2016-Jan-05 11:45:20	PI_3	789	2	0	642933	0	
2016-Jan-05 11:45:22	PI_3	790	2	0	642933	0	
2016-Jan-05 11:45:24	PI_3	791	2	0	642933	0	
2016-Jan-05 11:45:26	PI_3	792	2	0	642933	0	
2016-Jan-05 11:45:28	PI_3	793	2	0	642933	0	
2016-Jan-05 11:45:30	PI_3	794	2	0	642933	0	
2016-Jan-05 11:45:32	PI_3	795	2	0	642933	0	
2016-Jan-05 11:45:34	PI_3	796	2	0	642933	0	
2016-Jan-05 11:45:36	PI_3	797	2	2	1405754	0	0,1
2016-Jan-05 11:45:38	PI_3	798	2	0	642933	0	
2016-Jan-05 11:45:40	PI_3	799	2	0	642933	0	
2016-Jan-05 11:45:42	PI_3	800	2	2	1405754	0	0,1
2016-Jan-05 11:45:44	PI_3	801	2	0	642933	0	
2016-Jan-05 11:45:46	PI_3	802	2	1	997955	0	0
2016-Jan-05 11:45:48	PI_3	803	2	1	997955	0	0
2016-Jan-05 11:45:50	PI_3	804	2	1	997955	0	0
2016-Jan-05 11:45:52	PI_3	805	2	1	997955	0	0
2016-Jan-05 11:45:54	PI_3	806	2	1	997955	0	0
2016-Jan-05 11:45:56	PI_3	807	2	2	1405754	0	0,1
2016-Jan-05 11:45:58	PI_3	808	2	0	642933	0	
2016-Jan-05 11:46:00	PI_3	809	2	0	642933	0	
2016-Jan-05 11:46:02	PI_3	810	2	0	642933	0	
2016-Jan-05 11:46:04	PI_3	811	2	0	642933	0	
2016-Jan-05 11:46:06	PI_3	812	2	2	1405754	0	0,1
2016-Jan-05 11:46:08	PI_3	813	2	0	642933	0	
2016-Jan-05 11:46:10	PI_3	814	2	0	642933	0	
2016-Jan-05 11:46:12	PI_3	815	2	0	642933	0	
2016-Jan-05 11:46:14	PI_3	816	2	2	1405754	0	0,1
2016-Jan-05 11:46:16	PI_3	817	2	0	642933	0	
2016-Jan-05 11:46:18	PI_3	818	2	2	1405754	0	0,1
2016-Jan-05 11:46:20	PI_3	819	2	0	642933	0	
2016-Jan-05 11:46:22	PI_3	820	2	2	1405754	0	0,1
2016-Jan-05 11:46:24	PI_3	821	2	0	642933	0	
2016-Jan-05 11:46:26	PI_3	822	2	2	1405754	0	0,1
2016-Jan-05 11:46:28	PI_3	823	2	0	642933	0	
2016-Jan-05 11:46:30	PI_3	824	2	2	1405754	0	0,1
2016-Jan-05 11:46:32	PI_3	825	2	0	642933	0	
2016-Jan-05 11:46:34	PI_3	826	2	0	642933	0	
2016-Jan-05 11:46:36	PI_3	827	2	2	1405754	0	0,1
2016-Jan-05 11:46:38	PI_3	828	2	0	642933	0	
2016-Jan-05 11:46:40	PI_3	829	2	0	642933	0	
2016-Jan-05 11:46:42	PI_3	830	2	2	1405754	0	0,1
2016-Jan-05 11:46:44	PI_3	831	2	0	642933	0	
2016-Jan-05 11:46:46	PI_3	832	2	0	642933	0	
2016-Jan-05 11:46:48	PI_3	833	2	2	1405754	0	0,1
2016-Jan-05 11:46:50	PI_3	834	2	0	642933	0	
2016-Jan-05 11:46:52	PI_3	835	2	0	642933	0	
2016-Jan-05 11:46:54	PI_3	836	2	2	1405754	0	0,1
2016-Jan-05 11:46:56	PI_3	837	2	0	642933	0	
2016-Jan-05 11:46:58	PI_3	838	2	2	1405754	0	0,1
2016-Jan-05 11:47:00	PI_3	839	2	2	1405754	0	0,1
2016-Jan-05 11:47:02	PI_3	840	2	0	642933	0	
2016-Jan-05 11:47:04	PI_3	841	2	2	1405754	0	0,1
2016-Jan-05 11:47:06	PI_3	842	2	2	1405754	0	0,1
2016-Jan-05 11:47:08	PI_3	843	2	0	642933	0	
2016-Jan-05 11:47:10	PI_3	844	2	2	1405754	0	0,1
2016-Jan-05 11:47:12	PI_3	845	2	2	1405754	0	0,1
2016-Jan-05 11:47:14	PI_3	846	2	2	1405754	0	0,1
2016-Jan-05 11:47:16	PI_3	847	2	1	997955	0	0
2016-Jan-05 11:47:18	PI_3	848	2	1	997955	0	0
2016-Jan-05 11:47:20	PI_3	849	2	1	997955	0	0
2016-Jan-05 11:47:22	PI_3	850	2	1	997955	0	0
2016-Jan-05 11:47:24	PI_3	851	2	1	997955	0	0
2016-Jan-05 11:47:26	PI_3	852	2	1	997955	0	0
2016-Jan-05 11:47:28	PI_3	853	2	1	997955	0	0
2016-Jan-05 11:47:30	PI_3	854	2	1	997955	0	0
2016-Jan-05 11:47:32	PI_3	855	2	2	1405754	0	0,1
2016-Jan-05 11:47:34	PI_3	856	2	1	997955	0	0
2016-Jan-05 11:47:36	PI_3	857	2	1	997955	0	0
2016-Jan-05 11:47:38	PI_3	858	2	0	642933	0	
2016-Jan-05 11:47:40	PI_3	859	2	0	642933	0	
2016-Jan-05 11:47:42	PI_3	860	2	0	642933	0	
2016-Jan-05 11:47:44	PI_3	861	2	0	642933	0	
2016-Jan-05 11:47:46	PI_3	862	2	0	642933	0	
2016-Jan-05 11:47:48	PI_3	863	2	0	642933	0	
2016-Jan-05 11:47:50	PI_3	864	2	0	642933	0	
2016-Jan-05 11:47:52	PI_3	865	2	0	642933	0	
2016-Jan-05 11:47:54	PI_3	866	2	0	642933	0	
2016-Jan-05 11:47:56	PI_3	867	2	2	1405754	0	0,1
2016-Jan-05 11:47:58	PI_3	868	2	2	1405754	0	0,1
2016-Jan-05 11:48:00	PI_3	869	2	0	642933	0	
2016-Jan-05 11:48:02	PI_3	870	2	2	1405754	0	0,1
2016-Jan-05 11:48:04	PI_3	871	2	0	642933	0	
2016-Jan-05 11:48:06	PI_3	872	2	1	997955	0	0
2016-Jan-05 11:48:08	PI_3	873	2	1	997955	0	0
2016-Jan-05 11:48:10	PI_3	874	2	1	997955	0	0
2016-Jan-05 11:48:12	PI_3	875	2	1	997955	0	0
2016-Jan-05 11:48:14	PI_3	876	2	1	997955	0	0
2016-Jan-05 11:48:16	PI_3	877	2	1	997955	0	0
2016-Jan-05 11:48:18	PI_3	878	2	0	642933	0	
2016-Jan-05 11:48:20	PI_3	879	2	1	997955	0	0
2016-Jan-05 11:48:22	PI_3	880	2	1	997955	0	0
2016-Jan-05 11:48:24	PI_3	881	2	0	642933	0	
2016-Jan-05 11:48:26	PI_3	882	2	1	997955	0	0
2016-Jan-05 11:48:28	PI_3	883	2	1	997955	0	0
2016-Jan-05 11:48:30	PI_3	884	2	1	997955	0	0
2016-Jan-05 11:48:32	PI_3	885	2	1	997955	0	0
2016-Jan-05 11:48:34	PI_3	886	2	1	997955	0	0
2016-Jan-05 11:48:36	PI_3	887	2	2	1405754	0	0,1
2016-Jan-05 11:48:38	PI_3	888	2	2	1405754	0	0,1
2016-Jan-05 11:48:40	PI_3	889	2	0	642933	0	
2016-Jan-05 11:48:42	PI_3	890	2	0	642933	0	
2016-Jan-05 11:48:44	PI_3	891	2	0	642933	0	
2016-Jan-05 11:48:46	PI_3	892	2	0	642933	0	
2016-Jan-05 11:48:48	PI_3	893	2	2	1405754	0	0,1
2016-Jan-05 11:48:50	PI_3	894	2	0	642933	0	
2016-Jan-05 11:48:52	PI_3	895	2	0	642933	0	
2016-Jan-05 11:48:54	PI_3	896	2	2	1405754	0	0,1
2016-Jan-05 11:48:56	PI_3	897	2	0	642933	0	
2016-Jan-05 11:48:58	PI_3	898	2	2	1405754	0	0,1
2016-Jan-05 11:49:00	PI_3	899	2	0	642933	0	
2016-Jan-05 11:49:02	PI_3	900	2	0	642933	0	
2016-Jan-05 11:49:04	PI_3	901	2	0	642933	0	
2016-Jan-05 11:49:06	PI_3	902	2	0	642933	0	
2016-Jan-05 11:49:08	PI_3	903	2	2	1405754	0	0,1
2016-Jan-05 11:49:10	PI_3	904	2	0	642933	0	
2016-Jan-05 11:49:12	PI_3	905	2	0	642933	0	
2016-Jan-05 11:49:14	PI_3	906	2	0	642933	0	
2016-Jan-05 11:49:16	PI_3	907	2	2	1405754	0	0,1
2016-Jan-05 11:49:18	PI_3	908	2	1	997955	0	0
2016-Jan-05 11:49:20	PI_3	909	2	2	1405754	0	0,1
2016-Jan-05 11:49:22	PI_3	910	2	1	997955	0	0
2016-Jan-05 11:49:24	PI_3	911	2	1	997955	0	0
2016-Jan-05 11:49:26	PI_3	912	2	2	1405754	0	0,1
2016-Jan-05 11:49:28	PI_3	913	2	0	642933	0	
2016-Jan-05 11:49:30	PI_3	914	2	2	1405754	0	0,1
2016-Jan-05 11:49:32	PI_3	915	2	0	642933	0	
2016-Jan-05 11:49:34	PI_3	916	2	0	642933	0	
2016-Jan-05 11:49:36	PI_3	917	2	0	642933	0	
2016-Jan-05 11:49:38	PI_3	918	2	0	642933	0	
2016-Jan-05 11:49:40	PI_3	919	2	0	642933	0	
2016-Jan-05 11:49:42	PI_3	920	2	1	997955	0	0
2016-Jan-05 11:49:44	PI_3	921	2	1	997955	0	0
2016-Jan-05 11:49:46	PI_3	922	2	1	997955	0	0
2016-Jan-05 11:49:48	PI_3	923	2	1	997955	0	0
2016-Jan-05 11:49:50	PI_3	924	2	1	997955	0	0
2016-Jan-05 11:49:52	PI_3	925	2	1	997955	0	0
2016-Jan-05 11:49:54	PI_3	926	2	1	997955	0	0
2016-Jan-05 11:49:56	PI_3	927	2	1	997955	0	0
2016-Jan-05 11:49:58	PI_3	928	2	0	642933	0	
2016-Jan-05 11:50:00	PI_3	929	2	0	642933	0	
2016-Jan-05 11:50:02	PI_3	930	2	2	1405754	0	0,1
2016-Jan-05 11:50:04	PI_3	931	2	0	642933	0	
2016-Jan-05 11:50:06	PI_3	932	2	0	642933	0	
2016-Jan-05 11:50:08	PI_3	933	2	0	642933	0	
2016-Jan-05 11:50:10	PI_3	934	2	2	1405754	0	0,1
2016-Jan-05 11:50:12	PI_3	935	2	0	642933	0	
2016-Jan-05 11:50:14	PI_3	936	2	0	642933	0	
2016-Jan-05 11:50:16	PI_3	937	2	0	642933	0	
2016-Jan-05 11:50:18	PI_3	938	2	0	642933	0	
2016-Jan-05 11:50:20	PI_3	939	2	0	642933	0	
2016-Jan-05 11:50:22	PI_3	940	2	0	642933	0	
2016-Jan-05 11:50:24	PI_3	941	2	0	642933	0	
2016-Jan-05 11:50:26	PI_3	942	2	0	642933	0	
2016-Jan-05 11:50:28	PI_3	943	2	0	642933	0	
2016-Jan-05 11:50:30	PI_3	944	2	0	642933	0	
2016-Jan-05 11:50:32	PI_3	945	2	0	642933	0	
2016-Jan-05 11:50:34	PI_3	946	2	0	642933	0	
2016-Jan-05 11:50:36	PI_3	947	2	0	642933	0	
2016-Jan-05 11:50:38	PI_3	948	2	0	642933	0	
2016-Jan-05 11:50:40	PI_3	949	2	0	642933	0	
2016-Jan-05 11:50:42	PI_3	950	2	0	642933	0	
2016-Jan-05 11:50:44	PI_3	951	2	0	642933	0	
2016-Jan-05 11:50:46	PI_3	952	2	0	642933	0	
2016-Jan-05 11:50:48	PI_3	953	2	0	642933	0	
2016-Jan-05 11:50:50	PI_3	954	2	2	1405754	0	0,1
2016-Jan-05 11:50:52	PI_3	955	2	0	642933	0	
2016-Jan-05 11:50:54	PI_3	956	2	0	642933	0	
2016-Jan-05 11:50:56	PI_3	957	2	0	642933	0	
2016-Jan-05 11:50:58	PI_3	958	2	2	1405754	0	0,1
2016-Jan-05 11:51:00	PI_3	959	2	0	642933	0	
2016-Jan-05 11:51:02	PI_3	960	2	0	642933	0	
2016-Jan-05 11:51:04	PI_3	961	2	2	1405754	0	0,1
2016-Jan-05 11:51:06	PI_3	962	2	0	642933	0	
2016-Jan-05 11:51:08	PI_3	963	2	2	1405754	0	0,1
2016-Jan-05 11:51:10	PI_3	964	2	0	642933	0	
2016-Jan-05 11:51:12	PI_3	965	2	2	1405754	0	0,1
2016-Jan-05 11:51:14	PI_3	966	2	0	642933	0	
2016-Jan-05 11:51:16	PI_3	967	2	0	642933	0	
2016-Jan-05 11:51:18	PI_3	968	2	2	1405754	0	0,1
2016-Jan-05 11:51:20	PI_3	969	2	0	642933	0	
2016-Jan-05 11:51:22	PI_3	970	2	2	1405754	0	0,1
2016-Jan-05 11:51:24	PI_3	971	2	0	642933	0	
2016-Jan-05 11:51:26	PI_3	972	2	1	997955	0	0
2016-Jan-05 11:51:28	PI_3	973	2	2	1405754	0	0,1
2016-Jan-05 11:51:30	PI_3	974	2	1	997955	0	0
2016-Jan-05 11:51:32	PI_3	975	2	2	1405754	0	0,1
2016-Jan-05 11:51:34	PI_3	976	2	1	997955	0	0
2016-Jan-05 11:51:36	PI_3	977	2	1	997955	0	0
2016-Jan-05 11:51:38	PI_3	978	2	1	997955	0	0
2016-Jan-05 11:51:40	PI_3	979	2	2	1405754	0	0,1
2016-Jan-05 11:51:42	PI_3	980	2	2	1405754	0	0,1
2016-Jan-05 11:51:44	PI_3	981	2	1	997955	0	0
2016-Jan-05 11:51:46	PI_3	982	2	1	997955	0	0
2016-Jan-05 11:51:48	PI_3	983	2	1	997955	0	0
2016-Jan-05 11:51:50	PI_3	984	2	1	997955	0	0
2016-Jan-05 11:51:52	PI_3	985	2	1	997955	0	0
2016-Jan-05 11:51:54	PI_3	986	2	1	997955	0	0
2016-Jan-05 11:51:56	PI_3	987	2	1	997955	0	0
2016-Jan-05 11:51:58	PI_3	988	2	1	997955	0	0
2016-Jan-05 11:52:00	PI_3	989	2	1	997955	0	0
2016-Jan-05 11:52:02	PI_3	990	2	1	997955	0	0
2016-Jan-05 11:52:04	PI_3	991	2	1	997955	0	0
2016-Jan-05 11:52:06	PI_3	992	2	1	997955	0	0
2016-Jan-05 11:52:08	PI_3	993	2	1	997955	0	0
2016-Jan-05 11:52:10	PI_3	994	2	1	997955	0	0
2016-Jan-05 11:52:12	PI_3	995	2	1	997955	0	0
2016-Jan-05 11:52:14	PI_3	996	2	1	997955	0	0
2016-Jan-05 11:52:16	PI_3	997	2	1	997955	0	0
2016-Jan-05 11:52:18	PI_3	998	2	1	997955	0	0
2016-Jan-05 11:52:20	PI_3	999	2	1	997955	0	0
2016-Jan-05 11:52:22	PI_3	1000	2	1	997955	0	0
2016-Jan-05 11:52:24	PI_3	1001	2	1	997955	0	0
2016-Jan-05 11:52:26	PI_3	1002	2	1	997955	0	0
2016-Jan-05 11:52:28	PI_3	1003	2	1	997955	0	0
2016-Jan-05 11:52:30	PI_3	1004	2	1	997955	0	0
2016-Jan-05 11:52:32	PI_3	1005	2	1	997955	0	0
2016-Jan-05 11:52:34	PI_3	1006	2	1	997955	0	0
2016-Jan-05 11:52:36	PI_3	1007	2	0	642933	0	
2016-Jan-05 11:52:38	PI_3	1008	2	1	997955	0	0
2016-Jan-05 11:52:40	PI_3	1009	2	1	997955	0	0
2016-Jan-05 11:52:42	PI_3	1010	2	1	997955	0	0
2016-Jan-05 11:52:44	PI_3	1011	2	1	997955	0	0
2016-Jan-05 11:52:46	PI_3	1012	2	1	997955	0	0
2016-Jan-05 11:52:48	PI_3	1013	2	1	997955	0	0
2016-Jan-05 11:52:50	PI_3	1014	2	2	1405754	0	0,1
2016-Jan-05 11:52:52	PI_3	1015	2	0	642933	0	
2016-Jan-05 11:52:54	PI_3	1016	2	0	642933	0	
2016-Jan-05 11:52:56	PI_3	1017	2	0	642933	0	
2016-Jan-05 11:52:58	PI_3	1018	2	0	642933	0	
2016-Jan-05 11:53:00	PI_3	1019	2	0	642933	0	
2016-Jan-05 11:53:02	PI_3	1020	2	0	642933	0	
2016-Jan-05 11:53:04	PI_3	1021	2	0	642933	0	
2016-Jan-05 11:53:06	PI_3	1022	2	0	642933	0	
2016-Jan-05 11:53:08	PI_3	1023	2	0	642933	0	
2016-Jan-05 11:53:10	PI_3	1024	2	0	642933	0	
2016-Jan-05 11:53:12	PI_3	1025	2	0	642933	0	
2016-Jan-05 11:53:14	PI_3	1026	2	2	1405754	0	0,1
2016-Jan-05 11:53:16	PI_3	1027	2	1	997955	0	0
2016-Jan-05 11:53:18	PI_3	1028	2	1	997955	0	0
2016-Jan-05 11:53:20	PI_3	1029	2	1	997955	0	0
2016-Jan-05 11:53:22	PI_3	1030	2	1	997955	0	0
2016-Jan-05 11:53:24	PI_3	1031	2	1	997955	0	0
2016-Jan-05 11:53:26	PI_3	1032	2	1	997955	0	0
2016-Jan-05 11:53:28	PI_3	1033	2	1	997955	0	0
2016-Jan-05 11:53:30	PI_3	1034	2	1	997955	0	0
2016-Jan-05 11:53:32	PI_3	1035	2	1	997955	0	0
2016-Jan-05 11:53:34	PI_3	1036	2	1	997955	0	0
2016-Jan-05 11:53:36	PI_3	1037	2	1	997955	0	0
2016-Jan-05 11:53:38	PI_3	1038	2	1	997955	0	0
2016-Jan-05 11:53:40	PI_3	1039	2	0	642933	0	
2016-Jan-05 11:53:42	PI_3	1040	2	0	642933	0	
2016-Jan-05 11:53:44	PI_3	1041	2	0	642933	0	
2016-Jan-05 11:53:46	PI_3	1042	2	0	642933	0	
2016-Jan-05 11:53:48	PI_3	1043	2	0	642933	0	
2016-Jan-05 11:53:50	PI_3	1044	2	1	997955	0	0
2016-Jan-05 11:53:52	PI_3	1045	2	0	642933	0	
2016-Jan-05 11:53:54	PI_3	1046	2	0	642933	0	
2016-Jan-05 11:53:56	PI_3	1047	2	0	642933	0	
2016-Jan-05 11:53:58	PI_3	1048	2	0	642933	0	
2016-Jan-05 11:54:00	PI_3	1049	2	0	642933	0	
2016-Jan-05 11:54:02	PI_3	1050	2	1	997955	0	0
2016-Jan-05 11:54:04	PI_3	1051	2	0	642933	0	
2016-Jan-05 11:54:06	PI_3	1052	2	1	997955	0	0
2016-Jan-05 11:54:08	PI_3	1053	2	0	642933	0	
2016-Jan-05 11:54:10	PI_3	1054	2	1	997955	0	0
2016-Jan-05 11:54:12	PI_3	1055	2	1	997955	0	0
2016-Jan-05 11:54:14	PI_3	1056	2	2	1405754	0	0,1
2016-Jan-05 11:54:16	PI_3	1057	2	2	1405754	0	0,1
2016-Jan-05 11:54:18	PI_3	1058	2	2	1405754	0	0,1
2016-Jan-05 11:54:20	PI_3	1059	2	2	1405754	0	0,1
2016-Jan-05 11:54:22	PI_3	1060	2	1	997955	0	0
2016-Jan-05 11:54:24	PI_3	1061	2	1	997955	0	0
2016-Jan-05 11:54:26	PI_3	1062	2	2	1405754	0	0,1
2016-Jan-05 11:54:28	PI_3	1063	2	2	1405754	0	0,1
2016-Jan-05 11:54:30	PI_3	1064	2	2	1405754	0	0,1
2016-Jan-05 11:54:32	PI_3	1065	2	2	1405754	0	0,1
2016-Jan-05 11:54:34	PI_3	1066	2	1	997955	0	0
2016-Jan-05 11:54:36	PI_3	1067	2	1	997955	0	0
2016-Jan-05 11:54:38	PI_3	1068	2	1	997955	0	0
2016-Jan-05 11:54:40	PI_3	1069	2	1	997955	0	0
2016-Jan-05 11:54:42	PI_3	1070	2	1	997955	0	0
2016-Jan-05 11:54:44	PI_3	1071	2	1	997955	0	0
2016-Jan-05 11:54:46	PI_3	1072	2	1	997955	0	0
2016-Jan-05 11:54:48	PI_3	1073	2	1	997955	0	0
2016-Jan-05 11:54:50	PI_3	1074	2	1	997955	0	0
2016-Jan-05 11:54:52	PI_3	1075	2	2	1405754	0	0,1
2016-Jan-05 11:54:54	PI_3	1076	2	1	997955	0	0
2016-Jan-05 11:54:56	PI_3	1077	2	2	1405754	0	0,1
2016-Jan-05 11:54:58	PI_3	1078	2	2	1405754	0	0,1
2016-Jan-05 11:55:00	PI_3	1079	2	2	1405754	0	0,1
2016-Jan-05 11:55:02	PI_3	1080	2	2	1405754	0	0,1
2016-Jan-05 11:55:04	PI_3	1081	2	2	1405754	0	0,1
2016-Jan-05 11:55:06	PI_3	1082	2	0	642933	0	
2016-Jan-05 11:55:08	PI_3	1083	2	0	642933	0	
2016-Jan-05 11:55:10	PI_3	1084	2	0	642933	0	
2016-Jan-05 11:55:12	PI_3	1085	2	0	642933	0	
2016-Jan-05 11:55:14	PI_3	1086	2	0	642933	0	
2016-Jan-05 11:55:16	PI_3	1087	2	0	642933	0	
2016-Jan-05 11:55:18	PI_3	1088	2	2	1405754	0	0,1
2016-Jan-05 11:55:20	PI_3	1089	2	0	642933	0	
2016-Jan-05 11:55:22	PI_3	1090	2	0	642933	0	
2016-Jan-05 11:55:24	PI_3	1091	2	0	642933	0	
2016-Jan-05 11:55:26	PI_3	1092	2	0	642933	0	
2016-Jan-05 11:55:28	PI_3	1093	2	2	1405754	0	0,1
2016-Jan-05 11:55:30	PI_3	1094	2	0	642933	0	
2016-Jan-05 11:55:32	PI_3	1095	2	0	642933	0	
2016-Jan-05 11:55:34	PI_3	1096	2	0	642933	0	
2016-Jan-05 11:55:36	PI_3	1097	2	2	1405754	0	0,1
2016-Jan-05 11:55:38	PI_3	1098	2	0	642933	0	
2016-Jan-05 11:55:40	PI_3	1099	2	0	642933	0	
2016-Jan-05 11:55:42	PI_3	1100	2	0	642933	0	
2016-Jan-05 11:55:44	PI_3	1101	2	2	1405754	0	0,1
2016-Jan-05 11:55:46	PI_3	1102	2	0	642933	0	
2016-Jan-05 11:55:48	PI_3	1103	2	0	642933	0	
2016-Jan-05 11:55:50	PI_3	1104	2	1	997955	0	0
2016-Jan-05 11:55:52	PI_3	1105	2	1	997955	0	0
2016-Jan-05 11:55:54	PI_3	1106	2	1	997955	0	0
2016-Jan-05 11:55:56	PI_3	1107	2	1	997955	0	0
2016-Jan-05 11:55:58	PI_3	1108	2	1	997955	0	0
2016-Jan-05 11:56:00	PI_3	1109	2	0	642933	0	
2016-Jan-05 11:56:02	PI_3	1110	2	1	997955	0	0
2016-Jan-05 11:56:04	PI_3	1111	2	1	997955	0	0
2016-Jan-05 11:56:06	PI_3	1112	2	1	997955	0	0
2016-Jan-05 11:56:08	PI_3	1113	2	2	1405754	0	0,1
2016-Jan-05 11:56:10	PI_3	1114	2	0	642933	0	
2016-Jan-05 11:56:12	PI_3	1115	2	2	1405754	0	0,1
2016-Jan-05 11:56:14	PI_3	1116	2	0	642933	0	
2016-Jan-05 11:56:16	PI_3	1117	2	0	642933	0	
2016-Jan-05 11:56:18	PI_3	1118	2	2	1405754	0	0,1
2016-Jan-05 11:56:20	PI_3	1119	2	0	642933	0	
2016-Jan-05 11:56:22	PI_3	1120	2	0	642933	0	
2016-Jan-05 11:56:24	PI_3	1121	2	0	642933	0	
2016-Jan-05 11:56:26	PI_3	1122	2	1	997955	0	0
2016-Jan-05 11:56:28	PI_3	1123	2	0	642933	0	
2016-Jan-05 11:56:30	PI_3	1124	2	0	642933	0	
2016-Jan-05 11:56:32	PI_3	1125	2	0	642933	0	
2016-Jan-05 11:56:34	PI_3	1126	2	0	642933	0	
2016-Jan-05 11:56:36	PI_3	1127	2	0	642933	0	
2016-Jan-05 11:56:38	PI_3	1128	2	0	642933	0	
2016-Jan-05 11:56:40	PI_3	1129	2	0	642933	0	
2016-Jan-05 11:56:42	PI_3	1130	2	0	642933	0	
2016-Jan-05 11:56:44	PI_3	1131	2	0	642933	0	
2016-Jan-05 11:56:46	PI_3	1132	2	0	642933	0	
2016-Jan-05 11:56:48	PI_3	1133	2	0	642933	0	
2016-Jan-05 11:56:50	PI_3	1134	2	2	1405754	0	0,1
2016-Jan-05 11:56:52	PI_3	1135	2	0	642933	0	
2016-Jan-05 11:56:54	PI_3	1136	2	2	1405754	0	0,1
2016-Jan-05 11:56:56	PI_3	1137	2	0	642933	0	
2016-Jan-05 11:56:58	PI_3	1138	2	0	642933	0	
2016-Jan-05 11:57:00	PI_3	1139	2	2	1405754	0	0,1
2016-Jan-05 11:57:02	PI_3	1140	2	0	642933	0	
2016-Jan-05 11:57:04	PI_3	1141	2	0	642933	0	
2016-Jan-05 11:57:06	PI_3	1142	2	2	1405754	0	0,1
2016-Jan-05 11:57:08	PI_3	1143	2	2	1405754	0	0,1
2016-Jan-05 11:57:10	PI_3	1144	2	0	642933	0	
2016-Jan-05 11:57:12	PI_3	1145	2	2	1405754	0	0,1
2016-Jan-05 11:57:14	PI_3	1146	2	1	997955	0	0
2016-Jan-05 11:57:16	PI_3	1147	2	1	997955	0	0
2016-Jan-05 11:57:18	PI_3	1148	2	1	997955	0	0
2016-Jan-05 11:57:20	PI_3	1149	2	1	997955	0	0
2016-Jan-05 11:57:22	PI_3	1150	2	2	1405754	0	0,1
2016-Jan-05 11:57:24	PI_3	1151	2	0	642933	0	
2016-Jan-05 11:57:26	PI_3	1152	2	0	642933	0	
2016-Jan-05 11:57:28	PI_3	1153	2	1	997955	0	0
2016-Jan-05 11:57:30	PI_3	1154	2	2	1405754	0	0,1
2016-Jan-05 11:57:32	PI_3	1155	2	0	642933	0	
2016-Jan-05 11:57:34	PI_3	1156	2	0	642933	0	
2016-Jan-05 11:57:36	PI_3	1157	2	0	642933	0	
2016-Jan-05 11:57:38	PI_3	1158	2	0	642933	0	
2016-Jan-05 11:57:40	PI_3	1159	2	0	642933	0	
2016-Jan-05 11:57:42	PI_3	1160	2	0	642933	0	
2016-Jan-05 11:57:44	PI_3	1161	2	0	642933	0	
2016-Jan-05 11:57:46	PI_3	1162	2	2	1405754	0	0,1
2016-Jan-05 11:57:48	PI_3	1163	2	0	642933	0	
2016-Jan-05 11:57:50	PI_3	1164	2	0	642933	0	
2016-Jan-05 11:57:52	PI_3	1165	2	0	642933	0	
2016-Jan-05 11:57:54	PI_3	1166	2	0	642933	0	
2016-Jan-05 11:57:56	PI_3	1167	2	0	642933	0	
2016-Jan-05 11:57:58	PI_3	1168	2	0	642933	0	
2016-Jan-05 11:58:00	PI_3	1169	2	0	642933	0	
2016-Jan-05 11:58:02	PI_3	1170	2	0	642933	0	
2016-Jan-05 11:58:04	PI_3	1171	2	0	642933	0	
2016-Jan-05 11:58:06	PI_3	1172	2	0	642933	0	
2016-Jan-05 11:58:08	PI_3	1173	2	0	642933	0	
2016-Jan-05 11:58:10	PI_3	1174	2	0	642933	0	
2016-Jan-05 11:58:12	PI_3	1175	2	0	642933	0	
2016-Jan-05 11:58:14	PI_3	1176	2	0	642933	0	
2016-Jan-05 11:58:16	PI_3	1177	2	0	642933	0	
2016-Jan-05 11:58:18	PI_3	1178	2	0	642933	0	
2016-Jan-05 11:58:20	PI_3	1179	2	0	642933	0	
2016-Jan-05 11:58:22	PI_3	1180	2	0	642933	0	
2016-Jan-05 11:58:24	PI_3	1181	2	0	642933	0	
2016-Jan-05 11:58:26	PI_3	1182	2	2	1405754	0	0,1
2016-Jan-05 11:58:28	PI_3	1183	2	0	642933	0	
2016-Jan-05 11:58:30	PI_3	1184	2	1	997955	0	0
2016-Jan-05 11:58:32	PI_3	1185	2	0	642933	0	
2016-Jan-05 11:58:34	PI_3	1186	2	2	1405754	0	0,1
2016-Jan-05 11:58:36	PI_3	1187	2	0	642933	0	
2016-Jan-05 11:58:38	PI_3	1188	2	0	642933	0	
2016-Jan-05 11:58:40	PI_3	1189	2	1	997955	0	0
2016-Jan-05 11:58:42	PI_3	1190	2	2	1405754	0	0,1
2016-Jan-05 11:58:44	PI_3	1191	2	0	642933	0	
2016-Jan-05 11:58:46	PI_3	1192	2	0	642933	0	
2016-Jan-05 11:58:48	PI_3	1193	2	0	642933	0	
2016-Jan-05 11:58:50	PI_3	1194	2	2	1405754	0	0,1
2016-Jan-05 11:58:52	PI_3	1195	2	0	642933	0	
2016-Jan-05 11:58:54	PI_3	1196	2	0	642933	0	
2016-Jan-05 11:58:56	PI_3	1197	2	0	642933	0	
2016-Jan-05 11:58:58	PI_3	1198	2	0	642933	0	
2016-Jan-05 11:59:00	PI_3	1199	2	0	642933	0	
2016-Jan-05 11:59:02	PI_3	1200	2	0	642933	0	
2016-Jan-05 11:59:04	PI_3	1201	2	0	642933	0	
2016-Jan-05 11:59:06	PI_3	1202	2	2	1405754	0	0,1
2016-Jan-05 11:59:08	PI_3	1203	2	0	642933	0	
2016-Jan-05 11:59:10	PI_3	1204	2	2	1405754	0	0,1
2016-Jan-05 11:59:12	PI_3	1205	2	0	642933	0	
2016-Jan-05 11:59:14	PI_3	1206	2	2	1405754	0	0,1
2016-Jan-05 11:59:16	PI_3	1207	2	2	1405754	0	0,1
2016-Jan-05 11:59:18	PI_3	1208	2	1	997955	0	0
2016-Jan-05 11:59:20	PI_3	1209	2	2	1405754	0	0,1
2016-Jan-05 11:59:22	PI_3	1210	2	2	1405754	0	0,1
2016-Jan-05 11:59:24	PI_3	1211	2	0	642933	0	
2016-Jan-05 11:59:26	PI_3	1212	2	2	1405754	0	0,1
2016-Jan-05 11:59:28	PI_3	1213	2	0	642933	0	
2016-Jan-05 11:59:30	PI_3	1214	2	2	1405754	0	0,1
2016-Jan-05 11:59:32	PI_3	1215	2	0	642933	0	
2016-Jan-05 11:59:34	PI_3	1216	2	2	1405754	0	0,1
2016-Jan-05 11:59:36	PI_3	1217	2	0	642933	0	
2016-Jan-05 11:59:38	PI_3	1218	2	0	642933	0	
2016-Jan-05 11:59:40	PI_3	1219	2	2	1405754	0	0,1
2016-Jan-05 11:59:42	PI_3	1220	2	2	1405754	0	0,1
2016-Jan-05 11:59:44	PI_3	1221	2	0	642933	0	
2016-Jan-05 11:59:46	PI_3	1222	2	0	642933	0	
2016-Jan-05 11:59:48	PI_3	1223	2	2	1405754	0	0,1
2016-Jan-05 11:59:50	PI_3	1224	2	0	642933	0	
2016-Jan-05 11:59:52	PI_3	1225	2	0	642933	0	
2016-Jan-05 11:59:54	PI_3	1226	2	0	642933	0	
2016-Jan-05 11:59:56	PI_3	1227	2	2	1405754	0	0,1
2016-Jan-05 11:59:58	PI_3	1228	2	0	642933	0	
2016-Jan-05 12:00:00	PI_3	1229	2	0	642933	0	
2016-Jan-05 12:00:02	PI_3	1230	2	2	1405754	0	0,1
2016-Jan-05 12:00:04	PI_3	1231	2	0	642933	0	
2016-Jan-05 12:00:06	PI_3	1232	2	0	642933	0	
2016-Jan-05 12:00:08	PI_3	1233	2	2	1405754	0	0,1
2016-Jan-05 12:00:10	PI_3	1234	2	0	642933	0	
2016-Jan-05 12:00:12	PI_3	1235	2	0	642933	0	
2016-Jan-05 12:00:14	PI_3	1236	2	0	642933	0	
2016-Jan-05 12:00:16	PI_3	1237	2	2	1405754	0	0,1
2016-Jan-05 12:00:18	PI_3	1238	2	0	642933	0	
2016-Jan-05 12:00:20	PI_3	1239	2	0	642933	0	
2016-Jan-05 12:00:22	PI_3	1240	2	2	1405754	0	0,1
2016-Jan-05 12:00:24	PI_3	1241	2	2	1405754	0	0,1
2016-Jan-05 12:00:26	PI_3	1242	2	0	642933	0	
2016-Jan-05 12:00:28	PI_3	1243	2	2	1405754	0	0,1
2016-Jan-05 12:00:30	PI_3	1244	2	0	642933	0	
2016-Jan-05 12:00:32	PI_3	1245	2	2	1405754	0	0,1
2016-Jan-05 12:00:34	PI_3	1246	2	0	642933	0	
2016-Jan-05 12:00:36	PI_3	1247	2	2	1405754	0	0,1
2016-Jan-05 12:00:38	PI_3	1248	2	0	642933	0	
2016-Jan-05 12:00:40	PI_3	1249	2	2	1405754	0	0,1
2016-Jan-05 12:00:42	PI_3	1250	2	0	642933	0	
2016-Jan-05 12:00:44	PI_3	1251	2	0	642933	0	
2016-Jan-05 12:00:46	PI_3	1252	2	2	1405754	0	0,1
2016-Jan-05 12:00:48	PI_3	1253	2	0	642933	0	
2016-Jan-05 12:00:50	PI_3	1254	2	2	1405754	0	0,1
2016-Jan-05 12:00:52	PI_3	1255	2	0	642933	0	
2016-Jan-05 12:00:54	PI_3	1256	2	2	1405754	0	0,1
2016-Jan-05 12:00:56	PI_3	1257	2	0	642933	0	
2016-Jan-05 12:00:58	PI_3	1258	2	2	1405754	0	0,1
2016-Jan-05 12:01:00	PI_3	1259	2	0	642933	0	
2016-Jan-05 12:01:02	PI_3	1260	2	0	642933	0	
2016-Jan-05 12:01:04	PI_3	1261	2	2	1405754	0	0,1
2016-Jan-05 12:01:06	PI_3	1262	2	0	642933	0	
2016-Jan-05 12:01:08	PI_3	1263	2	0	642933	0	
2016-Jan-05 12:01:10	PI_3	1264	2	0	642933	0	
2016-Jan-05 12:01:12	PI_3	1265	2	0	642933	0	
2016-Jan-05 12:01:14	PI_3	1266	2	0	642933	0	
2016-Jan-05 12:01:16	PI_3	1267	2	0	642933	0	
2016-Jan-05 12:01:18	PI_3	1268	2	0	642933	0	
2016-Jan-05 12:01:20	PI_3	1269	2	0	642933	0	
2016-Jan-05 12:01:22	PI_3	1270	2	0	642933	0	
2016-Jan-05 12:01:24	PI_3	1271	2	2	1405754	0	0,1
2016-Jan-05 12:01:26	PI_3	1272	2	0	642933	0	
2016-Jan-05 12:01:28	PI_3	1273	2	0	642933	0	
2016-Jan-05 12:01:30	PI_3	1274	2	0	642933	0	
2016-Jan-05 12:01:32	PI_3	1275	2	0	642933	0	
2016-Jan-05 12:01:34	PI_3	1276	2	2	1405754	0	0,1
2016-Jan-05 12:01:36	PI_3	1277	2	0	642933	0	
2016-Jan-05 12:01:38	PI_3	1278	2	0	642933	0	
2016-Jan-05 12:01:40	PI_3	1279	2	0	642933	0	
2016-Jan-05 12:01:42	PI_3	1280	2	0	642933	0	
2016-Jan-05 12:01:44	PI_3	1281	2	0	642933	0	
2016-Jan-05 12:01:46	PI_3	1282	2	2	1405754	0	0,1
2016-Jan-05 12:01:48	PI_3	1283	2	0	642933	0	
2016-Jan-05 12:01:50	PI_3	1284	2	0	642933	0	
2016-Jan-05 12:01:52	PI_3	1285	2	0	642933	0	
2016-Jan-05 12:01:54	PI_3	1286	2	2	1405754	0	0,1
2016-Jan-05 12:01:56	PI_3	1287	2	0	642933	0	
2016-Jan-05 12:01:58	PI_3	1288	2	2	1405754	0	0,1
2016-Jan-05 12:02:00	PI_3	1289	2	0	642933	0	
2016-Jan-05 12:02:02	PI_3	1290	2	1	997955	0	0
2016-Jan-05 12:02:04	PI_3	1291	2	2	1405754	0	0,1
2016-Jan-05 12:02:06	PI_3	1292	2	1	997955	0	0
2016-Jan-05 12:02:08	PI_3	1293	2	1	997955	0	0
2016-Jan-05 12:02:10	PI_3	1294	2	1	997955	0	0
2016-Jan-05 12:02:12	PI_3	1295	2	1	997955	0	0
2016-Jan-05 12:02:14	PI_3	1296	2	1	997955	0	0
2016-Jan-05 12:02:16	PI_3	1297	2	2	1405754	0	0,1
2016-Jan-05 12:02:18	PI_3	1298	2	2	1405754	0	0,1
2016-Jan-05 12:02:20	PI_3	1299	2	0	642933	0	
2016-Jan-05 12:02:22	PI_3	1300	2	0	642933	0	
2016-Jan-05 12:02:24	PI_3	1301	2	2	1405754	0	0,1
2016-Jan-05 12:02:26	PI_3	1302	2	0	642933	0	
2016-Jan-05 12:02:28	PI_3	1303	2	0	642933	0	
2016-Jan-05 12:02:30	PI_3	1304	2	0	642933	0	
2016-Jan-05 12:02:32	PI_3	1305	2	0	642933	0	
2016-Jan-05 12:02:34	PI_3	1306	2	2	1405754	0	0,1
2016-Jan-05 12:02:36	PI_3	1307	2	0	642933	0	
2016-Jan-05 12:02:38	PI_3	1308	2	0	642933	0	
2016-Jan-05 12:02:40	PI_3	1309	2	0	642933	0	
2016-Jan-05 12:02:42	PI_3	1310	2	0	642933	0	
2016-Jan-05 12:02:44	PI_3	1311	2	0	642933	0	
2016-Jan-05 12:02:46	PI_3	1312	2	0	642933	0	
2016-Jan-05 12:02:48	PI_3	1313	2	0	642933	0	
2016-Jan-05 12:02:50	PI_3	1314	2	2	1405754	0	0,1
2016-Jan-05 12:02:52	PI_3	1315	2	0	642933	0	
2016-Jan-05 12:02:54	PI_3	1316	2	0	642933	0	
2016-Jan-05 12:02:56	PI_3	1317	2	0	642933	0	
2016-Jan-05 12:02:58	PI_3	1318	2	0	642933	0	
2016-Jan-05 12:03:00	PI_3	1319	2	0	642933	0	
2016-Jan-05 12:03:02	PI_3	1320	2	2	1405754	0	0,1
2016-Jan-05 12:03:04	PI_3	1321	2	0	642933	0	
2016-Jan-05 12:03:06	PI_3	1322	2	0	642933	0	
2016-Jan-05 12:03:08	PI_3	1323	2	2	1405754	0	0,1
2016-Jan-05 12:03:10	PI_3	1324	2	0	642933	0	
2016-Jan-05 12:03:12	PI_3	1325	2	2	1405754	0	0,1
2016-Jan-05 12:03:14	PI_3	1326	2	2	1405754	0	0,1
2016-Jan-05 12:03:16	PI_3	1327	2	0	642933	0	
2016-Jan-05 12:03:18	PI_3	1328	2	0	642933	0	
2016-Jan-05 12:03:20	PI_3	1329	2	2	1405754	0	0,1
2016-Jan-05 12:03:22	PI_3	1330	2	0	642933	0	
2016-Jan-05 12:03:24	PI_3	1331	2	0	642933	0	
2016-Jan-05 12:03:26	PI_3	1332	2	0	642933	0	
2016-Jan-05 12:03:28	PI_3	1333	2	2	1405754	0	0,1
2016-Jan-05 12:03:30	PI_3	1334	2	0	642933	0	
2016-Jan-05 12:03:32	PI_3	1335	2	0	642933	0	
2016-Jan-05 12:03:34	PI_3	1336	2	2	1405754	0	0,1
2016-Jan-05 12:03:36	PI_3	1337	2	0	642933	0	
2016-Jan-05 12:03:38	PI_3	1338	2	0	642933	0	
2016-Jan-05 12:03:40	PI_3	1339	2	2	1405754	0	0,1
2016-Jan-05 12:03:42	PI_3	1340	2	0	642933	0	
2016-Jan-05 12:03:44	PI_3	1341	2	0	642933	0	
2016-Jan-05 12:03:46	PI_3	1342	2	0	642933	0	
2016-Jan-05 12:03:48	PI_3	1343	2	2	1405754	0	0,1
2016-Jan-05 12:03:50	PI_3	1344	2	0	642933	0	
2016-Jan-05 12:03:52	PI_3	1345	2	0	642933	0	
2016-Jan-05 12:03:54	PI_3	1346	2	2	1405754	0	0,1
2016-Jan-05 12:03:56	PI_3	1347	2	0	642933	0	
2016-Jan-05 12:03:58	PI_3	1348	2	2	1405754	0	0,1
2016-Jan-05 12:04:00	PI_3	1349	2	0	642933	0	
2016-Jan-05 12:04:02	PI_3	1350	2	0	642933	0	
2016-Jan-05 12:04:04	PI_3	1351	2	0	642933	0	
2016-Jan-05 12:04:06	PI_3	1352	2	0	642933	0	
2016-Jan-05 12:04:08	PI_3	1353	2	0	642933	0	
2016-Jan-05 12:04:10	PI_3	1354	2	0	642933	0	
2016-Jan-05 12:04:12	PI_3	1355	2	0	642933	0	
2016-Jan-05 12:04:14	PI_3	1356	2	0	642933	0	
2016-Jan-05 12:04:16	PI_3	1357	2	0	642933	0	
2016-Jan-05 12:04:18	PI_3	1358	2	0	642933	0	
2016-Jan-05 12:04:20	PI_3	1359	2	0	642933	0	
2016-Jan-05 12:04:22	PI_3	1360	2	0	642933	0	
2016-Jan-05 12:04:24	PI_3	1361	2	2	1405754	0	0,1
2016-Jan-05 12:04:26	PI_3	1362	2	0	642933	0	
2016-Jan-05 12:04:28	PI_3	1363	2	0	642933	0	
2016-Jan-05 12:04:30	PI_3	1364	2	0	642933	0	
2016-Jan-05 12:04:32	PI_3	1365	2	0	642933	0	
2016-Jan-05 12:04:34	PI_3	1366	2	0	642933	0	
2016-Jan-05 12:04:36	PI_3	1367	2	0	642933	0	
2016-Jan-05 12:04:38	PI_3	1368	2	0	642933	0	
2016-Jan-05 12:04:40	PI_3	1369	2	0	642933	0	
2016-Jan-05 12:04:42	PI_3	1370	2	1	997955	0	0
2016-Jan-05 12:04:44	PI_3	1371	2	0	642933	0	
2016-Jan-05 12:04:46	PI_3	1372	2	0	642933	0	
2016-Jan-05 12:04:48	PI_3	1373	2	2	1405754	0	0,1
2016-Jan-05 12:04:50	PI_3	1374	2	0	642933	0	
2016-Jan-05 12:04:52	PI_3	1375	2	0	642933	0	
2016-Jan-05 12:04:54	PI_3	1376	2	2	1405754	0	0,1
2016-Jan-05 12:04:56	PI_3	1377	2	0	642933	0	
2016-Jan-05 12:04:58	PI_3	1378	2	2	1405754	0	0,1
2016-Jan-05 12:05:00	PI_3	1379	2	1	997955	0	0
2016-Jan-05 12:05:02	PI_3	1380	2	1	997955	0	0
2016-Jan-05 12:05:04	PI_3	1381	2	1	997955	0	0
2016-Jan-05 12:05:06	PI_3	1382	2	1	997955	0	0
2016-Jan-05 12:05:08	PI_3	1383	2	1	997955	0	0
2016-Jan-05 12:05:10	PI_3	1384	2	1	997955	0	0
2016-Jan-05 12:05:12	PI_3	1385	2	1	997955	0	0
2016-Jan-05 12:05:14	PI_3	1386	2	1	997955	0	0
2016-Jan-05 12:05:16	PI_3	1387	2	1	997955	0	0
2016-Jan-05 12:05:18	PI_3	1388	2	1	997955	0	0
2016-Jan-05 12:05:20	PI_3	1389	2	1	997955	0	0
2016-Jan-05 12:05:22	PI_3	1390	2	1	997955	0	0
2016-Jan-05 12:05:24	PI_3	1391	2	1	997955	0	0
2016-Jan-05 12:05:26	PI_3	1392	2	1	997955	0	0
2016-Jan-05 12:05:28	PI_3	1393	2	0	642933	0	
2016-Jan-05 12:05:30	PI_3	1394	2	0	642933	0	
2016-Jan-05 12:05:32	PI_3	1395	2	0	642933	0	
2016-Jan-05 12:05:34	PI_3	1396	2	0	642933	0	
2016-Jan-05 12:05:36	PI_3	1397	2	1	997955	0	0
2016-Jan-05 12:05:38	PI_3	1398	2	1	997955	0	0
2016-Jan-05 12:05:40	PI_3	1399	2	0	642933	0	
2016-Jan-05 12:05:42	PI_3	1400	2	1	997955	0	0
2016-Jan-05 12:05:44	PI_3	1401	2	0	642933	0	
2016-Jan-05 12:05:46	PI_3	1402	2	1	997955	0	0
2016-Jan-05 12:05:48	PI_3	1403	2	1	997955	0	0
2016-Jan-05 12:05:50	PI_3	1404	2	1	997955	0	0
2016-Jan-05 12:05:52	PI_3	1405	2	0	642933	0	
2016-Jan-05 12:05:54	PI_3	1406	2	1	997955	0	0
2016-Jan-05 12:05:56	PI_3	1407	2	1	997955	0	0
2016-Jan-05 12:05:58	PI_3	1408	2	1	997955	0	0
2016-Jan-05 12:06:00	PI_3	1409	2	1	997955	0	0
2016-Jan-05 12:06:02	PI_3	1410	2	0	642933	0	
2016-Jan-05 12:06:04	PI_3	1411	2	0	642933	0	
2016-Jan-05 12:06:06	PI_3	1412	2	0	642933	0	
2016-Jan-05 12:06:08	PI_3	1413	2	2	1405754	0	0,1
2016-Jan-05 12:06:10	PI_3	1414	2	0	642933	0	
2016-Jan-05 12:06:12	PI_3	1415	2	0	642933	0	
2016-Jan-05 12:06:14	PI_3	1416	2	0	642933	0	
2016-Jan-05 12:06:16	PI_3	1417	2	0	642933	0	
2016-Jan-05 12:06:18	PI_3	1418	2	0	642933	0	
2016-Jan-05 12:06:20	PI_3	1419	2	0	642933	0	
2016-Jan-05 12:06:22	PI_3	1420	2	0	642933	0	
2016-Jan-05 12:06:24	PI_3	1421	2	0	642933	0	
2016-Jan-05 12:06:26	PI_3	1422	2	0	642933	0	
2016-Jan-05 12:06:28	PI_3	1423	2	0	642933	0	
2016-Jan-05 12:06:30	PI_3	1424	2	0	642933	0	
2016-Jan-05 12:06:32	PI_3	1425	2	0	642933	0	
2016-Jan-05 12:06:34	PI_3	1426	2	0	642933	0	
2016-Jan-05 12:06:36	PI_3	1427	2	2	1405754	0	0,1
2016-Jan-05 12:06:38	PI_3	1428	2	0	642933	0	
2016-Jan-05 12:06:40	PI_3	1429	2	0	642933	0	
2016-Jan-05 12:06:42	PI_3	1430	2	0	642933	0	
2016-Jan-05 12:06:44	PI_3	1431	2	2	1405754	0	0,1
2016-Jan-05 12:06:46	PI_3	1432	2	2	1405754	0	0,1
2016-Jan-05 12:06:48	PI_3	1433	2	1	997955	0	0
2016-Jan-05 12:06:50	PI_3	1434	2	1	997955	0	0
