Time	Node	SegmentNumber	SegmentDuration(sec)	SegmentRepID	SegmentBitrate(bit/s)	StallingTime(msec)	SegmentDepIds
2016-Jan-05 11:19:03	PI_6	0	2	0	642933	1000	
2016-Jan-05 11:19:05	PI_6	1	2	0	642933	0	
2016-Jan-05 11:19:07	PI_6	2	2	0	642933	0	
2016-Jan-05 11:19:09	PI_6	3	2	0	642933	0	
2016-Jan-05 11:19:11	PI_6	4	2	0	642933	0	
2016-Jan-05 11:19:13	PI_6	5	2	0	642933	0	
2016-Jan-05 11:19:15	PI_6	6	2	0	642933	0	
2016-Jan-05 11:19:17	PI_6	7	2	0	642933	0	
2016-Jan-05 11:19:19	PI_6	8	2	0	642933	0	
2016-Jan-05 11:19:21	PI_6	9	2	0	642933	0	
2016-Jan-05 11:19:23	PI_6	10	2	0	642933	0	
2016-Jan-05 11:19:25	PI_6	11	2	0	642933	0	
2016-Jan-05 11:19:27	PI_6	12	2	0	642933	0	
2016-Jan-05 11:19:29	PI_6	13	2	0	642933	0	
2016-Jan-05 11:19:31	PI_6	14	2	0	642933	0	
2016-Jan-05 11:19:33	PI_6	15	2	2	1405754	0	0,1
2016-Jan-05 11:19:35	PI_6	16	2	0	642933	0	
2016-Jan-05 11:19:37	PI_6	17	2	0	642933	0	
2016-Jan-05 11:19:39	PI_6	18	2	2	1405754	0	0,1
2016-Jan-05 11:19:41	PI_6	19	2	0	642933	0	
2016-Jan-05 11:19:43	PI_6	20	2	2	1405754	0	0,1
2016-Jan-05 11:19:45	PI_6	21	2	0	642933	0	
2016-Jan-05 11:19:47	PI_6	22	2	2	1405754	0	0,1
2016-Jan-05 11:19:49	PI_6	23	2	2	1405754	0	0,1
2016-Jan-05 11:19:51	PI_6	24	2	0	642933	0	
2016-Jan-05 11:19:53	PI_6	25	2	0	642933	0	
2016-Jan-05 11:19:55	PI_6	26	2	2	1405754	0	0,1
2016-Jan-05 11:19:57	PI_6	27	2	0	642933	0	
2016-Jan-05 11:19:59	PI_6	28	2	0	642933	0	
2016-Jan-05 11:20:01	PI_6	29	2	2	1405754	0	0,1
2016-Jan-05 11:20:03	PI_6	30	2	2	1405754	0	0,1
2016-Jan-05 11:20:05	PI_6	31	2	2	1405754	0	0,1
2016-Jan-05 11:20:07	PI_6	32	2	0	642933	0	
2016-Jan-05 11:20:09	PI_6	33	2	2	1405754	0	0,1
2016-Jan-05 11:20:11	PI_6	34	2	0	642933	0	
2016-Jan-05 11:20:13	PI_6	35	2	2	1405754	0	0,1
2016-Jan-05 11:20:15	PI_6	36	2	0	642933	0	
2016-Jan-05 11:20:17	PI_6	37	2	2	1405754	0	0,1
2016-Jan-05 11:20:19	PI_6	38	2	0	642933	0	
2016-Jan-05 11:20:21	PI_6	39	2	0	642933	0	
2016-Jan-05 11:20:23	PI_6	40	2	0	642933	0	
2016-Jan-05 11:20:25	PI_6	41	2	0	642933	0	
2016-Jan-05 11:20:27	PI_6	42	2	2	1405754	0	0,1
2016-Jan-05 11:20:29	PI_6	43	2	2	1405754	0	0,1
2016-Jan-05 11:20:31	PI_6	44	2	2	1405754	0	0,1
2016-Jan-05 11:20:33	PI_6	45	2	2	1405754	0	0,1
2016-Jan-05 11:20:35	PI_6	46	2	0	642933	0	
2016-Jan-05 11:20:37	PI_6	47	2	2	1405754	0	0,1
2016-Jan-05 11:20:39	PI_6	48	2	2	1405754	0	0,1
2016-Jan-05 11:20:41	PI_6	49	2	0	642933	0	
2016-Jan-05 11:20:43	PI_6	50	2	2	1405754	0	0,1
2016-Jan-05 11:20:45	PI_6	51	2	0	642933	0	
2016-Jan-05 11:20:47	PI_6	52	2	2	1405754	0	0,1
2016-Jan-05 11:20:49	PI_6	53	2	0	642933	0	
2016-Jan-05 11:20:51	PI_6	54	2	2	1405754	0	0,1
2016-Jan-05 11:20:53	PI_6	55	2	0	642933	0	
2016-Jan-05 11:20:55	PI_6	56	2	2	1405754	0	0,1
2016-Jan-05 11:20:57	PI_6	57	2	0	642933	0	
2016-Jan-05 11:20:59	PI_6	58	2	2	1405754	0	0,1
2016-Jan-05 11:21:01	PI_6	59	2	0	642933	0	
2016-Jan-05 11:21:03	PI_6	60	2	0	642933	0	
2016-Jan-05 11:21:05	PI_6	61	2	2	1405754	0	0,1
2016-Jan-05 11:21:07	PI_6	62	2	0	642933	0	
2016-Jan-05 11:21:09	PI_6	63	2	2	1405754	0	0,1
2016-Jan-05 11:21:11	PI_6	64	2	0	642933	0	
2016-Jan-05 11:21:13	PI_6	65	2	2	1405754	0	0,1
2016-Jan-05 11:21:15	PI_6	66	2	0	642933	0	
2016-Jan-05 11:21:17	PI_6	67	2	2	1405754	0	0,1
2016-Jan-05 11:21:19	PI_6	68	2	0	642933	0	
2016-Jan-05 11:21:21	PI_6	69	2	2	1405754	0	0,1
2016-Jan-05 11:21:23	PI_6	70	2	0	642933	0	
2016-Jan-05 11:21:25	PI_6	71	2	0	642933	0	
2016-Jan-05 11:21:27	PI_6	72	2	2	1405754	0	0,1
2016-Jan-05 11:21:29	PI_6	73	2	2	1405754	0	0,1
2016-Jan-05 11:21:31	PI_6	74	2	0	642933	0	
2016-Jan-05 11:21:33	PI_6	75	2	2	1405754	0	0,1
2016-Jan-05 11:21:35	PI_6	76	2	0	642933	0	
2016-Jan-05 11:21:37	PI_6	77	2	0	642933	0	
2016-Jan-05 11:21:39	PI_6	78	2	2	1405754	0	0,1
2016-Jan-05 11:21:41	PI_6	79	2	2	1405754	0	0,1
2016-Jan-05 11:21:43	PI_6	80	2	2	1405754	0	0,1
2016-Jan-05 11:21:45	PI_6	81	2	0	642933	0	
2016-Jan-05 11:21:47	PI_6	82	2	0	642933	0	
2016-Jan-05 11:21:49	PI_6	83	2	2	1405754	0	0,1
2016-Jan-05 11:21:51	PI_6	84	2	0	642933	0	
2016-Jan-05 11:21:53	PI_6	85	2	2	1405754	0	0,1
2016-Jan-05 11:21:55	PI_6	86	2	2	1405754	0	0,1
2016-Jan-05 11:21:57	PI_6	87	2	2	1405754	0	0,1
2016-Jan-05 11:21:59	PI_6	88	2	0	642933	0	
2016-Jan-05 11:22:01	PI_6	89	2	0	642933	0	
2016-Jan-05 11:22:03	PI_6	90	2	2	1405754	0	0,1
2016-Jan-05 11:22:05	PI_6	91	2	0	642933	0	
2016-Jan-05 11:22:07	PI_6	92	2	0	642933	0	
2016-Jan-05 11:22:09	PI_6	93	2	0	642933	0	
2016-Jan-05 11:22:11	PI_6	94	2	0	642933	0	
2016-Jan-05 11:22:13	PI_6	95	2	2	1405754	0	0,1
2016-Jan-05 11:22:15	PI_6	96	2	2	1405754	0	0,1
2016-Jan-05 11:22:17	PI_6	97	2	0	642933	0	
2016-Jan-05 11:22:19	PI_6	98	2	0	642933	0	
2016-Jan-05 11:22:21	PI_6	99	2	2	1405754	0	0,1
2016-Jan-05 11:22:23	PI_6	100	2	0	642933	0	
2016-Jan-05 11:22:25	PI_6	101	2	2	1405754	0	0,1
2016-Jan-05 11:22:27	PI_6	102	2	2	1405754	0	0,1
2016-Jan-05 11:22:29	PI_6	103	2	2	1405754	0	0,1
2016-Jan-05 11:22:31	PI_6	104	2	0	642933	0	
2016-Jan-05 11:22:33	PI_6	105	2	0	642933	0	
2016-Jan-05 11:22:35	PI_6	106	2	0	642933	0	
2016-Jan-05 11:22:37	PI_6	107	2	0	642933	0	
2016-Jan-05 11:22:39	PI_6	108	2	2	1405754	0	0,1
2016-Jan-05 11:22:41	PI_6	109	2	0	642933	0	
2016-Jan-05 11:22:43	PI_6	110	2	2	1405754	0	0,1
2016-Jan-05 11:22:45	PI_6	111	2	2	1405754	0	0,1
2016-Jan-05 11:22:47	PI_6	112	2	2	1405754	0	0,1
2016-Jan-05 11:22:49	PI_6	113	2	0	642933	0	
2016-Jan-05 11:22:51	PI_6	114	2	2	1405754	0	0,1
2016-Jan-05 11:22:53	PI_6	115	2	0	642933	0	
2016-Jan-05 11:22:55	PI_6	116	2	2	1405754	0	0,1
2016-Jan-05 11:22:57	PI_6	117	2	0	642933	0	
2016-Jan-05 11:22:59	PI_6	118	2	2	1405754	0	0,1
2016-Jan-05 11:23:01	PI_6	119	2	2	1405754	0	0,1
2016-Jan-05 11:23:03	PI_6	120	2	0	642933	0	
2016-Jan-05 11:23:05	PI_6	121	2	2	1405754	0	0,1
2016-Jan-05 11:23:07	PI_6	122	2	0	642933	0	
2016-Jan-05 11:23:09	PI_6	123	2	0	642933	0	
2016-Jan-05 11:23:11	PI_6	124	2	0	642933	0	
2016-Jan-05 11:23:13	PI_6	125	2	0	642933	0	
2016-Jan-05 11:23:15	PI_6	126	2	0	642933	0	
2016-Jan-05 11:23:17	PI_6	127	2	2	1405754	0	0,1
2016-Jan-05 11:23:19	PI_6	128	2	0	642933	0	
2016-Jan-05 11:23:21	PI_6	129	2	2	1405754	0	0,1
2016-Jan-05 11:23:23	PI_6	130	2	0	642933	0	
2016-Jan-05 11:23:25	PI_6	131	2	0	642933	0	
2016-Jan-05 11:23:27	PI_6	132	2	2	1405754	0	0,1
2016-Jan-05 11:23:29	PI_6	133	2	2	1405754	0	0,1
2016-Jan-05 11:23:31	PI_6	134	2	0	642933	0	
2016-Jan-05 11:23:33	PI_6	135	2	2	1405754	0	0,1
2016-Jan-05 11:23:35	PI_6	136	2	0	642933	0	
2016-Jan-05 11:23:37	PI_6	137	2	0	642933	0	
2016-Jan-05 11:23:39	PI_6	138	2	0	642933	0	
2016-Jan-05 11:23:41	PI_6	139	2	2	1405754	0	0,1
2016-Jan-05 11:23:43	PI_6	140	2	0	642933	0	
2016-Jan-05 11:23:45	PI_6	141	2	0	642933	0	
2016-Jan-05 11:23:47	PI_6	142	2	2	1405754	0	0,1
2016-Jan-05 11:23:49	PI_6	143	2	0	642933	0	
2016-Jan-05 11:23:51	PI_6	144	2	2	1405754	0	0,1
2016-Jan-05 11:23:53	PI_6	145	2	2	1405754	0	0,1
2016-Jan-05 11:23:55	PI_6	146	2	2	1405754	0	0,1
2016-Jan-05 11:23:57	PI_6	147	2	0	642933	0	
2016-Jan-05 11:23:59	PI_6	148	2	2	1405754	0	0,1
2016-Jan-05 11:24:01	PI_6	149	2	0	642933	0	
2016-Jan-05 11:24:03	PI_6	150	2	2	1405754	0	0,1
2016-Jan-05 11:24:05	PI_6	151	2	0	642933	0	
2016-Jan-05 11:24:07	PI_6	152	2	0	642933	0	
2016-Jan-05 11:24:09	PI_6	153	2	2	1405754	0	0,1
2016-Jan-05 11:24:11	PI_6	154	2	0	642933	0	
2016-Jan-05 11:24:13	PI_6	155	2	2	1405754	0	0,1
2016-Jan-05 11:24:15	PI_6	156	2	0	642933	0	
2016-Jan-05 11:24:17	PI_6	157	2	0	642933	0	
2016-Jan-05 11:24:19	PI_6	158	2	2	1405754	0	0,1
2016-Jan-05 11:24:21	PI_6	159	2	0	642933	0	
2016-Jan-05 11:24:23	PI_6	160	2	2	1405754	0	0,1
2016-Jan-05 11:24:25	PI_6	161	2	0	642933	0	
2016-Jan-05 11:24:27	PI_6	162	2	0	642933	0	
2016-Jan-05 11:24:29	PI_6	163	2	2	1405754	0	0,1
2016-Jan-05 11:24:31	PI_6	164	2	0	642933	0	
2016-Jan-05 11:24:33	PI_6	165	2	0	642933	0	
2016-Jan-05 11:24:35	PI_6	166	2	2	1405754	0	0,1
2016-Jan-05 11:24:37	PI_6	167	2	0	642933	0	
2016-Jan-05 11:24:39	PI_6	168	2	2	1405754	0	0,1
2016-Jan-05 11:24:41	PI_6	169	2	2	1405754	0	0,1
2016-Jan-05 11:24:43	PI_6	170	2	0	642933	0	
2016-Jan-05 11:24:45	PI_6	171	2	2	1405754	0	0,1
2016-Jan-05 11:24:47	PI_6	172	2	0	642933	0	
2016-Jan-05 11:24:49	PI_6	173	2	0	642933	0	
2016-Jan-05 11:24:51	PI_6	174	2	0	642933	0	
2016-Jan-05 11:24:53	PI_6	175	2	0	642933	0	
2016-Jan-05 11:24:55	PI_6	176	2	2	1405754	0	0,1
2016-Jan-05 11:24:57	PI_6	177	2	0	642933	0	
2016-Jan-05 11:24:59	PI_6	178	2	0	642933	0	
2016-Jan-05 11:25:01	PI_6	179	2	2	1405754	0	0,1
2016-Jan-05 11:25:03	PI_6	180	2	0	642933	0	
2016-Jan-05 11:25:05	PI_6	181	2	0	642933	0	
2016-Jan-05 11:25:07	PI_6	182	2	0	642933	0	
2016-Jan-05 11:25:09	PI_6	183	2	2	1405754	0	0,1
2016-Jan-05 11:25:11	PI_6	184	2	0	642933	0	
2016-Jan-05 11:25:13	PI_6	185	2	0	642933	0	
2016-Jan-05 11:25:15	PI_6	186	2	2	1405754	0	0,1
2016-Jan-05 11:25:17	PI_6	187	2	0	642933	0	
2016-Jan-05 11:25:19	PI_6	188	2	2	1405754	0	0,1
2016-Jan-05 11:25:21	PI_6	189	2	2	1405754	0	0,1
2016-Jan-05 11:25:23	PI_6	190	2	0	642933	0	
2016-Jan-05 11:25:25	PI_6	191	2	2	1405754	0	0,1
2016-Jan-05 11:25:27	PI_6	192	2	2	1405754	0	0,1
2016-Jan-05 11:25:29	PI_6	193	2	2	1405754	0	0,1
2016-Jan-05 11:25:31	PI_6	194	2	2	1405754	0	0,1
2016-Jan-05 11:25:33	PI_6	195	2	0	642933	0	
2016-Jan-05 11:25:35	PI_6	196	2	2	1405754	0	0,1
2016-Jan-05 11:25:37	PI_6	197	2	0	642933	0	
2016-Jan-05 11:25:39	PI_6	198	2	0	642933	0	
2016-Jan-05 11:25:41	PI_6	199	2	2	1405754	0	0,1
2016-Jan-05 11:25:43	PI_6	200	2	0	642933	0	
2016-Jan-05 11:25:45	PI_6	201	2	2	1405754	0	0,1
2016-Jan-05 11:25:47	PI_6	202	2	2	1405754	0	0,1
2016-Jan-05 11:25:49	PI_6	203	2	0	642933	0	
2016-Jan-05 11:25:51	PI_6	204	2	0	642933	0	
2016-Jan-05 11:25:53	PI_6	205	2	2	1405754	0	0,1
2016-Jan-05 11:25:55	PI_6	206	2	0	642933	0	
2016-Jan-05 11:25:57	PI_6	207	2	2	1405754	0	0,1
2016-Jan-05 11:25:59	PI_6	208	2	0	642933	0	
2016-Jan-05 11:26:01	PI_6	209	2	2	1405754	0	0,1
2016-Jan-05 11:26:03	PI_6	210	2	0	642933	0	
2016-Jan-05 11:26:05	PI_6	211	2	0	642933	0	
2016-Jan-05 11:26:07	PI_6	212	2	0	642933	0	
2016-Jan-05 11:26:09	PI_6	213	2	0	642933	0	
2016-Jan-05 11:26:11	PI_6	214	2	2	1405754	0	0,1
2016-Jan-05 11:26:13	PI_6	215	2	0	642933	0	
2016-Jan-05 11:26:15	PI_6	216	2	1	997955	0	0
2016-Jan-05 11:26:17	PI_6	217	2	0	642933	0	
2016-Jan-05 11:26:19	PI_6	218	2	0	642933	0	
2016-Jan-05 11:26:21	PI_6	219	2	0	642933	0	
2016-Jan-05 11:26:23	PI_6	220	2	0	642933	0	
2016-Jan-05 11:26:25	PI_6	221	2	0	642933	0	
2016-Jan-05 11:26:27	PI_6	222	2	2	1405754	0	0,1
2016-Jan-05 11:26:29	PI_6	223	2	0	642933	0	
2016-Jan-05 11:26:31	PI_6	224	2	2	1405754	0	0,1
2016-Jan-05 11:26:33	PI_6	225	2	2	1405754	0	0,1
2016-Jan-05 11:26:35	PI_6	226	2	2	1405754	0	0,1
2016-Jan-05 11:26:37	PI_6	227	2	0	642933	0	
2016-Jan-05 11:26:39	PI_6	228	2	2	1405754	0	0,1
2016-Jan-05 11:26:41	PI_6	229	2	2	1405754	0	0,1
2016-Jan-05 11:26:43	PI_6	230	2	2	1405754	0	0,1
2016-Jan-05 11:26:45	PI_6	231	2	0	642933	0	
2016-Jan-05 11:26:47	PI_6	232	2	2	1405754	0	0,1
2016-Jan-05 11:26:49	PI_6	233	2	2	1405754	0	0,1
2016-Jan-05 11:26:51	PI_6	234	2	0	642933	0	
2016-Jan-05 11:26:53	PI_6	235	2	2	1405754	0	0,1
2016-Jan-05 11:26:55	PI_6	236	2	2	1405754	0	0,1
2016-Jan-05 11:26:57	PI_6	237	2	2	1405754	0	0,1
2016-Jan-05 11:26:59	PI_6	238	2	2	1405754	0	0,1
2016-Jan-05 11:27:01	PI_6	239	2	2	1405754	0	0,1
2016-Jan-05 11:27:03	PI_6	240	2	0	642933	0	
2016-Jan-05 11:27:05	PI_6	241	2	2	1405754	0	0,1
2016-Jan-05 11:27:07	PI_6	242	2	2	1405754	0	0,1
2016-Jan-05 11:27:09	PI_6	243	2	2	1405754	0	0,1
2016-Jan-05 11:27:11	PI_6	244	2	0	642933	0	
2016-Jan-05 11:27:13	PI_6	245	2	2	1405754	0	0,1
2016-Jan-05 11:27:15	PI_6	246	2	2	1405754	0	0,1
2016-Jan-05 11:27:17	PI_6	247	2	2	1405754	0	0,1
2016-Jan-05 11:27:19	PI_6	248	2	2	1405754	0	0,1
2016-Jan-05 11:27:21	PI_6	249	2	0	642933	0	
2016-Jan-05 11:27:23	PI_6	250	2	2	1405754	0	0,1
2016-Jan-05 11:27:25	PI_6	251	2	0	642933	0	
2016-Jan-05 11:27:27	PI_6	252	2	2	1405754	0	0,1
2016-Jan-05 11:27:29	PI_6	253	2	0	642933	0	
2016-Jan-05 11:27:31	PI_6	254	2	0	642933	0	
2016-Jan-05 11:27:33	PI_6	255	2	2	1405754	0	0,1
2016-Jan-05 11:27:35	PI_6	256	2	0	642933	0	
2016-Jan-05 11:27:37	PI_6	257	2	0	642933	0	
2016-Jan-05 11:27:39	PI_6	258	2	0	642933	0	
2016-Jan-05 11:27:41	PI_6	259	2	2	1405754	0	0,1
2016-Jan-05 11:27:43	PI_6	260	2	0	642933	0	
2016-Jan-05 11:27:45	PI_6	261	2	0	642933	0	
2016-Jan-05 11:27:47	PI_6	262	2	2	1405754	0	0,1
2016-Jan-05 11:27:49	PI_6	263	2	0	642933	0	
2016-Jan-05 11:27:51	PI_6	264	2	0	642933	0	
2016-Jan-05 11:27:53	PI_6	265	2	2	1405754	0	0,1
2016-Jan-05 11:27:55	PI_6	266	2	0	642933	0	
2016-Jan-05 11:27:57	PI_6	267	2	0	642933	0	
2016-Jan-05 11:27:59	PI_6	268	2	0	642933	0	
2016-Jan-05 11:28:01	PI_6	269	2	0	642933	0	
2016-Jan-05 11:28:03	PI_6	270	2	2	1405754	0	0,1
2016-Jan-05 11:28:05	PI_6	271	2	0	642933	0	
2016-Jan-05 11:28:07	PI_6	272	2	0	642933	0	
2016-Jan-05 11:28:09	PI_6	273	2	0	642933	0	
2016-Jan-05 11:28:11	PI_6	274	2	0	642933	0	
2016-Jan-05 11:28:13	PI_6	275	2	0	642933	0	
2016-Jan-05 11:28:15	PI_6	276	2	0	642933	0	
2016-Jan-05 11:28:17	PI_6	277	2	0	642933	0	
2016-Jan-05 11:28:19	PI_6	278	2	0	642933	0	
2016-Jan-05 11:28:21	PI_6	279	2	2	1405754	0	0,1
2016-Jan-05 11:28:23	PI_6	280	2	0	642933	0	
2016-Jan-05 11:28:25	PI_6	281	2	0	642933	0	
2016-Jan-05 11:28:27	PI_6	282	2	2	1405754	0	0,1
2016-Jan-05 11:28:29	PI_6	283	2	0	642933	0	
2016-Jan-05 11:28:31	PI_6	284	2	2	1405754	0	0,1
2016-Jan-05 11:28:33	PI_6	285	2	2	1405754	0	0,1
2016-Jan-05 11:28:35	PI_6	286	2	2	1405754	0	0,1
2016-Jan-05 11:28:37	PI_6	287	2	2	1405754	0	0,1
2016-Jan-05 11:28:39	PI_6	288	2	2	1405754	0	0,1
2016-Jan-05 11:28:41	PI_6	289	2	2	1405754	0	0,1
2016-Jan-05 11:28:43	PI_6	290	2	2	1405754	0	0,1
2016-Jan-05 11:28:45	PI_6	291	2	0	642933	0	
2016-Jan-05 11:28:47	PI_6	292	2	2	1405754	0	0,1
2016-Jan-05 11:28:49	PI_6	293	2	2	1405754	0	0,1
2016-Jan-05 11:28:51	PI_6	294	2	2	1405754	0	0,1
2016-Jan-05 11:28:53	PI_6	295	2	0	642933	0	
2016-Jan-05 11:28:55	PI_6	296	2	2	1405754	0	0,1
2016-Jan-05 11:28:57	PI_6	297	2	0	642933	0	
2016-Jan-05 11:28:59	PI_6	298	2	0	642933	0	
2016-Jan-05 11:29:01	PI_6	299	2	2	1405754	0	0,1
2016-Jan-05 11:29:03	PI_6	300	2	2	1405754	0	0,1
2016-Jan-05 11:29:05	PI_6	301	2	2	1405754	0	0,1
2016-Jan-05 11:29:07	PI_6	302	2	1	997955	0	0
2016-Jan-05 11:29:09	PI_6	303	2	2	1405754	0	0,1
2016-Jan-05 11:29:11	PI_6	304	2	2	1405754	0	0,1
2016-Jan-05 11:29:13	PI_6	305	2	0	642933	0	
2016-Jan-05 11:29:15	PI_6	306	2	2	1405754	0	0,1
2016-Jan-05 11:29:17	PI_6	307	2	0	642933	0	
2016-Jan-05 11:29:19	PI_6	308	2	2	1405754	0	0,1
2016-Jan-05 11:29:21	PI_6	309	2	2	1405754	0	0,1
2016-Jan-05 11:29:23	PI_6	310	2	2	1405754	0	0,1
2016-Jan-05 11:29:25	PI_6	311	2	2	1405754	0	0,1
2016-Jan-05 11:29:27	PI_6	312	2	0	642933	0	
2016-Jan-05 11:29:29	PI_6	313	2	2	1405754	0	0,1
2016-Jan-05 11:29:31	PI_6	314	2	0	642933	0	
2016-Jan-05 11:29:33	PI_6	315	2	2	1405754	0	0,1
2016-Jan-05 11:29:35	PI_6	316	2	2	1405754	0	0,1
2016-Jan-05 11:29:37	PI_6	317	2	0	642933	0	
2016-Jan-05 11:29:39	PI_6	318	2	2	1405754	0	0,1
2016-Jan-05 11:29:41	PI_6	319	2	0	642933	0	
2016-Jan-05 11:29:43	PI_6	320	2	0	642933	0	
2016-Jan-05 11:29:45	PI_6	321	2	2	1405754	0	0,1
2016-Jan-05 11:29:47	PI_6	322	2	0	642933	0	
2016-Jan-05 11:29:49	PI_6	323	2	0	642933	0	
2016-Jan-05 11:29:51	PI_6	324	2	0	642933	0	
2016-Jan-05 11:29:53	PI_6	325	2	2	1405754	0	0,1
2016-Jan-05 11:29:55	PI_6	326	2	0	642933	0	
2016-Jan-05 11:29:57	PI_6	327	2	2	1405754	0	0,1
2016-Jan-05 11:29:59	PI_6	328	2	0	642933	0	
2016-Jan-05 11:30:01	PI_6	329	2	2	1405754	0	0,1
2016-Jan-05 11:30:03	PI_6	330	2	2	1405754	0	0,1
2016-Jan-05 11:30:05	PI_6	331	2	2	1405754	0	0,1
2016-Jan-05 11:30:07	PI_6	332	2	2	1405754	0	0,1
2016-Jan-05 11:30:09	PI_6	333	2	2	1405754	0	0,1
2016-Jan-05 11:30:11	PI_6	334	2	2	1405754	0	0,1
2016-Jan-05 11:30:13	PI_6	335	2	2	1405754	0	0,1
2016-Jan-05 11:30:15	PI_6	336	2	0	642933	0	
2016-Jan-05 11:30:17	PI_6	337	2	0	642933	0	
2016-Jan-05 11:30:19	PI_6	338	2	2	1405754	0	0,1
2016-Jan-05 11:30:21	PI_6	339	2	0	642933	0	
2016-Jan-05 11:30:23	PI_6	340	2	2	1405754	0	0,1
2016-Jan-05 11:30:25	PI_6	341	2	2	1405754	0	0,1
2016-Jan-05 11:30:27	PI_6	342	2	0	642933	0	
2016-Jan-05 11:30:29	PI_6	343	2	2	1405754	0	0,1
2016-Jan-05 11:30:31	PI_6	344	2	0	642933	0	
2016-Jan-05 11:30:33	PI_6	345	2	0	642933	0	
2016-Jan-05 11:30:35	PI_6	346	2	2	1405754	0	0,1
2016-Jan-05 11:30:37	PI_6	347	2	2	1405754	0	0,1
2016-Jan-05 11:30:39	PI_6	348	2	2	1405754	0	0,1
2016-Jan-05 11:30:41	PI_6	349	2	0	642933	0	
2016-Jan-05 11:30:43	PI_6	350	2	2	1405754	0	0,1
2016-Jan-05 11:30:45	PI_6	351	2	0	642933	0	
2016-Jan-05 11:30:47	PI_6	352	2	2	1405754	0	0,1
2016-Jan-05 11:30:49	PI_6	353	2	0	642933	0	
2016-Jan-05 11:30:51	PI_6	354	2	0	642933	0	
2016-Jan-05 11:30:53	PI_6	355	2	2	1405754	0	0,1
2016-Jan-05 11:30:55	PI_6	356	2	0	642933	0	
2016-Jan-05 11:30:57	PI_6	357	2	2	1405754	0	0,1
2016-Jan-05 11:30:59	PI_6	358	2	2	1405754	0	0,1
2016-Jan-05 11:31:01	PI_6	359	2	0	642933	0	
2016-Jan-05 11:31:03	PI_6	360	2	2	1405754	0	0,1
2016-Jan-05 11:31:05	PI_6	361	2	0	642933	0	
2016-Jan-05 11:31:07	PI_6	362	2	0	642933	0	
2016-Jan-05 11:31:09	PI_6	363	2	2	1405754	0	0,1
2016-Jan-05 11:31:11	PI_6	364	2	0	642933	0	
2016-Jan-05 11:31:13	PI_6	365	2	2	1405754	0	0,1
2016-Jan-05 11:31:15	PI_6	366	2	2	1405754	0	0,1
2016-Jan-05 11:31:17	PI_6	367	2	2	1405754	0	0,1
2016-Jan-05 11:31:19	PI_6	368	2	2	1405754	0	0,1
2016-Jan-05 11:31:21	PI_6	369	2	2	1405754	0	0,1
2016-Jan-05 11:31:23	PI_6	370	2	0	642933	0	
2016-Jan-05 11:31:25	PI_6	371	2	2	1405754	0	0,1
2016-Jan-05 11:31:27	PI_6	372	2	2	1405754	0	0,1
2016-Jan-05 11:31:29	PI_6	373	2	0	642933	0	
2016-Jan-05 11:31:31	PI_6	374	2	2	1405754	0	0,1
2016-Jan-05 11:31:33	PI_6	375	2	0	642933	0	
2016-Jan-05 11:31:35	PI_6	376	2	2	1405754	0	0,1
2016-Jan-05 11:31:37	PI_6	377	2	0	642933	0	
2016-Jan-05 11:31:39	PI_6	378	2	2	1405754	0	0,1
2016-Jan-05 11:31:41	PI_6	379	2	0	642933	0	
2016-Jan-05 11:31:43	PI_6	380	2	0	642933	0	
2016-Jan-05 11:31:45	PI_6	381	2	2	1405754	0	0,1
2016-Jan-05 11:31:47	PI_6	382	2	0	642933	0	
2016-Jan-05 11:31:49	PI_6	383	2	0	642933	0	
2016-Jan-05 11:31:51	PI_6	384	2	0	642933	0	
2016-Jan-05 11:31:53	PI_6	385	2	2	1405754	0	0,1
2016-Jan-05 11:31:55	PI_6	386	2	2	1405754	0	0,1
2016-Jan-05 11:31:57	PI_6	387	2	0	642933	0	
2016-Jan-05 11:31:59	PI_6	388	2	2	1405754	0	0,1
2016-Jan-05 11:32:01	PI_6	389	2	0	642933	0	
2016-Jan-05 11:32:03	PI_6	390	2	2	1405754	0	0,1
2016-Jan-05 11:32:05	PI_6	391	2	0	642933	0	
2016-Jan-05 11:32:07	PI_6	392	2	0	642933	0	
2016-Jan-05 11:32:09	PI_6	393	2	2	1405754	0	0,1
2016-Jan-05 11:32:11	PI_6	394	2	0	642933	0	
2016-Jan-05 11:32:13	PI_6	395	2	0	642933	0	
2016-Jan-05 11:32:15	PI_6	396	2	2	1405754	0	0,1
2016-Jan-05 11:32:17	PI_6	397	2	0	642933	0	
2016-Jan-05 11:32:19	PI_6	398	2	2	1405754	0	0,1
2016-Jan-05 11:32:21	PI_6	399	2	0	642933	0	
2016-Jan-05 11:32:23	PI_6	400	2	0	642933	0	
2016-Jan-05 11:32:25	PI_6	401	2	2	1405754	0	0,1
2016-Jan-05 11:32:27	PI_6	402	2	0	642933	0	
2016-Jan-05 11:32:29	PI_6	403	2	0	642933	0	
2016-Jan-05 11:32:31	PI_6	404	2	0	642933	0	
2016-Jan-05 11:32:33	PI_6	405	2	0	642933	0	
2016-Jan-05 11:32:35	PI_6	406	2	0	642933	0	
2016-Jan-05 11:32:37	PI_6	407	2	0	642933	0	
2016-Jan-05 11:32:39	PI_6	408	2	0	642933	0	
2016-Jan-05 11:32:41	PI_6	409	2	0	642933	0	
2016-Jan-05 11:32:43	PI_6	410	2	0	642933	0	
2016-Jan-05 11:32:45	PI_6	411	2	0	642933	0	
2016-Jan-05 11:32:47	PI_6	412	2	2	1405754	0	0,1
2016-Jan-05 11:32:49	PI_6	413	2	0	642933	0	
2016-Jan-05 11:32:51	PI_6	414	2	2	1405754	0	0,1
2016-Jan-05 11:32:53	PI_6	415	2	0	642933	0	
2016-Jan-05 11:32:55	PI_6	416	2	2	1405754	0	0,1
2016-Jan-05 11:32:57	PI_6	417	2	0	642933	0	
2016-Jan-05 11:32:59	PI_6	418	2	0	642933	0	
2016-Jan-05 11:33:01	PI_6	419	2	0	642933	0	
2016-Jan-05 11:33:03	PI_6	420	2	2	1405754	0	0,1
2016-Jan-05 11:33:05	PI_6	421	2	0	642933	0	
2016-Jan-05 11:33:07	PI_6	422	2	2	1405754	0	0,1
2016-Jan-05 11:33:09	PI_6	423	2	2	1405754	0	0,1
2016-Jan-05 11:33:11	PI_6	424	2	0	642933	0	
2016-Jan-05 11:33:13	PI_6	425	2	0	642933	0	
2016-Jan-05 11:33:15	PI_6	426	2	2	1405754	0	0,1
2016-Jan-05 11:33:17	PI_6	427	2	0	642933	0	
2016-Jan-05 11:33:19	PI_6	428	2	0	642933	0	
2016-Jan-05 11:33:21	PI_6	429	2	0	642933	0	
2016-Jan-05 11:33:23	PI_6	430	2	0	642933	0	
2016-Jan-05 11:33:25	PI_6	431	2	2	1405754	0	0,1
2016-Jan-05 11:33:27	PI_6	432	2	0	642933	0	
2016-Jan-05 11:33:29	PI_6	433	2	0	642933	0	
2016-Jan-05 11:33:31	PI_6	434	2	0	642933	0	
2016-Jan-05 11:33:33	PI_6	435	2	0	642933	0	
2016-Jan-05 11:33:35	PI_6	436	2	0	642933	0	
2016-Jan-05 11:33:37	PI_6	437	2	2	1405754	0	0,1
2016-Jan-05 11:33:39	PI_6	438	2	0	642933	0	
2016-Jan-05 11:33:41	PI_6	439	2	0	642933	0	
2016-Jan-05 11:33:43	PI_6	440	2	2	1405754	0	0,1
2016-Jan-05 11:33:45	PI_6	441	2	0	642933	0	
2016-Jan-05 11:33:47	PI_6	442	2	0	642933	0	
2016-Jan-05 11:33:49	PI_6	443	2	2	1405754	0	0,1
2016-Jan-05 11:33:51	PI_6	444	2	0	642933	0	
2016-Jan-05 11:33:53	PI_6	445	2	0	642933	0	
2016-Jan-05 11:33:55	PI_6	446	2	2	1405754	0	0,1
2016-Jan-05 11:33:57	PI_6	447	2	0	642933	0	
2016-Jan-05 11:33:59	PI_6	448	2	0	642933	0	
2016-Jan-05 11:34:01	PI_6	449	2	2	1405754	0	0,1
2016-Jan-05 11:34:03	PI_6	450	2	0	642933	0	
2016-Jan-05 11:34:05	PI_6	451	2	0	642933	0	
2016-Jan-05 11:34:07	PI_6	452	2	0	642933	0	
2016-Jan-05 11:34:09	PI_6	453	2	2	1405754	0	0,1
2016-Jan-05 11:34:11	PI_6	454	2	0	642933	0	
2016-Jan-05 11:34:13	PI_6	455	2	2	1405754	0	0,1
2016-Jan-05 11:34:15	PI_6	456	2	2	1405754	0	0,1
2016-Jan-05 11:34:17	PI_6	457	2	0	642933	0	
2016-Jan-05 11:34:19	PI_6	458	2	2	1405754	0	0,1
2016-Jan-05 11:34:21	PI_6	459	2	2	1405754	0	0,1
2016-Jan-05 11:34:23	PI_6	460	2	2	1405754	0	0,1
2016-Jan-05 11:34:25	PI_6	461	2	2	1405754	0	0,1
2016-Jan-05 11:34:27	PI_6	462	2	2	1405754	0	0,1
2016-Jan-05 11:34:29	PI_6	463	2	2	1405754	0	0,1
2016-Jan-05 11:34:31	PI_6	464	2	0	642933	0	
2016-Jan-05 11:34:33	PI_6	465	2	2	1405754	0	0,1
2016-Jan-05 11:34:35	PI_6	466	2	0	642933	0	
2016-Jan-05 11:34:37	PI_6	467	2	2	1405754	0	0,1
2016-Jan-05 11:34:39	PI_6	468	2	0	642933	0	
2016-Jan-05 11:34:41	PI_6	469	2	2	1405754	0	0,1
2016-Jan-05 11:34:43	PI_6	470	2	0	642933	0	
2016-Jan-05 11:34:45	PI_6	471	2	2	1405754	0	0,1
2016-Jan-05 11:34:47	PI_6	472	2	2	1405754	0	0,1
2016-Jan-05 11:34:49	PI_6	473	2	0	642933	0	
2016-Jan-05 11:34:51	PI_6	474	2	2	1405754	0	0,1
2016-Jan-05 11:34:53	PI_6	475	2	0	642933	0	
2016-Jan-05 11:34:55	PI_6	476	2	2	1405754	0	0,1
2016-Jan-05 11:34:57	PI_6	477	2	0	642933	0	
2016-Jan-05 11:34:59	PI_6	478	2	2	1405754	0	0,1
2016-Jan-05 11:35:01	PI_6	479	2	2	1405754	0	0,1
2016-Jan-05 11:35:03	PI_6	480	2	2	1405754	0	0,1
2016-Jan-05 11:35:05	PI_6	481	2	2	1405754	0	0,1
2016-Jan-05 11:35:07	PI_6	482	2	0	642933	0	
2016-Jan-05 11:35:09	PI_6	483	2	2	1405754	0	0,1
2016-Jan-05 11:35:11	PI_6	484	2	2	1405754	0	0,1
2016-Jan-05 11:35:13	PI_6	485	2	0	642933	0	
2016-Jan-05 11:35:15	PI_6	486	2	2	1405754	0	0,1
2016-Jan-05 11:35:17	PI_6	487	2	0	642933	0	
2016-Jan-05 11:35:19	PI_6	488	2	2	1405754	0	0,1
2016-Jan-05 11:35:21	PI_6	489	2	0	642933	0	
2016-Jan-05 11:35:23	PI_6	490	2	2	1405754	0	0,1
2016-Jan-05 11:35:25	PI_6	491	2	0	642933	0	
2016-Jan-05 11:35:27	PI_6	492	2	2	1405754	0	0,1
2016-Jan-05 11:35:29	PI_6	493	2	2	1405754	0	0,1
2016-Jan-05 11:35:31	PI_6	494	2	0	642933	0	
2016-Jan-05 11:35:33	PI_6	495	2	2	1405754	0	0,1
2016-Jan-05 11:35:35	PI_6	496	2	2	1405754	0	0,1
2016-Jan-05 11:35:37	PI_6	497	2	2	1405754	0	0,1
2016-Jan-05 11:35:39	PI_6	498	2	0	642933	0	
2016-Jan-05 11:35:41	PI_6	499	2	2	1405754	0	0,1
2016-Jan-05 11:35:43	PI_6	500	2	2	1405754	0	0,1
2016-Jan-05 11:35:45	PI_6	501	2	0	642933	0	
2016-Jan-05 11:35:47	PI_6	502	2	2	1405754	0	0,1
2016-Jan-05 11:35:49	PI_6	503	2	2	1405754	0	0,1
2016-Jan-05 11:35:51	PI_6	504	2	0	642933	0	
2016-Jan-05 11:35:53	PI_6	505	2	2	1405754	0	0,1
2016-Jan-05 11:35:55	PI_6	506	2	2	1405754	0	0,1
2016-Jan-05 11:35:57	PI_6	507	2	0	642933	0	
2016-Jan-05 11:35:59	PI_6	508	2	0	642933	0	
2016-Jan-05 11:36:01	PI_6	509	2	0	642933	0	
2016-Jan-05 11:36:03	PI_6	510	2	2	1405754	0	0,1
2016-Jan-05 11:36:05	PI_6	511	2	0	642933	0	
2016-Jan-05 11:36:07	PI_6	512	2	2	1405754	0	0,1
2016-Jan-05 11:36:09	PI_6	513	2	0	642933	0	
2016-Jan-05 11:36:11	PI_6	514	2	2	1405754	0	0,1
2016-Jan-05 11:36:13	PI_6	515	2	0	642933	0	
2016-Jan-05 11:36:15	PI_6	516	2	2	1405754	0	0,1
2016-Jan-05 11:36:17	PI_6	517	2	0	642933	0	
2016-Jan-05 11:36:19	PI_6	518	2	0	642933	0	
2016-Jan-05 11:36:21	PI_6	519	2	0	642933	0	
2016-Jan-05 11:36:23	PI_6	520	2	2	1405754	0	0,1
2016-Jan-05 11:36:25	PI_6	521	2	0	642933	0	
2016-Jan-05 11:36:27	PI_6	522	2	2	1405754	0	0,1
2016-Jan-05 11:36:29	PI_6	523	2	2	1405754	0	0,1
2016-Jan-05 11:36:31	PI_6	524	2	0	642933	0	
2016-Jan-05 11:36:33	PI_6	525	2	2	1405754	0	0,1
2016-Jan-05 11:36:35	PI_6	526	2	0	642933	0	
2016-Jan-05 11:36:37	PI_6	527	2	2	1405754	0	0,1
2016-Jan-05 11:36:39	PI_6	528	2	0	642933	0	
2016-Jan-05 11:36:41	PI_6	529	2	0	642933	0	
2016-Jan-05 11:36:43	PI_6	530	2	2	1405754	0	0,1
2016-Jan-05 11:36:45	PI_6	531	2	0	642933	0	
2016-Jan-05 11:36:47	PI_6	532	2	0	642933	0	
2016-Jan-05 11:36:49	PI_6	533	2	0	642933	0	
2016-Jan-05 11:36:51	PI_6	534	2	0	642933	0	
2016-Jan-05 11:36:53	PI_6	535	2	0	642933	0	
2016-Jan-05 11:36:55	PI_6	536	2	0	642933	0	
2016-Jan-05 11:36:57	PI_6	537	2	0	642933	0	
2016-Jan-05 11:36:59	PI_6	538	2	0	642933	0	
2016-Jan-05 11:37:01	PI_6	539	2	0	642933	0	
2016-Jan-05 11:37:03	PI_6	540	2	0	642933	0	
2016-Jan-05 11:37:05	PI_6	541	2	0	642933	0	
2016-Jan-05 11:37:07	PI_6	542	2	2	1405754	0	0,1
2016-Jan-05 11:37:09	PI_6	543	2	0	642933	0	
2016-Jan-05 11:37:11	PI_6	544	2	0	642933	0	
2016-Jan-05 11:37:13	PI_6	545	2	0	642933	0	
2016-Jan-05 11:37:15	PI_6	546	2	2	1405754	0	0,1
2016-Jan-05 11:37:17	PI_6	547	2	0	642933	0	
2016-Jan-05 11:37:19	PI_6	548	2	0	642933	0	
2016-Jan-05 11:37:21	PI_6	549	2	0	642933	0	
2016-Jan-05 11:37:23	PI_6	550	2	0	642933	0	
2016-Jan-05 11:37:25	PI_6	551	2	2	1405754	0	0,1
2016-Jan-05 11:37:27	PI_6	552	2	0	642933	0	
2016-Jan-05 11:37:29	PI_6	553	2	2	1405754	0	0,1
2016-Jan-05 11:37:31	PI_6	554	2	0	642933	0	
2016-Jan-05 11:37:33	PI_6	555	2	0	642933	0	
2016-Jan-05 11:37:35	PI_6	556	2	2	1405754	0	0,1
2016-Jan-05 11:37:37	PI_6	557	2	0	642933	0	
2016-Jan-05 11:37:39	PI_6	558	2	2	1405754	0	0,1
2016-Jan-05 11:37:41	PI_6	559	2	0	642933	0	
2016-Jan-05 11:37:43	PI_6	560	2	0	642933	0	
2016-Jan-05 11:37:45	PI_6	561	2	2	1405754	0	0,1
2016-Jan-05 11:37:47	PI_6	562	2	0	642933	0	
2016-Jan-05 11:37:49	PI_6	563	2	0	642933	0	
2016-Jan-05 11:37:51	PI_6	564	2	2	1405754	0	0,1
2016-Jan-05 11:37:53	PI_6	565	2	0	642933	0	
2016-Jan-05 11:37:55	PI_6	566	2	2	1405754	0	0,1
2016-Jan-05 11:37:57	PI_6	567	2	2	1405754	0	0,1
2016-Jan-05 11:37:59	PI_6	568	2	2	1405754	0	0,1
2016-Jan-05 11:38:01	PI_6	569	2	0	642933	0	
2016-Jan-05 11:38:03	PI_6	570	2	2	1405754	0	0,1
2016-Jan-05 11:38:05	PI_6	571	2	0	642933	0	
2016-Jan-05 11:38:07	PI_6	572	2	2	1405754	0	0,1
2016-Jan-05 11:38:09	PI_6	573	2	0	642933	0	
2016-Jan-05 11:38:11	PI_6	574	2	2	1405754	0	0,1
2016-Jan-05 11:38:13	PI_6	575	2	2	1405754	0	0,1
2016-Jan-05 11:38:15	PI_6	576	2	2	1405754	0	0,1
2016-Jan-05 11:38:17	PI_6	577	2	2	1405754	0	0,1
2016-Jan-05 11:38:19	PI_6	578	2	0	642933	0	
2016-Jan-05 11:38:21	PI_6	579	2	2	1405754	0	0,1
2016-Jan-05 11:38:23	PI_6	580	2	2	1405754	0	0,1
2016-Jan-05 11:38:25	PI_6	581	2	0	642933	0	
2016-Jan-05 11:38:27	PI_6	582	2	2	1405754	0	0,1
2016-Jan-05 11:38:29	PI_6	583	2	0	642933	0	
2016-Jan-05 11:38:31	PI_6	584	2	0	642933	0	
2016-Jan-05 11:38:33	PI_6	585	2	0	642933	0	
2016-Jan-05 11:38:35	PI_6	586	2	2	1405754	0	0,1
2016-Jan-05 11:38:37	PI_6	587	2	0	642933	0	
2016-Jan-05 11:38:39	PI_6	588	2	0	642933	0	
2016-Jan-05 11:38:41	PI_6	589	2	2	1405754	0	0,1
2016-Jan-05 11:38:43	PI_6	590	2	0	642933	0	
2016-Jan-05 11:38:45	PI_6	591	2	0	642933	0	
2016-Jan-05 11:38:47	PI_6	592	2	2	1405754	0	0,1
2016-Jan-05 11:38:49	PI_6	593	2	0	642933	0	
2016-Jan-05 11:38:51	PI_6	594	2	2	1405754	0	0,1
2016-Jan-05 11:38:53	PI_6	595	2	2	1405754	0	0,1
2016-Jan-05 11:38:55	PI_6	596	2	0	642933	0	
2016-Jan-05 11:38:57	PI_6	597	2	2	1405754	0	0,1
2016-Jan-05 11:38:59	PI_6	598	2	2	1405754	0	0,1
2016-Jan-05 11:39:01	PI_6	599	2	2	1405754	0	0,1
2016-Jan-05 11:39:03	PI_6	600	2	2	1405754	0	0,1
2016-Jan-05 11:39:05	PI_6	601	2	0	642933	0	
2016-Jan-05 11:39:07	PI_6	602	2	2	1405754	0	0,1
2016-Jan-05 11:39:09	PI_6	603	2	2	1405754	0	0,1
2016-Jan-05 11:39:11	PI_6	604	2	2	1405754	0	0,1
2016-Jan-05 11:39:13	PI_6	605	2	2	1405754	0	0,1
2016-Jan-05 11:39:15	PI_6	606	2	0	642933	0	
2016-Jan-05 11:39:17	PI_6	607	2	2	1405754	0	0,1
2016-Jan-05 11:39:19	PI_6	608	2	2	1405754	0	0,1
2016-Jan-05 11:39:21	PI_6	609	2	2	1405754	0	0,1
2016-Jan-05 11:39:23	PI_6	610	2	0	642933	0	
2016-Jan-05 11:39:25	PI_6	611	2	2	1405754	0	0,1
2016-Jan-05 11:39:27	PI_6	612	2	2	1405754	0	0,1
2016-Jan-05 11:39:29	PI_6	613	2	2	1405754	0	0,1
2016-Jan-05 11:39:31	PI_6	614	2	2	1405754	0	0,1
2016-Jan-05 11:39:33	PI_6	615	2	2	1405754	0	0,1
2016-Jan-05 11:39:35	PI_6	616	2	2	1405754	0	0,1
2016-Jan-05 11:39:37	PI_6	617	2	2	1405754	0	0,1
2016-Jan-05 11:39:39	PI_6	618	2	0	642933	0	
2016-Jan-05 11:39:41	PI_6	619	2	2	1405754	0	0,1
2016-Jan-05 11:39:43	PI_6	620	2	2	1405754	0	0,1
2016-Jan-05 11:39:45	PI_6	621	2	2	1405754	0	0,1
2016-Jan-05 11:39:47	PI_6	622	2	0	642933	0	
2016-Jan-05 11:39:49	PI_6	623	2	2	1405754	0	0,1
2016-Jan-05 11:39:51	PI_6	624	2	0	642933	0	
2016-Jan-05 11:39:53	PI_6	625	2	2	1405754	0	0,1
2016-Jan-05 11:39:55	PI_6	626	2	0	642933	0	
2016-Jan-05 11:39:57	PI_6	627	2	2	1405754	0	0,1
2016-Jan-05 11:39:59	PI_6	628	2	0	642933	0	
2016-Jan-05 11:40:01	PI_6	629	2	0	642933	0	
2016-Jan-05 11:40:03	PI_6	630	2	2	1405754	0	0,1
2016-Jan-05 11:40:05	PI_6	631	2	0	642933	0	
2016-Jan-05 11:40:07	PI_6	632	2	2	1405754	0	0,1
2016-Jan-05 11:40:09	PI_6	633	2	0	642933	0	
2016-Jan-05 11:40:11	PI_6	634	2	0	642933	0	
2016-Jan-05 11:40:13	PI_6	635	2	2	1405754	0	0,1
2016-Jan-05 11:40:15	PI_6	636	2	0	642933	0	
2016-Jan-05 11:40:17	PI_6	637	2	2	1405754	0	0,1
2016-Jan-05 11:40:19	PI_6	638	2	0	642933	0	
2016-Jan-05 11:40:21	PI_6	639	2	2	1405754	0	0,1
2016-Jan-05 11:40:23	PI_6	640	2	0	642933	0	
2016-Jan-05 11:40:25	PI_6	641	2	0	642933	0	
2016-Jan-05 11:40:27	PI_6	642	2	2	1405754	0	0,1
2016-Jan-05 11:40:29	PI_6	643	2	0	642933	0	
2016-Jan-05 11:40:31	PI_6	644	2	0	642933	0	
2016-Jan-05 11:40:33	PI_6	645	2	2	1405754	0	0,1
2016-Jan-05 11:40:35	PI_6	646	2	0	642933	0	
2016-Jan-05 11:40:37	PI_6	647	2	2	1405754	0	0,1
2016-Jan-05 11:40:39	PI_6	648	2	2	1405754	0	0,1
2016-Jan-05 11:40:41	PI_6	649	2	2	1405754	0	0,1
2016-Jan-05 11:40:43	PI_6	650	2	2	1405754	0	0,1
2016-Jan-05 11:40:45	PI_6	651	2	2	1405754	0	0,1
2016-Jan-05 11:40:47	PI_6	652	2	2	1405754	0	0,1
2016-Jan-05 11:40:49	PI_6	653	2	2	1405754	0	0,1
2016-Jan-05 11:40:51	PI_6	654	2	2	1405754	0	0,1
2016-Jan-05 11:40:53	PI_6	655	2	0	642933	0	
2016-Jan-05 11:40:55	PI_6	656	2	2	1405754	0	0,1
2016-Jan-05 11:40:57	PI_6	657	2	2	1405754	0	0,1
2016-Jan-05 11:40:59	PI_6	658	2	0	642933	0	
2016-Jan-05 11:41:01	PI_6	659	2	2	1405754	0	0,1
2016-Jan-05 11:41:03	PI_6	660	2	2	1405754	0	0,1
2016-Jan-05 11:41:05	PI_6	661	2	2	1405754	0	0,1
2016-Jan-05 11:41:07	PI_6	662	2	0	642933	0	
2016-Jan-05 11:41:09	PI_6	663	2	2	1405754	0	0,1
2016-Jan-05 11:41:11	PI_6	664	2	2	1405754	0	0,1
2016-Jan-05 11:41:13	PI_6	665	2	2	1405754	0	0,1
2016-Jan-05 11:41:15	PI_6	666	2	1	997955	0	0
2016-Jan-05 11:41:17	PI_6	667	2	1	997955	0	0
2016-Jan-05 11:41:19	PI_6	668	2	1	997955	0	0
2016-Jan-05 11:41:21	PI_6	669	2	2	1405754	0	0,1
2016-Jan-05 11:41:23	PI_6	670	2	2	1405754	0	0,1
2016-Jan-05 11:41:25	PI_6	671	2	0	642933	0	
2016-Jan-05 11:41:27	PI_6	672	2	2	1405754	0	0,1
2016-Jan-05 11:41:29	PI_6	673	2	0	642933	0	
2016-Jan-05 11:41:31	PI_6	674	2	2	1405754	0	0,1
2016-Jan-05 11:41:33	PI_6	675	2	2	1405754	0	0,1
2016-Jan-05 11:41:35	PI_6	676	2	0	642933	0	
2016-Jan-05 11:41:37	PI_6	677	2	2	1405754	0	0,1
2016-Jan-05 11:41:39	PI_6	678	2	0	642933	0	
2016-Jan-05 11:41:41	PI_6	679	2	2	1405754	0	0,1
2016-Jan-05 11:41:43	PI_6	680	2	2	1405754	0	0,1
2016-Jan-05 11:41:45	PI_6	681	2	2	1405754	0	0,1
2016-Jan-05 11:41:47	PI_6	682	2	0	642933	0	
2016-Jan-05 11:41:49	PI_6	683	2	2	1405754	0	0,1
2016-Jan-05 11:41:51	PI_6	684	2	0	642933	0	
2016-Jan-05 11:41:53	PI_6	685	2	2	1405754	0	0,1
2016-Jan-05 11:41:55	PI_6	686	2	0	642933	0	
2016-Jan-05 11:41:57	PI_6	687	2	0	642933	0	
2016-Jan-05 11:41:59	PI_6	688	2	2	1405754	0	0,1
2016-Jan-05 11:42:01	PI_6	689	2	0	642933	0	
2016-Jan-05 11:42:03	PI_6	690	2	0	642933	0	
2016-Jan-05 11:42:05	PI_6	691	2	0	642933	0	
2016-Jan-05 11:42:07	PI_6	692	2	2	1405754	0	0,1
2016-Jan-05 11:42:09	PI_6	693	2	0	642933	0	
2016-Jan-05 11:42:11	PI_6	694	2	0	642933	0	
2016-Jan-05 11:42:13	PI_6	695	2	2	1405754	0	0,1
2016-Jan-05 11:42:15	PI_6	696	2	0	642933	0	
2016-Jan-05 11:42:17	PI_6	697	2	2	1405754	0	0,1
2016-Jan-05 11:42:19	PI_6	698	2	0	642933	0	
2016-Jan-05 11:42:21	PI_6	699	2	2	1405754	0	0,1
2016-Jan-05 11:42:23	PI_6	700	2	0	642933	0	
2016-Jan-05 11:42:25	PI_6	701	2	2	1405754	0	0,1
2016-Jan-05 11:42:27	PI_6	702	2	0	642933	0	
2016-Jan-05 11:42:29	PI_6	703	2	2	1405754	0	0,1
2016-Jan-05 11:42:31	PI_6	704	2	2	1405754	0	0,1
2016-Jan-05 11:42:33	PI_6	705	2	2	1405754	0	0,1
2016-Jan-05 11:42:35	PI_6	706	2	2	1405754	0	0,1
2016-Jan-05 11:42:37	PI_6	707	2	0	642933	0	
2016-Jan-05 11:42:39	PI_6	708	2	2	1405754	0	0,1
2016-Jan-05 11:42:41	PI_6	709	2	2	1405754	0	0,1
2016-Jan-05 11:42:43	PI_6	710	2	2	1405754	0	0,1
2016-Jan-05 11:42:45	PI_6	711	2	2	1405754	0	0,1
2016-Jan-05 11:42:47	PI_6	712	2	2	1405754	0	0,1
2016-Jan-05 11:42:49	PI_6	713	2	2	1405754	0	0,1
2016-Jan-05 11:42:51	PI_6	714	2	2	1405754	0	0,1
2016-Jan-05 11:42:53	PI_6	715	2	2	1405754	0	0,1
2016-Jan-05 11:42:55	PI_6	716	2	2	1405754	0	0,1
2016-Jan-05 11:42:57	PI_6	717	2	2	1405754	0	0,1
2016-Jan-05 11:42:59	PI_6	718	2	0	642933	0	
2016-Jan-05 11:43:01	PI_6	719	2	2	1405754	0	0,1
2016-Jan-05 11:43:03	PI_6	720	2	0	642933	0	
2016-Jan-05 11:43:05	PI_6	721	2	0	642933	0	
2016-Jan-05 11:43:07	PI_6	722	2	0	642933	0	
2016-Jan-05 11:43:09	PI_6	723	2	2	1405754	0	0,1
2016-Jan-05 11:43:11	PI_6	724	2	0	642933	0	
2016-Jan-05 11:43:13	PI_6	725	2	2	1405754	0	0,1
2016-Jan-05 11:43:15	PI_6	726	2	0	642933	0	
2016-Jan-05 11:43:17	PI_6	727	2	2	1405754	0	0,1
2016-Jan-05 11:43:19	PI_6	728	2	0	642933	0	
2016-Jan-05 11:43:21	PI_6	729	2	2	1405754	0	0,1
2016-Jan-05 11:43:23	PI_6	730	2	2	1405754	0	0,1
2016-Jan-05 11:43:25	PI_6	731	2	2	1405754	0	0,1
2016-Jan-05 11:43:27	PI_6	732	2	0	642933	0	
2016-Jan-05 11:43:29	PI_6	733	2	2	1405754	0	0,1
2016-Jan-05 11:43:31	PI_6	734	2	2	1405754	0	0,1
2016-Jan-05 11:43:33	PI_6	735	2	2	1405754	0	0,1
2016-Jan-05 11:43:35	PI_6	736	2	2	1405754	0	0,1
2016-Jan-05 11:43:37	PI_6	737	2	0	642933	0	
2016-Jan-05 11:43:39	PI_6	738	2	2	1405754	0	0,1
2016-Jan-05 11:43:41	PI_6	739	2	2	1405754	0	0,1
2016-Jan-05 11:43:43	PI_6	740	2	0	642933	0	
2016-Jan-05 11:43:45	PI_6	741	2	2	1405754	0	0,1
2016-Jan-05 11:43:47	PI_6	742	2	2	1405754	0	0,1
2016-Jan-05 11:43:49	PI_6	743	2	0	642933	0	
2016-Jan-05 11:43:51	PI_6	744	2	2	1405754	0	0,1
2016-Jan-05 11:43:53	PI_6	745	2	0	642933	0	
2016-Jan-05 11:43:55	PI_6	746	2	0	642933	0	
2016-Jan-05 11:43:57	PI_6	747	2	2	1405754	0	0,1
2016-Jan-05 11:43:59	PI_6	748	2	0	642933	0	
2016-Jan-05 11:44:01	PI_6	749	2	2	1405754	0	0,1
2016-Jan-05 11:44:03	PI_6	750	2	0	642933	0	
2016-Jan-05 11:44:05	PI_6	751	2	2	1405754	0	0,1
2016-Jan-05 11:44:07	PI_6	752	2	0	642933	0	
2016-Jan-05 11:44:09	PI_6	753	2	2	1405754	0	0,1
2016-Jan-05 11:44:11	PI_6	754	2	0	642933	0	
2016-Jan-05 11:44:13	PI_6	755	2	0	642933	0	
2016-Jan-05 11:44:15	PI_6	756	2	0	642933	0	
2016-Jan-05 11:44:17	PI_6	757	2	0	642933	0	
2016-Jan-05 11:44:19	PI_6	758	2	2	1405754	0	0,1
2016-Jan-05 11:44:21	PI_6	759	2	0	642933	0	
2016-Jan-05 11:44:23	PI_6	760	2	0	642933	0	
2016-Jan-05 11:44:25	PI_6	761	2	0	642933	0	
2016-Jan-05 11:44:27	PI_6	762	2	2	1405754	0	0,1
2016-Jan-05 11:44:29	PI_6	763	2	0	642933	0	
2016-Jan-05 11:44:31	PI_6	764	2	2	1405754	0	0,1
2016-Jan-05 11:44:33	PI_6	765	2	0	642933	0	
2016-Jan-05 11:44:35	PI_6	766	2	0	642933	0	
2016-Jan-05 11:44:37	PI_6	767	2	0	642933	0	
2016-Jan-05 11:44:39	PI_6	768	2	2	1405754	0	0,1
2016-Jan-05 11:44:41	PI_6	769	2	2	1405754	0	0,1
2016-Jan-05 11:44:43	PI_6	770	2	0	642933	0	
2016-Jan-05 11:44:45	PI_6	771	2	2	1405754	0	0,1
2016-Jan-05 11:44:47	PI_6	772	2	2	1405754	0	0,1
2016-Jan-05 11:44:49	PI_6	773	2	0	642933	0	
2016-Jan-05 11:44:51	PI_6	774	2	2	1405754	0	0,1
2016-Jan-05 11:44:53	PI_6	775	2	0	642933	0	
2016-Jan-05 11:44:55	PI_6	776	2	2	1405754	0	0,1
2016-Jan-05 11:44:57	PI_6	777	2	0	642933	0	
2016-Jan-05 11:44:59	PI_6	778	2	2	1405754	0	0,1
2016-Jan-05 11:45:01	PI_6	779	2	2	1405754	0	0,1
2016-Jan-05 11:45:03	PI_6	780	2	2	1405754	0	0,1
2016-Jan-05 11:45:05	PI_6	781	2	2	1405754	0	0,1
2016-Jan-05 11:45:07	PI_6	782	2	2	1405754	0	0,1
2016-Jan-05 11:45:09	PI_6	783	2	2	1405754	0	0,1
2016-Jan-05 11:45:11	PI_6	784	2	2	1405754	0	0,1
2016-Jan-05 11:45:13	PI_6	785	2	0	642933	0	
2016-Jan-05 11:45:15	PI_6	786	2	2	1405754	0	0,1
2016-Jan-05 11:45:17	PI_6	787	2	0	642933	0	
2016-Jan-05 11:45:19	PI_6	788	2	2	1405754	0	0,1
2016-Jan-05 11:45:21	PI_6	789	2	0	642933	0	
2016-Jan-05 11:45:23	PI_6	790	2	0	642933	0	
2016-Jan-05 11:45:25	PI_6	791	2	0	642933	0	
2016-Jan-05 11:45:27	PI_6	792	2	0	642933	0	
2016-Jan-05 11:45:29	PI_6	793	2	2	1405754	0	0,1
2016-Jan-05 11:45:31	PI_6	794	2	0	642933	0	
2016-Jan-05 11:45:33	PI_6	795	2	0	642933	0	
2016-Jan-05 11:45:35	PI_6	796	2	0	642933	0	
2016-Jan-05 11:45:37	PI_6	797	2	2	1405754	0	0,1
2016-Jan-05 11:45:39	PI_6	798	2	0	642933	0	
2016-Jan-05 11:45:41	PI_6	799	2	2	1405754	0	0,1
2016-Jan-05 11:45:43	PI_6	800	2	0	642933	0	
2016-Jan-05 11:45:45	PI_6	801	2	2	1405754	0	0,1
2016-Jan-05 11:45:47	PI_6	802	2	2	1405754	0	0,1
2016-Jan-05 11:45:49	PI_6	803	2	0	642933	0	
2016-Jan-05 11:45:51	PI_6	804	2	2	1405754	0	0,1
2016-Jan-05 11:45:53	PI_6	805	2	0	642933	0	
2016-Jan-05 11:45:55	PI_6	806	2	2	1405754	0	0,1
2016-Jan-05 11:45:57	PI_6	807	2	2	1405754	0	0,1
2016-Jan-05 11:45:59	PI_6	808	2	0	642933	0	
2016-Jan-05 11:46:01	PI_6	809	2	0	642933	0	
2016-Jan-05 11:46:03	PI_6	810	2	2	1405754	0	0,1
2016-Jan-05 11:46:05	PI_6	811	2	0	642933	0	
2016-Jan-05 11:46:07	PI_6	812	2	0	642933	0	
2016-Jan-05 11:46:09	PI_6	813	2	2	1405754	0	0,1
2016-Jan-05 11:46:11	PI_6	814	2	0	642933	0	
2016-Jan-05 11:46:13	PI_6	815	2	2	1405754	0	0,1
2016-Jan-05 11:46:15	PI_6	816	2	0	642933	0	
2016-Jan-05 11:46:17	PI_6	817	2	2	1405754	0	0,1
2016-Jan-05 11:46:19	PI_6	818	2	0	642933	0	
2016-Jan-05 11:46:21	PI_6	819	2	2	1405754	0	0,1
2016-Jan-05 11:46:23	PI_6	820	2	0	642933	0	
2016-Jan-05 11:46:25	PI_6	821	2	2	1405754	0	0,1
2016-Jan-05 11:46:27	PI_6	822	2	2	1405754	0	0,1
2016-Jan-05 11:46:29	PI_6	823	2	0	642933	0	
2016-Jan-05 11:46:31	PI_6	824	2	2	1405754	0	0,1
2016-Jan-05 11:46:33	PI_6	825	2	0	642933	0	
2016-Jan-05 11:46:35	PI_6	826	2	2	1405754	0	0,1
2016-Jan-05 11:46:37	PI_6	827	2	0	642933	0	
2016-Jan-05 11:46:39	PI_6	828	2	0	642933	0	
2016-Jan-05 11:46:41	PI_6	829	2	2	1405754	0	0,1
2016-Jan-05 11:46:43	PI_6	830	2	0	642933	0	
2016-Jan-05 11:46:45	PI_6	831	2	2	1405754	0	0,1
2016-Jan-05 11:46:47	PI_6	832	2	0	642933	0	
2016-Jan-05 11:46:49	PI_6	833	2	2	1405754	0	0,1
2016-Jan-05 11:46:51	PI_6	834	2	0	642933	0	
2016-Jan-05 11:46:53	PI_6	835	2	2	1405754	0	0,1
2016-Jan-05 11:46:55	PI_6	836	2	0	642933	0	
2016-Jan-05 11:46:57	PI_6	837	2	2	1405754	0	0,1
2016-Jan-05 11:46:59	PI_6	838	2	2	1405754	0	0,1
2016-Jan-05 11:47:01	PI_6	839	2	0	642933	0	
2016-Jan-05 11:47:03	PI_6	840	2	2	1405754	0	0,1
2016-Jan-05 11:47:05	PI_6	841	2	2	1405754	0	0,1
2016-Jan-05 11:47:07	PI_6	842	2	2	1405754	0	0,1
2016-Jan-05 11:47:09	PI_6	843	2	2	1405754	0	0,1
2016-Jan-05 11:47:11	PI_6	844	2	2	1405754	0	0,1
2016-Jan-05 11:47:13	PI_6	845	2	0	642933	0	
2016-Jan-05 11:47:15	PI_6	846	2	2	1405754	0	0,1
2016-Jan-05 11:47:17	PI_6	847	2	2	1405754	0	0,1
2016-Jan-05 11:47:19	PI_6	848	2	2	1405754	0	0,1
2016-Jan-05 11:47:21	PI_6	849	2	2	1405754	0	0,1
2016-Jan-05 11:47:23	PI_6	850	2	2	1405754	0	0,1
2016-Jan-05 11:47:25	PI_6	851	2	2	1405754	0	0,1
2016-Jan-05 11:47:27	PI_6	852	2	2	1405754	0	0,1
2016-Jan-05 11:47:29	PI_6	853	2	2	1405754	0	0,1
2016-Jan-05 11:47:31	PI_6	854	2	2	1405754	0	0,1
2016-Jan-05 11:47:33	PI_6	855	2	2	1405754	0	0,1
2016-Jan-05 11:47:35	PI_6	856	2	0	642933	0	
2016-Jan-05 11:47:37	PI_6	857	2	0	642933	0	
2016-Jan-05 11:47:39	PI_6	858	2	0	642933	0	
2016-Jan-05 11:47:41	PI_6	859	2	0	642933	0	
2016-Jan-05 11:47:43	PI_6	860	2	0	642933	0	
2016-Jan-05 11:47:45	PI_6	861	2	0	642933	0	
2016-Jan-05 11:47:47	PI_6	862	2	0	642933	0	
2016-Jan-05 11:47:49	PI_6	863	2	0	642933	0	
2016-Jan-05 11:47:51	PI_6	864	2	2	1405754	0	0,1
2016-Jan-05 11:47:53	PI_6	865	2	2	1405754	0	0,1
2016-Jan-05 11:47:55	PI_6	866	2	2	1405754	0	0,1
2016-Jan-05 11:47:57	PI_6	867	2	0	642933	0	
2016-Jan-05 11:47:59	PI_6	868	2	2	1405754	0	0,1
2016-Jan-05 11:48:01	PI_6	869	2	2	1405754	0	0,1
2016-Jan-05 11:48:03	PI_6	870	2	0	642933	0	
2016-Jan-05 11:48:05	PI_6	871	2	2	1405754	0	0,1
2016-Jan-05 11:48:07	PI_6	872	2	2	1405754	0	0,1
2016-Jan-05 11:48:09	PI_6	873	2	2	1405754	0	0,1
2016-Jan-05 11:48:11	PI_6	874	2	2	1405754	0	0,1
2016-Jan-05 11:48:13	PI_6	875	2	2	1405754	0	0,1
2016-Jan-05 11:48:15	PI_6	876	2	2	1405754	0	0,1
2016-Jan-05 11:48:17	PI_6	877	2	2	1405754	0	0,1
2016-Jan-05 11:48:19	PI_6	878	2	2	1405754	0	0,1
2016-Jan-05 11:48:21	PI_6	879	2	2	1405754	0	0,1
2016-Jan-05 11:48:23	PI_6	880	2	2	1405754	0	0,1
2016-Jan-05 11:48:25	PI_6	881	2	0	642933	0	
2016-Jan-05 11:48:27	PI_6	882	2	2	1405754	0	0,1
2016-Jan-05 11:48:29	PI_6	883	2	2	1405754	0	0,1
2016-Jan-05 11:48:31	PI_6	884	2	2	1405754	0	0,1
2016-Jan-05 11:48:33	PI_6	885	2	0	642933	0	
2016-Jan-05 11:48:35	PI_6	886	2	2	1405754	0	0,1
2016-Jan-05 11:48:37	PI_6	887	2	0	642933	0	
2016-Jan-05 11:48:39	PI_6	888	2	0	642933	0	
2016-Jan-05 11:48:41	PI_6	889	2	2	1405754	0	0,1
2016-Jan-05 11:48:43	PI_6	890	2	0	642933	0	
2016-Jan-05 11:48:45	PI_6	891	2	0	642933	0	
2016-Jan-05 11:48:47	PI_6	892	2	2	1405754	0	0,1
2016-Jan-05 11:48:49	PI_6	893	2	0	642933	0	
2016-Jan-05 11:48:51	PI_6	894	2	0	642933	0	
2016-Jan-05 11:48:53	PI_6	895	2	2	1405754	0	0,1
2016-Jan-05 11:48:55	PI_6	896	2	0	642933	0	
2016-Jan-05 11:48:57	PI_6	897	2	2	1405754	0	0,1
2016-Jan-05 11:48:59	PI_6	898	2	0	642933	0	
2016-Jan-05 11:49:01	PI_6	899	2	2	1405754	0	0,1
2016-Jan-05 11:49:03	PI_6	900	2	0	642933	0	
2016-Jan-05 11:49:05	PI_6	901	2	0	642933	0	
2016-Jan-05 11:49:07	PI_6	902	2	0	642933	0	
2016-Jan-05 11:49:09	PI_6	903	2	2	1405754	0	0,1
2016-Jan-05 11:49:11	PI_6	904	2	0	642933	0	
2016-Jan-05 11:49:13	PI_6	905	2	2	1405754	0	0,1
2016-Jan-05 11:49:15	PI_6	906	2	0	642933	0	
2016-Jan-05 11:49:17	PI_6	907	2	2	1405754	0	0,1
2016-Jan-05 11:49:19	PI_6	908	2	0	642933	0	
2016-Jan-05 11:49:21	PI_6	909	2	2	1405754	0	0,1
2016-Jan-05 11:49:23	PI_6	910	2	2	1405754	0	0,1
2016-Jan-05 11:49:25	PI_6	911	2	2	1405754	0	0,1
2016-Jan-05 11:49:27	PI_6	912	2	2	1405754	0	0,1
2016-Jan-05 11:49:29	PI_6	913	2	0	642933	0	
2016-Jan-05 11:49:31	PI_6	914	2	2	1405754	0	0,1
2016-Jan-05 11:49:33	PI_6	915	2	0	642933	0	
2016-Jan-05 11:49:35	PI_6	916	2	2	1405754	0	0,1
2016-Jan-05 11:49:37	PI_6	917	2	0	642933	0	
2016-Jan-05 11:49:39	PI_6	918	2	0	642933	0	
2016-Jan-05 11:49:41	PI_6	919	2	0	642933	0	
2016-Jan-05 11:49:43	PI_6	920	2	2	1405754	0	0,1
2016-Jan-05 11:49:45	PI_6	921	2	2	1405754	0	0,1
2016-Jan-05 11:49:47	PI_6	922	2	0	642933	0	
2016-Jan-05 11:49:49	PI_6	923	2	2	1405754	0	0,1
2016-Jan-05 11:49:51	PI_6	924	2	2	1405754	0	0,1
2016-Jan-05 11:49:53	PI_6	925	2	0	642933	0	
2016-Jan-05 11:49:55	PI_6	926	2	2	1405754	0	0,1
2016-Jan-05 11:49:57	PI_6	927	2	0	642933	0	
2016-Jan-05 11:49:59	PI_6	928	2	0	642933	0	
2016-Jan-05 11:50:01	PI_6	929	2	2	1405754	0	0,1
2016-Jan-05 11:50:03	PI_6	930	2	0	642933	0	
2016-Jan-05 11:50:05	PI_6	931	2	0	642933	0	
2016-Jan-05 11:50:07	PI_6	932	2	2	1405754	0	0,1
2016-Jan-05 11:50:09	PI_6	933	2	0	642933	0	
2016-Jan-05 11:50:11	PI_6	934	2	2	1405754	0	0,1
2016-Jan-05 11:50:13	PI_6	935	2	0	642933	0	
2016-Jan-05 11:50:15	PI_6	936	2	0	642933	0	
2016-Jan-05 11:50:17	PI_6	937	2	0	642933	0	
2016-Jan-05 11:50:19	PI_6	938	2	0	642933	0	
2016-Jan-05 11:50:21	PI_6	939	2	0	642933	0	
2016-Jan-05 11:50:23	PI_6	940	2	0	642933	0	
2016-Jan-05 11:50:25	PI_6	941	2	2	1405754	0	0,1
2016-Jan-05 11:50:27	PI_6	942	2	0	642933	0	
2016-Jan-05 11:50:29	PI_6	943	2	0	642933	0	
2016-Jan-05 11:50:31	PI_6	944	2	0	642933	0	
2016-Jan-05 11:50:33	PI_6	945	2	0	642933	0	
2016-Jan-05 11:50:35	PI_6	946	2	0	642933	0	
2016-Jan-05 11:50:37	PI_6	947	2	0	642933	0	
2016-Jan-05 11:50:39	PI_6	948	2	0	642933	0	
2016-Jan-05 11:50:41	PI_6	949	2	0	642933	0	
2016-Jan-05 11:50:43	PI_6	950	2	0	642933	0	
2016-Jan-05 11:50:45	PI_6	951	2	2	1405754	0	0,1
2016-Jan-05 11:50:47	PI_6	952	2	0	642933	0	
2016-Jan-05 11:50:49	PI_6	953	2	2	1405754	0	0,1
2016-Jan-05 11:50:51	PI_6	954	2	0	642933	0	
2016-Jan-05 11:50:53	PI_6	955	2	0	642933	0	
2016-Jan-05 11:50:55	PI_6	956	2	0	642933	0	
2016-Jan-05 11:50:57	PI_6	957	2	2	1405754	0	0,1
2016-Jan-05 11:50:59	PI_6	958	2	0	642933	0	
2016-Jan-05 11:51:01	PI_6	959	2	2	1405754	0	0,1
2016-Jan-05 11:51:03	PI_6	960	2	0	642933	0	
2016-Jan-05 11:51:05	PI_6	961	2	2	1405754	0	0,1
2016-Jan-05 11:51:07	PI_6	962	2	2	1405754	0	0,1
2016-Jan-05 11:51:09	PI_6	963	2	0	642933	0	
2016-Jan-05 11:51:11	PI_6	964	2	2	1405754	0	0,1
2016-Jan-05 11:51:13	PI_6	965	2	0	642933	0	
2016-Jan-05 11:51:15	PI_6	966	2	2	1405754	0	0,1
2016-Jan-05 11:51:17	PI_6	967	2	0	642933	0	
2016-Jan-05 11:51:19	PI_6	968	2	2	1405754	0	0,1
2016-Jan-05 11:51:21	PI_6	969	2	0	642933	0	
2016-Jan-05 11:51:23	PI_6	970	2	2	1405754	0	0,1
2016-Jan-05 11:51:25	PI_6	971	2	2	1405754	0	0,1
2016-Jan-05 11:51:27	PI_6	972	2	2	1405754	0	0,1
2016-Jan-05 11:51:29	PI_6	973	2	0	642933	0	
2016-Jan-05 11:51:31	PI_6	974	2	2	1405754	0	0,1
2016-Jan-05 11:51:33	PI_6	975	2	2	1405754	0	0,1
2016-Jan-05 11:51:35	PI_6	976	2	2	1405754	0	0,1
2016-Jan-05 11:51:37	PI_6	977	2	2	1405754	0	0,1
2016-Jan-05 11:51:39	PI_6	978	2	2	1405754	0	0,1
2016-Jan-05 11:51:41	PI_6	979	2	0	642933	0	
2016-Jan-05 11:51:43	PI_6	980	2	2	1405754	0	0,1
2016-Jan-05 11:51:45	PI_6	981	2	2	1405754	0	0,1
2016-Jan-05 11:51:47	PI_6	982	2	2	1405754	0	0,1
2016-Jan-05 11:51:49	PI_6	983	2	2	1405754	0	0,1
2016-Jan-05 11:51:51	PI_6	984	2	2	1405754	0	0,1
2016-Jan-05 11:51:53	PI_6	985	2	2	1405754	0	0,1
2016-Jan-05 11:51:55	PI_6	986	2	2	1405754	0	0,1
2016-Jan-05 11:51:57	PI_6	987	2	0	642933	0	
2016-Jan-05 11:51:59	PI_6	988	2	2	1405754	0	0,1
2016-Jan-05 11:52:01	PI_6	989	2	2	1405754	0	0,1
2016-Jan-05 11:52:03	PI_6	990	2	0	642933	0	
2016-Jan-05 11:52:05	PI_6	991	2	2	1405754	0	0,1
2016-Jan-05 11:52:07	PI_6	992	2	2	1405754	0	0,1
2016-Jan-05 11:52:09	PI_6	993	2	2	1405754	0	0,1
2016-Jan-05 11:52:11	PI_6	994	2	2	1405754	0	0,1
2016-Jan-05 11:52:13	PI_6	995	2	2	1405754	0	0,1
2016-Jan-05 11:52:15	PI_6	996	2	0	642933	0	
2016-Jan-05 11:52:17	PI_6	997	2	2	1405754	0	0,1
2016-Jan-05 11:52:19	PI_6	998	2	2	1405754	0	0,1
2016-Jan-05 11:52:21	PI_6	999	2	0	642933	0	
2016-Jan-05 11:52:23	PI_6	1000	2	2	1405754	0	0,1
2016-Jan-05 11:52:25	PI_6	1001	2	0	642933	0	
2016-Jan-05 11:52:27	PI_6	1002	2	2	1405754	0	0,1
2016-Jan-05 11:52:29	PI_6	1003	2	0	642933	0	
2016-Jan-05 11:52:31	PI_6	1004	2	2	1405754	0	0,1
2016-Jan-05 11:52:33	PI_6	1005	2	2	1405754	0	0,1
2016-Jan-05 11:52:35	PI_6	1006	2	0	642933	0	
2016-Jan-05 11:52:37	PI_6	1007	2	2	1405754	0	0,1
2016-Jan-05 11:52:39	PI_6	1008	2	2	1405754	0	0,1
2016-Jan-05 11:52:41	PI_6	1009	2	0	642933	0	
2016-Jan-05 11:52:43	PI_6	1010	2	2	1405754	0	0,1
2016-Jan-05 11:52:45	PI_6	1011	2	2	1405754	0	0,1
2016-Jan-05 11:52:47	PI_6	1012	2	0	642933	0	
2016-Jan-05 11:52:49	PI_6	1013	2	0	642933	0	
2016-Jan-05 11:52:51	PI_6	1014	2	2	1405754	0	0,1
2016-Jan-05 11:52:53	PI_6	1015	2	0	642933	0	
2016-Jan-05 11:52:55	PI_6	1016	2	0	642933	0	
2016-Jan-05 11:52:57	PI_6	1017	2	0	642933	0	
2016-Jan-05 11:52:59	PI_6	1018	2	0	642933	0	
2016-Jan-05 11:53:01	PI_6	1019	2	2	1405754	0	0,1
2016-Jan-05 11:53:03	PI_6	1020	2	0	642933	0	
2016-Jan-05 11:53:05	PI_6	1021	2	0	642933	0	
2016-Jan-05 11:53:07	PI_6	1022	2	0	642933	0	
2016-Jan-05 11:53:09	PI_6	1023	2	0	642933	0	
2016-Jan-05 11:53:11	PI_6	1024	2	0	642933	0	
2016-Jan-05 11:53:13	PI_6	1025	2	0	642933	0	
2016-Jan-05 11:53:15	PI_6	1026	2	2	1405754	0	0,1
2016-Jan-05 11:53:17	PI_6	1027	2	2	1405754	0	0,1
2016-Jan-05 11:53:19	PI_6	1028	2	2	1405754	0	0,1
2016-Jan-05 11:53:21	PI_6	1029	2	2	1405754	0	0,1
2016-Jan-05 11:53:23	PI_6	1030	2	2	1405754	0	0,1
2016-Jan-05 11:53:25	PI_6	1031	2	0	642933	0	
2016-Jan-05 11:53:27	PI_6	1032	2	2	1405754	0	0,1
2016-Jan-05 11:53:29	PI_6	1033	2	2	1405754	0	0,1
2016-Jan-05 11:53:31	PI_6	1034	2	2	1405754	0	0,1
2016-Jan-05 11:53:33	PI_6	1035	2	2	1405754	0	0,1
2016-Jan-05 11:53:35	PI_6	1036	2	2	1405754	0	0,1
2016-Jan-05 11:53:37	PI_6	1037	2	2	1405754	0	0,1
2016-Jan-05 11:53:39	PI_6	1038	2	2	1405754	0	0,1
2016-Jan-05 11:53:41	PI_6	1039	2	2	1405754	0	0,1
2016-Jan-05 11:53:43	PI_6	1040	2	2	1405754	0	0,1
2016-Jan-05 11:53:45	PI_6	1041	2	2	1405754	0	0,1
2016-Jan-05 11:53:47	PI_6	1042	2	2	1405754	0	0,1
2016-Jan-05 11:53:49	PI_6	1043	2	2	1405754	0	0,1
2016-Jan-05 11:53:51	PI_6	1044	2	2	1405754	0	0,1
2016-Jan-05 11:53:53	PI_6	1045	2	2	1405754	0	0,1
2016-Jan-05 11:53:55	PI_6	1046	2	2	1405754	0	0,1
2016-Jan-05 11:53:57	PI_6	1047	2	2	1405754	0	0,1
2016-Jan-05 11:53:59	PI_6	1048	2	2	1405754	0	0,1
2016-Jan-05 11:54:01	PI_6	1049	2	2	1405754	0	0,1
2016-Jan-05 11:54:03	PI_6	1050	2	2	1405754	0	0,1
2016-Jan-05 11:54:05	PI_6	1051	2	2	1405754	0	0,1
2016-Jan-05 11:54:07	PI_6	1052	2	2	1405754	0	0,1
2016-Jan-05 11:54:09	PI_6	1053	2	2	1405754	0	0,1
2016-Jan-05 11:54:11	PI_6	1054	2	2	1405754	0	0,1
2016-Jan-05 11:54:13	PI_6	1055	2	2	1405754	0	0,1
2016-Jan-05 11:54:15	PI_6	1056	2	2	1405754	0	0,1
2016-Jan-05 11:54:17	PI_6	1057	2	2	1405754	0	0,1
2016-Jan-05 11:54:19	PI_6	1058	2	2	1405754	0	0,1
2016-Jan-05 11:54:21	PI_6	1059	2	2	1405754	0	0,1
2016-Jan-05 11:54:23	PI_6	1060	2	0	642933	0	
2016-Jan-05 11:54:25	PI_6	1061	2	2	1405754	0	0,1
2016-Jan-05 11:54:27	PI_6	1062	2	2	1405754	0	0,1
2016-Jan-05 11:54:29	PI_6	1063	2	0	642933	0	
2016-Jan-05 11:54:31	PI_6	1064	2	2	1405754	0	0,1
2016-Jan-05 11:54:33	PI_6	1065	2	0	642933	0	
2016-Jan-05 11:54:35	PI_6	1066	2	2	1405754	0	0,1
2016-Jan-05 11:54:37	PI_6	1067	2	2	1405754	0	0,1
2016-Jan-05 11:54:39	PI_6	1068	2	0	642933	0	
2016-Jan-05 11:54:41	PI_6	1069	2	2	1405754	0	0,1
2016-Jan-05 11:54:43	PI_6	1070	2	2	1405754	0	0,1
2016-Jan-05 11:54:45	PI_6	1071	2	0	642933	0	
2016-Jan-05 11:54:47	PI_6	1072	2	2	1405754	0	0,1
2016-Jan-05 11:54:49	PI_6	1073	2	0	642933	0	
2016-Jan-05 11:54:51	PI_6	1074	2	2	1405754	0	0,1
2016-Jan-05 11:54:53	PI_6	1075	2	2	1405754	0	0,1
2016-Jan-05 11:54:55	PI_6	1076	2	0	642933	0	
2016-Jan-05 11:54:57	PI_6	1077	2	2	1405754	0	0,1
2016-Jan-05 11:54:59	PI_6	1078	2	0	642933	0	
2016-Jan-05 11:55:01	PI_6	1079	2	0	642933	0	
2016-Jan-05 11:55:03	PI_6	1080	2	2	1405754	0	0,1
2016-Jan-05 11:55:05	PI_6	1081	2	0	642933	0	
2016-Jan-05 11:55:07	PI_6	1082	2	0	642933	0	
2016-Jan-05 11:55:09	PI_6	1083	2	0	642933	0	
2016-Jan-05 11:55:11	PI_6	1084	2	2	1405754	0	0,1
2016-Jan-05 11:55:13	PI_6	1085	2	0	642933	0	
2016-Jan-05 11:55:15	PI_6	1086	2	0	642933	0	
2016-Jan-05 11:55:17	PI_6	1087	2	0	642933	0	
2016-Jan-05 11:55:19	PI_6	1088	2	2	1405754	0	0,1
2016-Jan-05 11:55:21	PI_6	1089	2	0	642933	0	
2016-Jan-05 11:55:23	PI_6	1090	2	0	642933	0	
2016-Jan-05 11:55:25	PI_6	1091	2	2	1405754	0	0,1
2016-Jan-05 11:55:27	PI_6	1092	2	0	642933	0	
2016-Jan-05 11:55:29	PI_6	1093	2	0	642933	0	
2016-Jan-05 11:55:31	PI_6	1094	2	2	1405754	0	0,1
2016-Jan-05 11:55:33	PI_6	1095	2	0	642933	0	
2016-Jan-05 11:55:35	PI_6	1096	2	2	1405754	0	0,1
2016-Jan-05 11:55:37	PI_6	1097	2	0	642933	0	
2016-Jan-05 11:55:39	PI_6	1098	2	0	642933	0	
2016-Jan-05 11:55:41	PI_6	1099	2	2	1405754	0	0,1
2016-Jan-05 11:55:43	PI_6	1100	2	0	642933	0	
2016-Jan-05 11:55:45	PI_6	1101	2	2	1405754	0	0,1
2016-Jan-05 11:55:47	PI_6	1102	2	0	642933	0	
2016-Jan-05 11:55:49	PI_6	1103	2	2	1405754	0	0,1
2016-Jan-05 11:55:51	PI_6	1104	2	0	642933	0	
2016-Jan-05 11:55:53	PI_6	1105	2	2	1405754	0	0,1
2016-Jan-05 11:55:55	PI_6	1106	2	2	1405754	0	0,1
2016-Jan-05 11:55:57	PI_6	1107	2	2	1405754	0	0,1
2016-Jan-05 11:55:59	PI_6	1108	2	2	1405754	0	0,1
2016-Jan-05 11:56:01	PI_6	1109	2	2	1405754	0	0,1
2016-Jan-05 11:56:03	PI_6	1110	2	2	1405754	0	0,1
2016-Jan-05 11:56:05	PI_6	1111	2	2	1405754	0	0,1
2016-Jan-05 11:56:07	PI_6	1112	2	0	642933	0	
2016-Jan-05 11:56:09	PI_6	1113	2	2	1405754	0	0,1
2016-Jan-05 11:56:11	PI_6	1114	2	0	642933	0	
2016-Jan-05 11:56:13	PI_6	1115	2	0	642933	0	
2016-Jan-05 11:56:15	PI_6	1116	2	2	1405754	0	0,1
2016-Jan-05 11:56:17	PI_6	1117	2	0	642933	0	
2016-Jan-05 11:56:19	PI_6	1118	2	2	1405754	0	0,1
2016-Jan-05 11:56:21	PI_6	1119	2	0	642933	0	
2016-Jan-05 11:56:23	PI_6	1120	2	2	1405754	0	0,1
2016-Jan-05 11:56:25	PI_6	1121	2	0	642933	0	
2016-Jan-05 11:56:27	PI_6	1122	2	0	642933	0	
2016-Jan-05 11:56:29	PI_6	1123	2	0	642933	0	
2016-Jan-05 11:56:31	PI_6	1124	2	0	642933	0	
2016-Jan-05 11:56:33	PI_6	1125	2	0	642933	0	
2016-Jan-05 11:56:35	PI_6	1126	2	0	642933	0	
2016-Jan-05 11:56:37	PI_6	1127	2	0	642933	0	
2016-Jan-05 11:56:39	PI_6	1128	2	0	642933	0	
2016-Jan-05 11:56:41	PI_6	1129	2	0	642933	0	
2016-Jan-05 11:56:43	PI_6	1130	2	2	1405754	0	0,1
2016-Jan-05 11:56:45	PI_6	1131	2	0	642933	0	
2016-Jan-05 11:56:47	PI_6	1132	2	0	642933	0	
2016-Jan-05 11:56:49	PI_6	1133	2	2	1405754	0	0,1
2016-Jan-05 11:56:51	PI_6	1134	2	0	642933	0	
2016-Jan-05 11:56:53	PI_6	1135	2	2	1405754	0	0,1
2016-Jan-05 11:56:55	PI_6	1136	2	2	1405754	0	0,1
2016-Jan-05 11:56:57	PI_6	1137	2	0	642933	0	
2016-Jan-05 11:56:59	PI_6	1138	2	0	642933	0	
2016-Jan-05 11:57:01	PI_6	1139	2	2	1405754	0	0,1
2016-Jan-05 11:57:03	PI_6	1140	2	0	642933	0	
2016-Jan-05 11:57:05	PI_6	1141	2	2	1405754	0	0,1
2016-Jan-05 11:57:07	PI_6	1142	2	0	642933	0	
2016-Jan-05 11:57:09	PI_6	1143	2	2	1405754	0	0,1
2016-Jan-05 11:57:11	PI_6	1144	2	2	1405754	0	0,1
2016-Jan-05 11:57:13	PI_6	1145	2	2	1405754	0	0,1
2016-Jan-05 11:57:15	PI_6	1146	2	2	1405754	0	0,1
2016-Jan-05 11:57:17	PI_6	1147	2	0	642933	0	
2016-Jan-05 11:57:19	PI_6	1148	2	2	1405754	0	0,1
2016-Jan-05 11:57:21	PI_6	1149	2	2	1405754	0	0,1
2016-Jan-05 11:57:23	PI_6	1150	2	0	642933	0	
2016-Jan-05 11:57:25	PI_6	1151	2	2	1405754	0	0,1
2016-Jan-05 11:57:27	PI_6	1152	2	0	642933	0	
2016-Jan-05 11:57:29	PI_6	1153	2	2	1405754	0	0,1
2016-Jan-05 11:57:31	PI_6	1154	2	0	642933	0	
2016-Jan-05 11:57:33	PI_6	1155	2	2	1405754	0	0,1
2016-Jan-05 11:57:35	PI_6	1156	2	0	642933	0	
2016-Jan-05 11:57:37	PI_6	1157	2	2	1405754	0	0,1
2016-Jan-05 11:57:39	PI_6	1158	2	0	642933	0	
2016-Jan-05 11:57:41	PI_6	1159	2	0	642933	0	
2016-Jan-05 11:57:43	PI_6	1160	2	0	642933	0	
2016-Jan-05 11:57:45	PI_6	1161	2	0	642933	0	
2016-Jan-05 11:57:47	PI_6	1162	2	0	642933	0	
2016-Jan-05 11:57:49	PI_6	1163	2	2	1405754	0	0,1
2016-Jan-05 11:57:51	PI_6	1164	2	0	642933	0	
2016-Jan-05 11:57:53	PI_6	1165	2	0	642933	0	
2016-Jan-05 11:57:55	PI_6	1166	2	0	642933	0	
2016-Jan-05 11:57:57	PI_6	1167	2	0	642933	0	
2016-Jan-05 11:57:59	PI_6	1168	2	0	642933	0	
2016-Jan-05 11:58:01	PI_6	1169	2	0	642933	0	
2016-Jan-05 11:58:03	PI_6	1170	2	0	642933	0	
2016-Jan-05 11:58:05	PI_6	1171	2	0	642933	0	
2016-Jan-05 11:58:07	PI_6	1172	2	0	642933	0	
2016-Jan-05 11:58:09	PI_6	1173	2	0	642933	0	
2016-Jan-05 11:58:11	PI_6	1174	2	0	642933	0	
2016-Jan-05 11:58:13	PI_6	1175	2	0	642933	0	
2016-Jan-05 11:58:15	PI_6	1176	2	0	642933	0	
2016-Jan-05 11:58:17	PI_6	1177	2	0	642933	0	
2016-Jan-05 11:58:19	PI_6	1178	2	0	642933	0	
2016-Jan-05 11:58:21	PI_6	1179	2	2	1405754	0	0,1
2016-Jan-05 11:58:23	PI_6	1180	2	0	642933	0	
2016-Jan-05 11:58:25	PI_6	1181	2	0	642933	0	
2016-Jan-05 11:58:27	PI_6	1182	2	2	1405754	0	0,1
2016-Jan-05 11:58:29	PI_6	1183	2	0	642933	0	
2016-Jan-05 11:58:31	PI_6	1184	2	2	1405754	0	0,1
2016-Jan-05 11:58:33	PI_6	1185	2	0	642933	0	
2016-Jan-05 11:58:35	PI_6	1186	2	2	1405754	0	0,1
2016-Jan-05 11:58:37	PI_6	1187	2	2	1405754	0	0,1
2016-Jan-05 11:58:39	PI_6	1188	2	0	642933	0	
2016-Jan-05 11:58:41	PI_6	1189	2	0	642933	0	
2016-Jan-05 11:58:43	PI_6	1190	2	2	1405754	0	0,1
2016-Jan-05 11:58:45	PI_6	1191	2	0	642933	0	
2016-Jan-05 11:58:47	PI_6	1192	2	2	1405754	0	0,1
2016-Jan-05 11:58:49	PI_6	1193	2	0	642933	0	
2016-Jan-05 11:58:51	PI_6	1194	2	0	642933	0	
2016-Jan-05 11:58:53	PI_6	1195	2	2	1405754	0	0,1
2016-Jan-05 11:58:55	PI_6	1196	2	0	642933	0	
2016-Jan-05 11:58:57	PI_6	1197	2	0	642933	0	
2016-Jan-05 11:58:59	PI_6	1198	2	0	642933	0	
2016-Jan-05 11:59:01	PI_6	1199	2	0	642933	0	
2016-Jan-05 11:59:03	PI_6	1200	2	0	642933	0	
2016-Jan-05 11:59:05	PI_6	1201	2	2	1405754	0	0,1
2016-Jan-05 11:59:07	PI_6	1202	2	0	642933	0	
2016-Jan-05 11:59:09	PI_6	1203	2	0	642933	0	
2016-Jan-05 11:59:11	PI_6	1204	2	2	1405754	0	0,1
2016-Jan-05 11:59:13	PI_6	1205	2	2	1405754	0	0,1
2016-Jan-05 11:59:15	PI_6	1206	2	2	1405754	0	0,1
2016-Jan-05 11:59:17	PI_6	1207	2	2	1405754	0	0,1
2016-Jan-05 11:59:19	PI_6	1208	2	2	1405754	0	0,1
2016-Jan-05 11:59:21	PI_6	1209	2	0	642933	0	
2016-Jan-05 11:59:23	PI_6	1210	2	2	1405754	0	0,1
2016-Jan-05 11:59:25	PI_6	1211	2	2	1405754	0	0,1
2016-Jan-05 11:59:27	PI_6	1212	2	0	642933	0	
2016-Jan-05 11:59:29	PI_6	1213	2	2	1405754	0	0,1
2016-Jan-05 11:59:31	PI_6	1214	2	2	1405754	0	0,1
2016-Jan-05 11:59:33	PI_6	1215	2	0	642933	0	
2016-Jan-05 11:59:35	PI_6	1216	2	2	1405754	0	0,1
2016-Jan-05 11:59:37	PI_6	1217	2	0	642933	0	
2016-Jan-05 11:59:39	PI_6	1218	2	2	1405754	0	0,1
2016-Jan-05 11:59:41	PI_6	1219	2	2	1405754	0	0,1
2016-Jan-05 11:59:43	PI_6	1220	2	0	642933	0	
2016-Jan-05 11:59:45	PI_6	1221	2	2	1405754	0	0,1
2016-Jan-05 11:59:47	PI_6	1222	2	0	642933	0	
2016-Jan-05 11:59:49	PI_6	1223	2	2	1405754	0	0,1
2016-Jan-05 11:59:51	PI_6	1224	2	0	642933	0	
2016-Jan-05 11:59:53	PI_6	1225	2	2	1405754	0	0,1
2016-Jan-05 11:59:55	PI_6	1226	2	0	642933	0	
2016-Jan-05 11:59:57	PI_6	1227	2	0	642933	0	
2016-Jan-05 11:59:59	PI_6	1228	2	2	1405754	0	0,1
2016-Jan-05 12:00:01	PI_6	1229	2	0	642933	0	
2016-Jan-05 12:00:03	PI_6	1230	2	2	1405754	0	0,1
2016-Jan-05 12:00:05	PI_6	1231	2	0	642933	0	
2016-Jan-05 12:00:07	PI_6	1232	2	2	1405754	0	0,1
2016-Jan-05 12:00:09	PI_6	1233	2	0	642933	0	
2016-Jan-05 12:00:11	PI_6	1234	2	2	1405754	0	0,1
2016-Jan-05 12:00:13	PI_6	1235	2	0	642933	0	
2016-Jan-05 12:00:15	PI_6	1236	2	0	642933	0	
2016-Jan-05 12:00:17	PI_6	1237	2	2	1405754	0	0,1
2016-Jan-05 12:00:19	PI_6	1238	2	0	642933	0	
2016-Jan-05 12:00:21	PI_6	1239	2	2	1405754	0	0,1
2016-Jan-05 12:00:23	PI_6	1240	2	0	642933	0	
2016-Jan-05 12:00:25	PI_6	1241	2	2	1405754	0	0,1
2016-Jan-05 12:00:27	PI_6	1242	2	2	1405754	0	0,1
2016-Jan-05 12:00:29	PI_6	1243	2	0	642933	0	
2016-Jan-05 12:00:31	PI_6	1244	2	2	1405754	0	0,1
2016-Jan-05 12:00:33	PI_6	1245	2	0	642933	0	
2016-Jan-05 12:00:35	PI_6	1246	2	2	1405754	0	0,1
2016-Jan-05 12:00:37	PI_6	1247	2	0	642933	0	
2016-Jan-05 12:00:39	PI_6	1248	2	2	1405754	0	0,1
2016-Jan-05 12:00:41	PI_6	1249	2	0	642933	0	
2016-Jan-05 12:00:43	PI_6	1250	2	2	1405754	0	0,1
2016-Jan-05 12:00:45	PI_6	1251	2	0	642933	0	
2016-Jan-05 12:00:47	PI_6	1252	2	2	1405754	0	0,1
2016-Jan-05 12:00:49	PI_6	1253	2	0	642933	0	
2016-Jan-05 12:00:51	PI_6	1254	2	2	1405754	0	0,1
2016-Jan-05 12:00:53	PI_6	1255	2	2	1405754	0	0,1
2016-Jan-05 12:00:55	PI_6	1256	2	2	1405754	0	0,1
2016-Jan-05 12:00:57	PI_6	1257	2	0	642933	0	
2016-Jan-05 12:00:59	PI_6	1258	2	2	1405754	0	0,1
2016-Jan-05 12:01:01	PI_6	1259	2	0	642933	0	
2016-Jan-05 12:01:03	PI_6	1260	2	2	1405754	0	0,1
2016-Jan-05 12:01:05	PI_6	1261	2	0	642933	0	
2016-Jan-05 12:01:07	PI_6	1262	2	2	1405754	0	0,1
2016-Jan-05 12:01:09	PI_6	1263	2	0	642933	0	
2016-Jan-05 12:01:11	PI_6	1264	2	0	642933	0	
2016-Jan-05 12:01:13	PI_6	1265	2	0	642933	0	
2016-Jan-05 12:01:15	PI_6	1266	2	0	642933	0	
2016-Jan-05 12:01:17	PI_6	1267	2	0	642933	0	
2016-Jan-05 12:01:19	PI_6	1268	2	0	642933	0	
2016-Jan-05 12:01:21	PI_6	1269	2	0	642933	0	
2016-Jan-05 12:01:23	PI_6	1270	2	2	1405754	0	0,1
2016-Jan-05 12:01:25	PI_6	1271	2	0	642933	0	
2016-Jan-05 12:01:27	PI_6	1272	2	0	642933	0	
2016-Jan-05 12:01:29	PI_6	1273	2	0	642933	0	
2016-Jan-05 12:01:31	PI_6	1274	2	0	642933	0	
2016-Jan-05 12:01:33	PI_6	1275	2	2	1405754	0	0,1
2016-Jan-05 12:01:35	PI_6	1276	2	0	642933	0	
2016-Jan-05 12:01:37	PI_6	1277	2	2	1405754	0	0,1
2016-Jan-05 12:01:39	PI_6	1278	2	0	642933	0	
2016-Jan-05 12:01:41	PI_6	1279	2	0	642933	0	
2016-Jan-05 12:01:43	PI_6	1280	2	0	642933	0	
2016-Jan-05 12:01:45	PI_6	1281	2	0	642933	0	
2016-Jan-05 12:01:47	PI_6	1282	2	0	642933	0	
2016-Jan-05 12:01:49	PI_6	1283	2	2	1405754	0	0,1
2016-Jan-05 12:01:51	PI_6	1284	2	0	642933	0	
2016-Jan-05 12:01:53	PI_6	1285	2	2	1405754	0	0,1
2016-Jan-05 12:01:55	PI_6	1286	2	0	642933	0	
2016-Jan-05 12:01:57	PI_6	1287	2	2	1405754	0	0,1
2016-Jan-05 12:01:59	PI_6	1288	2	2	1405754	0	0,1
2016-Jan-05 12:02:01	PI_6	1289	2	0	642933	0	
2016-Jan-05 12:02:03	PI_6	1290	2	2	1405754	0	0,1
2016-Jan-05 12:02:05	PI_6	1291	2	2	1405754	0	0,1
2016-Jan-05 12:02:07	PI_6	1292	2	2	1405754	0	0,1
2016-Jan-05 12:02:09	PI_6	1293	2	2	1405754	0	0,1
2016-Jan-05 12:02:11	PI_6	1294	2	2	1405754	0	0,1
2016-Jan-05 12:02:13	PI_6	1295	2	0	642933	0	
2016-Jan-05 12:02:15	PI_6	1296	2	2	1405754	0	0,1
2016-Jan-05 12:02:17	PI_6	1297	2	2	1405754	0	0,1
2016-Jan-05 12:02:19	PI_6	1298	2	0	642933	0	
2016-Jan-05 12:02:21	PI_6	1299	2	2	1405754	0	0,1
2016-Jan-05 12:02:23	PI_6	1300	2	0	642933	0	
2016-Jan-05 12:02:25	PI_6	1301	2	0	642933	0	
2016-Jan-05 12:02:27	PI_6	1302	2	2	1405754	0	0,1
2016-Jan-05 12:02:29	PI_6	1303	2	0	642933	0	
2016-Jan-05 12:02:31	PI_6	1304	2	0	642933	0	
2016-Jan-05 12:02:33	PI_6	1305	2	0	642933	0	
2016-Jan-05 12:02:35	PI_6	1306	2	2	1405754	0	0,1
2016-Jan-05 12:02:37	PI_6	1307	2	0	642933	0	
2016-Jan-05 12:02:39	PI_6	1308	2	0	642933	0	
2016-Jan-05 12:02:41	PI_6	1309	2	0	642933	0	
2016-Jan-05 12:02:43	PI_6	1310	2	0	642933	0	
2016-Jan-05 12:02:45	PI_6	1311	2	0	642933	0	
2016-Jan-05 12:02:47	PI_6	1312	2	2	1405754	0	0,1
2016-Jan-05 12:02:49	PI_6	1313	2	0	642933	0	
2016-Jan-05 12:02:51	PI_6	1314	2	0	642933	0	
2016-Jan-05 12:02:53	PI_6	1315	2	2	1405754	0	0,1
2016-Jan-05 12:02:55	PI_6	1316	2	0	642933	0	
2016-Jan-05 12:02:57	PI_6	1317	2	0	642933	0	
2016-Jan-05 12:02:59	PI_6	1318	2	0	642933	0	
2016-Jan-05 12:03:01	PI_6	1319	2	2	1405754	0	0,1
2016-Jan-05 12:03:03	PI_6	1320	2	0	642933	0	
2016-Jan-05 12:03:05	PI_6	1321	2	2	1405754	0	0,1
2016-Jan-05 12:03:07	PI_6	1322	2	0	642933	0	
2016-Jan-05 12:03:09	PI_6	1323	2	2	1405754	0	0,1
2016-Jan-05 12:03:11	PI_6	1324	2	0	642933	0	
2016-Jan-05 12:03:13	PI_6	1325	2	2	1405754	0	0,1
2016-Jan-05 12:03:15	PI_6	1326	2	2	1405754	0	0,1
2016-Jan-05 12:03:17	PI_6	1327	2	0	642933	0	
2016-Jan-05 12:03:19	PI_6	1328	2	2	1405754	0	0,1
2016-Jan-05 12:03:21	PI_6	1329	2	0	642933	0	
2016-Jan-05 12:03:23	PI_6	1330	2	2	1405754	0	0,1
2016-Jan-05 12:03:25	PI_6	1331	2	0	642933	0	
2016-Jan-05 12:03:27	PI_6	1332	2	0	642933	0	
2016-Jan-05 12:03:29	PI_6	1333	2	2	1405754	0	0,1
2016-Jan-05 12:03:31	PI_6	1334	2	0	642933	0	
2016-Jan-05 12:03:33	PI_6	1335	2	2	1405754	0	0,1
2016-Jan-05 12:03:35	PI_6	1336	2	0	642933	0	
2016-Jan-05 12:03:37	PI_6	1337	2	2	1405754	0	0,1
2016-Jan-05 12:03:39	PI_6	1338	2	0	642933	0	
2016-Jan-05 12:03:41	PI_6	1339	2	0	642933	0	
2016-Jan-05 12:03:43	PI_6	1340	2	2	1405754	0	0,1
2016-Jan-05 12:03:45	PI_6	1341	2	0	642933	0	
2016-Jan-05 12:03:47	PI_6	1342	2	2	1405754	0	0,1
2016-Jan-05 12:03:49	PI_6	1343	2	0	642933	0	
2016-Jan-05 12:03:51	PI_6	1344	2	2	1405754	0	0,1
2016-Jan-05 12:03:53	PI_6	1345	2	0	642933	0	
2016-Jan-05 12:03:55	PI_6	1346	2	0	642933	0	
2016-Jan-05 12:03:57	PI_6	1347	2	2	1405754	0	0,1
2016-Jan-05 12:03:59	PI_6	1348	2	2	1405754	0	0,1
2016-Jan-05 12:04:01	PI_6	1349	2	0	642933	0	
2016-Jan-05 12:04:03	PI_6	1350	2	0	642933	0	
2016-Jan-05 12:04:05	PI_6	1351	2	0	642933	0	
2016-Jan-05 12:04:07	PI_6	1352	2	0	642933	0	
2016-Jan-05 12:04:09	PI_6	1353	2	0	642933	0	
2016-Jan-05 12:04:11	PI_6	1354	2	0	642933	0	
2016-Jan-05 12:04:13	PI_6	1355	2	0	642933	0	
2016-Jan-05 12:04:15	PI_6	1356	2	2	1405754	0	0,1
2016-Jan-05 12:04:17	PI_6	1357	2	0	642933	0	
2016-Jan-05 12:04:19	PI_6	1358	2	0	642933	0	
2016-Jan-05 12:04:21	PI_6	1359	2	0	642933	0	
2016-Jan-05 12:04:23	PI_6	1360	2	0	642933	0	
2016-Jan-05 12:04:25	PI_6	1361	2	0	642933	0	
2016-Jan-05 12:04:27	PI_6	1362	2	0	642933	0	
2016-Jan-05 12:04:29	PI_6	1363	2	0	642933	0	
2016-Jan-05 12:04:31	PI_6	1364	2	2	1405754	0	0,1
2016-Jan-05 12:04:33	PI_6	1365	2	0	642933	0	
2016-Jan-05 12:04:35	PI_6	1366	2	0	642933	0	
2016-Jan-05 12:04:37	PI_6	1367	2	0	642933	0	
2016-Jan-05 12:04:39	PI_6	1368	2	2	1405754	0	0,1
2016-Jan-05 12:04:41	PI_6	1369	2	0	642933	0	
2016-Jan-05 12:04:43	PI_6	1370	2	0	642933	0	
2016-Jan-05 12:04:45	PI_6	1371	2	0	642933	0	
2016-Jan-05 12:04:47	PI_6	1372	2	2	1405754	0	0,1
2016-Jan-05 12:04:49	PI_6	1373	2	0	642933	0	
2016-Jan-05 12:04:51	PI_6	1374	2	2	1405754	0	0,1
2016-Jan-05 12:04:53	PI_6	1375	2	0	642933	0	
2016-Jan-05 12:04:55	PI_6	1376	2	2	1405754	0	0,1
2016-Jan-05 12:04:57	PI_6	1377	2	2	1405754	0	0,1
2016-Jan-05 12:04:59	PI_6	1378	2	2	1405754	0	0,1
2016-Jan-05 12:05:01	PI_6	1379	2	2	1405754	0	0,1
2016-Jan-05 12:05:03	PI_6	1380	2	0	642933	0	
2016-Jan-05 12:05:05	PI_6	1381	2	2	1405754	0	0,1
2016-Jan-05 12:05:07	PI_6	1382	2	2	1405754	0	0,1
2016-Jan-05 12:05:09	PI_6	1383	2	2	1405754	0	0,1
2016-Jan-05 12:05:11	PI_6	1384	2	2	1405754	0	0,1
2016-Jan-05 12:05:13	PI_6	1385	2	2	1405754	0	0,1
2016-Jan-05 12:05:15	PI_6	1386	2	2	1405754	0	0,1
2016-Jan-05 12:05:17	PI_6	1387	2	2	1405754	0	0,1
2016-Jan-05 12:05:19	PI_6	1388	2	2	1405754	0	0,1
2016-Jan-05 12:05:21	PI_6	1389	2	2	1405754	0	0,1
2016-Jan-05 12:05:23	PI_6	1390	2	2	1405754	0	0,1
2016-Jan-05 12:05:25	PI_6	1391	2	2	1405754	0	0,1
2016-Jan-05 12:05:27	PI_6	1392	2	2	1405754	0	0,1
2016-Jan-05 12:05:29	PI_6	1393	2	2	1405754	0	0,1
2016-Jan-05 12:05:31	PI_6	1394	2	2	1405754	0	0,1
2016-Jan-05 12:05:33	PI_6	1395	2	2	1405754	0	0,1
2016-Jan-05 12:05:35	PI_6	1396	2	2	1405754	0	0,1
2016-Jan-05 12:05:37	PI_6	1397	2	2	1405754	0	0,1
2016-Jan-05 12:05:39	PI_6	1398	2	2	1405754	0	0,1
2016-Jan-05 12:05:41	PI_6	1399	2	2	1405754	0	0,1
2016-Jan-05 12:05:43	PI_6	1400	2	2	1405754	0	0,1
2016-Jan-05 12:05:45	PI_6	1401	2	2	1405754	0	0,1
2016-Jan-05 12:05:47	PI_6	1402	2	2	1405754	0	0,1
2016-Jan-05 12:05:49	PI_6	1403	2	2	1405754	0	0,1
2016-Jan-05 12:05:51	PI_6	1404	2	2	1405754	0	0,1
2016-Jan-05 12:05:53	PI_6	1405	2	0	642933	0	
2016-Jan-05 12:05:55	PI_6	1406	2	0	642933	0	
2016-Jan-05 12:05:57	PI_6	1407	2	0	642933	0	
2016-Jan-05 12:05:59	PI_6	1408	2	0	642933	0	
2016-Jan-05 12:06:01	PI_6	1409	2	0	642933	0	
2016-Jan-05 12:06:03	PI_6	1410	2	0	642933	0	
2016-Jan-05 12:06:05	PI_6	1411	2	0	642933	0	
2016-Jan-05 12:06:07	PI_6	1412	2	0	642933	0	
2016-Jan-05 12:06:09	PI_6	1413	2	0	642933	0	
2016-Jan-05 12:06:11	PI_6	1414	2	0	642933	0	
2016-Jan-05 12:06:13	PI_6	1415	2	0	642933	0	
2016-Jan-05 12:06:15	PI_6	1416	2	0	642933	0	
2016-Jan-05 12:06:17	PI_6	1417	2	2	1405754	0	0,1
2016-Jan-05 12:06:19	PI_6	1418	2	0	642933	0	
2016-Jan-05 12:06:21	PI_6	1419	2	0	642933	0	
2016-Jan-05 12:06:23	PI_6	1420	2	0	642933	0	
2016-Jan-05 12:06:25	PI_6	1421	2	0	642933	0	
2016-Jan-05 12:06:27	PI_6	1422	2	0	642933	0	
2016-Jan-05 12:06:29	PI_6	1423	2	0	642933	0	
2016-Jan-05 12:06:31	PI_6	1424	2	0	642933	0	
2016-Jan-05 12:06:33	PI_6	1425	2	0	642933	0	
2016-Jan-05 12:06:35	PI_6	1426	2	0	642933	0	
2016-Jan-05 12:06:37	PI_6	1427	2	0	642933	0	
2016-Jan-05 12:06:39	PI_6	1428	2	2	1405754	0	0,1
2016-Jan-05 12:06:41	PI_6	1429	2	0	642933	0	
2016-Jan-05 12:06:43	PI_6	1430	2	2	1405754	0	0,1
2016-Jan-05 12:06:45	PI_6	1431	2	0	642933	0	
2016-Jan-05 12:06:47	PI_6	1432	2	2	1405754	0	0,1
2016-Jan-05 12:06:49	PI_6	1433	2	2	1405754	0	0,1
2016-Jan-05 12:06:51	PI_6	1434	2	2	1405754	0	0,1
