Time	Node	SegmentNumber	SegmentDuration(sec)	SegmentRepID	SegmentBitrate(bit/s)	StallingTime(msec)	SegmentDepIds
2016-Jan-05 11:19:01	PI_1	0	2	0	642933	1000	
2016-Jan-05 11:19:03	PI_1	1	2	0	642933	0	
2016-Jan-05 11:19:05	PI_1	2	2	0	642933	0	
2016-Jan-05 11:19:07	PI_1	3	2	0	642933	0	
2016-Jan-05 11:19:09	PI_1	4	2	0	642933	0	
2016-Jan-05 11:19:11	PI_1	5	2	0	642933	0	
2016-Jan-05 11:19:13	PI_1	6	2	0	642933	0	
2016-Jan-05 11:19:15	PI_1	7	2	0	642933	0	
2016-Jan-05 11:19:17	PI_1	8	2	0	642933	0	
2016-Jan-05 11:19:19	PI_1	9	2	0	642933	0	
2016-Jan-05 11:19:21	PI_1	10	2	0	642933	0	
2016-Jan-05 11:19:23	PI_1	11	2	0	642933	0	
2016-Jan-05 11:19:25	PI_1	12	2	0	642933	0	
2016-Jan-05 11:19:27	PI_1	13	2	0	642933	0	
2016-Jan-05 11:19:29	PI_1	14	2	0	642933	0	
2016-Jan-05 11:19:31	PI_1	15	2	0	642933	0	
2016-Jan-05 11:19:33	PI_1	16	2	2	1405754	0	0,1
2016-Jan-05 11:19:35	PI_1	17	2	0	642933	0	
2016-Jan-05 11:19:37	PI_1	18	2	0	642933	0	
2016-Jan-05 11:19:39	PI_1	19	2	2	1405754	0	0,1
2016-Jan-05 11:19:41	PI_1	20	2	0	642933	0	
2016-Jan-05 11:19:43	PI_1	21	2	2	1405754	0	0,1
2016-Jan-05 11:19:45	PI_1	22	2	0	642933	0	
2016-Jan-05 11:19:47	PI_1	23	2	2	1405754	0	0,1
2016-Jan-05 11:19:49	PI_1	24	2	0	642933	0	
2016-Jan-05 11:19:51	PI_1	25	2	0	642933	0	
2016-Jan-05 11:19:53	PI_1	26	2	2	1405754	0	0,1
2016-Jan-05 11:19:55	PI_1	27	2	0	642933	0	
2016-Jan-05 11:19:57	PI_1	28	2	0	642933	0	
2016-Jan-05 11:19:59	PI_1	29	2	2	1405754	0	0,1
2016-Jan-05 11:20:01	PI_1	30	2	2	1405754	0	0,1
2016-Jan-05 11:20:03	PI_1	31	2	0	642933	0	
2016-Jan-05 11:20:05	PI_1	32	2	2	1405754	0	0,1
2016-Jan-05 11:20:07	PI_1	33	2	0	642933	0	
2016-Jan-05 11:20:09	PI_1	34	2	2	1405754	0	0,1
2016-Jan-05 11:20:11	PI_1	35	2	0	642933	0	
2016-Jan-05 11:20:13	PI_1	36	2	2	1405754	0	0,1
2016-Jan-05 11:20:15	PI_1	37	2	2	1405754	0	0,1
2016-Jan-05 11:20:17	PI_1	38	2	0	642933	0	
2016-Jan-05 11:20:19	PI_1	39	2	0	642933	0	
2016-Jan-05 11:20:21	PI_1	40	2	0	642933	0	
2016-Jan-05 11:20:23	PI_1	41	2	0	642933	0	
2016-Jan-05 11:20:25	PI_1	42	2	0	642933	0	
2016-Jan-05 11:20:27	PI_1	43	2	2	1405754	0	0,1
2016-Jan-05 11:20:29	PI_1	44	2	2	1405754	0	0,1
2016-Jan-05 11:20:31	PI_1	45	2	0	642933	0	
2016-Jan-05 11:20:33	PI_1	46	2	2	1405754	0	0,1
2016-Jan-05 11:20:35	PI_1	47	2	1	997955	0	0
2016-Jan-05 11:20:37	PI_1	48	2	2	1405754	0	0,1
2016-Jan-05 11:20:39	PI_1	49	2	0	642933	0	
2016-Jan-05 11:20:41	PI_1	50	2	2	1405754	0	0,1
2016-Jan-05 11:20:43	PI_1	51	2	0	642933	0	
2016-Jan-05 11:20:45	PI_1	52	2	2	1405754	0	0,1
2016-Jan-05 11:20:47	PI_1	53	2	0	642933	0	
2016-Jan-05 11:20:49	PI_1	54	2	2	1405754	0	0,1
2016-Jan-05 11:20:51	PI_1	55	2	0	642933	0	
2016-Jan-05 11:20:53	PI_1	56	2	2	1405754	0	0,1
2016-Jan-05 11:20:55	PI_1	57	2	0	642933	0	
2016-Jan-05 11:20:57	PI_1	58	2	0	642933	0	
2016-Jan-05 11:20:59	PI_1	59	2	2	1405754	0	0,1
2016-Jan-05 11:21:01	PI_1	60	2	0	642933	0	
2016-Jan-05 11:21:03	PI_1	61	2	0	642933	0	
2016-Jan-05 11:21:05	PI_1	62	2	0	642933	0	
2016-Jan-05 11:21:07	PI_1	63	2	2	1405754	0	0,1
2016-Jan-05 11:21:09	PI_1	64	2	0	642933	0	
2016-Jan-05 11:21:11	PI_1	65	2	0	642933	0	
2016-Jan-05 11:21:13	PI_1	66	2	2	1405754	0	0,1
2016-Jan-05 11:21:15	PI_1	67	2	0	642933	0	
2016-Jan-05 11:21:17	PI_1	68	2	2	1405754	0	0,1
2016-Jan-05 11:21:19	PI_1	69	2	0	642933	0	
2016-Jan-05 11:21:21	PI_1	70	2	2	1405754	0	0,1
2016-Jan-05 11:21:23	PI_1	71	2	0	642933	0	
2016-Jan-05 11:21:25	PI_1	72	2	0	642933	0	
2016-Jan-05 11:21:27	PI_1	73	2	2	1405754	0	0,1
2016-Jan-05 11:21:29	PI_1	74	2	0	642933	0	
2016-Jan-05 11:21:31	PI_1	75	2	2	1405754	0	0,1
2016-Jan-05 11:21:33	PI_1	76	2	0	642933	0	
2016-Jan-05 11:21:35	PI_1	77	2	0	642933	0	
2016-Jan-05 11:21:37	PI_1	78	2	2	1405754	0	0,1
2016-Jan-05 11:21:39	PI_1	79	2	2	1405754	0	0,1
2016-Jan-05 11:21:41	PI_1	80	2	0	642933	0	
2016-Jan-05 11:21:43	PI_1	81	2	2	1405754	0	0,1
2016-Jan-05 11:21:45	PI_1	82	2	0	642933	0	
2016-Jan-05 11:21:47	PI_1	83	2	0	642933	0	
2016-Jan-05 11:21:49	PI_1	84	2	2	1405754	0	0,1
2016-Jan-05 11:21:51	PI_1	85	2	0	642933	0	
2016-Jan-05 11:21:53	PI_1	86	2	2	1405754	0	0,1
2016-Jan-05 11:21:55	PI_1	87	2	2	1405754	0	0,1
2016-Jan-05 11:21:57	PI_1	88	2	0	642933	0	
2016-Jan-05 11:21:59	PI_1	89	2	0	642933	0	
2016-Jan-05 11:22:01	PI_1	90	2	2	1405754	0	0,1
2016-Jan-05 11:22:03	PI_1	91	2	0	642933	0	
2016-Jan-05 11:22:05	PI_1	92	2	0	642933	0	
2016-Jan-05 11:22:07	PI_1	93	2	0	642933	0	
2016-Jan-05 11:22:09	PI_1	94	2	0	642933	0	
2016-Jan-05 11:22:11	PI_1	95	2	0	642933	0	
2016-Jan-05 11:22:13	PI_1	96	2	2	1405754	0	0,1
2016-Jan-05 11:22:15	PI_1	97	2	0	642933	0	
2016-Jan-05 11:22:17	PI_1	98	2	0	642933	0	
2016-Jan-05 11:22:19	PI_1	99	2	2	1405754	0	0,1
2016-Jan-05 11:22:21	PI_1	100	2	0	642933	0	
2016-Jan-05 11:22:23	PI_1	101	2	2	1405754	0	0,1
2016-Jan-05 11:22:25	PI_1	102	2	2	1405754	0	0,1
2016-Jan-05 11:22:27	PI_1	103	2	0	642933	0	
2016-Jan-05 11:22:29	PI_1	104	2	2	1405754	0	0,1
2016-Jan-05 11:22:31	PI_1	105	2	0	642933	0	
2016-Jan-05 11:22:33	PI_1	106	2	0	642933	0	
2016-Jan-05 11:22:35	PI_1	107	2	0	642933	0	
2016-Jan-05 11:22:37	PI_1	108	2	0	642933	0	
2016-Jan-05 11:22:39	PI_1	109	2	2	1405754	0	0,1
2016-Jan-05 11:22:41	PI_1	110	2	0	642933	0	
2016-Jan-05 11:22:43	PI_1	111	2	2	1405754	0	0,1
2016-Jan-05 11:22:45	PI_1	112	2	0	642933	0	
2016-Jan-05 11:22:47	PI_1	113	2	2	1405754	0	0,1
2016-Jan-05 11:22:49	PI_1	114	2	0	642933	0	
2016-Jan-05 11:22:51	PI_1	115	2	2	1405754	0	0,1
2016-Jan-05 11:22:53	PI_1	116	2	2	1405754	0	0,1
2016-Jan-05 11:22:55	PI_1	117	2	0	642933	0	
2016-Jan-05 11:22:57	PI_1	118	2	2	1405754	0	0,1
2016-Jan-05 11:22:59	PI_1	119	2	0	642933	0	
2016-Jan-05 11:23:01	PI_1	120	2	2	1405754	0	0,1
2016-Jan-05 11:23:03	PI_1	121	2	0	642933	0	
2016-Jan-05 11:23:05	PI_1	122	2	0	642933	0	
2016-Jan-05 11:23:07	PI_1	123	2	0	642933	0	
2016-Jan-05 11:23:09	PI_1	124	2	0	642933	0	
2016-Jan-05 11:23:11	PI_1	125	2	2	1405754	0	0,1
2016-Jan-05 11:23:13	PI_1	126	2	0	642933	0	
2016-Jan-05 11:23:15	PI_1	127	2	2	1405754	0	0,1
2016-Jan-05 11:23:17	PI_1	128	2	0	642933	0	
2016-Jan-05 11:23:19	PI_1	129	2	2	1405754	0	0,1
2016-Jan-05 11:23:21	PI_1	130	2	0	642933	0	
2016-Jan-05 11:23:23	PI_1	131	2	0	642933	0	
2016-Jan-05 11:23:25	PI_1	132	2	2	1405754	0	0,1
2016-Jan-05 11:23:27	PI_1	133	2	2	1405754	0	0,1
2016-Jan-05 11:23:29	PI_1	134	2	0	642933	0	
2016-Jan-05 11:23:31	PI_1	135	2	2	1405754	0	0,1
2016-Jan-05 11:23:33	PI_1	136	2	0	642933	0	
2016-Jan-05 11:23:35	PI_1	137	2	0	642933	0	
2016-Jan-05 11:23:37	PI_1	138	2	0	642933	0	
2016-Jan-05 11:23:39	PI_1	139	2	0	642933	0	
2016-Jan-05 11:23:41	PI_1	140	2	0	642933	0	
2016-Jan-05 11:23:43	PI_1	141	2	2	1405754	0	0,1
2016-Jan-05 11:23:45	PI_1	142	2	0	642933	0	
2016-Jan-05 11:23:47	PI_1	143	2	2	1405754	0	0,1
2016-Jan-05 11:23:49	PI_1	144	2	2	1405754	0	0,1
2016-Jan-05 11:23:51	PI_1	145	2	2	1405754	0	0,1
2016-Jan-05 11:23:53	PI_1	146	2	2	1405754	0	0,1
2016-Jan-05 11:23:55	PI_1	147	2	0	642933	0	
2016-Jan-05 11:23:57	PI_1	148	2	0	642933	0	
2016-Jan-05 11:23:59	PI_1	149	2	2	1405754	0	0,1
2016-Jan-05 11:24:01	PI_1	150	2	0	642933	0	
2016-Jan-05 11:24:03	PI_1	151	2	2	1405754	0	0,1
2016-Jan-05 11:24:05	PI_1	152	2	0	642933	0	
2016-Jan-05 11:24:07	PI_1	153	2	0	642933	0	
2016-Jan-05 11:24:09	PI_1	154	2	2	1405754	0	0,1
2016-Jan-05 11:24:11	PI_1	155	2	0	642933	0	
2016-Jan-05 11:24:13	PI_1	156	2	2	1405754	0	0,1
2016-Jan-05 11:24:15	PI_1	157	2	0	642933	0	
2016-Jan-05 11:24:17	PI_1	158	2	0	642933	0	
2016-Jan-05 11:24:19	PI_1	159	2	0	642933	0	
2016-Jan-05 11:24:21	PI_1	160	2	0	642933	0	
2016-Jan-05 11:24:23	PI_1	161	2	2	1405754	0	0,1
2016-Jan-05 11:24:25	PI_1	162	2	0	642933	0	
2016-Jan-05 11:24:27	PI_1	163	2	0	642933	0	
2016-Jan-05 11:24:29	PI_1	164	2	2	1405754	0	0,1
2016-Jan-05 11:24:31	PI_1	165	2	0	642933	0	
2016-Jan-05 11:24:33	PI_1	166	2	0	642933	0	
2016-Jan-05 11:24:35	PI_1	167	2	2	1405754	0	0,1
2016-Jan-05 11:24:37	PI_1	168	2	0	642933	0	
2016-Jan-05 11:24:39	PI_1	169	2	2	1405754	0	0,1
2016-Jan-05 11:24:41	PI_1	170	2	2	1405754	0	0,1
2016-Jan-05 11:24:43	PI_1	171	2	0	642933	0	
2016-Jan-05 11:24:45	PI_1	172	2	2	1405754	0	0,1
2016-Jan-05 11:24:47	PI_1	173	2	0	642933	0	
2016-Jan-05 11:24:49	PI_1	174	2	0	642933	0	
2016-Jan-05 11:24:51	PI_1	175	2	0	642933	0	
2016-Jan-05 11:24:53	PI_1	176	2	0	642933	0	
2016-Jan-05 11:24:55	PI_1	177	2	0	642933	0	
2016-Jan-05 11:24:57	PI_1	178	2	2	1405754	0	0,1
2016-Jan-05 11:24:59	PI_1	179	2	0	642933	0	
2016-Jan-05 11:25:01	PI_1	180	2	0	642933	0	
2016-Jan-05 11:25:03	PI_1	181	2	0	642933	0	
2016-Jan-05 11:25:05	PI_1	182	2	0	642933	0	
2016-Jan-05 11:25:07	PI_1	183	2	2	1405754	0	0,1
2016-Jan-05 11:25:09	PI_1	184	2	0	642933	0	
2016-Jan-05 11:25:11	PI_1	185	2	0	642933	0	
2016-Jan-05 11:25:13	PI_1	186	2	2	1405754	0	0,1
2016-Jan-05 11:25:15	PI_1	187	2	0	642933	0	
2016-Jan-05 11:25:17	PI_1	188	2	2	1405754	0	0,1
2016-Jan-05 11:25:19	PI_1	189	2	2	1405754	0	0,1
2016-Jan-05 11:25:21	PI_1	190	2	0	642933	0	
2016-Jan-05 11:25:23	PI_1	191	2	0	642933	0	
2016-Jan-05 11:25:25	PI_1	192	2	2	1405754	0	0,1
2016-Jan-05 11:25:27	PI_1	193	2	2	1405754	0	0,1
2016-Jan-05 11:25:29	PI_1	194	2	0	642933	0	
2016-Jan-05 11:25:31	PI_1	195	2	2	1405754	0	0,1
2016-Jan-05 11:25:33	PI_1	196	2	0	642933	0	
2016-Jan-05 11:25:35	PI_1	197	2	2	1405754	0	0,1
2016-Jan-05 11:25:37	PI_1	198	2	0	642933	0	
2016-Jan-05 11:25:39	PI_1	199	2	2	1405754	0	0,1
2016-Jan-05 11:25:41	PI_1	200	2	0	642933	0	
2016-Jan-05 11:25:43	PI_1	201	2	2	1405754	0	0,1
2016-Jan-05 11:25:45	PI_1	202	2	0	642933	0	
2016-Jan-05 11:25:47	PI_1	203	2	2	1405754	0	0,1
2016-Jan-05 11:25:49	PI_1	204	2	0	642933	0	
2016-Jan-05 11:25:51	PI_1	205	2	2	1405754	0	0,1
2016-Jan-05 11:25:53	PI_1	206	2	0	642933	0	
2016-Jan-05 11:25:55	PI_1	207	2	0	642933	0	
2016-Jan-05 11:25:57	PI_1	208	2	2	1405754	0	0,1
2016-Jan-05 11:25:59	PI_1	209	2	0	642933	0	
2016-Jan-05 11:26:01	PI_1	210	2	2	1405754	0	0,1
2016-Jan-05 11:26:03	PI_1	211	2	0	642933	0	
2016-Jan-05 11:26:05	PI_1	212	2	0	642933	0	
2016-Jan-05 11:26:07	PI_1	213	2	0	642933	0	
2016-Jan-05 11:26:09	PI_1	214	2	0	642933	0	
2016-Jan-05 11:26:11	PI_1	215	2	0	642933	0	
2016-Jan-05 11:26:13	PI_1	216	2	0	642933	0	
2016-Jan-05 11:26:15	PI_1	217	2	0	642933	0	
2016-Jan-05 11:26:17	PI_1	218	2	0	642933	0	
2016-Jan-05 11:26:19	PI_1	219	2	2	1405754	0	0,1
2016-Jan-05 11:26:21	PI_1	220	2	0	642933	0	
2016-Jan-05 11:26:23	PI_1	221	2	2	1405754	0	0,1
2016-Jan-05 11:26:25	PI_1	222	2	0	642933	0	
2016-Jan-05 11:26:27	PI_1	223	2	0	642933	0	
2016-Jan-05 11:26:29	PI_1	224	2	2	1405754	0	0,1
2016-Jan-05 11:26:31	PI_1	225	2	1	997955	0	0
2016-Jan-05 11:26:33	PI_1	226	2	2	1405754	0	0,1
2016-Jan-05 11:26:35	PI_1	227	2	2	1405754	0	0,1
2016-Jan-05 11:26:37	PI_1	228	2	2	1405754	0	0,1
2016-Jan-05 11:26:39	PI_1	229	2	0	642933	0	
2016-Jan-05 11:26:41	PI_1	230	2	2	1405754	0	0,1
2016-Jan-05 11:26:43	PI_1	231	2	2	1405754	0	0,1
2016-Jan-05 11:26:45	PI_1	232	2	2	1405754	0	0,1
2016-Jan-05 11:26:47	PI_1	233	2	0	642933	0	
2016-Jan-05 11:26:49	PI_1	234	2	2	1405754	0	0,1
2016-Jan-05 11:26:51	PI_1	235	2	0	642933	0	
2016-Jan-05 11:26:53	PI_1	236	2	2	1405754	0	0,1
2016-Jan-05 11:26:55	PI_1	237	2	2	1405754	0	0,1
2016-Jan-05 11:26:57	PI_1	238	2	2	1405754	0	0,1
2016-Jan-05 11:26:59	PI_1	239	2	2	1405754	0	0,1
2016-Jan-05 11:27:01	PI_1	240	2	0	642933	0	
2016-Jan-05 11:27:03	PI_1	241	2	2	1405754	0	0,1
2016-Jan-05 11:27:05	PI_1	242	2	2	1405754	0	0,1
2016-Jan-05 11:27:07	PI_1	243	2	2	1405754	0	0,1
2016-Jan-05 11:27:09	PI_1	244	2	0	642933	0	
2016-Jan-05 11:27:11	PI_1	245	2	2	1405754	0	0,1
2016-Jan-05 11:27:13	PI_1	246	2	2	1405754	0	0,1
2016-Jan-05 11:27:15	PI_1	247	2	0	642933	0	
2016-Jan-05 11:27:17	PI_1	248	2	2	1405754	0	0,1
2016-Jan-05 11:27:19	PI_1	249	2	2	1405754	0	0,1
2016-Jan-05 11:27:21	PI_1	250	2	0	642933	0	
2016-Jan-05 11:27:23	PI_1	251	2	2	1405754	0	0,1
2016-Jan-05 11:27:25	PI_1	252	2	0	642933	0	
2016-Jan-05 11:27:27	PI_1	253	2	0	642933	0	
2016-Jan-05 11:27:29	PI_1	254	2	2	1405754	0	0,1
2016-Jan-05 11:27:31	PI_1	255	2	0	642933	0	
2016-Jan-05 11:27:33	PI_1	256	2	0	642933	0	
2016-Jan-05 11:27:35	PI_1	257	2	0	642933	0	
2016-Jan-05 11:27:37	PI_1	258	2	2	1405754	0	0,1
2016-Jan-05 11:27:39	PI_1	259	2	0	642933	0	
2016-Jan-05 11:27:41	PI_1	260	2	0	642933	0	
2016-Jan-05 11:27:43	PI_1	261	2	0	642933	0	
2016-Jan-05 11:27:45	PI_1	262	2	2	1405754	0	0,1
2016-Jan-05 11:27:47	PI_1	263	2	0	642933	0	
2016-Jan-05 11:27:49	PI_1	264	2	0	642933	0	
2016-Jan-05 11:27:51	PI_1	265	2	2	1405754	0	0,1
2016-Jan-05 11:27:53	PI_1	266	2	0	642933	0	
2016-Jan-05 11:27:55	PI_1	267	2	0	642933	0	
2016-Jan-05 11:27:57	PI_1	268	2	0	642933	0	
2016-Jan-05 11:27:59	PI_1	269	2	0	642933	0	
2016-Jan-05 11:28:01	PI_1	270	2	0	642933	0	
2016-Jan-05 11:28:03	PI_1	271	2	0	642933	0	
2016-Jan-05 11:28:05	PI_1	272	2	2	1405754	0	0,1
2016-Jan-05 11:28:07	PI_1	273	2	0	642933	0	
2016-Jan-05 11:28:09	PI_1	274	2	0	642933	0	
2016-Jan-05 11:28:11	PI_1	275	2	0	642933	0	
2016-Jan-05 11:28:13	PI_1	276	2	0	642933	0	
2016-Jan-05 11:28:15	PI_1	277	2	0	642933	0	
2016-Jan-05 11:28:17	PI_1	278	2	0	642933	0	
2016-Jan-05 11:28:19	PI_1	279	2	0	642933	0	
2016-Jan-05 11:28:21	PI_1	280	2	0	642933	0	
2016-Jan-05 11:28:23	PI_1	281	2	2	1405754	0	0,1
2016-Jan-05 11:28:25	PI_1	282	2	0	642933	0	
2016-Jan-05 11:28:27	PI_1	283	2	2	1405754	0	0,1
2016-Jan-05 11:28:29	PI_1	284	2	2	1405754	0	0,1
2016-Jan-05 11:28:31	PI_1	285	2	2	1405754	0	0,1
2016-Jan-05 11:28:33	PI_1	286	2	0	642933	0	
2016-Jan-05 11:28:35	PI_1	287	2	2	1405754	0	0,1
2016-Jan-05 11:28:37	PI_1	288	2	2	1405754	0	0,1
2016-Jan-05 11:28:39	PI_1	289	2	2	1405754	0	0,1
2016-Jan-05 11:28:41	PI_1	290	2	2	1405754	0	0,1
2016-Jan-05 11:28:43	PI_1	291	2	2	1405754	0	0,1
2016-Jan-05 11:28:45	PI_1	292	2	0	642933	0	
2016-Jan-05 11:28:47	PI_1	293	2	2	1405754	0	0,1
2016-Jan-05 11:28:49	PI_1	294	2	2	1405754	0	0,1
2016-Jan-05 11:28:51	PI_1	295	2	0	642933	0	
2016-Jan-05 11:28:53	PI_1	296	2	2	1405754	0	0,1
2016-Jan-05 11:28:55	PI_1	297	2	0	642933	0	
2016-Jan-05 11:28:57	PI_1	298	2	0	642933	0	
2016-Jan-05 11:28:59	PI_1	299	2	2	1405754	0	0,1
2016-Jan-05 11:29:01	PI_1	300	2	1	997955	0	0
2016-Jan-05 11:29:03	PI_1	301	2	0	642933	0	
2016-Jan-05 11:29:05	PI_1	302	2	1	997955	0	0
2016-Jan-05 11:29:07	PI_1	303	2	1	997955	0	0
2016-Jan-05 11:29:09	PI_1	304	2	2	1405754	0	0,1
2016-Jan-05 11:29:11	PI_1	305	2	2	1405754	0	0,1
2016-Jan-05 11:29:13	PI_1	306	2	0	642933	0	
2016-Jan-05 11:29:15	PI_1	307	2	2	1405754	0	0,1
2016-Jan-05 11:29:17	PI_1	308	2	2	1405754	0	0,1
2016-Jan-05 11:29:19	PI_1	309	2	2	1405754	0	0,1
2016-Jan-05 11:29:21	PI_1	310	2	0	642933	0	
2016-Jan-05 11:29:23	PI_1	311	2	2	1405754	0	0,1
2016-Jan-05 11:29:25	PI_1	312	2	2	1405754	0	0,1
2016-Jan-05 11:29:27	PI_1	313	2	0	642933	0	
2016-Jan-05 11:29:29	PI_1	314	2	2	1405754	0	0,1
2016-Jan-05 11:29:31	PI_1	315	2	0	642933	0	
2016-Jan-05 11:29:33	PI_1	316	2	2	1405754	0	0,1
2016-Jan-05 11:29:35	PI_1	317	2	0	642933	0	
2016-Jan-05 11:29:37	PI_1	318	2	2	1405754	0	0,1
2016-Jan-05 11:29:39	PI_1	319	2	0	642933	0	
2016-Jan-05 11:29:41	PI_1	320	2	0	642933	0	
2016-Jan-05 11:29:43	PI_1	321	2	2	1405754	0	0,1
2016-Jan-05 11:29:45	PI_1	322	2	0	642933	0	
2016-Jan-05 11:29:47	PI_1	323	2	0	642933	0	
2016-Jan-05 11:29:49	PI_1	324	2	0	642933	0	
2016-Jan-05 11:29:51	PI_1	325	2	2	1405754	0	0,1
2016-Jan-05 11:29:53	PI_1	326	2	0	642933	0	
2016-Jan-05 11:29:55	PI_1	327	2	0	642933	0	
2016-Jan-05 11:29:57	PI_1	328	2	2	1405754	0	0,1
2016-Jan-05 11:29:59	PI_1	329	2	0	642933	0	
2016-Jan-05 11:30:01	PI_1	330	2	2	1405754	0	0,1
2016-Jan-05 11:30:03	PI_1	331	2	2	1405754	0	0,1
2016-Jan-05 11:30:05	PI_1	332	2	1	997955	0	0
2016-Jan-05 11:30:07	PI_1	333	2	1	997955	0	0
2016-Jan-05 11:30:09	PI_1	334	2	1	997955	0	0
2016-Jan-05 11:30:11	PI_1	335	2	2	1405754	0	0,1
2016-Jan-05 11:30:13	PI_1	336	2	2	1405754	0	0,1
2016-Jan-05 11:30:15	PI_1	337	2	0	642933	0	
2016-Jan-05 11:30:17	PI_1	338	2	0	642933	0	
2016-Jan-05 11:30:19	PI_1	339	2	2	1405754	0	0,1
2016-Jan-05 11:30:21	PI_1	340	2	2	1405754	0	0,1
2016-Jan-05 11:30:23	PI_1	341	2	0	642933	0	
2016-Jan-05 11:30:25	PI_1	342	2	2	1405754	0	0,1
2016-Jan-05 11:30:27	PI_1	343	2	0	642933	0	
2016-Jan-05 11:30:29	PI_1	344	2	0	642933	0	
2016-Jan-05 11:30:31	PI_1	345	2	2	1405754	0	0,1
2016-Jan-05 11:30:33	PI_1	346	2	0	642933	0	
2016-Jan-05 11:30:35	PI_1	347	2	2	1405754	0	0,1
2016-Jan-05 11:30:37	PI_1	348	2	2	1405754	0	0,1
2016-Jan-05 11:30:39	PI_1	349	2	0	642933	0	
2016-Jan-05 11:30:41	PI_1	350	2	2	1405754	0	0,1
2016-Jan-05 11:30:43	PI_1	351	2	0	642933	0	
2016-Jan-05 11:30:45	PI_1	352	2	2	1405754	0	0,1
2016-Jan-05 11:30:47	PI_1	353	2	0	642933	0	
2016-Jan-05 11:30:49	PI_1	354	2	0	642933	0	
2016-Jan-05 11:30:51	PI_1	355	2	2	1405754	0	0,1
2016-Jan-05 11:30:53	PI_1	356	2	0	642933	0	
2016-Jan-05 11:30:55	PI_1	357	2	2	1405754	0	0,1
2016-Jan-05 11:30:57	PI_1	358	2	0	642933	0	
2016-Jan-05 11:30:59	PI_1	359	2	2	1405754	0	0,1
2016-Jan-05 11:31:01	PI_1	360	2	0	642933	0	
2016-Jan-05 11:31:03	PI_1	361	2	0	642933	0	
2016-Jan-05 11:31:05	PI_1	362	2	0	642933	0	
2016-Jan-05 11:31:07	PI_1	363	2	2	1405754	0	0,1
2016-Jan-05 11:31:09	PI_1	364	2	0	642933	0	
2016-Jan-05 11:31:11	PI_1	365	2	0	642933	0	
2016-Jan-05 11:31:13	PI_1	366	2	2	1405754	0	0,1
2016-Jan-05 11:31:15	PI_1	367	2	2	1405754	0	0,1
2016-Jan-05 11:31:17	PI_1	368	2	2	1405754	0	0,1
2016-Jan-05 11:31:19	PI_1	369	2	2	1405754	0	0,1
2016-Jan-05 11:31:21	PI_1	370	2	0	642933	0	
2016-Jan-05 11:31:23	PI_1	371	2	2	1405754	0	0,1
2016-Jan-05 11:31:25	PI_1	372	2	0	642933	0	
2016-Jan-05 11:31:27	PI_1	373	2	2	1405754	0	0,1
2016-Jan-05 11:31:29	PI_1	374	2	0	642933	0	
2016-Jan-05 11:31:31	PI_1	375	2	2	1405754	0	0,1
2016-Jan-05 11:31:33	PI_1	376	2	0	642933	0	
2016-Jan-05 11:31:35	PI_1	377	2	2	1405754	0	0,1
2016-Jan-05 11:31:37	PI_1	378	2	0	642933	0	
2016-Jan-05 11:31:39	PI_1	379	2	0	642933	0	
2016-Jan-05 11:31:41	PI_1	380	2	2	1405754	0	0,1
2016-Jan-05 11:31:43	PI_1	381	2	0	642933	0	
2016-Jan-05 11:31:45	PI_1	382	2	0	642933	0	
2016-Jan-05 11:31:47	PI_1	383	2	0	642933	0	
2016-Jan-05 11:31:49	PI_1	384	2	2	1405754	0	0,1
2016-Jan-05 11:31:51	PI_1	385	2	0	642933	0	
2016-Jan-05 11:31:53	PI_1	386	2	0	642933	0	
2016-Jan-05 11:31:55	PI_1	387	2	2	1405754	0	0,1
2016-Jan-05 11:31:57	PI_1	388	2	0	642933	0	
2016-Jan-05 11:31:59	PI_1	389	2	2	1405754	0	0,1
2016-Jan-05 11:32:01	PI_1	390	2	0	642933	0	
2016-Jan-05 11:32:03	PI_1	391	2	2	1405754	0	0,1
2016-Jan-05 11:32:05	PI_1	392	2	0	642933	0	
2016-Jan-05 11:32:07	PI_1	393	2	0	642933	0	
2016-Jan-05 11:32:09	PI_1	394	2	0	642933	0	
2016-Jan-05 11:32:11	PI_1	395	2	2	1405754	0	0,1
2016-Jan-05 11:32:13	PI_1	396	2	0	642933	0	
2016-Jan-05 11:32:15	PI_1	397	2	0	642933	0	
2016-Jan-05 11:32:17	PI_1	398	2	2	1405754	0	0,1
2016-Jan-05 11:32:19	PI_1	399	2	0	642933	0	
2016-Jan-05 11:32:21	PI_1	400	2	0	642933	0	
2016-Jan-05 11:32:23	PI_1	401	2	2	1405754	0	0,1
2016-Jan-05 11:32:25	PI_1	402	2	0	642933	0	
2016-Jan-05 11:32:27	PI_1	403	2	0	642933	0	
2016-Jan-05 11:32:29	PI_1	404	2	0	642933	0	
2016-Jan-05 11:32:31	PI_1	405	2	0	642933	0	
2016-Jan-05 11:32:33	PI_1	406	2	0	642933	0	
2016-Jan-05 11:32:35	PI_1	407	2	0	642933	0	
2016-Jan-05 11:32:37	PI_1	408	2	0	642933	0	
2016-Jan-05 11:32:39	PI_1	409	2	0	642933	0	
2016-Jan-05 11:32:41	PI_1	410	2	0	642933	0	
2016-Jan-05 11:32:43	PI_1	411	2	0	642933	0	
2016-Jan-05 11:32:45	PI_1	412	2	0	642933	0	
2016-Jan-05 11:32:47	PI_1	413	2	2	1405754	0	0,1
2016-Jan-05 11:32:49	PI_1	414	2	0	642933	0	
2016-Jan-05 11:32:51	PI_1	415	2	2	1405754	0	0,1
2016-Jan-05 11:32:53	PI_1	416	2	0	642933	0	
2016-Jan-05 11:32:55	PI_1	417	2	0	642933	0	
2016-Jan-05 11:32:57	PI_1	418	2	0	642933	0	
2016-Jan-05 11:32:59	PI_1	419	2	2	1405754	0	0,1
2016-Jan-05 11:33:01	PI_1	420	2	0	642933	0	
2016-Jan-05 11:33:03	PI_1	421	2	2	1405754	0	0,1
2016-Jan-05 11:33:05	PI_1	422	2	0	642933	0	
2016-Jan-05 11:33:07	PI_1	423	2	2	1405754	0	0,1
2016-Jan-05 11:33:09	PI_1	424	2	0	642933	0	
2016-Jan-05 11:33:11	PI_1	425	2	0	642933	0	
2016-Jan-05 11:33:13	PI_1	426	2	2	1405754	0	0,1
2016-Jan-05 11:33:15	PI_1	427	2	0	642933	0	
2016-Jan-05 11:33:17	PI_1	428	2	0	642933	0	
2016-Jan-05 11:33:19	PI_1	429	2	0	642933	0	
2016-Jan-05 11:33:21	PI_1	430	2	0	642933	0	
2016-Jan-05 11:33:23	PI_1	431	2	0	642933	0	
2016-Jan-05 11:33:25	PI_1	432	2	0	642933	0	
2016-Jan-05 11:33:27	PI_1	433	2	2	1405754	0	0,1
2016-Jan-05 11:33:29	PI_1	434	2	0	642933	0	
2016-Jan-05 11:33:31	PI_1	435	2	0	642933	0	
2016-Jan-05 11:33:33	PI_1	436	2	0	642933	0	
2016-Jan-05 11:33:35	PI_1	437	2	0	642933	0	
2016-Jan-05 11:33:37	PI_1	438	2	0	642933	0	
2016-Jan-05 11:33:39	PI_1	439	2	2	1405754	0	0,1
2016-Jan-05 11:33:41	PI_1	440	2	0	642933	0	
2016-Jan-05 11:33:43	PI_1	441	2	0	642933	0	
2016-Jan-05 11:33:45	PI_1	442	2	0	642933	0	
2016-Jan-05 11:33:47	PI_1	443	2	2	1405754	0	0,1
2016-Jan-05 11:33:49	PI_1	444	2	0	642933	0	
2016-Jan-05 11:33:51	PI_1	445	2	0	642933	0	
2016-Jan-05 11:33:53	PI_1	446	2	0	642933	0	
2016-Jan-05 11:33:55	PI_1	447	2	2	1405754	0	0,1
2016-Jan-05 11:33:57	PI_1	448	2	0	642933	0	
2016-Jan-05 11:33:59	PI_1	449	2	0	642933	0	
2016-Jan-05 11:34:01	PI_1	450	2	0	642933	0	
2016-Jan-05 11:34:03	PI_1	451	2	2	1405754	0	0,1
2016-Jan-05 11:34:05	PI_1	452	2	0	642933	0	
2016-Jan-05 11:34:07	PI_1	453	2	0	642933	0	
2016-Jan-05 11:34:09	PI_1	454	2	2	1405754	0	0,1
2016-Jan-05 11:34:11	PI_1	455	2	2	1405754	0	0,1
2016-Jan-05 11:34:13	PI_1	456	2	0	642933	0	
2016-Jan-05 11:34:15	PI_1	457	2	2	1405754	0	0,1
2016-Jan-05 11:34:17	PI_1	458	2	1	997955	0	0
2016-Jan-05 11:34:19	PI_1	459	2	1	997955	0	0
2016-Jan-05 11:34:21	PI_1	460	2	1	997955	0	0
2016-Jan-05 11:34:23	PI_1	461	2	2	1405754	0	0,1
2016-Jan-05 11:34:25	PI_1	462	2	2	1405754	0	0,1
2016-Jan-05 11:34:27	PI_1	463	2	2	1405754	0	0,1
2016-Jan-05 11:34:29	PI_1	464	2	2	1405754	0	0,1
2016-Jan-05 11:34:31	PI_1	465	2	0	642933	0	
2016-Jan-05 11:34:33	PI_1	466	2	2	1405754	0	0,1
2016-Jan-05 11:34:35	PI_1	467	2	0	642933	0	
2016-Jan-05 11:34:37	PI_1	468	2	2	1405754	0	0,1
2016-Jan-05 11:34:39	PI_1	469	2	0	642933	0	
2016-Jan-05 11:34:41	PI_1	470	2	2	1405754	0	0,1
2016-Jan-05 11:34:43	PI_1	471	2	0	642933	0	
2016-Jan-05 11:34:45	PI_1	472	2	2	1405754	0	0,1
2016-Jan-05 11:34:47	PI_1	473	2	0	642933	0	
2016-Jan-05 11:34:49	PI_1	474	2	2	1405754	0	0,1
2016-Jan-05 11:34:51	PI_1	475	2	0	642933	0	
2016-Jan-05 11:34:53	PI_1	476	2	2	1405754	0	0,1
2016-Jan-05 11:34:55	PI_1	477	2	0	642933	0	
2016-Jan-05 11:34:57	PI_1	478	2	2	1405754	0	0,1
2016-Jan-05 11:34:59	PI_1	479	2	0	642933	0	
2016-Jan-05 11:35:01	PI_1	480	2	2	1405754	0	0,1
2016-Jan-05 11:35:03	PI_1	481	2	2	1405754	0	0,1
2016-Jan-05 11:35:05	PI_1	482	2	1	997955	0	0
2016-Jan-05 11:35:07	PI_1	483	2	2	1405754	0	0,1
2016-Jan-05 11:35:09	PI_1	484	2	0	642933	0	
2016-Jan-05 11:35:11	PI_1	485	2	2	1405754	0	0,1
2016-Jan-05 11:35:13	PI_1	486	2	0	642933	0	
2016-Jan-05 11:35:15	PI_1	487	2	2	1405754	0	0,1
2016-Jan-05 11:35:17	PI_1	488	2	0	642933	0	
2016-Jan-05 11:35:19	PI_1	489	2	0	642933	0	
2016-Jan-05 11:35:21	PI_1	490	2	2	1405754	0	0,1
2016-Jan-05 11:35:23	PI_1	491	2	0	642933	0	
2016-Jan-05 11:35:25	PI_1	492	2	2	1405754	0	0,1
2016-Jan-05 11:35:27	PI_1	493	2	2	1405754	0	0,1
2016-Jan-05 11:35:29	PI_1	494	2	0	642933	0	
2016-Jan-05 11:35:31	PI_1	495	2	2	1405754	0	0,1
2016-Jan-05 11:35:33	PI_1	496	2	2	1405754	0	0,1
2016-Jan-05 11:35:35	PI_1	497	2	0	642933	0	
2016-Jan-05 11:35:37	PI_1	498	2	2	1405754	0	0,1
2016-Jan-05 11:35:39	PI_1	499	2	2	1405754	0	0,1
2016-Jan-05 11:35:41	PI_1	500	2	0	642933	0	
2016-Jan-05 11:35:43	PI_1	501	2	2	1405754	0	0,1
2016-Jan-05 11:35:45	PI_1	502	2	0	642933	0	
2016-Jan-05 11:35:47	PI_1	503	2	2	1405754	0	0,1
2016-Jan-05 11:35:49	PI_1	504	2	2	1405754	0	0,1
2016-Jan-05 11:35:51	PI_1	505	2	0	642933	0	
2016-Jan-05 11:35:53	PI_1	506	2	2	1405754	0	0,1
2016-Jan-05 11:35:55	PI_1	507	2	0	642933	0	
2016-Jan-05 11:35:57	PI_1	508	2	0	642933	0	
2016-Jan-05 11:35:59	PI_1	509	2	0	642933	0	
2016-Jan-05 11:36:01	PI_1	510	2	2	1405754	0	0,1
2016-Jan-05 11:36:03	PI_1	511	2	0	642933	0	
2016-Jan-05 11:36:05	PI_1	512	2	0	642933	0	
2016-Jan-05 11:36:07	PI_1	513	2	2	1405754	0	0,1
2016-Jan-05 11:36:09	PI_1	514	2	0	642933	0	
2016-Jan-05 11:36:11	PI_1	515	2	2	1405754	0	0,1
2016-Jan-05 11:36:13	PI_1	516	2	0	642933	0	
2016-Jan-05 11:36:15	PI_1	517	2	0	642933	0	
2016-Jan-05 11:36:17	PI_1	518	2	2	1405754	0	0,1
2016-Jan-05 11:36:19	PI_1	519	2	0	642933	0	
2016-Jan-05 11:36:21	PI_1	520	2	0	642933	0	
2016-Jan-05 11:36:23	PI_1	521	2	0	642933	0	
2016-Jan-05 11:36:25	PI_1	522	2	2	1405754	0	0,1
2016-Jan-05 11:36:27	PI_1	523	2	2	1405754	0	0,1
2016-Jan-05 11:36:29	PI_1	524	2	0	642933	0	
2016-Jan-05 11:36:31	PI_1	525	2	2	1405754	0	0,1
2016-Jan-05 11:36:33	PI_1	526	2	0	642933	0	
2016-Jan-05 11:36:35	PI_1	527	2	0	642933	0	
2016-Jan-05 11:36:37	PI_1	528	2	2	1405754	0	0,1
2016-Jan-05 11:36:39	PI_1	529	2	0	642933	0	
2016-Jan-05 11:36:41	PI_1	530	2	0	642933	0	
2016-Jan-05 11:36:43	PI_1	531	2	0	642933	0	
2016-Jan-05 11:36:45	PI_1	532	2	0	642933	0	
2016-Jan-05 11:36:47	PI_1	533	2	0	642933	0	
2016-Jan-05 11:36:49	PI_1	534	2	0	642933	0	
2016-Jan-05 11:36:51	PI_1	535	2	0	642933	0	
2016-Jan-05 11:36:53	PI_1	536	2	0	642933	0	
2016-Jan-05 11:36:55	PI_1	537	2	0	642933	0	
2016-Jan-05 11:36:57	PI_1	538	2	0	642933	0	
2016-Jan-05 11:36:59	PI_1	539	2	0	642933	0	
2016-Jan-05 11:37:01	PI_1	540	2	0	642933	0	
2016-Jan-05 11:37:03	PI_1	541	2	0	642933	0	
2016-Jan-05 11:37:05	PI_1	542	2	2	1405754	0	0,1
2016-Jan-05 11:37:07	PI_1	543	2	0	642933	0	
2016-Jan-05 11:37:09	PI_1	544	2	0	642933	0	
2016-Jan-05 11:37:11	PI_1	545	2	0	642933	0	
2016-Jan-05 11:37:13	PI_1	546	2	0	642933	0	
2016-Jan-05 11:37:15	PI_1	547	2	0	642933	0	
2016-Jan-05 11:37:17	PI_1	548	2	2	1405754	0	0,1
2016-Jan-05 11:37:19	PI_1	549	2	0	642933	0	
2016-Jan-05 11:37:21	PI_1	550	2	0	642933	0	
2016-Jan-05 11:37:23	PI_1	551	2	0	642933	0	
2016-Jan-05 11:37:25	PI_1	552	2	2	1405754	0	0,1
2016-Jan-05 11:37:27	PI_1	553	2	0	642933	0	
2016-Jan-05 11:37:29	PI_1	554	2	2	1405754	0	0,1
2016-Jan-05 11:37:31	PI_1	555	2	0	642933	0	
2016-Jan-05 11:37:33	PI_1	556	2	0	642933	0	
2016-Jan-05 11:37:35	PI_1	557	2	0	642933	0	
2016-Jan-05 11:37:37	PI_1	558	2	2	1405754	0	0,1
2016-Jan-05 11:37:39	PI_1	559	2	0	642933	0	
2016-Jan-05 11:37:41	PI_1	560	2	0	642933	0	
2016-Jan-05 11:37:43	PI_1	561	2	0	642933	0	
2016-Jan-05 11:37:45	PI_1	562	2	2	1405754	0	0,1
2016-Jan-05 11:37:47	PI_1	563	2	0	642933	0	
2016-Jan-05 11:37:49	PI_1	564	2	0	642933	0	
2016-Jan-05 11:37:51	PI_1	565	2	2	1405754	0	0,1
2016-Jan-05 11:37:53	PI_1	566	2	2	1405754	0	0,1
2016-Jan-05 11:37:55	PI_1	567	2	2	1405754	0	0,1
2016-Jan-05 11:37:57	PI_1	568	2	0	642933	0	
2016-Jan-05 11:37:59	PI_1	569	2	2	1405754	0	0,1
2016-Jan-05 11:38:01	PI_1	570	2	0	642933	0	
2016-Jan-05 11:38:03	PI_1	571	2	2	1405754	0	0,1
2016-Jan-05 11:38:05	PI_1	572	2	0	642933	0	
2016-Jan-05 11:38:07	PI_1	573	2	2	1405754	0	0,1
2016-Jan-05 11:38:09	PI_1	574	2	0	642933	0	
2016-Jan-05 11:38:11	PI_1	575	2	2	1405754	0	0,1
2016-Jan-05 11:38:13	PI_1	576	2	2	1405754	0	0,1
2016-Jan-05 11:38:15	PI_1	577	2	2	1405754	0	0,1
2016-Jan-05 11:38:17	PI_1	578	2	0	642933	0	
2016-Jan-05 11:38:19	PI_1	579	2	2	1405754	0	0,1
2016-Jan-05 11:38:21	PI_1	580	2	2	1405754	0	0,1
2016-Jan-05 11:38:23	PI_1	581	2	0	642933	0	
2016-Jan-05 11:38:25	PI_1	582	2	2	1405754	0	0,1
2016-Jan-05 11:38:27	PI_1	583	2	0	642933	0	
2016-Jan-05 11:38:29	PI_1	584	2	0	642933	0	
2016-Jan-05 11:38:31	PI_1	585	2	0	642933	0	
2016-Jan-05 11:38:33	PI_1	586	2	0	642933	0	
2016-Jan-05 11:38:35	PI_1	587	2	2	1405754	0	0,1
2016-Jan-05 11:38:37	PI_1	588	2	0	642933	0	
2016-Jan-05 11:38:39	PI_1	589	2	0	642933	0	
2016-Jan-05 11:38:41	PI_1	590	2	0	642933	0	
2016-Jan-05 11:38:43	PI_1	591	2	2	1405754	0	0,1
2016-Jan-05 11:38:45	PI_1	592	2	0	642933	0	
2016-Jan-05 11:38:47	PI_1	593	2	0	642933	0	
2016-Jan-05 11:38:49	PI_1	594	2	2	1405754	0	0,1
2016-Jan-05 11:38:51	PI_1	595	2	2	1405754	0	0,1
2016-Jan-05 11:38:53	PI_1	596	2	1	997955	0	0
2016-Jan-05 11:38:55	PI_1	597	2	2	1405754	0	0,1
2016-Jan-05 11:38:57	PI_1	598	2	0	642933	0	
2016-Jan-05 11:38:59	PI_1	599	2	2	1405754	0	0,1
2016-Jan-05 11:39:01	PI_1	600	2	2	1405754	0	0,1
2016-Jan-05 11:39:03	PI_1	601	2	2	1405754	0	0,1
2016-Jan-05 11:39:05	PI_1	602	2	0	642933	0	
2016-Jan-05 11:39:07	PI_1	603	2	2	1405754	0	0,1
2016-Jan-05 11:39:09	PI_1	604	2	2	1405754	0	0,1
2016-Jan-05 11:39:11	PI_1	605	2	0	642933	0	
2016-Jan-05 11:39:13	PI_1	606	2	2	1405754	0	0,1
2016-Jan-05 11:39:15	PI_1	607	2	2	1405754	0	0,1
2016-Jan-05 11:39:17	PI_1	608	2	2	1405754	0	0,1
2016-Jan-05 11:39:19	PI_1	609	2	0	642933	0	
2016-Jan-05 11:39:21	PI_1	610	2	2	1405754	0	0,1
2016-Jan-05 11:39:23	PI_1	611	2	2	1405754	0	0,1
2016-Jan-05 11:39:25	PI_1	612	2	0	642933	0	
2016-Jan-05 11:39:27	PI_1	613	2	2	1405754	0	0,1
2016-Jan-05 11:39:29	PI_1	614	2	1	997955	0	0
2016-Jan-05 11:39:31	PI_1	615	2	1	997955	0	0
2016-Jan-05 11:39:33	PI_1	616	2	1	997955	0	0
2016-Jan-05 11:39:35	PI_1	617	2	1	997955	0	0
2016-Jan-05 11:39:37	PI_1	618	2	2	1405754	0	0,1
2016-Jan-05 11:39:39	PI_1	619	2	2	1405754	0	0,1
2016-Jan-05 11:39:41	PI_1	620	2	2	1405754	0	0,1
2016-Jan-05 11:39:43	PI_1	621	2	2	1405754	0	0,1
2016-Jan-05 11:39:45	PI_1	622	2	2	1405754	0	0,1
2016-Jan-05 11:39:47	PI_1	623	2	0	642933	0	
2016-Jan-05 11:39:49	PI_1	624	2	2	1405754	0	0,1
2016-Jan-05 11:39:51	PI_1	625	2	0	642933	0	
2016-Jan-05 11:39:53	PI_1	626	2	2	1405754	0	0,1
2016-Jan-05 11:39:55	PI_1	627	2	0	642933	0	
2016-Jan-05 11:39:57	PI_1	628	2	0	642933	0	
2016-Jan-05 11:39:59	PI_1	629	2	2	1405754	0	0,1
2016-Jan-05 11:40:01	PI_1	630	2	0	642933	0	
2016-Jan-05 11:40:03	PI_1	631	2	0	642933	0	
2016-Jan-05 11:40:05	PI_1	632	2	0	642933	0	
2016-Jan-05 11:40:07	PI_1	633	2	2	1405754	0	0,1
2016-Jan-05 11:40:09	PI_1	634	2	0	642933	0	
2016-Jan-05 11:40:11	PI_1	635	2	0	642933	0	
2016-Jan-05 11:40:13	PI_1	636	2	2	1405754	0	0,1
2016-Jan-05 11:40:15	PI_1	637	2	0	642933	0	
2016-Jan-05 11:40:17	PI_1	638	2	0	642933	0	
2016-Jan-05 11:40:19	PI_1	639	2	2	1405754	0	0,1
2016-Jan-05 11:40:21	PI_1	640	2	0	642933	0	
2016-Jan-05 11:40:23	PI_1	641	2	0	642933	0	
2016-Jan-05 11:40:25	PI_1	642	2	2	1405754	0	0,1
2016-Jan-05 11:40:27	PI_1	643	2	0	642933	0	
2016-Jan-05 11:40:29	PI_1	644	2	0	642933	0	
2016-Jan-05 11:40:31	PI_1	645	2	2	1405754	0	0,1
2016-Jan-05 11:40:33	PI_1	646	2	0	642933	0	
2016-Jan-05 11:40:35	PI_1	647	2	2	1405754	0	0,1
2016-Jan-05 11:40:37	PI_1	648	2	0	642933	0	
2016-Jan-05 11:40:39	PI_1	649	2	2	1405754	0	0,1
2016-Jan-05 11:40:41	PI_1	650	2	1	997955	0	0
2016-Jan-05 11:40:43	PI_1	651	2	1	997955	0	0
2016-Jan-05 11:40:45	PI_1	652	2	1	997955	0	0
2016-Jan-05 11:40:47	PI_1	653	2	1	997955	0	0
2016-Jan-05 11:40:49	PI_1	654	2	1	997955	0	0
2016-Jan-05 11:40:51	PI_1	655	2	1	997955	0	0
2016-Jan-05 11:40:53	PI_1	656	2	2	1405754	0	0,1
2016-Jan-05 11:40:55	PI_1	657	2	2	1405754	0	0,1
2016-Jan-05 11:40:57	PI_1	658	2	2	1405754	0	0,1
2016-Jan-05 11:40:59	PI_1	659	2	2	1405754	0	0,1
2016-Jan-05 11:41:01	PI_1	660	2	2	1405754	0	0,1
2016-Jan-05 11:41:03	PI_1	661	2	2	1405754	0	0,1
2016-Jan-05 11:41:05	PI_1	662	2	0	642933	0	
2016-Jan-05 11:41:07	PI_1	663	2	2	1405754	0	0,1
2016-Jan-05 11:41:09	PI_1	664	2	2	1405754	0	0,1
2016-Jan-05 11:41:11	PI_1	665	2	1	997955	0	0
2016-Jan-05 11:41:13	PI_1	666	2	0	642933	0	
2016-Jan-05 11:41:15	PI_1	667	2	1	997955	0	0
2016-Jan-05 11:41:17	PI_1	668	2	0	642933	0	
2016-Jan-05 11:41:19	PI_1	669	2	1	997955	0	0
2016-Jan-05 11:41:21	PI_1	670	2	2	1405754	0	0,1
2016-Jan-05 11:41:23	PI_1	671	2	0	642933	0	
2016-Jan-05 11:41:25	PI_1	672	2	2	1405754	0	0,1
2016-Jan-05 11:41:27	PI_1	673	2	0	642933	0	
2016-Jan-05 11:41:29	PI_1	674	2	2	1405754	0	0,1
2016-Jan-05 11:41:31	PI_1	675	2	0	642933	0	
2016-Jan-05 11:41:33	PI_1	676	2	2	1405754	0	0,1
2016-Jan-05 11:41:35	PI_1	677	2	0	642933	0	
2016-Jan-05 11:41:37	PI_1	678	2	2	1405754	0	0,1
2016-Jan-05 11:41:39	PI_1	679	2	0	642933	0	
2016-Jan-05 11:41:41	PI_1	680	2	2	1405754	0	0,1
2016-Jan-05 11:41:43	PI_1	681	2	2	1405754	0	0,1
2016-Jan-05 11:41:45	PI_1	682	2	0	642933	0	
2016-Jan-05 11:41:47	PI_1	683	2	2	1405754	0	0,1
2016-Jan-05 11:41:49	PI_1	684	2	0	642933	0	
2016-Jan-05 11:41:51	PI_1	685	2	2	1405754	0	0,1
2016-Jan-05 11:41:53	PI_1	686	2	0	642933	0	
2016-Jan-05 11:41:55	PI_1	687	2	0	642933	0	
2016-Jan-05 11:41:57	PI_1	688	2	0	642933	0	
2016-Jan-05 11:41:59	PI_1	689	2	2	1405754	0	0,1
2016-Jan-05 11:42:01	PI_1	690	2	0	642933	0	
2016-Jan-05 11:42:03	PI_1	691	2	0	642933	0	
2016-Jan-05 11:42:05	PI_1	692	2	0	642933	0	
2016-Jan-05 11:42:07	PI_1	693	2	2	1405754	0	0,1
2016-Jan-05 11:42:09	PI_1	694	2	0	642933	0	
2016-Jan-05 11:42:11	PI_1	695	2	0	642933	0	
2016-Jan-05 11:42:13	PI_1	696	2	2	1405754	0	0,1
2016-Jan-05 11:42:15	PI_1	697	2	0	642933	0	
2016-Jan-05 11:42:17	PI_1	698	2	0	642933	0	
2016-Jan-05 11:42:19	PI_1	699	2	2	1405754	0	0,1
2016-Jan-05 11:42:21	PI_1	700	2	0	642933	0	
2016-Jan-05 11:42:23	PI_1	701	2	2	1405754	0	0,1
2016-Jan-05 11:42:25	PI_1	702	2	2	1405754	0	0,1
2016-Jan-05 11:42:27	PI_1	703	2	0	642933	0	
2016-Jan-05 11:42:29	PI_1	704	2	2	1405754	0	0,1
2016-Jan-05 11:42:31	PI_1	705	2	2	1405754	0	0,1
2016-Jan-05 11:42:33	PI_1	706	2	0	642933	0	
2016-Jan-05 11:42:35	PI_1	707	2	2	1405754	0	0,1
2016-Jan-05 11:42:37	PI_1	708	2	2	1405754	0	0,1
2016-Jan-05 11:42:39	PI_1	709	2	2	1405754	0	0,1
2016-Jan-05 11:42:41	PI_1	710	2	0	642933	0	
2016-Jan-05 11:42:43	PI_1	711	2	2	1405754	0	0,1
2016-Jan-05 11:42:45	PI_1	712	2	1	997955	0	0
2016-Jan-05 11:42:47	PI_1	713	2	1	997955	0	0
2016-Jan-05 11:42:49	PI_1	714	2	1	997955	0	0
2016-Jan-05 11:42:51	PI_1	715	2	1	997955	0	0
2016-Jan-05 11:42:53	PI_1	716	2	1	997955	0	0
2016-Jan-05 11:42:55	PI_1	717	2	1	997955	0	0
2016-Jan-05 11:42:57	PI_1	718	2	1	997955	0	0
2016-Jan-05 11:42:59	PI_1	719	2	2	1405754	0	0,1
2016-Jan-05 11:43:01	PI_1	720	2	2	1405754	0	0,1
2016-Jan-05 11:43:03	PI_1	721	2	0	642933	0	
2016-Jan-05 11:43:05	PI_1	722	2	0	642933	0	
2016-Jan-05 11:43:07	PI_1	723	2	2	1405754	0	0,1
2016-Jan-05 11:43:09	PI_1	724	2	0	642933	0	
2016-Jan-05 11:43:11	PI_1	725	2	2	1405754	0	0,1
2016-Jan-05 11:43:13	PI_1	726	2	0	642933	0	
2016-Jan-05 11:43:15	PI_1	727	2	2	1405754	0	0,1
2016-Jan-05 11:43:17	PI_1	728	2	0	642933	0	
2016-Jan-05 11:43:19	PI_1	729	2	2	1405754	0	0,1
2016-Jan-05 11:43:21	PI_1	730	2	2	1405754	0	0,1
2016-Jan-05 11:43:23	PI_1	731	2	0	642933	0	
2016-Jan-05 11:43:25	PI_1	732	2	2	1405754	0	0,1
2016-Jan-05 11:43:27	PI_1	733	2	2	1405754	0	0,1
2016-Jan-05 11:43:29	PI_1	734	2	2	1405754	0	0,1
2016-Jan-05 11:43:31	PI_1	735	2	0	642933	0	
2016-Jan-05 11:43:33	PI_1	736	2	2	1405754	0	0,1
2016-Jan-05 11:43:35	PI_1	737	2	2	1405754	0	0,1
2016-Jan-05 11:43:37	PI_1	738	2	0	642933	0	
2016-Jan-05 11:43:39	PI_1	739	2	2	1405754	0	0,1
2016-Jan-05 11:43:41	PI_1	740	2	2	1405754	0	0,1
2016-Jan-05 11:43:43	PI_1	741	2	0	642933	0	
2016-Jan-05 11:43:45	PI_1	742	2	2	1405754	0	0,1
2016-Jan-05 11:43:47	PI_1	743	2	0	642933	0	
2016-Jan-05 11:43:49	PI_1	744	2	0	642933	0	
2016-Jan-05 11:43:51	PI_1	745	2	2	1405754	0	0,1
2016-Jan-05 11:43:53	PI_1	746	2	0	642933	0	
2016-Jan-05 11:43:55	PI_1	747	2	0	642933	0	
2016-Jan-05 11:43:57	PI_1	748	2	2	1405754	0	0,1
2016-Jan-05 11:43:59	PI_1	749	2	0	642933	0	
2016-Jan-05 11:44:01	PI_1	750	2	2	1405754	0	0,1
2016-Jan-05 11:44:03	PI_1	751	2	0	642933	0	
2016-Jan-05 11:44:05	PI_1	752	2	0	642933	0	
2016-Jan-05 11:44:07	PI_1	753	2	2	1405754	0	0,1
2016-Jan-05 11:44:09	PI_1	754	2	0	642933	0	
2016-Jan-05 11:44:11	PI_1	755	2	0	642933	0	
2016-Jan-05 11:44:13	PI_1	756	2	0	642933	0	
2016-Jan-05 11:44:15	PI_1	757	2	0	642933	0	
2016-Jan-05 11:44:17	PI_1	758	2	2	1405754	0	0,1
2016-Jan-05 11:44:19	PI_1	759	2	0	642933	0	
2016-Jan-05 11:44:21	PI_1	760	2	0	642933	0	
2016-Jan-05 11:44:23	PI_1	761	2	0	642933	0	
2016-Jan-05 11:44:25	PI_1	762	2	2	1405754	0	0,1
2016-Jan-05 11:44:27	PI_1	763	2	0	642933	0	
2016-Jan-05 11:44:29	PI_1	764	2	0	642933	0	
2016-Jan-05 11:44:31	PI_1	765	2	2	1405754	0	0,1
2016-Jan-05 11:44:33	PI_1	766	2	0	642933	0	
2016-Jan-05 11:44:35	PI_1	767	2	0	642933	0	
2016-Jan-05 11:44:37	PI_1	768	2	2	1405754	0	0,1
2016-Jan-05 11:44:39	PI_1	769	2	0	642933	0	
2016-Jan-05 11:44:41	PI_1	770	2	2	1405754	0	0,1
2016-Jan-05 11:44:43	PI_1	771	2	2	1405754	0	0,1
2016-Jan-05 11:44:45	PI_1	772	2	0	642933	0	
2016-Jan-05 11:44:47	PI_1	773	2	2	1405754	0	0,1
2016-Jan-05 11:44:49	PI_1	774	2	0	642933	0	
2016-Jan-05 11:44:51	PI_1	775	2	0	642933	0	
2016-Jan-05 11:44:53	PI_1	776	2	2	1405754	0	0,1
2016-Jan-05 11:44:55	PI_1	777	2	2	1405754	0	0,1
2016-Jan-05 11:44:57	PI_1	778	2	0	642933	0	
2016-Jan-05 11:44:59	PI_1	779	2	1	997955	0	0
2016-Jan-05 11:45:01	PI_1	780	2	1	997955	0	0
2016-Jan-05 11:45:03	PI_1	781	2	1	997955	0	0
2016-Jan-05 11:45:05	PI_1	782	2	1	997955	0	0
2016-Jan-05 11:45:07	PI_1	783	2	1	997955	0	0
2016-Jan-05 11:45:09	PI_1	784	2	2	1405754	0	0,1
2016-Jan-05 11:45:11	PI_1	785	2	2	1405754	0	0,1
2016-Jan-05 11:45:13	PI_1	786	2	2	1405754	0	0,1
2016-Jan-05 11:45:15	PI_1	787	2	0	642933	0	
2016-Jan-05 11:45:17	PI_1	788	2	2	1405754	0	0,1
2016-Jan-05 11:45:19	PI_1	789	2	2	1405754	0	0,1
2016-Jan-05 11:45:21	PI_1	790	2	0	642933	0	
2016-Jan-05 11:45:23	PI_1	791	2	0	642933	0	
2016-Jan-05 11:45:25	PI_1	792	2	0	642933	0	
2016-Jan-05 11:45:27	PI_1	793	2	0	642933	0	
2016-Jan-05 11:45:29	PI_1	794	2	0	642933	0	
2016-Jan-05 11:45:31	PI_1	795	2	0	642933	0	
2016-Jan-05 11:45:33	PI_1	796	2	2	1405754	0	0,1
2016-Jan-05 11:45:35	PI_1	797	2	0	642933	0	
2016-Jan-05 11:45:37	PI_1	798	2	0	642933	0	
2016-Jan-05 11:45:39	PI_1	799	2	2	1405754	0	0,1
2016-Jan-05 11:45:41	PI_1	800	2	0	642933	0	
2016-Jan-05 11:45:43	PI_1	801	2	2	1405754	0	0,1
2016-Jan-05 11:45:45	PI_1	802	2	0	642933	0	
2016-Jan-05 11:45:47	PI_1	803	2	2	1405754	0	0,1
2016-Jan-05 11:45:49	PI_1	804	2	0	642933	0	
2016-Jan-05 11:45:51	PI_1	805	2	2	1405754	0	0,1
2016-Jan-05 11:45:53	PI_1	806	2	2	1405754	0	0,1
2016-Jan-05 11:45:55	PI_1	807	2	0	642933	0	
2016-Jan-05 11:45:57	PI_1	808	2	0	642933	0	
2016-Jan-05 11:45:59	PI_1	809	2	2	1405754	0	0,1
2016-Jan-05 11:46:01	PI_1	810	2	0	642933	0	
2016-Jan-05 11:46:03	PI_1	811	2	0	642933	0	
2016-Jan-05 11:46:05	PI_1	812	2	0	642933	0	
2016-Jan-05 11:46:07	PI_1	813	2	0	642933	0	
2016-Jan-05 11:46:09	PI_1	814	2	2	1405754	0	0,1
2016-Jan-05 11:46:11	PI_1	815	2	0	642933	0	
2016-Jan-05 11:46:13	PI_1	816	2	2	1405754	0	0,1
2016-Jan-05 11:46:15	PI_1	817	2	0	642933	0	
2016-Jan-05 11:46:17	PI_1	818	2	2	1405754	0	0,1
2016-Jan-05 11:46:19	PI_1	819	2	0	642933	0	
2016-Jan-05 11:46:21	PI_1	820	2	2	1405754	0	0,1
2016-Jan-05 11:46:23	PI_1	821	2	0	642933	0	
2016-Jan-05 11:46:25	PI_1	822	2	2	1405754	0	0,1
2016-Jan-05 11:46:27	PI_1	823	2	0	642933	0	
2016-Jan-05 11:46:29	PI_1	824	2	2	1405754	0	0,1
2016-Jan-05 11:46:31	PI_1	825	2	0	642933	0	
2016-Jan-05 11:46:33	PI_1	826	2	2	1405754	0	0,1
2016-Jan-05 11:46:35	PI_1	827	2	0	642933	0	
2016-Jan-05 11:46:37	PI_1	828	2	0	642933	0	
2016-Jan-05 11:46:39	PI_1	829	2	2	1405754	0	0,1
2016-Jan-05 11:46:41	PI_1	830	2	0	642933	0	
2016-Jan-05 11:46:43	PI_1	831	2	2	1405754	0	0,1
2016-Jan-05 11:46:45	PI_1	832	2	0	642933	0	
2016-Jan-05 11:46:47	PI_1	833	2	0	642933	0	
2016-Jan-05 11:46:49	PI_1	834	2	2	1405754	0	0,1
2016-Jan-05 11:46:51	PI_1	835	2	0	642933	0	
2016-Jan-05 11:46:53	PI_1	836	2	2	1405754	0	0,1
2016-Jan-05 11:46:55	PI_1	837	2	0	642933	0	
2016-Jan-05 11:46:57	PI_1	838	2	2	1405754	0	0,1
2016-Jan-05 11:46:59	PI_1	839	2	2	1405754	0	0,1
2016-Jan-05 11:47:01	PI_1	840	2	0	642933	0	
2016-Jan-05 11:47:03	PI_1	841	2	2	1405754	0	0,1
2016-Jan-05 11:47:05	PI_1	842	2	2	1405754	0	0,1
2016-Jan-05 11:47:07	PI_1	843	2	0	642933	0	
2016-Jan-05 11:47:09	PI_1	844	2	2	1405754	0	0,1
2016-Jan-05 11:47:11	PI_1	845	2	2	1405754	0	0,1
2016-Jan-05 11:47:13	PI_1	846	2	2	1405754	0	0,1
2016-Jan-05 11:47:15	PI_1	847	2	1	997955	0	0
2016-Jan-05 11:47:17	PI_1	848	2	1	997955	0	0
2016-Jan-05 11:47:19	PI_1	849	2	1	997955	0	0
2016-Jan-05 11:47:21	PI_1	850	2	1	997955	0	0
2016-Jan-05 11:47:23	PI_1	851	2	1	997955	0	0
2016-Jan-05 11:47:25	PI_1	852	2	1	997955	0	0
2016-Jan-05 11:47:27	PI_1	853	2	1	997955	0	0
2016-Jan-05 11:47:29	PI_1	854	2	1	997955	0	0
2016-Jan-05 11:47:32	PI_1	855	2	2	1405754	0	0,1
2016-Jan-05 11:47:34	PI_1	856	2	2	1405754	0	0,1
2016-Jan-05 11:47:36	PI_1	857	2	0	642933	0	
2016-Jan-05 11:47:38	PI_1	858	2	0	642933	0	
2016-Jan-05 11:47:40	PI_1	859	2	0	642933	0	
2016-Jan-05 11:47:42	PI_1	860	2	0	642933	0	
2016-Jan-05 11:47:44	PI_1	861	2	0	642933	0	
2016-Jan-05 11:47:46	PI_1	862	2	0	642933	0	
2016-Jan-05 11:47:48	PI_1	863	2	2	1405754	0	0,1
2016-Jan-05 11:47:50	PI_1	864	2	0	642933	0	
2016-Jan-05 11:47:52	PI_1	865	2	2	1405754	0	0,1
2016-Jan-05 11:47:54	PI_1	866	2	2	1405754	0	0,1
2016-Jan-05 11:47:56	PI_1	867	2	0	642933	0	
2016-Jan-05 11:47:58	PI_1	868	2	2	1405754	0	0,1
2016-Jan-05 11:48:00	PI_1	869	2	2	1405754	0	0,1
2016-Jan-05 11:48:02	PI_1	870	2	0	642933	0	
2016-Jan-05 11:48:04	PI_1	871	2	2	1405754	0	0,1
2016-Jan-05 11:48:06	PI_1	872	2	2	1405754	0	0,1
2016-Jan-05 11:48:08	PI_1	873	2	2	1405754	0	0,1
2016-Jan-05 11:48:10	PI_1	874	2	2	1405754	0	0,1
2016-Jan-05 11:48:12	PI_1	875	2	0	642933	0	
2016-Jan-05 11:48:14	PI_1	876	2	2	1405754	0	0,1
2016-Jan-05 11:48:16	PI_1	877	2	2	1405754	0	0,1
2016-Jan-05 11:48:18	PI_1	878	2	1	997955	0	0
2016-Jan-05 11:48:20	PI_1	879	2	1	997955	0	0
2016-Jan-05 11:48:22	PI_1	880	2	2	1405754	0	0,1
2016-Jan-05 11:48:24	PI_1	881	2	1	997955	0	0
2016-Jan-05 11:48:26	PI_1	882	2	1	997955	0	0
2016-Jan-05 11:48:28	PI_1	883	2	2	1405754	0	0,1
2016-Jan-05 11:48:30	PI_1	884	2	2	1405754	0	0,1
2016-Jan-05 11:48:32	PI_1	885	2	2	1405754	0	0,1
2016-Jan-05 11:48:34	PI_1	886	2	2	1405754	0	0,1
2016-Jan-05 11:48:36	PI_1	887	2	0	642933	0	
2016-Jan-05 11:48:38	PI_1	888	2	0	642933	0	
2016-Jan-05 11:48:40	PI_1	889	2	2	1405754	0	0,1
2016-Jan-05 11:48:42	PI_1	890	2	0	642933	0	
2016-Jan-05 11:48:44	PI_1	891	2	0	642933	0	
2016-Jan-05 11:48:46	PI_1	892	2	0	642933	0	
2016-Jan-05 11:48:48	PI_1	893	2	2	1405754	0	0,1
2016-Jan-05 11:48:50	PI_1	894	2	0	642933	0	
2016-Jan-05 11:48:52	PI_1	895	2	0	642933	0	
2016-Jan-05 11:48:54	PI_1	896	2	0	642933	0	
2016-Jan-05 11:48:56	PI_1	897	2	2	1405754	0	0,1
2016-Jan-05 11:48:58	PI_1	898	2	0	642933	0	
2016-Jan-05 11:49:00	PI_1	899	2	2	1405754	0	0,1
2016-Jan-05 11:49:02	PI_1	900	2	0	642933	0	
2016-Jan-05 11:49:04	PI_1	901	2	0	642933	0	
2016-Jan-05 11:49:06	PI_1	902	2	0	642933	0	
2016-Jan-05 11:49:08	PI_1	903	2	2	1405754	0	0,1
2016-Jan-05 11:49:10	PI_1	904	2	0	642933	0	
2016-Jan-05 11:49:12	PI_1	905	2	0	642933	0	
2016-Jan-05 11:49:14	PI_1	906	2	2	1405754	0	0,1
2016-Jan-05 11:49:16	PI_1	907	2	0	642933	0	
2016-Jan-05 11:49:18	PI_1	908	2	2	1405754	0	0,1
2016-Jan-05 11:49:20	PI_1	909	2	2	1405754	0	0,1
2016-Jan-05 11:49:22	PI_1	910	2	1	997955	0	0
2016-Jan-05 11:49:24	PI_1	911	2	2	1405754	0	0,1
2016-Jan-05 11:49:26	PI_1	912	2	2	1405754	0	0,1
2016-Jan-05 11:49:28	PI_1	913	2	0	642933	0	
2016-Jan-05 11:49:30	PI_1	914	2	0	642933	0	
2016-Jan-05 11:49:32	PI_1	915	2	2	1405754	0	0,1
2016-Jan-05 11:49:34	PI_1	916	2	0	642933	0	
2016-Jan-05 11:49:36	PI_1	917	2	0	642933	0	
2016-Jan-05 11:49:38	PI_1	918	2	0	642933	0	
2016-Jan-05 11:49:40	PI_1	919	2	2	1405754	0	0,1
2016-Jan-05 11:49:42	PI_1	920	2	0	642933	0	
2016-Jan-05 11:49:44	PI_1	921	2	2	1405754	0	0,1
2016-Jan-05 11:49:46	PI_1	922	2	0	642933	0	
2016-Jan-05 11:49:48	PI_1	923	2	2	1405754	0	0,1
2016-Jan-05 11:49:50	PI_1	924	2	2	1405754	0	0,1
2016-Jan-05 11:49:52	PI_1	925	2	0	642933	0	
2016-Jan-05 11:49:54	PI_1	926	2	0	642933	0	
2016-Jan-05 11:49:56	PI_1	927	2	2	1405754	0	0,1
2016-Jan-05 11:49:58	PI_1	928	2	0	642933	0	
2016-Jan-05 11:50:00	PI_1	929	2	0	642933	0	
2016-Jan-05 11:50:02	PI_1	930	2	2	1405754	0	0,1
2016-Jan-05 11:50:04	PI_1	931	2	0	642933	0	
2016-Jan-05 11:50:06	PI_1	932	2	0	642933	0	
2016-Jan-05 11:50:08	PI_1	933	2	0	642933	0	
2016-Jan-05 11:50:10	PI_1	934	2	2	1405754	0	0,1
2016-Jan-05 11:50:12	PI_1	935	2	0	642933	0	
2016-Jan-05 11:50:14	PI_1	936	2	0	642933	0	
2016-Jan-05 11:50:16	PI_1	937	2	0	642933	0	
2016-Jan-05 11:50:18	PI_1	938	2	0	642933	0	
2016-Jan-05 11:50:20	PI_1	939	2	0	642933	0	
2016-Jan-05 11:50:22	PI_1	940	2	0	642933	0	
2016-Jan-05 11:50:24	PI_1	941	2	0	642933	0	
2016-Jan-05 11:50:26	PI_1	942	2	2	1405754	0	0,1
2016-Jan-05 11:50:28	PI_1	943	2	0	642933	0	
2016-Jan-05 11:50:30	PI_1	944	2	0	642933	0	
2016-Jan-05 11:50:32	PI_1	945	2	0	642933	0	
2016-Jan-05 11:50:34	PI_1	946	2	0	642933	0	
2016-Jan-05 11:50:36	PI_1	947	2	0	642933	0	
2016-Jan-05 11:50:38	PI_1	948	2	0	642933	0	
2016-Jan-05 11:50:40	PI_1	949	2	0	642933	0	
2016-Jan-05 11:50:42	PI_1	950	2	0	642933	0	
2016-Jan-05 11:50:44	PI_1	951	2	0	642933	0	
2016-Jan-05 11:50:46	PI_1	952	2	2	1405754	0	0,1
2016-Jan-05 11:50:48	PI_1	953	2	0	642933	0	
2016-Jan-05 11:50:50	PI_1	954	2	0	642933	0	
2016-Jan-05 11:50:52	PI_1	955	2	0	642933	0	
2016-Jan-05 11:50:54	PI_1	956	2	2	1405754	0	0,1
2016-Jan-05 11:50:56	PI_1	957	2	0	642933	0	
2016-Jan-05 11:50:58	PI_1	958	2	0	642933	0	
2016-Jan-05 11:51:00	PI_1	959	2	2	1405754	0	0,1
2016-Jan-05 11:51:02	PI_1	960	2	0	642933	0	
2016-Jan-05 11:51:04	PI_1	961	2	2	1405754	0	0,1
2016-Jan-05 11:51:06	PI_1	962	2	0	642933	0	
2016-Jan-05 11:51:08	PI_1	963	2	2	1405754	0	0,1
2016-Jan-05 11:51:10	PI_1	964	2	2	1405754	0	0,1
2016-Jan-05 11:51:12	PI_1	965	2	0	642933	0	
2016-Jan-05 11:51:14	PI_1	966	2	2	1405754	0	0,1
2016-Jan-05 11:51:16	PI_1	967	2	0	642933	0	
2016-Jan-05 11:51:18	PI_1	968	2	0	642933	0	
2016-Jan-05 11:51:20	PI_1	969	2	2	1405754	0	0,1
2016-Jan-05 11:51:22	PI_1	970	2	0	642933	0	
2016-Jan-05 11:51:24	PI_1	971	2	2	1405754	0	0,1
2016-Jan-05 11:51:26	PI_1	972	2	2	1405754	0	0,1
2016-Jan-05 11:51:28	PI_1	973	2	0	642933	0	
2016-Jan-05 11:51:30	PI_1	974	2	2	1405754	0	0,1
2016-Jan-05 11:51:32	PI_1	975	2	2	1405754	0	0,1
2016-Jan-05 11:51:34	PI_1	976	2	1	997955	0	0
2016-Jan-05 11:51:36	PI_1	977	2	1	997955	0	0
2016-Jan-05 11:51:38	PI_1	978	2	2	1405754	0	0,1
2016-Jan-05 11:51:40	PI_1	979	2	2	1405754	0	0,1
2016-Jan-05 11:51:42	PI_1	980	2	2	1405754	0	0,1
2016-Jan-05 11:51:44	PI_1	981	2	0	642933	0	
2016-Jan-05 11:51:46	PI_1	982	2	2	1405754	0	0,1
2016-Jan-05 11:51:48	PI_1	983	2	2	1405754	0	0,1
2016-Jan-05 11:51:50	PI_1	984	2	1	997955	0	0
2016-Jan-05 11:51:52	PI_1	985	2	2	1405754	0	0,1
2016-Jan-05 11:51:54	PI_1	986	2	2	1405754	0	0,1
2016-Jan-05 11:51:56	PI_1	987	2	2	1405754	0	0,1
2016-Jan-05 11:51:58	PI_1	988	2	2	1405754	0	0,1
2016-Jan-05 11:52:00	PI_1	989	2	0	642933	0	
2016-Jan-05 11:52:02	PI_1	990	2	2	1405754	0	0,1
2016-Jan-05 11:52:04	PI_1	991	2	2	1405754	0	0,1
2016-Jan-05 11:52:06	PI_1	992	2	2	1405754	0	0,1
2016-Jan-05 11:52:08	PI_1	993	2	0	642933	0	
2016-Jan-05 11:52:10	PI_1	994	2	2	1405754	0	0,1
2016-Jan-05 11:52:12	PI_1	995	2	2	1405754	0	0,1
2016-Jan-05 11:52:14	PI_1	996	2	2	1405754	0	0,1
2016-Jan-05 11:52:16	PI_1	997	2	0	642933	0	
2016-Jan-05 11:52:18	PI_1	998	2	2	1405754	0	0,1
2016-Jan-05 11:52:20	PI_1	999	2	0	642933	0	
2016-Jan-05 11:52:22	PI_1	1000	2	2	1405754	0	0,1
2016-Jan-05 11:52:24	PI_1	1001	2	0	642933	0	
2016-Jan-05 11:52:26	PI_1	1002	2	2	1405754	0	0,1
2016-Jan-05 11:52:28	PI_1	1003	2	0	642933	0	
2016-Jan-05 11:52:30	PI_1	1004	2	2	1405754	0	0,1
2016-Jan-05 11:52:32	PI_1	1005	2	0	642933	0	
2016-Jan-05 11:52:34	PI_1	1006	2	2	1405754	0	0,1
2016-Jan-05 11:52:36	PI_1	1007	2	1	997955	0	0
2016-Jan-05 11:52:38	PI_1	1008	2	2	1405754	0	0,1
2016-Jan-05 11:52:40	PI_1	1009	2	2	1405754	0	0,1
2016-Jan-05 11:52:42	PI_1	1010	2	0	642933	0	
2016-Jan-05 11:52:44	PI_1	1011	2	2	1405754	0	0,1
2016-Jan-05 11:52:46	PI_1	1012	2	0	642933	0	
2016-Jan-05 11:52:48	PI_1	1013	2	2	1405754	0	0,1
2016-Jan-05 11:52:50	PI_1	1014	2	0	642933	0	
2016-Jan-05 11:52:52	PI_1	1015	2	0	642933	0	
2016-Jan-05 11:52:54	PI_1	1016	2	0	642933	0	
2016-Jan-05 11:52:56	PI_1	1017	2	0	642933	0	
2016-Jan-05 11:52:58	PI_1	1018	2	0	642933	0	
2016-Jan-05 11:53:00	PI_1	1019	2	2	1405754	0	0,1
2016-Jan-05 11:53:02	PI_1	1020	2	0	642933	0	
2016-Jan-05 11:53:04	PI_1	1021	2	0	642933	0	
2016-Jan-05 11:53:06	PI_1	1022	2	0	642933	0	
2016-Jan-05 11:53:08	PI_1	1023	2	0	642933	0	
2016-Jan-05 11:53:10	PI_1	1024	2	0	642933	0	
2016-Jan-05 11:53:12	PI_1	1025	2	0	642933	0	
2016-Jan-05 11:53:14	PI_1	1026	2	2	1405754	0	0,1
2016-Jan-05 11:53:16	PI_1	1027	2	2	1405754	0	0,1
2016-Jan-05 11:53:18	PI_1	1028	2	2	1405754	0	0,1
2016-Jan-05 11:53:20	PI_1	1029	2	0	642933	0	
2016-Jan-05 11:53:22	PI_1	1030	2	2	1405754	0	0,1
2016-Jan-05 11:53:24	PI_1	1031	2	2	1405754	0	0,1
2016-Jan-05 11:53:26	PI_1	1032	2	2	1405754	0	0,1
2016-Jan-05 11:53:28	PI_1	1033	2	0	642933	0	
2016-Jan-05 11:53:30	PI_1	1034	2	2	1405754	0	0,1
2016-Jan-05 11:53:32	PI_1	1035	2	2	1405754	0	0,1
2016-Jan-05 11:53:34	PI_1	1036	2	2	1405754	0	0,1
2016-Jan-05 11:53:36	PI_1	1037	2	2	1405754	0	0,1
2016-Jan-05 11:53:38	PI_1	1038	2	2	1405754	0	0,1
2016-Jan-05 11:53:40	PI_1	1039	2	1	997955	0	0
2016-Jan-05 11:53:42	PI_1	1040	2	1	997955	0	0
2016-Jan-05 11:53:44	PI_1	1041	2	1	997955	0	0
2016-Jan-05 11:53:46	PI_1	1042	2	1	997955	0	0
2016-Jan-05 11:53:48	PI_1	1043	2	1	997955	0	0
2016-Jan-05 11:53:50	PI_1	1044	2	1	997955	0	0
2016-Jan-05 11:53:52	PI_1	1045	2	1	997955	0	0
2016-Jan-05 11:53:54	PI_1	1046	2	1	997955	0	0
2016-Jan-05 11:53:56	PI_1	1047	2	1	997955	0	0
2016-Jan-05 11:53:58	PI_1	1048	2	1	997955	0	0
2016-Jan-05 11:54:00	PI_1	1049	2	1	997955	0	0
2016-Jan-05 11:54:02	PI_1	1050	2	1	997955	0	0
2016-Jan-05 11:54:04	PI_1	1051	2	1	997955	0	0
2016-Jan-05 11:54:06	PI_1	1052	2	1	997955	0	0
2016-Jan-05 11:54:08	PI_1	1053	2	1	997955	0	0
2016-Jan-05 11:54:10	PI_1	1054	2	1	997955	0	0
2016-Jan-05 11:54:12	PI_1	1055	2	2	1405754	0	0,1
2016-Jan-05 11:54:14	PI_1	1056	2	2	1405754	0	0,1
2016-Jan-05 11:54:16	PI_1	1057	2	2	1405754	0	0,1
2016-Jan-05 11:54:18	PI_1	1058	2	2	1405754	0	0,1
2016-Jan-05 11:54:20	PI_1	1059	2	2	1405754	0	0,1
2016-Jan-05 11:54:22	PI_1	1060	2	2	1405754	0	0,1
2016-Jan-05 11:54:24	PI_1	1061	2	2	1405754	0	0,1
2016-Jan-05 11:54:26	PI_1	1062	2	2	1405754	0	0,1
2016-Jan-05 11:54:28	PI_1	1063	2	2	1405754	0	0,1
2016-Jan-05 11:54:30	PI_1	1064	2	2	1405754	0	0,1
2016-Jan-05 11:54:32	PI_1	1065	2	2	1405754	0	0,1
2016-Jan-05 11:54:34	PI_1	1066	2	2	1405754	0	0,1
2016-Jan-05 11:54:36	PI_1	1067	2	2	1405754	0	0,1
2016-Jan-05 11:54:38	PI_1	1068	2	2	1405754	0	0,1
2016-Jan-05 11:54:40	PI_1	1069	2	2	1405754	0	0,1
2016-Jan-05 11:54:42	PI_1	1070	2	2	1405754	0	0,1
2016-Jan-05 11:54:44	PI_1	1071	2	2	1405754	0	0,1
2016-Jan-05 11:54:46	PI_1	1072	2	0	642933	0	
2016-Jan-05 11:54:48	PI_1	1073	2	2	1405754	0	0,1
2016-Jan-05 11:54:50	PI_1	1074	2	2	1405754	0	0,1
2016-Jan-05 11:54:52	PI_1	1075	2	0	642933	0	
2016-Jan-05 11:54:54	PI_1	1076	2	2	1405754	0	0,1
2016-Jan-05 11:54:56	PI_1	1077	2	0	642933	0	
2016-Jan-05 11:54:58	PI_1	1078	2	0	642933	0	
2016-Jan-05 11:55:00	PI_1	1079	2	0	642933	0	
2016-Jan-05 11:55:02	PI_1	1080	2	2	1405754	0	0,1
2016-Jan-05 11:55:04	PI_1	1081	2	0	642933	0	
2016-Jan-05 11:55:06	PI_1	1082	2	0	642933	0	
2016-Jan-05 11:55:08	PI_1	1083	2	0	642933	0	
2016-Jan-05 11:55:10	PI_1	1084	2	0	642933	0	
2016-Jan-05 11:55:12	PI_1	1085	2	2	1405754	0	0,1
2016-Jan-05 11:55:14	PI_1	1086	2	0	642933	0	
2016-Jan-05 11:55:16	PI_1	1087	2	0	642933	0	
2016-Jan-05 11:55:18	PI_1	1088	2	2	1405754	0	0,1
2016-Jan-05 11:55:20	PI_1	1089	2	0	642933	0	
2016-Jan-05 11:55:22	PI_1	1090	2	0	642933	0	
2016-Jan-05 11:55:24	PI_1	1091	2	0	642933	0	
2016-Jan-05 11:55:26	PI_1	1092	2	2	1405754	0	0,1
2016-Jan-05 11:55:28	PI_1	1093	2	0	642933	0	
2016-Jan-05 11:55:30	PI_1	1094	2	0	642933	0	
2016-Jan-05 11:55:32	PI_1	1095	2	2	1405754	0	0,1
2016-Jan-05 11:55:34	PI_1	1096	2	0	642933	0	
2016-Jan-05 11:55:36	PI_1	1097	2	2	1405754	0	0,1
2016-Jan-05 11:55:38	PI_1	1098	2	0	642933	0	
2016-Jan-05 11:55:40	PI_1	1099	2	0	642933	0	
2016-Jan-05 11:55:42	PI_1	1100	2	0	642933	0	
2016-Jan-05 11:55:44	PI_1	1101	2	2	1405754	0	0,1
2016-Jan-05 11:55:46	PI_1	1102	2	0	642933	0	
2016-Jan-05 11:55:48	PI_1	1103	2	2	1405754	0	0,1
2016-Jan-05 11:55:50	PI_1	1104	2	2	1405754	0	0,1
2016-Jan-05 11:55:52	PI_1	1105	2	0	642933	0	
2016-Jan-05 11:55:54	PI_1	1106	2	2	1405754	0	0,1
2016-Jan-05 11:55:56	PI_1	1107	2	2	1405754	0	0,1
2016-Jan-05 11:55:58	PI_1	1108	2	1	997955	0	0
2016-Jan-05 11:56:00	PI_1	1109	2	1	997955	0	0
2016-Jan-05 11:56:02	PI_1	1110	2	1	997955	0	0
2016-Jan-05 11:56:04	PI_1	1111	2	1	997955	0	0
2016-Jan-05 11:56:06	PI_1	1112	2	2	1405754	0	0,1
2016-Jan-05 11:56:08	PI_1	1113	2	2	1405754	0	0,1
2016-Jan-05 11:56:10	PI_1	1114	2	0	642933	0	
2016-Jan-05 11:56:12	PI_1	1115	2	0	642933	0	
2016-Jan-05 11:56:14	PI_1	1116	2	2	1405754	0	0,1
2016-Jan-05 11:56:16	PI_1	1117	2	0	642933	0	
2016-Jan-05 11:56:18	PI_1	1118	2	0	642933	0	
2016-Jan-05 11:56:20	PI_1	1119	2	2	1405754	0	0,1
2016-Jan-05 11:56:22	PI_1	1120	2	0	642933	0	
2016-Jan-05 11:56:24	PI_1	1121	2	0	642933	0	
2016-Jan-05 11:56:26	PI_1	1122	2	2	1405754	0	0,1
2016-Jan-05 11:56:28	PI_1	1123	2	0	642933	0	
2016-Jan-05 11:56:30	PI_1	1124	2	0	642933	0	
2016-Jan-05 11:56:32	PI_1	1125	2	0	642933	0	
2016-Jan-05 11:56:34	PI_1	1126	2	0	642933	0	
2016-Jan-05 11:56:36	PI_1	1127	2	0	642933	0	
2016-Jan-05 11:56:38	PI_1	1128	2	0	642933	0	
2016-Jan-05 11:56:40	PI_1	1129	2	0	642933	0	
2016-Jan-05 11:56:42	PI_1	1130	2	0	642933	0	
2016-Jan-05 11:56:44	PI_1	1131	2	2	1405754	0	0,1
2016-Jan-05 11:56:46	PI_1	1132	2	0	642933	0	
2016-Jan-05 11:56:48	PI_1	1133	2	0	642933	0	
2016-Jan-05 11:56:50	PI_1	1134	2	2	1405754	0	0,1
2016-Jan-05 11:56:52	PI_1	1135	2	0	642933	0	
2016-Jan-05 11:56:54	PI_1	1136	2	2	1405754	0	0,1
2016-Jan-05 11:56:56	PI_1	1137	2	0	642933	0	
2016-Jan-05 11:56:58	PI_1	1138	2	2	1405754	0	0,1
2016-Jan-05 11:57:00	PI_1	1139	2	0	642933	0	
2016-Jan-05 11:57:02	PI_1	1140	2	0	642933	0	
2016-Jan-05 11:57:04	PI_1	1141	2	2	1405754	0	0,1
2016-Jan-05 11:57:06	PI_1	1142	2	0	642933	0	
2016-Jan-05 11:57:08	PI_1	1143	2	2	1405754	0	0,1
2016-Jan-05 11:57:10	PI_1	1144	2	2	1405754	0	0,1
2016-Jan-05 11:57:12	PI_1	1145	2	2	1405754	0	0,1
2016-Jan-05 11:57:14	PI_1	1146	2	0	642933	0	
2016-Jan-05 11:57:16	PI_1	1147	2	2	1405754	0	0,1
2016-Jan-05 11:57:18	PI_1	1148	2	1	997955	0	0
2016-Jan-05 11:57:20	PI_1	1149	2	2	1405754	0	0,1
2016-Jan-05 11:57:22	PI_1	1150	2	0	642933	0	
2016-Jan-05 11:57:24	PI_1	1151	2	2	1405754	0	0,1
2016-Jan-05 11:57:26	PI_1	1152	2	0	642933	0	
2016-Jan-05 11:57:28	PI_1	1153	2	2	1405754	0	0,1
2016-Jan-05 11:57:30	PI_1	1154	2	0	642933	0	
2016-Jan-05 11:57:32	PI_1	1155	2	0	642933	0	
2016-Jan-05 11:57:34	PI_1	1156	2	2	1405754	0	0,1
2016-Jan-05 11:57:36	PI_1	1157	2	0	642933	0	
2016-Jan-05 11:57:38	PI_1	1158	2	0	642933	0	
2016-Jan-05 11:57:40	PI_1	1159	2	0	642933	0	
2016-Jan-05 11:57:42	PI_1	1160	2	0	642933	0	
2016-Jan-05 11:57:44	PI_1	1161	2	0	642933	0	
2016-Jan-05 11:57:46	PI_1	1162	2	2	1405754	0	0,1
2016-Jan-05 11:57:48	PI_1	1163	2	0	642933	0	
2016-Jan-05 11:57:50	PI_1	1164	2	0	642933	0	
2016-Jan-05 11:57:52	PI_1	1165	2	0	642933	0	
2016-Jan-05 11:57:54	PI_1	1166	2	0	642933	0	
2016-Jan-05 11:57:56	PI_1	1167	2	0	642933	0	
2016-Jan-05 11:57:58	PI_1	1168	2	0	642933	0	
2016-Jan-05 11:58:00	PI_1	1169	2	0	642933	0	
2016-Jan-05 11:58:02	PI_1	1170	2	0	642933	0	
2016-Jan-05 11:58:04	PI_1	1171	2	0	642933	0	
2016-Jan-05 11:58:06	PI_1	1172	2	0	642933	0	
2016-Jan-05 11:58:08	PI_1	1173	2	0	642933	0	
2016-Jan-05 11:58:10	PI_1	1174	2	0	642933	0	
2016-Jan-05 11:58:12	PI_1	1175	2	0	642933	0	
2016-Jan-05 11:58:14	PI_1	1176	2	0	642933	0	
2016-Jan-05 11:58:16	PI_1	1177	2	0	642933	0	
2016-Jan-05 11:58:18	PI_1	1178	2	0	642933	0	
2016-Jan-05 11:58:20	PI_1	1179	2	0	642933	0	
2016-Jan-05 11:58:22	PI_1	1180	2	2	1405754	0	0,1
2016-Jan-05 11:58:24	PI_1	1181	2	0	642933	0	
2016-Jan-05 11:58:26	PI_1	1182	2	0	642933	0	
2016-Jan-05 11:58:28	PI_1	1183	2	2	1405754	0	0,1
2016-Jan-05 11:58:30	PI_1	1184	2	0	642933	0	
2016-Jan-05 11:58:32	PI_1	1185	2	0	642933	0	
2016-Jan-05 11:58:34	PI_1	1186	2	2	1405754	0	0,1
2016-Jan-05 11:58:36	PI_1	1187	2	0	642933	0	
2016-Jan-05 11:58:38	PI_1	1188	2	2	1405754	0	0,1
2016-Jan-05 11:58:40	PI_1	1189	2	0	642933	0	
2016-Jan-05 11:58:42	PI_1	1190	2	0	642933	0	
2016-Jan-05 11:58:44	PI_1	1191	2	2	1405754	0	0,1
2016-Jan-05 11:58:46	PI_1	1192	2	0	642933	0	
2016-Jan-05 11:58:48	PI_1	1193	2	0	642933	0	
2016-Jan-05 11:58:50	PI_1	1194	2	0	642933	0	
2016-Jan-05 11:58:52	PI_1	1195	2	2	1405754	0	0,1
2016-Jan-05 11:58:54	PI_1	1196	2	0	642933	0	
2016-Jan-05 11:58:56	PI_1	1197	2	0	642933	0	
2016-Jan-05 11:58:58	PI_1	1198	2	0	642933	0	
2016-Jan-05 11:59:00	PI_1	1199	2	0	642933	0	
2016-Jan-05 11:59:02	PI_1	1200	2	0	642933	0	
2016-Jan-05 11:59:04	PI_1	1201	2	0	642933	0	
2016-Jan-05 11:59:06	PI_1	1202	2	2	1405754	0	0,1
2016-Jan-05 11:59:08	PI_1	1203	2	0	642933	0	
2016-Jan-05 11:59:10	PI_1	1204	2	2	1405754	0	0,1
2016-Jan-05 11:59:12	PI_1	1205	2	0	642933	0	
2016-Jan-05 11:59:14	PI_1	1206	2	2	1405754	0	0,1
2016-Jan-05 11:59:16	PI_1	1207	2	2	1405754	0	0,1
2016-Jan-05 11:59:18	PI_1	1208	2	1	997955	0	0
2016-Jan-05 11:59:20	PI_1	1209	2	2	1405754	0	0,1
2016-Jan-05 11:59:22	PI_1	1210	2	2	1405754	0	0,1
2016-Jan-05 11:59:24	PI_1	1211	2	0	642933	0	
2016-Jan-05 11:59:26	PI_1	1212	2	2	1405754	0	0,1
2016-Jan-05 11:59:28	PI_1	1213	2	2	1405754	0	0,1
2016-Jan-05 11:59:30	PI_1	1214	2	0	642933	0	
2016-Jan-05 11:59:32	PI_1	1215	2	2	1405754	0	0,1
2016-Jan-05 11:59:34	PI_1	1216	2	0	642933	0	
2016-Jan-05 11:59:36	PI_1	1217	2	2	1405754	0	0,1
2016-Jan-05 11:59:38	PI_1	1218	2	0	642933	0	
2016-Jan-05 11:59:40	PI_1	1219	2	2	1405754	0	0,1
2016-Jan-05 11:59:42	PI_1	1220	2	0	642933	0	
2016-Jan-05 11:59:44	PI_1	1221	2	2	1405754	0	0,1
2016-Jan-05 11:59:46	PI_1	1222	2	0	642933	0	
2016-Jan-05 11:59:48	PI_1	1223	2	2	1405754	0	0,1
2016-Jan-05 11:59:50	PI_1	1224	2	0	642933	0	
2016-Jan-05 11:59:52	PI_1	1225	2	0	642933	0	
2016-Jan-05 11:59:54	PI_1	1226	2	2	1405754	0	0,1
2016-Jan-05 11:59:56	PI_1	1227	2	0	642933	0	
2016-Jan-05 11:59:58	PI_1	1228	2	0	642933	0	
2016-Jan-05 12:00:00	PI_1	1229	2	2	1405754	0	0,1
2016-Jan-05 12:00:02	PI_1	1230	2	0	642933	0	
2016-Jan-05 12:00:04	PI_1	1231	2	0	642933	0	
2016-Jan-05 12:00:06	PI_1	1232	2	2	1405754	0	0,1
2016-Jan-05 12:00:08	PI_1	1233	2	0	642933	0	
2016-Jan-05 12:00:10	PI_1	1234	2	2	1405754	0	0,1
2016-Jan-05 12:00:12	PI_1	1235	2	0	642933	0	
2016-Jan-05 12:00:14	PI_1	1236	2	0	642933	0	
2016-Jan-05 12:00:16	PI_1	1237	2	2	1405754	0	0,1
2016-Jan-05 12:00:18	PI_1	1238	2	0	642933	0	
2016-Jan-05 12:00:20	PI_1	1239	2	0	642933	0	
2016-Jan-05 12:00:22	PI_1	1240	2	2	1405754	0	0,1
2016-Jan-05 12:00:24	PI_1	1241	2	2	1405754	0	0,1
2016-Jan-05 12:00:26	PI_1	1242	2	0	642933	0	
2016-Jan-05 12:00:28	PI_1	1243	2	2	1405754	0	0,1
2016-Jan-05 12:00:30	PI_1	1244	2	0	642933	0	
2016-Jan-05 12:00:32	PI_1	1245	2	2	1405754	0	0,1
2016-Jan-05 12:00:34	PI_1	1246	2	0	642933	0	
2016-Jan-05 12:00:36	PI_1	1247	2	2	1405754	0	0,1
2016-Jan-05 12:00:38	PI_1	1248	2	0	642933	0	
2016-Jan-05 12:00:40	PI_1	1249	2	2	1405754	0	0,1
2016-Jan-05 12:00:42	PI_1	1250	2	0	642933	0	
2016-Jan-05 12:00:44	PI_1	1251	2	2	1405754	0	0,1
2016-Jan-05 12:00:46	PI_1	1252	2	0	642933	0	
2016-Jan-05 12:00:48	PI_1	1253	2	2	1405754	0	0,1
2016-Jan-05 12:00:50	PI_1	1254	2	0	642933	0	
2016-Jan-05 12:00:52	PI_1	1255	2	2	1405754	0	0,1
2016-Jan-05 12:00:54	PI_1	1256	2	0	642933	0	
2016-Jan-05 12:00:56	PI_1	1257	2	2	1405754	0	0,1
2016-Jan-05 12:00:58	PI_1	1258	2	0	642933	0	
2016-Jan-05 12:01:00	PI_1	1259	2	2	1405754	0	0,1
2016-Jan-05 12:01:02	PI_1	1260	2	0	642933	0	
2016-Jan-05 12:01:04	PI_1	1261	2	2	1405754	0	0,1
2016-Jan-05 12:01:06	PI_1	1262	2	0	642933	0	
2016-Jan-05 12:01:08	PI_1	1263	2	0	642933	0	
2016-Jan-05 12:01:10	PI_1	1264	2	0	642933	0	
2016-Jan-05 12:01:12	PI_1	1265	2	0	642933	0	
2016-Jan-05 12:01:14	PI_1	1266	2	0	642933	0	
2016-Jan-05 12:01:16	PI_1	1267	2	0	642933	0	
2016-Jan-05 12:01:18	PI_1	1268	2	0	642933	0	
2016-Jan-05 12:01:20	PI_1	1269	2	0	642933	0	
2016-Jan-05 12:01:22	PI_1	1270	2	2	1405754	0	0,1
2016-Jan-05 12:01:24	PI_1	1271	2	0	642933	0	
2016-Jan-05 12:01:26	PI_1	1272	2	0	642933	0	
2016-Jan-05 12:01:28	PI_1	1273	2	0	642933	0	
2016-Jan-05 12:01:30	PI_1	1274	2	2	1405754	0	0,1
2016-Jan-05 12:01:32	PI_1	1275	2	0	642933	0	
2016-Jan-05 12:01:34	PI_1	1276	2	0	642933	0	
2016-Jan-05 12:01:36	PI_1	1277	2	0	642933	0	
2016-Jan-05 12:01:38	PI_1	1278	2	2	1405754	0	0,1
2016-Jan-05 12:01:40	PI_1	1279	2	0	642933	0	
2016-Jan-05 12:01:42	PI_1	1280	2	0	642933	0	
2016-Jan-05 12:01:44	PI_1	1281	2	0	642933	0	
2016-Jan-05 12:01:46	PI_1	1282	2	2	1405754	0	0,1
2016-Jan-05 12:01:48	PI_1	1283	2	0	642933	0	
2016-Jan-05 12:01:50	PI_1	1284	2	0	642933	0	
2016-Jan-05 12:01:52	PI_1	1285	2	2	1405754	0	0,1
2016-Jan-05 12:01:54	PI_1	1286	2	0	642933	0	
2016-Jan-05 12:01:56	PI_1	1287	2	2	1405754	0	0,1
2016-Jan-05 12:01:58	PI_1	1288	2	0	642933	0	
2016-Jan-05 12:02:00	PI_1	1289	2	2	1405754	0	0,1
2016-Jan-05 12:02:02	PI_1	1290	2	2	1405754	0	0,1
2016-Jan-05 12:02:04	PI_1	1291	2	2	1405754	0	0,1
2016-Jan-05 12:02:06	PI_1	1292	2	2	1405754	0	0,1
2016-Jan-05 12:02:08	PI_1	1293	2	0	642933	0	
2016-Jan-05 12:02:10	PI_1	1294	2	2	1405754	0	0,1
2016-Jan-05 12:02:12	PI_1	1295	2	1	997955	0	0
2016-Jan-05 12:02:14	PI_1	1296	2	2	1405754	0	0,1
2016-Jan-05 12:02:16	PI_1	1297	2	0	642933	0	
2016-Jan-05 12:02:18	PI_1	1298	2	2	1405754	0	0,1
2016-Jan-05 12:02:20	PI_1	1299	2	0	642933	0	
2016-Jan-05 12:02:22	PI_1	1300	2	0	642933	0	
2016-Jan-05 12:02:24	PI_1	1301	2	2	1405754	0	0,1
2016-Jan-05 12:02:26	PI_1	1302	2	0	642933	0	
2016-Jan-05 12:02:28	PI_1	1303	2	0	642933	0	
2016-Jan-05 12:02:30	PI_1	1304	2	0	642933	0	
2016-Jan-05 12:02:32	PI_1	1305	2	2	1405754	0	0,1
2016-Jan-05 12:02:34	PI_1	1306	2	0	642933	0	
2016-Jan-05 12:02:36	PI_1	1307	2	0	642933	0	
2016-Jan-05 12:02:38	PI_1	1308	2	0	642933	0	
2016-Jan-05 12:02:40	PI_1	1309	2	0	642933	0	
2016-Jan-05 12:02:42	PI_1	1310	2	2	1405754	0	0,1
2016-Jan-05 12:02:44	PI_1	1311	2	0	642933	0	
2016-Jan-05 12:02:46	PI_1	1312	2	0	642933	0	
2016-Jan-05 12:02:48	PI_1	1313	2	0	642933	0	
2016-Jan-05 12:02:50	PI_1	1314	2	2	1405754	0	0,1
2016-Jan-05 12:02:52	PI_1	1315	2	0	642933	0	
2016-Jan-05 12:02:54	PI_1	1316	2	0	642933	0	
2016-Jan-05 12:02:56	PI_1	1317	2	0	642933	0	
2016-Jan-05 12:02:58	PI_1	1318	2	0	642933	0	
2016-Jan-05 12:03:00	PI_1	1319	2	0	642933	0	
2016-Jan-05 12:03:02	PI_1	1320	2	2	1405754	0	0,1
2016-Jan-05 12:03:04	PI_1	1321	2	0	642933	0	
2016-Jan-05 12:03:06	PI_1	1322	2	0	642933	0	
2016-Jan-05 12:03:08	PI_1	1323	2	2	1405754	0	0,1
2016-Jan-05 12:03:10	PI_1	1324	2	2	1405754	0	0,1
2016-Jan-05 12:03:12	PI_1	1325	2	0	642933	0	
2016-Jan-05 12:03:14	PI_1	1326	2	2	1405754	0	0,1
2016-Jan-05 12:03:16	PI_1	1327	2	0	642933	0	
2016-Jan-05 12:03:18	PI_1	1328	2	2	1405754	0	0,1
2016-Jan-05 12:03:20	PI_1	1329	2	0	642933	0	
2016-Jan-05 12:03:22	PI_1	1330	2	2	1405754	0	0,1
2016-Jan-05 12:03:24	PI_1	1331	2	0	642933	0	
2016-Jan-05 12:03:26	PI_1	1332	2	0	642933	0	
2016-Jan-05 12:03:28	PI_1	1333	2	0	642933	0	
2016-Jan-05 12:03:30	PI_1	1334	2	2	1405754	0	0,1
2016-Jan-05 12:03:32	PI_1	1335	2	0	642933	0	
2016-Jan-05 12:03:34	PI_1	1336	2	2	1405754	0	0,1
2016-Jan-05 12:03:36	PI_1	1337	2	0	642933	0	
2016-Jan-05 12:03:38	PI_1	1338	2	0	642933	0	
2016-Jan-05 12:03:40	PI_1	1339	2	2	1405754	0	0,1
2016-Jan-05 12:03:42	PI_1	1340	2	0	642933	0	
2016-Jan-05 12:03:44	PI_1	1341	2	0	642933	0	
2016-Jan-05 12:03:46	PI_1	1342	2	2	1405754	0	0,1
2016-Jan-05 12:03:48	PI_1	1343	2	0	642933	0	
2016-Jan-05 12:03:50	PI_1	1344	2	2	1405754	0	0,1
2016-Jan-05 12:03:52	PI_1	1345	2	0	642933	0	
2016-Jan-05 12:03:54	PI_1	1346	2	0	642933	0	
2016-Jan-05 12:03:56	PI_1	1347	2	2	1405754	0	0,1
2016-Jan-05 12:03:58	PI_1	1348	2	0	642933	0	
2016-Jan-05 12:04:00	PI_1	1349	2	2	1405754	0	0,1
2016-Jan-05 12:04:02	PI_1	1350	2	0	642933	0	
2016-Jan-05 12:04:04	PI_1	1351	2	0	642933	0	
2016-Jan-05 12:04:06	PI_1	1352	2	0	642933	0	
2016-Jan-05 12:04:08	PI_1	1353	2	0	642933	0	
2016-Jan-05 12:04:10	PI_1	1354	2	0	642933	0	
2016-Jan-05 12:04:12	PI_1	1355	2	0	642933	0	
2016-Jan-05 12:04:14	PI_1	1356	2	0	642933	0	
2016-Jan-05 12:04:16	PI_1	1357	2	2	1405754	0	0,1
2016-Jan-05 12:04:18	PI_1	1358	2	0	642933	0	
2016-Jan-05 12:04:20	PI_1	1359	2	0	642933	0	
2016-Jan-05 12:04:22	PI_1	1360	2	0	642933	0	
2016-Jan-05 12:04:24	PI_1	1361	2	0	642933	0	
2016-Jan-05 12:04:26	PI_1	1362	2	0	642933	0	
2016-Jan-05 12:04:28	PI_1	1363	2	0	642933	0	
2016-Jan-05 12:04:30	PI_1	1364	2	0	642933	0	
2016-Jan-05 12:04:32	PI_1	1365	2	0	642933	0	
2016-Jan-05 12:04:34	PI_1	1366	2	2	1405754	0	0,1
2016-Jan-05 12:04:36	PI_1	1367	2	0	642933	0	
2016-Jan-05 12:04:38	PI_1	1368	2	0	642933	0	
2016-Jan-05 12:04:40	PI_1	1369	2	0	642933	0	
2016-Jan-05 12:04:42	PI_1	1370	2	0	642933	0	
2016-Jan-05 12:04:44	PI_1	1371	2	2	1405754	0	0,1
2016-Jan-05 12:04:46	PI_1	1372	2	0	642933	0	
2016-Jan-05 12:04:48	PI_1	1373	2	0	642933	0	
2016-Jan-05 12:04:50	PI_1	1374	2	2	1405754	0	0,1
2016-Jan-05 12:04:52	PI_1	1375	2	0	642933	0	
2016-Jan-05 12:04:54	PI_1	1376	2	2	1405754	0	0,1
2016-Jan-05 12:04:56	PI_1	1377	2	2	1405754	0	0,1
2016-Jan-05 12:04:58	PI_1	1378	2	0	642933	0	
2016-Jan-05 12:05:00	PI_1	1379	2	2	1405754	0	0,1
2016-Jan-05 12:05:02	PI_1	1380	2	2	1405754	0	0,1
2016-Jan-05 12:05:04	PI_1	1381	2	2	1405754	0	0,1
2016-Jan-05 12:05:06	PI_1	1382	2	1	997955	0	0
2016-Jan-05 12:05:08	PI_1	1383	2	2	1405754	0	0,1
2016-Jan-05 12:05:10	PI_1	1384	2	2	1405754	0	0,1
2016-Jan-05 12:05:12	PI_1	1385	2	2	1405754	0	0,1
2016-Jan-05 12:05:14	PI_1	1386	2	2	1405754	0	0,1
2016-Jan-05 12:05:16	PI_1	1387	2	2	1405754	0	0,1
2016-Jan-05 12:05:18	PI_1	1388	2	2	1405754	0	0,1
2016-Jan-05 12:05:20	PI_1	1389	2	0	642933	0	
2016-Jan-05 12:05:22	PI_1	1390	2	2	1405754	0	0,1
2016-Jan-05 12:05:24	PI_1	1391	2	2	1405754	0	0,1
2016-Jan-05 12:05:26	PI_1	1392	2	1	997955	0	0
2016-Jan-05 12:05:28	PI_1	1393	2	2	1405754	0	0,1
2016-Jan-05 12:05:30	PI_1	1394	2	1	997955	0	0
2016-Jan-05 12:05:32	PI_1	1395	2	1	997955	0	0
2016-Jan-05 12:05:34	PI_1	1396	2	1	997955	0	0
2016-Jan-05 12:05:36	PI_1	1397	2	1	997955	0	0
2016-Jan-05 12:05:38	PI_1	1398	2	2	1405754	0	0,1
2016-Jan-05 12:05:40	PI_1	1399	2	1	997955	0	0
2016-Jan-05 12:05:42	PI_1	1400	2	1	997955	0	0
2016-Jan-05 12:05:44	PI_1	1401	2	1	997955	0	0
2016-Jan-05 12:05:46	PI_1	1402	2	1	997955	0	0
2016-Jan-05 12:05:48	PI_1	1403	2	2	1405754	0	0,1
2016-Jan-05 12:05:50	PI_1	1404	2	1	997955	0	0
2016-Jan-05 12:05:52	PI_1	1405	2	1	997955	0	0
2016-Jan-05 12:05:54	PI_1	1406	2	2	1405754	0	0,1
2016-Jan-05 12:05:56	PI_1	1407	2	1	997955	0	0
2016-Jan-05 12:05:58	PI_1	1408	2	2	1405754	0	0,1
2016-Jan-05 12:06:00	PI_1	1409	2	0	642933	0	
2016-Jan-05 12:06:02	PI_1	1410	2	0	642933	0	
2016-Jan-05 12:06:04	PI_1	1411	2	0	642933	0	
2016-Jan-05 12:06:06	PI_1	1412	2	0	642933	0	
2016-Jan-05 12:06:08	PI_1	1413	2	0	642933	0	
2016-Jan-05 12:06:10	PI_1	1414	2	0	642933	0	
2016-Jan-05 12:06:12	PI_1	1415	2	2	1405754	0	0,1
2016-Jan-05 12:06:14	PI_1	1416	2	0	642933	0	
2016-Jan-05 12:06:16	PI_1	1417	2	0	642933	0	
2016-Jan-05 12:06:18	PI_1	1418	2	0	642933	0	
2016-Jan-05 12:06:20	PI_1	1419	2	0	642933	0	
2016-Jan-05 12:06:22	PI_1	1420	2	0	642933	0	
2016-Jan-05 12:06:24	PI_1	1421	2	0	642933	0	
2016-Jan-05 12:06:26	PI_1	1422	2	0	642933	0	
2016-Jan-05 12:06:28	PI_1	1423	2	0	642933	0	
2016-Jan-05 12:06:30	PI_1	1424	2	0	642933	0	
2016-Jan-05 12:06:32	PI_1	1425	2	0	642933	0	
2016-Jan-05 12:06:34	PI_1	1426	2	0	642933	0	
2016-Jan-05 12:06:36	PI_1	1427	2	2	1405754	0	0,1
2016-Jan-05 12:06:38	PI_1	1428	2	0	642933	0	
2016-Jan-05 12:06:40	PI_1	1429	2	0	642933	0	
2016-Jan-05 12:06:42	PI_1	1430	2	2	1405754	0	0,1
2016-Jan-05 12:06:44	PI_1	1431	2	0	642933	0	
2016-Jan-05 12:06:46	PI_1	1432	2	2	1405754	0	0,1
2016-Jan-05 12:06:48	PI_1	1433	2	1	997955	0	0
2016-Jan-05 12:06:50	PI_1	1434	2	1	997955	0	0
