Time	Node	SegmentNumber	SegmentDuration(sec)	SegmentRepID	SegmentBitrate(bit/s)	StallingTime(msec)	SegmentDepIds
2016-Jan-05 11:19:02	PI_4	0	2	0	642933	1000	
2016-Jan-05 11:19:04	PI_4	1	2	0	642933	0	
2016-Jan-05 11:19:06	PI_4	2	2	0	642933	0	
2016-Jan-05 11:19:08	PI_4	3	2	0	642933	0	
2016-Jan-05 11:19:10	PI_4	4	2	0	642933	0	
2016-Jan-05 11:19:12	PI_4	5	2	0	642933	0	
2016-Jan-05 11:19:14	PI_4	6	2	0	642933	0	
2016-Jan-05 11:19:16	PI_4	7	2	0	642933	0	
2016-Jan-05 11:19:18	PI_4	8	2	0	642933	0	
2016-Jan-05 11:19:20	PI_4	9	2	0	642933	0	
2016-Jan-05 11:19:22	PI_4	10	2	0	642933	0	
2016-Jan-05 11:19:24	PI_4	11	2	0	642933	0	
2016-Jan-05 11:19:26	PI_4	12	2	0	642933	0	
2016-Jan-05 11:19:28	PI_4	13	2	0	642933	0	
2016-Jan-05 11:19:30	PI_4	14	2	0	642933	0	
2016-Jan-05 11:19:32	PI_4	15	2	0	642933	0	
2016-Jan-05 11:19:34	PI_4	16	2	2	1405754	0	0,1
2016-Jan-05 11:19:36	PI_4	17	2	0	642933	0	
2016-Jan-05 11:19:38	PI_4	18	2	0	642933	0	
2016-Jan-05 11:19:40	PI_4	19	2	2	1405754	0	0,1
2016-Jan-05 11:19:42	PI_4	20	2	0	642933	0	
2016-Jan-05 11:19:44	PI_4	21	2	2	1405754	0	0,1
2016-Jan-05 11:19:46	PI_4	22	2	0	642933	0	
2016-Jan-05 11:19:48	PI_4	23	2	0	642933	0	
2016-Jan-05 11:19:50	PI_4	24	2	2	1405754	0	0,1
2016-Jan-05 11:19:52	PI_4	25	2	0	642933	0	
2016-Jan-05 11:19:54	PI_4	26	2	0	642933	0	
2016-Jan-05 11:19:56	PI_4	27	2	0	642933	0	
2016-Jan-05 11:19:58	PI_4	28	2	2	1405754	0	0,1
2016-Jan-05 11:20:00	PI_4	29	2	0	642933	0	
2016-Jan-05 11:20:02	PI_4	30	2	2	1405754	0	0,1
2016-Jan-05 11:20:04	PI_4	31	2	2	1405754	0	0,1
2016-Jan-05 11:20:06	PI_4	32	2	0	642933	0	
2016-Jan-05 11:20:08	PI_4	33	2	2	1405754	0	0,1
2016-Jan-05 11:20:10	PI_4	34	2	0	642933	0	
2016-Jan-05 11:20:12	PI_4	35	2	0	642933	0	
2016-Jan-05 11:20:14	PI_4	36	2	2	1405754	0	0,1
2016-Jan-05 11:20:16	PI_4	37	2	2	1405754	0	0,1
2016-Jan-05 11:20:18	PI_4	38	2	0	642933	0	
2016-Jan-05 11:20:20	PI_4	39	2	0	642933	0	
2016-Jan-05 11:20:22	PI_4	40	2	0	642933	0	
2016-Jan-05 11:20:24	PI_4	41	2	0	642933	0	
2016-Jan-05 11:20:26	PI_4	42	2	0	642933	0	
2016-Jan-05 11:20:28	PI_4	43	2	2	1405754	0	0,1
2016-Jan-05 11:20:30	PI_4	44	2	2	1405754	0	0,1
2016-Jan-05 11:20:32	PI_4	45	2	2	1405754	0	0,1
2016-Jan-05 11:20:34	PI_4	46	2	0	642933	0	
2016-Jan-05 11:20:36	PI_4	47	2	2	1405754	0	0,1
2016-Jan-05 11:20:38	PI_4	48	2	0	642933	0	
2016-Jan-05 11:20:40	PI_4	49	2	0	642933	0	
2016-Jan-05 11:20:42	PI_4	50	2	2	1405754	0	0,1
2016-Jan-05 11:20:44	PI_4	51	2	0	642933	0	
2016-Jan-05 11:20:46	PI_4	52	2	2	1405754	0	0,1
2016-Jan-05 11:20:48	PI_4	53	2	0	642933	0	
2016-Jan-05 11:20:50	PI_4	54	2	2	1405754	0	0,1
2016-Jan-05 11:20:52	PI_4	55	2	0	642933	0	
2016-Jan-05 11:20:54	PI_4	56	2	2	1405754	0	0,1
2016-Jan-05 11:20:56	PI_4	57	2	0	642933	0	
2016-Jan-05 11:20:58	PI_4	58	2	0	642933	0	
2016-Jan-05 11:21:00	PI_4	59	2	0	642933	0	
2016-Jan-05 11:21:02	PI_4	60	2	0	642933	0	
2016-Jan-05 11:21:04	PI_4	61	2	0	642933	0	
2016-Jan-05 11:21:06	PI_4	62	2	2	1405754	0	0,1
2016-Jan-05 11:21:08	PI_4	63	2	0	642933	0	
2016-Jan-05 11:21:10	PI_4	64	2	2	1405754	0	0,1
2016-Jan-05 11:21:12	PI_4	65	2	0	642933	0	
2016-Jan-05 11:21:14	PI_4	66	2	2	1405754	0	0,1
2016-Jan-05 11:21:16	PI_4	67	2	0	642933	0	
2016-Jan-05 11:21:18	PI_4	68	2	0	642933	0	
2016-Jan-05 11:21:20	PI_4	69	2	2	1405754	0	0,1
2016-Jan-05 11:21:22	PI_4	70	2	0	642933	0	
2016-Jan-05 11:21:24	PI_4	71	2	0	642933	0	
2016-Jan-05 11:21:26	PI_4	72	2	0	642933	0	
2016-Jan-05 11:21:28	PI_4	73	2	2	1405754	0	0,1
2016-Jan-05 11:21:30	PI_4	74	2	0	642933	0	
2016-Jan-05 11:21:32	PI_4	75	2	2	1405754	0	0,1
2016-Jan-05 11:21:34	PI_4	76	2	0	642933	0	
2016-Jan-05 11:21:36	PI_4	77	2	0	642933	0	
2016-Jan-05 11:21:38	PI_4	78	2	2	1405754	0	0,1
2016-Jan-05 11:21:40	PI_4	79	2	0	642933	0	
2016-Jan-05 11:21:42	PI_4	80	2	2	1405754	0	0,1
2016-Jan-05 11:21:44	PI_4	81	2	0	642933	0	
2016-Jan-05 11:21:46	PI_4	82	2	0	642933	0	
2016-Jan-05 11:21:48	PI_4	83	2	2	1405754	0	0,1
2016-Jan-05 11:21:50	PI_4	84	2	0	642933	0	
2016-Jan-05 11:21:52	PI_4	85	2	0	642933	0	
2016-Jan-05 11:21:54	PI_4	86	2	1	997955	0	0
2016-Jan-05 11:21:56	PI_4	87	2	1	997955	0	0
2016-Jan-05 11:21:58	PI_4	88	2	1	997955	0	0
2016-Jan-05 11:22:00	PI_4	89	2	2	1405754	0	0,1
2016-Jan-05 11:22:02	PI_4	90	2	0	642933	0	
2016-Jan-05 11:22:04	PI_4	91	2	0	642933	0	
2016-Jan-05 11:22:06	PI_4	92	2	0	642933	0	
2016-Jan-05 11:22:08	PI_4	93	2	2	1405754	0	0,1
2016-Jan-05 11:22:10	PI_4	94	2	0	642933	0	
2016-Jan-05 11:22:12	PI_4	95	2	0	642933	0	
2016-Jan-05 11:22:14	PI_4	96	2	0	642933	0	
2016-Jan-05 11:22:16	PI_4	97	2	0	642933	0	
2016-Jan-05 11:22:18	PI_4	98	2	2	1405754	0	0,1
2016-Jan-05 11:22:20	PI_4	99	2	0	642933	0	
2016-Jan-05 11:22:22	PI_4	100	2	0	642933	0	
2016-Jan-05 11:22:24	PI_4	101	2	0	642933	0	
2016-Jan-05 11:22:26	PI_4	102	2	2	1405754	0	0,1
2016-Jan-05 11:22:28	PI_4	103	2	0	642933	0	
2016-Jan-05 11:22:30	PI_4	104	2	2	1405754	0	0,1
2016-Jan-05 11:22:32	PI_4	105	2	0	642933	0	
2016-Jan-05 11:22:34	PI_4	106	2	0	642933	0	
2016-Jan-05 11:22:36	PI_4	107	2	0	642933	0	
2016-Jan-05 11:22:38	PI_4	108	2	0	642933	0	
2016-Jan-05 11:22:40	PI_4	109	2	2	1405754	0	0,1
2016-Jan-05 11:22:42	PI_4	110	2	0	642933	0	
2016-Jan-05 11:22:44	PI_4	111	2	0	642933	0	
2016-Jan-05 11:22:46	PI_4	112	2	2	1405754	0	0,1
2016-Jan-05 11:22:48	PI_4	113	2	2	1405754	0	0,1
2016-Jan-05 11:22:50	PI_4	114	2	0	642933	0	
2016-Jan-05 11:22:52	PI_4	115	2	0	642933	0	
2016-Jan-05 11:22:54	PI_4	116	2	2	1405754	0	0,1
2016-Jan-05 11:22:56	PI_4	117	2	0	642933	0	
2016-Jan-05 11:22:58	PI_4	118	2	2	1405754	0	0,1
2016-Jan-05 11:23:00	PI_4	119	2	0	642933	0	
2016-Jan-05 11:23:02	PI_4	120	2	2	1405754	0	0,1
2016-Jan-05 11:23:04	PI_4	121	2	0	642933	0	
2016-Jan-05 11:23:06	PI_4	122	2	0	642933	0	
2016-Jan-05 11:23:08	PI_4	123	2	0	642933	0	
2016-Jan-05 11:23:10	PI_4	124	2	0	642933	0	
2016-Jan-05 11:23:12	PI_4	125	2	0	642933	0	
2016-Jan-05 11:23:14	PI_4	126	2	2	1405754	0	0,1
2016-Jan-05 11:23:16	PI_4	127	2	0	642933	0	
2016-Jan-05 11:23:18	PI_4	128	2	0	642933	0	
2016-Jan-05 11:23:20	PI_4	129	2	2	1405754	0	0,1
2016-Jan-05 11:23:22	PI_4	130	2	0	642933	0	
2016-Jan-05 11:23:24	PI_4	131	2	2	1405754	0	0,1
2016-Jan-05 11:23:26	PI_4	132	2	0	642933	0	
2016-Jan-05 11:23:28	PI_4	133	2	0	642933	0	
2016-Jan-05 11:23:30	PI_4	134	2	2	1405754	0	0,1
2016-Jan-05 11:23:32	PI_4	135	2	0	642933	0	
2016-Jan-05 11:23:34	PI_4	136	2	0	642933	0	
2016-Jan-05 11:23:36	PI_4	137	2	0	642933	0	
2016-Jan-05 11:23:38	PI_4	138	2	2	1405754	0	0,1
2016-Jan-05 11:23:40	PI_4	139	2	0	642933	0	
2016-Jan-05 11:23:42	PI_4	140	2	0	642933	0	
2016-Jan-05 11:23:44	PI_4	141	2	0	642933	0	
2016-Jan-05 11:23:46	PI_4	142	2	2	1405754	0	0,1
2016-Jan-05 11:23:48	PI_4	143	2	0	642933	0	
2016-Jan-05 11:23:50	PI_4	144	2	1	997955	0	0
2016-Jan-05 11:23:52	PI_4	145	2	1	997955	0	0
2016-Jan-05 11:23:54	PI_4	146	2	2	1405754	0	0,1
2016-Jan-05 11:23:56	PI_4	147	2	0	642933	0	
2016-Jan-05 11:23:58	PI_4	148	2	2	1405754	0	0,1
2016-Jan-05 11:24:00	PI_4	149	2	0	642933	0	
2016-Jan-05 11:24:02	PI_4	150	2	0	642933	0	
2016-Jan-05 11:24:04	PI_4	151	2	2	1405754	0	0,1
2016-Jan-05 11:24:06	PI_4	152	2	0	642933	0	
2016-Jan-05 11:24:08	PI_4	153	2	0	642933	0	
2016-Jan-05 11:24:10	PI_4	154	2	2	1405754	0	0,1
2016-Jan-05 11:24:12	PI_4	155	2	0	642933	0	
2016-Jan-05 11:24:14	PI_4	156	2	0	642933	0	
2016-Jan-05 11:24:16	PI_4	157	2	2	1405754	0	0,1
2016-Jan-05 11:24:18	PI_4	158	2	0	642933	0	
2016-Jan-05 11:24:20	PI_4	159	2	0	642933	0	
2016-Jan-05 11:24:22	PI_4	160	2	0	642933	0	
2016-Jan-05 11:24:24	PI_4	161	2	0	642933	0	
2016-Jan-05 11:24:26	PI_4	162	2	0	642933	0	
2016-Jan-05 11:24:28	PI_4	163	2	0	642933	0	
2016-Jan-05 11:24:30	PI_4	164	2	2	1405754	0	0,1
2016-Jan-05 11:24:32	PI_4	165	2	0	642933	0	
2016-Jan-05 11:24:34	PI_4	166	2	0	642933	0	
2016-Jan-05 11:24:36	PI_4	167	2	2	1405754	0	0,1
2016-Jan-05 11:24:38	PI_4	168	2	0	642933	0	
2016-Jan-05 11:24:40	PI_4	169	2	2	1405754	0	0,1
2016-Jan-05 11:24:42	PI_4	170	2	2	1405754	0	0,1
2016-Jan-05 11:24:44	PI_4	171	2	0	642933	0	
2016-Jan-05 11:24:46	PI_4	172	2	0	642933	0	
2016-Jan-05 11:24:48	PI_4	173	2	2	1405754	0	0,1
2016-Jan-05 11:24:50	PI_4	174	2	0	642933	0	
2016-Jan-05 11:24:52	PI_4	175	2	0	642933	0	
2016-Jan-05 11:24:54	PI_4	176	2	0	642933	0	
2016-Jan-05 11:24:56	PI_4	177	2	0	642933	0	
2016-Jan-05 11:24:58	PI_4	178	2	0	642933	0	
2016-Jan-05 11:25:00	PI_4	179	2	2	1405754	0	0,1
2016-Jan-05 11:25:02	PI_4	180	2	0	642933	0	
2016-Jan-05 11:25:04	PI_4	181	2	0	642933	0	
2016-Jan-05 11:25:06	PI_4	182	2	0	642933	0	
2016-Jan-05 11:25:08	PI_4	183	2	0	642933	0	
2016-Jan-05 11:25:10	PI_4	184	2	2	1405754	0	0,1
2016-Jan-05 11:25:12	PI_4	185	2	0	642933	0	
2016-Jan-05 11:25:14	PI_4	186	2	0	642933	0	
2016-Jan-05 11:25:16	PI_4	187	2	2	1405754	0	0,1
2016-Jan-05 11:25:18	PI_4	188	2	0	642933	0	
2016-Jan-05 11:25:20	PI_4	189	2	2	1405754	0	0,1
2016-Jan-05 11:25:22	PI_4	190	2	0	642933	0	
2016-Jan-05 11:25:24	PI_4	191	2	2	1405754	0	0,1
2016-Jan-05 11:25:26	PI_4	192	2	0	642933	0	
2016-Jan-05 11:25:28	PI_4	193	2	1	997955	0	0
2016-Jan-05 11:25:30	PI_4	194	2	1	997955	0	0
2016-Jan-05 11:25:32	PI_4	195	2	2	1405754	0	0,1
2016-Jan-05 11:25:34	PI_4	196	2	0	642933	0	
2016-Jan-05 11:25:36	PI_4	197	2	2	1405754	0	0,1
2016-Jan-05 11:25:38	PI_4	198	2	0	642933	0	
2016-Jan-05 11:25:40	PI_4	199	2	2	1405754	0	0,1
2016-Jan-05 11:25:42	PI_4	200	2	0	642933	0	
2016-Jan-05 11:25:44	PI_4	201	2	2	1405754	0	0,1
2016-Jan-05 11:25:46	PI_4	202	2	0	642933	0	
2016-Jan-05 11:25:48	PI_4	203	2	2	1405754	0	0,1
2016-Jan-05 11:25:50	PI_4	204	2	0	642933	0	
2016-Jan-05 11:25:52	PI_4	205	2	2	1405754	0	0,1
2016-Jan-05 11:25:54	PI_4	206	2	0	642933	0	
2016-Jan-05 11:25:56	PI_4	207	2	0	642933	0	
2016-Jan-05 11:25:58	PI_4	208	2	2	1405754	0	0,1
2016-Jan-05 11:26:00	PI_4	209	2	0	642933	0	
2016-Jan-05 11:26:02	PI_4	210	2	2	1405754	0	0,1
2016-Jan-05 11:26:04	PI_4	211	2	0	642933	0	
2016-Jan-05 11:26:06	PI_4	212	2	0	642933	0	
2016-Jan-05 11:26:08	PI_4	213	2	0	642933	0	
2016-Jan-05 11:26:10	PI_4	214	2	0	642933	0	
2016-Jan-05 11:26:12	PI_4	215	2	0	642933	0	
2016-Jan-05 11:26:14	PI_4	216	2	0	642933	0	
2016-Jan-05 11:26:16	PI_4	217	2	0	642933	0	
2016-Jan-05 11:26:18	PI_4	218	2	0	642933	0	
2016-Jan-05 11:26:20	PI_4	219	2	2	1405754	0	0,1
2016-Jan-05 11:26:22	PI_4	220	2	0	642933	0	
2016-Jan-05 11:26:24	PI_4	221	2	1	997955	0	0
2016-Jan-05 11:26:26	PI_4	222	2	2	1405754	0	0,1
2016-Jan-05 11:26:28	PI_4	223	2	0	642933	0	
2016-Jan-05 11:26:30	PI_4	224	2	0	642933	0	
2016-Jan-05 11:26:32	PI_4	225	2	2	1405754	0	0,1
2016-Jan-05 11:26:34	PI_4	226	2	0	642933	0	
2016-Jan-05 11:26:36	PI_4	227	2	1	997955	0	0
2016-Jan-05 11:26:38	PI_4	228	2	1	997955	0	0
2016-Jan-05 11:26:40	PI_4	229	2	2	1405754	0	0,1
2016-Jan-05 11:26:42	PI_4	230	2	1	997955	0	0
2016-Jan-05 11:26:44	PI_4	231	2	2	1405754	0	0,1
2016-Jan-05 11:26:46	PI_4	232	2	2	1405754	0	0,1
2016-Jan-05 11:26:48	PI_4	233	2	2	1405754	0	0,1
2016-Jan-05 11:26:50	PI_4	234	2	0	642933	0	
2016-Jan-05 11:26:52	PI_4	235	2	2	1405754	0	0,1
2016-Jan-05 11:26:54	PI_4	236	2	2	1405754	0	0,1
2016-Jan-05 11:26:56	PI_4	237	2	2	1405754	0	0,1
2016-Jan-05 11:26:58	PI_4	238	2	0	642933	0	
2016-Jan-05 11:27:00	PI_4	239	2	2	1405754	0	0,1
2016-Jan-05 11:27:02	PI_4	240	2	2	1405754	0	0,1
2016-Jan-05 11:27:04	PI_4	241	2	0	642933	0	
2016-Jan-05 11:27:06	PI_4	242	2	2	1405754	0	0,1
2016-Jan-05 11:27:08	PI_4	243	2	2	1405754	0	0,1
2016-Jan-05 11:27:10	PI_4	244	2	0	642933	0	
2016-Jan-05 11:27:12	PI_4	245	2	2	1405754	0	0,1
2016-Jan-05 11:27:14	PI_4	246	2	2	1405754	0	0,1
2016-Jan-05 11:27:16	PI_4	247	2	0	642933	0	
2016-Jan-05 11:27:18	PI_4	248	2	2	1405754	0	0,1
2016-Jan-05 11:27:20	PI_4	249	2	2	1405754	0	0,1
2016-Jan-05 11:27:22	PI_4	250	2	0	642933	0	
2016-Jan-05 11:27:24	PI_4	251	2	2	1405754	0	0,1
2016-Jan-05 11:27:26	PI_4	252	2	0	642933	0	
2016-Jan-05 11:27:28	PI_4	253	2	0	642933	0	
2016-Jan-05 11:27:30	PI_4	254	2	2	1405754	0	0,1
2016-Jan-05 11:27:32	PI_4	255	2	0	642933	0	
2016-Jan-05 11:27:34	PI_4	256	2	0	642933	0	
2016-Jan-05 11:27:36	PI_4	257	2	0	642933	0	
2016-Jan-05 11:27:38	PI_4	258	2	0	642933	0	
2016-Jan-05 11:27:40	PI_4	259	2	0	642933	0	
2016-Jan-05 11:27:42	PI_4	260	2	2	1405754	0	0,1
2016-Jan-05 11:27:44	PI_4	261	2	0	642933	0	
2016-Jan-05 11:27:46	PI_4	262	2	0	642933	0	
2016-Jan-05 11:27:48	PI_4	263	2	0	642933	0	
2016-Jan-05 11:27:50	PI_4	264	2	0	642933	0	
2016-Jan-05 11:27:52	PI_4	265	2	2	1405754	0	0,1
2016-Jan-05 11:27:54	PI_4	266	2	0	642933	0	
2016-Jan-05 11:27:56	PI_4	267	2	0	642933	0	
2016-Jan-05 11:27:58	PI_4	268	2	0	642933	0	
2016-Jan-05 11:28:00	PI_4	269	2	0	642933	0	
2016-Jan-05 11:28:02	PI_4	270	2	0	642933	0	
2016-Jan-05 11:28:04	PI_4	271	2	0	642933	0	
2016-Jan-05 11:28:06	PI_4	272	2	0	642933	0	
2016-Jan-05 11:28:08	PI_4	273	2	0	642933	0	
2016-Jan-05 11:28:10	PI_4	274	2	0	642933	0	
2016-Jan-05 11:28:12	PI_4	275	2	0	642933	0	
2016-Jan-05 11:28:14	PI_4	276	2	1	997955	0	0
2016-Jan-05 11:28:16	PI_4	277	2	0	642933	0	
2016-Jan-05 11:28:18	PI_4	278	2	0	642933	0	
2016-Jan-05 11:28:20	PI_4	279	2	0	642933	0	
2016-Jan-05 11:28:22	PI_4	280	2	0	642933	0	
2016-Jan-05 11:28:24	PI_4	281	2	0	642933	0	
2016-Jan-05 11:28:26	PI_4	282	2	0	642933	0	
2016-Jan-05 11:28:28	PI_4	283	2	2	1405754	0	0,1
2016-Jan-05 11:28:30	PI_4	284	2	0	642933	0	
2016-Jan-05 11:28:32	PI_4	285	2	2	1405754	0	0,1
2016-Jan-05 11:28:34	PI_4	286	2	2	1405754	0	0,1
2016-Jan-05 11:28:36	PI_4	287	2	2	1405754	0	0,1
2016-Jan-05 11:28:38	PI_4	288	2	1	997955	0	0
2016-Jan-05 11:28:40	PI_4	289	2	2	1405754	0	0,1
2016-Jan-05 11:28:42	PI_4	290	2	2	1405754	0	0,1
2016-Jan-05 11:28:44	PI_4	291	2	2	1405754	0	0,1
2016-Jan-05 11:28:46	PI_4	292	2	0	642933	0	
2016-Jan-05 11:28:48	PI_4	293	2	2	1405754	0	0,1
2016-Jan-05 11:28:50	PI_4	294	2	2	1405754	0	0,1
2016-Jan-05 11:28:52	PI_4	295	2	0	642933	0	
2016-Jan-05 11:28:54	PI_4	296	2	0	642933	0	
2016-Jan-05 11:28:56	PI_4	297	2	2	1405754	0	0,1
2016-Jan-05 11:28:58	PI_4	298	2	0	642933	0	
2016-Jan-05 11:29:00	PI_4	299	2	2	1405754	0	0,1
2016-Jan-05 11:29:02	PI_4	300	2	0	642933	0	
2016-Jan-05 11:29:04	PI_4	301	2	0	642933	0	
2016-Jan-05 11:29:06	PI_4	302	2	0	642933	0	
2016-Jan-05 11:29:08	PI_4	303	2	1	997955	0	0
2016-Jan-05 11:29:10	PI_4	304	2	1	997955	0	0
2016-Jan-05 11:29:12	PI_4	305	2	2	1405754	0	0,1
2016-Jan-05 11:29:14	PI_4	306	2	2	1405754	0	0,1
2016-Jan-05 11:29:16	PI_4	307	2	0	642933	0	
2016-Jan-05 11:29:18	PI_4	308	2	2	1405754	0	0,1
2016-Jan-05 11:29:20	PI_4	309	2	1	997955	0	0
2016-Jan-05 11:29:22	PI_4	310	2	2	1405754	0	0,1
2016-Jan-05 11:29:24	PI_4	311	2	1	997955	0	0
2016-Jan-05 11:29:26	PI_4	312	2	2	1405754	0	0,1
2016-Jan-05 11:29:28	PI_4	313	2	0	642933	0	
2016-Jan-05 11:29:30	PI_4	314	2	2	1405754	0	0,1
2016-Jan-05 11:29:32	PI_4	315	2	0	642933	0	
2016-Jan-05 11:29:34	PI_4	316	2	2	1405754	0	0,1
2016-Jan-05 11:29:36	PI_4	317	2	0	642933	0	
2016-Jan-05 11:29:38	PI_4	318	2	2	1405754	0	0,1
2016-Jan-05 11:29:40	PI_4	319	2	0	642933	0	
2016-Jan-05 11:29:42	PI_4	320	2	0	642933	0	
2016-Jan-05 11:29:44	PI_4	321	2	2	1405754	0	0,1
2016-Jan-05 11:29:46	PI_4	322	2	0	642933	0	
2016-Jan-05 11:29:48	PI_4	323	2	0	642933	0	
2016-Jan-05 11:29:50	PI_4	324	2	0	642933	0	
2016-Jan-05 11:29:52	PI_4	325	2	0	642933	0	
2016-Jan-05 11:29:54	PI_4	326	2	2	1405754	0	0,1
2016-Jan-05 11:29:56	PI_4	327	2	0	642933	0	
2016-Jan-05 11:29:58	PI_4	328	2	0	642933	0	
2016-Jan-05 11:30:00	PI_4	329	2	2	1405754	0	0,1
2016-Jan-05 11:30:02	PI_4	330	2	1	997955	0	0
2016-Jan-05 11:30:04	PI_4	331	2	1	997955	0	0
2016-Jan-05 11:30:06	PI_4	332	2	1	997955	0	0
2016-Jan-05 11:30:08	PI_4	333	2	1	997955	0	0
2016-Jan-05 11:30:10	PI_4	334	2	1	997955	0	0
2016-Jan-05 11:30:12	PI_4	335	2	2	1405754	0	0,1
2016-Jan-05 11:30:14	PI_4	336	2	2	1405754	0	0,1
2016-Jan-05 11:30:16	PI_4	337	2	0	642933	0	
2016-Jan-05 11:30:18	PI_4	338	2	2	1405754	0	0,1
2016-Jan-05 11:30:20	PI_4	339	2	0	642933	0	
2016-Jan-05 11:30:22	PI_4	340	2	2	1405754	0	0,1
2016-Jan-05 11:30:24	PI_4	341	2	0	642933	0	
2016-Jan-05 11:30:26	PI_4	342	2	0	642933	0	
2016-Jan-05 11:30:28	PI_4	343	2	2	1405754	0	0,1
2016-Jan-05 11:30:30	PI_4	344	2	0	642933	0	
2016-Jan-05 11:30:32	PI_4	345	2	0	642933	0	
2016-Jan-05 11:30:34	PI_4	346	2	2	1405754	0	0,1
2016-Jan-05 11:30:36	PI_4	347	2	0	642933	0	
2016-Jan-05 11:30:38	PI_4	348	2	1	997955	0	0
2016-Jan-05 11:30:40	PI_4	349	2	1	997955	0	0
2016-Jan-05 11:30:42	PI_4	350	2	2	1405754	0	0,1
2016-Jan-05 11:30:44	PI_4	351	2	0	642933	0	
2016-Jan-05 11:30:46	PI_4	352	2	2	1405754	0	0,1
2016-Jan-05 11:30:48	PI_4	353	2	0	642933	0	
2016-Jan-05 11:30:50	PI_4	354	2	0	642933	0	
2016-Jan-05 11:30:52	PI_4	355	2	0	642933	0	
2016-Jan-05 11:30:54	PI_4	356	2	2	1405754	0	0,1
2016-Jan-05 11:30:56	PI_4	357	2	0	642933	0	
2016-Jan-05 11:30:58	PI_4	358	2	0	642933	0	
2016-Jan-05 11:31:00	PI_4	359	2	2	1405754	0	0,1
2016-Jan-05 11:31:02	PI_4	360	2	0	642933	0	
2016-Jan-05 11:31:04	PI_4	361	2	0	642933	0	
2016-Jan-05 11:31:06	PI_4	362	2	2	1405754	0	0,1
2016-Jan-05 11:31:08	PI_4	363	2	0	642933	0	
2016-Jan-05 11:31:10	PI_4	364	2	0	642933	0	
2016-Jan-05 11:31:12	PI_4	365	2	2	1405754	0	0,1
2016-Jan-05 11:31:14	PI_4	366	2	0	642933	0	
2016-Jan-05 11:31:16	PI_4	367	2	2	1405754	0	0,1
2016-Jan-05 11:31:18	PI_4	368	2	2	1405754	0	0,1
2016-Jan-05 11:31:20	PI_4	369	2	2	1405754	0	0,1
2016-Jan-05 11:31:22	PI_4	370	2	0	642933	0	
2016-Jan-05 11:31:24	PI_4	371	2	2	1405754	0	0,1
2016-Jan-05 11:31:26	PI_4	372	2	0	642933	0	
2016-Jan-05 11:31:28	PI_4	373	2	2	1405754	0	0,1
2016-Jan-05 11:31:30	PI_4	374	2	1	997955	0	0
2016-Jan-05 11:31:32	PI_4	375	2	2	1405754	0	0,1
2016-Jan-05 11:31:34	PI_4	376	2	0	642933	0	
2016-Jan-05 11:31:36	PI_4	377	2	0	642933	0	
2016-Jan-05 11:31:38	PI_4	378	2	0	642933	0	
2016-Jan-05 11:31:40	PI_4	379	2	2	1405754	0	0,1
2016-Jan-05 11:31:42	PI_4	380	2	0	642933	0	
2016-Jan-05 11:31:44	PI_4	381	2	0	642933	0	
2016-Jan-05 11:31:46	PI_4	382	2	0	642933	0	
2016-Jan-05 11:31:48	PI_4	383	2	2	1405754	0	0,1
2016-Jan-05 11:31:50	PI_4	384	2	0	642933	0	
2016-Jan-05 11:31:52	PI_4	385	2	0	642933	0	
2016-Jan-05 11:31:54	PI_4	386	2	0	642933	0	
2016-Jan-05 11:31:56	PI_4	387	2	2	1405754	0	0,1
2016-Jan-05 11:31:58	PI_4	388	2	0	642933	0	
2016-Jan-05 11:32:00	PI_4	389	2	2	1405754	0	0,1
2016-Jan-05 11:32:02	PI_4	390	2	0	642933	0	
2016-Jan-05 11:32:04	PI_4	391	2	0	642933	0	
2016-Jan-05 11:32:06	PI_4	392	2	0	642933	0	
2016-Jan-05 11:32:08	PI_4	393	2	2	1405754	0	0,1
2016-Jan-05 11:32:10	PI_4	394	2	0	642933	0	
2016-Jan-05 11:32:12	PI_4	395	2	0	642933	0	
2016-Jan-05 11:32:14	PI_4	396	2	0	642933	0	
2016-Jan-05 11:32:16	PI_4	397	2	0	642933	0	
2016-Jan-05 11:32:18	PI_4	398	2	2	1405754	0	0,1
2016-Jan-05 11:32:20	PI_4	399	2	0	642933	0	
2016-Jan-05 11:32:22	PI_4	400	2	2	1405754	0	0,1
2016-Jan-05 11:32:24	PI_4	401	2	0	642933	0	
2016-Jan-05 11:32:26	PI_4	402	2	0	642933	0	
2016-Jan-05 11:32:28	PI_4	403	2	0	642933	0	
2016-Jan-05 11:32:30	PI_4	404	2	0	642933	0	
2016-Jan-05 11:32:32	PI_4	405	2	0	642933	0	
2016-Jan-05 11:32:34	PI_4	406	2	0	642933	0	
2016-Jan-05 11:32:36	PI_4	407	2	0	642933	0	
2016-Jan-05 11:32:38	PI_4	408	2	0	642933	0	
2016-Jan-05 11:32:40	PI_4	409	2	0	642933	0	
2016-Jan-05 11:32:42	PI_4	410	2	0	642933	0	
2016-Jan-05 11:32:44	PI_4	411	2	0	642933	0	
2016-Jan-05 11:32:46	PI_4	412	2	0	642933	0	
2016-Jan-05 11:32:48	PI_4	413	2	2	1405754	0	0,1
2016-Jan-05 11:32:50	PI_4	414	2	0	642933	0	
2016-Jan-05 11:32:52	PI_4	415	2	0	642933	0	
2016-Jan-05 11:32:54	PI_4	416	2	2	1405754	0	0,1
2016-Jan-05 11:32:56	PI_4	417	2	0	642933	0	
2016-Jan-05 11:32:58	PI_4	418	2	0	642933	0	
2016-Jan-05 11:33:00	PI_4	419	2	0	642933	0	
2016-Jan-05 11:33:02	PI_4	420	2	0	642933	0	
2016-Jan-05 11:33:04	PI_4	421	2	0	642933	0	
2016-Jan-05 11:33:06	PI_4	422	2	2	1405754	0	0,1
2016-Jan-05 11:33:08	PI_4	423	2	0	642933	0	
2016-Jan-05 11:33:10	PI_4	424	2	2	1405754	0	0,1
2016-Jan-05 11:33:12	PI_4	425	2	0	642933	0	
2016-Jan-05 11:33:14	PI_4	426	2	0	642933	0	
2016-Jan-05 11:33:16	PI_4	427	2	0	642933	0	
2016-Jan-05 11:33:18	PI_4	428	2	0	642933	0	
2016-Jan-05 11:33:20	PI_4	429	2	0	642933	0	
2016-Jan-05 11:33:22	PI_4	430	2	0	642933	0	
2016-Jan-05 11:33:24	PI_4	431	2	0	642933	0	
2016-Jan-05 11:33:26	PI_4	432	2	0	642933	0	
2016-Jan-05 11:33:28	PI_4	433	2	0	642933	0	
2016-Jan-05 11:33:30	PI_4	434	2	0	642933	0	
2016-Jan-05 11:33:32	PI_4	435	2	0	642933	0	
2016-Jan-05 11:33:34	PI_4	436	2	0	642933	0	
2016-Jan-05 11:33:36	PI_4	437	2	2	1405754	0	0,1
2016-Jan-05 11:33:38	PI_4	438	2	0	642933	0	
2016-Jan-05 11:33:40	PI_4	439	2	0	642933	0	
2016-Jan-05 11:33:42	PI_4	440	2	0	642933	0	
2016-Jan-05 11:33:44	PI_4	441	2	2	1405754	0	0,1
2016-Jan-05 11:33:46	PI_4	442	2	0	642933	0	
2016-Jan-05 11:33:48	PI_4	443	2	0	642933	0	
2016-Jan-05 11:33:50	PI_4	444	2	0	642933	0	
2016-Jan-05 11:33:52	PI_4	445	2	0	642933	0	
2016-Jan-05 11:33:54	PI_4	446	2	2	1405754	0	0,1
2016-Jan-05 11:33:56	PI_4	447	2	0	642933	0	
2016-Jan-05 11:33:58	PI_4	448	2	0	642933	0	
2016-Jan-05 11:34:00	PI_4	449	2	0	642933	0	
2016-Jan-05 11:34:02	PI_4	450	2	0	642933	0	
2016-Jan-05 11:34:04	PI_4	451	2	2	1405754	0	0,1
2016-Jan-05 11:34:06	PI_4	452	2	0	642933	0	
2016-Jan-05 11:34:08	PI_4	453	2	0	642933	0	
2016-Jan-05 11:34:10	PI_4	454	2	2	1405754	0	0,1
2016-Jan-05 11:34:12	PI_4	455	2	0	642933	0	
2016-Jan-05 11:34:14	PI_4	456	2	2	1405754	0	0,1
2016-Jan-05 11:34:16	PI_4	457	2	0	642933	0	
2016-Jan-05 11:34:18	PI_4	458	2	1	997955	0	0
2016-Jan-05 11:34:20	PI_4	459	2	2	1405754	0	0,1
2016-Jan-05 11:34:22	PI_4	460	2	1	997955	0	0
2016-Jan-05 11:34:24	PI_4	461	2	2	1405754	0	0,1
2016-Jan-05 11:34:26	PI_4	462	2	2	1405754	0	0,1
2016-Jan-05 11:34:28	PI_4	463	2	2	1405754	0	0,1
2016-Jan-05 11:34:30	PI_4	464	2	2	1405754	0	0,1
2016-Jan-05 11:34:32	PI_4	465	2	0	642933	0	
2016-Jan-05 11:34:34	PI_4	466	2	0	642933	0	
2016-Jan-05 11:34:36	PI_4	467	2	2	1405754	0	0,1
2016-Jan-05 11:34:38	PI_4	468	2	0	642933	0	
2016-Jan-05 11:34:40	PI_4	469	2	2	1405754	0	0,1
2016-Jan-05 11:34:42	PI_4	470	2	0	642933	0	
2016-Jan-05 11:34:44	PI_4	471	2	2	1405754	0	0,1
2016-Jan-05 11:34:46	PI_4	472	2	0	642933	0	
2016-Jan-05 11:34:48	PI_4	473	2	2	1405754	0	0,1
2016-Jan-05 11:34:50	PI_4	474	2	0	642933	0	
2016-Jan-05 11:34:52	PI_4	475	2	2	1405754	0	0,1
2016-Jan-05 11:34:54	PI_4	476	2	0	642933	0	
2016-Jan-05 11:34:56	PI_4	477	2	0	642933	0	
2016-Jan-05 11:34:58	PI_4	478	2	2	1405754	0	0,1
2016-Jan-05 11:35:00	PI_4	479	2	1	997955	0	0
2016-Jan-05 11:35:02	PI_4	480	2	2	1405754	0	0,1
2016-Jan-05 11:35:04	PI_4	481	2	2	1405754	0	0,1
2016-Jan-05 11:35:06	PI_4	482	2	0	642933	0	
2016-Jan-05 11:35:08	PI_4	483	2	2	1405754	0	0,1
2016-Jan-05 11:35:10	PI_4	484	2	2	1405754	0	0,1
2016-Jan-05 11:35:12	PI_4	485	2	0	642933	0	
2016-Jan-05 11:35:14	PI_4	486	2	0	642933	0	
2016-Jan-05 11:35:16	PI_4	487	2	2	1405754	0	0,1
2016-Jan-05 11:35:18	PI_4	488	2	0	642933	0	
2016-Jan-05 11:35:20	PI_4	489	2	0	642933	0	
2016-Jan-05 11:35:22	PI_4	490	2	2	1405754	0	0,1
2016-Jan-05 11:35:24	PI_4	491	2	0	642933	0	
2016-Jan-05 11:35:26	PI_4	492	2	2	1405754	0	0,1
2016-Jan-05 11:35:28	PI_4	493	2	2	1405754	0	0,1
2016-Jan-05 11:35:30	PI_4	494	2	0	642933	0	
2016-Jan-05 11:35:32	PI_4	495	2	2	1405754	0	0,1
2016-Jan-05 11:35:34	PI_4	496	2	2	1405754	0	0,1
2016-Jan-05 11:35:36	PI_4	497	2	0	642933	0	
2016-Jan-05 11:35:38	PI_4	498	2	2	1405754	0	0,1
2016-Jan-05 11:35:40	PI_4	499	2	1	997955	0	0
2016-Jan-05 11:35:42	PI_4	500	2	2	1405754	0	0,1
2016-Jan-05 11:35:44	PI_4	501	2	0	642933	0	
2016-Jan-05 11:35:46	PI_4	502	2	1	997955	0	0
2016-Jan-05 11:35:48	PI_4	503	2	1	997955	0	0
2016-Jan-05 11:35:50	PI_4	504	2	2	1405754	0	0,1
2016-Jan-05 11:35:52	PI_4	505	2	0	642933	0	
2016-Jan-05 11:35:54	PI_4	506	2	2	1405754	0	0,1
2016-Jan-05 11:35:56	PI_4	507	2	0	642933	0	
2016-Jan-05 11:35:58	PI_4	508	2	0	642933	0	
2016-Jan-05 11:36:00	PI_4	509	2	0	642933	0	
2016-Jan-05 11:36:02	PI_4	510	2	0	642933	0	
2016-Jan-05 11:36:04	PI_4	511	2	0	642933	0	
2016-Jan-05 11:36:06	PI_4	512	2	2	1405754	0	0,1
2016-Jan-05 11:36:08	PI_4	513	2	0	642933	0	
2016-Jan-05 11:36:10	PI_4	514	2	2	1405754	0	0,1
2016-Jan-05 11:36:12	PI_4	515	2	0	642933	0	
2016-Jan-05 11:36:14	PI_4	516	2	2	1405754	0	0,1
2016-Jan-05 11:36:16	PI_4	517	2	0	642933	0	
2016-Jan-05 11:36:18	PI_4	518	2	0	642933	0	
2016-Jan-05 11:36:20	PI_4	519	2	0	642933	0	
2016-Jan-05 11:36:22	PI_4	520	2	0	642933	0	
2016-Jan-05 11:36:24	PI_4	521	2	0	642933	0	
2016-Jan-05 11:36:26	PI_4	522	2	2	1405754	0	0,1
2016-Jan-05 11:36:28	PI_4	523	2	0	642933	0	
2016-Jan-05 11:36:30	PI_4	524	2	2	1405754	0	0,1
2016-Jan-05 11:36:32	PI_4	525	2	0	642933	0	
2016-Jan-05 11:36:34	PI_4	526	2	0	642933	0	
2016-Jan-05 11:36:36	PI_4	527	2	2	1405754	0	0,1
2016-Jan-05 11:36:38	PI_4	528	2	0	642933	0	
2016-Jan-05 11:36:40	PI_4	529	2	0	642933	0	
2016-Jan-05 11:36:42	PI_4	530	2	2	1405754	0	0,1
2016-Jan-05 11:36:44	PI_4	531	2	0	642933	0	
2016-Jan-05 11:36:46	PI_4	532	2	0	642933	0	
2016-Jan-05 11:36:48	PI_4	533	2	0	642933	0	
2016-Jan-05 11:36:50	PI_4	534	2	0	642933	0	
2016-Jan-05 11:36:52	PI_4	535	2	0	642933	0	
2016-Jan-05 11:36:54	PI_4	536	2	0	642933	0	
2016-Jan-05 11:36:56	PI_4	537	2	0	642933	0	
2016-Jan-05 11:36:58	PI_4	538	2	0	642933	0	
2016-Jan-05 11:37:00	PI_4	539	2	0	642933	0	
2016-Jan-05 11:37:02	PI_4	540	2	0	642933	0	
2016-Jan-05 11:37:04	PI_4	541	2	0	642933	0	
2016-Jan-05 11:37:06	PI_4	542	2	0	642933	0	
2016-Jan-05 11:37:08	PI_4	543	2	0	642933	0	
2016-Jan-05 11:37:10	PI_4	544	2	0	642933	0	
2016-Jan-05 11:37:12	PI_4	545	2	0	642933	0	
2016-Jan-05 11:37:14	PI_4	546	2	0	642933	0	
2016-Jan-05 11:37:16	PI_4	547	2	0	642933	0	
2016-Jan-05 11:37:18	PI_4	548	2	2	1405754	0	0,1
2016-Jan-05 11:37:20	PI_4	549	2	0	642933	0	
2016-Jan-05 11:37:22	PI_4	550	2	0	642933	0	
2016-Jan-05 11:37:24	PI_4	551	2	0	642933	0	
2016-Jan-05 11:37:26	PI_4	552	2	0	642933	0	
2016-Jan-05 11:37:28	PI_4	553	2	2	1405754	0	0,1
2016-Jan-05 11:37:30	PI_4	554	2	0	642933	0	
2016-Jan-05 11:37:32	PI_4	555	2	0	642933	0	
2016-Jan-05 11:37:34	PI_4	556	2	2	1405754	0	0,1
2016-Jan-05 11:37:36	PI_4	557	2	0	642933	0	
2016-Jan-05 11:37:38	PI_4	558	2	0	642933	0	
2016-Jan-05 11:37:40	PI_4	559	2	0	642933	0	
2016-Jan-05 11:37:42	PI_4	560	2	0	642933	0	
2016-Jan-05 11:37:44	PI_4	561	2	2	1405754	0	0,1
2016-Jan-05 11:37:46	PI_4	562	2	0	642933	0	
2016-Jan-05 11:37:48	PI_4	563	2	0	642933	0	
2016-Jan-05 11:37:50	PI_4	564	2	0	642933	0	
2016-Jan-05 11:37:52	PI_4	565	2	2	1405754	0	0,1
2016-Jan-05 11:37:54	PI_4	566	2	2	1405754	0	0,1
2016-Jan-05 11:37:56	PI_4	567	2	2	1405754	0	0,1
2016-Jan-05 11:37:58	PI_4	568	2	0	642933	0	
2016-Jan-05 11:38:00	PI_4	569	2	2	1405754	0	0,1
2016-Jan-05 11:38:02	PI_4	570	2	0	642933	0	
2016-Jan-05 11:38:04	PI_4	571	2	2	1405754	0	0,1
2016-Jan-05 11:38:06	PI_4	572	2	0	642933	0	
2016-Jan-05 11:38:08	PI_4	573	2	2	1405754	0	0,1
2016-Jan-05 11:38:10	PI_4	574	2	0	642933	0	
2016-Jan-05 11:38:12	PI_4	575	2	2	1405754	0	0,1
2016-Jan-05 11:38:14	PI_4	576	2	2	1405754	0	0,1
2016-Jan-05 11:38:16	PI_4	577	2	0	642933	0	
2016-Jan-05 11:38:18	PI_4	578	2	2	1405754	0	0,1
2016-Jan-05 11:38:20	PI_4	579	2	0	642933	0	
2016-Jan-05 11:38:22	PI_4	580	2	2	1405754	0	0,1
2016-Jan-05 11:38:24	PI_4	581	2	2	1405754	0	0,1
2016-Jan-05 11:38:26	PI_4	582	2	0	642933	0	
2016-Jan-05 11:38:28	PI_4	583	2	0	642933	0	
2016-Jan-05 11:38:30	PI_4	584	2	0	642933	0	
2016-Jan-05 11:38:32	PI_4	585	2	2	1405754	0	0,1
2016-Jan-05 11:38:34	PI_4	586	2	0	642933	0	
2016-Jan-05 11:38:36	PI_4	587	2	0	642933	0	
2016-Jan-05 11:38:38	PI_4	588	2	0	642933	0	
2016-Jan-05 11:38:40	PI_4	589	2	0	642933	0	
2016-Jan-05 11:38:42	PI_4	590	2	0	642933	0	
2016-Jan-05 11:38:44	PI_4	591	2	0	642933	0	
2016-Jan-05 11:38:46	PI_4	592	2	2	1405754	0	0,1
2016-Jan-05 11:38:48	PI_4	593	2	0	642933	0	
2016-Jan-05 11:38:50	PI_4	594	2	2	1405754	0	0,1
2016-Jan-05 11:38:52	PI_4	595	2	1	997955	0	0
2016-Jan-05 11:38:54	PI_4	596	2	2	1405754	0	0,1
2016-Jan-05 11:38:56	PI_4	597	2	0	642933	0	
2016-Jan-05 11:38:58	PI_4	598	2	2	1405754	0	0,1
2016-Jan-05 11:39:00	PI_4	599	2	2	1405754	0	0,1
2016-Jan-05 11:39:02	PI_4	600	2	2	1405754	0	0,1
2016-Jan-05 11:39:04	PI_4	601	2	0	642933	0	
2016-Jan-05 11:39:06	PI_4	602	2	2	1405754	0	0,1
2016-Jan-05 11:39:08	PI_4	603	2	2	1405754	0	0,1
2016-Jan-05 11:39:10	PI_4	604	2	0	642933	0	
2016-Jan-05 11:39:12	PI_4	605	2	2	1405754	0	0,1
2016-Jan-05 11:39:14	PI_4	606	2	2	1405754	0	0,1
2016-Jan-05 11:39:16	PI_4	607	2	2	1405754	0	0,1
2016-Jan-05 11:39:18	PI_4	608	2	0	642933	0	
2016-Jan-05 11:39:20	PI_4	609	2	2	1405754	0	0,1
2016-Jan-05 11:39:22	PI_4	610	2	2	1405754	0	0,1
2016-Jan-05 11:39:24	PI_4	611	2	0	642933	0	
2016-Jan-05 11:39:26	PI_4	612	2	2	1405754	0	0,1
2016-Jan-05 11:39:28	PI_4	613	2	2	1405754	0	0,1
2016-Jan-05 11:39:30	PI_4	614	2	1	997955	0	0
2016-Jan-05 11:39:32	PI_4	615	2	1	997955	0	0
2016-Jan-05 11:39:34	PI_4	616	2	2	1405754	0	0,1
2016-Jan-05 11:39:36	PI_4	617	2	1	997955	0	0
2016-Jan-05 11:39:38	PI_4	618	2	2	1405754	0	0,1
2016-Jan-05 11:39:40	PI_4	619	2	2	1405754	0	0,1
2016-Jan-05 11:39:42	PI_4	620	2	2	1405754	0	0,1
2016-Jan-05 11:39:44	PI_4	621	2	2	1405754	0	0,1
2016-Jan-05 11:39:46	PI_4	622	2	0	642933	0	
2016-Jan-05 11:39:48	PI_4	623	2	2	1405754	0	0,1
2016-Jan-05 11:39:50	PI_4	624	2	0	642933	0	
2016-Jan-05 11:39:52	PI_4	625	2	2	1405754	0	0,1
2016-Jan-05 11:39:54	PI_4	626	2	0	642933	0	
2016-Jan-05 11:39:56	PI_4	627	2	0	642933	0	
2016-Jan-05 11:39:58	PI_4	628	2	0	642933	0	
2016-Jan-05 11:40:00	PI_4	629	2	2	1405754	0	0,1
2016-Jan-05 11:40:02	PI_4	630	2	0	642933	0	
2016-Jan-05 11:40:04	PI_4	631	2	0	642933	0	
2016-Jan-05 11:40:06	PI_4	632	2	0	642933	0	
2016-Jan-05 11:40:08	PI_4	633	2	0	642933	0	
2016-Jan-05 11:40:10	PI_4	634	2	2	1405754	0	0,1
2016-Jan-05 11:40:12	PI_4	635	2	0	642933	0	
2016-Jan-05 11:40:14	PI_4	636	2	0	642933	0	
2016-Jan-05 11:40:16	PI_4	637	2	0	642933	0	
2016-Jan-05 11:40:18	PI_4	638	2	2	1405754	0	0,1
2016-Jan-05 11:40:20	PI_4	639	2	0	642933	0	
2016-Jan-05 11:40:22	PI_4	640	2	0	642933	0	
2016-Jan-05 11:40:24	PI_4	641	2	2	1405754	0	0,1
2016-Jan-05 11:40:26	PI_4	642	2	0	642933	0	
2016-Jan-05 11:40:28	PI_4	643	2	0	642933	0	
2016-Jan-05 11:40:30	PI_4	644	2	2	1405754	0	0,1
2016-Jan-05 11:40:32	PI_4	645	2	0	642933	0	
2016-Jan-05 11:40:34	PI_4	646	2	0	642933	0	
2016-Jan-05 11:40:36	PI_4	647	2	0	642933	0	
2016-Jan-05 11:40:38	PI_4	648	2	2	1405754	0	0,1
2016-Jan-05 11:40:40	PI_4	649	2	2	1405754	0	0,1
2016-Jan-05 11:40:42	PI_4	650	2	1	997955	0	0
2016-Jan-05 11:40:44	PI_4	651	2	1	997955	0	0
2016-Jan-05 11:40:46	PI_4	652	2	1	997955	0	0
2016-Jan-05 11:40:48	PI_4	653	2	0	642933	0	
2016-Jan-05 11:40:50	PI_4	654	2	1	997955	0	0
2016-Jan-05 11:40:52	PI_4	655	2	2	1405754	0	0,1
2016-Jan-05 11:40:54	PI_4	656	2	2	1405754	0	0,1
2016-Jan-05 11:40:56	PI_4	657	2	2	1405754	0	0,1
2016-Jan-05 11:40:58	PI_4	658	2	2	1405754	0	0,1
2016-Jan-05 11:41:00	PI_4	659	2	2	1405754	0	0,1
2016-Jan-05 11:41:02	PI_4	660	2	2	1405754	0	0,1
2016-Jan-05 11:41:04	PI_4	661	2	0	642933	0	
2016-Jan-05 11:41:06	PI_4	662	2	2	1405754	0	0,1
2016-Jan-05 11:41:08	PI_4	663	2	2	1405754	0	0,1
2016-Jan-05 11:41:10	PI_4	664	2	2	1405754	0	0,1
2016-Jan-05 11:41:12	PI_4	665	2	1	997955	0	0
2016-Jan-05 11:41:14	PI_4	666	2	0	642933	0	
2016-Jan-05 11:41:16	PI_4	667	2	1	997955	0	0
2016-Jan-05 11:41:18	PI_4	668	2	1	997955	0	0
2016-Jan-05 11:41:20	PI_4	669	2	2	1405754	0	0,1
2016-Jan-05 11:41:22	PI_4	670	2	1	997955	0	0
2016-Jan-05 11:41:24	PI_4	671	2	2	1405754	0	0,1
2016-Jan-05 11:41:26	PI_4	672	2	0	642933	0	
2016-Jan-05 11:41:28	PI_4	673	2	0	642933	0	
2016-Jan-05 11:41:30	PI_4	674	2	2	1405754	0	0,1
2016-Jan-05 11:41:32	PI_4	675	2	2	1405754	0	0,1
2016-Jan-05 11:41:34	PI_4	676	2	0	642933	0	
2016-Jan-05 11:41:36	PI_4	677	2	0	642933	0	
2016-Jan-05 11:41:38	PI_4	678	2	2	1405754	0	0,1
2016-Jan-05 11:41:40	PI_4	679	2	2	1405754	0	0,1
2016-Jan-05 11:41:42	PI_4	680	2	0	642933	0	
2016-Jan-05 11:41:44	PI_4	681	2	2	1405754	0	0,1
2016-Jan-05 11:41:46	PI_4	682	2	0	642933	0	
2016-Jan-05 11:41:48	PI_4	683	2	2	1405754	0	0,1
2016-Jan-05 11:41:50	PI_4	684	2	0	642933	0	
2016-Jan-05 11:41:52	PI_4	685	2	0	642933	0	
2016-Jan-05 11:41:54	PI_4	686	2	2	1405754	0	0,1
2016-Jan-05 11:41:56	PI_4	687	2	0	642933	0	
2016-Jan-05 11:41:58	PI_4	688	2	0	642933	0	
2016-Jan-05 11:42:00	PI_4	689	2	0	642933	0	
2016-Jan-05 11:42:02	PI_4	690	2	0	642933	0	
2016-Jan-05 11:42:04	PI_4	691	2	0	642933	0	
2016-Jan-05 11:42:06	PI_4	692	2	2	1405754	0	0,1
2016-Jan-05 11:42:08	PI_4	693	2	0	642933	0	
2016-Jan-05 11:42:10	PI_4	694	2	0	642933	0	
2016-Jan-05 11:42:12	PI_4	695	2	0	642933	0	
2016-Jan-05 11:42:14	PI_4	696	2	0	642933	0	
2016-Jan-05 11:42:16	PI_4	697	2	2	1405754	0	0,1
2016-Jan-05 11:42:18	PI_4	698	2	0	642933	0	
2016-Jan-05 11:42:20	PI_4	699	2	2	1405754	0	0,1
2016-Jan-05 11:42:22	PI_4	700	2	0	642933	0	
2016-Jan-05 11:42:24	PI_4	701	2	2	1405754	0	0,1
2016-Jan-05 11:42:26	PI_4	702	2	0	642933	0	
2016-Jan-05 11:42:28	PI_4	703	2	2	1405754	0	0,1
2016-Jan-05 11:42:30	PI_4	704	2	0	642933	0	
2016-Jan-05 11:42:32	PI_4	705	2	2	1405754	0	0,1
2016-Jan-05 11:42:34	PI_4	706	2	2	1405754	0	0,1
2016-Jan-05 11:42:36	PI_4	707	2	2	1405754	0	0,1
2016-Jan-05 11:42:38	PI_4	708	2	0	642933	0	
2016-Jan-05 11:42:40	PI_4	709	2	2	1405754	0	0,1
2016-Jan-05 11:42:42	PI_4	710	2	2	1405754	0	0,1
2016-Jan-05 11:42:44	PI_4	711	2	0	642933	0	
2016-Jan-05 11:42:46	PI_4	712	2	1	997955	0	0
2016-Jan-05 11:42:48	PI_4	713	2	2	1405754	0	0,1
2016-Jan-05 11:42:50	PI_4	714	2	1	997955	0	0
2016-Jan-05 11:42:52	PI_4	715	2	1	997955	0	0
2016-Jan-05 11:42:54	PI_4	716	2	1	997955	0	0
2016-Jan-05 11:42:56	PI_4	717	2	2	1405754	0	0,1
2016-Jan-05 11:42:58	PI_4	718	2	1	997955	0	0
2016-Jan-05 11:43:00	PI_4	719	2	2	1405754	0	0,1
2016-Jan-05 11:43:02	PI_4	720	2	0	642933	0	
2016-Jan-05 11:43:04	PI_4	721	2	0	642933	0	
2016-Jan-05 11:43:06	PI_4	722	2	2	1405754	0	0,1
2016-Jan-05 11:43:08	PI_4	723	2	0	642933	0	
2016-Jan-05 11:43:10	PI_4	724	2	0	642933	0	
2016-Jan-05 11:43:12	PI_4	725	2	0	642933	0	
2016-Jan-05 11:43:14	PI_4	726	2	2	1405754	0	0,1
2016-Jan-05 11:43:16	PI_4	727	2	0	642933	0	
2016-Jan-05 11:43:18	PI_4	728	2	2	1405754	0	0,1
2016-Jan-05 11:43:20	PI_4	729	2	2	1405754	0	0,1
2016-Jan-05 11:43:22	PI_4	730	2	0	642933	0	
2016-Jan-05 11:43:24	PI_4	731	2	2	1405754	0	0,1
2016-Jan-05 11:43:26	PI_4	732	2	0	642933	0	
2016-Jan-05 11:43:28	PI_4	733	2	2	1405754	0	0,1
2016-Jan-05 11:43:30	PI_4	734	2	2	1405754	0	0,1
2016-Jan-05 11:43:32	PI_4	735	2	2	1405754	0	0,1
2016-Jan-05 11:43:34	PI_4	736	2	0	642933	0	
2016-Jan-05 11:43:36	PI_4	737	2	2	1405754	0	0,1
2016-Jan-05 11:43:38	PI_4	738	2	0	642933	0	
2016-Jan-05 11:43:40	PI_4	739	2	2	1405754	0	0,1
2016-Jan-05 11:43:42	PI_4	740	2	1	997955	0	0
2016-Jan-05 11:43:44	PI_4	741	2	2	1405754	0	0,1
2016-Jan-05 11:43:46	PI_4	742	2	0	642933	0	
2016-Jan-05 11:43:48	PI_4	743	2	0	642933	0	
2016-Jan-05 11:43:50	PI_4	744	2	2	1405754	0	0,1
2016-Jan-05 11:43:52	PI_4	745	2	0	642933	0	
2016-Jan-05 11:43:54	PI_4	746	2	0	642933	0	
2016-Jan-05 11:43:56	PI_4	747	2	0	642933	0	
2016-Jan-05 11:43:58	PI_4	748	2	2	1405754	0	0,1
2016-Jan-05 11:44:00	PI_4	749	2	0	642933	0	
2016-Jan-05 11:44:02	PI_4	750	2	0	642933	0	
2016-Jan-05 11:44:04	PI_4	751	2	2	1405754	0	0,1
2016-Jan-05 11:44:06	PI_4	752	2	0	642933	0	
2016-Jan-05 11:44:08	PI_4	753	2	0	642933	0	
2016-Jan-05 11:44:10	PI_4	754	2	0	642933	0	
2016-Jan-05 11:44:12	PI_4	755	2	0	642933	0	
2016-Jan-05 11:44:14	PI_4	756	2	0	642933	0	
2016-Jan-05 11:44:16	PI_4	757	2	0	642933	0	
2016-Jan-05 11:44:18	PI_4	758	2	0	642933	0	
2016-Jan-05 11:44:20	PI_4	759	2	2	1405754	0	0,1
2016-Jan-05 11:44:22	PI_4	760	2	0	642933	0	
2016-Jan-05 11:44:24	PI_4	761	2	0	642933	0	
2016-Jan-05 11:44:26	PI_4	762	2	2	1405754	0	0,1
2016-Jan-05 11:44:28	PI_4	763	2	0	642933	0	
2016-Jan-05 11:44:30	PI_4	764	2	0	642933	0	
2016-Jan-05 11:44:32	PI_4	765	2	2	1405754	0	0,1
2016-Jan-05 11:44:34	PI_4	766	2	0	642933	0	
2016-Jan-05 11:44:36	PI_4	767	2	0	642933	0	
2016-Jan-05 11:44:38	PI_4	768	2	0	642933	0	
2016-Jan-05 11:44:40	PI_4	769	2	2	1405754	0	0,1
2016-Jan-05 11:44:42	PI_4	770	2	1	997955	0	0
2016-Jan-05 11:44:44	PI_4	771	2	2	1405754	0	0,1
2016-Jan-05 11:44:46	PI_4	772	2	0	642933	0	
2016-Jan-05 11:44:48	PI_4	773	2	2	1405754	0	0,1
2016-Jan-05 11:44:50	PI_4	774	2	0	642933	0	
2016-Jan-05 11:44:52	PI_4	775	2	2	1405754	0	0,1
2016-Jan-05 11:44:54	PI_4	776	2	0	642933	0	
2016-Jan-05 11:44:56	PI_4	777	2	2	1405754	0	0,1
2016-Jan-05 11:44:58	PI_4	778	2	2	1405754	0	0,1
2016-Jan-05 11:45:00	PI_4	779	2	0	642933	0	
2016-Jan-05 11:45:02	PI_4	780	2	1	997955	0	0
2016-Jan-05 11:45:04	PI_4	781	2	1	997955	0	0
2016-Jan-05 11:45:06	PI_4	782	2	2	1405754	0	0,1
2016-Jan-05 11:45:08	PI_4	783	2	1	997955	0	0
2016-Jan-05 11:45:10	PI_4	784	2	2	1405754	0	0,1
2016-Jan-05 11:45:12	PI_4	785	2	2	1405754	0	0,1
2016-Jan-05 11:45:14	PI_4	786	2	0	642933	0	
2016-Jan-05 11:45:16	PI_4	787	2	2	1405754	0	0,1
2016-Jan-05 11:45:18	PI_4	788	2	0	642933	0	
2016-Jan-05 11:45:20	PI_4	789	2	0	642933	0	
2016-Jan-05 11:45:22	PI_4	790	2	0	642933	0	
2016-Jan-05 11:45:24	PI_4	791	2	2	1405754	0	0,1
2016-Jan-05 11:45:26	PI_4	792	2	0	642933	0	
2016-Jan-05 11:45:28	PI_4	793	2	0	642933	0	
2016-Jan-05 11:45:30	PI_4	794	2	0	642933	0	
2016-Jan-05 11:45:32	PI_4	795	2	0	642933	0	
2016-Jan-05 11:45:34	PI_4	796	2	0	642933	0	
2016-Jan-05 11:45:36	PI_4	797	2	0	642933	0	
2016-Jan-05 11:45:38	PI_4	798	2	2	1405754	0	0,1
2016-Jan-05 11:45:40	PI_4	799	2	0	642933	0	
2016-Jan-05 11:45:42	PI_4	800	2	2	1405754	0	0,1
2016-Jan-05 11:45:44	PI_4	801	2	0	642933	0	
2016-Jan-05 11:45:46	PI_4	802	2	2	1405754	0	0,1
2016-Jan-05 11:45:48	PI_4	803	2	0	642933	0	
2016-Jan-05 11:45:50	PI_4	804	2	2	1405754	0	0,1
2016-Jan-05 11:45:52	PI_4	805	2	0	642933	0	
2016-Jan-05 11:45:54	PI_4	806	2	2	1405754	0	0,1
2016-Jan-05 11:45:56	PI_4	807	2	2	1405754	0	0,1
2016-Jan-05 11:45:58	PI_4	808	2	0	642933	0	
2016-Jan-05 11:46:00	PI_4	809	2	0	642933	0	
2016-Jan-05 11:46:02	PI_4	810	2	0	642933	0	
2016-Jan-05 11:46:04	PI_4	811	2	2	1405754	0	0,1
2016-Jan-05 11:46:06	PI_4	812	2	0	642933	0	
2016-Jan-05 11:46:08	PI_4	813	2	0	642933	0	
2016-Jan-05 11:46:10	PI_4	814	2	0	642933	0	
2016-Jan-05 11:46:12	PI_4	815	2	2	1405754	0	0,1
2016-Jan-05 11:46:14	PI_4	816	2	0	642933	0	
2016-Jan-05 11:46:16	PI_4	817	2	0	642933	0	
2016-Jan-05 11:46:18	PI_4	818	2	2	1405754	0	0,1
2016-Jan-05 11:46:20	PI_4	819	2	0	642933	0	
2016-Jan-05 11:46:22	PI_4	820	2	2	1405754	0	0,1
2016-Jan-05 11:46:24	PI_4	821	2	0	642933	0	
2016-Jan-05 11:46:26	PI_4	822	2	2	1405754	0	0,1
2016-Jan-05 11:46:28	PI_4	823	2	2	1405754	0	0,1
2016-Jan-05 11:46:30	PI_4	824	2	0	642933	0	
2016-Jan-05 11:46:32	PI_4	825	2	0	642933	0	
2016-Jan-05 11:46:34	PI_4	826	2	2	1405754	0	0,1
2016-Jan-05 11:46:36	PI_4	827	2	0	642933	0	
2016-Jan-05 11:46:38	PI_4	828	2	0	642933	0	
2016-Jan-05 11:46:40	PI_4	829	2	0	642933	0	
2016-Jan-05 11:46:42	PI_4	830	2	2	1405754	0	0,1
2016-Jan-05 11:46:44	PI_4	831	2	0	642933	0	
2016-Jan-05 11:46:46	PI_4	832	2	2	1405754	0	0,1
2016-Jan-05 11:46:48	PI_4	833	2	0	642933	0	
2016-Jan-05 11:46:50	PI_4	834	2	0	642933	0	
2016-Jan-05 11:46:52	PI_4	835	2	0	642933	0	
2016-Jan-05 11:46:54	PI_4	836	2	2	1405754	0	0,1
2016-Jan-05 11:46:56	PI_4	837	2	2	1405754	0	0,1
2016-Jan-05 11:46:58	PI_4	838	2	0	642933	0	
2016-Jan-05 11:47:00	PI_4	839	2	2	1405754	0	0,1
2016-Jan-05 11:47:02	PI_4	840	2	2	1405754	0	0,1
2016-Jan-05 11:47:04	PI_4	841	2	0	642933	0	
2016-Jan-05 11:47:06	PI_4	842	2	2	1405754	0	0,1
2016-Jan-05 11:47:08	PI_4	843	2	2	1405754	0	0,1
2016-Jan-05 11:47:10	PI_4	844	2	0	642933	0	
2016-Jan-05 11:47:12	PI_4	845	2	2	1405754	0	0,1
2016-Jan-05 11:47:14	PI_4	846	2	2	1405754	0	0,1
2016-Jan-05 11:47:16	PI_4	847	2	1	997955	0	0
2016-Jan-05 11:47:18	PI_4	848	2	1	997955	0	0
2016-Jan-05 11:47:20	PI_4	849	2	1	997955	0	0
2016-Jan-05 11:47:22	PI_4	850	2	1	997955	0	0
2016-Jan-05 11:47:24	PI_4	851	2	1	997955	0	0
2016-Jan-05 11:47:26	PI_4	852	2	1	997955	0	0
2016-Jan-05 11:47:28	PI_4	853	2	1	997955	0	0
2016-Jan-05 11:47:30	PI_4	854	2	1	997955	0	0
2016-Jan-05 11:47:32	PI_4	855	2	1	997955	0	0
2016-Jan-05 11:47:34	PI_4	856	2	2	1405754	0	0,1
2016-Jan-05 11:47:36	PI_4	857	2	1	997955	0	0
2016-Jan-05 11:47:38	PI_4	858	2	0	642933	0	
2016-Jan-05 11:47:40	PI_4	859	2	0	642933	0	
2016-Jan-05 11:47:42	PI_4	860	2	0	642933	0	
2016-Jan-05 11:47:44	PI_4	861	2	0	642933	0	
2016-Jan-05 11:47:46	PI_4	862	2	0	642933	0	
2016-Jan-05 11:47:48	PI_4	863	2	0	642933	0	
2016-Jan-05 11:47:50	PI_4	864	2	0	642933	0	
2016-Jan-05 11:47:52	PI_4	865	2	0	642933	0	
2016-Jan-05 11:47:54	PI_4	866	2	2	1405754	0	0,1
2016-Jan-05 11:47:56	PI_4	867	2	0	642933	0	
2016-Jan-05 11:47:58	PI_4	868	2	2	1405754	0	0,1
2016-Jan-05 11:48:00	PI_4	869	2	2	1405754	0	0,1
2016-Jan-05 11:48:02	PI_4	870	2	0	642933	0	
2016-Jan-05 11:48:04	PI_4	871	2	2	1405754	0	0,1
2016-Jan-05 11:48:06	PI_4	872	2	0	642933	0	
2016-Jan-05 11:48:08	PI_4	873	2	1	997955	0	0
2016-Jan-05 11:48:10	PI_4	874	2	2	1405754	0	0,1
2016-Jan-05 11:48:12	PI_4	875	2	1	997955	0	0
2016-Jan-05 11:48:14	PI_4	876	2	1	997955	0	0
2016-Jan-05 11:48:16	PI_4	877	2	2	1405754	0	0,1
2016-Jan-05 11:48:18	PI_4	878	2	1	997955	0	0
2016-Jan-05 11:48:20	PI_4	879	2	1	997955	0	0
2016-Jan-05 11:48:22	PI_4	880	2	2	1405754	0	0,1
2016-Jan-05 11:48:24	PI_4	881	2	1	997955	0	0
2016-Jan-05 11:48:26	PI_4	882	2	1	997955	0	0
2016-Jan-05 11:48:28	PI_4	883	2	1	997955	0	0
2016-Jan-05 11:48:30	PI_4	884	2	2	1405754	0	0,1
2016-Jan-05 11:48:32	PI_4	885	2	1	997955	0	0
2016-Jan-05 11:48:34	PI_4	886	2	2	1405754	0	0,1
2016-Jan-05 11:48:36	PI_4	887	2	0	642933	0	
2016-Jan-05 11:48:38	PI_4	888	2	2	1405754	0	0,1
2016-Jan-05 11:48:40	PI_4	889	2	0	642933	0	
2016-Jan-05 11:48:42	PI_4	890	2	0	642933	0	
2016-Jan-05 11:48:44	PI_4	891	2	0	642933	0	
2016-Jan-05 11:48:46	PI_4	892	2	0	642933	0	
2016-Jan-05 11:48:48	PI_4	893	2	2	1405754	0	0,1
2016-Jan-05 11:48:50	PI_4	894	2	0	642933	0	
2016-Jan-05 11:48:52	PI_4	895	2	0	642933	0	
2016-Jan-05 11:48:54	PI_4	896	2	2	1405754	0	0,1
2016-Jan-05 11:48:56	PI_4	897	2	0	642933	0	
2016-Jan-05 11:48:58	PI_4	898	2	2	1405754	0	0,1
2016-Jan-05 11:49:00	PI_4	899	2	0	642933	0	
2016-Jan-05 11:49:02	PI_4	900	2	0	642933	0	
2016-Jan-05 11:49:04	PI_4	901	2	0	642933	0	
2016-Jan-05 11:49:06	PI_4	902	2	2	1405754	0	0,1
2016-Jan-05 11:49:08	PI_4	903	2	0	642933	0	
2016-Jan-05 11:49:10	PI_4	904	2	0	642933	0	
2016-Jan-05 11:49:12	PI_4	905	2	0	642933	0	
2016-Jan-05 11:49:14	PI_4	906	2	2	1405754	0	0,1
2016-Jan-05 11:49:16	PI_4	907	2	0	642933	0	
2016-Jan-05 11:49:18	PI_4	908	2	2	1405754	0	0,1
2016-Jan-05 11:49:20	PI_4	909	2	2	1405754	0	0,1
2016-Jan-05 11:49:22	PI_4	910	2	2	1405754	0	0,1
2016-Jan-05 11:49:24	PI_4	911	2	0	642933	0	
2016-Jan-05 11:49:26	PI_4	912	2	2	1405754	0	0,1
2016-Jan-05 11:49:28	PI_4	913	2	0	642933	0	
2016-Jan-05 11:49:30	PI_4	914	2	2	1405754	0	0,1
2016-Jan-05 11:49:32	PI_4	915	2	0	642933	0	
2016-Jan-05 11:49:34	PI_4	916	2	1	997955	0	0
2016-Jan-05 11:49:36	PI_4	917	2	0	642933	0	
2016-Jan-05 11:49:38	PI_4	918	2	0	642933	0	
2016-Jan-05 11:49:40	PI_4	919	2	0	642933	0	
2016-Jan-05 11:49:42	PI_4	920	2	0	642933	0	
2016-Jan-05 11:49:44	PI_4	921	2	0	642933	0	
2016-Jan-05 11:49:46	PI_4	922	2	0	642933	0	
2016-Jan-05 11:49:48	PI_4	923	2	0	642933	0	
2016-Jan-05 11:49:50	PI_4	924	2	2	1405754	0	0,1
2016-Jan-05 11:49:52	PI_4	925	2	0	642933	0	
2016-Jan-05 11:49:54	PI_4	926	2	2	1405754	0	0,1
2016-Jan-05 11:49:56	PI_4	927	2	0	642933	0	
2016-Jan-05 11:49:58	PI_4	928	2	0	642933	0	
2016-Jan-05 11:50:00	PI_4	929	2	2	1405754	0	0,1
2016-Jan-05 11:50:02	PI_4	930	2	0	642933	0	
2016-Jan-05 11:50:04	PI_4	931	2	0	642933	0	
2016-Jan-05 11:50:06	PI_4	932	2	0	642933	0	
2016-Jan-05 11:50:08	PI_4	933	2	2	1405754	0	0,1
2016-Jan-05 11:50:10	PI_4	934	2	0	642933	0	
2016-Jan-05 11:50:12	PI_4	935	2	0	642933	0	
2016-Jan-05 11:50:14	PI_4	936	2	0	642933	0	
2016-Jan-05 11:50:16	PI_4	937	2	0	642933	0	
2016-Jan-05 11:50:18	PI_4	938	2	0	642933	0	
2016-Jan-05 11:50:20	PI_4	939	2	0	642933	0	
2016-Jan-05 11:50:22	PI_4	940	2	0	642933	0	
2016-Jan-05 11:50:24	PI_4	941	2	0	642933	0	
2016-Jan-05 11:50:26	PI_4	942	2	0	642933	0	
2016-Jan-05 11:50:28	PI_4	943	2	2	1405754	0	0,1
2016-Jan-05 11:50:30	PI_4	944	2	0	642933	0	
2016-Jan-05 11:50:32	PI_4	945	2	0	642933	0	
2016-Jan-05 11:50:34	PI_4	946	2	0	642933	0	
2016-Jan-05 11:50:36	PI_4	947	2	0	642933	0	
2016-Jan-05 11:50:38	PI_4	948	2	0	642933	0	
2016-Jan-05 11:50:40	PI_4	949	2	0	642933	0	
2016-Jan-05 11:50:42	PI_4	950	2	0	642933	0	
2016-Jan-05 11:50:44	PI_4	951	2	0	642933	0	
2016-Jan-05 11:50:46	PI_4	952	2	0	642933	0	
2016-Jan-05 11:50:48	PI_4	953	2	0	642933	0	
2016-Jan-05 11:50:50	PI_4	954	2	2	1405754	0	0,1
2016-Jan-05 11:50:52	PI_4	955	2	0	642933	0	
2016-Jan-05 11:50:54	PI_4	956	2	0	642933	0	
2016-Jan-05 11:50:56	PI_4	957	2	0	642933	0	
2016-Jan-05 11:50:58	PI_4	958	2	2	1405754	0	0,1
2016-Jan-05 11:51:00	PI_4	959	2	0	642933	0	
2016-Jan-05 11:51:02	PI_4	960	2	2	1405754	0	0,1
2016-Jan-05 11:51:04	PI_4	961	2	0	642933	0	
2016-Jan-05 11:51:06	PI_4	962	2	0	642933	0	
2016-Jan-05 11:51:08	PI_4	963	2	2	1405754	0	0,1
2016-Jan-05 11:51:10	PI_4	964	2	2	1405754	0	0,1
2016-Jan-05 11:51:12	PI_4	965	2	0	642933	0	
2016-Jan-05 11:51:14	PI_4	966	2	0	642933	0	
2016-Jan-05 11:51:16	PI_4	967	2	2	1405754	0	0,1
2016-Jan-05 11:51:18	PI_4	968	2	0	642933	0	
2016-Jan-05 11:51:20	PI_4	969	2	0	642933	0	
2016-Jan-05 11:51:22	PI_4	970	2	2	1405754	0	0,1
2016-Jan-05 11:51:24	PI_4	971	2	0	642933	0	
2016-Jan-05 11:51:26	PI_4	972	2	2	1405754	0	0,1
2016-Jan-05 11:51:28	PI_4	973	2	1	997955	0	0
2016-Jan-05 11:51:30	PI_4	974	2	2	1405754	0	0,1
2016-Jan-05 11:51:32	PI_4	975	2	1	997955	0	0
2016-Jan-05 11:51:34	PI_4	976	2	2	1405754	0	0,1
2016-Jan-05 11:51:36	PI_4	977	2	1	997955	0	0
2016-Jan-05 11:51:38	PI_4	978	2	2	1405754	0	0,1
2016-Jan-05 11:51:40	PI_4	979	2	2	1405754	0	0,1
2016-Jan-05 11:51:42	PI_4	980	2	2	1405754	0	0,1
2016-Jan-05 11:51:44	PI_4	981	2	0	642933	0	
2016-Jan-05 11:51:46	PI_4	982	2	2	1405754	0	0,1
2016-Jan-05 11:51:49	PI_4	983	2	1	997955	0	0
2016-Jan-05 11:51:51	PI_4	984	2	2	1405754	0	0,1
2016-Jan-05 11:51:53	PI_4	985	2	1	997955	0	0
2016-Jan-05 11:51:55	PI_4	986	2	2	1405754	0	0,1
2016-Jan-05 11:51:57	PI_4	987	2	2	1405754	0	0,1
2016-Jan-05 11:51:59	PI_4	988	2	2	1405754	0	0,1
2016-Jan-05 11:52:01	PI_4	989	2	0	642933	0	
2016-Jan-05 11:52:03	PI_4	990	2	2	1405754	0	0,1
2016-Jan-05 11:52:05	PI_4	991	2	2	1405754	0	0,1
2016-Jan-05 11:52:07	PI_4	992	2	2	1405754	0	0,1
2016-Jan-05 11:52:09	PI_4	993	2	1	997955	0	0
2016-Jan-05 11:52:11	PI_4	994	2	2	1405754	0	0,1
2016-Jan-05 11:52:13	PI_4	995	2	0	642933	0	
2016-Jan-05 11:52:15	PI_4	996	2	2	1405754	0	0,1
2016-Jan-05 11:52:17	PI_4	997	2	2	1405754	0	0,1
2016-Jan-05 11:52:19	PI_4	998	2	0	642933	0	
2016-Jan-05 11:52:21	PI_4	999	2	2	1405754	0	0,1
2016-Jan-05 11:52:23	PI_4	1000	2	0	642933	0	
2016-Jan-05 11:52:25	PI_4	1001	2	2	1405754	0	0,1
2016-Jan-05 11:52:27	PI_4	1002	2	0	642933	0	
2016-Jan-05 11:52:29	PI_4	1003	2	2	1405754	0	0,1
2016-Jan-05 11:52:31	PI_4	1004	2	0	642933	0	
2016-Jan-05 11:52:33	PI_4	1005	2	1	997955	0	0
2016-Jan-05 11:52:35	PI_4	1006	2	2	1405754	0	0,1
2016-Jan-05 11:52:37	PI_4	1007	2	0	642933	0	
2016-Jan-05 11:52:39	PI_4	1008	2	1	997955	0	0
2016-Jan-05 11:52:41	PI_4	1009	2	2	1405754	0	0,1
2016-Jan-05 11:52:43	PI_4	1010	2	2	1405754	0	0,1
2016-Jan-05 11:52:45	PI_4	1011	2	0	642933	0	
2016-Jan-05 11:52:47	PI_4	1012	2	2	1405754	0	0,1
2016-Jan-05 11:52:49	PI_4	1013	2	0	642933	0	
2016-Jan-05 11:52:51	PI_4	1014	2	0	642933	0	
2016-Jan-05 11:52:53	PI_4	1015	2	2	1405754	0	0,1
2016-Jan-05 11:52:55	PI_4	1016	2	0	642933	0	
2016-Jan-05 11:52:57	PI_4	1017	2	0	642933	0	
2016-Jan-05 11:52:59	PI_4	1018	2	0	642933	0	
2016-Jan-05 11:53:01	PI_4	1019	2	0	642933	0	
2016-Jan-05 11:53:03	PI_4	1020	2	0	642933	0	
2016-Jan-05 11:53:05	PI_4	1021	2	0	642933	0	
2016-Jan-05 11:53:07	PI_4	1022	2	0	642933	0	
2016-Jan-05 11:53:09	PI_4	1023	2	0	642933	0	
2016-Jan-05 11:53:11	PI_4	1024	2	0	642933	0	
2016-Jan-05 11:53:13	PI_4	1025	2	0	642933	0	
2016-Jan-05 11:53:15	PI_4	1026	2	2	1405754	0	0,1
2016-Jan-05 11:53:17	PI_4	1027	2	2	1405754	0	0,1
2016-Jan-05 11:53:19	PI_4	1028	2	2	1405754	0	0,1
2016-Jan-05 11:53:21	PI_4	1029	2	0	642933	0	
2016-Jan-05 11:53:23	PI_4	1030	2	2	1405754	0	0,1
2016-Jan-05 11:53:25	PI_4	1031	2	2	1405754	0	0,1
2016-Jan-05 11:53:27	PI_4	1032	2	1	997955	0	0
2016-Jan-05 11:53:29	PI_4	1033	2	2	1405754	0	0,1
2016-Jan-05 11:53:31	PI_4	1034	2	2	1405754	0	0,1
2016-Jan-05 11:53:33	PI_4	1035	2	0	642933	0	
2016-Jan-05 11:53:35	PI_4	1036	2	2	1405754	0	0,1
2016-Jan-05 11:53:37	PI_4	1037	2	2	1405754	0	0,1
2016-Jan-05 11:53:39	PI_4	1038	2	1	997955	0	0
2016-Jan-05 11:53:41	PI_4	1039	2	1	997955	0	0
2016-Jan-05 11:53:43	PI_4	1040	2	0	642933	0	
2016-Jan-05 11:53:45	PI_4	1041	2	1	997955	0	0
2016-Jan-05 11:53:47	PI_4	1042	2	0	642933	0	
2016-Jan-05 11:53:49	PI_4	1043	2	1	997955	0	0
2016-Jan-05 11:53:51	PI_4	1044	2	0	642933	0	
2016-Jan-05 11:53:53	PI_4	1045	2	1	997955	0	0
2016-Jan-05 11:53:55	PI_4	1046	2	1	997955	0	0
2016-Jan-05 11:53:57	PI_4	1047	2	0	642933	0	
2016-Jan-05 11:53:59	PI_4	1048	2	1	997955	0	0
2016-Jan-05 11:54:01	PI_4	1049	2	1	997955	0	0
2016-Jan-05 11:54:03	PI_4	1050	2	0	642933	0	
2016-Jan-05 11:54:05	PI_4	1051	2	1	997955	0	0
2016-Jan-05 11:54:07	PI_4	1052	2	0	642933	0	
2016-Jan-05 11:54:09	PI_4	1053	2	1	997955	0	0
2016-Jan-05 11:54:11	PI_4	1054	2	0	642933	0	
2016-Jan-05 11:54:13	PI_4	1055	2	1	997955	0	0
2016-Jan-05 11:54:15	PI_4	1056	2	2	1405754	0	0,1
2016-Jan-05 11:54:17	PI_4	1057	2	2	1405754	0	0,1
2016-Jan-05 11:54:19	PI_4	1058	2	2	1405754	0	0,1
2016-Jan-05 11:54:21	PI_4	1059	2	2	1405754	0	0,1
2016-Jan-05 11:54:23	PI_4	1060	2	2	1405754	0	0,1
2016-Jan-05 11:54:25	PI_4	1061	2	2	1405754	0	0,1
2016-Jan-05 11:54:27	PI_4	1062	2	2	1405754	0	0,1
2016-Jan-05 11:54:29	PI_4	1063	2	2	1405754	0	0,1
2016-Jan-05 11:54:31	PI_4	1064	2	2	1405754	0	0,1
2016-Jan-05 11:54:33	PI_4	1065	2	2	1405754	0	0,1
2016-Jan-05 11:54:35	PI_4	1066	2	2	1405754	0	0,1
2016-Jan-05 11:54:37	PI_4	1067	2	2	1405754	0	0,1
2016-Jan-05 11:54:39	PI_4	1068	2	2	1405754	0	0,1
2016-Jan-05 11:54:41	PI_4	1069	2	2	1405754	0	0,1
2016-Jan-05 11:54:43	PI_4	1070	2	2	1405754	0	0,1
2016-Jan-05 11:54:45	PI_4	1071	2	0	642933	0	
2016-Jan-05 11:54:47	PI_4	1072	2	2	1405754	0	0,1
2016-Jan-05 11:54:49	PI_4	1073	2	0	642933	0	
2016-Jan-05 11:54:51	PI_4	1074	2	2	1405754	0	0,1
2016-Jan-05 11:54:53	PI_4	1075	2	0	642933	0	
2016-Jan-05 11:54:55	PI_4	1076	2	2	1405754	0	0,1
2016-Jan-05 11:54:57	PI_4	1077	2	0	642933	0	
2016-Jan-05 11:54:59	PI_4	1078	2	0	642933	0	
2016-Jan-05 11:55:01	PI_4	1079	2	2	1405754	0	0,1
2016-Jan-05 11:55:03	PI_4	1080	2	0	642933	0	
2016-Jan-05 11:55:05	PI_4	1081	2	0	642933	0	
2016-Jan-05 11:55:07	PI_4	1082	2	0	642933	0	
2016-Jan-05 11:55:09	PI_4	1083	2	0	642933	0	
2016-Jan-05 11:55:11	PI_4	1084	2	0	642933	0	
2016-Jan-05 11:55:13	PI_4	1085	2	2	1405754	0	0,1
2016-Jan-05 11:55:15	PI_4	1086	2	0	642933	0	
2016-Jan-05 11:55:17	PI_4	1087	2	0	642933	0	
2016-Jan-05 11:55:19	PI_4	1088	2	0	642933	0	
2016-Jan-05 11:55:21	PI_4	1089	2	2	1405754	0	0,1
2016-Jan-05 11:55:23	PI_4	1090	2	0	642933	0	
2016-Jan-05 11:55:25	PI_4	1091	2	0	642933	0	
2016-Jan-05 11:55:27	PI_4	1092	2	0	642933	0	
2016-Jan-05 11:55:29	PI_4	1093	2	0	642933	0	
2016-Jan-05 11:55:31	PI_4	1094	2	2	1405754	0	0,1
2016-Jan-05 11:55:33	PI_4	1095	2	0	642933	0	
2016-Jan-05 11:55:35	PI_4	1096	2	0	642933	0	
2016-Jan-05 11:55:37	PI_4	1097	2	0	642933	0	
2016-Jan-05 11:55:39	PI_4	1098	2	2	1405754	0	0,1
2016-Jan-05 11:55:41	PI_4	1099	2	0	642933	0	
2016-Jan-05 11:55:43	PI_4	1100	2	0	642933	0	
2016-Jan-05 11:55:45	PI_4	1101	2	0	642933	0	
2016-Jan-05 11:55:47	PI_4	1102	2	2	1405754	0	0,1
2016-Jan-05 11:55:49	PI_4	1103	2	0	642933	0	
2016-Jan-05 11:55:51	PI_4	1104	2	2	1405754	0	0,1
2016-Jan-05 11:55:53	PI_4	1105	2	2	1405754	0	0,1
2016-Jan-05 11:55:55	PI_4	1106	2	0	642933	0	
2016-Jan-05 11:55:57	PI_4	1107	2	2	1405754	0	0,1
2016-Jan-05 11:55:59	PI_4	1108	2	1	997955	0	0
2016-Jan-05 11:56:01	PI_4	1109	2	1	997955	0	0
2016-Jan-05 11:56:03	PI_4	1110	2	1	997955	0	0
2016-Jan-05 11:56:05	PI_4	1111	2	1	997955	0	0
2016-Jan-05 11:56:07	PI_4	1112	2	2	1405754	0	0,1
2016-Jan-05 11:56:09	PI_4	1113	2	0	642933	0	
2016-Jan-05 11:56:11	PI_4	1114	2	2	1405754	0	0,1
2016-Jan-05 11:56:13	PI_4	1115	2	0	642933	0	
2016-Jan-05 11:56:15	PI_4	1116	2	0	642933	0	
2016-Jan-05 11:56:17	PI_4	1117	2	2	1405754	0	0,1
2016-Jan-05 11:56:19	PI_4	1118	2	0	642933	0	
2016-Jan-05 11:56:21	PI_4	1119	2	0	642933	0	
2016-Jan-05 11:56:23	PI_4	1120	2	0	642933	0	
2016-Jan-05 11:56:25	PI_4	1121	2	2	1405754	0	0,1
2016-Jan-05 11:56:27	PI_4	1122	2	0	642933	0	
2016-Jan-05 11:56:29	PI_4	1123	2	0	642933	0	
2016-Jan-05 11:56:31	PI_4	1124	2	0	642933	0	
2016-Jan-05 11:56:33	PI_4	1125	2	0	642933	0	
2016-Jan-05 11:56:35	PI_4	1126	2	0	642933	0	
2016-Jan-05 11:56:37	PI_4	1127	2	0	642933	0	
2016-Jan-05 11:56:39	PI_4	1128	2	0	642933	0	
2016-Jan-05 11:56:41	PI_4	1129	2	0	642933	0	
2016-Jan-05 11:56:43	PI_4	1130	2	0	642933	0	
2016-Jan-05 11:56:45	PI_4	1131	2	0	642933	0	
2016-Jan-05 11:56:47	PI_4	1132	2	0	642933	0	
2016-Jan-05 11:56:49	PI_4	1133	2	0	642933	0	
2016-Jan-05 11:56:51	PI_4	1134	2	2	1405754	0	0,1
2016-Jan-05 11:56:53	PI_4	1135	2	0	642933	0	
2016-Jan-05 11:56:55	PI_4	1136	2	2	1405754	0	0,1
2016-Jan-05 11:56:57	PI_4	1137	2	0	642933	0	
2016-Jan-05 11:56:59	PI_4	1138	2	2	1405754	0	0,1
2016-Jan-05 11:57:01	PI_4	1139	2	0	642933	0	
2016-Jan-05 11:57:03	PI_4	1140	2	0	642933	0	
2016-Jan-05 11:57:05	PI_4	1141	2	2	1405754	0	0,1
2016-Jan-05 11:57:07	PI_4	1142	2	0	642933	0	
2016-Jan-05 11:57:09	PI_4	1143	2	2	1405754	0	0,1
2016-Jan-05 11:57:11	PI_4	1144	2	2	1405754	0	0,1
2016-Jan-05 11:57:13	PI_4	1145	2	0	642933	0	
2016-Jan-05 11:57:15	PI_4	1146	2	2	1405754	0	0,1
2016-Jan-05 11:57:17	PI_4	1147	2	0	642933	0	
2016-Jan-05 11:57:19	PI_4	1148	2	1	997955	0	0
2016-Jan-05 11:57:21	PI_4	1149	2	2	1405754	0	0,1
2016-Jan-05 11:57:23	PI_4	1150	2	0	642933	0	
2016-Jan-05 11:57:25	PI_4	1151	2	2	1405754	0	0,1
2016-Jan-05 11:57:27	PI_4	1152	2	0	642933	0	
2016-Jan-05 11:57:29	PI_4	1153	2	2	1405754	0	0,1
2016-Jan-05 11:57:31	PI_4	1154	2	0	642933	0	
2016-Jan-05 11:57:33	PI_4	1155	2	0	642933	0	
2016-Jan-05 11:57:35	PI_4	1156	2	2	1405754	0	0,1
2016-Jan-05 11:57:37	PI_4	1157	2	0	642933	0	
2016-Jan-05 11:57:39	PI_4	1158	2	0	642933	0	
2016-Jan-05 11:57:41	PI_4	1159	2	0	642933	0	
2016-Jan-05 11:57:43	PI_4	1160	2	0	642933	0	
2016-Jan-05 11:57:45	PI_4	1161	2	0	642933	0	
2016-Jan-05 11:57:47	PI_4	1162	2	0	642933	0	
2016-Jan-05 11:57:49	PI_4	1163	2	0	642933	0	
2016-Jan-05 11:57:51	PI_4	1164	2	0	642933	0	
2016-Jan-05 11:57:53	PI_4	1165	2	0	642933	0	
2016-Jan-05 11:57:55	PI_4	1166	2	0	642933	0	
2016-Jan-05 11:57:57	PI_4	1167	2	0	642933	0	
2016-Jan-05 11:57:59	PI_4	1168	2	0	642933	0	
2016-Jan-05 11:58:01	PI_4	1169	2	0	642933	0	
2016-Jan-05 11:58:03	PI_4	1170	2	0	642933	0	
2016-Jan-05 11:58:05	PI_4	1171	2	0	642933	0	
2016-Jan-05 11:58:07	PI_4	1172	2	0	642933	0	
2016-Jan-05 11:58:09	PI_4	1173	2	0	642933	0	
2016-Jan-05 11:58:11	PI_4	1174	2	0	642933	0	
2016-Jan-05 11:58:13	PI_4	1175	2	0	642933	0	
2016-Jan-05 11:58:15	PI_4	1176	2	0	642933	0	
2016-Jan-05 11:58:17	PI_4	1177	2	0	642933	0	
2016-Jan-05 11:58:19	PI_4	1178	2	0	642933	0	
2016-Jan-05 11:58:21	PI_4	1179	2	0	642933	0	
2016-Jan-05 11:58:23	PI_4	1180	2	0	642933	0	
2016-Jan-05 11:58:25	PI_4	1181	2	2	1405754	0	0,1
2016-Jan-05 11:58:27	PI_4	1182	2	0	642933	0	
2016-Jan-05 11:58:29	PI_4	1183	2	0	642933	0	
2016-Jan-05 11:58:31	PI_4	1184	2	0	642933	0	
2016-Jan-05 11:58:33	PI_4	1185	2	1	997955	0	0
2016-Jan-05 11:58:35	PI_4	1186	2	0	642933	0	
2016-Jan-05 11:58:37	PI_4	1187	2	2	1405754	0	0,1
2016-Jan-05 11:58:39	PI_4	1188	2	0	642933	0	
2016-Jan-05 11:58:41	PI_4	1189	2	0	642933	0	
2016-Jan-05 11:58:43	PI_4	1190	2	2	1405754	0	0,1
2016-Jan-05 11:58:45	PI_4	1191	2	0	642933	0	
2016-Jan-05 11:58:47	PI_4	1192	2	0	642933	0	
2016-Jan-05 11:58:49	PI_4	1193	2	0	642933	0	
2016-Jan-05 11:58:51	PI_4	1194	2	2	1405754	0	0,1
2016-Jan-05 11:58:53	PI_4	1195	2	0	642933	0	
2016-Jan-05 11:58:55	PI_4	1196	2	2	1405754	0	0,1
2016-Jan-05 11:58:57	PI_4	1197	2	0	642933	0	
2016-Jan-05 11:58:59	PI_4	1198	2	0	642933	0	
2016-Jan-05 11:59:01	PI_4	1199	2	0	642933	0	
2016-Jan-05 11:59:03	PI_4	1200	2	0	642933	0	
2016-Jan-05 11:59:05	PI_4	1201	2	0	642933	0	
2016-Jan-05 11:59:07	PI_4	1202	2	0	642933	0	
2016-Jan-05 11:59:09	PI_4	1203	2	0	642933	0	
2016-Jan-05 11:59:11	PI_4	1204	2	2	1405754	0	0,1
2016-Jan-05 11:59:13	PI_4	1205	2	1	997955	0	0
2016-Jan-05 11:59:15	PI_4	1206	2	1	997955	0	0
2016-Jan-05 11:59:17	PI_4	1207	2	2	1405754	0	0,1
2016-Jan-05 11:59:19	PI_4	1208	2	1	997955	0	0
2016-Jan-05 11:59:21	PI_4	1209	2	2	1405754	0	0,1
2016-Jan-05 11:59:23	PI_4	1210	2	2	1405754	0	0,1
2016-Jan-05 11:59:25	PI_4	1211	2	2	1405754	0	0,1
2016-Jan-05 11:59:27	PI_4	1212	2	0	642933	0	
2016-Jan-05 11:59:29	PI_4	1213	2	2	1405754	0	0,1
2016-Jan-05 11:59:31	PI_4	1214	2	0	642933	0	
2016-Jan-05 11:59:33	PI_4	1215	2	2	1405754	0	0,1
2016-Jan-05 11:59:35	PI_4	1216	2	0	642933	0	
2016-Jan-05 11:59:37	PI_4	1217	2	2	1405754	0	0,1
2016-Jan-05 11:59:39	PI_4	1218	2	0	642933	0	
2016-Jan-05 11:59:41	PI_4	1219	2	2	1405754	0	0,1
2016-Jan-05 11:59:43	PI_4	1220	2	0	642933	0	
2016-Jan-05 11:59:45	PI_4	1221	2	2	1405754	0	0,1
2016-Jan-05 11:59:47	PI_4	1222	2	0	642933	0	
2016-Jan-05 11:59:49	PI_4	1223	2	0	642933	0	
2016-Jan-05 11:59:51	PI_4	1224	2	2	1405754	0	0,1
2016-Jan-05 11:59:53	PI_4	1225	2	0	642933	0	
2016-Jan-05 11:59:55	PI_4	1226	2	0	642933	0	
2016-Jan-05 11:59:57	PI_4	1227	2	0	642933	0	
2016-Jan-05 11:59:59	PI_4	1228	2	2	1405754	0	0,1
2016-Jan-05 12:00:01	PI_4	1229	2	0	642933	0	
2016-Jan-05 12:00:03	PI_4	1230	2	0	642933	0	
2016-Jan-05 12:00:05	PI_4	1231	2	2	1405754	0	0,1
2016-Jan-05 12:00:07	PI_4	1232	2	0	642933	0	
2016-Jan-05 12:00:09	PI_4	1233	2	0	642933	0	
2016-Jan-05 12:00:11	PI_4	1234	2	2	1405754	0	0,1
2016-Jan-05 12:00:13	PI_4	1235	2	0	642933	0	
2016-Jan-05 12:00:15	PI_4	1236	2	0	642933	0	
2016-Jan-05 12:00:17	PI_4	1237	2	2	1405754	0	0,1
2016-Jan-05 12:00:19	PI_4	1238	2	0	642933	0	
2016-Jan-05 12:00:21	PI_4	1239	2	0	642933	0	
2016-Jan-05 12:00:23	PI_4	1240	2	2	1405754	0	0,1
2016-Jan-05 12:00:25	PI_4	1241	2	2	1405754	0	0,1
2016-Jan-05 12:00:27	PI_4	1242	2	0	642933	0	
2016-Jan-05 12:00:29	PI_4	1243	2	2	1405754	0	0,1
2016-Jan-05 12:00:31	PI_4	1244	2	0	642933	0	
2016-Jan-05 12:00:33	PI_4	1245	2	2	1405754	0	0,1
2016-Jan-05 12:00:35	PI_4	1246	2	0	642933	0	
2016-Jan-05 12:00:37	PI_4	1247	2	2	1405754	0	0,1
2016-Jan-05 12:00:39	PI_4	1248	2	0	642933	0	
2016-Jan-05 12:00:41	PI_4	1249	2	2	1405754	0	0,1
2016-Jan-05 12:00:43	PI_4	1250	2	0	642933	0	
2016-Jan-05 12:00:45	PI_4	1251	2	2	1405754	0	0,1
2016-Jan-05 12:00:47	PI_4	1252	2	0	642933	0	
2016-Jan-05 12:00:49	PI_4	1253	2	0	642933	0	
2016-Jan-05 12:00:51	PI_4	1254	2	2	1405754	0	0,1
2016-Jan-05 12:00:53	PI_4	1255	2	0	642933	0	
2016-Jan-05 12:00:55	PI_4	1256	2	1	997955	0	0
2016-Jan-05 12:00:57	PI_4	1257	2	2	1405754	0	0,1
2016-Jan-05 12:00:59	PI_4	1258	2	0	642933	0	
2016-Jan-05 12:01:01	PI_4	1259	2	2	1405754	0	0,1
2016-Jan-05 12:01:03	PI_4	1260	2	0	642933	0	
2016-Jan-05 12:01:05	PI_4	1261	2	2	1405754	0	0,1
2016-Jan-05 12:01:07	PI_4	1262	2	0	642933	0	
2016-Jan-05 12:01:09	PI_4	1263	2	0	642933	0	
2016-Jan-05 12:01:11	PI_4	1264	2	0	642933	0	
2016-Jan-05 12:01:13	PI_4	1265	2	0	642933	0	
2016-Jan-05 12:01:15	PI_4	1266	2	0	642933	0	
2016-Jan-05 12:01:17	PI_4	1267	2	0	642933	0	
2016-Jan-05 12:01:19	PI_4	1268	2	0	642933	0	
2016-Jan-05 12:01:21	PI_4	1269	2	0	642933	0	
2016-Jan-05 12:01:23	PI_4	1270	2	2	1405754	0	0,1
2016-Jan-05 12:01:25	PI_4	1271	2	0	642933	0	
2016-Jan-05 12:01:27	PI_4	1272	2	0	642933	0	
2016-Jan-05 12:01:29	PI_4	1273	2	0	642933	0	
2016-Jan-05 12:01:31	PI_4	1274	2	0	642933	0	
2016-Jan-05 12:01:33	PI_4	1275	2	0	642933	0	
2016-Jan-05 12:01:35	PI_4	1276	2	2	1405754	0	0,1
2016-Jan-05 12:01:37	PI_4	1277	2	0	642933	0	
2016-Jan-05 12:01:39	PI_4	1278	2	0	642933	0	
2016-Jan-05 12:01:41	PI_4	1279	2	0	642933	0	
2016-Jan-05 12:01:43	PI_4	1280	2	0	642933	0	
2016-Jan-05 12:01:45	PI_4	1281	2	2	1405754	0	0,1
2016-Jan-05 12:01:47	PI_4	1282	2	0	642933	0	
2016-Jan-05 12:01:49	PI_4	1283	2	0	642933	0	
2016-Jan-05 12:01:51	PI_4	1284	2	0	642933	0	
2016-Jan-05 12:01:53	PI_4	1285	2	0	642933	0	
2016-Jan-05 12:01:55	PI_4	1286	2	2	1405754	0	0,1
2016-Jan-05 12:01:57	PI_4	1287	2	0	642933	0	
2016-Jan-05 12:01:59	PI_4	1288	2	2	1405754	0	0,1
2016-Jan-05 12:02:01	PI_4	1289	2	1	997955	0	0
2016-Jan-05 12:02:03	PI_4	1290	2	1	997955	0	0
2016-Jan-05 12:02:05	PI_4	1291	2	2	1405754	0	0,1
2016-Jan-05 12:02:07	PI_4	1292	2	2	1405754	0	0,1
2016-Jan-05 12:02:09	PI_4	1293	2	2	1405754	0	0,1
2016-Jan-05 12:02:11	PI_4	1294	2	0	642933	0	
2016-Jan-05 12:02:13	PI_4	1295	2	2	1405754	0	0,1
2016-Jan-05 12:02:15	PI_4	1296	2	2	1405754	0	0,1
2016-Jan-05 12:02:17	PI_4	1297	2	0	642933	0	
2016-Jan-05 12:02:19	PI_4	1298	2	2	1405754	0	0,1
2016-Jan-05 12:02:21	PI_4	1299	2	0	642933	0	
2016-Jan-05 12:02:23	PI_4	1300	2	0	642933	0	
2016-Jan-05 12:02:25	PI_4	1301	2	2	1405754	0	0,1
2016-Jan-05 12:02:27	PI_4	1302	2	0	642933	0	
2016-Jan-05 12:02:29	PI_4	1303	2	0	642933	0	
2016-Jan-05 12:02:31	PI_4	1304	2	0	642933	0	
2016-Jan-05 12:02:33	PI_4	1305	2	2	1405754	0	0,1
2016-Jan-05 12:02:35	PI_4	1306	2	0	642933	0	
2016-Jan-05 12:02:37	PI_4	1307	2	0	642933	0	
2016-Jan-05 12:02:39	PI_4	1308	2	0	642933	0	
2016-Jan-05 12:02:41	PI_4	1309	2	0	642933	0	
2016-Jan-05 12:02:43	PI_4	1310	2	0	642933	0	
2016-Jan-05 12:02:45	PI_4	1311	2	0	642933	0	
2016-Jan-05 12:02:47	PI_4	1312	2	0	642933	0	
2016-Jan-05 12:02:49	PI_4	1313	2	2	1405754	0	0,1
2016-Jan-05 12:02:51	PI_4	1314	2	0	642933	0	
2016-Jan-05 12:02:53	PI_4	1315	2	0	642933	0	
2016-Jan-05 12:02:55	PI_4	1316	2	0	642933	0	
2016-Jan-05 12:02:57	PI_4	1317	2	0	642933	0	
2016-Jan-05 12:02:59	PI_4	1318	2	0	642933	0	
2016-Jan-05 12:03:01	PI_4	1319	2	2	1405754	0	0,1
2016-Jan-05 12:03:03	PI_4	1320	2	0	642933	0	
2016-Jan-05 12:03:05	PI_4	1321	2	0	642933	0	
2016-Jan-05 12:03:07	PI_4	1322	2	2	1405754	0	0,1
2016-Jan-05 12:03:09	PI_4	1323	2	0	642933	0	
2016-Jan-05 12:03:11	PI_4	1324	2	0	642933	0	
2016-Jan-05 12:03:13	PI_4	1325	2	2	1405754	0	0,1
2016-Jan-05 12:03:15	PI_4	1326	2	2	1405754	0	0,1
2016-Jan-05 12:03:17	PI_4	1327	2	0	642933	0	
2016-Jan-05 12:03:19	PI_4	1328	2	2	1405754	0	0,1
2016-Jan-05 12:03:21	PI_4	1329	2	0	642933	0	
2016-Jan-05 12:03:23	PI_4	1330	2	0	642933	0	
2016-Jan-05 12:03:25	PI_4	1331	2	2	1405754	0	0,1
2016-Jan-05 12:03:27	PI_4	1332	2	0	642933	0	
2016-Jan-05 12:03:29	PI_4	1333	2	0	642933	0	
2016-Jan-05 12:03:31	PI_4	1334	2	0	642933	0	
2016-Jan-05 12:03:33	PI_4	1335	2	2	1405754	0	0,1
2016-Jan-05 12:03:35	PI_4	1336	2	0	642933	0	
2016-Jan-05 12:03:37	PI_4	1337	2	0	642933	0	
2016-Jan-05 12:03:39	PI_4	1338	2	2	1405754	0	0,1
2016-Jan-05 12:03:41	PI_4	1339	2	0	642933	0	
2016-Jan-05 12:03:43	PI_4	1340	2	0	642933	0	
2016-Jan-05 12:03:45	PI_4	1341	2	0	642933	0	
2016-Jan-05 12:03:47	PI_4	1342	2	2	1405754	0	0,1
2016-Jan-05 12:03:49	PI_4	1343	2	0	642933	0	
2016-Jan-05 12:03:51	PI_4	1344	2	0	642933	0	
2016-Jan-05 12:03:53	PI_4	1345	2	2	1405754	0	0,1
2016-Jan-05 12:03:55	PI_4	1346	2	0	642933	0	
2016-Jan-05 12:03:57	PI_4	1347	2	0	642933	0	
2016-Jan-05 12:03:59	PI_4	1348	2	2	1405754	0	0,1
2016-Jan-05 12:04:01	PI_4	1349	2	0	642933	0	
2016-Jan-05 12:04:03	PI_4	1350	2	0	642933	0	
2016-Jan-05 12:04:05	PI_4	1351	2	0	642933	0	
2016-Jan-05 12:04:07	PI_4	1352	2	0	642933	0	
2016-Jan-05 12:04:09	PI_4	1353	2	0	642933	0	
2016-Jan-05 12:04:11	PI_4	1354	2	0	642933	0	
2016-Jan-05 12:04:13	PI_4	1355	2	0	642933	0	
2016-Jan-05 12:04:15	PI_4	1356	2	1	997955	0	0
2016-Jan-05 12:04:17	PI_4	1357	2	0	642933	0	
2016-Jan-05 12:04:19	PI_4	1358	2	0	642933	0	
2016-Jan-05 12:04:21	PI_4	1359	2	0	642933	0	
2016-Jan-05 12:04:23	PI_4	1360	2	0	642933	0	
2016-Jan-05 12:04:25	PI_4	1361	2	0	642933	0	
2016-Jan-05 12:04:27	PI_4	1362	2	0	642933	0	
2016-Jan-05 12:04:29	PI_4	1363	2	0	642933	0	
2016-Jan-05 12:04:31	PI_4	1364	2	0	642933	0	
2016-Jan-05 12:04:33	PI_4	1365	2	0	642933	0	
2016-Jan-05 12:04:35	PI_4	1366	2	0	642933	0	
2016-Jan-05 12:04:37	PI_4	1367	2	2	1405754	0	0,1
2016-Jan-05 12:04:39	PI_4	1368	2	0	642933	0	
2016-Jan-05 12:04:41	PI_4	1369	2	0	642933	0	
2016-Jan-05 12:04:43	PI_4	1370	2	0	642933	0	
2016-Jan-05 12:04:45	PI_4	1371	2	0	642933	0	
2016-Jan-05 12:04:47	PI_4	1372	2	0	642933	0	
2016-Jan-05 12:04:49	PI_4	1373	2	2	1405754	0	0,1
2016-Jan-05 12:04:51	PI_4	1374	2	0	642933	0	
2016-Jan-05 12:04:53	PI_4	1375	2	0	642933	0	
2016-Jan-05 12:04:55	PI_4	1376	2	2	1405754	0	0,1
2016-Jan-05 12:04:57	PI_4	1377	2	2	1405754	0	0,1
2016-Jan-05 12:04:59	PI_4	1378	2	0	642933	0	
2016-Jan-05 12:05:01	PI_4	1379	2	1	997955	0	0
2016-Jan-05 12:05:03	PI_4	1380	2	2	1405754	0	0,1
2016-Jan-05 12:05:05	PI_4	1381	2	2	1405754	0	0,1
2016-Jan-05 12:05:07	PI_4	1382	2	2	1405754	0	0,1
2016-Jan-05 12:05:09	PI_4	1383	2	1	997955	0	0
2016-Jan-05 12:05:11	PI_4	1384	2	2	1405754	0	0,1
2016-Jan-05 12:05:13	PI_4	1385	2	2	1405754	0	0,1
2016-Jan-05 12:05:15	PI_4	1386	2	2	1405754	0	0,1
2016-Jan-05 12:05:17	PI_4	1387	2	2	1405754	0	0,1
2016-Jan-05 12:05:19	PI_4	1388	2	0	642933	0	
2016-Jan-05 12:05:21	PI_4	1389	2	2	1405754	0	0,1
2016-Jan-05 12:05:23	PI_4	1390	2	1	997955	0	0
2016-Jan-05 12:05:25	PI_4	1391	2	2	1405754	0	0,1
2016-Jan-05 12:05:27	PI_4	1392	2	1	997955	0	0
2016-Jan-05 12:05:29	PI_4	1393	2	1	997955	0	0
2016-Jan-05 12:05:31	PI_4	1394	2	1	997955	0	0
2016-Jan-05 12:05:33	PI_4	1395	2	1	997955	0	0
2016-Jan-05 12:05:35	PI_4	1396	2	0	642933	0	
2016-Jan-05 12:05:37	PI_4	1397	2	1	997955	0	0
2016-Jan-05 12:05:39	PI_4	1398	2	1	997955	0	0
2016-Jan-05 12:05:41	PI_4	1399	2	1	997955	0	0
2016-Jan-05 12:05:43	PI_4	1400	2	1	997955	0	0
2016-Jan-05 12:05:45	PI_4	1401	2	1	997955	0	0
2016-Jan-05 12:05:47	PI_4	1402	2	1	997955	0	0
2016-Jan-05 12:05:49	PI_4	1403	2	1	997955	0	0
2016-Jan-05 12:05:51	PI_4	1404	2	2	1405754	0	0,1
2016-Jan-05 12:05:53	PI_4	1405	2	1	997955	0	0
2016-Jan-05 12:05:55	PI_4	1406	2	0	642933	0	
2016-Jan-05 12:05:57	PI_4	1407	2	0	642933	0	
2016-Jan-05 12:05:59	PI_4	1408	2	0	642933	0	
2016-Jan-05 12:06:01	PI_4	1409	2	0	642933	0	
2016-Jan-05 12:06:03	PI_4	1410	2	0	642933	0	
2016-Jan-05 12:06:05	PI_4	1411	2	0	642933	0	
2016-Jan-05 12:06:07	PI_4	1412	2	0	642933	0	
2016-Jan-05 12:06:09	PI_4	1413	2	0	642933	0	
2016-Jan-05 12:06:11	PI_4	1414	2	0	642933	0	
2016-Jan-05 12:06:13	PI_4	1415	2	0	642933	0	
2016-Jan-05 12:06:15	PI_4	1416	2	0	642933	0	
2016-Jan-05 12:06:17	PI_4	1417	2	0	642933	0	
2016-Jan-05 12:06:19	PI_4	1418	2	0	642933	0	
2016-Jan-05 12:06:21	PI_4	1419	2	0	642933	0	
2016-Jan-05 12:06:23	PI_4	1420	2	0	642933	0	
2016-Jan-05 12:06:25	PI_4	1421	2	0	642933	0	
2016-Jan-05 12:06:27	PI_4	1422	2	0	642933	0	
2016-Jan-05 12:06:29	PI_4	1423	2	0	642933	0	
2016-Jan-05 12:06:31	PI_4	1424	2	0	642933	0	
2016-Jan-05 12:06:33	PI_4	1425	2	0	642933	0	
2016-Jan-05 12:06:35	PI_4	1426	2	2	1405754	0	0,1
2016-Jan-05 12:06:37	PI_4	1427	2	0	642933	0	
2016-Jan-05 12:06:39	PI_4	1428	2	0	642933	0	
2016-Jan-05 12:06:41	PI_4	1429	2	0	642933	0	
2016-Jan-05 12:06:43	PI_4	1430	2	0	642933	0	
2016-Jan-05 12:06:45	PI_4	1431	2	1	997955	0	0
2016-Jan-05 12:06:47	PI_4	1432	2	2	1405754	0	0,1
2016-Jan-05 12:06:49	PI_4	1433	2	1	997955	0	0
2016-Jan-05 12:06:51	PI_4	1434	2	1	997955	0	0
