Time	Node	SegmentNumber	SegmentDuration(sec)	SegmentRepID	SegmentBitrate(bit/s)	StallingTime(msec)	SegmentDepIds
2016-Jan-05 11:19:06	PI_15	0	2	0	642933	2000	
2016-Jan-05 11:19:08	PI_15	1	2	0	642933	0	
2016-Jan-05 11:19:10	PI_15	2	2	0	642933	0	
2016-Jan-05 11:19:12	PI_15	3	2	0	642933	0	
2016-Jan-05 11:19:14	PI_15	4	2	0	642933	0	
2016-Jan-05 11:19:16	PI_15	5	2	0	642933	0	
2016-Jan-05 11:19:18	PI_15	6	2	0	642933	0	
2016-Jan-05 11:19:20	PI_15	7	2	0	642933	0	
2016-Jan-05 11:19:22	PI_15	8	2	0	642933	0	
2016-Jan-05 11:19:24	PI_15	9	2	0	642933	0	
2016-Jan-05 11:19:26	PI_15	10	2	0	642933	0	
2016-Jan-05 11:19:28	PI_15	11	2	0	642933	0	
2016-Jan-05 11:19:30	PI_15	12	2	0	642933	0	
2016-Jan-05 11:19:32	PI_15	13	2	0	642933	0	
2016-Jan-05 11:19:34	PI_15	14	2	0	642933	0	
2016-Jan-05 11:19:36	PI_15	15	2	0	642933	0	
2016-Jan-05 11:19:38	PI_15	16	2	0	642933	0	
2016-Jan-05 11:19:40	PI_15	17	2	0	642933	0	
2016-Jan-05 11:19:42	PI_15	18	2	2	1405754	0	0,1
2016-Jan-05 11:19:44	PI_15	19	2	0	642933	0	
2016-Jan-05 11:19:46	PI_15	20	2	0	642933	0	
2016-Jan-05 11:19:48	PI_15	21	2	2	1405754	0	0,1
2016-Jan-05 11:19:50	PI_15	22	2	2	1405754	0	0,1
2016-Jan-05 11:19:52	PI_15	23	2	0	642933	0	
2016-Jan-05 11:19:54	PI_15	24	2	0	642933	0	
2016-Jan-05 11:19:56	PI_15	25	2	2	1405754	0	0,1
2016-Jan-05 11:19:58	PI_15	26	2	0	642933	0	
2016-Jan-05 11:20:00	PI_15	27	2	0	642933	0	
2016-Jan-05 11:20:02	PI_15	28	2	0	642933	0	
2016-Jan-05 11:20:04	PI_15	29	2	2	1405754	0	0,1
2016-Jan-05 11:20:06	PI_15	30	2	2	1405754	0	0,1
2016-Jan-05 11:20:08	PI_15	31	2	2	1405754	0	0,1
2016-Jan-05 11:20:10	PI_15	32	2	0	642933	0	
2016-Jan-05 11:20:12	PI_15	33	2	2	1405754	0	0,1
2016-Jan-05 11:20:14	PI_15	34	2	0	642933	0	
2016-Jan-05 11:20:16	PI_15	35	2	0	642933	0	
2016-Jan-05 11:20:18	PI_15	36	2	2	1405754	0	0,1
2016-Jan-05 11:20:20	PI_15	37	2	0	642933	0	
2016-Jan-05 11:20:22	PI_15	38	2	0	642933	0	
2016-Jan-05 11:20:24	PI_15	39	2	0	642933	0	
2016-Jan-05 11:20:26	PI_15	40	2	0	642933	0	
2016-Jan-05 11:20:28	PI_15	41	2	2	1405754	0	0,1
2016-Jan-05 11:20:30	PI_15	42	2	0	642933	0	
2016-Jan-05 11:20:32	PI_15	43	2	2	1405754	0	0,1
2016-Jan-05 11:20:34	PI_15	44	2	2	1405754	0	0,1
2016-Jan-05 11:20:36	PI_15	45	2	2	1405754	0	0,1
2016-Jan-05 11:20:38	PI_15	46	2	0	642933	0	
2016-Jan-05 11:20:40	PI_15	47	2	2	1405754	0	0,1
2016-Jan-05 11:20:42	PI_15	48	2	2	1405754	0	0,1
2016-Jan-05 11:20:44	PI_15	49	2	0	642933	0	
2016-Jan-05 11:20:46	PI_15	50	2	2	1405754	0	0,1
2016-Jan-05 11:20:48	PI_15	51	2	0	642933	0	
2016-Jan-05 11:20:50	PI_15	52	2	2	1405754	0	0,1
2016-Jan-05 11:20:52	PI_15	53	2	0	642933	0	
2016-Jan-05 11:20:54	PI_15	54	2	2	1405754	0	0,1
2016-Jan-05 11:20:56	PI_15	55	2	0	642933	0	
2016-Jan-05 11:20:58	PI_15	56	2	0	642933	0	
2016-Jan-05 11:21:00	PI_15	57	2	2	1405754	0	0,1
2016-Jan-05 11:21:02	PI_15	58	2	0	642933	0	
2016-Jan-05 11:21:04	PI_15	59	2	0	642933	0	
2016-Jan-05 11:21:06	PI_15	60	2	0	642933	0	
2016-Jan-05 11:21:08	PI_15	61	2	0	642933	0	
2016-Jan-05 11:21:10	PI_15	62	2	0	642933	0	
2016-Jan-05 11:21:12	PI_15	63	2	2	1405754	0	0,1
2016-Jan-05 11:21:14	PI_15	64	2	0	642933	0	
2016-Jan-05 11:21:16	PI_15	65	2	2	1405754	0	0,1
2016-Jan-05 11:21:18	PI_15	66	2	0	642933	0	
2016-Jan-05 11:21:20	PI_15	67	2	0	642933	0	
2016-Jan-05 11:21:22	PI_15	68	2	2	1405754	0	0,1
2016-Jan-05 11:21:24	PI_15	69	2	0	642933	0	
2016-Jan-05 11:21:26	PI_15	70	2	0	642933	0	
2016-Jan-05 11:21:28	PI_15	71	2	2	1405754	0	0,1
2016-Jan-05 11:21:30	PI_15	72	2	0	642933	0	
2016-Jan-05 11:21:32	PI_15	73	2	0	642933	0	
2016-Jan-05 11:21:34	PI_15	74	2	0	642933	0	
2016-Jan-05 11:21:36	PI_15	75	2	2	1405754	0	0,1
2016-Jan-05 11:21:38	PI_15	76	2	0	642933	0	
2016-Jan-05 11:21:40	PI_15	77	2	0	642933	0	
2016-Jan-05 11:21:42	PI_15	78	2	0	642933	0	
2016-Jan-05 11:21:44	PI_15	79	2	2	1405754	0	0,1
2016-Jan-05 11:21:46	PI_15	80	2	2	1405754	0	0,1
2016-Jan-05 11:21:48	PI_15	81	2	0	642933	0	
2016-Jan-05 11:21:50	PI_15	82	2	0	642933	0	
2016-Jan-05 11:21:52	PI_15	83	2	0	642933	0	
2016-Jan-05 11:21:54	PI_15	84	2	2	1405754	0	0,1
2016-Jan-05 11:21:56	PI_15	85	2	0	642933	0	
2016-Jan-05 11:21:58	PI_15	86	2	2	1405754	0	0,1
2016-Jan-05 11:22:00	PI_15	87	2	2	1405754	0	0,1
2016-Jan-05 11:22:02	PI_15	88	2	0	642933	0	
2016-Jan-05 11:22:04	PI_15	89	2	0	642933	0	
2016-Jan-05 11:22:06	PI_15	90	2	2	1405754	0	0,1
2016-Jan-05 11:22:08	PI_15	91	2	0	642933	0	
2016-Jan-05 11:22:10	PI_15	92	2	0	642933	0	
2016-Jan-05 11:22:12	PI_15	93	2	0	642933	0	
2016-Jan-05 11:22:14	PI_15	94	2	0	642933	0	
2016-Jan-05 11:22:16	PI_15	95	2	2	1405754	0	0,1
2016-Jan-05 11:22:18	PI_15	96	2	1	997955	0	0
2016-Jan-05 11:22:20	PI_15	97	2	0	642933	0	
2016-Jan-05 11:22:22	PI_15	98	2	0	642933	0	
2016-Jan-05 11:22:24	PI_15	99	2	2	1405754	0	0,1
2016-Jan-05 11:22:26	PI_15	100	2	2	1405754	0	0,1
2016-Jan-05 11:22:28	PI_15	101	2	0	642933	0	
2016-Jan-05 11:22:30	PI_15	102	2	2	1405754	0	0,1
2016-Jan-05 11:22:32	PI_15	103	2	0	642933	0	
2016-Jan-05 11:22:34	PI_15	104	2	0	642933	0	
2016-Jan-05 11:22:36	PI_15	105	2	0	642933	0	
2016-Jan-05 11:22:38	PI_15	106	2	0	642933	0	
2016-Jan-05 11:22:40	PI_15	107	2	0	642933	0	
2016-Jan-05 11:22:42	PI_15	108	2	0	642933	0	
2016-Jan-05 11:22:44	PI_15	109	2	2	1405754	0	0,1
2016-Jan-05 11:22:46	PI_15	110	2	0	642933	0	
2016-Jan-05 11:22:48	PI_15	111	2	0	642933	0	
2016-Jan-05 11:22:50	PI_15	112	2	2	1405754	0	0,1
2016-Jan-05 11:22:52	PI_15	113	2	0	642933	0	
2016-Jan-05 11:22:54	PI_15	114	2	2	1405754	0	0,1
2016-Jan-05 11:22:56	PI_15	115	2	0	642933	0	
2016-Jan-05 11:22:58	PI_15	116	2	2	1405754	0	0,1
2016-Jan-05 11:23:00	PI_15	117	2	0	642933	0	
2016-Jan-05 11:23:02	PI_15	118	2	2	1405754	0	0,1
2016-Jan-05 11:23:04	PI_15	119	2	2	1405754	0	0,1
2016-Jan-05 11:23:06	PI_15	120	2	0	642933	0	
2016-Jan-05 11:23:08	PI_15	121	2	0	642933	0	
2016-Jan-05 11:23:10	PI_15	122	2	0	642933	0	
2016-Jan-05 11:23:12	PI_15	123	2	0	642933	0	
2016-Jan-05 11:23:14	PI_15	124	2	0	642933	0	
2016-Jan-05 11:23:16	PI_15	125	2	2	1405754	0	0,1
2016-Jan-05 11:23:18	PI_15	126	2	0	642933	0	
2016-Jan-05 11:23:20	PI_15	127	2	0	642933	0	
2016-Jan-05 11:23:22	PI_15	128	2	2	1405754	0	0,1
2016-Jan-05 11:23:24	PI_15	129	2	0	642933	0	
2016-Jan-05 11:23:26	PI_15	130	2	0	642933	0	
2016-Jan-05 11:23:28	PI_15	131	2	2	1405754	0	0,1
2016-Jan-05 11:23:30	PI_15	132	2	0	642933	0	
2016-Jan-05 11:23:32	PI_15	133	2	0	642933	0	
2016-Jan-05 11:23:34	PI_15	134	2	1	997955	0	0
2016-Jan-05 11:23:36	PI_15	135	2	2	1405754	0	0,1
2016-Jan-05 11:23:38	PI_15	136	2	0	642933	0	
2016-Jan-05 11:23:40	PI_15	137	2	0	642933	0	
2016-Jan-05 11:23:42	PI_15	138	2	0	642933	0	
2016-Jan-05 11:23:44	PI_15	139	2	0	642933	0	
2016-Jan-05 11:23:46	PI_15	140	2	0	642933	0	
2016-Jan-05 11:23:48	PI_15	141	2	2	1405754	0	0,1
2016-Jan-05 11:23:50	PI_15	142	2	0	642933	0	
2016-Jan-05 11:23:52	PI_15	143	2	2	1405754	0	0,1
2016-Jan-05 11:23:54	PI_15	144	2	2	1405754	0	0,1
2016-Jan-05 11:23:56	PI_15	145	2	2	1405754	0	0,1
2016-Jan-05 11:23:58	PI_15	146	2	2	1405754	0	0,1
2016-Jan-05 11:24:00	PI_15	147	2	0	642933	0	
2016-Jan-05 11:24:02	PI_15	148	2	0	642933	0	
2016-Jan-05 11:24:04	PI_15	149	2	0	642933	0	
2016-Jan-05 11:24:06	PI_15	150	2	0	642933	0	
2016-Jan-05 11:24:08	PI_15	151	2	0	642933	0	
2016-Jan-05 11:24:10	PI_15	152	2	2	1405754	0	0,1
2016-Jan-05 11:24:12	PI_15	153	2	0	642933	0	
2016-Jan-05 11:24:14	PI_15	154	2	0	642933	0	
2016-Jan-05 11:24:16	PI_15	155	2	2	1405754	0	0,1
2016-Jan-05 11:24:18	PI_15	156	2	0	642933	0	
2016-Jan-05 11:24:20	PI_15	157	2	0	642933	0	
2016-Jan-05 11:24:22	PI_15	158	2	2	1405754	0	0,1
2016-Jan-05 11:24:24	PI_15	159	2	0	642933	0	
2016-Jan-05 11:24:26	PI_15	160	2	0	642933	0	
2016-Jan-05 11:24:28	PI_15	161	2	0	642933	0	
2016-Jan-05 11:24:30	PI_15	162	2	0	642933	0	
2016-Jan-05 11:24:32	PI_15	163	2	0	642933	0	
2016-Jan-05 11:24:34	PI_15	164	2	0	642933	0	
2016-Jan-05 11:24:36	PI_15	165	2	2	1405754	0	0,1
2016-Jan-05 11:24:38	PI_15	166	2	0	642933	0	
2016-Jan-05 11:24:40	PI_15	167	2	2	1405754	0	0,1
2016-Jan-05 11:24:42	PI_15	168	2	0	642933	0	
2016-Jan-05 11:24:44	PI_15	169	2	2	1405754	0	0,1
2016-Jan-05 11:24:46	PI_15	170	2	2	1405754	0	0,1
2016-Jan-05 11:24:48	PI_15	171	2	0	642933	0	
2016-Jan-05 11:24:50	PI_15	172	2	2	1405754	0	0,1
2016-Jan-05 11:24:52	PI_15	173	2	0	642933	0	
2016-Jan-05 11:24:54	PI_15	174	2	0	642933	0	
2016-Jan-05 11:24:56	PI_15	175	2	0	642933	0	
2016-Jan-05 11:24:58	PI_15	176	2	0	642933	0	
2016-Jan-05 11:25:00	PI_15	177	2	0	642933	0	
2016-Jan-05 11:25:02	PI_15	178	2	0	642933	0	
2016-Jan-05 11:25:04	PI_15	179	2	2	1405754	0	0,1
2016-Jan-05 11:25:06	PI_15	180	2	0	642933	0	
2016-Jan-05 11:25:08	PI_15	181	2	0	642933	0	
2016-Jan-05 11:25:10	PI_15	182	2	0	642933	0	
2016-Jan-05 11:25:12	PI_15	183	2	0	642933	0	
2016-Jan-05 11:25:14	PI_15	184	2	2	1405754	0	0,1
2016-Jan-05 11:25:16	PI_15	185	2	0	642933	0	
2016-Jan-05 11:25:18	PI_15	186	2	0	642933	0	
2016-Jan-05 11:25:20	PI_15	187	2	2	1405754	0	0,1
2016-Jan-05 11:25:22	PI_15	188	2	0	642933	0	
2016-Jan-05 11:25:24	PI_15	189	2	2	1405754	0	0,1
2016-Jan-05 11:25:26	PI_15	190	2	0	642933	0	
2016-Jan-05 11:25:28	PI_15	191	2	2	1405754	0	0,1
2016-Jan-05 11:25:30	PI_15	192	2	2	1405754	0	0,1
2016-Jan-05 11:25:32	PI_15	193	2	2	1405754	0	0,1
2016-Jan-05 11:25:34	PI_15	194	2	0	642933	0	
2016-Jan-05 11:25:36	PI_15	195	2	2	1405754	0	0,1
2016-Jan-05 11:25:38	PI_15	196	2	0	642933	0	
2016-Jan-05 11:25:40	PI_15	197	2	2	1405754	0	0,1
2016-Jan-05 11:25:42	PI_15	198	2	0	642933	0	
2016-Jan-05 11:25:44	PI_15	199	2	2	1405754	0	0,1
2016-Jan-05 11:25:46	PI_15	200	2	0	642933	0	
2016-Jan-05 11:25:48	PI_15	201	2	2	1405754	0	0,1
2016-Jan-05 11:25:50	PI_15	202	2	0	642933	0	
2016-Jan-05 11:25:52	PI_15	203	2	2	1405754	0	0,1
2016-Jan-05 11:25:54	PI_15	204	2	0	642933	0	
2016-Jan-05 11:25:56	PI_15	205	2	2	1405754	0	0,1
2016-Jan-05 11:25:58	PI_15	206	2	0	642933	0	
2016-Jan-05 11:26:00	PI_15	207	2	0	642933	0	
2016-Jan-05 11:26:02	PI_15	208	2	2	1405754	0	0,1
2016-Jan-05 11:26:04	PI_15	209	2	0	642933	0	
2016-Jan-05 11:26:06	PI_15	210	2	0	642933	0	
2016-Jan-05 11:26:08	PI_15	211	2	0	642933	0	
2016-Jan-05 11:26:10	PI_15	212	2	0	642933	0	
2016-Jan-05 11:26:12	PI_15	213	2	0	642933	0	
2016-Jan-05 11:26:14	PI_15	214	2	0	642933	0	
2016-Jan-05 11:26:16	PI_15	215	2	2	1405754	0	0,1
2016-Jan-05 11:26:18	PI_15	216	2	0	642933	0	
2016-Jan-05 11:26:20	PI_15	217	2	0	642933	0	
2016-Jan-05 11:26:22	PI_15	218	2	0	642933	0	
2016-Jan-05 11:26:24	PI_15	219	2	0	642933	0	
2016-Jan-05 11:26:26	PI_15	220	2	2	1405754	0	0,1
2016-Jan-05 11:26:28	PI_15	221	2	2	1405754	0	0,1
2016-Jan-05 11:26:30	PI_15	222	2	0	642933	0	
2016-Jan-05 11:26:32	PI_15	223	2	0	642933	0	
2016-Jan-05 11:26:34	PI_15	224	2	2	1405754	0	0,1
2016-Jan-05 11:26:36	PI_15	225	2	2	1405754	0	0,1
2016-Jan-05 11:26:38	PI_15	226	2	0	642933	0	
2016-Jan-05 11:26:40	PI_15	227	2	2	1405754	0	0,1
2016-Jan-05 11:26:42	PI_15	228	2	1	997955	0	0
2016-Jan-05 11:26:44	PI_15	229	2	2	1405754	0	0,1
2016-Jan-05 11:26:46	PI_15	230	2	2	1405754	0	0,1
2016-Jan-05 11:26:48	PI_15	231	2	2	1405754	0	0,1
2016-Jan-05 11:26:50	PI_15	232	2	0	642933	0	
2016-Jan-05 11:26:52	PI_15	233	2	2	1405754	0	0,1
2016-Jan-05 11:26:54	PI_15	234	2	0	642933	0	
2016-Jan-05 11:26:56	PI_15	235	2	2	1405754	0	0,1
2016-Jan-05 11:26:58	PI_15	236	2	0	642933	0	
2016-Jan-05 11:27:00	PI_15	237	2	2	1405754	0	0,1
2016-Jan-05 11:27:02	PI_15	238	2	2	1405754	0	0,1
2016-Jan-05 11:27:04	PI_15	239	2	2	1405754	0	0,1
2016-Jan-05 11:27:06	PI_15	240	2	0	642933	0	
2016-Jan-05 11:27:08	PI_15	241	2	2	1405754	0	0,1
2016-Jan-05 11:27:10	PI_15	242	2	2	1405754	0	0,1
2016-Jan-05 11:27:12	PI_15	243	2	2	1405754	0	0,1
2016-Jan-05 11:27:14	PI_15	244	2	0	642933	0	
2016-Jan-05 11:27:16	PI_15	245	2	2	1405754	0	0,1
2016-Jan-05 11:27:18	PI_15	246	2	2	1405754	0	0,1
2016-Jan-05 11:27:20	PI_15	247	2	0	642933	0	
2016-Jan-05 11:27:22	PI_15	248	2	2	1405754	0	0,1
2016-Jan-05 11:27:24	PI_15	249	2	0	642933	0	
2016-Jan-05 11:27:26	PI_15	250	2	0	642933	0	
2016-Jan-05 11:27:28	PI_15	251	2	1	997955	0	0
2016-Jan-05 11:27:30	PI_15	252	2	2	1405754	0	0,1
2016-Jan-05 11:27:32	PI_15	253	2	0	642933	0	
2016-Jan-05 11:27:34	PI_15	254	2	0	642933	0	
2016-Jan-05 11:27:36	PI_15	255	2	0	642933	0	
2016-Jan-05 11:27:38	PI_15	256	2	0	642933	0	
2016-Jan-05 11:27:40	PI_15	257	2	2	1405754	0	0,1
2016-Jan-05 11:27:42	PI_15	258	2	0	642933	0	
2016-Jan-05 11:27:44	PI_15	259	2	0	642933	0	
2016-Jan-05 11:27:46	PI_15	260	2	0	642933	0	
2016-Jan-05 11:27:48	PI_15	261	2	2	1405754	0	0,1
2016-Jan-05 11:27:50	PI_15	262	2	0	642933	0	
2016-Jan-05 11:27:52	PI_15	263	2	0	642933	0	
2016-Jan-05 11:27:54	PI_15	264	2	0	642933	0	
2016-Jan-05 11:27:56	PI_15	265	2	2	1405754	0	0,1
2016-Jan-05 11:27:58	PI_15	266	2	0	642933	0	
2016-Jan-05 11:28:00	PI_15	267	2	0	642933	0	
2016-Jan-05 11:28:02	PI_15	268	2	0	642933	0	
2016-Jan-05 11:28:04	PI_15	269	2	0	642933	0	
2016-Jan-05 11:28:06	PI_15	270	2	2	1405754	0	0,1
2016-Jan-05 11:28:08	PI_15	271	2	0	642933	0	
2016-Jan-05 11:28:10	PI_15	272	2	0	642933	0	
2016-Jan-05 11:28:12	PI_15	273	2	0	642933	0	
2016-Jan-05 11:28:14	PI_15	274	2	0	642933	0	
2016-Jan-05 11:28:16	PI_15	275	2	0	642933	0	
2016-Jan-05 11:28:18	PI_15	276	2	0	642933	0	
2016-Jan-05 11:28:20	PI_15	277	2	0	642933	0	
2016-Jan-05 11:28:22	PI_15	278	2	0	642933	0	
2016-Jan-05 11:28:24	PI_15	279	2	0	642933	0	
2016-Jan-05 11:28:26	PI_15	280	2	0	642933	0	
2016-Jan-05 11:28:28	PI_15	281	2	0	642933	0	
2016-Jan-05 11:28:30	PI_15	282	2	0	642933	0	
2016-Jan-05 11:28:32	PI_15	283	2	2	1405754	0	0,1
2016-Jan-05 11:28:34	PI_15	284	2	2	1405754	0	0,1
2016-Jan-05 11:28:36	PI_15	285	2	2	1405754	0	0,1
2016-Jan-05 11:28:38	PI_15	286	2	2	1405754	0	0,1
2016-Jan-05 11:28:40	PI_15	287	2	0	642933	0	
2016-Jan-05 11:28:42	PI_15	288	2	2	1405754	0	0,1
2016-Jan-05 11:28:44	PI_15	289	2	2	1405754	0	0,1
2016-Jan-05 11:28:46	PI_15	290	2	2	1405754	0	0,1
2016-Jan-05 11:28:48	PI_15	291	2	2	1405754	0	0,1
2016-Jan-05 11:28:50	PI_15	292	2	0	642933	0	
2016-Jan-05 11:28:52	PI_15	293	2	2	1405754	0	0,1
2016-Jan-05 11:28:54	PI_15	294	2	2	1405754	0	0,1
2016-Jan-05 11:28:56	PI_15	295	2	0	642933	0	
2016-Jan-05 11:28:58	PI_15	296	2	2	1405754	0	0,1
2016-Jan-05 11:29:00	PI_15	297	2	0	642933	0	
2016-Jan-05 11:29:02	PI_15	298	2	0	642933	0	
2016-Jan-05 11:29:04	PI_15	299	2	2	1405754	0	0,1
2016-Jan-05 11:29:06	PI_15	300	2	1	997955	0	0
2016-Jan-05 11:29:08	PI_15	301	2	1	997955	0	0
2016-Jan-05 11:29:10	PI_15	302	2	0	642933	0	
2016-Jan-05 11:29:12	PI_15	303	2	1	997955	0	0
2016-Jan-05 11:29:14	PI_15	304	2	1	997955	0	0
2016-Jan-05 11:29:16	PI_15	305	2	2	1405754	0	0,1
2016-Jan-05 11:29:18	PI_15	306	2	0	642933	0	
2016-Jan-05 11:29:20	PI_15	307	2	0	642933	0	
2016-Jan-05 11:29:22	PI_15	308	2	2	1405754	0	0,1
2016-Jan-05 11:29:24	PI_15	309	2	2	1405754	0	0,1
2016-Jan-05 11:29:26	PI_15	310	2	0	642933	0	
2016-Jan-05 11:29:28	PI_15	311	2	2	1405754	0	0,1
2016-Jan-05 11:29:30	PI_15	312	2	2	1405754	0	0,1
2016-Jan-05 11:29:32	PI_15	313	2	0	642933	0	
2016-Jan-05 11:29:34	PI_15	314	2	2	1405754	0	0,1
2016-Jan-05 11:29:36	PI_15	315	2	0	642933	0	
2016-Jan-05 11:29:38	PI_15	316	2	2	1405754	0	0,1
2016-Jan-05 11:29:40	PI_15	317	2	0	642933	0	
2016-Jan-05 11:29:42	PI_15	318	2	2	1405754	0	0,1
2016-Jan-05 11:29:44	PI_15	319	2	0	642933	0	
2016-Jan-05 11:29:46	PI_15	320	2	0	642933	0	
2016-Jan-05 11:29:48	PI_15	321	2	0	642933	0	
2016-Jan-05 11:29:50	PI_15	322	2	0	642933	0	
2016-Jan-05 11:29:52	PI_15	323	2	0	642933	0	
2016-Jan-05 11:29:54	PI_15	324	2	2	1405754	0	0,1
2016-Jan-05 11:29:56	PI_15	325	2	0	642933	0	
2016-Jan-05 11:29:58	PI_15	326	2	0	642933	0	
2016-Jan-05 11:30:00	PI_15	327	2	0	642933	0	
2016-Jan-05 11:30:02	PI_15	328	2	2	1405754	0	0,1
2016-Jan-05 11:30:04	PI_15	329	2	0	642933	0	
2016-Jan-05 11:30:06	PI_15	330	2	2	1405754	0	0,1
2016-Jan-05 11:30:08	PI_15	331	2	2	1405754	0	0,1
2016-Jan-05 11:30:10	PI_15	332	2	1	997955	0	0
2016-Jan-05 11:30:12	PI_15	333	2	1	997955	0	0
2016-Jan-05 11:30:14	PI_15	334	2	1	997955	0	0
2016-Jan-05 11:30:16	PI_15	335	2	2	1405754	0	0,1
2016-Jan-05 11:30:18	PI_15	336	2	2	1405754	0	0,1
2016-Jan-05 11:30:20	PI_15	337	2	0	642933	0	
2016-Jan-05 11:30:22	PI_15	338	2	0	642933	0	
2016-Jan-05 11:30:24	PI_15	339	2	2	1405754	0	0,1
2016-Jan-05 11:30:26	PI_15	340	2	2	1405754	0	0,1
2016-Jan-05 11:30:28	PI_15	341	2	0	642933	0	
2016-Jan-05 11:30:30	PI_15	342	2	2	1405754	0	0,1
2016-Jan-05 11:30:32	PI_15	343	2	0	642933	0	
2016-Jan-05 11:30:34	PI_15	344	2	0	642933	0	
2016-Jan-05 11:30:36	PI_15	345	2	2	1405754	0	0,1
2016-Jan-05 11:30:38	PI_15	346	2	2	1405754	0	0,1
2016-Jan-05 11:30:40	PI_15	347	2	0	642933	0	
2016-Jan-05 11:30:42	PI_15	348	2	2	1405754	0	0,1
2016-Jan-05 11:30:44	PI_15	349	2	2	1405754	0	0,1
2016-Jan-05 11:30:46	PI_15	350	2	0	642933	0	
2016-Jan-05 11:30:48	PI_15	351	2	2	1405754	0	0,1
2016-Jan-05 11:30:50	PI_15	352	2	0	642933	0	
2016-Jan-05 11:30:52	PI_15	353	2	0	642933	0	
2016-Jan-05 11:30:54	PI_15	354	2	2	1405754	0	0,1
2016-Jan-05 11:30:56	PI_15	355	2	0	642933	0	
2016-Jan-05 11:30:58	PI_15	356	2	2	1405754	0	0,1
2016-Jan-05 11:31:00	PI_15	357	2	0	642933	0	
2016-Jan-05 11:31:02	PI_15	358	2	2	1405754	0	0,1
2016-Jan-05 11:31:04	PI_15	359	2	0	642933	0	
2016-Jan-05 11:31:06	PI_15	360	2	0	642933	0	
2016-Jan-05 11:31:08	PI_15	361	2	2	1405754	0	0,1
2016-Jan-05 11:31:10	PI_15	362	2	0	642933	0	
2016-Jan-05 11:31:12	PI_15	363	2	0	642933	0	
2016-Jan-05 11:31:14	PI_15	364	2	0	642933	0	
2016-Jan-05 11:31:16	PI_15	365	2	2	1405754	0	0,1
2016-Jan-05 11:31:18	PI_15	366	2	2	1405754	0	0,1
2016-Jan-05 11:31:20	PI_15	367	2	2	1405754	0	0,1
2016-Jan-05 11:31:22	PI_15	368	2	0	642933	0	
2016-Jan-05 11:31:24	PI_15	369	2	2	1405754	0	0,1
2016-Jan-05 11:31:26	PI_15	370	2	0	642933	0	
2016-Jan-05 11:31:28	PI_15	371	2	2	1405754	0	0,1
2016-Jan-05 11:31:30	PI_15	372	2	0	642933	0	
2016-Jan-05 11:31:32	PI_15	373	2	2	1405754	0	0,1
2016-Jan-05 11:31:34	PI_15	374	2	2	1405754	0	0,1
2016-Jan-05 11:31:36	PI_15	375	2	0	642933	0	
2016-Jan-05 11:31:38	PI_15	376	2	2	1405754	0	0,1
2016-Jan-05 11:31:40	PI_15	377	2	0	642933	0	
2016-Jan-05 11:31:42	PI_15	378	2	0	642933	0	
2016-Jan-05 11:31:44	PI_15	379	2	0	642933	0	
2016-Jan-05 11:31:46	PI_15	380	2	2	1405754	0	0,1
2016-Jan-05 11:31:48	PI_15	381	2	0	642933	0	
2016-Jan-05 11:31:50	PI_15	382	2	0	642933	0	
2016-Jan-05 11:31:52	PI_15	383	2	0	642933	0	
2016-Jan-05 11:31:54	PI_15	384	2	2	1405754	0	0,1
2016-Jan-05 11:31:56	PI_15	385	2	0	642933	0	
2016-Jan-05 11:31:58	PI_15	386	2	0	642933	0	
2016-Jan-05 11:32:00	PI_15	387	2	2	1405754	0	0,1
2016-Jan-05 11:32:02	PI_15	388	2	0	642933	0	
2016-Jan-05 11:32:04	PI_15	389	2	2	1405754	0	0,1
2016-Jan-05 11:32:06	PI_15	390	2	0	642933	0	
2016-Jan-05 11:32:08	PI_15	391	2	0	642933	0	
2016-Jan-05 11:32:10	PI_15	392	2	0	642933	0	
2016-Jan-05 11:32:12	PI_15	393	2	0	642933	0	
2016-Jan-05 11:32:14	PI_15	394	2	2	1405754	0	0,1
2016-Jan-05 11:32:16	PI_15	395	2	0	642933	0	
2016-Jan-05 11:32:18	PI_15	396	2	0	642933	0	
2016-Jan-05 11:32:20	PI_15	397	2	2	1405754	0	0,1
2016-Jan-05 11:32:22	PI_15	398	2	0	642933	0	
2016-Jan-05 11:32:24	PI_15	399	2	0	642933	0	
2016-Jan-05 11:32:26	PI_15	400	2	0	642933	0	
2016-Jan-05 11:32:28	PI_15	401	2	0	642933	0	
2016-Jan-05 11:32:30	PI_15	402	2	0	642933	0	
2016-Jan-05 11:32:32	PI_15	403	2	0	642933	0	
2016-Jan-05 11:32:34	PI_15	404	2	0	642933	0	
2016-Jan-05 11:32:36	PI_15	405	2	0	642933	0	
2016-Jan-05 11:32:38	PI_15	406	2	0	642933	0	
2016-Jan-05 11:32:40	PI_15	407	2	0	642933	0	
2016-Jan-05 11:32:42	PI_15	408	2	0	642933	0	
2016-Jan-05 11:32:44	PI_15	409	2	0	642933	0	
2016-Jan-05 11:32:46	PI_15	410	2	0	642933	0	
2016-Jan-05 11:32:48	PI_15	411	2	0	642933	0	
2016-Jan-05 11:32:50	PI_15	412	2	0	642933	0	
2016-Jan-05 11:32:52	PI_15	413	2	2	1405754	0	0,1
2016-Jan-05 11:32:54	PI_15	414	2	0	642933	0	
2016-Jan-05 11:32:56	PI_15	415	2	2	1405754	0	0,1
2016-Jan-05 11:32:58	PI_15	416	2	0	642933	0	
2016-Jan-05 11:33:00	PI_15	417	2	0	642933	0	
2016-Jan-05 11:33:02	PI_15	418	2	0	642933	0	
2016-Jan-05 11:33:04	PI_15	419	2	2	1405754	0	0,1
2016-Jan-05 11:33:06	PI_15	420	2	0	642933	0	
2016-Jan-05 11:33:08	PI_15	421	2	2	1405754	0	0,1
2016-Jan-05 11:33:10	PI_15	422	2	0	642933	0	
2016-Jan-05 11:33:12	PI_15	423	2	0	642933	0	
2016-Jan-05 11:33:14	PI_15	424	2	2	1405754	0	0,1
2016-Jan-05 11:33:16	PI_15	425	2	0	642933	0	
2016-Jan-05 11:33:18	PI_15	426	2	0	642933	0	
2016-Jan-05 11:33:20	PI_15	427	2	2	1405754	0	0,1
2016-Jan-05 11:33:22	PI_15	428	2	0	642933	0	
2016-Jan-05 11:33:24	PI_15	429	2	0	642933	0	
2016-Jan-05 11:33:26	PI_15	430	2	0	642933	0	
2016-Jan-05 11:33:28	PI_15	431	2	0	642933	0	
2016-Jan-05 11:33:30	PI_15	432	2	0	642933	0	
2016-Jan-05 11:33:32	PI_15	433	2	0	642933	0	
2016-Jan-05 11:33:34	PI_15	434	2	0	642933	0	
2016-Jan-05 11:33:36	PI_15	435	2	0	642933	0	
2016-Jan-05 11:33:38	PI_15	436	2	0	642933	0	
2016-Jan-05 11:33:40	PI_15	437	2	0	642933	0	
2016-Jan-05 11:33:42	PI_15	438	2	0	642933	0	
2016-Jan-05 11:33:44	PI_15	439	2	2	1405754	0	0,1
2016-Jan-05 11:33:46	PI_15	440	2	0	642933	0	
2016-Jan-05 11:33:48	PI_15	441	2	0	642933	0	
2016-Jan-05 11:33:50	PI_15	442	2	2	1405754	0	0,1
2016-Jan-05 11:33:52	PI_15	443	2	0	642933	0	
2016-Jan-05 11:33:54	PI_15	444	2	0	642933	0	
2016-Jan-05 11:33:56	PI_15	445	2	0	642933	0	
2016-Jan-05 11:33:58	PI_15	446	2	0	642933	0	
2016-Jan-05 11:34:00	PI_15	447	2	2	1405754	0	0,1
2016-Jan-05 11:34:02	PI_15	448	2	0	642933	0	
2016-Jan-05 11:34:04	PI_15	449	2	0	642933	0	
2016-Jan-05 11:34:06	PI_15	450	2	0	642933	0	
2016-Jan-05 11:34:08	PI_15	451	2	2	1405754	0	0,1
2016-Jan-05 11:34:10	PI_15	452	2	0	642933	0	
2016-Jan-05 11:34:12	PI_15	453	2	2	1405754	0	0,1
2016-Jan-05 11:34:14	PI_15	454	2	0	642933	0	
2016-Jan-05 11:34:16	PI_15	455	2	0	642933	0	
2016-Jan-05 11:34:18	PI_15	456	2	2	1405754	0	0,1
2016-Jan-05 11:34:20	PI_15	457	2	0	642933	0	
2016-Jan-05 11:34:22	PI_15	458	2	1	997955	0	0
2016-Jan-05 11:34:24	PI_15	459	2	2	1405754	0	0,1
2016-Jan-05 11:34:26	PI_15	460	2	2	1405754	0	0,1
2016-Jan-05 11:34:28	PI_15	461	2	0	642933	0	
2016-Jan-05 11:34:30	PI_15	462	2	2	1405754	0	0,1
2016-Jan-05 11:34:32	PI_15	463	2	2	1405754	0	0,1
2016-Jan-05 11:34:34	PI_15	464	2	2	1405754	0	0,1
2016-Jan-05 11:34:36	PI_15	465	2	0	642933	0	
2016-Jan-05 11:34:38	PI_15	466	2	0	642933	0	
2016-Jan-05 11:34:40	PI_15	467	2	2	1405754	0	0,1
2016-Jan-05 11:34:42	PI_15	468	2	0	642933	0	
2016-Jan-05 11:34:44	PI_15	469	2	2	1405754	0	0,1
2016-Jan-05 11:34:46	PI_15	470	2	2	1405754	0	0,1
2016-Jan-05 11:34:48	PI_15	471	2	0	642933	0	
2016-Jan-05 11:34:50	PI_15	472	2	0	642933	0	
2016-Jan-05 11:34:52	PI_15	473	2	0	642933	0	
2016-Jan-05 11:34:54	PI_15	474	2	2	1405754	0	0,1
2016-Jan-05 11:34:56	PI_15	475	2	0	642933	0	
2016-Jan-05 11:34:58	PI_15	476	2	0	642933	0	
2016-Jan-05 11:35:00	PI_15	477	2	2	1405754	0	0,1
2016-Jan-05 11:35:02	PI_15	478	2	2	1405754	0	0,1
2016-Jan-05 11:35:04	PI_15	479	2	0	642933	0	
2016-Jan-05 11:35:06	PI_15	480	2	2	1405754	0	0,1
2016-Jan-05 11:35:08	PI_15	481	2	2	1405754	0	0,1
2016-Jan-05 11:35:10	PI_15	482	2	2	1405754	0	0,1
2016-Jan-05 11:35:12	PI_15	483	2	0	642933	0	
2016-Jan-05 11:35:14	PI_15	484	2	2	1405754	0	0,1
2016-Jan-05 11:35:16	PI_15	485	2	0	642933	0	
2016-Jan-05 11:35:18	PI_15	486	2	0	642933	0	
2016-Jan-05 11:35:20	PI_15	487	2	0	642933	0	
2016-Jan-05 11:35:22	PI_15	488	2	2	1405754	0	0,1
2016-Jan-05 11:35:24	PI_15	489	2	0	642933	0	
2016-Jan-05 11:35:26	PI_15	490	2	0	642933	0	
2016-Jan-05 11:35:28	PI_15	491	2	2	1405754	0	0,1
2016-Jan-05 11:35:30	PI_15	492	2	0	642933	0	
2016-Jan-05 11:35:32	PI_15	493	2	2	1405754	0	0,1
2016-Jan-05 11:35:34	PI_15	494	2	2	1405754	0	0,1
2016-Jan-05 11:35:36	PI_15	495	2	0	642933	0	
2016-Jan-05 11:35:38	PI_15	496	2	0	642933	0	
2016-Jan-05 11:35:40	PI_15	497	2	2	1405754	0	0,1
2016-Jan-05 11:35:42	PI_15	498	2	0	642933	0	
2016-Jan-05 11:35:44	PI_15	499	2	1	997955	0	0
2016-Jan-05 11:35:46	PI_15	500	2	2	1405754	0	0,1
2016-Jan-05 11:35:48	PI_15	501	2	0	642933	0	
2016-Jan-05 11:35:50	PI_15	502	2	2	1405754	0	0,1
2016-Jan-05 11:35:52	PI_15	503	2	2	1405754	0	0,1
2016-Jan-05 11:35:54	PI_15	504	2	0	642933	0	
2016-Jan-05 11:35:56	PI_15	505	2	0	642933	0	
2016-Jan-05 11:35:58	PI_15	506	2	2	1405754	0	0,1
2016-Jan-05 11:36:00	PI_15	507	2	0	642933	0	
2016-Jan-05 11:36:02	PI_15	508	2	0	642933	0	
2016-Jan-05 11:36:04	PI_15	509	2	0	642933	0	
2016-Jan-05 11:36:06	PI_15	510	2	0	642933	0	
2016-Jan-05 11:36:08	PI_15	511	2	2	1405754	0	0,1
2016-Jan-05 11:36:10	PI_15	512	2	0	642933	0	
2016-Jan-05 11:36:12	PI_15	513	2	2	1405754	0	0,1
2016-Jan-05 11:36:14	PI_15	514	2	0	642933	0	
2016-Jan-05 11:36:16	PI_15	515	2	2	1405754	0	0,1
2016-Jan-05 11:36:18	PI_15	516	2	0	642933	0	
2016-Jan-05 11:36:20	PI_15	517	2	0	642933	0	
2016-Jan-05 11:36:22	PI_15	518	2	0	642933	0	
2016-Jan-05 11:36:24	PI_15	519	2	0	642933	0	
2016-Jan-05 11:36:26	PI_15	520	2	0	642933	0	
2016-Jan-05 11:36:28	PI_15	521	2	2	1405754	0	0,1
2016-Jan-05 11:36:30	PI_15	522	2	0	642933	0	
2016-Jan-05 11:36:32	PI_15	523	2	2	1405754	0	0,1
2016-Jan-05 11:36:34	PI_15	524	2	0	642933	0	
2016-Jan-05 11:36:36	PI_15	525	2	2	1405754	0	0,1
2016-Jan-05 11:36:38	PI_15	526	2	0	642933	0	
2016-Jan-05 11:36:40	PI_15	527	2	2	1405754	0	0,1
2016-Jan-05 11:36:42	PI_15	528	2	0	642933	0	
2016-Jan-05 11:36:44	PI_15	529	2	0	642933	0	
2016-Jan-05 11:36:46	PI_15	530	2	0	642933	0	
2016-Jan-05 11:36:48	PI_15	531	2	0	642933	0	
2016-Jan-05 11:36:50	PI_15	532	2	0	642933	0	
2016-Jan-05 11:36:52	PI_15	533	2	0	642933	0	
2016-Jan-05 11:36:54	PI_15	534	2	0	642933	0	
2016-Jan-05 11:36:56	PI_15	535	2	0	642933	0	
2016-Jan-05 11:36:58	PI_15	536	2	0	642933	0	
2016-Jan-05 11:37:00	PI_15	537	2	0	642933	0	
2016-Jan-05 11:37:02	PI_15	538	2	0	642933	0	
2016-Jan-05 11:37:04	PI_15	539	2	0	642933	0	
2016-Jan-05 11:37:06	PI_15	540	2	0	642933	0	
2016-Jan-05 11:37:08	PI_15	541	2	0	642933	0	
2016-Jan-05 11:37:10	PI_15	542	2	0	642933	0	
2016-Jan-05 11:37:12	PI_15	543	2	0	642933	0	
2016-Jan-05 11:37:14	PI_15	544	2	0	642933	0	
2016-Jan-05 11:37:16	PI_15	545	2	0	642933	0	
2016-Jan-05 11:37:18	PI_15	546	2	0	642933	0	
2016-Jan-05 11:37:20	PI_15	547	2	0	642933	0	
2016-Jan-05 11:37:22	PI_15	548	2	0	642933	0	
2016-Jan-05 11:37:24	PI_15	549	2	0	642933	0	
2016-Jan-05 11:37:26	PI_15	550	2	0	642933	0	
2016-Jan-05 11:37:28	PI_15	551	2	0	642933	0	
2016-Jan-05 11:37:30	PI_15	552	2	2	1405754	0	0,1
2016-Jan-05 11:37:32	PI_15	553	2	0	642933	0	
2016-Jan-05 11:37:34	PI_15	554	2	0	642933	0	
2016-Jan-05 11:37:36	PI_15	555	2	0	642933	0	
2016-Jan-05 11:37:38	PI_15	556	2	2	1405754	0	0,1
2016-Jan-05 11:37:40	PI_15	557	2	0	642933	0	
2016-Jan-05 11:37:42	PI_15	558	2	0	642933	0	
2016-Jan-05 11:37:44	PI_15	559	2	0	642933	0	
2016-Jan-05 11:37:46	PI_15	560	2	0	642933	0	
2016-Jan-05 11:37:48	PI_15	561	2	0	642933	0	
2016-Jan-05 11:37:50	PI_15	562	2	0	642933	0	
2016-Jan-05 11:37:52	PI_15	563	2	2	1405754	0	0,1
2016-Jan-05 11:37:54	PI_15	564	2	0	642933	0	
2016-Jan-05 11:37:56	PI_15	565	2	2	1405754	0	0,1
2016-Jan-05 11:37:58	PI_15	566	2	2	1405754	0	0,1
2016-Jan-05 11:38:00	PI_15	567	2	2	1405754	0	0,1
2016-Jan-05 11:38:02	PI_15	568	2	0	642933	0	
2016-Jan-05 11:38:04	PI_15	569	2	0	642933	0	
2016-Jan-05 11:38:06	PI_15	570	2	0	642933	0	
2016-Jan-05 11:38:08	PI_15	571	2	2	1405754	0	0,1
2016-Jan-05 11:38:10	PI_15	572	2	2	1405754	0	0,1
2016-Jan-05 11:38:12	PI_15	573	2	0	642933	0	
2016-Jan-05 11:38:14	PI_15	574	2	2	1405754	0	0,1
2016-Jan-05 11:38:16	PI_15	575	2	0	642933	0	
2016-Jan-05 11:38:18	PI_15	576	2	2	1405754	0	0,1
2016-Jan-05 11:38:20	PI_15	577	2	2	1405754	0	0,1
2016-Jan-05 11:38:22	PI_15	578	2	2	1405754	0	0,1
2016-Jan-05 11:38:24	PI_15	579	2	0	642933	0	
2016-Jan-05 11:38:26	PI_15	580	2	2	1405754	0	0,1
2016-Jan-05 11:38:28	PI_15	581	2	2	1405754	0	0,1
2016-Jan-05 11:38:30	PI_15	582	2	0	642933	0	
2016-Jan-05 11:38:32	PI_15	583	2	0	642933	0	
2016-Jan-05 11:38:34	PI_15	584	2	0	642933	0	
2016-Jan-05 11:38:36	PI_15	585	2	2	1405754	0	0,1
2016-Jan-05 11:38:38	PI_15	586	2	0	642933	0	
2016-Jan-05 11:38:40	PI_15	587	2	0	642933	0	
2016-Jan-05 11:38:42	PI_15	588	2	0	642933	0	
2016-Jan-05 11:38:44	PI_15	589	2	0	642933	0	
2016-Jan-05 11:38:46	PI_15	590	2	0	642933	0	
2016-Jan-05 11:38:48	PI_15	591	2	0	642933	0	
2016-Jan-05 11:38:50	PI_15	592	2	0	642933	0	
2016-Jan-05 11:38:52	PI_15	593	2	2	1405754	0	0,1
2016-Jan-05 11:38:54	PI_15	594	2	2	1405754	0	0,1
2016-Jan-05 11:38:56	PI_15	595	2	2	1405754	0	0,1
2016-Jan-05 11:38:58	PI_15	596	2	0	642933	0	
2016-Jan-05 11:39:00	PI_15	597	2	2	1405754	0	0,1
2016-Jan-05 11:39:02	PI_15	598	2	2	1405754	0	0,1
2016-Jan-05 11:39:04	PI_15	599	2	2	1405754	0	0,1
2016-Jan-05 11:39:06	PI_15	600	2	0	642933	0	
2016-Jan-05 11:39:08	PI_15	601	2	2	1405754	0	0,1
2016-Jan-05 11:39:10	PI_15	602	2	2	1405754	0	0,1
2016-Jan-05 11:39:12	PI_15	603	2	2	1405754	0	0,1
2016-Jan-05 11:39:14	PI_15	604	2	0	642933	0	
2016-Jan-05 11:39:16	PI_15	605	2	2	1405754	0	0,1
2016-Jan-05 11:39:18	PI_15	606	2	1	997955	0	0
2016-Jan-05 11:39:20	PI_15	607	2	2	1405754	0	0,1
2016-Jan-05 11:39:22	PI_15	608	2	0	642933	0	
2016-Jan-05 11:39:24	PI_15	609	2	2	1405754	0	0,1
2016-Jan-05 11:39:26	PI_15	610	2	0	642933	0	
2016-Jan-05 11:39:28	PI_15	611	2	2	1405754	0	0,1
2016-Jan-05 11:39:30	PI_15	612	2	0	642933	0	
2016-Jan-05 11:39:32	PI_15	613	2	2	1405754	0	0,1
2016-Jan-05 11:39:34	PI_15	614	2	2	1405754	0	0,1
2016-Jan-05 11:39:36	PI_15	615	2	1	997955	0	0
2016-Jan-05 11:39:38	PI_15	616	2	1	997955	0	0
2016-Jan-05 11:39:40	PI_15	617	2	2	1405754	0	0,1
2016-Jan-05 11:39:42	PI_15	618	2	2	1405754	0	0,1
2016-Jan-05 11:39:44	PI_15	619	2	2	1405754	0	0,1
2016-Jan-05 11:39:46	PI_15	620	2	2	1405754	0	0,1
2016-Jan-05 11:39:48	PI_15	621	2	0	642933	0	
2016-Jan-05 11:39:50	PI_15	622	2	2	1405754	0	0,1
2016-Jan-05 11:39:52	PI_15	623	2	2	1405754	0	0,1
2016-Jan-05 11:39:54	PI_15	624	2	0	642933	0	
2016-Jan-05 11:39:56	PI_15	625	2	2	1405754	0	0,1
2016-Jan-05 11:39:58	PI_15	626	2	0	642933	0	
2016-Jan-05 11:40:00	PI_15	627	2	0	642933	0	
2016-Jan-05 11:40:02	PI_15	628	2	2	1405754	0	0,1
2016-Jan-05 11:40:04	PI_15	629	2	0	642933	0	
2016-Jan-05 11:40:06	PI_15	630	2	0	642933	0	
2016-Jan-05 11:40:08	PI_15	631	2	0	642933	0	
2016-Jan-05 11:40:10	PI_15	632	2	0	642933	0	
2016-Jan-05 11:40:12	PI_15	633	2	0	642933	0	
2016-Jan-05 11:40:14	PI_15	634	2	2	1405754	0	0,1
2016-Jan-05 11:40:16	PI_15	635	2	0	642933	0	
2016-Jan-05 11:40:18	PI_15	636	2	0	642933	0	
2016-Jan-05 11:40:20	PI_15	637	2	0	642933	0	
2016-Jan-05 11:40:22	PI_15	638	2	2	1405754	0	0,1
2016-Jan-05 11:40:24	PI_15	639	2	0	642933	0	
2016-Jan-05 11:40:26	PI_15	640	2	2	1405754	0	0,1
2016-Jan-05 11:40:28	PI_15	641	2	0	642933	0	
2016-Jan-05 11:40:30	PI_15	642	2	0	642933	0	
2016-Jan-05 11:40:32	PI_15	643	2	2	1405754	0	0,1
2016-Jan-05 11:40:34	PI_15	644	2	0	642933	0	
2016-Jan-05 11:40:36	PI_15	645	2	0	642933	0	
2016-Jan-05 11:40:38	PI_15	646	2	0	642933	0	
2016-Jan-05 11:40:40	PI_15	647	2	2	1405754	0	0,1
2016-Jan-05 11:40:42	PI_15	648	2	2	1405754	0	0,1
2016-Jan-05 11:40:44	PI_15	649	2	0	642933	0	
2016-Jan-05 11:40:46	PI_15	650	2	2	1405754	0	0,1
2016-Jan-05 11:40:48	PI_15	651	2	1	997955	0	0
2016-Jan-05 11:40:50	PI_15	652	2	1	997955	0	0
2016-Jan-05 11:40:52	PI_15	653	2	1	997955	0	0
2016-Jan-05 11:40:54	PI_15	654	2	1	997955	0	0
2016-Jan-05 11:40:56	PI_15	655	2	2	1405754	0	0,1
2016-Jan-05 11:40:58	PI_15	656	2	2	1405754	0	0,1
2016-Jan-05 11:41:00	PI_15	657	2	2	1405754	0	0,1
2016-Jan-05 11:41:02	PI_15	658	2	2	1405754	0	0,1
2016-Jan-05 11:41:04	PI_15	659	2	0	642933	0	
2016-Jan-05 11:41:06	PI_15	660	2	2	1405754	0	0,1
2016-Jan-05 11:41:08	PI_15	661	2	2	1405754	0	0,1
2016-Jan-05 11:41:10	PI_15	662	2	0	642933	0	
2016-Jan-05 11:41:12	PI_15	663	2	2	1405754	0	0,1
2016-Jan-05 11:41:14	PI_15	664	2	2	1405754	0	0,1
2016-Jan-05 11:41:16	PI_15	665	2	0	642933	0	
2016-Jan-05 11:41:18	PI_15	666	2	0	642933	0	
2016-Jan-05 11:41:20	PI_15	667	2	1	997955	0	0
2016-Jan-05 11:41:22	PI_15	668	2	1	997955	0	0
2016-Jan-05 11:41:24	PI_15	669	2	2	1405754	0	0,1
2016-Jan-05 11:41:26	PI_15	670	2	0	642933	0	
2016-Jan-05 11:41:28	PI_15	671	2	2	1405754	0	0,1
2016-Jan-05 11:41:30	PI_15	672	2	0	642933	0	
2016-Jan-05 11:41:32	PI_15	673	2	2	1405754	0	0,1
2016-Jan-05 11:41:34	PI_15	674	2	0	642933	0	
2016-Jan-05 11:41:36	PI_15	675	2	2	1405754	0	0,1
2016-Jan-05 11:41:38	PI_15	676	2	0	642933	0	
2016-Jan-05 11:41:40	PI_15	677	2	0	642933	0	
2016-Jan-05 11:41:42	PI_15	678	2	2	1405754	0	0,1
2016-Jan-05 11:41:44	PI_15	679	2	0	642933	0	
2016-Jan-05 11:41:46	PI_15	680	2	2	1405754	0	0,1
2016-Jan-05 11:41:48	PI_15	681	2	0	642933	0	
2016-Jan-05 11:41:50	PI_15	682	2	2	1405754	0	0,1
2016-Jan-05 11:41:52	PI_15	683	2	0	642933	0	
2016-Jan-05 11:41:54	PI_15	684	2	2	1405754	0	0,1
2016-Jan-05 11:41:56	PI_15	685	2	0	642933	0	
2016-Jan-05 11:41:58	PI_15	686	2	2	1405754	0	0,1
2016-Jan-05 11:42:00	PI_15	687	2	0	642933	0	
2016-Jan-05 11:42:02	PI_15	688	2	0	642933	0	
2016-Jan-05 11:42:04	PI_15	689	2	0	642933	0	
2016-Jan-05 11:42:06	PI_15	690	2	0	642933	0	
2016-Jan-05 11:42:08	PI_15	691	2	2	1405754	0	0,1
2016-Jan-05 11:42:10	PI_15	692	2	0	642933	0	
2016-Jan-05 11:42:12	PI_15	693	2	0	642933	0	
2016-Jan-05 11:42:14	PI_15	694	2	0	642933	0	
2016-Jan-05 11:42:16	PI_15	695	2	0	642933	0	
2016-Jan-05 11:42:18	PI_15	696	2	2	1405754	0	0,1
2016-Jan-05 11:42:20	PI_15	697	2	0	642933	0	
2016-Jan-05 11:42:22	PI_15	698	2	0	642933	0	
2016-Jan-05 11:42:24	PI_15	699	2	2	1405754	0	0,1
2016-Jan-05 11:42:26	PI_15	700	2	0	642933	0	
2016-Jan-05 11:42:28	PI_15	701	2	2	1405754	0	0,1
2016-Jan-05 11:42:30	PI_15	702	2	2	1405754	0	0,1
2016-Jan-05 11:42:32	PI_15	703	2	0	642933	0	
2016-Jan-05 11:42:34	PI_15	704	2	2	1405754	0	0,1
2016-Jan-05 11:42:36	PI_15	705	2	0	642933	0	
2016-Jan-05 11:42:38	PI_15	706	2	2	1405754	0	0,1
2016-Jan-05 11:42:40	PI_15	707	2	2	1405754	0	0,1
2016-Jan-05 11:42:42	PI_15	708	2	2	1405754	0	0,1
2016-Jan-05 11:42:44	PI_15	709	2	0	642933	0	
2016-Jan-05 11:42:46	PI_15	710	2	2	1405754	0	0,1
2016-Jan-05 11:42:48	PI_15	711	2	2	1405754	0	0,1
2016-Jan-05 11:42:50	PI_15	712	2	2	1405754	0	0,1
2016-Jan-05 11:42:52	PI_15	713	2	0	642933	0	
2016-Jan-05 11:42:54	PI_15	714	2	1	997955	0	0
2016-Jan-05 11:42:56	PI_15	715	2	1	997955	0	0
2016-Jan-05 11:42:58	PI_15	716	2	1	997955	0	0
2016-Jan-05 11:43:00	PI_15	717	2	1	997955	0	0
2016-Jan-05 11:43:02	PI_15	718	2	1	997955	0	0
2016-Jan-05 11:43:04	PI_15	719	2	2	1405754	0	0,1
2016-Jan-05 11:43:06	PI_15	720	2	2	1405754	0	0,1
2016-Jan-05 11:43:08	PI_15	721	2	0	642933	0	
2016-Jan-05 11:43:10	PI_15	722	2	0	642933	0	
2016-Jan-05 11:43:12	PI_15	723	2	0	642933	0	
2016-Jan-05 11:43:14	PI_15	724	2	0	642933	0	
2016-Jan-05 11:43:16	PI_15	725	2	2	1405754	0	0,1
2016-Jan-05 11:43:18	PI_15	726	2	0	642933	0	
2016-Jan-05 11:43:20	PI_15	727	2	2	1405754	0	0,1
2016-Jan-05 11:43:22	PI_15	728	2	0	642933	0	
2016-Jan-05 11:43:24	PI_15	729	2	2	1405754	0	0,1
2016-Jan-05 11:43:26	PI_15	730	2	2	1405754	0	0,1
2016-Jan-05 11:43:28	PI_15	731	2	0	642933	0	
2016-Jan-05 11:43:30	PI_15	732	2	2	1405754	0	0,1
2016-Jan-05 11:43:32	PI_15	733	2	2	1405754	0	0,1
2016-Jan-05 11:43:34	PI_15	734	2	2	1405754	0	0,1
2016-Jan-05 11:43:36	PI_15	735	2	0	642933	0	
2016-Jan-05 11:43:38	PI_15	736	2	2	1405754	0	0,1
2016-Jan-05 11:43:40	PI_15	737	2	0	642933	0	
2016-Jan-05 11:43:42	PI_15	738	2	2	1405754	0	0,1
2016-Jan-05 11:43:44	PI_15	739	2	2	1405754	0	0,1
2016-Jan-05 11:43:46	PI_15	740	2	0	642933	0	
2016-Jan-05 11:43:48	PI_15	741	2	2	1405754	0	0,1
2016-Jan-05 11:43:50	PI_15	742	2	0	642933	0	
2016-Jan-05 11:43:52	PI_15	743	2	1	997955	0	0
2016-Jan-05 11:43:54	PI_15	744	2	2	1405754	0	0,1
2016-Jan-05 11:43:56	PI_15	745	2	0	642933	0	
2016-Jan-05 11:43:58	PI_15	746	2	0	642933	0	
2016-Jan-05 11:44:00	PI_15	747	2	0	642933	0	
2016-Jan-05 11:44:02	PI_15	748	2	2	1405754	0	0,1
2016-Jan-05 11:44:04	PI_15	749	2	0	642933	0	
2016-Jan-05 11:44:06	PI_15	750	2	0	642933	0	
2016-Jan-05 11:44:08	PI_15	751	2	0	642933	0	
2016-Jan-05 11:44:10	PI_15	752	2	0	642933	0	
2016-Jan-05 11:44:12	PI_15	753	2	2	1405754	0	0,1
2016-Jan-05 11:44:14	PI_15	754	2	0	642933	0	
2016-Jan-05 11:44:16	PI_15	755	2	0	642933	0	
2016-Jan-05 11:44:18	PI_15	756	2	0	642933	0	
2016-Jan-05 11:44:20	PI_15	757	2	0	642933	0	
2016-Jan-05 11:44:22	PI_15	758	2	0	642933	0	
2016-Jan-05 11:44:24	PI_15	759	2	0	642933	0	
2016-Jan-05 11:44:26	PI_15	760	2	0	642933	0	
2016-Jan-05 11:44:28	PI_15	761	2	0	642933	0	
2016-Jan-05 11:44:30	PI_15	762	2	0	642933	0	
2016-Jan-05 11:44:32	PI_15	763	2	2	1405754	0	0,1
2016-Jan-05 11:44:34	PI_15	764	2	0	642933	0	
2016-Jan-05 11:44:36	PI_15	765	2	0	642933	0	
2016-Jan-05 11:44:38	PI_15	766	2	0	642933	0	
2016-Jan-05 11:44:40	PI_15	767	2	2	1405754	0	0,1
2016-Jan-05 11:44:42	PI_15	768	2	0	642933	0	
2016-Jan-05 11:44:44	PI_15	769	2	2	1405754	0	0,1
2016-Jan-05 11:44:46	PI_15	770	2	0	642933	0	
2016-Jan-05 11:44:48	PI_15	771	2	2	1405754	0	0,1
2016-Jan-05 11:44:50	PI_15	772	2	0	642933	0	
2016-Jan-05 11:44:52	PI_15	773	2	2	1405754	0	0,1
2016-Jan-05 11:44:54	PI_15	774	2	0	642933	0	
2016-Jan-05 11:44:56	PI_15	775	2	2	1405754	0	0,1
2016-Jan-05 11:44:58	PI_15	776	2	0	642933	0	
2016-Jan-05 11:45:00	PI_15	777	2	2	1405754	0	0,1
2016-Jan-05 11:45:02	PI_15	778	2	2	1405754	0	0,1
2016-Jan-05 11:45:04	PI_15	779	2	0	642933	0	
2016-Jan-05 11:45:06	PI_15	780	2	1	997955	0	0
2016-Jan-05 11:45:08	PI_15	781	2	1	997955	0	0
2016-Jan-05 11:45:10	PI_15	782	2	1	997955	0	0
2016-Jan-05 11:45:12	PI_15	783	2	2	1405754	0	0,1
2016-Jan-05 11:45:14	PI_15	784	2	2	1405754	0	0,1
2016-Jan-05 11:45:16	PI_15	785	2	2	1405754	0	0,1
2016-Jan-05 11:45:18	PI_15	786	2	0	642933	0	
2016-Jan-05 11:45:20	PI_15	787	2	0	642933	0	
2016-Jan-05 11:45:22	PI_15	788	2	2	1405754	0	0,1
2016-Jan-05 11:45:24	PI_15	789	2	0	642933	0	
2016-Jan-05 11:45:26	PI_15	790	2	0	642933	0	
2016-Jan-05 11:45:28	PI_15	791	2	0	642933	0	
2016-Jan-05 11:45:30	PI_15	792	2	0	642933	0	
2016-Jan-05 11:45:32	PI_15	793	2	0	642933	0	
2016-Jan-05 11:45:34	PI_15	794	2	0	642933	0	
2016-Jan-05 11:45:36	PI_15	795	2	0	642933	0	
2016-Jan-05 11:45:38	PI_15	796	2	2	1405754	0	0,1
2016-Jan-05 11:45:40	PI_15	797	2	0	642933	0	
2016-Jan-05 11:45:42	PI_15	798	2	0	642933	0	
2016-Jan-05 11:45:44	PI_15	799	2	2	1405754	0	0,1
2016-Jan-05 11:45:46	PI_15	800	2	0	642933	0	
2016-Jan-05 11:45:48	PI_15	801	2	2	1405754	0	0,1
2016-Jan-05 11:45:50	PI_15	802	2	2	1405754	0	0,1
2016-Jan-05 11:45:52	PI_15	803	2	0	642933	0	
2016-Jan-05 11:45:54	PI_15	804	2	2	1405754	0	0,1
2016-Jan-05 11:45:56	PI_15	805	2	0	642933	0	
2016-Jan-05 11:45:58	PI_15	806	2	2	1405754	0	0,1
2016-Jan-05 11:46:00	PI_15	807	2	0	642933	0	
2016-Jan-05 11:46:02	PI_15	808	2	2	1405754	0	0,1
2016-Jan-05 11:46:04	PI_15	809	2	0	642933	0	
2016-Jan-05 11:46:06	PI_15	810	2	0	642933	0	
2016-Jan-05 11:46:08	PI_15	811	2	0	642933	0	
2016-Jan-05 11:46:10	PI_15	812	2	0	642933	0	
2016-Jan-05 11:46:12	PI_15	813	2	2	1405754	0	0,1
2016-Jan-05 11:46:14	PI_15	814	2	0	642933	0	
2016-Jan-05 11:46:16	PI_15	815	2	0	642933	0	
2016-Jan-05 11:46:18	PI_15	816	2	1	997955	0	0
2016-Jan-05 11:46:20	PI_15	817	2	2	1405754	0	0,1
2016-Jan-05 11:46:22	PI_15	818	2	0	642933	0	
2016-Jan-05 11:46:24	PI_15	819	2	0	642933	0	
2016-Jan-05 11:46:26	PI_15	820	2	2	1405754	0	0,1
2016-Jan-05 11:46:28	PI_15	821	2	0	642933	0	
2016-Jan-05 11:46:30	PI_15	822	2	1	997955	0	0
2016-Jan-05 11:46:32	PI_15	823	2	0	642933	0	
2016-Jan-05 11:46:34	PI_15	824	2	2	1405754	0	0,1
2016-Jan-05 11:46:36	PI_15	825	2	0	642933	0	
2016-Jan-05 11:46:38	PI_15	826	2	2	1405754	0	0,1
2016-Jan-05 11:46:40	PI_15	827	2	0	642933	0	
2016-Jan-05 11:46:42	PI_15	828	2	2	1405754	0	0,1
2016-Jan-05 11:46:44	PI_15	829	2	0	642933	0	
2016-Jan-05 11:46:46	PI_15	830	2	0	642933	0	
2016-Jan-05 11:46:48	PI_15	831	2	0	642933	0	
2016-Jan-05 11:46:50	PI_15	832	2	0	642933	0	
2016-Jan-05 11:46:52	PI_15	833	2	2	1405754	0	0,1
2016-Jan-05 11:46:54	PI_15	834	2	0	642933	0	
2016-Jan-05 11:46:56	PI_15	835	2	0	642933	0	
2016-Jan-05 11:46:58	PI_15	836	2	2	1405754	0	0,1
2016-Jan-05 11:47:00	PI_15	837	2	0	642933	0	
2016-Jan-05 11:47:02	PI_15	838	2	2	1405754	0	0,1
2016-Jan-05 11:47:04	PI_15	839	2	2	1405754	0	0,1
2016-Jan-05 11:47:06	PI_15	840	2	0	642933	0	
2016-Jan-05 11:47:08	PI_15	841	2	2	1405754	0	0,1
2016-Jan-05 11:47:10	PI_15	842	2	2	1405754	0	0,1
2016-Jan-05 11:47:12	PI_15	843	2	2	1405754	0	0,1
2016-Jan-05 11:47:14	PI_15	844	2	0	642933	0	
2016-Jan-05 11:47:16	PI_15	845	2	2	1405754	0	0,1
2016-Jan-05 11:47:18	PI_15	846	2	2	1405754	0	0,1
2016-Jan-05 11:47:20	PI_15	847	2	2	1405754	0	0,1
2016-Jan-05 11:47:22	PI_15	848	2	1	997955	0	0
2016-Jan-05 11:47:24	PI_15	849	2	1	997955	0	0
2016-Jan-05 11:47:26	PI_15	850	2	1	997955	0	0
2016-Jan-05 11:47:28	PI_15	851	2	1	997955	0	0
2016-Jan-05 11:47:30	PI_15	852	2	1	997955	0	0
2016-Jan-05 11:47:32	PI_15	853	2	1	997955	0	0
2016-Jan-05 11:47:34	PI_15	854	2	2	1405754	0	0,1
2016-Jan-05 11:47:36	PI_15	855	2	1	997955	0	0
2016-Jan-05 11:47:38	PI_15	856	2	2	1405754	0	0,1
2016-Jan-05 11:47:40	PI_15	857	2	0	642933	0	
2016-Jan-05 11:47:42	PI_15	858	2	0	642933	0	
2016-Jan-05 11:47:44	PI_15	859	2	0	642933	0	
2016-Jan-05 11:47:46	PI_15	860	2	0	642933	0	
2016-Jan-05 11:47:48	PI_15	861	2	0	642933	0	
2016-Jan-05 11:47:50	PI_15	862	2	0	642933	0	
2016-Jan-05 11:47:52	PI_15	863	2	0	642933	0	
2016-Jan-05 11:47:54	PI_15	864	2	2	1405754	0	0,1
2016-Jan-05 11:47:56	PI_15	865	2	0	642933	0	
2016-Jan-05 11:47:58	PI_15	866	2	2	1405754	0	0,1
2016-Jan-05 11:48:00	PI_15	867	2	2	1405754	0	0,1
2016-Jan-05 11:48:02	PI_15	868	2	0	642933	0	
2016-Jan-05 11:48:04	PI_15	869	2	2	1405754	0	0,1
2016-Jan-05 11:48:06	PI_15	870	2	2	1405754	0	0,1
2016-Jan-05 11:48:08	PI_15	871	2	0	642933	0	
2016-Jan-05 11:48:10	PI_15	872	2	2	1405754	0	0,1
2016-Jan-05 11:48:12	PI_15	873	2	2	1405754	0	0,1
2016-Jan-05 11:48:14	PI_15	874	2	2	1405754	0	0,1
2016-Jan-05 11:48:16	PI_15	875	2	2	1405754	0	0,1
2016-Jan-05 11:48:18	PI_15	876	2	1	997955	0	0
2016-Jan-05 11:48:20	PI_15	877	2	1	997955	0	0
2016-Jan-05 11:48:22	PI_15	878	2	1	997955	0	0
2016-Jan-05 11:48:24	PI_15	879	2	1	997955	0	0
2016-Jan-05 11:48:26	PI_15	880	2	2	1405754	0	0,1
2016-Jan-05 11:48:28	PI_15	881	2	1	997955	0	0
2016-Jan-05 11:48:30	PI_15	882	2	1	997955	0	0
2016-Jan-05 11:48:32	PI_15	883	2	1	997955	0	0
2016-Jan-05 11:48:34	PI_15	884	2	1	997955	0	0
2016-Jan-05 11:48:36	PI_15	885	2	2	1405754	0	0,1
2016-Jan-05 11:48:38	PI_15	886	2	2	1405754	0	0,1
2016-Jan-05 11:48:40	PI_15	887	2	0	642933	0	
2016-Jan-05 11:48:42	PI_15	888	2	2	1405754	0	0,1
2016-Jan-05 11:48:44	PI_15	889	2	0	642933	0	
2016-Jan-05 11:48:46	PI_15	890	2	0	642933	0	
2016-Jan-05 11:48:48	PI_15	891	2	0	642933	0	
2016-Jan-05 11:48:50	PI_15	892	2	2	1405754	0	0,1
2016-Jan-05 11:48:52	PI_15	893	2	0	642933	0	
2016-Jan-05 11:48:54	PI_15	894	2	0	642933	0	
2016-Jan-05 11:48:56	PI_15	895	2	0	642933	0	
2016-Jan-05 11:48:58	PI_15	896	2	0	642933	0	
2016-Jan-05 11:49:00	PI_15	897	2	2	1405754	0	0,1
2016-Jan-05 11:49:02	PI_15	898	2	0	642933	0	
2016-Jan-05 11:49:04	PI_15	899	2	2	1405754	0	0,1
2016-Jan-05 11:49:06	PI_15	900	2	0	642933	0	
2016-Jan-05 11:49:08	PI_15	901	2	0	642933	0	
2016-Jan-05 11:49:10	PI_15	902	2	2	1405754	0	0,1
2016-Jan-05 11:49:12	PI_15	903	2	0	642933	0	
2016-Jan-05 11:49:14	PI_15	904	2	0	642933	0	
2016-Jan-05 11:49:16	PI_15	905	2	0	642933	0	
2016-Jan-05 11:49:18	PI_15	906	2	2	1405754	0	0,1
2016-Jan-05 11:49:20	PI_15	907	2	0	642933	0	
2016-Jan-05 11:49:22	PI_15	908	2	2	1405754	0	0,1
2016-Jan-05 11:49:24	PI_15	909	2	0	642933	0	
2016-Jan-05 11:49:26	PI_15	910	2	2	1405754	0	0,1
2016-Jan-05 11:49:28	PI_15	911	2	0	642933	0	
2016-Jan-05 11:49:30	PI_15	912	2	1	997955	0	0
2016-Jan-05 11:49:32	PI_15	913	2	2	1405754	0	0,1
2016-Jan-05 11:49:34	PI_15	914	2	0	642933	0	
2016-Jan-05 11:49:36	PI_15	915	2	0	642933	0	
2016-Jan-05 11:49:38	PI_15	916	2	0	642933	0	
2016-Jan-05 11:49:40	PI_15	917	2	0	642933	0	
2016-Jan-05 11:49:42	PI_15	918	2	0	642933	0	
2016-Jan-05 11:49:44	PI_15	919	2	2	1405754	0	0,1
2016-Jan-05 11:49:46	PI_15	920	2	0	642933	0	
2016-Jan-05 11:49:48	PI_15	921	2	0	642933	0	
2016-Jan-05 11:49:50	PI_15	922	2	2	1405754	0	0,1
2016-Jan-05 11:49:52	PI_15	923	2	0	642933	0	
2016-Jan-05 11:49:54	PI_15	924	2	2	1405754	0	0,1
2016-Jan-05 11:49:56	PI_15	925	2	0	642933	0	
2016-Jan-05 11:49:58	PI_15	926	2	2	1405754	0	0,1
2016-Jan-05 11:50:00	PI_15	927	2	0	642933	0	
2016-Jan-05 11:50:02	PI_15	928	2	0	642933	0	
2016-Jan-05 11:50:04	PI_15	929	2	0	642933	0	
2016-Jan-05 11:50:06	PI_15	930	2	2	1405754	0	0,1
2016-Jan-05 11:50:08	PI_15	931	2	0	642933	0	
2016-Jan-05 11:50:10	PI_15	932	2	0	642933	0	
2016-Jan-05 11:50:12	PI_15	933	2	2	1405754	0	0,1
2016-Jan-05 11:50:14	PI_15	934	2	0	642933	0	
2016-Jan-05 11:50:16	PI_15	935	2	0	642933	0	
2016-Jan-05 11:50:18	PI_15	936	2	0	642933	0	
2016-Jan-05 11:50:20	PI_15	937	2	0	642933	0	
2016-Jan-05 11:50:22	PI_15	938	2	0	642933	0	
2016-Jan-05 11:50:24	PI_15	939	2	0	642933	0	
2016-Jan-05 11:50:26	PI_15	940	2	0	642933	0	
2016-Jan-05 11:50:28	PI_15	941	2	0	642933	0	
2016-Jan-05 11:50:30	PI_15	942	2	0	642933	0	
2016-Jan-05 11:50:32	PI_15	943	2	0	642933	0	
2016-Jan-05 11:50:34	PI_15	944	2	2	1405754	0	0,1
2016-Jan-05 11:50:36	PI_15	945	2	0	642933	0	
2016-Jan-05 11:50:38	PI_15	946	2	0	642933	0	
2016-Jan-05 11:50:40	PI_15	947	2	0	642933	0	
2016-Jan-05 11:50:42	PI_15	948	2	0	642933	0	
2016-Jan-05 11:50:44	PI_15	949	2	0	642933	0	
2016-Jan-05 11:50:46	PI_15	950	2	0	642933	0	
2016-Jan-05 11:50:48	PI_15	951	2	0	642933	0	
2016-Jan-05 11:50:50	PI_15	952	2	0	642933	0	
2016-Jan-05 11:50:52	PI_15	953	2	0	642933	0	
2016-Jan-05 11:50:54	PI_15	954	2	0	642933	0	
2016-Jan-05 11:50:56	PI_15	955	2	0	642933	0	
2016-Jan-05 11:50:58	PI_15	956	2	2	1405754	0	0,1
2016-Jan-05 11:51:00	PI_15	957	2	0	642933	0	
2016-Jan-05 11:51:02	PI_15	958	2	0	642933	0	
2016-Jan-05 11:51:04	PI_15	959	2	2	1405754	0	0,1
2016-Jan-05 11:51:06	PI_15	960	2	0	642933	0	
2016-Jan-05 11:51:08	PI_15	961	2	0	642933	0	
2016-Jan-05 11:51:10	PI_15	962	2	2	1405754	0	0,1
2016-Jan-05 11:51:12	PI_15	963	2	0	642933	0	
2016-Jan-05 11:51:14	PI_15	964	2	2	1405754	0	0,1
2016-Jan-05 11:51:16	PI_15	965	2	0	642933	0	
2016-Jan-05 11:51:18	PI_15	966	2	2	1405754	0	0,1
2016-Jan-05 11:51:20	PI_15	967	2	0	642933	0	
2016-Jan-05 11:51:22	PI_15	968	2	0	642933	0	
2016-Jan-05 11:51:24	PI_15	969	2	2	1405754	0	0,1
2016-Jan-05 11:51:26	PI_15	970	2	0	642933	0	
2016-Jan-05 11:51:28	PI_15	971	2	0	642933	0	
2016-Jan-05 11:51:30	PI_15	972	2	2	1405754	0	0,1
2016-Jan-05 11:51:32	PI_15	973	2	2	1405754	0	0,1
2016-Jan-05 11:51:34	PI_15	974	2	2	1405754	0	0,1
2016-Jan-05 11:51:36	PI_15	975	2	2	1405754	0	0,1
2016-Jan-05 11:51:38	PI_15	976	2	0	642933	0	
2016-Jan-05 11:51:40	PI_15	977	2	2	1405754	0	0,1
2016-Jan-05 11:51:42	PI_15	978	2	2	1405754	0	0,1
2016-Jan-05 11:51:44	PI_15	979	2	0	642933	0	
2016-Jan-05 11:51:46	PI_15	980	2	2	1405754	0	0,1
2016-Jan-05 11:51:48	PI_15	981	2	2	1405754	0	0,1
2016-Jan-05 11:51:50	PI_15	982	2	2	1405754	0	0,1
2016-Jan-05 11:51:52	PI_15	983	2	2	1405754	0	0,1
2016-Jan-05 11:51:54	PI_15	984	2	0	642933	0	
2016-Jan-05 11:51:56	PI_15	985	2	2	1405754	0	0,1
2016-Jan-05 11:51:58	PI_15	986	2	2	1405754	0	0,1
2016-Jan-05 11:52:00	PI_15	987	2	2	1405754	0	0,1
2016-Jan-05 11:52:02	PI_15	988	2	0	642933	0	
2016-Jan-05 11:52:04	PI_15	989	2	2	1405754	0	0,1
2016-Jan-05 11:52:06	PI_15	990	2	2	1405754	0	0,1
2016-Jan-05 11:52:08	PI_15	991	2	0	642933	0	
2016-Jan-05 11:52:10	PI_15	992	2	2	1405754	0	0,1
2016-Jan-05 11:52:12	PI_15	993	2	0	642933	0	
2016-Jan-05 11:52:14	PI_15	994	2	2	1405754	0	0,1
2016-Jan-05 11:52:16	PI_15	995	2	2	1405754	0	0,1
2016-Jan-05 11:52:18	PI_15	996	2	2	1405754	0	0,1
2016-Jan-05 11:52:20	PI_15	997	2	0	642933	0	
2016-Jan-05 11:52:22	PI_15	998	2	2	1405754	0	0,1
2016-Jan-05 11:52:24	PI_15	999	2	0	642933	0	
2016-Jan-05 11:52:26	PI_15	1000	2	2	1405754	0	0,1
2016-Jan-05 11:52:28	PI_15	1001	2	0	642933	0	
2016-Jan-05 11:52:30	PI_15	1002	2	2	1405754	0	0,1
2016-Jan-05 11:52:32	PI_15	1003	2	0	642933	0	
2016-Jan-05 11:52:34	PI_15	1004	2	2	1405754	0	0,1
2016-Jan-05 11:52:36	PI_15	1005	2	0	642933	0	
2016-Jan-05 11:52:38	PI_15	1006	2	0	642933	0	
2016-Jan-05 11:52:40	PI_15	1007	2	2	1405754	0	0,1
2016-Jan-05 11:52:42	PI_15	1008	2	0	642933	0	
2016-Jan-05 11:52:44	PI_15	1009	2	2	1405754	0	0,1
2016-Jan-05 11:52:46	PI_15	1010	2	0	642933	0	
2016-Jan-05 11:52:48	PI_15	1011	2	0	642933	0	
2016-Jan-05 11:52:50	PI_15	1012	2	2	1405754	0	0,1
2016-Jan-05 11:52:52	PI_15	1013	2	0	642933	0	
2016-Jan-05 11:52:54	PI_15	1014	2	0	642933	0	
2016-Jan-05 11:52:56	PI_15	1015	2	0	642933	0	
2016-Jan-05 11:52:58	PI_15	1016	2	0	642933	0	
2016-Jan-05 11:53:00	PI_15	1017	2	0	642933	0	
2016-Jan-05 11:53:02	PI_15	1018	2	0	642933	0	
2016-Jan-05 11:53:04	PI_15	1019	2	0	642933	0	
2016-Jan-05 11:53:06	PI_15	1020	2	2	1405754	0	0,1
2016-Jan-05 11:53:08	PI_15	1021	2	0	642933	0	
2016-Jan-05 11:53:10	PI_15	1022	2	0	642933	0	
2016-Jan-05 11:53:12	PI_15	1023	2	0	642933	0	
2016-Jan-05 11:53:14	PI_15	1024	2	0	642933	0	
2016-Jan-05 11:53:16	PI_15	1025	2	0	642933	0	
2016-Jan-05 11:53:18	PI_15	1026	2	0	642933	0	
2016-Jan-05 11:53:20	PI_15	1027	2	2	1405754	0	0,1
2016-Jan-05 11:53:22	PI_15	1028	2	2	1405754	0	0,1
2016-Jan-05 11:53:24	PI_15	1029	2	2	1405754	0	0,1
2016-Jan-05 11:53:26	PI_15	1030	2	1	997955	0	0
2016-Jan-05 11:53:28	PI_15	1031	2	1	997955	0	0
2016-Jan-05 11:53:30	PI_15	1032	2	2	1405754	0	0,1
2016-Jan-05 11:53:32	PI_15	1033	2	0	642933	0	
2016-Jan-05 11:53:34	PI_15	1034	2	2	1405754	0	0,1
2016-Jan-05 11:53:36	PI_15	1035	2	2	1405754	0	0,1
2016-Jan-05 11:53:38	PI_15	1036	2	2	1405754	0	0,1
2016-Jan-05 11:53:40	PI_15	1037	2	2	1405754	0	0,1
2016-Jan-05 11:53:42	PI_15	1038	2	2	1405754	0	0,1
2016-Jan-05 11:53:44	PI_15	1039	2	1	997955	0	0
2016-Jan-05 11:53:46	PI_15	1040	2	1	997955	0	0
2016-Jan-05 11:53:48	PI_15	1041	2	1	997955	0	0
2016-Jan-05 11:53:50	PI_15	1042	2	1	997955	0	0
2016-Jan-05 11:53:52	PI_15	1043	2	1	997955	0	0
2016-Jan-05 11:53:54	PI_15	1044	2	1	997955	0	0
2016-Jan-05 11:53:56	PI_15	1045	2	1	997955	0	0
2016-Jan-05 11:53:58	PI_15	1046	2	1	997955	0	0
2016-Jan-05 11:54:00	PI_15	1047	2	1	997955	0	0
2016-Jan-05 11:54:02	PI_15	1048	2	1	997955	0	0
2016-Jan-05 11:54:04	PI_15	1049	2	1	997955	0	0
2016-Jan-05 11:54:06	PI_15	1050	2	1	997955	0	0
2016-Jan-05 11:54:08	PI_15	1051	2	1	997955	0	0
2016-Jan-05 11:54:10	PI_15	1052	2	1	997955	0	0
2016-Jan-05 11:54:12	PI_15	1053	2	1	997955	0	0
2016-Jan-05 11:54:14	PI_15	1054	2	1	997955	0	0
2016-Jan-05 11:54:16	PI_15	1055	2	2	1405754	0	0,1
2016-Jan-05 11:54:18	PI_15	1056	2	1	997955	0	0
2016-Jan-05 11:54:20	PI_15	1057	2	2	1405754	0	0,1
2016-Jan-05 11:54:22	PI_15	1058	2	2	1405754	0	0,1
2016-Jan-05 11:54:24	PI_15	1059	2	2	1405754	0	0,1
2016-Jan-05 11:54:26	PI_15	1060	2	2	1405754	0	0,1
2016-Jan-05 11:54:28	PI_15	1061	2	2	1405754	0	0,1
2016-Jan-05 11:54:30	PI_15	1062	2	2	1405754	0	0,1
2016-Jan-05 11:54:32	PI_15	1063	2	2	1405754	0	0,1
2016-Jan-05 11:54:34	PI_15	1064	2	1	997955	0	0
2016-Jan-05 11:54:36	PI_15	1065	2	2	1405754	0	0,1
2016-Jan-05 11:54:38	PI_15	1066	2	2	1405754	0	0,1
2016-Jan-05 11:54:40	PI_15	1067	2	2	1405754	0	0,1
2016-Jan-05 11:54:42	PI_15	1068	2	2	1405754	0	0,1
2016-Jan-05 11:54:44	PI_15	1069	2	2	1405754	0	0,1
2016-Jan-05 11:54:46	PI_15	1070	2	2	1405754	0	0,1
2016-Jan-05 11:54:48	PI_15	1071	2	0	642933	0	
2016-Jan-05 11:54:50	PI_15	1072	2	2	1405754	0	0,1
2016-Jan-05 11:54:52	PI_15	1073	2	0	642933	0	
2016-Jan-05 11:54:54	PI_15	1074	2	0	642933	0	
2016-Jan-05 11:54:56	PI_15	1075	2	2	1405754	0	0,1
2016-Jan-05 11:54:58	PI_15	1076	2	0	642933	0	
2016-Jan-05 11:55:00	PI_15	1077	2	0	642933	0	
2016-Jan-05 11:55:02	PI_15	1078	2	2	1405754	0	0,1
2016-Jan-05 11:55:04	PI_15	1079	2	0	642933	0	
2016-Jan-05 11:55:06	PI_15	1080	2	0	642933	0	
2016-Jan-05 11:55:08	PI_15	1081	2	0	642933	0	
2016-Jan-05 11:55:10	PI_15	1082	2	2	1405754	0	0,1
2016-Jan-05 11:55:12	PI_15	1083	2	0	642933	0	
2016-Jan-05 11:55:14	PI_15	1084	2	0	642933	0	
2016-Jan-05 11:55:16	PI_15	1085	2	0	642933	0	
2016-Jan-05 11:55:18	PI_15	1086	2	0	642933	0	
2016-Jan-05 11:55:20	PI_15	1087	2	0	642933	0	
2016-Jan-05 11:55:22	PI_15	1088	2	2	1405754	0	0,1
2016-Jan-05 11:55:24	PI_15	1089	2	0	642933	0	
2016-Jan-05 11:55:26	PI_15	1090	2	0	642933	0	
2016-Jan-05 11:55:28	PI_15	1091	2	0	642933	0	
2016-Jan-05 11:55:30	PI_15	1092	2	2	1405754	0	0,1
2016-Jan-05 11:55:32	PI_15	1093	2	0	642933	0	
2016-Jan-05 11:55:34	PI_15	1094	2	0	642933	0	
2016-Jan-05 11:55:36	PI_15	1095	2	0	642933	0	
2016-Jan-05 11:55:38	PI_15	1096	2	2	1405754	0	0,1
2016-Jan-05 11:55:40	PI_15	1097	2	0	642933	0	
2016-Jan-05 11:55:42	PI_15	1098	2	0	642933	0	
2016-Jan-05 11:55:44	PI_15	1099	2	0	642933	0	
2016-Jan-05 11:55:46	PI_15	1100	2	2	1405754	0	0,1
2016-Jan-05 11:55:48	PI_15	1101	2	0	642933	0	
2016-Jan-05 11:55:50	PI_15	1102	2	0	642933	0	
2016-Jan-05 11:55:52	PI_15	1103	2	2	1405754	0	0,1
2016-Jan-05 11:55:54	PI_15	1104	2	2	1405754	0	0,1
2016-Jan-05 11:55:56	PI_15	1105	2	0	642933	0	
2016-Jan-05 11:55:58	PI_15	1106	2	2	1405754	0	0,1
2016-Jan-05 11:56:00	PI_15	1107	2	2	1405754	0	0,1
2016-Jan-05 11:56:02	PI_15	1108	2	1	997955	0	0
2016-Jan-05 11:56:04	PI_15	1109	2	1	997955	0	0
2016-Jan-05 11:56:06	PI_15	1110	2	1	997955	0	0
2016-Jan-05 11:56:08	PI_15	1111	2	1	997955	0	0
2016-Jan-05 11:56:10	PI_15	1112	2	2	1405754	0	0,1
2016-Jan-05 11:56:12	PI_15	1113	2	2	1405754	0	0,1
2016-Jan-05 11:56:14	PI_15	1114	2	0	642933	0	
2016-Jan-05 11:56:16	PI_15	1115	2	0	642933	0	
2016-Jan-05 11:56:18	PI_15	1116	2	2	1405754	0	0,1
2016-Jan-05 11:56:20	PI_15	1117	2	0	642933	0	
2016-Jan-05 11:56:22	PI_15	1118	2	0	642933	0	
2016-Jan-05 11:56:24	PI_15	1119	2	0	642933	0	
2016-Jan-05 11:56:26	PI_15	1120	2	0	642933	0	
2016-Jan-05 11:56:28	PI_15	1121	2	2	1405754	0	0,1
2016-Jan-05 11:56:30	PI_15	1122	2	0	642933	0	
2016-Jan-05 11:56:32	PI_15	1123	2	0	642933	0	
2016-Jan-05 11:56:34	PI_15	1124	2	0	642933	0	
2016-Jan-05 11:56:36	PI_15	1125	2	0	642933	0	
2016-Jan-05 11:56:38	PI_15	1126	2	0	642933	0	
2016-Jan-05 11:56:40	PI_15	1127	2	0	642933	0	
2016-Jan-05 11:56:42	PI_15	1128	2	0	642933	0	
2016-Jan-05 11:56:44	PI_15	1129	2	0	642933	0	
2016-Jan-05 11:56:46	PI_15	1130	2	0	642933	0	
2016-Jan-05 11:56:48	PI_15	1131	2	0	642933	0	
2016-Jan-05 11:56:50	PI_15	1132	2	2	1405754	0	0,1
2016-Jan-05 11:56:52	PI_15	1133	2	0	642933	0	
2016-Jan-05 11:56:54	PI_15	1134	2	0	642933	0	
2016-Jan-05 11:56:56	PI_15	1135	2	0	642933	0	
2016-Jan-05 11:56:58	PI_15	1136	2	1	997955	0	0
2016-Jan-05 11:57:00	PI_15	1137	2	2	1405754	0	0,1
2016-Jan-05 11:57:02	PI_15	1138	2	0	642933	0	
2016-Jan-05 11:57:04	PI_15	1139	2	2	1405754	0	0,1
2016-Jan-05 11:57:06	PI_15	1140	2	0	642933	0	
2016-Jan-05 11:57:08	PI_15	1141	2	0	642933	0	
2016-Jan-05 11:57:10	PI_15	1142	2	2	1405754	0	0,1
2016-Jan-05 11:57:12	PI_15	1143	2	0	642933	0	
2016-Jan-05 11:57:14	PI_15	1144	2	2	1405754	0	0,1
2016-Jan-05 11:57:16	PI_15	1145	2	2	1405754	0	0,1
2016-Jan-05 11:57:18	PI_15	1146	2	0	642933	0	
2016-Jan-05 11:57:20	PI_15	1147	2	2	1405754	0	0,1
2016-Jan-05 11:57:22	PI_15	1148	2	2	1405754	0	0,1
2016-Jan-05 11:57:24	PI_15	1149	2	0	642933	0	
2016-Jan-05 11:57:26	PI_15	1150	2	2	1405754	0	0,1
2016-Jan-05 11:57:28	PI_15	1151	2	0	642933	0	
2016-Jan-05 11:57:30	PI_15	1152	2	2	1405754	0	0,1
2016-Jan-05 11:57:32	PI_15	1153	2	0	642933	0	
2016-Jan-05 11:57:34	PI_15	1154	2	0	642933	0	
2016-Jan-05 11:57:36	PI_15	1155	2	2	1405754	0	0,1
2016-Jan-05 11:57:38	PI_15	1156	2	0	642933	0	
2016-Jan-05 11:57:40	PI_15	1157	2	0	642933	0	
2016-Jan-05 11:57:42	PI_15	1158	2	0	642933	0	
2016-Jan-05 11:57:44	PI_15	1159	2	0	642933	0	
2016-Jan-05 11:57:46	PI_15	1160	2	0	642933	0	
2016-Jan-05 11:57:48	PI_15	1161	2	0	642933	0	
2016-Jan-05 11:57:50	PI_15	1162	2	2	1405754	0	0,1
2016-Jan-05 11:57:52	PI_15	1163	2	0	642933	0	
2016-Jan-05 11:57:54	PI_15	1164	2	0	642933	0	
2016-Jan-05 11:57:56	PI_15	1165	2	0	642933	0	
2016-Jan-05 11:57:58	PI_15	1166	2	0	642933	0	
2016-Jan-05 11:58:00	PI_15	1167	2	0	642933	0	
2016-Jan-05 11:58:02	PI_15	1168	2	0	642933	0	
2016-Jan-05 11:58:04	PI_15	1169	2	0	642933	0	
2016-Jan-05 11:58:06	PI_15	1170	2	0	642933	0	
2016-Jan-05 11:58:08	PI_15	1171	2	0	642933	0	
2016-Jan-05 11:58:10	PI_15	1172	2	0	642933	0	
2016-Jan-05 11:58:12	PI_15	1173	2	0	642933	0	
2016-Jan-05 11:58:14	PI_15	1174	2	0	642933	0	
2016-Jan-05 11:58:16	PI_15	1175	2	0	642933	0	
2016-Jan-05 11:58:18	PI_15	1176	2	0	642933	0	
2016-Jan-05 11:58:20	PI_15	1177	2	0	642933	0	
2016-Jan-05 11:58:22	PI_15	1178	2	0	642933	0	
2016-Jan-05 11:58:24	PI_15	1179	2	0	642933	0	
2016-Jan-05 11:58:26	PI_15	1180	2	0	642933	0	
2016-Jan-05 11:58:28	PI_15	1181	2	0	642933	0	
2016-Jan-05 11:58:30	PI_15	1182	2	0	642933	0	
2016-Jan-05 11:58:32	PI_15	1183	2	0	642933	0	
2016-Jan-05 11:58:34	PI_15	1184	2	1	997955	0	0
2016-Jan-05 11:58:36	PI_15	1185	2	0	642933	0	
2016-Jan-05 11:58:38	PI_15	1186	2	2	1405754	0	0,1
2016-Jan-05 11:58:40	PI_15	1187	2	0	642933	0	
2016-Jan-05 11:58:42	PI_15	1188	2	0	642933	0	
2016-Jan-05 11:58:44	PI_15	1189	2	2	1405754	0	0,1
2016-Jan-05 11:58:46	PI_15	1190	2	0	642933	0	
2016-Jan-05 11:58:48	PI_15	1191	2	0	642933	0	
2016-Jan-05 11:58:50	PI_15	1192	2	2	1405754	0	0,1
2016-Jan-05 11:58:52	PI_15	1193	2	0	642933	0	
2016-Jan-05 11:58:54	PI_15	1194	2	0	642933	0	
2016-Jan-05 11:58:56	PI_15	1195	2	0	642933	0	
2016-Jan-05 11:58:58	PI_15	1196	2	2	1405754	0	0,1
2016-Jan-05 11:59:00	PI_15	1197	2	0	642933	0	
2016-Jan-05 11:59:02	PI_15	1198	2	0	642933	0	
2016-Jan-05 11:59:04	PI_15	1199	2	0	642933	0	
2016-Jan-05 11:59:06	PI_15	1200	2	0	642933	0	
2016-Jan-05 11:59:08	PI_15	1201	2	0	642933	0	
2016-Jan-05 11:59:10	PI_15	1202	2	0	642933	0	
2016-Jan-05 11:59:12	PI_15	1203	2	2	1405754	0	0,1
2016-Jan-05 11:59:14	PI_15	1204	2	2	1405754	0	0,1
2016-Jan-05 11:59:16	PI_15	1205	2	0	642933	0	
2016-Jan-05 11:59:18	PI_15	1206	2	2	1405754	0	0,1
2016-Jan-05 11:59:20	PI_15	1207	2	2	1405754	0	0,1
2016-Jan-05 11:59:22	PI_15	1208	2	2	1405754	0	0,1
2016-Jan-05 11:59:24	PI_15	1209	2	2	1405754	0	0,1
2016-Jan-05 11:59:26	PI_15	1210	2	0	642933	0	
2016-Jan-05 11:59:28	PI_15	1211	2	0	642933	0	
2016-Jan-05 11:59:30	PI_15	1212	2	1	997955	0	0
2016-Jan-05 11:59:32	PI_15	1213	2	2	1405754	0	0,1
2016-Jan-05 11:59:34	PI_15	1214	2	2	1405754	0	0,1
2016-Jan-05 11:59:36	PI_15	1215	2	0	642933	0	
2016-Jan-05 11:59:38	PI_15	1216	2	2	1405754	0	0,1
2016-Jan-05 11:59:40	PI_15	1217	2	0	642933	0	
2016-Jan-05 11:59:42	PI_15	1218	2	2	1405754	0	0,1
2016-Jan-05 11:59:44	PI_15	1219	2	0	642933	0	
2016-Jan-05 11:59:46	PI_15	1220	2	2	1405754	0	0,1
2016-Jan-05 11:59:48	PI_15	1221	2	0	642933	0	
2016-Jan-05 11:59:50	PI_15	1222	2	2	1405754	0	0,1
2016-Jan-05 11:59:52	PI_15	1223	2	0	642933	0	
2016-Jan-05 11:59:54	PI_15	1224	2	0	642933	0	
2016-Jan-05 11:59:56	PI_15	1225	2	2	1405754	0	0,1
2016-Jan-05 11:59:58	PI_15	1226	2	0	642933	0	
2016-Jan-05 12:00:00	PI_15	1227	2	0	642933	0	
2016-Jan-05 12:00:02	PI_15	1228	2	0	642933	0	
2016-Jan-05 12:00:04	PI_15	1229	2	2	1405754	0	0,1
2016-Jan-05 12:00:06	PI_15	1230	2	0	642933	0	
2016-Jan-05 12:00:08	PI_15	1231	2	0	642933	0	
2016-Jan-05 12:00:10	PI_15	1232	2	2	1405754	0	0,1
2016-Jan-05 12:00:12	PI_15	1233	2	0	642933	0	
2016-Jan-05 12:00:14	PI_15	1234	2	2	1405754	0	0,1
2016-Jan-05 12:00:16	PI_15	1235	2	0	642933	0	
2016-Jan-05 12:00:18	PI_15	1236	2	0	642933	0	
2016-Jan-05 12:00:20	PI_15	1237	2	2	1405754	0	0,1
2016-Jan-05 12:00:22	PI_15	1238	2	0	642933	0	
2016-Jan-05 12:00:24	PI_15	1239	2	2	1405754	0	0,1
2016-Jan-05 12:00:26	PI_15	1240	2	0	642933	0	
2016-Jan-05 12:00:28	PI_15	1241	2	2	1405754	0	0,1
2016-Jan-05 12:00:30	PI_15	1242	2	0	642933	0	
2016-Jan-05 12:00:32	PI_15	1243	2	2	1405754	0	0,1
2016-Jan-05 12:00:34	PI_15	1244	2	0	642933	0	
2016-Jan-05 12:00:36	PI_15	1245	2	2	1405754	0	0,1
2016-Jan-05 12:00:38	PI_15	1246	2	0	642933	0	
2016-Jan-05 12:00:40	PI_15	1247	2	2	1405754	0	0,1
2016-Jan-05 12:00:42	PI_15	1248	2	0	642933	0	
2016-Jan-05 12:00:44	PI_15	1249	2	2	1405754	0	0,1
2016-Jan-05 12:00:46	PI_15	1250	2	0	642933	0	
2016-Jan-05 12:00:48	PI_15	1251	2	0	642933	0	
2016-Jan-05 12:00:50	PI_15	1252	2	2	1405754	0	0,1
2016-Jan-05 12:00:52	PI_15	1253	2	0	642933	0	
2016-Jan-05 12:00:54	PI_15	1254	2	2	1405754	0	0,1
2016-Jan-05 12:00:56	PI_15	1255	2	0	642933	0	
2016-Jan-05 12:00:58	PI_15	1256	2	2	1405754	0	0,1
2016-Jan-05 12:01:00	PI_15	1257	2	0	642933	0	
2016-Jan-05 12:01:02	PI_15	1258	2	0	642933	0	
2016-Jan-05 12:01:04	PI_15	1259	2	2	1405754	0	0,1
2016-Jan-05 12:01:06	PI_15	1260	2	0	642933	0	
2016-Jan-05 12:01:08	PI_15	1261	2	0	642933	0	
2016-Jan-05 12:01:10	PI_15	1262	2	2	1405754	0	0,1
2016-Jan-05 12:01:12	PI_15	1263	2	0	642933	0	
2016-Jan-05 12:01:14	PI_15	1264	2	0	642933	0	
2016-Jan-05 12:01:16	PI_15	1265	2	0	642933	0	
2016-Jan-05 12:01:18	PI_15	1266	2	0	642933	0	
2016-Jan-05 12:01:20	PI_15	1267	2	0	642933	0	
2016-Jan-05 12:01:22	PI_15	1268	2	0	642933	0	
2016-Jan-05 12:01:24	PI_15	1269	2	0	642933	0	
2016-Jan-05 12:01:26	PI_15	1270	2	0	642933	0	
2016-Jan-05 12:01:28	PI_15	1271	2	0	642933	0	
2016-Jan-05 12:01:30	PI_15	1272	2	0	642933	0	
2016-Jan-05 12:01:32	PI_15	1273	2	0	642933	0	
2016-Jan-05 12:01:34	PI_15	1274	2	0	642933	0	
2016-Jan-05 12:01:36	PI_15	1275	2	0	642933	0	
2016-Jan-05 12:01:38	PI_15	1276	2	2	1405754	0	0,1
2016-Jan-05 12:01:40	PI_15	1277	2	0	642933	0	
2016-Jan-05 12:01:42	PI_15	1278	2	0	642933	0	
2016-Jan-05 12:01:44	PI_15	1279	2	0	642933	0	
2016-Jan-05 12:01:46	PI_15	1280	2	0	642933	0	
2016-Jan-05 12:01:48	PI_15	1281	2	0	642933	0	
2016-Jan-05 12:01:50	PI_15	1282	2	2	1405754	0	0,1
2016-Jan-05 12:01:52	PI_15	1283	2	0	642933	0	
2016-Jan-05 12:01:54	PI_15	1284	2	0	642933	0	
2016-Jan-05 12:01:56	PI_15	1285	2	0	642933	0	
2016-Jan-05 12:01:58	PI_15	1286	2	2	1405754	0	0,1
2016-Jan-05 12:02:00	PI_15	1287	2	0	642933	0	
2016-Jan-05 12:02:02	PI_15	1288	2	2	1405754	0	0,1
2016-Jan-05 12:02:04	PI_15	1289	2	2	1405754	0	0,1
2016-Jan-05 12:02:06	PI_15	1290	2	2	1405754	0	0,1
2016-Jan-05 12:02:08	PI_15	1291	2	0	642933	0	
2016-Jan-05 12:02:10	PI_15	1292	2	2	1405754	0	0,1
2016-Jan-05 12:02:12	PI_15	1293	2	2	1405754	0	0,1
2016-Jan-05 12:02:14	PI_15	1294	2	0	642933	0	
2016-Jan-05 12:02:16	PI_15	1295	2	2	1405754	0	0,1
2016-Jan-05 12:02:18	PI_15	1296	2	2	1405754	0	0,1
2016-Jan-05 12:02:20	PI_15	1297	2	0	642933	0	
2016-Jan-05 12:02:22	PI_15	1298	2	2	1405754	0	0,1
2016-Jan-05 12:02:24	PI_15	1299	2	0	642933	0	
2016-Jan-05 12:02:26	PI_15	1300	2	0	642933	0	
2016-Jan-05 12:02:28	PI_15	1301	2	2	1405754	0	0,1
2016-Jan-05 12:02:30	PI_15	1302	2	0	642933	0	
2016-Jan-05 12:02:32	PI_15	1303	2	0	642933	0	
2016-Jan-05 12:02:34	PI_15	1304	2	0	642933	0	
2016-Jan-05 12:02:36	PI_15	1305	2	2	1405754	0	0,1
2016-Jan-05 12:02:38	PI_15	1306	2	0	642933	0	
2016-Jan-05 12:02:40	PI_15	1307	2	0	642933	0	
2016-Jan-05 12:02:42	PI_15	1308	2	0	642933	0	
2016-Jan-05 12:02:44	PI_15	1309	2	0	642933	0	
2016-Jan-05 12:02:46	PI_15	1310	2	0	642933	0	
2016-Jan-05 12:02:48	PI_15	1311	2	0	642933	0	
2016-Jan-05 12:02:50	PI_15	1312	2	2	1405754	0	0,1
2016-Jan-05 12:02:52	PI_15	1313	2	0	642933	0	
2016-Jan-05 12:02:54	PI_15	1314	2	0	642933	0	
2016-Jan-05 12:02:56	PI_15	1315	2	0	642933	0	
2016-Jan-05 12:02:58	PI_15	1316	2	0	642933	0	
2016-Jan-05 12:03:00	PI_15	1317	2	2	1405754	0	0,1
2016-Jan-05 12:03:02	PI_15	1318	2	0	642933	0	
2016-Jan-05 12:03:04	PI_15	1319	2	0	642933	0	
2016-Jan-05 12:03:06	PI_15	1320	2	0	642933	0	
2016-Jan-05 12:03:08	PI_15	1321	2	2	1405754	0	0,1
2016-Jan-05 12:03:10	PI_15	1322	2	0	642933	0	
2016-Jan-05 12:03:12	PI_15	1323	2	0	642933	0	
2016-Jan-05 12:03:14	PI_15	1324	2	2	1405754	0	0,1
2016-Jan-05 12:03:16	PI_15	1325	2	2	1405754	0	0,1
2016-Jan-05 12:03:18	PI_15	1326	2	0	642933	0	
2016-Jan-05 12:03:20	PI_15	1327	2	2	1405754	0	0,1
2016-Jan-05 12:03:22	PI_15	1328	2	0	642933	0	
2016-Jan-05 12:03:24	PI_15	1329	2	0	642933	0	
2016-Jan-05 12:03:26	PI_15	1330	2	0	642933	0	
2016-Jan-05 12:03:28	PI_15	1331	2	0	642933	0	
2016-Jan-05 12:03:30	PI_15	1332	2	1	997955	0	0
2016-Jan-05 12:03:32	PI_15	1333	2	0	642933	0	
2016-Jan-05 12:03:34	PI_15	1334	2	2	1405754	0	0,1
2016-Jan-05 12:03:36	PI_15	1335	2	0	642933	0	
2016-Jan-05 12:03:38	PI_15	1336	2	2	1405754	0	0,1
2016-Jan-05 12:03:40	PI_15	1337	2	0	642933	0	
2016-Jan-05 12:03:42	PI_15	1338	2	0	642933	0	
2016-Jan-05 12:03:44	PI_15	1339	2	0	642933	0	
2016-Jan-05 12:03:46	PI_15	1340	2	2	1405754	0	0,1
2016-Jan-05 12:03:48	PI_15	1341	2	0	642933	0	
2016-Jan-05 12:03:50	PI_15	1342	2	0	642933	0	
2016-Jan-05 12:03:52	PI_15	1343	2	0	642933	0	
2016-Jan-05 12:03:54	PI_15	1344	2	2	1405754	0	0,1
2016-Jan-05 12:03:56	PI_15	1345	2	0	642933	0	
2016-Jan-05 12:03:58	PI_15	1346	2	2	1405754	0	0,1
2016-Jan-05 12:04:00	PI_15	1347	2	0	642933	0	
2016-Jan-05 12:04:02	PI_15	1348	2	0	642933	0	
2016-Jan-05 12:04:04	PI_15	1349	2	0	642933	0	
2016-Jan-05 12:04:06	PI_15	1350	2	0	642933	0	
2016-Jan-05 12:04:08	PI_15	1351	2	0	642933	0	
2016-Jan-05 12:04:10	PI_15	1352	2	0	642933	0	
2016-Jan-05 12:04:12	PI_15	1353	2	0	642933	0	
2016-Jan-05 12:04:14	PI_15	1354	2	0	642933	0	
2016-Jan-05 12:04:16	PI_15	1355	2	0	642933	0	
2016-Jan-05 12:04:18	PI_15	1356	2	0	642933	0	
2016-Jan-05 12:04:20	PI_15	1357	2	0	642933	0	
2016-Jan-05 12:04:22	PI_15	1358	2	0	642933	0	
2016-Jan-05 12:04:24	PI_15	1359	2	0	642933	0	
2016-Jan-05 12:04:26	PI_15	1360	2	0	642933	0	
2016-Jan-05 12:04:28	PI_15	1361	2	2	1405754	0	0,1
2016-Jan-05 12:04:30	PI_15	1362	2	0	642933	0	
2016-Jan-05 12:04:32	PI_15	1363	2	0	642933	0	
2016-Jan-05 12:04:34	PI_15	1364	2	0	642933	0	
2016-Jan-05 12:04:36	PI_15	1365	2	0	642933	0	
2016-Jan-05 12:04:38	PI_15	1366	2	0	642933	0	
2016-Jan-05 12:04:40	PI_15	1367	2	0	642933	0	
2016-Jan-05 12:04:42	PI_15	1368	2	0	642933	0	
2016-Jan-05 12:04:44	PI_15	1369	2	2	1405754	0	0,1
2016-Jan-05 12:04:46	PI_15	1370	2	0	642933	0	
2016-Jan-05 12:04:48	PI_15	1371	2	0	642933	0	
2016-Jan-05 12:04:50	PI_15	1372	2	0	642933	0	
2016-Jan-05 12:04:52	PI_15	1373	2	2	1405754	0	0,1
2016-Jan-05 12:04:54	PI_15	1374	2	0	642933	0	
2016-Jan-05 12:04:56	PI_15	1375	2	0	642933	0	
2016-Jan-05 12:04:58	PI_15	1376	2	2	1405754	0	0,1
2016-Jan-05 12:05:00	PI_15	1377	2	0	642933	0	
2016-Jan-05 12:05:02	PI_15	1378	2	2	1405754	0	0,1
2016-Jan-05 12:05:04	PI_15	1379	2	2	1405754	0	0,1
2016-Jan-05 12:05:06	PI_15	1380	2	2	1405754	0	0,1
2016-Jan-05 12:05:08	PI_15	1381	2	0	642933	0	
2016-Jan-05 12:05:10	PI_15	1382	2	2	1405754	0	0,1
2016-Jan-05 12:05:12	PI_15	1383	2	2	1405754	0	0,1
2016-Jan-05 12:05:14	PI_15	1384	2	2	1405754	0	0,1
2016-Jan-05 12:05:16	PI_15	1385	2	2	1405754	0	0,1
2016-Jan-05 12:05:18	PI_15	1386	2	2	1405754	0	0,1
2016-Jan-05 12:05:20	PI_15	1387	2	2	1405754	0	0,1
2016-Jan-05 12:05:22	PI_15	1388	2	2	1405754	0	0,1
2016-Jan-05 12:05:24	PI_15	1389	2	0	642933	0	
2016-Jan-05 12:05:26	PI_15	1390	2	2	1405754	0	0,1
2016-Jan-05 12:05:28	PI_15	1391	2	1	997955	0	0
2016-Jan-05 12:05:30	PI_15	1392	2	1	997955	0	0
2016-Jan-05 12:05:32	PI_15	1393	2	1	997955	0	0
2016-Jan-05 12:05:34	PI_15	1394	2	1	997955	0	0
2016-Jan-05 12:05:36	PI_15	1395	2	1	997955	0	0
2016-Jan-05 12:05:38	PI_15	1396	2	1	997955	0	0
2016-Jan-05 12:05:40	PI_15	1397	2	1	997955	0	0
2016-Jan-05 12:05:42	PI_15	1398	2	1	997955	0	0
2016-Jan-05 12:05:44	PI_15	1399	2	1	997955	0	0
2016-Jan-05 12:05:46	PI_15	1400	2	1	997955	0	0
2016-Jan-05 12:05:48	PI_15	1401	2	0	642933	0	
2016-Jan-05 12:05:50	PI_15	1402	2	1	997955	0	0
2016-Jan-05 12:05:52	PI_15	1403	2	1	997955	0	0
2016-Jan-05 12:05:54	PI_15	1404	2	2	1405754	0	0,1
2016-Jan-05 12:05:56	PI_15	1405	2	0	642933	0	
2016-Jan-05 12:05:58	PI_15	1406	2	1	997955	0	0
2016-Jan-05 12:06:00	PI_15	1407	2	1	997955	0	0
2016-Jan-05 12:06:02	PI_15	1408	2	2	1405754	0	0,1
2016-Jan-05 12:06:04	PI_15	1409	2	0	642933	0	
2016-Jan-05 12:06:06	PI_15	1410	2	0	642933	0	
2016-Jan-05 12:06:08	PI_15	1411	2	0	642933	0	
2016-Jan-05 12:06:10	PI_15	1412	2	0	642933	0	
2016-Jan-05 12:06:12	PI_15	1413	2	0	642933	0	
2016-Jan-05 12:06:14	PI_15	1414	2	0	642933	0	
2016-Jan-05 12:06:16	PI_15	1415	2	0	642933	0	
2016-Jan-05 12:06:18	PI_15	1416	2	0	642933	0	
2016-Jan-05 12:06:20	PI_15	1417	2	0	642933	0	
2016-Jan-05 12:06:22	PI_15	1418	2	0	642933	0	
2016-Jan-05 12:06:24	PI_15	1419	2	0	642933	0	
2016-Jan-05 12:06:26	PI_15	1420	2	0	642933	0	
2016-Jan-05 12:06:28	PI_15	1421	2	0	642933	0	
2016-Jan-05 12:06:30	PI_15	1422	2	0	642933	0	
2016-Jan-05 12:06:32	PI_15	1423	2	0	642933	0	
2016-Jan-05 12:06:34	PI_15	1424	2	0	642933	0	
2016-Jan-05 12:06:36	PI_15	1425	2	0	642933	0	
2016-Jan-05 12:06:38	PI_15	1426	2	0	642933	0	
2016-Jan-05 12:06:40	PI_15	1427	2	0	642933	0	
2016-Jan-05 12:06:42	PI_15	1428	2	0	642933	0	
2016-Jan-05 12:06:44	PI_15	1429	2	0	642933	0	
2016-Jan-05 12:06:46	PI_15	1430	2	2	1405754	0	0,1
2016-Jan-05 12:06:48	PI_15	1431	2	0	642933	0	
2016-Jan-05 12:06:50	PI_15	1432	2	2	1405754	0	0,1
2016-Jan-05 12:06:52	PI_15	1433	2	1	997955	0	0
2016-Jan-05 12:06:54	PI_15	1434	2	1	997955	0	0
