Time	Node	SegmentNumber	SegmentDuration(sec)	SegmentRepID	SegmentBitrate(bit/s)	StallingTime(msec)	SegmentDepIds
2016-Jan-05 11:19:06	PI_7	0	2	0	642933	1000	
2016-Jan-05 11:19:08	PI_7	1	2	0	642933	0	
2016-Jan-05 11:19:10	PI_7	2	2	0	642933	0	
2016-Jan-05 11:19:12	PI_7	3	2	0	642933	0	
2016-Jan-05 11:19:14	PI_7	4	2	0	642933	0	
2016-Jan-05 11:19:16	PI_7	5	2	0	642933	0	
2016-Jan-05 11:19:18	PI_7	6	2	0	642933	0	
2016-Jan-05 11:19:20	PI_7	7	2	0	642933	0	
2016-Jan-05 11:19:22	PI_7	8	2	0	642933	0	
2016-Jan-05 11:19:24	PI_7	9	2	0	642933	0	
2016-Jan-05 11:19:26	PI_7	10	2	0	642933	0	
2016-Jan-05 11:19:28	PI_7	11	2	0	642933	0	
2016-Jan-05 11:19:30	PI_7	12	2	0	642933	0	
2016-Jan-05 11:19:32	PI_7	13	2	0	642933	0	
2016-Jan-05 11:19:34	PI_7	14	2	0	642933	0	
2016-Jan-05 11:19:36	PI_7	15	2	0	642933	0	
2016-Jan-05 11:19:38	PI_7	16	2	0	642933	0	
2016-Jan-05 11:19:40	PI_7	17	2	0	642933	0	
2016-Jan-05 11:19:42	PI_7	18	2	2	1405754	0	0,1
2016-Jan-05 11:19:44	PI_7	19	2	0	642933	0	
2016-Jan-05 11:19:46	PI_7	20	2	2	1405754	0	0,1
2016-Jan-05 11:19:48	PI_7	21	2	0	642933	0	
2016-Jan-05 11:19:50	PI_7	22	2	0	642933	0	
2016-Jan-05 11:19:52	PI_7	23	2	2	1405754	0	0,1
2016-Jan-05 11:19:54	PI_7	24	2	0	642933	0	
2016-Jan-05 11:19:56	PI_7	25	2	0	642933	0	
2016-Jan-05 11:19:58	PI_7	26	2	0	642933	0	
2016-Jan-05 11:20:00	PI_7	27	2	0	642933	0	
2016-Jan-05 11:20:02	PI_7	28	2	2	1405754	0	0,1
2016-Jan-05 11:20:04	PI_7	29	2	0	642933	0	
2016-Jan-05 11:20:06	PI_7	30	2	1	997955	0	0
2016-Jan-05 11:20:08	PI_7	31	2	2	1405754	0	0,1
2016-Jan-05 11:20:10	PI_7	32	2	0	642933	0	
2016-Jan-05 11:20:12	PI_7	33	2	2	1405754	0	0,1
2016-Jan-05 11:20:14	PI_7	34	2	0	642933	0	
2016-Jan-05 11:20:16	PI_7	35	2	0	642933	0	
2016-Jan-05 11:20:18	PI_7	36	2	2	1405754	0	0,1
2016-Jan-05 11:20:20	PI_7	37	2	2	1405754	0	0,1
2016-Jan-05 11:20:22	PI_7	38	2	0	642933	0	
2016-Jan-05 11:20:24	PI_7	39	2	0	642933	0	
2016-Jan-05 11:20:26	PI_7	40	2	0	642933	0	
2016-Jan-05 11:20:28	PI_7	41	2	0	642933	0	
2016-Jan-05 11:20:30	PI_7	42	2	0	642933	0	
2016-Jan-05 11:20:32	PI_7	43	2	0	642933	0	
2016-Jan-05 11:20:34	PI_7	44	2	2	1405754	0	0,1
2016-Jan-05 11:20:36	PI_7	45	2	2	1405754	0	0,1
2016-Jan-05 11:20:38	PI_7	46	2	0	642933	0	
2016-Jan-05 11:20:40	PI_7	47	2	2	1405754	0	0,1
2016-Jan-05 11:20:42	PI_7	48	2	2	1405754	0	0,1
2016-Jan-05 11:20:44	PI_7	49	2	0	642933	0	
2016-Jan-05 11:20:46	PI_7	50	2	2	1405754	0	0,1
2016-Jan-05 11:20:48	PI_7	51	2	0	642933	0	
2016-Jan-05 11:20:50	PI_7	52	2	2	1405754	0	0,1
2016-Jan-05 11:20:52	PI_7	53	2	0	642933	0	
2016-Jan-05 11:20:54	PI_7	54	2	0	642933	0	
2016-Jan-05 11:20:56	PI_7	55	2	0	642933	0	
2016-Jan-05 11:20:58	PI_7	56	2	2	1405754	0	0,1
2016-Jan-05 11:21:00	PI_7	57	2	0	642933	0	
2016-Jan-05 11:21:02	PI_7	58	2	0	642933	0	
2016-Jan-05 11:21:04	PI_7	59	2	2	1405754	0	0,1
2016-Jan-05 11:21:06	PI_7	60	2	0	642933	0	
2016-Jan-05 11:21:08	PI_7	61	2	0	642933	0	
2016-Jan-05 11:21:10	PI_7	62	2	0	642933	0	
2016-Jan-05 11:21:12	PI_7	63	2	0	642933	0	
2016-Jan-05 11:21:14	PI_7	64	2	2	1405754	0	0,1
2016-Jan-05 11:21:16	PI_7	65	2	0	642933	0	
2016-Jan-05 11:21:18	PI_7	66	2	0	642933	0	
2016-Jan-05 11:21:20	PI_7	67	2	1	997955	0	0
2016-Jan-05 11:21:22	PI_7	68	2	0	642933	0	
2016-Jan-05 11:21:24	PI_7	69	2	2	1405754	0	0,1
2016-Jan-05 11:21:26	PI_7	70	2	0	642933	0	
2016-Jan-05 11:21:28	PI_7	71	2	0	642933	0	
2016-Jan-05 11:21:30	PI_7	72	2	0	642933	0	
2016-Jan-05 11:21:32	PI_7	73	2	2	1405754	0	0,1
2016-Jan-05 11:21:34	PI_7	74	2	0	642933	0	
2016-Jan-05 11:21:36	PI_7	75	2	2	1405754	0	0,1
2016-Jan-05 11:21:38	PI_7	76	2	0	642933	0	
2016-Jan-05 11:21:40	PI_7	77	2	0	642933	0	
2016-Jan-05 11:21:42	PI_7	78	2	2	1405754	0	0,1
2016-Jan-05 11:21:44	PI_7	79	2	2	1405754	0	0,1
2016-Jan-05 11:21:46	PI_7	80	2	0	642933	0	
2016-Jan-05 11:21:48	PI_7	81	2	0	642933	0	
2016-Jan-05 11:21:50	PI_7	82	2	2	1405754	0	0,1
2016-Jan-05 11:21:52	PI_7	83	2	0	642933	0	
2016-Jan-05 11:21:54	PI_7	84	2	0	642933	0	
2016-Jan-05 11:21:56	PI_7	85	2	0	642933	0	
2016-Jan-05 11:21:58	PI_7	86	2	1	997955	0	0
2016-Jan-05 11:22:00	PI_7	87	2	2	1405754	0	0,1
2016-Jan-05 11:22:02	PI_7	88	2	2	1405754	0	0,1
2016-Jan-05 11:22:04	PI_7	89	2	0	642933	0	
2016-Jan-05 11:22:06	PI_7	90	2	0	642933	0	
2016-Jan-05 11:22:08	PI_7	91	2	0	642933	0	
2016-Jan-05 11:22:10	PI_7	92	2	0	642933	0	
2016-Jan-05 11:22:12	PI_7	93	2	0	642933	0	
2016-Jan-05 11:22:14	PI_7	94	2	0	642933	0	
2016-Jan-05 11:22:16	PI_7	95	2	0	642933	0	
2016-Jan-05 11:22:18	PI_7	96	2	2	1405754	0	0,1
2016-Jan-05 11:22:20	PI_7	97	2	0	642933	0	
2016-Jan-05 11:22:22	PI_7	98	2	0	642933	0	
2016-Jan-05 11:22:24	PI_7	99	2	0	642933	0	
2016-Jan-05 11:22:26	PI_7	100	2	2	1405754	0	0,1
2016-Jan-05 11:22:28	PI_7	101	2	0	642933	0	
2016-Jan-05 11:22:30	PI_7	102	2	0	642933	0	
2016-Jan-05 11:22:32	PI_7	103	2	2	1405754	0	0,1
2016-Jan-05 11:22:34	PI_7	104	2	0	642933	0	
2016-Jan-05 11:22:36	PI_7	105	2	0	642933	0	
2016-Jan-05 11:22:38	PI_7	106	2	0	642933	0	
2016-Jan-05 11:22:40	PI_7	107	2	0	642933	0	
2016-Jan-05 11:22:42	PI_7	108	2	0	642933	0	
2016-Jan-05 11:22:44	PI_7	109	2	2	1405754	0	0,1
2016-Jan-05 11:22:46	PI_7	110	2	0	642933	0	
2016-Jan-05 11:22:48	PI_7	111	2	2	1405754	0	0,1
2016-Jan-05 11:22:50	PI_7	112	2	2	1405754	0	0,1
2016-Jan-05 11:22:52	PI_7	113	2	0	642933	0	
2016-Jan-05 11:22:54	PI_7	114	2	2	1405754	0	0,1
2016-Jan-05 11:22:56	PI_7	115	2	0	642933	0	
2016-Jan-05 11:22:58	PI_7	116	2	2	1405754	0	0,1
2016-Jan-05 11:23:00	PI_7	117	2	0	642933	0	
2016-Jan-05 11:23:02	PI_7	118	2	2	1405754	0	0,1
2016-Jan-05 11:23:04	PI_7	119	2	0	642933	0	
2016-Jan-05 11:23:06	PI_7	120	2	2	1405754	0	0,1
2016-Jan-05 11:23:08	PI_7	121	2	0	642933	0	
2016-Jan-05 11:23:10	PI_7	122	2	0	642933	0	
2016-Jan-05 11:23:12	PI_7	123	2	0	642933	0	
2016-Jan-05 11:23:14	PI_7	124	2	0	642933	0	
2016-Jan-05 11:23:16	PI_7	125	2	0	642933	0	
2016-Jan-05 11:23:18	PI_7	126	2	0	642933	0	
2016-Jan-05 11:23:20	PI_7	127	2	2	1405754	0	0,1
2016-Jan-05 11:23:22	PI_7	128	2	0	642933	0	
2016-Jan-05 11:23:24	PI_7	129	2	2	1405754	0	0,1
2016-Jan-05 11:23:26	PI_7	130	2	0	642933	0	
2016-Jan-05 11:23:28	PI_7	131	2	0	642933	0	
2016-Jan-05 11:23:30	PI_7	132	2	0	642933	0	
2016-Jan-05 11:23:32	PI_7	133	2	0	642933	0	
2016-Jan-05 11:23:34	PI_7	134	2	2	1405754	0	0,1
2016-Jan-05 11:23:36	PI_7	135	2	0	642933	0	
2016-Jan-05 11:23:38	PI_7	136	2	0	642933	0	
2016-Jan-05 11:23:40	PI_7	137	2	0	642933	0	
2016-Jan-05 11:23:42	PI_7	138	2	2	1405754	0	0,1
2016-Jan-05 11:23:44	PI_7	139	2	0	642933	0	
2016-Jan-05 11:23:46	PI_7	140	2	0	642933	0	
2016-Jan-05 11:23:48	PI_7	141	2	2	1405754	0	0,1
2016-Jan-05 11:23:50	PI_7	142	2	0	642933	0	
2016-Jan-05 11:23:52	PI_7	143	2	2	1405754	0	0,1
2016-Jan-05 11:23:54	PI_7	144	2	1	997955	0	0
2016-Jan-05 11:23:56	PI_7	145	2	1	997955	0	0
2016-Jan-05 11:23:58	PI_7	146	2	1	997955	0	0
2016-Jan-05 11:24:00	PI_7	147	2	0	642933	0	
2016-Jan-05 11:24:02	PI_7	148	2	2	1405754	0	0,1
2016-Jan-05 11:24:04	PI_7	149	2	0	642933	0	
2016-Jan-05 11:24:06	PI_7	150	2	2	1405754	0	0,1
2016-Jan-05 11:24:08	PI_7	151	2	0	642933	0	
2016-Jan-05 11:24:10	PI_7	152	2	0	642933	0	
2016-Jan-05 11:24:12	PI_7	153	2	0	642933	0	
2016-Jan-05 11:24:14	PI_7	154	2	2	1405754	0	0,1
2016-Jan-05 11:24:16	PI_7	155	2	0	642933	0	
2016-Jan-05 11:24:18	PI_7	156	2	0	642933	0	
2016-Jan-05 11:24:20	PI_7	157	2	0	642933	0	
2016-Jan-05 11:24:22	PI_7	158	2	0	642933	0	
2016-Jan-05 11:24:24	PI_7	159	2	2	1405754	0	0,1
2016-Jan-05 11:24:26	PI_7	160	2	0	642933	0	
2016-Jan-05 11:24:28	PI_7	161	2	0	642933	0	
2016-Jan-05 11:24:30	PI_7	162	2	0	642933	0	
2016-Jan-05 11:24:32	PI_7	163	2	0	642933	0	
2016-Jan-05 11:24:34	PI_7	164	2	2	1405754	0	0,1
2016-Jan-05 11:24:36	PI_7	165	2	0	642933	0	
2016-Jan-05 11:24:38	PI_7	166	2	0	642933	0	
2016-Jan-05 11:24:40	PI_7	167	2	2	1405754	0	0,1
2016-Jan-05 11:24:42	PI_7	168	2	0	642933	0	
2016-Jan-05 11:24:44	PI_7	169	2	2	1405754	0	0,1
2016-Jan-05 11:24:46	PI_7	170	2	0	642933	0	
2016-Jan-05 11:24:48	PI_7	171	2	2	1405754	0	0,1
2016-Jan-05 11:24:50	PI_7	172	2	0	642933	0	
2016-Jan-05 11:24:52	PI_7	173	2	0	642933	0	
2016-Jan-05 11:24:54	PI_7	174	2	0	642933	0	
2016-Jan-05 11:24:56	PI_7	175	2	0	642933	0	
2016-Jan-05 11:24:58	PI_7	176	2	0	642933	0	
2016-Jan-05 11:25:00	PI_7	177	2	0	642933	0	
2016-Jan-05 11:25:02	PI_7	178	2	0	642933	0	
2016-Jan-05 11:25:04	PI_7	179	2	0	642933	0	
2016-Jan-05 11:25:06	PI_7	180	2	0	642933	0	
2016-Jan-05 11:25:08	PI_7	181	2	0	642933	0	
2016-Jan-05 11:25:10	PI_7	182	2	2	1405754	0	0,1
2016-Jan-05 11:25:12	PI_7	183	2	0	642933	0	
2016-Jan-05 11:25:14	PI_7	184	2	0	642933	0	
2016-Jan-05 11:25:16	PI_7	185	2	0	642933	0	
2016-Jan-05 11:25:18	PI_7	186	2	0	642933	0	
2016-Jan-05 11:25:20	PI_7	187	2	2	1405754	0	0,1
2016-Jan-05 11:25:22	PI_7	188	2	2	1405754	0	0,1
2016-Jan-05 11:25:24	PI_7	189	2	0	642933	0	
2016-Jan-05 11:25:26	PI_7	190	2	2	1405754	0	0,1
2016-Jan-05 11:25:28	PI_7	191	2	0	642933	0	
2016-Jan-05 11:25:30	PI_7	192	2	2	1405754	0	0,1
2016-Jan-05 11:25:32	PI_7	193	2	2	1405754	0	0,1
2016-Jan-05 11:25:34	PI_7	194	2	0	642933	0	
2016-Jan-05 11:25:36	PI_7	195	2	2	1405754	0	0,1
2016-Jan-05 11:25:38	PI_7	196	2	0	642933	0	
2016-Jan-05 11:25:40	PI_7	197	2	0	642933	0	
2016-Jan-05 11:25:42	PI_7	198	2	2	1405754	0	0,1
2016-Jan-05 11:25:44	PI_7	199	2	1	997955	0	0
2016-Jan-05 11:25:46	PI_7	200	2	0	642933	0	
2016-Jan-05 11:25:48	PI_7	201	2	2	1405754	0	0,1
2016-Jan-05 11:25:50	PI_7	202	2	0	642933	0	
2016-Jan-05 11:25:52	PI_7	203	2	2	1405754	0	0,1
2016-Jan-05 11:25:54	PI_7	204	2	0	642933	0	
2016-Jan-05 11:25:56	PI_7	205	2	2	1405754	0	0,1
2016-Jan-05 11:25:58	PI_7	206	2	0	642933	0	
2016-Jan-05 11:26:00	PI_7	207	2	0	642933	0	
2016-Jan-05 11:26:02	PI_7	208	2	2	1405754	0	0,1
2016-Jan-05 11:26:04	PI_7	209	2	0	642933	0	
2016-Jan-05 11:26:06	PI_7	210	2	0	642933	0	
2016-Jan-05 11:26:08	PI_7	211	2	0	642933	0	
2016-Jan-05 11:26:10	PI_7	212	2	0	642933	0	
2016-Jan-05 11:26:12	PI_7	213	2	0	642933	0	
2016-Jan-05 11:26:14	PI_7	214	2	0	642933	0	
2016-Jan-05 11:26:16	PI_7	215	2	2	1405754	0	0,1
2016-Jan-05 11:26:18	PI_7	216	2	0	642933	0	
2016-Jan-05 11:26:20	PI_7	217	2	0	642933	0	
2016-Jan-05 11:26:22	PI_7	218	2	0	642933	0	
2016-Jan-05 11:26:24	PI_7	219	2	0	642933	0	
2016-Jan-05 11:26:26	PI_7	220	2	2	1405754	0	0,1
2016-Jan-05 11:26:28	PI_7	221	2	1	997955	0	0
2016-Jan-05 11:26:30	PI_7	222	2	0	642933	0	
2016-Jan-05 11:26:32	PI_7	223	2	0	642933	0	
2016-Jan-05 11:26:34	PI_7	224	2	2	1405754	0	0,1
2016-Jan-05 11:26:36	PI_7	225	2	1	997955	0	0
2016-Jan-05 11:26:38	PI_7	226	2	1	997955	0	0
2016-Jan-05 11:26:40	PI_7	227	2	2	1405754	0	0,1
2016-Jan-05 11:26:42	PI_7	228	2	1	997955	0	0
2016-Jan-05 11:26:44	PI_7	229	2	1	997955	0	0
2016-Jan-05 11:26:46	PI_7	230	2	2	1405754	0	0,1
2016-Jan-05 11:26:48	PI_7	231	2	2	1405754	0	0,1
2016-Jan-05 11:26:50	PI_7	232	2	2	1405754	0	0,1
2016-Jan-05 11:26:52	PI_7	233	2	0	642933	0	
2016-Jan-05 11:26:54	PI_7	234	2	2	1405754	0	0,1
2016-Jan-05 11:26:56	PI_7	235	2	0	642933	0	
2016-Jan-05 11:26:58	PI_7	236	2	2	1405754	0	0,1
2016-Jan-05 11:27:00	PI_7	237	2	1	997955	0	0
2016-Jan-05 11:27:02	PI_7	238	2	1	997955	0	0
2016-Jan-05 11:27:04	PI_7	239	2	2	1405754	0	0,1
2016-Jan-05 11:27:06	PI_7	240	2	2	1405754	0	0,1
2016-Jan-05 11:27:08	PI_7	241	2	1	997955	0	0
2016-Jan-05 11:27:10	PI_7	242	2	1	997955	0	0
2016-Jan-05 11:27:12	PI_7	243	2	2	1405754	0	0,1
2016-Jan-05 11:27:14	PI_7	244	2	2	1405754	0	0,1
2016-Jan-05 11:27:16	PI_7	245	2	0	642933	0	
2016-Jan-05 11:27:18	PI_7	246	2	2	1405754	0	0,1
2016-Jan-05 11:27:20	PI_7	247	2	2	1405754	0	0,1
2016-Jan-05 11:27:22	PI_7	248	2	0	642933	0	
2016-Jan-05 11:27:24	PI_7	249	2	2	1405754	0	0,1
2016-Jan-05 11:27:26	PI_7	250	2	0	642933	0	
2016-Jan-05 11:27:28	PI_7	251	2	2	1405754	0	0,1
2016-Jan-05 11:27:30	PI_7	252	2	0	642933	0	
2016-Jan-05 11:27:32	PI_7	253	2	0	642933	0	
2016-Jan-05 11:27:34	PI_7	254	2	0	642933	0	
2016-Jan-05 11:27:36	PI_7	255	2	0	642933	0	
2016-Jan-05 11:27:38	PI_7	256	2	0	642933	0	
2016-Jan-05 11:27:40	PI_7	257	2	2	1405754	0	0,1
2016-Jan-05 11:27:42	PI_7	258	2	0	642933	0	
2016-Jan-05 11:27:44	PI_7	259	2	0	642933	0	
2016-Jan-05 11:27:46	PI_7	260	2	0	642933	0	
2016-Jan-05 11:27:48	PI_7	261	2	0	642933	0	
2016-Jan-05 11:27:50	PI_7	262	2	0	642933	0	
2016-Jan-05 11:27:52	PI_7	263	2	2	1405754	0	0,1
2016-Jan-05 11:27:54	PI_7	264	2	0	642933	0	
2016-Jan-05 11:27:56	PI_7	265	2	0	642933	0	
2016-Jan-05 11:27:58	PI_7	266	2	0	642933	0	
2016-Jan-05 11:28:00	PI_7	267	2	0	642933	0	
2016-Jan-05 11:28:02	PI_7	268	2	0	642933	0	
2016-Jan-05 11:28:04	PI_7	269	2	0	642933	0	
2016-Jan-05 11:28:06	PI_7	270	2	0	642933	0	
2016-Jan-05 11:28:08	PI_7	271	2	0	642933	0	
2016-Jan-05 11:28:10	PI_7	272	2	0	642933	0	
2016-Jan-05 11:28:12	PI_7	273	2	0	642933	0	
2016-Jan-05 11:28:14	PI_7	274	2	0	642933	0	
2016-Jan-05 11:28:16	PI_7	275	2	0	642933	0	
2016-Jan-05 11:28:18	PI_7	276	2	0	642933	0	
2016-Jan-05 11:28:20	PI_7	277	2	0	642933	0	
2016-Jan-05 11:28:22	PI_7	278	2	0	642933	0	
2016-Jan-05 11:28:24	PI_7	279	2	0	642933	0	
2016-Jan-05 11:28:26	PI_7	280	2	2	1405754	0	0,1
2016-Jan-05 11:28:28	PI_7	281	2	0	642933	0	
2016-Jan-05 11:28:30	PI_7	282	2	0	642933	0	
2016-Jan-05 11:28:32	PI_7	283	2	2	1405754	0	0,1
2016-Jan-05 11:28:34	PI_7	284	2	0	642933	0	
2016-Jan-05 11:28:36	PI_7	285	2	1	997955	0	0
2016-Jan-05 11:28:38	PI_7	286	2	2	1405754	0	0,1
2016-Jan-05 11:28:40	PI_7	287	2	1	997955	0	0
2016-Jan-05 11:28:42	PI_7	288	2	1	997955	0	0
2016-Jan-05 11:28:44	PI_7	289	2	1	997955	0	0
2016-Jan-05 11:28:46	PI_7	290	2	1	997955	0	0
2016-Jan-05 11:28:48	PI_7	291	2	2	1405754	0	0,1
2016-Jan-05 11:28:50	PI_7	292	2	2	1405754	0	0,1
2016-Jan-05 11:28:52	PI_7	293	2	2	1405754	0	0,1
2016-Jan-05 11:28:54	PI_7	294	2	1	997955	0	0
2016-Jan-05 11:28:56	PI_7	295	2	2	1405754	0	0,1
2016-Jan-05 11:28:58	PI_7	296	2	0	642933	0	
2016-Jan-05 11:29:00	PI_7	297	2	2	1405754	0	0,1
2016-Jan-05 11:29:02	PI_7	298	2	0	642933	0	
2016-Jan-05 11:29:04	PI_7	299	2	2	1405754	0	0,1
2016-Jan-05 11:29:06	PI_7	300	2	1	997955	0	0
2016-Jan-05 11:29:08	PI_7	301	2	0	642933	0	
2016-Jan-05 11:29:10	PI_7	302	2	0	642933	0	
2016-Jan-05 11:29:12	PI_7	303	2	1	997955	0	0
2016-Jan-05 11:29:14	PI_7	304	2	2	1405754	0	0,1
2016-Jan-05 11:29:16	PI_7	305	2	2	1405754	0	0,1
2016-Jan-05 11:29:18	PI_7	306	2	0	642933	0	
2016-Jan-05 11:29:20	PI_7	307	2	2	1405754	0	0,1
2016-Jan-05 11:29:22	PI_7	308	2	0	642933	0	
2016-Jan-05 11:29:24	PI_7	309	2	2	1405754	0	0,1
2016-Jan-05 11:29:26	PI_7	310	2	1	997955	0	0
2016-Jan-05 11:29:28	PI_7	311	2	1	997955	0	0
2016-Jan-05 11:29:30	PI_7	312	2	2	1405754	0	0,1
2016-Jan-05 11:29:32	PI_7	313	2	2	1405754	0	0,1
2016-Jan-05 11:29:34	PI_7	314	2	0	642933	0	
2016-Jan-05 11:29:36	PI_7	315	2	2	1405754	0	0,1
2016-Jan-05 11:29:38	PI_7	316	2	0	642933	0	
2016-Jan-05 11:29:40	PI_7	317	2	2	1405754	0	0,1
2016-Jan-05 11:29:42	PI_7	318	2	0	642933	0	
2016-Jan-05 11:29:44	PI_7	319	2	0	642933	0	
2016-Jan-05 11:29:46	PI_7	320	2	2	1405754	0	0,1
2016-Jan-05 11:29:48	PI_7	321	2	0	642933	0	
2016-Jan-05 11:29:50	PI_7	322	2	0	642933	0	
2016-Jan-05 11:29:52	PI_7	323	2	0	642933	0	
2016-Jan-05 11:29:54	PI_7	324	2	0	642933	0	
2016-Jan-05 11:29:56	PI_7	325	2	0	642933	0	
2016-Jan-05 11:29:58	PI_7	326	2	2	1405754	0	0,1
2016-Jan-05 11:30:00	PI_7	327	2	0	642933	0	
2016-Jan-05 11:30:02	PI_7	328	2	2	1405754	0	0,1
2016-Jan-05 11:30:04	PI_7	329	2	0	642933	0	
2016-Jan-05 11:30:06	PI_7	330	2	2	1405754	0	0,1
2016-Jan-05 11:30:08	PI_7	331	2	1	997955	0	0
2016-Jan-05 11:30:10	PI_7	332	2	1	997955	0	0
2016-Jan-05 11:30:12	PI_7	333	2	1	997955	0	0
2016-Jan-05 11:30:14	PI_7	334	2	1	997955	0	0
2016-Jan-05 11:30:16	PI_7	335	2	2	1405754	0	0,1
2016-Jan-05 11:30:18	PI_7	336	2	2	1405754	0	0,1
2016-Jan-05 11:30:20	PI_7	337	2	0	642933	0	
2016-Jan-05 11:30:22	PI_7	338	2	0	642933	0	
2016-Jan-05 11:30:24	PI_7	339	2	2	1405754	0	0,1
2016-Jan-05 11:30:26	PI_7	340	2	1	997955	0	0
2016-Jan-05 11:30:28	PI_7	341	2	0	642933	0	
2016-Jan-05 11:30:30	PI_7	342	2	0	642933	0	
2016-Jan-05 11:30:32	PI_7	343	2	0	642933	0	
2016-Jan-05 11:30:34	PI_7	344	2	1	997955	0	0
2016-Jan-05 11:30:36	PI_7	345	2	2	1405754	0	0,1
2016-Jan-05 11:30:38	PI_7	346	2	2	1405754	0	0,1
2016-Jan-05 11:30:40	PI_7	347	2	0	642933	0	
2016-Jan-05 11:30:42	PI_7	348	2	2	1405754	0	0,1
2016-Jan-05 11:30:44	PI_7	349	2	0	642933	0	
2016-Jan-05 11:30:46	PI_7	350	2	0	642933	0	
2016-Jan-05 11:30:48	PI_7	351	2	1	997955	0	0
2016-Jan-05 11:30:50	PI_7	352	2	1	997955	0	0
2016-Jan-05 11:30:52	PI_7	353	2	0	642933	0	
2016-Jan-05 11:30:54	PI_7	354	2	2	1405754	0	0,1
2016-Jan-05 11:30:56	PI_7	355	2	0	642933	0	
2016-Jan-05 11:30:58	PI_7	356	2	0	642933	0	
2016-Jan-05 11:31:00	PI_7	357	2	0	642933	0	
2016-Jan-05 11:31:02	PI_7	358	2	2	1405754	0	0,1
2016-Jan-05 11:31:04	PI_7	359	2	0	642933	0	
2016-Jan-05 11:31:06	PI_7	360	2	0	642933	0	
2016-Jan-05 11:31:08	PI_7	361	2	0	642933	0	
2016-Jan-05 11:31:10	PI_7	362	2	1	997955	0	0
2016-Jan-05 11:31:12	PI_7	363	2	2	1405754	0	0,1
2016-Jan-05 11:31:14	PI_7	364	2	0	642933	0	
2016-Jan-05 11:31:16	PI_7	365	2	2	1405754	0	0,1
2016-Jan-05 11:31:18	PI_7	366	2	0	642933	0	
2016-Jan-05 11:31:20	PI_7	367	2	1	997955	0	0
2016-Jan-05 11:31:22	PI_7	368	2	2	1405754	0	0,1
2016-Jan-05 11:31:24	PI_7	369	2	2	1405754	0	0,1
2016-Jan-05 11:31:26	PI_7	370	2	0	642933	0	
2016-Jan-05 11:31:28	PI_7	371	2	2	1405754	0	0,1
2016-Jan-05 11:31:30	PI_7	372	2	2	1405754	0	0,1
2016-Jan-05 11:31:32	PI_7	373	2	0	642933	0	
2016-Jan-05 11:31:34	PI_7	374	2	0	642933	0	
2016-Jan-05 11:31:36	PI_7	375	2	1	997955	0	0
2016-Jan-05 11:31:38	PI_7	376	2	2	1405754	0	0,1
2016-Jan-05 11:31:40	PI_7	377	2	0	642933	0	
2016-Jan-05 11:31:42	PI_7	378	2	0	642933	0	
2016-Jan-05 11:31:44	PI_7	379	2	0	642933	0	
2016-Jan-05 11:31:46	PI_7	380	2	0	642933	0	
2016-Jan-05 11:31:48	PI_7	381	2	0	642933	0	
2016-Jan-05 11:31:50	PI_7	382	2	0	642933	0	
2016-Jan-05 11:31:52	PI_7	383	2	2	1405754	0	0,1
2016-Jan-05 11:31:54	PI_7	384	2	0	642933	0	
2016-Jan-05 11:31:56	PI_7	385	2	0	642933	0	
2016-Jan-05 11:31:58	PI_7	386	2	2	1405754	0	0,1
2016-Jan-05 11:32:00	PI_7	387	2	0	642933	0	
2016-Jan-05 11:32:02	PI_7	388	2	0	642933	0	
2016-Jan-05 11:32:04	PI_7	389	2	2	1405754	0	0,1
2016-Jan-05 11:32:06	PI_7	390	2	0	642933	0	
2016-Jan-05 11:32:08	PI_7	391	2	0	642933	0	
2016-Jan-05 11:32:10	PI_7	392	2	0	642933	0	
2016-Jan-05 11:32:12	PI_7	393	2	2	1405754	0	0,1
2016-Jan-05 11:32:14	PI_7	394	2	0	642933	0	
2016-Jan-05 11:32:16	PI_7	395	2	0	642933	0	
2016-Jan-05 11:32:18	PI_7	396	2	0	642933	0	
2016-Jan-05 11:32:20	PI_7	397	2	0	642933	0	
2016-Jan-05 11:32:22	PI_7	398	2	2	1405754	0	0,1
2016-Jan-05 11:32:24	PI_7	399	2	0	642933	0	
2016-Jan-05 11:32:26	PI_7	400	2	0	642933	0	
2016-Jan-05 11:32:28	PI_7	401	2	0	642933	0	
2016-Jan-05 11:32:30	PI_7	402	2	0	642933	0	
2016-Jan-05 11:32:32	PI_7	403	2	0	642933	0	
2016-Jan-05 11:32:34	PI_7	404	2	0	642933	0	
2016-Jan-05 11:32:36	PI_7	405	2	0	642933	0	
2016-Jan-05 11:32:38	PI_7	406	2	0	642933	0	
2016-Jan-05 11:32:40	PI_7	407	2	0	642933	0	
2016-Jan-05 11:32:42	PI_7	408	2	0	642933	0	
2016-Jan-05 11:32:44	PI_7	409	2	0	642933	0	
2016-Jan-05 11:32:46	PI_7	410	2	0	642933	0	
2016-Jan-05 11:32:48	PI_7	411	2	0	642933	0	
2016-Jan-05 11:32:50	PI_7	412	2	0	642933	0	
2016-Jan-05 11:32:52	PI_7	413	2	0	642933	0	
2016-Jan-05 11:32:54	PI_7	414	2	2	1405754	0	0,1
2016-Jan-05 11:32:56	PI_7	415	2	0	642933	0	
2016-Jan-05 11:32:58	PI_7	416	2	0	642933	0	
2016-Jan-05 11:33:00	PI_7	417	2	0	642933	0	
2016-Jan-05 11:33:02	PI_7	418	2	0	642933	0	
2016-Jan-05 11:33:04	PI_7	419	2	2	1405754	0	0,1
2016-Jan-05 11:33:06	PI_7	420	2	0	642933	0	
2016-Jan-05 11:33:08	PI_7	421	2	0	642933	0	
2016-Jan-05 11:33:10	PI_7	422	2	0	642933	0	
2016-Jan-05 11:33:12	PI_7	423	2	2	1405754	0	0,1
2016-Jan-05 11:33:14	PI_7	424	2	0	642933	0	
2016-Jan-05 11:33:16	PI_7	425	2	0	642933	0	
2016-Jan-05 11:33:18	PI_7	426	2	2	1405754	0	0,1
2016-Jan-05 11:33:20	PI_7	427	2	0	642933	0	
2016-Jan-05 11:33:22	PI_7	428	2	0	642933	0	
2016-Jan-05 11:33:24	PI_7	429	2	0	642933	0	
2016-Jan-05 11:33:26	PI_7	430	2	0	642933	0	
2016-Jan-05 11:33:28	PI_7	431	2	0	642933	0	
2016-Jan-05 11:33:30	PI_7	432	2	0	642933	0	
2016-Jan-05 11:33:32	PI_7	433	2	0	642933	0	
2016-Jan-05 11:33:34	PI_7	434	2	0	642933	0	
2016-Jan-05 11:33:36	PI_7	435	2	0	642933	0	
2016-Jan-05 11:33:38	PI_7	436	2	0	642933	0	
2016-Jan-05 11:33:40	PI_7	437	2	0	642933	0	
2016-Jan-05 11:33:42	PI_7	438	2	0	642933	0	
2016-Jan-05 11:33:44	PI_7	439	2	0	642933	0	
2016-Jan-05 11:33:46	PI_7	440	2	2	1405754	0	0,1
2016-Jan-05 11:33:48	PI_7	441	2	0	642933	0	
2016-Jan-05 11:33:50	PI_7	442	2	0	642933	0	
2016-Jan-05 11:33:52	PI_7	443	2	0	642933	0	
2016-Jan-05 11:33:54	PI_7	444	2	0	642933	0	
2016-Jan-05 11:33:56	PI_7	445	2	2	1405754	0	0,1
2016-Jan-05 11:33:58	PI_7	446	2	0	642933	0	
2016-Jan-05 11:34:00	PI_7	447	2	0	642933	0	
2016-Jan-05 11:34:02	PI_7	448	2	0	642933	0	
2016-Jan-05 11:34:04	PI_7	449	2	0	642933	0	
2016-Jan-05 11:34:06	PI_7	450	2	0	642933	0	
2016-Jan-05 11:34:08	PI_7	451	2	0	642933	0	
2016-Jan-05 11:34:10	PI_7	452	2	0	642933	0	
2016-Jan-05 11:34:12	PI_7	453	2	2	1405754	0	0,1
2016-Jan-05 11:34:14	PI_7	454	2	0	642933	0	
2016-Jan-05 11:34:16	PI_7	455	2	0	642933	0	
2016-Jan-05 11:34:18	PI_7	456	2	2	1405754	0	0,1
2016-Jan-05 11:34:20	PI_7	457	2	0	642933	0	
2016-Jan-05 11:34:22	PI_7	458	2	2	1405754	0	0,1
2016-Jan-05 11:34:24	PI_7	459	2	0	642933	0	
2016-Jan-05 11:34:26	PI_7	460	2	1	997955	0	0
2016-Jan-05 11:34:28	PI_7	461	2	1	997955	0	0
2016-Jan-05 11:34:30	PI_7	462	2	2	1405754	0	0,1
2016-Jan-05 11:34:32	PI_7	463	2	2	1405754	0	0,1
2016-Jan-05 11:34:34	PI_7	464	2	2	1405754	0	0,1
2016-Jan-05 11:34:36	PI_7	465	2	0	642933	0	
2016-Jan-05 11:34:38	PI_7	466	2	0	642933	0	
2016-Jan-05 11:34:40	PI_7	467	2	2	1405754	0	0,1
2016-Jan-05 11:34:42	PI_7	468	2	0	642933	0	
2016-Jan-05 11:34:44	PI_7	469	2	0	642933	0	
2016-Jan-05 11:34:46	PI_7	470	2	0	642933	0	
2016-Jan-05 11:34:48	PI_7	471	2	2	1405754	0	0,1
2016-Jan-05 11:34:50	PI_7	472	2	0	642933	0	
2016-Jan-05 11:34:52	PI_7	473	2	2	1405754	0	0,1
2016-Jan-05 11:34:54	PI_7	474	2	0	642933	0	
2016-Jan-05 11:34:56	PI_7	475	2	0	642933	0	
2016-Jan-05 11:34:58	PI_7	476	2	2	1405754	0	0,1
2016-Jan-05 11:35:00	PI_7	477	2	2	1405754	0	0,1
2016-Jan-05 11:35:02	PI_7	478	2	0	642933	0	
2016-Jan-05 11:35:04	PI_7	479	2	2	1405754	0	0,1
2016-Jan-05 11:35:06	PI_7	480	2	2	1405754	0	0,1
2016-Jan-05 11:35:08	PI_7	481	2	0	642933	0	
2016-Jan-05 11:35:10	PI_7	482	2	2	1405754	0	0,1
2016-Jan-05 11:35:12	PI_7	483	2	0	642933	0	
2016-Jan-05 11:35:14	PI_7	484	2	2	1405754	0	0,1
2016-Jan-05 11:35:16	PI_7	485	2	0	642933	0	
2016-Jan-05 11:35:18	PI_7	486	2	0	642933	0	
2016-Jan-05 11:35:20	PI_7	487	2	2	1405754	0	0,1
2016-Jan-05 11:35:22	PI_7	488	2	0	642933	0	
2016-Jan-05 11:35:24	PI_7	489	2	2	1405754	0	0,1
2016-Jan-05 11:35:26	PI_7	490	2	0	642933	0	
2016-Jan-05 11:35:28	PI_7	491	2	0	642933	0	
2016-Jan-05 11:35:30	PI_7	492	2	2	1405754	0	0,1
2016-Jan-05 11:35:32	PI_7	493	2	0	642933	0	
2016-Jan-05 11:35:34	PI_7	494	2	2	1405754	0	0,1
2016-Jan-05 11:35:36	PI_7	495	2	0	642933	0	
2016-Jan-05 11:35:38	PI_7	496	2	2	1405754	0	0,1
2016-Jan-05 11:35:40	PI_7	497	2	2	1405754	0	0,1
2016-Jan-05 11:35:42	PI_7	498	2	0	642933	0	
2016-Jan-05 11:35:44	PI_7	499	2	2	1405754	0	0,1
2016-Jan-05 11:35:46	PI_7	500	2	0	642933	0	
2016-Jan-05 11:35:48	PI_7	501	2	0	642933	0	
2016-Jan-05 11:35:50	PI_7	502	2	1	997955	0	0
2016-Jan-05 11:35:52	PI_7	503	2	2	1405754	0	0,1
2016-Jan-05 11:35:54	PI_7	504	2	0	642933	0	
2016-Jan-05 11:35:56	PI_7	505	2	2	1405754	0	0,1
2016-Jan-05 11:35:58	PI_7	506	2	1	997955	0	0
2016-Jan-05 11:36:00	PI_7	507	2	0	642933	0	
2016-Jan-05 11:36:02	PI_7	508	2	0	642933	0	
2016-Jan-05 11:36:04	PI_7	509	2	0	642933	0	
2016-Jan-05 11:36:06	PI_7	510	2	2	1405754	0	0,1
2016-Jan-05 11:36:08	PI_7	511	2	0	642933	0	
2016-Jan-05 11:36:10	PI_7	512	2	0	642933	0	
2016-Jan-05 11:36:12	PI_7	513	2	2	1405754	0	0,1
2016-Jan-05 11:36:14	PI_7	514	2	0	642933	0	
2016-Jan-05 11:36:16	PI_7	515	2	0	642933	0	
2016-Jan-05 11:36:18	PI_7	516	2	0	642933	0	
2016-Jan-05 11:36:20	PI_7	517	2	0	642933	0	
2016-Jan-05 11:36:22	PI_7	518	2	0	642933	0	
2016-Jan-05 11:36:24	PI_7	519	2	0	642933	0	
2016-Jan-05 11:36:26	PI_7	520	2	2	1405754	0	0,1
2016-Jan-05 11:36:28	PI_7	521	2	0	642933	0	
2016-Jan-05 11:36:30	PI_7	522	2	2	1405754	0	0,1
2016-Jan-05 11:36:32	PI_7	523	2	0	642933	0	
2016-Jan-05 11:36:34	PI_7	524	2	2	1405754	0	0,1
2016-Jan-05 11:36:36	PI_7	525	2	0	642933	0	
2016-Jan-05 11:36:38	PI_7	526	2	2	1405754	0	0,1
2016-Jan-05 11:36:40	PI_7	527	2	0	642933	0	
2016-Jan-05 11:36:42	PI_7	528	2	0	642933	0	
2016-Jan-05 11:36:44	PI_7	529	2	2	1405754	0	0,1
2016-Jan-05 11:36:46	PI_7	530	2	0	642933	0	
2016-Jan-05 11:36:48	PI_7	531	2	0	642933	0	
2016-Jan-05 11:36:50	PI_7	532	2	0	642933	0	
2016-Jan-05 11:36:52	PI_7	533	2	0	642933	0	
2016-Jan-05 11:36:54	PI_7	534	2	0	642933	0	
2016-Jan-05 11:36:56	PI_7	535	2	0	642933	0	
2016-Jan-05 11:36:58	PI_7	536	2	0	642933	0	
2016-Jan-05 11:37:00	PI_7	537	2	0	642933	0	
2016-Jan-05 11:37:02	PI_7	538	2	0	642933	0	
2016-Jan-05 11:37:04	PI_7	539	2	0	642933	0	
2016-Jan-05 11:37:06	PI_7	540	2	0	642933	0	
2016-Jan-05 11:37:08	PI_7	541	2	0	642933	0	
2016-Jan-05 11:37:10	PI_7	542	2	0	642933	0	
2016-Jan-05 11:37:12	PI_7	543	2	0	642933	0	
2016-Jan-05 11:37:14	PI_7	544	2	0	642933	0	
2016-Jan-05 11:37:16	PI_7	545	2	0	642933	0	
2016-Jan-05 11:37:18	PI_7	546	2	0	642933	0	
2016-Jan-05 11:37:20	PI_7	547	2	0	642933	0	
2016-Jan-05 11:37:22	PI_7	548	2	0	642933	0	
2016-Jan-05 11:37:24	PI_7	549	2	0	642933	0	
2016-Jan-05 11:37:26	PI_7	550	2	0	642933	0	
2016-Jan-05 11:37:28	PI_7	551	2	0	642933	0	
2016-Jan-05 11:37:30	PI_7	552	2	0	642933	0	
2016-Jan-05 11:37:32	PI_7	553	2	0	642933	0	
2016-Jan-05 11:37:34	PI_7	554	2	0	642933	0	
2016-Jan-05 11:37:36	PI_7	555	2	2	1405754	0	0,1
2016-Jan-05 11:37:38	PI_7	556	2	0	642933	0	
2016-Jan-05 11:37:40	PI_7	557	2	0	642933	0	
2016-Jan-05 11:37:42	PI_7	558	2	0	642933	0	
2016-Jan-05 11:37:44	PI_7	559	2	0	642933	0	
2016-Jan-05 11:37:46	PI_7	560	2	2	1405754	0	0,1
2016-Jan-05 11:37:48	PI_7	561	2	0	642933	0	
2016-Jan-05 11:37:50	PI_7	562	2	0	642933	0	
2016-Jan-05 11:37:52	PI_7	563	2	0	642933	0	
2016-Jan-05 11:37:54	PI_7	564	2	0	642933	0	
2016-Jan-05 11:37:56	PI_7	565	2	2	1405754	0	0,1
2016-Jan-05 11:37:58	PI_7	566	2	2	1405754	0	0,1
2016-Jan-05 11:38:00	PI_7	567	2	2	1405754	0	0,1
2016-Jan-05 11:38:02	PI_7	568	2	0	642933	0	
2016-Jan-05 11:38:04	PI_7	569	2	2	1405754	0	0,1
2016-Jan-05 11:38:06	PI_7	570	2	0	642933	0	
2016-Jan-05 11:38:08	PI_7	571	2	0	642933	0	
2016-Jan-05 11:38:10	PI_7	572	2	0	642933	0	
2016-Jan-05 11:38:12	PI_7	573	2	1	997955	0	0
2016-Jan-05 11:38:14	PI_7	574	2	2	1405754	0	0,1
2016-Jan-05 11:38:16	PI_7	575	2	0	642933	0	
2016-Jan-05 11:38:18	PI_7	576	2	2	1405754	0	0,1
2016-Jan-05 11:38:20	PI_7	577	2	1	997955	0	0
2016-Jan-05 11:38:22	PI_7	578	2	2	1405754	0	0,1
2016-Jan-05 11:38:24	PI_7	579	2	2	1405754	0	0,1
2016-Jan-05 11:38:26	PI_7	580	2	0	642933	0	
2016-Jan-05 11:38:28	PI_7	581	2	1	997955	0	0
2016-Jan-05 11:38:30	PI_7	582	2	2	1405754	0	0,1
2016-Jan-05 11:38:32	PI_7	583	2	0	642933	0	
2016-Jan-05 11:38:34	PI_7	584	2	0	642933	0	
2016-Jan-05 11:38:36	PI_7	585	2	0	642933	0	
2016-Jan-05 11:38:38	PI_7	586	2	0	642933	0	
2016-Jan-05 11:38:40	PI_7	587	2	0	642933	0	
2016-Jan-05 11:38:42	PI_7	588	2	0	642933	0	
2016-Jan-05 11:38:44	PI_7	589	2	0	642933	0	
2016-Jan-05 11:38:46	PI_7	590	2	0	642933	0	
2016-Jan-05 11:38:48	PI_7	591	2	2	1405754	0	0,1
2016-Jan-05 11:38:50	PI_7	592	2	0	642933	0	
2016-Jan-05 11:38:52	PI_7	593	2	0	642933	0	
2016-Jan-05 11:38:54	PI_7	594	2	2	1405754	0	0,1
2016-Jan-05 11:38:56	PI_7	595	2	2	1405754	0	0,1
2016-Jan-05 11:38:58	PI_7	596	2	0	642933	0	
2016-Jan-05 11:39:00	PI_7	597	2	2	1405754	0	0,1
2016-Jan-05 11:39:02	PI_7	598	2	2	1405754	0	0,1
2016-Jan-05 11:39:04	PI_7	599	2	1	997955	0	0
2016-Jan-05 11:39:06	PI_7	600	2	2	1405754	0	0,1
2016-Jan-05 11:39:08	PI_7	601	2	2	1405754	0	0,1
2016-Jan-05 11:39:10	PI_7	602	2	0	642933	0	
2016-Jan-05 11:39:12	PI_7	603	2	2	1405754	0	0,1
2016-Jan-05 11:39:14	PI_7	604	2	2	1405754	0	0,1
2016-Jan-05 11:39:16	PI_7	605	2	0	642933	0	
2016-Jan-05 11:39:18	PI_7	606	2	2	1405754	0	0,1
2016-Jan-05 11:39:20	PI_7	607	2	2	1405754	0	0,1
2016-Jan-05 11:39:22	PI_7	608	2	0	642933	0	
2016-Jan-05 11:39:24	PI_7	609	2	2	1405754	0	0,1
2016-Jan-05 11:39:26	PI_7	610	2	0	642933	0	
2016-Jan-05 11:39:28	PI_7	611	2	1	997955	0	0
2016-Jan-05 11:39:30	PI_7	612	2	1	997955	0	0
2016-Jan-05 11:39:32	PI_7	613	2	1	997955	0	0
2016-Jan-05 11:39:34	PI_7	614	2	1	997955	0	0
2016-Jan-05 11:39:36	PI_7	615	2	1	997955	0	0
2016-Jan-05 11:39:38	PI_7	616	2	1	997955	0	0
2016-Jan-05 11:39:40	PI_7	617	2	1	997955	0	0
2016-Jan-05 11:39:42	PI_7	618	2	1	997955	0	0
2016-Jan-05 11:39:44	PI_7	619	2	2	1405754	0	0,1
2016-Jan-05 11:39:46	PI_7	620	2	2	1405754	0	0,1
2016-Jan-05 11:39:48	PI_7	621	2	2	1405754	0	0,1
2016-Jan-05 11:39:50	PI_7	622	2	2	1405754	0	0,1
2016-Jan-05 11:39:52	PI_7	623	2	1	997955	0	0
2016-Jan-05 11:39:54	PI_7	624	2	2	1405754	0	0,1
2016-Jan-05 11:39:56	PI_7	625	2	0	642933	0	
2016-Jan-05 11:39:58	PI_7	626	2	2	1405754	0	0,1
2016-Jan-05 11:40:00	PI_7	627	2	0	642933	0	
2016-Jan-05 11:40:02	PI_7	628	2	0	642933	0	
2016-Jan-05 11:40:04	PI_7	629	2	0	642933	0	
2016-Jan-05 11:40:06	PI_7	630	2	0	642933	0	
2016-Jan-05 11:40:08	PI_7	631	2	2	1405754	0	0,1
2016-Jan-05 11:40:10	PI_7	632	2	0	642933	0	
2016-Jan-05 11:40:12	PI_7	633	2	0	642933	0	
2016-Jan-05 11:40:14	PI_7	634	2	0	642933	0	
2016-Jan-05 11:40:16	PI_7	635	2	2	1405754	0	0,1
2016-Jan-05 11:40:18	PI_7	636	2	0	642933	0	
2016-Jan-05 11:40:20	PI_7	637	2	0	642933	0	
2016-Jan-05 11:40:22	PI_7	638	2	0	642933	0	
2016-Jan-05 11:40:24	PI_7	639	2	0	642933	0	
2016-Jan-05 11:40:26	PI_7	640	2	2	1405754	0	0,1
2016-Jan-05 11:40:28	PI_7	641	2	0	642933	0	
2016-Jan-05 11:40:30	PI_7	642	2	0	642933	0	
2016-Jan-05 11:40:32	PI_7	643	2	2	1405754	0	0,1
2016-Jan-05 11:40:34	PI_7	644	2	0	642933	0	
2016-Jan-05 11:40:36	PI_7	645	2	0	642933	0	
2016-Jan-05 11:40:38	PI_7	646	2	2	1405754	0	0,1
2016-Jan-05 11:40:40	PI_7	647	2	0	642933	0	
2016-Jan-05 11:40:42	PI_7	648	2	1	997955	0	0
2016-Jan-05 11:40:44	PI_7	649	2	2	1405754	0	0,1
2016-Jan-05 11:40:46	PI_7	650	2	1	997955	0	0
2016-Jan-05 11:40:48	PI_7	651	2	1	997955	0	0
2016-Jan-05 11:40:50	PI_7	652	2	1	997955	0	0
2016-Jan-05 11:40:52	PI_7	653	2	1	997955	0	0
2016-Jan-05 11:40:54	PI_7	654	2	1	997955	0	0
2016-Jan-05 11:40:56	PI_7	655	2	2	1405754	0	0,1
2016-Jan-05 11:40:58	PI_7	656	2	2	1405754	0	0,1
2016-Jan-05 11:41:00	PI_7	657	2	2	1405754	0	0,1
2016-Jan-05 11:41:02	PI_7	658	2	2	1405754	0	0,1
2016-Jan-05 11:41:04	PI_7	659	2	0	642933	0	
2016-Jan-05 11:41:06	PI_7	660	2	2	1405754	0	0,1
2016-Jan-05 11:41:08	PI_7	661	2	2	1405754	0	0,1
2016-Jan-05 11:41:10	PI_7	662	2	2	1405754	0	0,1
2016-Jan-05 11:41:12	PI_7	663	2	0	642933	0	
2016-Jan-05 11:41:14	PI_7	664	2	1	997955	0	0
2016-Jan-05 11:41:16	PI_7	665	2	1	997955	0	0
2016-Jan-05 11:41:18	PI_7	666	2	0	642933	0	
2016-Jan-05 11:41:20	PI_7	667	2	0	642933	0	
2016-Jan-05 11:41:22	PI_7	668	2	1	997955	0	0
2016-Jan-05 11:41:24	PI_7	669	2	1	997955	0	0
2016-Jan-05 11:41:26	PI_7	670	2	2	1405754	0	0,1
2016-Jan-05 11:41:28	PI_7	671	2	0	642933	0	
2016-Jan-05 11:41:30	PI_7	672	2	0	642933	0	
2016-Jan-05 11:41:32	PI_7	673	2	2	1405754	0	0,1
2016-Jan-05 11:41:34	PI_7	674	2	0	642933	0	
2016-Jan-05 11:41:36	PI_7	675	2	2	1405754	0	0,1
2016-Jan-05 11:41:38	PI_7	676	2	0	642933	0	
2016-Jan-05 11:41:40	PI_7	677	2	2	1405754	0	0,1
2016-Jan-05 11:41:42	PI_7	678	2	0	642933	0	
2016-Jan-05 11:41:44	PI_7	679	2	1	997955	0	0
2016-Jan-05 11:41:46	PI_7	680	2	1	997955	0	0
2016-Jan-05 11:41:48	PI_7	681	2	2	1405754	0	0,1
2016-Jan-05 11:41:50	PI_7	682	2	0	642933	0	
2016-Jan-05 11:41:52	PI_7	683	2	0	642933	0	
2016-Jan-05 11:41:54	PI_7	684	2	1	997955	0	0
2016-Jan-05 11:41:56	PI_7	685	2	1	997955	0	0
2016-Jan-05 11:41:58	PI_7	686	2	0	642933	0	
2016-Jan-05 11:42:00	PI_7	687	2	2	1405754	0	0,1
2016-Jan-05 11:42:02	PI_7	688	2	0	642933	0	
2016-Jan-05 11:42:04	PI_7	689	2	0	642933	0	
2016-Jan-05 11:42:06	PI_7	690	2	0	642933	0	
2016-Jan-05 11:42:08	PI_7	691	2	0	642933	0	
2016-Jan-05 11:42:10	PI_7	692	2	0	642933	0	
2016-Jan-05 11:42:12	PI_7	693	2	0	642933	0	
2016-Jan-05 11:42:14	PI_7	694	2	0	642933	0	
2016-Jan-05 11:42:16	PI_7	695	2	0	642933	0	
2016-Jan-05 11:42:18	PI_7	696	2	2	1405754	0	0,1
2016-Jan-05 11:42:20	PI_7	697	2	0	642933	0	
2016-Jan-05 11:42:22	PI_7	698	2	0	642933	0	
2016-Jan-05 11:42:24	PI_7	699	2	2	1405754	0	0,1
2016-Jan-05 11:42:26	PI_7	700	2	0	642933	0	
2016-Jan-05 11:42:28	PI_7	701	2	2	1405754	0	0,1
2016-Jan-05 11:42:30	PI_7	702	2	0	642933	0	
2016-Jan-05 11:42:32	PI_7	703	2	2	1405754	0	0,1
2016-Jan-05 11:42:34	PI_7	704	2	1	997955	0	0
2016-Jan-05 11:42:36	PI_7	705	2	2	1405754	0	0,1
2016-Jan-05 11:42:38	PI_7	706	2	2	1405754	0	0,1
2016-Jan-05 11:42:40	PI_7	707	2	0	642933	0	
2016-Jan-05 11:42:42	PI_7	708	2	2	1405754	0	0,1
2016-Jan-05 11:42:44	PI_7	709	2	2	1405754	0	0,1
2016-Jan-05 11:42:46	PI_7	710	2	0	642933	0	
2016-Jan-05 11:42:48	PI_7	711	2	2	1405754	0	0,1
2016-Jan-05 11:42:50	PI_7	712	2	1	997955	0	0
2016-Jan-05 11:42:52	PI_7	713	2	1	997955	0	0
2016-Jan-05 11:42:54	PI_7	714	2	1	997955	0	0
2016-Jan-05 11:42:56	PI_7	715	2	1	997955	0	0
2016-Jan-05 11:42:58	PI_7	716	2	1	997955	0	0
2016-Jan-05 11:43:00	PI_7	717	2	1	997955	0	0
2016-Jan-05 11:43:02	PI_7	718	2	1	997955	0	0
2016-Jan-05 11:43:04	PI_7	719	2	2	1405754	0	0,1
2016-Jan-05 11:43:06	PI_7	720	2	0	642933	0	
2016-Jan-05 11:43:08	PI_7	721	2	2	1405754	0	0,1
2016-Jan-05 11:43:10	PI_7	722	2	0	642933	0	
2016-Jan-05 11:43:12	PI_7	723	2	0	642933	0	
2016-Jan-05 11:43:14	PI_7	724	2	0	642933	0	
2016-Jan-05 11:43:16	PI_7	725	2	2	1405754	0	0,1
2016-Jan-05 11:43:18	PI_7	726	2	0	642933	0	
2016-Jan-05 11:43:20	PI_7	727	2	2	1405754	0	0,1
2016-Jan-05 11:43:22	PI_7	728	2	0	642933	0	
2016-Jan-05 11:43:24	PI_7	729	2	0	642933	0	
2016-Jan-05 11:43:26	PI_7	730	2	2	1405754	0	0,1
2016-Jan-05 11:43:28	PI_7	731	2	2	1405754	0	0,1
2016-Jan-05 11:43:30	PI_7	732	2	0	642933	0	
2016-Jan-05 11:43:32	PI_7	733	2	2	1405754	0	0,1
2016-Jan-05 11:43:34	PI_7	734	2	2	1405754	0	0,1
2016-Jan-05 11:43:36	PI_7	735	2	2	1405754	0	0,1
2016-Jan-05 11:43:38	PI_7	736	2	0	642933	0	
2016-Jan-05 11:43:40	PI_7	737	2	1	997955	0	0
2016-Jan-05 11:43:42	PI_7	738	2	2	1405754	0	0,1
2016-Jan-05 11:43:44	PI_7	739	2	0	642933	0	
2016-Jan-05 11:43:46	PI_7	740	2	1	997955	0	0
2016-Jan-05 11:43:48	PI_7	741	2	0	642933	0	
2016-Jan-05 11:43:50	PI_7	742	2	1	997955	0	0
2016-Jan-05 11:43:52	PI_7	743	2	2	1405754	0	0,1
2016-Jan-05 11:43:54	PI_7	744	2	0	642933	0	
2016-Jan-05 11:43:56	PI_7	745	2	0	642933	0	
2016-Jan-05 11:43:58	PI_7	746	2	2	1405754	0	0,1
2016-Jan-05 11:44:00	PI_7	747	2	0	642933	0	
2016-Jan-05 11:44:02	PI_7	748	2	0	642933	0	
2016-Jan-05 11:44:04	PI_7	749	2	2	1405754	0	0,1
2016-Jan-05 11:44:06	PI_7	750	2	0	642933	0	
2016-Jan-05 11:44:08	PI_7	751	2	0	642933	0	
2016-Jan-05 11:44:10	PI_7	752	2	0	642933	0	
2016-Jan-05 11:44:12	PI_7	753	2	2	1405754	0	0,1
2016-Jan-05 11:44:14	PI_7	754	2	0	642933	0	
2016-Jan-05 11:44:16	PI_7	755	2	0	642933	0	
2016-Jan-05 11:44:18	PI_7	756	2	0	642933	0	
2016-Jan-05 11:44:20	PI_7	757	2	0	642933	0	
2016-Jan-05 11:44:22	PI_7	758	2	0	642933	0	
2016-Jan-05 11:44:24	PI_7	759	2	0	642933	0	
2016-Jan-05 11:44:26	PI_7	760	2	0	642933	0	
2016-Jan-05 11:44:28	PI_7	761	2	0	642933	0	
2016-Jan-05 11:44:30	PI_7	762	2	2	1405754	0	0,1
2016-Jan-05 11:44:32	PI_7	763	2	0	642933	0	
2016-Jan-05 11:44:34	PI_7	764	2	0	642933	0	
2016-Jan-05 11:44:36	PI_7	765	2	2	1405754	0	0,1
2016-Jan-05 11:44:38	PI_7	766	2	0	642933	0	
2016-Jan-05 11:44:40	PI_7	767	2	0	642933	0	
2016-Jan-05 11:44:42	PI_7	768	2	0	642933	0	
2016-Jan-05 11:44:44	PI_7	769	2	2	1405754	0	0,1
2016-Jan-05 11:44:46	PI_7	770	2	2	1405754	0	0,1
2016-Jan-05 11:44:48	PI_7	771	2	2	1405754	0	0,1
2016-Jan-05 11:44:50	PI_7	772	2	0	642933	0	
2016-Jan-05 11:44:52	PI_7	773	2	0	642933	0	
2016-Jan-05 11:44:54	PI_7	774	2	2	1405754	0	0,1
2016-Jan-05 11:44:56	PI_7	775	2	0	642933	0	
2016-Jan-05 11:44:58	PI_7	776	2	2	1405754	0	0,1
2016-Jan-05 11:45:00	PI_7	777	2	0	642933	0	
2016-Jan-05 11:45:02	PI_7	778	2	2	1405754	0	0,1
2016-Jan-05 11:45:04	PI_7	779	2	1	997955	0	0
2016-Jan-05 11:45:06	PI_7	780	2	1	997955	0	0
2016-Jan-05 11:45:08	PI_7	781	2	1	997955	0	0
2016-Jan-05 11:45:10	PI_7	782	2	1	997955	0	0
2016-Jan-05 11:45:12	PI_7	783	2	2	1405754	0	0,1
2016-Jan-05 11:45:14	PI_7	784	2	2	1405754	0	0,1
2016-Jan-05 11:45:16	PI_7	785	2	0	642933	0	
2016-Jan-05 11:45:18	PI_7	786	2	2	1405754	0	0,1
2016-Jan-05 11:45:20	PI_7	787	2	0	642933	0	
2016-Jan-05 11:45:22	PI_7	788	2	2	1405754	0	0,1
2016-Jan-05 11:45:24	PI_7	789	2	0	642933	0	
2016-Jan-05 11:45:26	PI_7	790	2	0	642933	0	
2016-Jan-05 11:45:28	PI_7	791	2	0	642933	0	
2016-Jan-05 11:45:30	PI_7	792	2	0	642933	0	
2016-Jan-05 11:45:32	PI_7	793	2	0	642933	0	
2016-Jan-05 11:45:34	PI_7	794	2	0	642933	0	
2016-Jan-05 11:45:36	PI_7	795	2	0	642933	0	
2016-Jan-05 11:45:38	PI_7	796	2	0	642933	0	
2016-Jan-05 11:45:40	PI_7	797	2	2	1405754	0	0,1
2016-Jan-05 11:45:42	PI_7	798	2	0	642933	0	
2016-Jan-05 11:45:44	PI_7	799	2	0	642933	0	
2016-Jan-05 11:45:46	PI_7	800	2	2	1405754	0	0,1
2016-Jan-05 11:45:48	PI_7	801	2	0	642933	0	
2016-Jan-05 11:45:50	PI_7	802	2	2	1405754	0	0,1
2016-Jan-05 11:45:52	PI_7	803	2	0	642933	0	
2016-Jan-05 11:45:54	PI_7	804	2	2	1405754	0	0,1
2016-Jan-05 11:45:56	PI_7	805	2	0	642933	0	
2016-Jan-05 11:45:58	PI_7	806	2	2	1405754	0	0,1
2016-Jan-05 11:46:00	PI_7	807	2	0	642933	0	
2016-Jan-05 11:46:02	PI_7	808	2	0	642933	0	
2016-Jan-05 11:46:04	PI_7	809	2	2	1405754	0	0,1
2016-Jan-05 11:46:06	PI_7	810	2	0	642933	0	
2016-Jan-05 11:46:08	PI_7	811	2	0	642933	0	
2016-Jan-05 11:46:10	PI_7	812	2	0	642933	0	
2016-Jan-05 11:46:12	PI_7	813	2	0	642933	0	
2016-Jan-05 11:46:14	PI_7	814	2	0	642933	0	
2016-Jan-05 11:46:16	PI_7	815	2	0	642933	0	
2016-Jan-05 11:46:18	PI_7	816	2	2	1405754	0	0,1
2016-Jan-05 11:46:20	PI_7	817	2	0	642933	0	
2016-Jan-05 11:46:22	PI_7	818	2	2	1405754	0	0,1
2016-Jan-05 11:46:24	PI_7	819	2	0	642933	0	
2016-Jan-05 11:46:26	PI_7	820	2	1	997955	0	0
2016-Jan-05 11:46:28	PI_7	821	2	1	997955	0	0
2016-Jan-05 11:46:30	PI_7	822	2	2	1405754	0	0,1
2016-Jan-05 11:46:32	PI_7	823	2	0	642933	0	
2016-Jan-05 11:46:34	PI_7	824	2	0	642933	0	
2016-Jan-05 11:46:36	PI_7	825	2	2	1405754	0	0,1
2016-Jan-05 11:46:38	PI_7	826	2	0	642933	0	
2016-Jan-05 11:46:40	PI_7	827	2	0	642933	0	
2016-Jan-05 11:46:42	PI_7	828	2	0	642933	0	
2016-Jan-05 11:46:44	PI_7	829	2	2	1405754	0	0,1
2016-Jan-05 11:46:46	PI_7	830	2	0	642933	0	
2016-Jan-05 11:46:48	PI_7	831	2	2	1405754	0	0,1
2016-Jan-05 11:46:50	PI_7	832	2	0	642933	0	
2016-Jan-05 11:46:52	PI_7	833	2	0	642933	0	
2016-Jan-05 11:46:54	PI_7	834	2	0	642933	0	
2016-Jan-05 11:46:56	PI_7	835	2	2	1405754	0	0,1
2016-Jan-05 11:46:58	PI_7	836	2	0	642933	0	
2016-Jan-05 11:47:00	PI_7	837	2	2	1405754	0	0,1
2016-Jan-05 11:47:02	PI_7	838	2	0	642933	0	
2016-Jan-05 11:47:04	PI_7	839	2	2	1405754	0	0,1
2016-Jan-05 11:47:06	PI_7	840	2	2	1405754	0	0,1
2016-Jan-05 11:47:08	PI_7	841	2	0	642933	0	
2016-Jan-05 11:47:10	PI_7	842	2	2	1405754	0	0,1
2016-Jan-05 11:47:12	PI_7	843	2	2	1405754	0	0,1
2016-Jan-05 11:47:14	PI_7	844	2	2	1405754	0	0,1
2016-Jan-05 11:47:16	PI_7	845	2	1	997955	0	0
2016-Jan-05 11:47:18	PI_7	846	2	1	997955	0	0
2016-Jan-05 11:47:20	PI_7	847	2	2	1405754	0	0,1
2016-Jan-05 11:47:22	PI_7	848	2	1	997955	0	0
2016-Jan-05 11:47:24	PI_7	849	2	1	997955	0	0
2016-Jan-05 11:47:26	PI_7	850	2	1	997955	0	0
2016-Jan-05 11:47:28	PI_7	851	2	1	997955	0	0
2016-Jan-05 11:47:30	PI_7	852	2	1	997955	0	0
2016-Jan-05 11:47:32	PI_7	853	2	1	997955	0	0
2016-Jan-05 11:47:34	PI_7	854	2	1	997955	0	0
2016-Jan-05 11:47:36	PI_7	855	2	1	997955	0	0
2016-Jan-05 11:47:38	PI_7	856	2	2	1405754	0	0,1
2016-Jan-05 11:47:40	PI_7	857	2	0	642933	0	
2016-Jan-05 11:47:42	PI_7	858	2	0	642933	0	
2016-Jan-05 11:47:44	PI_7	859	2	0	642933	0	
2016-Jan-05 11:47:46	PI_7	860	2	0	642933	0	
2016-Jan-05 11:47:48	PI_7	861	2	0	642933	0	
2016-Jan-05 11:47:50	PI_7	862	2	0	642933	0	
2016-Jan-05 11:47:52	PI_7	863	2	0	642933	0	
2016-Jan-05 11:47:54	PI_7	864	2	2	1405754	0	0,1
2016-Jan-05 11:47:56	PI_7	865	2	0	642933	0	
2016-Jan-05 11:47:58	PI_7	866	2	2	1405754	0	0,1
2016-Jan-05 11:48:00	PI_7	867	2	1	997955	0	0
2016-Jan-05 11:48:02	PI_7	868	2	2	1405754	0	0,1
2016-Jan-05 11:48:04	PI_7	869	2	0	642933	0	
2016-Jan-05 11:48:06	PI_7	870	2	1	997955	0	0
2016-Jan-05 11:48:08	PI_7	871	2	1	997955	0	0
2016-Jan-05 11:48:10	PI_7	872	2	1	997955	0	0
2016-Jan-05 11:48:12	PI_7	873	2	2	1405754	0	0,1
2016-Jan-05 11:48:14	PI_7	874	2	2	1405754	0	0,1
2016-Jan-05 11:48:16	PI_7	875	2	2	1405754	0	0,1
2016-Jan-05 11:48:18	PI_7	876	2	1	997955	0	0
2016-Jan-05 11:48:20	PI_7	877	2	1	997955	0	0
2016-Jan-05 11:48:22	PI_7	878	2	1	997955	0	0
2016-Jan-05 11:48:24	PI_7	879	2	1	997955	0	0
2016-Jan-05 11:48:26	PI_7	880	2	2	1405754	0	0,1
2016-Jan-05 11:48:28	PI_7	881	2	1	997955	0	0
2016-Jan-05 11:48:30	PI_7	882	2	1	997955	0	0
2016-Jan-05 11:48:32	PI_7	883	2	1	997955	0	0
2016-Jan-05 11:48:34	PI_7	884	2	1	997955	0	0
2016-Jan-05 11:48:36	PI_7	885	2	1	997955	0	0
2016-Jan-05 11:48:38	PI_7	886	2	2	1405754	0	0,1
2016-Jan-05 11:48:40	PI_7	887	2	2	1405754	0	0,1
2016-Jan-05 11:48:42	PI_7	888	2	0	642933	0	
2016-Jan-05 11:48:44	PI_7	889	2	2	1405754	0	0,1
2016-Jan-05 11:48:46	PI_7	890	2	0	642933	0	
2016-Jan-05 11:48:48	PI_7	891	2	0	642933	0	
2016-Jan-05 11:48:50	PI_7	892	2	0	642933	0	
2016-Jan-05 11:48:52	PI_7	893	2	0	642933	0	
2016-Jan-05 11:48:54	PI_7	894	2	0	642933	0	
2016-Jan-05 11:48:56	PI_7	895	2	2	1405754	0	0,1
2016-Jan-05 11:48:58	PI_7	896	2	0	642933	0	
2016-Jan-05 11:49:00	PI_7	897	2	0	642933	0	
2016-Jan-05 11:49:02	PI_7	898	2	2	1405754	0	0,1
2016-Jan-05 11:49:04	PI_7	899	2	0	642933	0	
2016-Jan-05 11:49:06	PI_7	900	2	0	642933	0	
2016-Jan-05 11:49:08	PI_7	901	2	0	642933	0	
2016-Jan-05 11:49:10	PI_7	902	2	0	642933	0	
2016-Jan-05 11:49:12	PI_7	903	2	0	642933	0	
2016-Jan-05 11:49:14	PI_7	904	2	2	1405754	0	0,1
2016-Jan-05 11:49:16	PI_7	905	2	0	642933	0	
2016-Jan-05 11:49:18	PI_7	906	2	0	642933	0	
2016-Jan-05 11:49:20	PI_7	907	2	2	1405754	0	0,1
2016-Jan-05 11:49:22	PI_7	908	2	0	642933	0	
2016-Jan-05 11:49:24	PI_7	909	2	2	1405754	0	0,1
2016-Jan-05 11:49:26	PI_7	910	2	1	997955	0	0
2016-Jan-05 11:49:28	PI_7	911	2	2	1405754	0	0,1
2016-Jan-05 11:49:30	PI_7	912	2	2	1405754	0	0,1
2016-Jan-05 11:49:32	PI_7	913	2	0	642933	0	
2016-Jan-05 11:49:34	PI_7	914	2	0	642933	0	
2016-Jan-05 11:49:36	PI_7	915	2	2	1405754	0	0,1
2016-Jan-05 11:49:38	PI_7	916	2	0	642933	0	
2016-Jan-05 11:49:40	PI_7	917	2	0	642933	0	
2016-Jan-05 11:49:42	PI_7	918	2	0	642933	0	
2016-Jan-05 11:49:44	PI_7	919	2	0	642933	0	
2016-Jan-05 11:49:46	PI_7	920	2	0	642933	0	
2016-Jan-05 11:49:48	PI_7	921	2	1	997955	0	0
2016-Jan-05 11:49:50	PI_7	922	2	1	997955	0	0
2016-Jan-05 11:49:52	PI_7	923	2	2	1405754	0	0,1
2016-Jan-05 11:49:54	PI_7	924	2	2	1405754	0	0,1
2016-Jan-05 11:49:56	PI_7	925	2	0	642933	0	
2016-Jan-05 11:49:58	PI_7	926	2	2	1405754	0	0,1
2016-Jan-05 11:50:00	PI_7	927	2	0	642933	0	
2016-Jan-05 11:50:02	PI_7	928	2	0	642933	0	
2016-Jan-05 11:50:04	PI_7	929	2	0	642933	0	
2016-Jan-05 11:50:06	PI_7	930	2	0	642933	0	
2016-Jan-05 11:50:08	PI_7	931	2	0	642933	0	
2016-Jan-05 11:50:10	PI_7	932	2	2	1405754	0	0,1
2016-Jan-05 11:50:12	PI_7	933	2	0	642933	0	
2016-Jan-05 11:50:14	PI_7	934	2	0	642933	0	
2016-Jan-05 11:50:16	PI_7	935	2	0	642933	0	
2016-Jan-05 11:50:18	PI_7	936	2	0	642933	0	
2016-Jan-05 11:50:20	PI_7	937	2	0	642933	0	
2016-Jan-05 11:50:22	PI_7	938	2	0	642933	0	
2016-Jan-05 11:50:24	PI_7	939	2	0	642933	0	
2016-Jan-05 11:50:26	PI_7	940	2	0	642933	0	
2016-Jan-05 11:50:28	PI_7	941	2	0	642933	0	
2016-Jan-05 11:50:30	PI_7	942	2	0	642933	0	
2016-Jan-05 11:50:32	PI_7	943	2	0	642933	0	
2016-Jan-05 11:50:34	PI_7	944	2	0	642933	0	
2016-Jan-05 11:50:36	PI_7	945	2	0	642933	0	
2016-Jan-05 11:50:38	PI_7	946	2	0	642933	0	
2016-Jan-05 11:50:40	PI_7	947	2	0	642933	0	
2016-Jan-05 11:50:42	PI_7	948	2	0	642933	0	
2016-Jan-05 11:50:44	PI_7	949	2	0	642933	0	
2016-Jan-05 11:50:46	PI_7	950	2	0	642933	0	
2016-Jan-05 11:50:48	PI_7	951	2	0	642933	0	
2016-Jan-05 11:50:50	PI_7	952	2	0	642933	0	
2016-Jan-05 11:50:52	PI_7	953	2	0	642933	0	
2016-Jan-05 11:50:54	PI_7	954	2	0	642933	0	
2016-Jan-05 11:50:56	PI_7	955	2	0	642933	0	
2016-Jan-05 11:50:58	PI_7	956	2	0	642933	0	
2016-Jan-05 11:51:00	PI_7	957	2	0	642933	0	
2016-Jan-05 11:51:02	PI_7	958	2	2	1405754	0	0,1
2016-Jan-05 11:51:04	PI_7	959	2	0	642933	0	
2016-Jan-05 11:51:06	PI_7	960	2	0	642933	0	
2016-Jan-05 11:51:08	PI_7	961	2	0	642933	0	
2016-Jan-05 11:51:10	PI_7	962	2	2	1405754	0	0,1
2016-Jan-05 11:51:12	PI_7	963	2	1	997955	0	0
2016-Jan-05 11:51:14	PI_7	964	2	2	1405754	0	0,1
2016-Jan-05 11:51:16	PI_7	965	2	0	642933	0	
2016-Jan-05 11:51:18	PI_7	966	2	0	642933	0	
2016-Jan-05 11:51:20	PI_7	967	2	2	1405754	0	0,1
2016-Jan-05 11:51:22	PI_7	968	2	0	642933	0	
2016-Jan-05 11:51:24	PI_7	969	2	0	642933	0	
2016-Jan-05 11:51:26	PI_7	970	2	2	1405754	0	0,1
2016-Jan-05 11:51:28	PI_7	971	2	2	1405754	0	0,1
2016-Jan-05 11:51:30	PI_7	972	2	0	642933	0	
2016-Jan-05 11:51:32	PI_7	973	2	2	1405754	0	0,1
2016-Jan-05 11:51:34	PI_7	974	2	1	997955	0	0
2016-Jan-05 11:51:36	PI_7	975	2	1	997955	0	0
2016-Jan-05 11:51:38	PI_7	976	2	1	997955	0	0
2016-Jan-05 11:51:40	PI_7	977	2	1	997955	0	0
2016-Jan-05 11:51:42	PI_7	978	2	1	997955	0	0
2016-Jan-05 11:51:44	PI_7	979	2	1	997955	0	0
2016-Jan-05 11:51:46	PI_7	980	2	2	1405754	0	0,1
2016-Jan-05 11:51:48	PI_7	981	2	1	997955	0	0
2016-Jan-05 11:51:50	PI_7	982	2	1	997955	0	0
2016-Jan-05 11:51:52	PI_7	983	2	1	997955	0	0
2016-Jan-05 11:51:54	PI_7	984	2	1	997955	0	0
2016-Jan-05 11:51:56	PI_7	985	2	1	997955	0	0
2016-Jan-05 11:51:58	PI_7	986	2	2	1405754	0	0,1
2016-Jan-05 11:52:00	PI_7	987	2	1	997955	0	0
2016-Jan-05 11:52:02	PI_7	988	2	2	1405754	0	0,1
2016-Jan-05 11:52:04	PI_7	989	2	2	1405754	0	0,1
2016-Jan-05 11:52:06	PI_7	990	2	2	1405754	0	0,1
2016-Jan-05 11:52:08	PI_7	991	2	1	997955	0	0
2016-Jan-05 11:52:10	PI_7	992	2	1	997955	0	0
2016-Jan-05 11:52:12	PI_7	993	2	2	1405754	0	0,1
2016-Jan-05 11:52:14	PI_7	994	2	2	1405754	0	0,1
2016-Jan-05 11:52:16	PI_7	995	2	1	997955	0	0
2016-Jan-05 11:52:18	PI_7	996	2	2	1405754	0	0,1
2016-Jan-05 11:52:20	PI_7	997	2	2	1405754	0	0,1
2016-Jan-05 11:52:22	PI_7	998	2	0	642933	0	
2016-Jan-05 11:52:24	PI_7	999	2	1	997955	0	0
2016-Jan-05 11:52:26	PI_7	1000	2	1	997955	0	0
2016-Jan-05 11:52:28	PI_7	1001	2	2	1405754	0	0,1
2016-Jan-05 11:52:30	PI_7	1002	2	0	642933	0	
2016-Jan-05 11:52:32	PI_7	1003	2	0	642933	0	
2016-Jan-05 11:52:34	PI_7	1004	2	2	1405754	0	0,1
2016-Jan-05 11:52:36	PI_7	1005	2	0	642933	0	
2016-Jan-05 11:52:38	PI_7	1006	2	2	1405754	0	0,1
2016-Jan-05 11:52:40	PI_7	1007	2	0	642933	0	
2016-Jan-05 11:52:42	PI_7	1008	2	0	642933	0	
2016-Jan-05 11:52:44	PI_7	1009	2	0	642933	0	
2016-Jan-05 11:52:46	PI_7	1010	2	1	997955	0	0
2016-Jan-05 11:52:48	PI_7	1011	2	1	997955	0	0
2016-Jan-05 11:52:50	PI_7	1012	2	0	642933	0	
2016-Jan-05 11:52:52	PI_7	1013	2	2	1405754	0	0,1
2016-Jan-05 11:52:54	PI_7	1014	2	0	642933	0	
2016-Jan-05 11:52:56	PI_7	1015	2	0	642933	0	
2016-Jan-05 11:52:58	PI_7	1016	2	0	642933	0	
2016-Jan-05 11:53:00	PI_7	1017	2	0	642933	0	
2016-Jan-05 11:53:02	PI_7	1018	2	0	642933	0	
2016-Jan-05 11:53:04	PI_7	1019	2	0	642933	0	
2016-Jan-05 11:53:06	PI_7	1020	2	0	642933	0	
2016-Jan-05 11:53:08	PI_7	1021	2	0	642933	0	
2016-Jan-05 11:53:10	PI_7	1022	2	0	642933	0	
2016-Jan-05 11:53:12	PI_7	1023	2	0	642933	0	
2016-Jan-05 11:53:14	PI_7	1024	2	0	642933	0	
2016-Jan-05 11:53:16	PI_7	1025	2	2	1405754	0	0,1
2016-Jan-05 11:53:18	PI_7	1026	2	0	642933	0	
2016-Jan-05 11:53:20	PI_7	1027	2	2	1405754	0	0,1
2016-Jan-05 11:53:22	PI_7	1028	2	1	997955	0	0
2016-Jan-05 11:53:24	PI_7	1029	2	2	1405754	0	0,1
2016-Jan-05 11:53:26	PI_7	1030	2	1	997955	0	0
2016-Jan-05 11:53:28	PI_7	1031	2	0	642933	0	
2016-Jan-05 11:53:30	PI_7	1032	2	0	642933	0	
2016-Jan-05 11:53:32	PI_7	1033	2	1	997955	0	0
2016-Jan-05 11:53:34	PI_7	1034	2	1	997955	0	0
2016-Jan-05 11:53:36	PI_7	1035	2	1	997955	0	0
2016-Jan-05 11:53:38	PI_7	1036	2	2	1405754	0	0,1
2016-Jan-05 11:53:40	PI_7	1037	2	2	1405754	0	0,1
2016-Jan-05 11:53:42	PI_7	1038	2	1	997955	0	0
2016-Jan-05 11:53:44	PI_7	1039	2	1	997955	0	0
2016-Jan-05 11:53:46	PI_7	1040	2	1	997955	0	0
2016-Jan-05 11:53:48	PI_7	1041	2	1	997955	0	0
2016-Jan-05 11:53:50	PI_7	1042	2	1	997955	0	0
2016-Jan-05 11:53:52	PI_7	1043	2	1	997955	0	0
2016-Jan-05 11:53:54	PI_7	1044	2	1	997955	0	0
2016-Jan-05 11:53:56	PI_7	1045	2	1	997955	0	0
2016-Jan-05 11:53:58	PI_7	1046	2	1	997955	0	0
2016-Jan-05 11:54:00	PI_7	1047	2	1	997955	0	0
2016-Jan-05 11:54:02	PI_7	1048	2	1	997955	0	0
2016-Jan-05 11:54:04	PI_7	1049	2	1	997955	0	0
2016-Jan-05 11:54:06	PI_7	1050	2	1	997955	0	0
2016-Jan-05 11:54:08	PI_7	1051	2	1	997955	0	0
2016-Jan-05 11:54:10	PI_7	1052	2	1	997955	0	0
2016-Jan-05 11:54:12	PI_7	1053	2	1	997955	0	0
2016-Jan-05 11:54:14	PI_7	1054	2	1	997955	0	0
2016-Jan-05 11:54:16	PI_7	1055	2	1	997955	0	0
2016-Jan-05 11:54:18	PI_7	1056	2	1	997955	0	0
2016-Jan-05 11:54:20	PI_7	1057	2	2	1405754	0	0,1
2016-Jan-05 11:54:22	PI_7	1058	2	2	1405754	0	0,1
2016-Jan-05 11:54:24	PI_7	1059	2	2	1405754	0	0,1
2016-Jan-05 11:54:26	PI_7	1060	2	2	1405754	0	0,1
2016-Jan-05 11:54:28	PI_7	1061	2	2	1405754	0	0,1
2016-Jan-05 11:54:30	PI_7	1062	2	2	1405754	0	0,1
2016-Jan-05 11:54:32	PI_7	1063	2	2	1405754	0	0,1
2016-Jan-05 11:54:34	PI_7	1064	2	2	1405754	0	0,1
2016-Jan-05 11:54:36	PI_7	1065	2	2	1405754	0	0,1
2016-Jan-05 11:54:38	PI_7	1066	2	2	1405754	0	0,1
2016-Jan-05 11:54:40	PI_7	1067	2	1	997955	0	0
2016-Jan-05 11:54:42	PI_7	1068	2	2	1405754	0	0,1
2016-Jan-05 11:54:44	PI_7	1069	2	2	1405754	0	0,1
2016-Jan-05 11:54:46	PI_7	1070	2	2	1405754	0	0,1
2016-Jan-05 11:54:48	PI_7	1071	2	2	1405754	0	0,1
2016-Jan-05 11:54:50	PI_7	1072	2	2	1405754	0	0,1
2016-Jan-05 11:54:52	PI_7	1073	2	0	642933	0	
2016-Jan-05 11:54:54	PI_7	1074	2	2	1405754	0	0,1
2016-Jan-05 11:54:56	PI_7	1075	2	0	642933	0	
2016-Jan-05 11:54:58	PI_7	1076	2	2	1405754	0	0,1
2016-Jan-05 11:55:00	PI_7	1077	2	0	642933	0	
2016-Jan-05 11:55:02	PI_7	1078	2	0	642933	0	
2016-Jan-05 11:55:04	PI_7	1079	2	0	642933	0	
2016-Jan-05 11:55:06	PI_7	1080	2	0	642933	0	
2016-Jan-05 11:55:08	PI_7	1081	2	0	642933	0	
2016-Jan-05 11:55:10	PI_7	1082	2	0	642933	0	
2016-Jan-05 11:55:12	PI_7	1083	2	2	1405754	0	0,1
2016-Jan-05 11:55:14	PI_7	1084	2	0	642933	0	
2016-Jan-05 11:55:16	PI_7	1085	2	0	642933	0	
2016-Jan-05 11:55:18	PI_7	1086	2	0	642933	0	
2016-Jan-05 11:55:20	PI_7	1087	2	0	642933	0	
2016-Jan-05 11:55:22	PI_7	1088	2	0	642933	0	
2016-Jan-05 11:55:24	PI_7	1089	2	0	642933	0	
2016-Jan-05 11:55:26	PI_7	1090	2	2	1405754	0	0,1
2016-Jan-05 11:55:28	PI_7	1091	2	0	642933	0	
2016-Jan-05 11:55:30	PI_7	1092	2	0	642933	0	
2016-Jan-05 11:55:32	PI_7	1093	2	0	642933	0	
2016-Jan-05 11:55:34	PI_7	1094	2	2	1405754	0	0,1
2016-Jan-05 11:55:36	PI_7	1095	2	0	642933	0	
2016-Jan-05 11:55:38	PI_7	1096	2	0	642933	0	
2016-Jan-05 11:55:40	PI_7	1097	2	0	642933	0	
2016-Jan-05 11:55:42	PI_7	1098	2	0	642933	0	
2016-Jan-05 11:55:44	PI_7	1099	2	2	1405754	0	0,1
2016-Jan-05 11:55:46	PI_7	1100	2	0	642933	0	
2016-Jan-05 11:55:48	PI_7	1101	2	0	642933	0	
2016-Jan-05 11:55:50	PI_7	1102	2	2	1405754	0	0,1
2016-Jan-05 11:55:52	PI_7	1103	2	0	642933	0	
2016-Jan-05 11:55:54	PI_7	1104	2	2	1405754	0	0,1
2016-Jan-05 11:55:56	PI_7	1105	2	2	1405754	0	0,1
2016-Jan-05 11:55:58	PI_7	1106	2	2	1405754	0	0,1
2016-Jan-05 11:56:00	PI_7	1107	2	0	642933	0	
2016-Jan-05 11:56:02	PI_7	1108	2	1	997955	0	0
2016-Jan-05 11:56:04	PI_7	1109	2	0	642933	0	
2016-Jan-05 11:56:06	PI_7	1110	2	1	997955	0	0
2016-Jan-05 11:56:08	PI_7	1111	2	1	997955	0	0
2016-Jan-05 11:56:10	PI_7	1112	2	1	997955	0	0
2016-Jan-05 11:56:12	PI_7	1113	2	2	1405754	0	0,1
2016-Jan-05 11:56:14	PI_7	1114	2	0	642933	0	
2016-Jan-05 11:56:16	PI_7	1115	2	0	642933	0	
2016-Jan-05 11:56:18	PI_7	1116	2	0	642933	0	
2016-Jan-05 11:56:20	PI_7	1117	2	2	1405754	0	0,1
2016-Jan-05 11:56:22	PI_7	1118	2	0	642933	0	
2016-Jan-05 11:56:24	PI_7	1119	2	0	642933	0	
2016-Jan-05 11:56:26	PI_7	1120	2	2	1405754	0	0,1
2016-Jan-05 11:56:28	PI_7	1121	2	0	642933	0	
2016-Jan-05 11:56:30	PI_7	1122	2	0	642933	0	
2016-Jan-05 11:56:32	PI_7	1123	2	0	642933	0	
2016-Jan-05 11:56:34	PI_7	1124	2	0	642933	0	
2016-Jan-05 11:56:36	PI_7	1125	2	0	642933	0	
2016-Jan-05 11:56:38	PI_7	1126	2	0	642933	0	
2016-Jan-05 11:56:40	PI_7	1127	2	0	642933	0	
2016-Jan-05 11:56:42	PI_7	1128	2	0	642933	0	
2016-Jan-05 11:56:44	PI_7	1129	2	0	642933	0	
2016-Jan-05 11:56:46	PI_7	1130	2	0	642933	0	
2016-Jan-05 11:56:48	PI_7	1131	2	0	642933	0	
2016-Jan-05 11:56:50	PI_7	1132	2	0	642933	0	
2016-Jan-05 11:56:52	PI_7	1133	2	0	642933	0	
2016-Jan-05 11:56:54	PI_7	1134	2	0	642933	0	
2016-Jan-05 11:56:56	PI_7	1135	2	1	997955	0	0
2016-Jan-05 11:56:58	PI_7	1136	2	2	1405754	0	0,1
2016-Jan-05 11:57:00	PI_7	1137	2	0	642933	0	
2016-Jan-05 11:57:02	PI_7	1138	2	0	642933	0	
2016-Jan-05 11:57:04	PI_7	1139	2	2	1405754	0	0,1
2016-Jan-05 11:57:06	PI_7	1140	2	0	642933	0	
2016-Jan-05 11:57:08	PI_7	1141	2	0	642933	0	
2016-Jan-05 11:57:10	PI_7	1142	2	1	997955	0	0
2016-Jan-05 11:57:12	PI_7	1143	2	2	1405754	0	0,1
2016-Jan-05 11:57:14	PI_7	1144	2	1	997955	0	0
2016-Jan-05 11:57:16	PI_7	1145	2	1	997955	0	0
2016-Jan-05 11:57:18	PI_7	1146	2	1	997955	0	0
2016-Jan-05 11:57:20	PI_7	1147	2	2	1405754	0	0,1
2016-Jan-05 11:57:22	PI_7	1148	2	2	1405754	0	0,1
2016-Jan-05 11:57:24	PI_7	1149	2	0	642933	0	
2016-Jan-05 11:57:26	PI_7	1150	2	2	1405754	0	0,1
2016-Jan-05 11:57:28	PI_7	1151	2	0	642933	0	
2016-Jan-05 11:57:30	PI_7	1152	2	2	1405754	0	0,1
2016-Jan-05 11:57:32	PI_7	1153	2	0	642933	0	
2016-Jan-05 11:57:34	PI_7	1154	2	0	642933	0	
2016-Jan-05 11:57:36	PI_7	1155	2	2	1405754	0	0,1
2016-Jan-05 11:57:38	PI_7	1156	2	0	642933	0	
2016-Jan-05 11:57:40	PI_7	1157	2	0	642933	0	
2016-Jan-05 11:57:42	PI_7	1158	2	0	642933	0	
2016-Jan-05 11:57:44	PI_7	1159	2	0	642933	0	
2016-Jan-05 11:57:46	PI_7	1160	2	0	642933	0	
2016-Jan-05 11:57:48	PI_7	1161	2	0	642933	0	
2016-Jan-05 11:57:50	PI_7	1162	2	0	642933	0	
2016-Jan-05 11:57:52	PI_7	1163	2	2	1405754	0	0,1
2016-Jan-05 11:57:54	PI_7	1164	2	0	642933	0	
2016-Jan-05 11:57:56	PI_7	1165	2	0	642933	0	
2016-Jan-05 11:57:58	PI_7	1166	2	0	642933	0	
2016-Jan-05 11:58:00	PI_7	1167	2	0	642933	0	
2016-Jan-05 11:58:02	PI_7	1168	2	0	642933	0	
2016-Jan-05 11:58:04	PI_7	1169	2	0	642933	0	
2016-Jan-05 11:58:06	PI_7	1170	2	0	642933	0	
2016-Jan-05 11:58:08	PI_7	1171	2	0	642933	0	
2016-Jan-05 11:58:10	PI_7	1172	2	0	642933	0	
2016-Jan-05 11:58:12	PI_7	1173	2	0	642933	0	
2016-Jan-05 11:58:14	PI_7	1174	2	0	642933	0	
2016-Jan-05 11:58:16	PI_7	1175	2	0	642933	0	
2016-Jan-05 11:58:18	PI_7	1176	2	0	642933	0	
2016-Jan-05 11:58:20	PI_7	1177	2	0	642933	0	
2016-Jan-05 11:58:22	PI_7	1178	2	0	642933	0	
2016-Jan-05 11:58:24	PI_7	1179	2	0	642933	0	
2016-Jan-05 11:58:26	PI_7	1180	2	0	642933	0	
2016-Jan-05 11:58:28	PI_7	1181	2	0	642933	0	
2016-Jan-05 11:58:30	PI_7	1182	2	0	642933	0	
2016-Jan-05 11:58:32	PI_7	1183	2	0	642933	0	
2016-Jan-05 11:58:34	PI_7	1184	2	0	642933	0	
2016-Jan-05 11:58:36	PI_7	1185	2	0	642933	0	
2016-Jan-05 11:58:38	PI_7	1186	2	0	642933	0	
2016-Jan-05 11:58:40	PI_7	1187	2	0	642933	0	
2016-Jan-05 11:58:42	PI_7	1188	2	0	642933	0	
2016-Jan-05 11:58:44	PI_7	1189	2	0	642933	0	
2016-Jan-05 11:58:46	PI_7	1190	2	2	1405754	0	0,1
2016-Jan-05 11:58:48	PI_7	1191	2	0	642933	0	
2016-Jan-05 11:58:50	PI_7	1192	2	0	642933	0	
2016-Jan-05 11:58:52	PI_7	1193	2	0	642933	0	
2016-Jan-05 11:58:54	PI_7	1194	2	2	1405754	0	0,1
2016-Jan-05 11:58:56	PI_7	1195	2	0	642933	0	
2016-Jan-05 11:58:58	PI_7	1196	2	0	642933	0	
2016-Jan-05 11:59:00	PI_7	1197	2	0	642933	0	
2016-Jan-05 11:59:02	PI_7	1198	2	0	642933	0	
2016-Jan-05 11:59:04	PI_7	1199	2	0	642933	0	
2016-Jan-05 11:59:06	PI_7	1200	2	0	642933	0	
2016-Jan-05 11:59:08	PI_7	1201	2	0	642933	0	
2016-Jan-05 11:59:10	PI_7	1202	2	0	642933	0	
2016-Jan-05 11:59:12	PI_7	1203	2	2	1405754	0	0,1
2016-Jan-05 11:59:14	PI_7	1204	2	2	1405754	0	0,1
2016-Jan-05 11:59:16	PI_7	1205	2	0	642933	0	
2016-Jan-05 11:59:18	PI_7	1206	2	2	1405754	0	0,1
2016-Jan-05 11:59:20	PI_7	1207	2	1	997955	0	0
2016-Jan-05 11:59:22	PI_7	1208	2	1	997955	0	0
2016-Jan-05 11:59:24	PI_7	1209	2	2	1405754	0	0,1
2016-Jan-05 11:59:26	PI_7	1210	2	2	1405754	0	0,1
2016-Jan-05 11:59:28	PI_7	1211	2	2	1405754	0	0,1
2016-Jan-05 11:59:30	PI_7	1212	2	0	642933	0	
2016-Jan-05 11:59:32	PI_7	1213	2	2	1405754	0	0,1
2016-Jan-05 11:59:34	PI_7	1214	2	0	642933	0	
2016-Jan-05 11:59:36	PI_7	1215	2	2	1405754	0	0,1
2016-Jan-05 11:59:38	PI_7	1216	2	0	642933	0	
2016-Jan-05 11:59:40	PI_7	1217	2	0	642933	0	
2016-Jan-05 11:59:42	PI_7	1218	2	2	1405754	0	0,1
2016-Jan-05 11:59:44	PI_7	1219	2	0	642933	0	
2016-Jan-05 11:59:46	PI_7	1220	2	2	1405754	0	0,1
2016-Jan-05 11:59:48	PI_7	1221	2	0	642933	0	
2016-Jan-05 11:59:50	PI_7	1222	2	0	642933	0	
2016-Jan-05 11:59:52	PI_7	1223	2	0	642933	0	
2016-Jan-05 11:59:54	PI_7	1224	2	0	642933	0	
2016-Jan-05 11:59:56	PI_7	1225	2	2	1405754	0	0,1
2016-Jan-05 11:59:58	PI_7	1226	2	0	642933	0	
2016-Jan-05 12:00:00	PI_7	1227	2	0	642933	0	
2016-Jan-05 12:00:02	PI_7	1228	2	0	642933	0	
2016-Jan-05 12:00:04	PI_7	1229	2	2	1405754	0	0,1
2016-Jan-05 12:00:06	PI_7	1230	2	0	642933	0	
2016-Jan-05 12:00:08	PI_7	1231	2	0	642933	0	
2016-Jan-05 12:00:11	PI_7	1232	2	2	1405754	0	0,1
2016-Jan-05 12:00:13	PI_7	1233	2	0	642933	0	
2016-Jan-05 12:00:15	PI_7	1234	2	0	642933	0	
2016-Jan-05 12:00:17	PI_7	1235	2	0	642933	0	
2016-Jan-05 12:00:19	PI_7	1236	2	0	642933	0	
2016-Jan-05 12:00:21	PI_7	1237	2	1	997955	0	0
2016-Jan-05 12:00:23	PI_7	1238	2	0	642933	0	
2016-Jan-05 12:00:25	PI_7	1239	2	2	1405754	0	0,1
2016-Jan-05 12:00:27	PI_7	1240	2	0	642933	0	
2016-Jan-05 12:00:29	PI_7	1241	2	2	1405754	0	0,1
2016-Jan-05 12:00:31	PI_7	1242	2	0	642933	0	
2016-Jan-05 12:00:33	PI_7	1243	2	2	1405754	0	0,1
2016-Jan-05 12:00:35	PI_7	1244	2	0	642933	0	
2016-Jan-05 12:00:37	PI_7	1245	2	2	1405754	0	0,1
2016-Jan-05 12:00:39	PI_7	1246	2	0	642933	0	
2016-Jan-05 12:00:41	PI_7	1247	2	2	1405754	0	0,1
2016-Jan-05 12:00:43	PI_7	1248	2	0	642933	0	
2016-Jan-05 12:00:45	PI_7	1249	2	0	642933	0	
2016-Jan-05 12:00:47	PI_7	1250	2	2	1405754	0	0,1
2016-Jan-05 12:00:49	PI_7	1251	2	0	642933	0	
2016-Jan-05 12:00:51	PI_7	1252	2	2	1405754	0	0,1
2016-Jan-05 12:00:53	PI_7	1253	2	0	642933	0	
2016-Jan-05 12:00:55	PI_7	1254	2	0	642933	0	
2016-Jan-05 12:00:57	PI_7	1255	2	2	1405754	0	0,1
2016-Jan-05 12:00:59	PI_7	1256	2	2	1405754	0	0,1
2016-Jan-05 12:01:01	PI_7	1257	2	0	642933	0	
2016-Jan-05 12:01:03	PI_7	1258	2	2	1405754	0	0,1
2016-Jan-05 12:01:05	PI_7	1259	2	0	642933	0	
2016-Jan-05 12:01:07	PI_7	1260	2	0	642933	0	
2016-Jan-05 12:01:09	PI_7	1261	2	1	997955	0	0
2016-Jan-05 12:01:11	PI_7	1262	2	1	997955	0	0
2016-Jan-05 12:01:13	PI_7	1263	2	0	642933	0	
2016-Jan-05 12:01:15	PI_7	1264	2	0	642933	0	
2016-Jan-05 12:01:17	PI_7	1265	2	0	642933	0	
2016-Jan-05 12:01:19	PI_7	1266	2	0	642933	0	
2016-Jan-05 12:01:21	PI_7	1267	2	0	642933	0	
2016-Jan-05 12:01:23	PI_7	1268	2	0	642933	0	
2016-Jan-05 12:01:25	PI_7	1269	2	0	642933	0	
2016-Jan-05 12:01:27	PI_7	1270	2	0	642933	0	
2016-Jan-05 12:01:29	PI_7	1271	2	0	642933	0	
2016-Jan-05 12:01:31	PI_7	1272	2	0	642933	0	
2016-Jan-05 12:01:33	PI_7	1273	2	0	642933	0	
2016-Jan-05 12:01:35	PI_7	1274	2	0	642933	0	
2016-Jan-05 12:01:37	PI_7	1275	2	0	642933	0	
2016-Jan-05 12:01:39	PI_7	1276	2	2	1405754	0	0,1
2016-Jan-05 12:01:41	PI_7	1277	2	0	642933	0	
2016-Jan-05 12:01:43	PI_7	1278	2	0	642933	0	
2016-Jan-05 12:01:45	PI_7	1279	2	0	642933	0	
2016-Jan-05 12:01:47	PI_7	1280	2	0	642933	0	
2016-Jan-05 12:01:49	PI_7	1281	2	0	642933	0	
2016-Jan-05 12:01:51	PI_7	1282	2	0	642933	0	
2016-Jan-05 12:01:53	PI_7	1283	2	2	1405754	0	0,1
2016-Jan-05 12:01:55	PI_7	1284	2	0	642933	0	
2016-Jan-05 12:01:57	PI_7	1285	2	0	642933	0	
2016-Jan-05 12:01:59	PI_7	1286	2	2	1405754	0	0,1
2016-Jan-05 12:02:01	PI_7	1287	2	0	642933	0	
2016-Jan-05 12:02:03	PI_7	1288	2	2	1405754	0	0,1
2016-Jan-05 12:02:05	PI_7	1289	2	1	997955	0	0
2016-Jan-05 12:02:07	PI_7	1290	2	2	1405754	0	0,1
2016-Jan-05 12:02:09	PI_7	1291	2	2	1405754	0	0,1
2016-Jan-05 12:02:11	PI_7	1292	2	0	642933	0	
2016-Jan-05 12:02:13	PI_7	1293	2	2	1405754	0	0,1
2016-Jan-05 12:02:15	PI_7	1294	2	2	1405754	0	0,1
2016-Jan-05 12:02:17	PI_7	1295	2	0	642933	0	
2016-Jan-05 12:02:19	PI_7	1296	2	1	997955	0	0
2016-Jan-05 12:02:21	PI_7	1297	2	2	1405754	0	0,1
2016-Jan-05 12:02:23	PI_7	1298	2	0	642933	0	
2016-Jan-05 12:02:25	PI_7	1299	2	0	642933	0	
2016-Jan-05 12:02:27	PI_7	1300	2	0	642933	0	
2016-Jan-05 12:02:29	PI_7	1301	2	2	1405754	0	0,1
2016-Jan-05 12:02:31	PI_7	1302	2	0	642933	0	
2016-Jan-05 12:02:33	PI_7	1303	2	0	642933	0	
2016-Jan-05 12:02:35	PI_7	1304	2	0	642933	0	
2016-Jan-05 12:02:37	PI_7	1305	2	2	1405754	0	0,1
2016-Jan-05 12:02:39	PI_7	1306	2	0	642933	0	
2016-Jan-05 12:02:41	PI_7	1307	2	0	642933	0	
2016-Jan-05 12:02:43	PI_7	1308	2	0	642933	0	
2016-Jan-05 12:02:45	PI_7	1309	2	0	642933	0	
2016-Jan-05 12:02:47	PI_7	1310	2	0	642933	0	
2016-Jan-05 12:02:49	PI_7	1311	2	0	642933	0	
2016-Jan-05 12:02:51	PI_7	1312	2	0	642933	0	
2016-Jan-05 12:02:53	PI_7	1313	2	0	642933	0	
2016-Jan-05 12:02:55	PI_7	1314	2	2	1405754	0	0,1
2016-Jan-05 12:02:57	PI_7	1315	2	0	642933	0	
2016-Jan-05 12:02:59	PI_7	1316	2	0	642933	0	
2016-Jan-05 12:03:01	PI_7	1317	2	0	642933	0	
2016-Jan-05 12:03:03	PI_7	1318	2	0	642933	0	
2016-Jan-05 12:03:05	PI_7	1319	2	0	642933	0	
2016-Jan-05 12:03:07	PI_7	1320	2	2	1405754	0	0,1
2016-Jan-05 12:03:09	PI_7	1321	2	0	642933	0	
2016-Jan-05 12:03:11	PI_7	1322	2	0	642933	0	
2016-Jan-05 12:03:13	PI_7	1323	2	2	1405754	0	0,1
2016-Jan-05 12:03:15	PI_7	1324	2	0	642933	0	
2016-Jan-05 12:03:17	PI_7	1325	2	1	997955	0	0
2016-Jan-05 12:03:19	PI_7	1326	2	2	1405754	0	0,1
2016-Jan-05 12:03:21	PI_7	1327	2	0	642933	0	
2016-Jan-05 12:03:23	PI_7	1328	2	0	642933	0	
2016-Jan-05 12:03:25	PI_7	1329	2	2	1405754	0	0,1
2016-Jan-05 12:03:27	PI_7	1330	2	0	642933	0	
2016-Jan-05 12:03:29	PI_7	1331	2	0	642933	0	
2016-Jan-05 12:03:31	PI_7	1332	2	2	1405754	0	0,1
2016-Jan-05 12:03:33	PI_7	1333	2	0	642933	0	
2016-Jan-05 12:03:35	PI_7	1334	2	2	1405754	0	0,1
2016-Jan-05 12:03:37	PI_7	1335	2	0	642933	0	
2016-Jan-05 12:03:39	PI_7	1336	2	0	642933	0	
2016-Jan-05 12:03:41	PI_7	1337	2	2	1405754	0	0,1
2016-Jan-05 12:03:43	PI_7	1338	2	0	642933	0	
2016-Jan-05 12:03:45	PI_7	1339	2	0	642933	0	
2016-Jan-05 12:03:47	PI_7	1340	2	0	642933	0	
2016-Jan-05 12:03:49	PI_7	1341	2	2	1405754	0	0,1
2016-Jan-05 12:03:51	PI_7	1342	2	0	642933	0	
2016-Jan-05 12:03:53	PI_7	1343	2	0	642933	0	
2016-Jan-05 12:03:55	PI_7	1344	2	0	642933	0	
2016-Jan-05 12:03:57	PI_7	1345	2	0	642933	0	
2016-Jan-05 12:03:59	PI_7	1346	2	2	1405754	0	0,1
2016-Jan-05 12:04:01	PI_7	1347	2	0	642933	0	
2016-Jan-05 12:04:03	PI_7	1348	2	2	1405754	0	0,1
2016-Jan-05 12:04:05	PI_7	1349	2	0	642933	0	
2016-Jan-05 12:04:07	PI_7	1350	2	0	642933	0	
2016-Jan-05 12:04:09	PI_7	1351	2	0	642933	0	
2016-Jan-05 12:04:11	PI_7	1352	2	0	642933	0	
2016-Jan-05 12:04:13	PI_7	1353	2	0	642933	0	
2016-Jan-05 12:04:15	PI_7	1354	2	0	642933	0	
2016-Jan-05 12:04:17	PI_7	1355	2	0	642933	0	
2016-Jan-05 12:04:19	PI_7	1356	2	0	642933	0	
2016-Jan-05 12:04:21	PI_7	1357	2	0	642933	0	
2016-Jan-05 12:04:23	PI_7	1358	2	0	642933	0	
2016-Jan-05 12:04:25	PI_7	1359	2	0	642933	0	
2016-Jan-05 12:04:27	PI_7	1360	2	0	642933	0	
2016-Jan-05 12:04:29	PI_7	1361	2	0	642933	0	
2016-Jan-05 12:04:31	PI_7	1362	2	0	642933	0	
2016-Jan-05 12:04:33	PI_7	1363	2	2	1405754	0	0,1
2016-Jan-05 12:04:35	PI_7	1364	2	0	642933	0	
2016-Jan-05 12:04:37	PI_7	1365	2	0	642933	0	
2016-Jan-05 12:04:39	PI_7	1366	2	0	642933	0	
2016-Jan-05 12:04:41	PI_7	1367	2	0	642933	0	
2016-Jan-05 12:04:43	PI_7	1368	2	0	642933	0	
2016-Jan-05 12:04:45	PI_7	1369	2	0	642933	0	
2016-Jan-05 12:04:47	PI_7	1370	2	2	1405754	0	0,1
2016-Jan-05 12:04:49	PI_7	1371	2	0	642933	0	
2016-Jan-05 12:04:51	PI_7	1372	2	0	642933	0	
2016-Jan-05 12:04:53	PI_7	1373	2	0	642933	0	
2016-Jan-05 12:04:55	PI_7	1374	2	0	642933	0	
2016-Jan-05 12:04:57	PI_7	1375	2	1	997955	0	0
2016-Jan-05 12:04:59	PI_7	1376	2	2	1405754	0	0,1
2016-Jan-05 12:05:01	PI_7	1377	2	1	997955	0	0
2016-Jan-05 12:05:03	PI_7	1378	2	2	1405754	0	0,1
2016-Jan-05 12:05:05	PI_7	1379	2	2	1405754	0	0,1
2016-Jan-05 12:05:07	PI_7	1380	2	1	997955	0	0
2016-Jan-05 12:05:09	PI_7	1381	2	2	1405754	0	0,1
2016-Jan-05 12:05:11	PI_7	1382	2	1	997955	0	0
2016-Jan-05 12:05:13	PI_7	1383	2	1	997955	0	0
2016-Jan-05 12:05:15	PI_7	1384	2	2	1405754	0	0,1
2016-Jan-05 12:05:17	PI_7	1385	2	1	997955	0	0
2016-Jan-05 12:05:19	PI_7	1386	2	2	1405754	0	0,1
2016-Jan-05 12:05:21	PI_7	1387	2	1	997955	0	0
2016-Jan-05 12:05:23	PI_7	1388	2	1	997955	0	0
2016-Jan-05 12:05:25	PI_7	1389	2	1	997955	0	0
2016-Jan-05 12:05:27	PI_7	1390	2	1	997955	0	0
2016-Jan-05 12:05:29	PI_7	1391	2	1	997955	0	0
2016-Jan-05 12:05:31	PI_7	1392	2	1	997955	0	0
2016-Jan-05 12:05:33	PI_7	1393	2	1	997955	0	0
2016-Jan-05 12:05:35	PI_7	1394	2	1	997955	0	0
2016-Jan-05 12:05:37	PI_7	1395	2	1	997955	0	0
2016-Jan-05 12:05:39	PI_7	1396	2	1	997955	0	0
2016-Jan-05 12:05:41	PI_7	1397	2	1	997955	0	0
2016-Jan-05 12:05:43	PI_7	1398	2	1	997955	0	0
2016-Jan-05 12:05:45	PI_7	1399	2	1	997955	0	0
2016-Jan-05 12:05:47	PI_7	1400	2	1	997955	0	0
2016-Jan-05 12:05:49	PI_7	1401	2	1	997955	0	0
2016-Jan-05 12:05:51	PI_7	1402	2	1	997955	0	0
2016-Jan-05 12:05:53	PI_7	1403	2	1	997955	0	0
2016-Jan-05 12:05:55	PI_7	1404	2	1	997955	0	0
2016-Jan-05 12:05:57	PI_7	1405	2	1	997955	0	0
2016-Jan-05 12:05:59	PI_7	1406	2	1	997955	0	0
2016-Jan-05 12:06:01	PI_7	1407	2	2	1405754	0	0,1
2016-Jan-05 12:06:03	PI_7	1408	2	1	997955	0	0
2016-Jan-05 12:06:05	PI_7	1409	2	1	997955	0	0
2016-Jan-05 12:06:07	PI_7	1410	2	0	642933	0	
2016-Jan-05 12:06:09	PI_7	1411	2	0	642933	0	
2016-Jan-05 12:06:11	PI_7	1412	2	2	1405754	0	0,1
2016-Jan-05 12:06:13	PI_7	1413	2	0	642933	0	
2016-Jan-05 12:06:15	PI_7	1414	2	0	642933	0	
2016-Jan-05 12:06:17	PI_7	1415	2	0	642933	0	
2016-Jan-05 12:06:19	PI_7	1416	2	0	642933	0	
2016-Jan-05 12:06:21	PI_7	1417	2	0	642933	0	
2016-Jan-05 12:06:23	PI_7	1418	2	0	642933	0	
2016-Jan-05 12:06:25	PI_7	1419	2	0	642933	0	
2016-Jan-05 12:06:27	PI_7	1420	2	0	642933	0	
2016-Jan-05 12:06:29	PI_7	1421	2	0	642933	0	
2016-Jan-05 12:06:31	PI_7	1422	2	0	642933	0	
2016-Jan-05 12:06:33	PI_7	1423	2	0	642933	0	
2016-Jan-05 12:06:35	PI_7	1424	2	0	642933	0	
2016-Jan-05 12:06:37	PI_7	1425	2	0	642933	0	
2016-Jan-05 12:06:39	PI_7	1426	2	0	642933	0	
2016-Jan-05 12:06:41	PI_7	1427	2	0	642933	0	
2016-Jan-05 12:06:43	PI_7	1428	2	0	642933	0	
2016-Jan-05 12:06:45	PI_7	1429	2	2	1405754	0	0,1
2016-Jan-05 12:06:47	PI_7	1430	2	0	642933	0	
2016-Jan-05 12:06:49	PI_7	1431	2	2	1405754	0	0,1
2016-Jan-05 12:06:51	PI_7	1432	2	0	642933	0	
2016-Jan-05 12:06:53	PI_7	1433	2	1	997955	0	0
2016-Jan-05 12:06:55	PI_7	1434	2	1	997955	0	0
