Time	Node	SegmentNumber	SegmentDuration(sec)	SegmentRepID	SegmentBitrate(bit/s)	StallingTime(msec)	SegmentDepIds
2016-Jan-05 11:19:06	PI_14	0	2	0	642933	1000	
2016-Jan-05 11:19:08	PI_14	1	2	0	642933	0	
2016-Jan-05 11:19:10	PI_14	2	2	0	642933	0	
2016-Jan-05 11:19:12	PI_14	3	2	0	642933	0	
2016-Jan-05 11:19:14	PI_14	4	2	0	642933	0	
2016-Jan-05 11:19:16	PI_14	5	2	0	642933	0	
2016-Jan-05 11:19:18	PI_14	6	2	0	642933	0	
2016-Jan-05 11:19:20	PI_14	7	2	0	642933	0	
2016-Jan-05 11:19:22	PI_14	8	2	0	642933	0	
2016-Jan-05 11:19:24	PI_14	9	2	0	642933	0	
2016-Jan-05 11:19:26	PI_14	10	2	0	642933	0	
2016-Jan-05 11:19:28	PI_14	11	2	0	642933	0	
2016-Jan-05 11:19:30	PI_14	12	2	0	642933	0	
2016-Jan-05 11:19:32	PI_14	13	2	0	642933	0	
2016-Jan-05 11:19:34	PI_14	14	2	0	642933	0	
2016-Jan-05 11:19:36	PI_14	15	2	2	1405754	0	0,1
2016-Jan-05 11:19:38	PI_14	16	2	0	642933	0	
2016-Jan-05 11:19:40	PI_14	17	2	0	642933	0	
2016-Jan-05 11:19:42	PI_14	18	2	2	1405754	0	0,1
2016-Jan-05 11:19:44	PI_14	19	2	0	642933	0	
2016-Jan-05 11:19:46	PI_14	20	2	2	1405754	0	0,1
2016-Jan-05 11:19:48	PI_14	21	2	0	642933	0	
2016-Jan-05 11:19:50	PI_14	22	2	2	1405754	0	0,1
2016-Jan-05 11:19:52	PI_14	23	2	0	642933	0	
2016-Jan-05 11:19:54	PI_14	24	2	2	1405754	0	0,1
2016-Jan-05 11:19:56	PI_14	25	2	0	642933	0	
2016-Jan-05 11:19:58	PI_14	26	2	0	642933	0	
2016-Jan-05 11:20:00	PI_14	27	2	2	1405754	0	0,1
2016-Jan-05 11:20:02	PI_14	28	2	0	642933	0	
2016-Jan-05 11:20:04	PI_14	29	2	0	642933	0	
2016-Jan-05 11:20:06	PI_14	30	2	2	1405754	0	0,1
2016-Jan-05 11:20:08	PI_14	31	2	2	1405754	0	0,1
2016-Jan-05 11:20:10	PI_14	32	2	0	642933	0	
2016-Jan-05 11:20:12	PI_14	33	2	2	1405754	0	0,1
2016-Jan-05 11:20:14	PI_14	34	2	0	642933	0	
2016-Jan-05 11:20:16	PI_14	35	2	2	1405754	0	0,1
2016-Jan-05 11:20:18	PI_14	36	2	0	642933	0	
2016-Jan-05 11:20:20	PI_14	37	2	2	1405754	0	0,1
2016-Jan-05 11:20:22	PI_14	38	2	0	642933	0	
2016-Jan-05 11:20:24	PI_14	39	2	0	642933	0	
2016-Jan-05 11:20:26	PI_14	40	2	0	642933	0	
2016-Jan-05 11:20:28	PI_14	41	2	0	642933	0	
2016-Jan-05 11:20:30	PI_14	42	2	2	1405754	0	0,1
2016-Jan-05 11:20:32	PI_14	43	2	2	1405754	0	0,1
2016-Jan-05 11:20:34	PI_14	44	2	2	1405754	0	0,1
2016-Jan-05 11:20:36	PI_14	45	2	0	642933	0	
2016-Jan-05 11:20:38	PI_14	46	2	2	1405754	0	0,1
2016-Jan-05 11:20:40	PI_14	47	2	2	1405754	0	0,1
2016-Jan-05 11:20:42	PI_14	48	2	2	1405754	0	0,1
2016-Jan-05 11:20:44	PI_14	49	2	0	642933	0	
2016-Jan-05 11:20:46	PI_14	50	2	2	1405754	0	0,1
2016-Jan-05 11:20:48	PI_14	51	2	0	642933	0	
2016-Jan-05 11:20:50	PI_14	52	2	2	1405754	0	0,1
2016-Jan-05 11:20:52	PI_14	53	2	0	642933	0	
2016-Jan-05 11:20:54	PI_14	54	2	2	1405754	0	0,1
2016-Jan-05 11:20:56	PI_14	55	2	2	1405754	0	0,1
2016-Jan-05 11:20:58	PI_14	56	2	0	642933	0	
2016-Jan-05 11:21:00	PI_14	57	2	0	642933	0	
2016-Jan-05 11:21:02	PI_14	58	2	2	1405754	0	0,1
2016-Jan-05 11:21:04	PI_14	59	2	0	642933	0	
2016-Jan-05 11:21:06	PI_14	60	2	0	642933	0	
2016-Jan-05 11:21:08	PI_14	61	2	2	1405754	0	0,1
2016-Jan-05 11:21:10	PI_14	62	2	0	642933	0	
2016-Jan-05 11:21:12	PI_14	63	2	2	1405754	0	0,1
2016-Jan-05 11:21:14	PI_14	64	2	0	642933	0	
2016-Jan-05 11:21:16	PI_14	65	2	2	1405754	0	0,1
2016-Jan-05 11:21:18	PI_14	66	2	0	642933	0	
2016-Jan-05 11:21:20	PI_14	67	2	2	1405754	0	0,1
2016-Jan-05 11:21:22	PI_14	68	2	0	642933	0	
2016-Jan-05 11:21:24	PI_14	69	2	2	1405754	0	0,1
2016-Jan-05 11:21:26	PI_14	70	2	0	642933	0	
2016-Jan-05 11:21:28	PI_14	71	2	2	1405754	0	0,1
2016-Jan-05 11:21:30	PI_14	72	2	0	642933	0	
2016-Jan-05 11:21:32	PI_14	73	2	0	642933	0	
2016-Jan-05 11:21:34	PI_14	74	2	2	1405754	0	0,1
2016-Jan-05 11:21:36	PI_14	75	2	0	642933	0	
2016-Jan-05 11:21:38	PI_14	76	2	2	1405754	0	0,1
2016-Jan-05 11:21:40	PI_14	77	2	0	642933	0	
2016-Jan-05 11:21:42	PI_14	78	2	0	642933	0	
2016-Jan-05 11:21:44	PI_14	79	2	2	1405754	0	0,1
2016-Jan-05 11:21:46	PI_14	80	2	2	1405754	0	0,1
2016-Jan-05 11:21:48	PI_14	81	2	0	642933	0	
2016-Jan-05 11:21:50	PI_14	82	2	2	1405754	0	0,1
2016-Jan-05 11:21:52	PI_14	83	2	0	642933	0	
2016-Jan-05 11:21:54	PI_14	84	2	2	1405754	0	0,1
2016-Jan-05 11:21:56	PI_14	85	2	0	642933	0	
2016-Jan-05 11:21:58	PI_14	86	2	2	1405754	0	0,1
2016-Jan-05 11:22:00	PI_14	87	2	0	642933	0	
2016-Jan-05 11:22:02	PI_14	88	2	2	1405754	0	0,1
2016-Jan-05 11:22:04	PI_14	89	2	0	642933	0	
2016-Jan-05 11:22:06	PI_14	90	2	0	642933	0	
2016-Jan-05 11:22:08	PI_14	91	2	0	642933	0	
2016-Jan-05 11:22:10	PI_14	92	2	2	1405754	0	0,1
2016-Jan-05 11:22:12	PI_14	93	2	0	642933	0	
2016-Jan-05 11:22:14	PI_14	94	2	0	642933	0	
2016-Jan-05 11:22:16	PI_14	95	2	0	642933	0	
2016-Jan-05 11:22:18	PI_14	96	2	2	1405754	0	0,1
2016-Jan-05 11:22:20	PI_14	97	2	0	642933	0	
2016-Jan-05 11:22:22	PI_14	98	2	0	642933	0	
2016-Jan-05 11:22:24	PI_14	99	2	2	1405754	0	0,1
2016-Jan-05 11:22:26	PI_14	100	2	2	1405754	0	0,1
2016-Jan-05 11:22:28	PI_14	101	2	0	642933	0	
2016-Jan-05 11:22:30	PI_14	102	2	2	1405754	0	0,1
2016-Jan-05 11:22:32	PI_14	103	2	2	1405754	0	0,1
2016-Jan-05 11:22:34	PI_14	104	2	0	642933	0	
2016-Jan-05 11:22:36	PI_14	105	2	0	642933	0	
2016-Jan-05 11:22:38	PI_14	106	2	0	642933	0	
2016-Jan-05 11:22:40	PI_14	107	2	0	642933	0	
2016-Jan-05 11:22:42	PI_14	108	2	2	1405754	0	0,1
2016-Jan-05 11:22:44	PI_14	109	2	2	1405754	0	0,1
2016-Jan-05 11:22:46	PI_14	110	2	0	642933	0	
2016-Jan-05 11:22:48	PI_14	111	2	2	1405754	0	0,1
2016-Jan-05 11:22:50	PI_14	112	2	0	642933	0	
2016-Jan-05 11:22:52	PI_14	113	2	2	1405754	0	0,1
2016-Jan-05 11:22:54	PI_14	114	2	0	642933	0	
2016-Jan-05 11:22:56	PI_14	115	2	2	1405754	0	0,1
2016-Jan-05 11:22:58	PI_14	116	2	2	1405754	0	0,1
2016-Jan-05 11:23:00	PI_14	117	2	0	642933	0	
2016-Jan-05 11:23:02	PI_14	118	2	2	1405754	0	0,1
2016-Jan-05 11:23:04	PI_14	119	2	2	1405754	0	0,1
2016-Jan-05 11:23:06	PI_14	120	2	0	642933	0	
2016-Jan-05 11:23:08	PI_14	121	2	2	1405754	0	0,1
2016-Jan-05 11:23:10	PI_14	122	2	0	642933	0	
2016-Jan-05 11:23:12	PI_14	123	2	0	642933	0	
2016-Jan-05 11:23:14	PI_14	124	2	0	642933	0	
2016-Jan-05 11:23:16	PI_14	125	2	0	642933	0	
2016-Jan-05 11:23:18	PI_14	126	2	0	642933	0	
2016-Jan-05 11:23:20	PI_14	127	2	0	642933	0	
2016-Jan-05 11:23:22	PI_14	128	2	2	1405754	0	0,1
2016-Jan-05 11:23:24	PI_14	129	2	2	1405754	0	0,1
2016-Jan-05 11:23:26	PI_14	130	2	0	642933	0	
2016-Jan-05 11:23:28	PI_14	131	2	0	642933	0	
2016-Jan-05 11:23:30	PI_14	132	2	2	1405754	0	0,1
2016-Jan-05 11:23:32	PI_14	133	2	2	1405754	0	0,1
2016-Jan-05 11:23:34	PI_14	134	2	0	642933	0	
2016-Jan-05 11:23:36	PI_14	135	2	2	1405754	0	0,1
2016-Jan-05 11:23:38	PI_14	136	2	0	642933	0	
2016-Jan-05 11:23:40	PI_14	137	2	0	642933	0	
2016-Jan-05 11:23:42	PI_14	138	2	0	642933	0	
2016-Jan-05 11:23:44	PI_14	139	2	2	1405754	0	0,1
2016-Jan-05 11:23:46	PI_14	140	2	0	642933	0	
2016-Jan-05 11:23:48	PI_14	141	2	0	642933	0	
2016-Jan-05 11:23:50	PI_14	142	2	2	1405754	0	0,1
2016-Jan-05 11:23:52	PI_14	143	2	0	642933	0	
2016-Jan-05 11:23:54	PI_14	144	2	2	1405754	0	0,1
2016-Jan-05 11:23:56	PI_14	145	2	2	1405754	0	0,1
2016-Jan-05 11:23:58	PI_14	146	2	2	1405754	0	0,1
2016-Jan-05 11:24:00	PI_14	147	2	0	642933	0	
2016-Jan-05 11:24:02	PI_14	148	2	0	642933	0	
2016-Jan-05 11:24:04	PI_14	149	2	2	1405754	0	0,1
2016-Jan-05 11:24:06	PI_14	150	2	2	1405754	0	0,1
2016-Jan-05 11:24:08	PI_14	151	2	0	642933	0	
2016-Jan-05 11:24:10	PI_14	152	2	0	642933	0	
2016-Jan-05 11:24:12	PI_14	153	2	2	1405754	0	0,1
2016-Jan-05 11:24:14	PI_14	154	2	0	642933	0	
2016-Jan-05 11:24:16	PI_14	155	2	2	1405754	0	0,1
2016-Jan-05 11:24:18	PI_14	156	2	0	642933	0	
2016-Jan-05 11:24:20	PI_14	157	2	0	642933	0	
2016-Jan-05 11:24:22	PI_14	158	2	2	1405754	0	0,1
2016-Jan-05 11:24:24	PI_14	159	2	0	642933	0	
2016-Jan-05 11:24:26	PI_14	160	2	2	1405754	0	0,1
2016-Jan-05 11:24:28	PI_14	161	2	0	642933	0	
2016-Jan-05 11:24:30	PI_14	162	2	0	642933	0	
2016-Jan-05 11:24:32	PI_14	163	2	2	1405754	0	0,1
2016-Jan-05 11:24:34	PI_14	164	2	0	642933	0	
2016-Jan-05 11:24:36	PI_14	165	2	0	642933	0	
2016-Jan-05 11:24:38	PI_14	166	2	2	1405754	0	0,1
2016-Jan-05 11:24:40	PI_14	167	2	0	642933	0	
2016-Jan-05 11:24:42	PI_14	168	2	2	1405754	0	0,1
2016-Jan-05 11:24:44	PI_14	169	2	0	642933	0	
2016-Jan-05 11:24:46	PI_14	170	2	2	1405754	0	0,1
2016-Jan-05 11:24:48	PI_14	171	2	2	1405754	0	0,1
2016-Jan-05 11:24:50	PI_14	172	2	0	642933	0	
2016-Jan-05 11:24:52	PI_14	173	2	0	642933	0	
2016-Jan-05 11:24:54	PI_14	174	2	0	642933	0	
2016-Jan-05 11:24:56	PI_14	175	2	0	642933	0	
2016-Jan-05 11:24:58	PI_14	176	2	2	1405754	0	0,1
2016-Jan-05 11:25:00	PI_14	177	2	0	642933	0	
2016-Jan-05 11:25:02	PI_14	178	2	0	642933	0	
2016-Jan-05 11:25:04	PI_14	179	2	2	1405754	0	0,1
2016-Jan-05 11:25:06	PI_14	180	2	0	642933	0	
2016-Jan-05 11:25:08	PI_14	181	2	0	642933	0	
2016-Jan-05 11:25:10	PI_14	182	2	0	642933	0	
2016-Jan-05 11:25:12	PI_14	183	2	0	642933	0	
2016-Jan-05 11:25:14	PI_14	184	2	2	1405754	0	0,1
2016-Jan-05 11:25:16	PI_14	185	2	0	642933	0	
2016-Jan-05 11:25:18	PI_14	186	2	2	1405754	0	0,1
2016-Jan-05 11:25:20	PI_14	187	2	0	642933	0	
2016-Jan-05 11:25:22	PI_14	188	2	2	1405754	0	0,1
2016-Jan-05 11:25:24	PI_14	189	2	2	1405754	0	0,1
2016-Jan-05 11:25:26	PI_14	190	2	0	642933	0	
2016-Jan-05 11:25:28	PI_14	191	2	2	1405754	0	0,1
2016-Jan-05 11:25:30	PI_14	192	2	2	1405754	0	0,1
2016-Jan-05 11:25:32	PI_14	193	2	2	1405754	0	0,1
2016-Jan-05 11:25:34	PI_14	194	2	2	1405754	0	0,1
2016-Jan-05 11:25:36	PI_14	195	2	0	642933	0	
2016-Jan-05 11:25:38	PI_14	196	2	2	1405754	0	0,1
2016-Jan-05 11:25:40	PI_14	197	2	0	642933	0	
2016-Jan-05 11:25:42	PI_14	198	2	0	642933	0	
2016-Jan-05 11:25:44	PI_14	199	2	2	1405754	0	0,1
2016-Jan-05 11:25:46	PI_14	200	2	0	642933	0	
2016-Jan-05 11:25:48	PI_14	201	2	2	1405754	0	0,1
2016-Jan-05 11:25:50	PI_14	202	2	2	1405754	0	0,1
2016-Jan-05 11:25:52	PI_14	203	2	0	642933	0	
2016-Jan-05 11:25:54	PI_14	204	2	0	642933	0	
2016-Jan-05 11:25:56	PI_14	205	2	2	1405754	0	0,1
2016-Jan-05 11:25:58	PI_14	206	2	0	642933	0	
2016-Jan-05 11:26:00	PI_14	207	2	2	1405754	0	0,1
2016-Jan-05 11:26:02	PI_14	208	2	0	642933	0	
2016-Jan-05 11:26:04	PI_14	209	2	2	1405754	0	0,1
2016-Jan-05 11:26:06	PI_14	210	2	0	642933	0	
2016-Jan-05 11:26:08	PI_14	211	2	0	642933	0	
2016-Jan-05 11:26:10	PI_14	212	2	0	642933	0	
2016-Jan-05 11:26:12	PI_14	213	2	0	642933	0	
2016-Jan-05 11:26:14	PI_14	214	2	0	642933	0	
2016-Jan-05 11:26:16	PI_14	215	2	2	1405754	0	0,1
2016-Jan-05 11:26:18	PI_14	216	2	0	642933	0	
2016-Jan-05 11:26:20	PI_14	217	2	0	642933	0	
2016-Jan-05 11:26:22	PI_14	218	2	0	642933	0	
2016-Jan-05 11:26:24	PI_14	219	2	0	642933	0	
2016-Jan-05 11:26:26	PI_14	220	2	2	1405754	0	0,1
2016-Jan-05 11:26:28	PI_14	221	2	2	1405754	0	0,1
2016-Jan-05 11:26:30	PI_14	222	2	0	642933	0	
2016-Jan-05 11:26:32	PI_14	223	2	2	1405754	0	0,1
2016-Jan-05 11:26:34	PI_14	224	2	2	1405754	0	0,1
2016-Jan-05 11:26:36	PI_14	225	2	2	1405754	0	0,1
2016-Jan-05 11:26:38	PI_14	226	2	0	642933	0	
2016-Jan-05 11:26:40	PI_14	227	2	2	1405754	0	0,1
2016-Jan-05 11:26:42	PI_14	228	2	2	1405754	0	0,1
2016-Jan-05 11:26:44	PI_14	229	2	2	1405754	0	0,1
2016-Jan-05 11:26:46	PI_14	230	2	2	1405754	0	0,1
2016-Jan-05 11:26:48	PI_14	231	2	0	642933	0	
2016-Jan-05 11:26:50	PI_14	232	2	2	1405754	0	0,1
2016-Jan-05 11:26:52	PI_14	233	2	2	1405754	0	0,1
2016-Jan-05 11:26:54	PI_14	234	2	0	642933	0	
2016-Jan-05 11:26:56	PI_14	235	2	2	1405754	0	0,1
2016-Jan-05 11:26:58	PI_14	236	2	2	1405754	0	0,1
2016-Jan-05 11:27:00	PI_14	237	2	2	1405754	0	0,1
2016-Jan-05 11:27:02	PI_14	238	2	2	1405754	0	0,1
2016-Jan-05 11:27:04	PI_14	239	2	2	1405754	0	0,1
2016-Jan-05 11:27:06	PI_14	240	2	0	642933	0	
2016-Jan-05 11:27:08	PI_14	241	2	2	1405754	0	0,1
2016-Jan-05 11:27:10	PI_14	242	2	2	1405754	0	0,1
2016-Jan-05 11:27:12	PI_14	243	2	2	1405754	0	0,1
2016-Jan-05 11:27:14	PI_14	244	2	2	1405754	0	0,1
2016-Jan-05 11:27:16	PI_14	245	2	0	642933	0	
2016-Jan-05 11:27:18	PI_14	246	2	2	1405754	0	0,1
2016-Jan-05 11:27:20	PI_14	247	2	2	1405754	0	0,1
2016-Jan-05 11:27:22	PI_14	248	2	2	1405754	0	0,1
2016-Jan-05 11:27:24	PI_14	249	2	0	642933	0	
2016-Jan-05 11:27:26	PI_14	250	2	2	1405754	0	0,1
2016-Jan-05 11:27:28	PI_14	251	2	0	642933	0	
2016-Jan-05 11:27:30	PI_14	252	2	2	1405754	0	0,1
2016-Jan-05 11:27:32	PI_14	253	2	0	642933	0	
2016-Jan-05 11:27:34	PI_14	254	2	0	642933	0	
2016-Jan-05 11:27:36	PI_14	255	2	2	1405754	0	0,1
2016-Jan-05 11:27:38	PI_14	256	2	0	642933	0	
2016-Jan-05 11:27:40	PI_14	257	2	0	642933	0	
2016-Jan-05 11:27:42	PI_14	258	2	0	642933	0	
2016-Jan-05 11:27:44	PI_14	259	2	2	1405754	0	0,1
2016-Jan-05 11:27:46	PI_14	260	2	0	642933	0	
2016-Jan-05 11:27:48	PI_14	261	2	0	642933	0	
2016-Jan-05 11:27:50	PI_14	262	2	2	1405754	0	0,1
2016-Jan-05 11:27:52	PI_14	263	2	0	642933	0	
2016-Jan-05 11:27:54	PI_14	264	2	0	642933	0	
2016-Jan-05 11:27:56	PI_14	265	2	2	1405754	0	0,1
2016-Jan-05 11:27:58	PI_14	266	2	0	642933	0	
2016-Jan-05 11:28:00	PI_14	267	2	0	642933	0	
2016-Jan-05 11:28:02	PI_14	268	2	0	642933	0	
2016-Jan-05 11:28:04	PI_14	269	2	0	642933	0	
2016-Jan-05 11:28:06	PI_14	270	2	2	1405754	0	0,1
2016-Jan-05 11:28:08	PI_14	271	2	0	642933	0	
2016-Jan-05 11:28:10	PI_14	272	2	0	642933	0	
2016-Jan-05 11:28:12	PI_14	273	2	0	642933	0	
2016-Jan-05 11:28:14	PI_14	274	2	0	642933	0	
2016-Jan-05 11:28:16	PI_14	275	2	0	642933	0	
2016-Jan-05 11:28:18	PI_14	276	2	0	642933	0	
2016-Jan-05 11:28:20	PI_14	277	2	0	642933	0	
2016-Jan-05 11:28:22	PI_14	278	2	0	642933	0	
2016-Jan-05 11:28:24	PI_14	279	2	2	1405754	0	0,1
2016-Jan-05 11:28:26	PI_14	280	2	0	642933	0	
2016-Jan-05 11:28:28	PI_14	281	2	0	642933	0	
2016-Jan-05 11:28:30	PI_14	282	2	2	1405754	0	0,1
2016-Jan-05 11:28:32	PI_14	283	2	0	642933	0	
2016-Jan-05 11:28:34	PI_14	284	2	2	1405754	0	0,1
2016-Jan-05 11:28:36	PI_14	285	2	2	1405754	0	0,1
2016-Jan-05 11:28:38	PI_14	286	2	2	1405754	0	0,1
2016-Jan-05 11:28:40	PI_14	287	2	2	1405754	0	0,1
2016-Jan-05 11:28:42	PI_14	288	2	2	1405754	0	0,1
2016-Jan-05 11:28:44	PI_14	289	2	2	1405754	0	0,1
2016-Jan-05 11:28:46	PI_14	290	2	2	1405754	0	0,1
2016-Jan-05 11:28:48	PI_14	291	2	0	642933	0	
2016-Jan-05 11:28:50	PI_14	292	2	2	1405754	0	0,1
2016-Jan-05 11:28:52	PI_14	293	2	2	1405754	0	0,1
2016-Jan-05 11:28:54	PI_14	294	2	2	1405754	0	0,1
2016-Jan-05 11:28:56	PI_14	295	2	0	642933	0	
2016-Jan-05 11:28:58	PI_14	296	2	2	1405754	0	0,1
2016-Jan-05 11:29:00	PI_14	297	2	0	642933	0	
2016-Jan-05 11:29:02	PI_14	298	2	0	642933	0	
2016-Jan-05 11:29:04	PI_14	299	2	2	1405754	0	0,1
2016-Jan-05 11:29:06	PI_14	300	2	2	1405754	0	0,1
2016-Jan-05 11:29:08	PI_14	301	2	1	997955	0	0
2016-Jan-05 11:29:10	PI_14	302	2	1	997955	0	0
2016-Jan-05 11:29:12	PI_14	303	2	1	997955	0	0
2016-Jan-05 11:29:14	PI_14	304	2	2	1405754	0	0,1
2016-Jan-05 11:29:16	PI_14	305	2	2	1405754	0	0,1
2016-Jan-05 11:29:18	PI_14	306	2	0	642933	0	
2016-Jan-05 11:29:20	PI_14	307	2	2	1405754	0	0,1
2016-Jan-05 11:29:22	PI_14	308	2	2	1405754	0	0,1
2016-Jan-05 11:29:24	PI_14	309	2	2	1405754	0	0,1
2016-Jan-05 11:29:26	PI_14	310	2	2	1405754	0	0,1
2016-Jan-05 11:29:28	PI_14	311	2	2	1405754	0	0,1
2016-Jan-05 11:29:30	PI_14	312	2	0	642933	0	
2016-Jan-05 11:29:32	PI_14	313	2	2	1405754	0	0,1
2016-Jan-05 11:29:34	PI_14	314	2	0	642933	0	
2016-Jan-05 11:29:36	PI_14	315	2	2	1405754	0	0,1
2016-Jan-05 11:29:38	PI_14	316	2	2	1405754	0	0,1
2016-Jan-05 11:29:40	PI_14	317	2	0	642933	0	
2016-Jan-05 11:29:42	PI_14	318	2	2	1405754	0	0,1
2016-Jan-05 11:29:44	PI_14	319	2	0	642933	0	
2016-Jan-05 11:29:46	PI_14	320	2	0	642933	0	
2016-Jan-05 11:29:48	PI_14	321	2	2	1405754	0	0,1
2016-Jan-05 11:29:50	PI_14	322	2	0	642933	0	
2016-Jan-05 11:29:52	PI_14	323	2	0	642933	0	
2016-Jan-05 11:29:54	PI_14	324	2	0	642933	0	
2016-Jan-05 11:29:56	PI_14	325	2	2	1405754	0	0,1
2016-Jan-05 11:29:58	PI_14	326	2	0	642933	0	
2016-Jan-05 11:30:00	PI_14	327	2	2	1405754	0	0,1
2016-Jan-05 11:30:02	PI_14	328	2	0	642933	0	
2016-Jan-05 11:30:04	PI_14	329	2	2	1405754	0	0,1
2016-Jan-05 11:30:06	PI_14	330	2	2	1405754	0	0,1
2016-Jan-05 11:30:08	PI_14	331	2	2	1405754	0	0,1
2016-Jan-05 11:30:10	PI_14	332	2	2	1405754	0	0,1
2016-Jan-05 11:30:12	PI_14	333	2	1	997955	0	0
2016-Jan-05 11:30:14	PI_14	334	2	2	1405754	0	0,1
2016-Jan-05 11:30:16	PI_14	335	2	2	1405754	0	0,1
2016-Jan-05 11:30:18	PI_14	336	2	0	642933	0	
2016-Jan-05 11:30:20	PI_14	337	2	2	1405754	0	0,1
2016-Jan-05 11:30:22	PI_14	338	2	0	642933	0	
2016-Jan-05 11:30:24	PI_14	339	2	2	1405754	0	0,1
2016-Jan-05 11:30:26	PI_14	340	2	0	642933	0	
2016-Jan-05 11:30:28	PI_14	341	2	2	1405754	0	0,1
2016-Jan-05 11:30:30	PI_14	342	2	0	642933	0	
2016-Jan-05 11:30:32	PI_14	343	2	2	1405754	0	0,1
2016-Jan-05 11:30:34	PI_14	344	2	0	642933	0	
2016-Jan-05 11:30:36	PI_14	345	2	2	1405754	0	0,1
2016-Jan-05 11:30:38	PI_14	346	2	2	1405754	0	0,1
2016-Jan-05 11:30:40	PI_14	347	2	0	642933	0	
2016-Jan-05 11:30:42	PI_14	348	2	2	1405754	0	0,1
2016-Jan-05 11:30:44	PI_14	349	2	0	642933	0	
2016-Jan-05 11:30:46	PI_14	350	2	2	1405754	0	0,1
2016-Jan-05 11:30:48	PI_14	351	2	2	1405754	0	0,1
2016-Jan-05 11:30:50	PI_14	352	2	0	642933	0	
2016-Jan-05 11:30:52	PI_14	353	2	2	1405754	0	0,1
2016-Jan-05 11:30:54	PI_14	354	2	0	642933	0	
2016-Jan-05 11:30:56	PI_14	355	2	0	642933	0	
2016-Jan-05 11:30:58	PI_14	356	2	2	1405754	0	0,1
2016-Jan-05 11:31:00	PI_14	357	2	0	642933	0	
2016-Jan-05 11:31:02	PI_14	358	2	2	1405754	0	0,1
2016-Jan-05 11:31:04	PI_14	359	2	2	1405754	0	0,1
2016-Jan-05 11:31:06	PI_14	360	2	0	642933	0	
2016-Jan-05 11:31:08	PI_14	361	2	0	642933	0	
2016-Jan-05 11:31:10	PI_14	362	2	2	1405754	0	0,1
2016-Jan-05 11:31:12	PI_14	363	2	0	642933	0	
2016-Jan-05 11:31:14	PI_14	364	2	2	1405754	0	0,1
2016-Jan-05 11:31:16	PI_14	365	2	0	642933	0	
2016-Jan-05 11:31:18	PI_14	366	2	2	1405754	0	0,1
2016-Jan-05 11:31:20	PI_14	367	2	2	1405754	0	0,1
2016-Jan-05 11:31:22	PI_14	368	2	2	1405754	0	0,1
2016-Jan-05 11:31:24	PI_14	369	2	2	1405754	0	0,1
2016-Jan-05 11:31:26	PI_14	370	2	0	642933	0	
2016-Jan-05 11:31:28	PI_14	371	2	2	1405754	0	0,1
2016-Jan-05 11:31:30	PI_14	372	2	2	1405754	0	0,1
2016-Jan-05 11:31:32	PI_14	373	2	0	642933	0	
2016-Jan-05 11:31:34	PI_14	374	2	2	1405754	0	0,1
2016-Jan-05 11:31:36	PI_14	375	2	2	1405754	0	0,1
2016-Jan-05 11:31:38	PI_14	376	2	0	642933	0	
2016-Jan-05 11:31:40	PI_14	377	2	0	642933	0	
2016-Jan-05 11:31:42	PI_14	378	2	2	1405754	0	0,1
2016-Jan-05 11:31:44	PI_14	379	2	0	642933	0	
2016-Jan-05 11:31:46	PI_14	380	2	0	642933	0	
2016-Jan-05 11:31:48	PI_14	381	2	2	1405754	0	0,1
2016-Jan-05 11:31:50	PI_14	382	2	0	642933	0	
2016-Jan-05 11:31:52	PI_14	383	2	0	642933	0	
2016-Jan-05 11:31:54	PI_14	384	2	0	642933	0	
2016-Jan-05 11:31:56	PI_14	385	2	2	1405754	0	0,1
2016-Jan-05 11:31:58	PI_14	386	2	2	1405754	0	0,1
2016-Jan-05 11:32:00	PI_14	387	2	0	642933	0	
2016-Jan-05 11:32:02	PI_14	388	2	2	1405754	0	0,1
2016-Jan-05 11:32:04	PI_14	389	2	0	642933	0	
2016-Jan-05 11:32:06	PI_14	390	2	2	1405754	0	0,1
2016-Jan-05 11:32:08	PI_14	391	2	0	642933	0	
2016-Jan-05 11:32:10	PI_14	392	2	0	642933	0	
2016-Jan-05 11:32:12	PI_14	393	2	2	1405754	0	0,1
2016-Jan-05 11:32:14	PI_14	394	2	0	642933	0	
2016-Jan-05 11:32:16	PI_14	395	2	0	642933	0	
2016-Jan-05 11:32:18	PI_14	396	2	0	642933	0	
2016-Jan-05 11:32:20	PI_14	397	2	2	1405754	0	0,1
2016-Jan-05 11:32:22	PI_14	398	2	0	642933	0	
2016-Jan-05 11:32:24	PI_14	399	2	2	1405754	0	0,1
2016-Jan-05 11:32:26	PI_14	400	2	0	642933	0	
2016-Jan-05 11:32:28	PI_14	401	2	0	642933	0	
2016-Jan-05 11:32:30	PI_14	402	2	2	1405754	0	0,1
2016-Jan-05 11:32:32	PI_14	403	2	0	642933	0	
2016-Jan-05 11:32:34	PI_14	404	2	0	642933	0	
2016-Jan-05 11:32:36	PI_14	405	2	0	642933	0	
2016-Jan-05 11:32:38	PI_14	406	2	0	642933	0	
2016-Jan-05 11:32:40	PI_14	407	2	0	642933	0	
2016-Jan-05 11:32:42	PI_14	408	2	0	642933	0	
2016-Jan-05 11:32:44	PI_14	409	2	0	642933	0	
2016-Jan-05 11:32:46	PI_14	410	2	0	642933	0	
2016-Jan-05 11:32:48	PI_14	411	2	0	642933	0	
2016-Jan-05 11:32:50	PI_14	412	2	0	642933	0	
2016-Jan-05 11:32:52	PI_14	413	2	2	1405754	0	0,1
2016-Jan-05 11:32:54	PI_14	414	2	0	642933	0	
2016-Jan-05 11:32:56	PI_14	415	2	2	1405754	0	0,1
2016-Jan-05 11:32:58	PI_14	416	2	0	642933	0	
2016-Jan-05 11:33:00	PI_14	417	2	0	642933	0	
2016-Jan-05 11:33:02	PI_14	418	2	2	1405754	0	0,1
2016-Jan-05 11:33:04	PI_14	419	2	0	642933	0	
2016-Jan-05 11:33:06	PI_14	420	2	2	1405754	0	0,1
2016-Jan-05 11:33:08	PI_14	421	2	0	642933	0	
2016-Jan-05 11:33:10	PI_14	422	2	2	1405754	0	0,1
2016-Jan-05 11:33:12	PI_14	423	2	0	642933	0	
2016-Jan-05 11:33:14	PI_14	424	2	2	1405754	0	0,1
2016-Jan-05 11:33:16	PI_14	425	2	0	642933	0	
2016-Jan-05 11:33:18	PI_14	426	2	0	642933	0	
2016-Jan-05 11:33:20	PI_14	427	2	2	1405754	0	0,1
2016-Jan-05 11:33:22	PI_14	428	2	0	642933	0	
2016-Jan-05 11:33:24	PI_14	429	2	0	642933	0	
2016-Jan-05 11:33:26	PI_14	430	2	0	642933	0	
2016-Jan-05 11:33:28	PI_14	431	2	0	642933	0	
2016-Jan-05 11:33:30	PI_14	432	2	0	642933	0	
2016-Jan-05 11:33:32	PI_14	433	2	0	642933	0	
2016-Jan-05 11:33:34	PI_14	434	2	2	1405754	0	0,1
2016-Jan-05 11:33:36	PI_14	435	2	0	642933	0	
2016-Jan-05 11:33:38	PI_14	436	2	0	642933	0	
2016-Jan-05 11:33:40	PI_14	437	2	0	642933	0	
2016-Jan-05 11:33:42	PI_14	438	2	2	1405754	0	0,1
2016-Jan-05 11:33:44	PI_14	439	2	0	642933	0	
2016-Jan-05 11:33:46	PI_14	440	2	0	642933	0	
2016-Jan-05 11:33:48	PI_14	441	2	2	1405754	0	0,1
2016-Jan-05 11:33:50	PI_14	442	2	0	642933	0	
2016-Jan-05 11:33:52	PI_14	443	2	0	642933	0	
2016-Jan-05 11:33:54	PI_14	444	2	2	1405754	0	0,1
2016-Jan-05 11:33:56	PI_14	445	2	0	642933	0	
2016-Jan-05 11:33:58	PI_14	446	2	0	642933	0	
2016-Jan-05 11:34:00	PI_14	447	2	2	1405754	0	0,1
2016-Jan-05 11:34:02	PI_14	448	2	0	642933	0	
2016-Jan-05 11:34:04	PI_14	449	2	0	642933	0	
2016-Jan-05 11:34:06	PI_14	450	2	2	1405754	0	0,1
2016-Jan-05 11:34:08	PI_14	451	2	0	642933	0	
2016-Jan-05 11:34:10	PI_14	452	2	0	642933	0	
2016-Jan-05 11:34:12	PI_14	453	2	2	1405754	0	0,1
2016-Jan-05 11:34:14	PI_14	454	2	0	642933	0	
2016-Jan-05 11:34:16	PI_14	455	2	2	1405754	0	0,1
2016-Jan-05 11:34:18	PI_14	456	2	0	642933	0	
2016-Jan-05 11:34:20	PI_14	457	2	2	1405754	0	0,1
2016-Jan-05 11:34:22	PI_14	458	2	2	1405754	0	0,1
2016-Jan-05 11:34:24	PI_14	459	2	2	1405754	0	0,1
2016-Jan-05 11:34:26	PI_14	460	2	2	1405754	0	0,1
2016-Jan-05 11:34:28	PI_14	461	2	2	1405754	0	0,1
2016-Jan-05 11:34:30	PI_14	462	2	2	1405754	0	0,1
2016-Jan-05 11:34:32	PI_14	463	2	2	1405754	0	0,1
2016-Jan-05 11:34:34	PI_14	464	2	0	642933	0	
2016-Jan-05 11:34:36	PI_14	465	2	2	1405754	0	0,1
2016-Jan-05 11:34:38	PI_14	466	2	0	642933	0	
2016-Jan-05 11:34:40	PI_14	467	2	2	1405754	0	0,1
2016-Jan-05 11:34:42	PI_14	468	2	0	642933	0	
2016-Jan-05 11:34:44	PI_14	469	2	2	1405754	0	0,1
2016-Jan-05 11:34:46	PI_14	470	2	0	642933	0	
2016-Jan-05 11:34:48	PI_14	471	2	2	1405754	0	0,1
2016-Jan-05 11:34:50	PI_14	472	2	2	1405754	0	0,1
2016-Jan-05 11:34:52	PI_14	473	2	0	642933	0	
2016-Jan-05 11:34:54	PI_14	474	2	2	1405754	0	0,1
2016-Jan-05 11:34:56	PI_14	475	2	0	642933	0	
2016-Jan-05 11:34:58	PI_14	476	2	2	1405754	0	0,1
2016-Jan-05 11:35:00	PI_14	477	2	0	642933	0	
2016-Jan-05 11:35:02	PI_14	478	2	2	1405754	0	0,1
2016-Jan-05 11:35:04	PI_14	479	2	2	1405754	0	0,1
2016-Jan-05 11:35:06	PI_14	480	2	2	1405754	0	0,1
2016-Jan-05 11:35:08	PI_14	481	2	2	1405754	0	0,1
2016-Jan-05 11:35:10	PI_14	482	2	0	642933	0	
2016-Jan-05 11:35:12	PI_14	483	2	2	1405754	0	0,1
2016-Jan-05 11:35:14	PI_14	484	2	2	1405754	0	0,1
2016-Jan-05 11:35:16	PI_14	485	2	0	642933	0	
2016-Jan-05 11:35:18	PI_14	486	2	2	1405754	0	0,1
2016-Jan-05 11:35:20	PI_14	487	2	0	642933	0	
2016-Jan-05 11:35:22	PI_14	488	2	2	1405754	0	0,1
2016-Jan-05 11:35:24	PI_14	489	2	0	642933	0	
2016-Jan-05 11:35:26	PI_14	490	2	0	642933	0	
2016-Jan-05 11:35:28	PI_14	491	2	2	1405754	0	0,1
2016-Jan-05 11:35:30	PI_14	492	2	2	1405754	0	0,1
2016-Jan-05 11:35:32	PI_14	493	2	2	1405754	0	0,1
2016-Jan-05 11:35:34	PI_14	494	2	0	642933	0	
2016-Jan-05 11:35:36	PI_14	495	2	2	1405754	0	0,1
2016-Jan-05 11:35:38	PI_14	496	2	2	1405754	0	0,1
2016-Jan-05 11:35:40	PI_14	497	2	2	1405754	0	0,1
2016-Jan-05 11:35:42	PI_14	498	2	0	642933	0	
2016-Jan-05 11:35:44	PI_14	499	2	2	1405754	0	0,1
2016-Jan-05 11:35:46	PI_14	500	2	2	1405754	0	0,1
2016-Jan-05 11:35:48	PI_14	501	2	0	642933	0	
2016-Jan-05 11:35:50	PI_14	502	2	2	1405754	0	0,1
2016-Jan-05 11:35:52	PI_14	503	2	2	1405754	0	0,1
2016-Jan-05 11:35:54	PI_14	504	2	0	642933	0	
2016-Jan-05 11:35:56	PI_14	505	2	2	1405754	0	0,1
2016-Jan-05 11:35:58	PI_14	506	2	2	1405754	0	0,1
2016-Jan-05 11:36:00	PI_14	507	2	0	642933	0	
2016-Jan-05 11:36:02	PI_14	508	2	0	642933	0	
2016-Jan-05 11:36:04	PI_14	509	2	0	642933	0	
2016-Jan-05 11:36:06	PI_14	510	2	2	1405754	0	0,1
2016-Jan-05 11:36:08	PI_14	511	2	0	642933	0	
2016-Jan-05 11:36:10	PI_14	512	2	2	1405754	0	0,1
2016-Jan-05 11:36:12	PI_14	513	2	0	642933	0	
2016-Jan-05 11:36:14	PI_14	514	2	2	1405754	0	0,1
2016-Jan-05 11:36:16	PI_14	515	2	0	642933	0	
2016-Jan-05 11:36:18	PI_14	516	2	2	1405754	0	0,1
2016-Jan-05 11:36:20	PI_14	517	2	0	642933	0	
2016-Jan-05 11:36:22	PI_14	518	2	0	642933	0	
2016-Jan-05 11:36:24	PI_14	519	2	0	642933	0	
2016-Jan-05 11:36:26	PI_14	520	2	2	1405754	0	0,1
2016-Jan-05 11:36:28	PI_14	521	2	0	642933	0	
2016-Jan-05 11:36:30	PI_14	522	2	2	1405754	0	0,1
2016-Jan-05 11:36:32	PI_14	523	2	0	642933	0	
2016-Jan-05 11:36:34	PI_14	524	2	2	1405754	0	0,1
2016-Jan-05 11:36:36	PI_14	525	2	0	642933	0	
2016-Jan-05 11:36:38	PI_14	526	2	2	1405754	0	0,1
2016-Jan-05 11:36:40	PI_14	527	2	0	642933	0	
2016-Jan-05 11:36:42	PI_14	528	2	2	1405754	0	0,1
2016-Jan-05 11:36:44	PI_14	529	2	0	642933	0	
2016-Jan-05 11:36:46	PI_14	530	2	2	1405754	0	0,1
2016-Jan-05 11:36:48	PI_14	531	2	0	642933	0	
2016-Jan-05 11:36:50	PI_14	532	2	0	642933	0	
2016-Jan-05 11:36:52	PI_14	533	2	0	642933	0	
2016-Jan-05 11:36:54	PI_14	534	2	0	642933	0	
2016-Jan-05 11:36:56	PI_14	535	2	0	642933	0	
2016-Jan-05 11:36:58	PI_14	536	2	0	642933	0	
2016-Jan-05 11:37:00	PI_14	537	2	0	642933	0	
2016-Jan-05 11:37:02	PI_14	538	2	0	642933	0	
2016-Jan-05 11:37:04	PI_14	539	2	0	642933	0	
2016-Jan-05 11:37:06	PI_14	540	2	0	642933	0	
2016-Jan-05 11:37:08	PI_14	541	2	0	642933	0	
2016-Jan-05 11:37:10	PI_14	542	2	0	642933	0	
2016-Jan-05 11:37:12	PI_14	543	2	2	1405754	0	0,1
2016-Jan-05 11:37:14	PI_14	544	2	0	642933	0	
2016-Jan-05 11:37:16	PI_14	545	2	0	642933	0	
2016-Jan-05 11:37:18	PI_14	546	2	0	642933	0	
2016-Jan-05 11:37:20	PI_14	547	2	0	642933	0	
2016-Jan-05 11:37:22	PI_14	548	2	2	1405754	0	0,1
2016-Jan-05 11:37:24	PI_14	549	2	0	642933	0	
2016-Jan-05 11:37:26	PI_14	550	2	0	642933	0	
2016-Jan-05 11:37:28	PI_14	551	2	2	1405754	0	0,1
2016-Jan-05 11:37:30	PI_14	552	2	0	642933	0	
2016-Jan-05 11:37:32	PI_14	553	2	2	1405754	0	0,1
2016-Jan-05 11:37:34	PI_14	554	2	0	642933	0	
2016-Jan-05 11:37:36	PI_14	555	2	0	642933	0	
2016-Jan-05 11:37:38	PI_14	556	2	2	1405754	0	0,1
2016-Jan-05 11:37:40	PI_14	557	2	0	642933	0	
2016-Jan-05 11:37:42	PI_14	558	2	2	1405754	0	0,1
2016-Jan-05 11:37:44	PI_14	559	2	0	642933	0	
2016-Jan-05 11:37:46	PI_14	560	2	0	642933	0	
2016-Jan-05 11:37:48	PI_14	561	2	0	642933	0	
2016-Jan-05 11:37:50	PI_14	562	2	2	1405754	0	0,1
2016-Jan-05 11:37:52	PI_14	563	2	0	642933	0	
2016-Jan-05 11:37:54	PI_14	564	2	2	1405754	0	0,1
2016-Jan-05 11:37:56	PI_14	565	2	0	642933	0	
2016-Jan-05 11:37:58	PI_14	566	2	2	1405754	0	0,1
2016-Jan-05 11:38:00	PI_14	567	2	2	1405754	0	0,1
2016-Jan-05 11:38:02	PI_14	568	2	2	1405754	0	0,1
2016-Jan-05 11:38:04	PI_14	569	2	0	642933	0	
2016-Jan-05 11:38:06	PI_14	570	2	2	1405754	0	0,1
2016-Jan-05 11:38:08	PI_14	571	2	0	642933	0	
2016-Jan-05 11:38:10	PI_14	572	2	2	1405754	0	0,1
2016-Jan-05 11:38:12	PI_14	573	2	0	642933	0	
2016-Jan-05 11:38:14	PI_14	574	2	2	1405754	0	0,1
2016-Jan-05 11:38:16	PI_14	575	2	2	1405754	0	0,1
2016-Jan-05 11:38:18	PI_14	576	2	0	642933	0	
2016-Jan-05 11:38:20	PI_14	577	2	2	1405754	0	0,1
2016-Jan-05 11:38:22	PI_14	578	2	2	1405754	0	0,1
2016-Jan-05 11:38:24	PI_14	579	2	2	1405754	0	0,1
2016-Jan-05 11:38:26	PI_14	580	2	0	642933	0	
2016-Jan-05 11:38:28	PI_14	581	2	2	1405754	0	0,1
2016-Jan-05 11:38:30	PI_14	582	2	0	642933	0	
2016-Jan-05 11:38:32	PI_14	583	2	2	1405754	0	0,1
2016-Jan-05 11:38:34	PI_14	584	2	0	642933	0	
2016-Jan-05 11:38:36	PI_14	585	2	0	642933	0	
2016-Jan-05 11:38:38	PI_14	586	2	0	642933	0	
2016-Jan-05 11:38:40	PI_14	587	2	0	642933	0	
2016-Jan-05 11:38:42	PI_14	588	2	2	1405754	0	0,1
2016-Jan-05 11:38:44	PI_14	589	2	0	642933	0	
2016-Jan-05 11:38:46	PI_14	590	2	0	642933	0	
2016-Jan-05 11:38:48	PI_14	591	2	2	1405754	0	0,1
2016-Jan-05 11:38:50	PI_14	592	2	0	642933	0	
2016-Jan-05 11:38:52	PI_14	593	2	0	642933	0	
2016-Jan-05 11:38:54	PI_14	594	2	2	1405754	0	0,1
2016-Jan-05 11:38:56	PI_14	595	2	2	1405754	0	0,1
2016-Jan-05 11:38:58	PI_14	596	2	2	1405754	0	0,1
2016-Jan-05 11:39:00	PI_14	597	2	2	1405754	0	0,1
2016-Jan-05 11:39:02	PI_14	598	2	0	642933	0	
2016-Jan-05 11:39:04	PI_14	599	2	2	1405754	0	0,1
2016-Jan-05 11:39:06	PI_14	600	2	2	1405754	0	0,1
2016-Jan-05 11:39:08	PI_14	601	2	2	1405754	0	0,1
2016-Jan-05 11:39:10	PI_14	602	2	2	1405754	0	0,1
2016-Jan-05 11:39:12	PI_14	603	2	0	642933	0	
2016-Jan-05 11:39:14	PI_14	604	2	2	1405754	0	0,1
2016-Jan-05 11:39:16	PI_14	605	2	2	1405754	0	0,1
2016-Jan-05 11:39:18	PI_14	606	2	2	1405754	0	0,1
2016-Jan-05 11:39:20	PI_14	607	2	2	1405754	0	0,1
2016-Jan-05 11:39:22	PI_14	608	2	0	642933	0	
2016-Jan-05 11:39:24	PI_14	609	2	2	1405754	0	0,1
2016-Jan-05 11:39:26	PI_14	610	2	2	1405754	0	0,1
2016-Jan-05 11:39:28	PI_14	611	2	0	642933	0	
2016-Jan-05 11:39:30	PI_14	612	2	2	1405754	0	0,1
2016-Jan-05 11:39:32	PI_14	613	2	2	1405754	0	0,1
2016-Jan-05 11:39:34	PI_14	614	2	2	1405754	0	0,1
2016-Jan-05 11:39:36	PI_14	615	2	2	1405754	0	0,1
2016-Jan-05 11:39:38	PI_14	616	2	2	1405754	0	0,1
2016-Jan-05 11:39:40	PI_14	617	2	2	1405754	0	0,1
2016-Jan-05 11:39:42	PI_14	618	2	2	1405754	0	0,1
2016-Jan-05 11:39:44	PI_14	619	2	0	642933	0	
2016-Jan-05 11:39:46	PI_14	620	2	2	1405754	0	0,1
2016-Jan-05 11:39:48	PI_14	621	2	2	1405754	0	0,1
2016-Jan-05 11:39:50	PI_14	622	2	2	1405754	0	0,1
2016-Jan-05 11:39:52	PI_14	623	2	0	642933	0	
2016-Jan-05 11:39:54	PI_14	624	2	2	1405754	0	0,1
2016-Jan-05 11:39:56	PI_14	625	2	0	642933	0	
2016-Jan-05 11:39:58	PI_14	626	2	2	1405754	0	0,1
2016-Jan-05 11:40:00	PI_14	627	2	0	642933	0	
2016-Jan-05 11:40:02	PI_14	628	2	2	1405754	0	0,1
2016-Jan-05 11:40:04	PI_14	629	2	0	642933	0	
2016-Jan-05 11:40:06	PI_14	630	2	0	642933	0	
2016-Jan-05 11:40:08	PI_14	631	2	0	642933	0	
2016-Jan-05 11:40:10	PI_14	632	2	2	1405754	0	0,1
2016-Jan-05 11:40:12	PI_14	633	2	0	642933	0	
2016-Jan-05 11:40:14	PI_14	634	2	2	1405754	0	0,1
2016-Jan-05 11:40:16	PI_14	635	2	0	642933	0	
2016-Jan-05 11:40:18	PI_14	636	2	0	642933	0	
2016-Jan-05 11:40:20	PI_14	637	2	2	1405754	0	0,1
2016-Jan-05 11:40:22	PI_14	638	2	0	642933	0	
2016-Jan-05 11:40:24	PI_14	639	2	2	1405754	0	0,1
2016-Jan-05 11:40:26	PI_14	640	2	0	642933	0	
2016-Jan-05 11:40:28	PI_14	641	2	0	642933	0	
2016-Jan-05 11:40:30	PI_14	642	2	2	1405754	0	0,1
2016-Jan-05 11:40:32	PI_14	643	2	0	642933	0	
2016-Jan-05 11:40:34	PI_14	644	2	2	1405754	0	0,1
2016-Jan-05 11:40:36	PI_14	645	2	0	642933	0	
2016-Jan-05 11:40:38	PI_14	646	2	0	642933	0	
2016-Jan-05 11:40:40	PI_14	647	2	2	1405754	0	0,1
2016-Jan-05 11:40:42	PI_14	648	2	2	1405754	0	0,1
2016-Jan-05 11:40:44	PI_14	649	2	2	1405754	0	0,1
2016-Jan-05 11:40:46	PI_14	650	2	2	1405754	0	0,1
2016-Jan-05 11:40:48	PI_14	651	2	2	1405754	0	0,1
2016-Jan-05 11:40:50	PI_14	652	2	1	997955	0	0
2016-Jan-05 11:40:52	PI_14	653	2	2	1405754	0	0,1
2016-Jan-05 11:40:54	PI_14	654	2	2	1405754	0	0,1
2016-Jan-05 11:40:56	PI_14	655	2	2	1405754	0	0,1
2016-Jan-05 11:40:58	PI_14	656	2	2	1405754	0	0,1
2016-Jan-05 11:41:00	PI_14	657	2	0	642933	0	
2016-Jan-05 11:41:02	PI_14	658	2	2	1405754	0	0,1
2016-Jan-05 11:41:04	PI_14	659	2	2	1405754	0	0,1
2016-Jan-05 11:41:06	PI_14	660	2	0	642933	0	
2016-Jan-05 11:41:08	PI_14	661	2	2	1405754	0	0,1
2016-Jan-05 11:41:10	PI_14	662	2	2	1405754	0	0,1
2016-Jan-05 11:41:12	PI_14	663	2	2	1405754	0	0,1
2016-Jan-05 11:41:14	PI_14	664	2	0	642933	0	
2016-Jan-05 11:41:16	PI_14	665	2	1	997955	0	0
2016-Jan-05 11:41:18	PI_14	666	2	1	997955	0	0
2016-Jan-05 11:41:20	PI_14	667	2	0	642933	0	
2016-Jan-05 11:41:22	PI_14	668	2	1	997955	0	0
2016-Jan-05 11:41:24	PI_14	669	2	2	1405754	0	0,1
2016-Jan-05 11:41:26	PI_14	670	2	2	1405754	0	0,1
2016-Jan-05 11:41:28	PI_14	671	2	2	1405754	0	0,1
2016-Jan-05 11:41:30	PI_14	672	2	2	1405754	0	0,1
2016-Jan-05 11:41:32	PI_14	673	2	0	642933	0	
2016-Jan-05 11:41:34	PI_14	674	2	2	1405754	0	0,1
2016-Jan-05 11:41:36	PI_14	675	2	0	642933	0	
2016-Jan-05 11:41:38	PI_14	676	2	2	1405754	0	0,1
2016-Jan-05 11:41:40	PI_14	677	2	2	1405754	0	0,1
2016-Jan-05 11:41:42	PI_14	678	2	0	642933	0	
2016-Jan-05 11:41:44	PI_14	679	2	2	1405754	0	0,1
2016-Jan-05 11:41:46	PI_14	680	2	2	1405754	0	0,1
2016-Jan-05 11:41:48	PI_14	681	2	0	642933	0	
2016-Jan-05 11:41:50	PI_14	682	2	2	1405754	0	0,1
2016-Jan-05 11:41:52	PI_14	683	2	2	1405754	0	0,1
2016-Jan-05 11:41:54	PI_14	684	2	0	642933	0	
2016-Jan-05 11:41:56	PI_14	685	2	2	1405754	0	0,1
2016-Jan-05 11:41:58	PI_14	686	2	0	642933	0	
2016-Jan-05 11:42:00	PI_14	687	2	0	642933	0	
2016-Jan-05 11:42:02	PI_14	688	2	0	642933	0	
2016-Jan-05 11:42:04	PI_14	689	2	2	1405754	0	0,1
2016-Jan-05 11:42:06	PI_14	690	2	0	642933	0	
2016-Jan-05 11:42:08	PI_14	691	2	0	642933	0	
2016-Jan-05 11:42:10	PI_14	692	2	0	642933	0	
2016-Jan-05 11:42:12	PI_14	693	2	2	1405754	0	0,1
2016-Jan-05 11:42:14	PI_14	694	2	0	642933	0	
2016-Jan-05 11:42:16	PI_14	695	2	0	642933	0	
2016-Jan-05 11:42:18	PI_14	696	2	2	1405754	0	0,1
2016-Jan-05 11:42:20	PI_14	697	2	0	642933	0	
2016-Jan-05 11:42:22	PI_14	698	2	2	1405754	0	0,1
2016-Jan-05 11:42:24	PI_14	699	2	0	642933	0	
2016-Jan-05 11:42:26	PI_14	700	2	2	1405754	0	0,1
2016-Jan-05 11:42:28	PI_14	701	2	2	1405754	0	0,1
2016-Jan-05 11:42:30	PI_14	702	2	0	642933	0	
2016-Jan-05 11:42:32	PI_14	703	2	2	1405754	0	0,1
2016-Jan-05 11:42:34	PI_14	704	2	2	1405754	0	0,1
2016-Jan-05 11:42:36	PI_14	705	2	2	1405754	0	0,1
2016-Jan-05 11:42:38	PI_14	706	2	0	642933	0	
2016-Jan-05 11:42:40	PI_14	707	2	2	1405754	0	0,1
2016-Jan-05 11:42:42	PI_14	708	2	2	1405754	0	0,1
2016-Jan-05 11:42:44	PI_14	709	2	2	1405754	0	0,1
2016-Jan-05 11:42:46	PI_14	710	2	2	1405754	0	0,1
2016-Jan-05 11:42:48	PI_14	711	2	0	642933	0	
2016-Jan-05 11:42:50	PI_14	712	2	2	1405754	0	0,1
2016-Jan-05 11:42:52	PI_14	713	2	2	1405754	0	0,1
2016-Jan-05 11:42:54	PI_14	714	2	2	1405754	0	0,1
2016-Jan-05 11:42:56	PI_14	715	2	2	1405754	0	0,1
2016-Jan-05 11:42:58	PI_14	716	2	2	1405754	0	0,1
2016-Jan-05 11:43:00	PI_14	717	2	2	1405754	0	0,1
2016-Jan-05 11:43:02	PI_14	718	2	2	1405754	0	0,1
2016-Jan-05 11:43:04	PI_14	719	2	0	642933	0	
2016-Jan-05 11:43:06	PI_14	720	2	0	642933	0	
2016-Jan-05 11:43:08	PI_14	721	2	0	642933	0	
2016-Jan-05 11:43:10	PI_14	722	2	2	1405754	0	0,1
2016-Jan-05 11:43:12	PI_14	723	2	0	642933	0	
2016-Jan-05 11:43:14	PI_14	724	2	0	642933	0	
2016-Jan-05 11:43:16	PI_14	725	2	2	1405754	0	0,1
2016-Jan-05 11:43:18	PI_14	726	2	2	1405754	0	0,1
2016-Jan-05 11:43:20	PI_14	727	2	2	1405754	0	0,1
2016-Jan-05 11:43:22	PI_14	728	2	0	642933	0	
2016-Jan-05 11:43:24	PI_14	729	2	2	1405754	0	0,1
2016-Jan-05 11:43:26	PI_14	730	2	2	1405754	0	0,1
2016-Jan-05 11:43:28	PI_14	731	2	0	642933	0	
2016-Jan-05 11:43:31	PI_14	732	2	2	1405754	0	0,1
2016-Jan-05 11:43:33	PI_14	733	2	2	1405754	0	0,1
2016-Jan-05 11:43:35	PI_14	734	2	2	1405754	0	0,1
2016-Jan-05 11:43:37	PI_14	735	2	2	1405754	0	0,1
2016-Jan-05 11:43:39	PI_14	736	2	0	642933	0	
2016-Jan-05 11:43:41	PI_14	737	2	2	1405754	0	0,1
2016-Jan-05 11:43:43	PI_14	738	2	2	1405754	0	0,1
2016-Jan-05 11:43:45	PI_14	739	2	0	642933	0	
2016-Jan-05 11:43:47	PI_14	740	2	2	1405754	0	0,1
2016-Jan-05 11:43:49	PI_14	741	2	2	1405754	0	0,1
2016-Jan-05 11:43:51	PI_14	742	2	2	1405754	0	0,1
2016-Jan-05 11:43:53	PI_14	743	2	0	642933	0	
2016-Jan-05 11:43:55	PI_14	744	2	2	1405754	0	0,1
2016-Jan-05 11:43:57	PI_14	745	2	0	642933	0	
2016-Jan-05 11:43:59	PI_14	746	2	0	642933	0	
2016-Jan-05 11:44:01	PI_14	747	2	2	1405754	0	0,1
2016-Jan-05 11:44:03	PI_14	748	2	0	642933	0	
2016-Jan-05 11:44:05	PI_14	749	2	2	1405754	0	0,1
2016-Jan-05 11:44:07	PI_14	750	2	0	642933	0	
2016-Jan-05 11:44:09	PI_14	751	2	2	1405754	0	0,1
2016-Jan-05 11:44:11	PI_14	752	2	0	642933	0	
2016-Jan-05 11:44:13	PI_14	753	2	2	1405754	0	0,1
2016-Jan-05 11:44:15	PI_14	754	2	0	642933	0	
2016-Jan-05 11:44:17	PI_14	755	2	0	642933	0	
2016-Jan-05 11:44:19	PI_14	756	2	0	642933	0	
2016-Jan-05 11:44:21	PI_14	757	2	0	642933	0	
2016-Jan-05 11:44:23	PI_14	758	2	0	642933	0	
2016-Jan-05 11:44:25	PI_14	759	2	2	1405754	0	0,1
2016-Jan-05 11:44:27	PI_14	760	2	0	642933	0	
2016-Jan-05 11:44:29	PI_14	761	2	2	1405754	0	0,1
2016-Jan-05 11:44:31	PI_14	762	2	0	642933	0	
2016-Jan-05 11:44:33	PI_14	763	2	0	642933	0	
2016-Jan-05 11:44:35	PI_14	764	2	2	1405754	0	0,1
2016-Jan-05 11:44:37	PI_14	765	2	0	642933	0	
2016-Jan-05 11:44:39	PI_14	766	2	0	642933	0	
2016-Jan-05 11:44:41	PI_14	767	2	0	642933	0	
2016-Jan-05 11:44:43	PI_14	768	2	2	1405754	0	0,1
2016-Jan-05 11:44:45	PI_14	769	2	2	1405754	0	0,1
2016-Jan-05 11:44:47	PI_14	770	2	0	642933	0	
2016-Jan-05 11:44:49	PI_14	771	2	2	1405754	0	0,1
2016-Jan-05 11:44:51	PI_14	772	2	2	1405754	0	0,1
2016-Jan-05 11:44:53	PI_14	773	2	0	642933	0	
2016-Jan-05 11:44:55	PI_14	774	2	2	1405754	0	0,1
2016-Jan-05 11:44:57	PI_14	775	2	0	642933	0	
2016-Jan-05 11:44:59	PI_14	776	2	2	1405754	0	0,1
2016-Jan-05 11:45:01	PI_14	777	2	0	642933	0	
2016-Jan-05 11:45:03	PI_14	778	2	2	1405754	0	0,1
2016-Jan-05 11:45:05	PI_14	779	2	2	1405754	0	0,1
2016-Jan-05 11:45:07	PI_14	780	2	2	1405754	0	0,1
2016-Jan-05 11:45:09	PI_14	781	2	2	1405754	0	0,1
2016-Jan-05 11:45:11	PI_14	782	2	2	1405754	0	0,1
2016-Jan-05 11:45:13	PI_14	783	2	2	1405754	0	0,1
2016-Jan-05 11:45:15	PI_14	784	2	2	1405754	0	0,1
2016-Jan-05 11:45:17	PI_14	785	2	0	642933	0	
2016-Jan-05 11:45:19	PI_14	786	2	2	1405754	0	0,1
2016-Jan-05 11:45:21	PI_14	787	2	0	642933	0	
2016-Jan-05 11:45:23	PI_14	788	2	2	1405754	0	0,1
2016-Jan-05 11:45:25	PI_14	789	2	0	642933	0	
2016-Jan-05 11:45:27	PI_14	790	2	0	642933	0	
2016-Jan-05 11:45:29	PI_14	791	2	0	642933	0	
2016-Jan-05 11:45:31	PI_14	792	2	0	642933	0	
2016-Jan-05 11:45:33	PI_14	793	2	2	1405754	0	0,1
2016-Jan-05 11:45:35	PI_14	794	2	0	642933	0	
2016-Jan-05 11:45:37	PI_14	795	2	0	642933	0	
2016-Jan-05 11:45:39	PI_14	796	2	0	642933	0	
2016-Jan-05 11:45:41	PI_14	797	2	2	1405754	0	0,1
2016-Jan-05 11:45:43	PI_14	798	2	0	642933	0	
2016-Jan-05 11:45:45	PI_14	799	2	2	1405754	0	0,1
2016-Jan-05 11:45:47	PI_14	800	2	0	642933	0	
2016-Jan-05 11:45:49	PI_14	801	2	2	1405754	0	0,1
2016-Jan-05 11:45:51	PI_14	802	2	2	1405754	0	0,1
2016-Jan-05 11:45:53	PI_14	803	2	0	642933	0	
2016-Jan-05 11:45:55	PI_14	804	2	2	1405754	0	0,1
2016-Jan-05 11:45:57	PI_14	805	2	2	1405754	0	0,1
2016-Jan-05 11:45:59	PI_14	806	2	0	642933	0	
2016-Jan-05 11:46:01	PI_14	807	2	2	1405754	0	0,1
2016-Jan-05 11:46:03	PI_14	808	2	0	642933	0	
2016-Jan-05 11:46:05	PI_14	809	2	0	642933	0	
2016-Jan-05 11:46:07	PI_14	810	2	2	1405754	0	0,1
2016-Jan-05 11:46:09	PI_14	811	2	0	642933	0	
2016-Jan-05 11:46:11	PI_14	812	2	0	642933	0	
2016-Jan-05 11:46:13	PI_14	813	2	2	1405754	0	0,1
2016-Jan-05 11:46:15	PI_14	814	2	0	642933	0	
2016-Jan-05 11:46:17	PI_14	815	2	2	1405754	0	0,1
2016-Jan-05 11:46:19	PI_14	816	2	0	642933	0	
2016-Jan-05 11:46:21	PI_14	817	2	2	1405754	0	0,1
2016-Jan-05 11:46:23	PI_14	818	2	0	642933	0	
2016-Jan-05 11:46:25	PI_14	819	2	2	1405754	0	0,1
2016-Jan-05 11:46:27	PI_14	820	2	0	642933	0	
2016-Jan-05 11:46:29	PI_14	821	2	2	1405754	0	0,1
2016-Jan-05 11:46:31	PI_14	822	2	2	1405754	0	0,1
2016-Jan-05 11:46:33	PI_14	823	2	0	642933	0	
2016-Jan-05 11:46:35	PI_14	824	2	2	1405754	0	0,1
2016-Jan-05 11:46:37	PI_14	825	2	0	642933	0	
2016-Jan-05 11:46:39	PI_14	826	2	2	1405754	0	0,1
2016-Jan-05 11:46:41	PI_14	827	2	0	642933	0	
2016-Jan-05 11:46:43	PI_14	828	2	0	642933	0	
2016-Jan-05 11:46:45	PI_14	829	2	2	1405754	0	0,1
2016-Jan-05 11:46:47	PI_14	830	2	0	642933	0	
2016-Jan-05 11:46:49	PI_14	831	2	2	1405754	0	0,1
2016-Jan-05 11:46:51	PI_14	832	2	0	642933	0	
2016-Jan-05 11:46:53	PI_14	833	2	2	1405754	0	0,1
2016-Jan-05 11:46:55	PI_14	834	2	0	642933	0	
2016-Jan-05 11:46:57	PI_14	835	2	0	642933	0	
2016-Jan-05 11:46:59	PI_14	836	2	2	1405754	0	0,1
2016-Jan-05 11:47:01	PI_14	837	2	2	1405754	0	0,1
2016-Jan-05 11:47:03	PI_14	838	2	2	1405754	0	0,1
2016-Jan-05 11:47:05	PI_14	839	2	0	642933	0	
2016-Jan-05 11:47:07	PI_14	840	2	2	1405754	0	0,1
2016-Jan-05 11:47:09	PI_14	841	2	2	1405754	0	0,1
2016-Jan-05 11:47:11	PI_14	842	2	2	1405754	0	0,1
2016-Jan-05 11:47:13	PI_14	843	2	2	1405754	0	0,1
2016-Jan-05 11:47:15	PI_14	844	2	0	642933	0	
2016-Jan-05 11:47:17	PI_14	845	2	2	1405754	0	0,1
2016-Jan-05 11:47:19	PI_14	846	2	2	1405754	0	0,1
2016-Jan-05 11:47:21	PI_14	847	2	2	1405754	0	0,1
2016-Jan-05 11:47:23	PI_14	848	2	2	1405754	0	0,1
2016-Jan-05 11:47:25	PI_14	849	2	2	1405754	0	0,1
2016-Jan-05 11:47:27	PI_14	850	2	2	1405754	0	0,1
2016-Jan-05 11:47:29	PI_14	851	2	2	1405754	0	0,1
2016-Jan-05 11:47:31	PI_14	852	2	2	1405754	0	0,1
2016-Jan-05 11:47:33	PI_14	853	2	2	1405754	0	0,1
2016-Jan-05 11:47:35	PI_14	854	2	2	1405754	0	0,1
2016-Jan-05 11:47:37	PI_14	855	2	0	642933	0	
2016-Jan-05 11:47:39	PI_14	856	2	0	642933	0	
2016-Jan-05 11:47:41	PI_14	857	2	0	642933	0	
2016-Jan-05 11:47:43	PI_14	858	2	0	642933	0	
2016-Jan-05 11:47:45	PI_14	859	2	0	642933	0	
2016-Jan-05 11:47:47	PI_14	860	2	0	642933	0	
2016-Jan-05 11:47:49	PI_14	861	2	0	642933	0	
2016-Jan-05 11:47:51	PI_14	862	2	0	642933	0	
2016-Jan-05 11:47:53	PI_14	863	2	2	1405754	0	0,1
2016-Jan-05 11:47:55	PI_14	864	2	2	1405754	0	0,1
2016-Jan-05 11:47:57	PI_14	865	2	2	1405754	0	0,1
2016-Jan-05 11:47:59	PI_14	866	2	0	642933	0	
2016-Jan-05 11:48:01	PI_14	867	2	2	1405754	0	0,1
2016-Jan-05 11:48:03	PI_14	868	2	2	1405754	0	0,1
2016-Jan-05 11:48:05	PI_14	869	2	0	642933	0	
2016-Jan-05 11:48:07	PI_14	870	2	2	1405754	0	0,1
2016-Jan-05 11:48:09	PI_14	871	2	2	1405754	0	0,1
2016-Jan-05 11:48:11	PI_14	872	2	2	1405754	0	0,1
2016-Jan-05 11:48:13	PI_14	873	2	2	1405754	0	0,1
2016-Jan-05 11:48:15	PI_14	874	2	2	1405754	0	0,1
2016-Jan-05 11:48:17	PI_14	875	2	2	1405754	0	0,1
2016-Jan-05 11:48:19	PI_14	876	2	2	1405754	0	0,1
2016-Jan-05 11:48:21	PI_14	877	2	2	1405754	0	0,1
2016-Jan-05 11:48:23	PI_14	878	2	2	1405754	0	0,1
2016-Jan-05 11:48:25	PI_14	879	2	0	642933	0	
2016-Jan-05 11:48:27	PI_14	880	2	2	1405754	0	0,1
2016-Jan-05 11:48:29	PI_14	881	2	2	1405754	0	0,1
2016-Jan-05 11:48:31	PI_14	882	2	2	1405754	0	0,1
2016-Jan-05 11:48:33	PI_14	883	2	0	642933	0	
2016-Jan-05 11:48:35	PI_14	884	2	2	1405754	0	0,1
2016-Jan-05 11:48:37	PI_14	885	2	2	1405754	0	0,1
2016-Jan-05 11:48:39	PI_14	886	2	2	1405754	0	0,1
2016-Jan-05 11:48:41	PI_14	887	2	0	642933	0	
2016-Jan-05 11:48:43	PI_14	888	2	0	642933	0	
2016-Jan-05 11:48:45	PI_14	889	2	2	1405754	0	0,1
2016-Jan-05 11:48:47	PI_14	890	2	0	642933	0	
2016-Jan-05 11:48:49	PI_14	891	2	0	642933	0	
2016-Jan-05 11:48:51	PI_14	892	2	2	1405754	0	0,1
2016-Jan-05 11:48:53	PI_14	893	2	0	642933	0	
2016-Jan-05 11:48:55	PI_14	894	2	0	642933	0	
2016-Jan-05 11:48:57	PI_14	895	2	2	1405754	0	0,1
2016-Jan-05 11:48:59	PI_14	896	2	0	642933	0	
2016-Jan-05 11:49:01	PI_14	897	2	0	642933	0	
2016-Jan-05 11:49:03	PI_14	898	2	2	1405754	0	0,1
2016-Jan-05 11:49:05	PI_14	899	2	0	642933	0	
2016-Jan-05 11:49:07	PI_14	900	2	2	1405754	0	0,1
2016-Jan-05 11:49:09	PI_14	901	2	0	642933	0	
2016-Jan-05 11:49:11	PI_14	902	2	0	642933	0	
2016-Jan-05 11:49:13	PI_14	903	2	2	1405754	0	0,1
2016-Jan-05 11:49:15	PI_14	904	2	0	642933	0	
2016-Jan-05 11:49:17	PI_14	905	2	0	642933	0	
2016-Jan-05 11:49:19	PI_14	906	2	2	1405754	0	0,1
2016-Jan-05 11:49:21	PI_14	907	2	0	642933	0	
2016-Jan-05 11:49:23	PI_14	908	2	2	1405754	0	0,1
2016-Jan-05 11:49:25	PI_14	909	2	2	1405754	0	0,1
2016-Jan-05 11:49:27	PI_14	910	2	2	1405754	0	0,1
2016-Jan-05 11:49:29	PI_14	911	2	2	1405754	0	0,1
2016-Jan-05 11:49:31	PI_14	912	2	2	1405754	0	0,1
2016-Jan-05 11:49:33	PI_14	913	2	0	642933	0	
2016-Jan-05 11:49:35	PI_14	914	2	2	1405754	0	0,1
2016-Jan-05 11:49:37	PI_14	915	2	0	642933	0	
2016-Jan-05 11:49:39	PI_14	916	2	0	642933	0	
2016-Jan-05 11:49:41	PI_14	917	2	0	642933	0	
2016-Jan-05 11:49:43	PI_14	918	2	0	642933	0	
2016-Jan-05 11:49:45	PI_14	919	2	2	1405754	0	0,1
2016-Jan-05 11:49:47	PI_14	920	2	0	642933	0	
2016-Jan-05 11:49:49	PI_14	921	2	2	1405754	0	0,1
2016-Jan-05 11:49:51	PI_14	922	2	2	1405754	0	0,1
2016-Jan-05 11:49:53	PI_14	923	2	2	1405754	0	0,1
2016-Jan-05 11:49:55	PI_14	924	2	0	642933	0	
2016-Jan-05 11:49:57	PI_14	925	2	2	1405754	0	0,1
2016-Jan-05 11:49:59	PI_14	926	2	0	642933	0	
2016-Jan-05 11:50:01	PI_14	927	2	2	1405754	0	0,1
2016-Jan-05 11:50:03	PI_14	928	2	0	642933	0	
2016-Jan-05 11:50:05	PI_14	929	2	0	642933	0	
2016-Jan-05 11:50:07	PI_14	930	2	2	1405754	0	0,1
2016-Jan-05 11:50:09	PI_14	931	2	0	642933	0	
2016-Jan-05 11:50:11	PI_14	932	2	0	642933	0	
2016-Jan-05 11:50:13	PI_14	933	2	2	1405754	0	0,1
2016-Jan-05 11:50:15	PI_14	934	2	0	642933	0	
2016-Jan-05 11:50:17	PI_14	935	2	0	642933	0	
2016-Jan-05 11:50:19	PI_14	936	2	0	642933	0	
2016-Jan-05 11:50:21	PI_14	937	2	0	642933	0	
2016-Jan-05 11:50:23	PI_14	938	2	0	642933	0	
2016-Jan-05 11:50:25	PI_14	939	2	0	642933	0	
2016-Jan-05 11:50:27	PI_14	940	2	2	1405754	0	0,1
2016-Jan-05 11:50:29	PI_14	941	2	0	642933	0	
2016-Jan-05 11:50:31	PI_14	942	2	0	642933	0	
2016-Jan-05 11:50:33	PI_14	943	2	0	642933	0	
2016-Jan-05 11:50:35	PI_14	944	2	0	642933	0	
2016-Jan-05 11:50:37	PI_14	945	2	0	642933	0	
2016-Jan-05 11:50:39	PI_14	946	2	0	642933	0	
2016-Jan-05 11:50:41	PI_14	947	2	0	642933	0	
2016-Jan-05 11:50:43	PI_14	948	2	0	642933	0	
2016-Jan-05 11:50:45	PI_14	949	2	0	642933	0	
2016-Jan-05 11:50:47	PI_14	950	2	0	642933	0	
2016-Jan-05 11:50:49	PI_14	951	2	2	1405754	0	0,1
2016-Jan-05 11:50:51	PI_14	952	2	0	642933	0	
2016-Jan-05 11:50:53	PI_14	953	2	2	1405754	0	0,1
2016-Jan-05 11:50:55	PI_14	954	2	0	642933	0	
2016-Jan-05 11:50:57	PI_14	955	2	0	642933	0	
2016-Jan-05 11:50:59	PI_14	956	2	0	642933	0	
2016-Jan-05 11:51:01	PI_14	957	2	2	1405754	0	0,1
2016-Jan-05 11:51:03	PI_14	958	2	0	642933	0	
2016-Jan-05 11:51:05	PI_14	959	2	2	1405754	0	0,1
2016-Jan-05 11:51:07	PI_14	960	2	0	642933	0	
2016-Jan-05 11:51:09	PI_14	961	2	2	1405754	0	0,1
2016-Jan-05 11:51:11	PI_14	962	2	2	1405754	0	0,1
2016-Jan-05 11:51:13	PI_14	963	2	0	642933	0	
2016-Jan-05 11:51:15	PI_14	964	2	2	1405754	0	0,1
2016-Jan-05 11:51:17	PI_14	965	2	2	1405754	0	0,1
2016-Jan-05 11:51:19	PI_14	966	2	0	642933	0	
2016-Jan-05 11:51:21	PI_14	967	2	0	642933	0	
2016-Jan-05 11:51:23	PI_14	968	2	2	1405754	0	0,1
2016-Jan-05 11:51:25	PI_14	969	2	0	642933	0	
2016-Jan-05 11:51:27	PI_14	970	2	2	1405754	0	0,1
2016-Jan-05 11:51:29	PI_14	971	2	2	1405754	0	0,1
2016-Jan-05 11:51:31	PI_14	972	2	2	1405754	0	0,1
2016-Jan-05 11:51:33	PI_14	973	2	0	642933	0	
2016-Jan-05 11:51:35	PI_14	974	2	2	1405754	0	0,1
2016-Jan-05 11:51:37	PI_14	975	2	2	1405754	0	0,1
2016-Jan-05 11:51:39	PI_14	976	2	2	1405754	0	0,1
2016-Jan-05 11:51:41	PI_14	977	2	2	1405754	0	0,1
2016-Jan-05 11:51:43	PI_14	978	2	2	1405754	0	0,1
2016-Jan-05 11:51:45	PI_14	979	2	0	642933	0	
2016-Jan-05 11:51:47	PI_14	980	2	2	1405754	0	0,1
2016-Jan-05 11:51:49	PI_14	981	2	2	1405754	0	0,1
2016-Jan-05 11:51:51	PI_14	982	2	2	1405754	0	0,1
2016-Jan-05 11:51:53	PI_14	983	2	2	1405754	0	0,1
2016-Jan-05 11:51:55	PI_14	984	2	2	1405754	0	0,1
2016-Jan-05 11:51:57	PI_14	985	2	2	1405754	0	0,1
2016-Jan-05 11:51:59	PI_14	986	2	2	1405754	0	0,1
2016-Jan-05 11:52:01	PI_14	987	2	0	642933	0	
2016-Jan-05 11:52:03	PI_14	988	2	2	1405754	0	0,1
2016-Jan-05 11:52:05	PI_14	989	2	2	1405754	0	0,1
2016-Jan-05 11:52:07	PI_14	990	2	0	642933	0	
2016-Jan-05 11:52:09	PI_14	991	2	2	1405754	0	0,1
2016-Jan-05 11:52:11	PI_14	992	2	2	1405754	0	0,1
2016-Jan-05 11:52:13	PI_14	993	2	2	1405754	0	0,1
2016-Jan-05 11:52:15	PI_14	994	2	2	1405754	0	0,1
2016-Jan-05 11:52:17	PI_14	995	2	2	1405754	0	0,1
2016-Jan-05 11:52:19	PI_14	996	2	0	642933	0	
2016-Jan-05 11:52:21	PI_14	997	2	2	1405754	0	0,1
2016-Jan-05 11:52:23	PI_14	998	2	2	1405754	0	0,1
2016-Jan-05 11:52:25	PI_14	999	2	0	642933	0	
2016-Jan-05 11:52:27	PI_14	1000	2	2	1405754	0	0,1
2016-Jan-05 11:52:29	PI_14	1001	2	0	642933	0	
2016-Jan-05 11:52:31	PI_14	1002	2	2	1405754	0	0,1
2016-Jan-05 11:52:33	PI_14	1003	2	0	642933	0	
2016-Jan-05 11:52:35	PI_14	1004	2	2	1405754	0	0,1
2016-Jan-05 11:52:37	PI_14	1005	2	2	1405754	0	0,1
2016-Jan-05 11:52:39	PI_14	1006	2	0	642933	0	
2016-Jan-05 11:52:41	PI_14	1007	2	2	1405754	0	0,1
2016-Jan-05 11:52:43	PI_14	1008	2	2	1405754	0	0,1
2016-Jan-05 11:52:45	PI_14	1009	2	0	642933	0	
2016-Jan-05 11:52:47	PI_14	1010	2	2	1405754	0	0,1
2016-Jan-05 11:52:49	PI_14	1011	2	2	1405754	0	0,1
2016-Jan-05 11:52:51	PI_14	1012	2	0	642933	0	
2016-Jan-05 11:52:53	PI_14	1013	2	0	642933	0	
2016-Jan-05 11:52:55	PI_14	1014	2	2	1405754	0	0,1
2016-Jan-05 11:52:57	PI_14	1015	2	0	642933	0	
2016-Jan-05 11:52:59	PI_14	1016	2	0	642933	0	
2016-Jan-05 11:53:01	PI_14	1017	2	0	642933	0	
2016-Jan-05 11:53:03	PI_14	1018	2	0	642933	0	
2016-Jan-05 11:53:05	PI_14	1019	2	0	642933	0	
2016-Jan-05 11:53:07	PI_14	1020	2	2	1405754	0	0,1
2016-Jan-05 11:53:09	PI_14	1021	2	0	642933	0	
2016-Jan-05 11:53:11	PI_14	1022	2	0	642933	0	
2016-Jan-05 11:53:13	PI_14	1023	2	0	642933	0	
2016-Jan-05 11:53:15	PI_14	1024	2	0	642933	0	
2016-Jan-05 11:53:17	PI_14	1025	2	0	642933	0	
2016-Jan-05 11:53:19	PI_14	1026	2	2	1405754	0	0,1
2016-Jan-05 11:53:21	PI_14	1027	2	2	1405754	0	0,1
2016-Jan-05 11:53:23	PI_14	1028	2	2	1405754	0	0,1
2016-Jan-05 11:53:25	PI_14	1029	2	2	1405754	0	0,1
2016-Jan-05 11:53:27	PI_14	1030	2	2	1405754	0	0,1
2016-Jan-05 11:53:29	PI_14	1031	2	0	642933	0	
2016-Jan-05 11:53:31	PI_14	1032	2	2	1405754	0	0,1
2016-Jan-05 11:53:33	PI_14	1033	2	2	1405754	0	0,1
2016-Jan-05 11:53:35	PI_14	1034	2	2	1405754	0	0,1
2016-Jan-05 11:53:37	PI_14	1035	2	2	1405754	0	0,1
2016-Jan-05 11:53:39	PI_14	1036	2	2	1405754	0	0,1
2016-Jan-05 11:53:41	PI_14	1037	2	2	1405754	0	0,1
2016-Jan-05 11:53:43	PI_14	1038	2	2	1405754	0	0,1
2016-Jan-05 11:53:45	PI_14	1039	2	2	1405754	0	0,1
2016-Jan-05 11:53:47	PI_14	1040	2	2	1405754	0	0,1
2016-Jan-05 11:53:49	PI_14	1041	2	1	997955	0	0
2016-Jan-05 11:53:51	PI_14	1042	2	2	1405754	0	0,1
2016-Jan-05 11:53:53	PI_14	1043	2	2	1405754	0	0,1
2016-Jan-05 11:53:55	PI_14	1044	2	2	1405754	0	0,1
2016-Jan-05 11:53:57	PI_14	1045	2	2	1405754	0	0,1
2016-Jan-05 11:53:59	PI_14	1046	2	2	1405754	0	0,1
2016-Jan-05 11:54:01	PI_14	1047	2	1	997955	0	0
2016-Jan-05 11:54:03	PI_14	1048	2	2	1405754	0	0,1
2016-Jan-05 11:54:05	PI_14	1049	2	1	997955	0	0
2016-Jan-05 11:54:07	PI_14	1050	2	2	1405754	0	0,1
2016-Jan-05 11:54:09	PI_14	1051	2	2	1405754	0	0,1
2016-Jan-05 11:54:11	PI_14	1052	2	1	997955	0	0
2016-Jan-05 11:54:13	PI_14	1053	2	2	1405754	0	0,1
2016-Jan-05 11:54:15	PI_14	1054	2	2	1405754	0	0,1
2016-Jan-05 11:54:17	PI_14	1055	2	2	1405754	0	0,1
2016-Jan-05 11:54:19	PI_14	1056	2	2	1405754	0	0,1
2016-Jan-05 11:54:21	PI_14	1057	2	2	1405754	0	0,1
2016-Jan-05 11:54:23	PI_14	1058	2	2	1405754	0	0,1
2016-Jan-05 11:54:25	PI_14	1059	2	2	1405754	0	0,1
2016-Jan-05 11:54:27	PI_14	1060	2	2	1405754	0	0,1
2016-Jan-05 11:54:29	PI_14	1061	2	2	1405754	0	0,1
2016-Jan-05 11:54:31	PI_14	1062	2	2	1405754	0	0,1
2016-Jan-05 11:54:33	PI_14	1063	2	2	1405754	0	0,1
2016-Jan-05 11:54:35	PI_14	1064	2	0	642933	0	
2016-Jan-05 11:54:37	PI_14	1065	2	2	1405754	0	0,1
2016-Jan-05 11:54:39	PI_14	1066	2	2	1405754	0	0,1
2016-Jan-05 11:54:41	PI_14	1067	2	0	642933	0	
2016-Jan-05 11:54:43	PI_14	1068	2	2	1405754	0	0,1
2016-Jan-05 11:54:45	PI_14	1069	2	0	642933	0	
2016-Jan-05 11:54:47	PI_14	1070	2	2	1405754	0	0,1
2016-Jan-05 11:54:49	PI_14	1071	2	2	1405754	0	0,1
2016-Jan-05 11:54:51	PI_14	1072	2	0	642933	0	
2016-Jan-05 11:54:53	PI_14	1073	2	2	1405754	0	0,1
2016-Jan-05 11:54:55	PI_14	1074	2	2	1405754	0	0,1
2016-Jan-05 11:54:57	PI_14	1075	2	0	642933	0	
2016-Jan-05 11:54:59	PI_14	1076	2	2	1405754	0	0,1
2016-Jan-05 11:55:01	PI_14	1077	2	0	642933	0	
2016-Jan-05 11:55:03	PI_14	1078	2	0	642933	0	
2016-Jan-05 11:55:05	PI_14	1079	2	2	1405754	0	0,1
2016-Jan-05 11:55:07	PI_14	1080	2	0	642933	0	
2016-Jan-05 11:55:09	PI_14	1081	2	0	642933	0	
2016-Jan-05 11:55:11	PI_14	1082	2	0	642933	0	
2016-Jan-05 11:55:13	PI_14	1083	2	2	1405754	0	0,1
2016-Jan-05 11:55:15	PI_14	1084	2	0	642933	0	
2016-Jan-05 11:55:17	PI_14	1085	2	0	642933	0	
2016-Jan-05 11:55:19	PI_14	1086	2	0	642933	0	
2016-Jan-05 11:55:21	PI_14	1087	2	2	1405754	0	0,1
2016-Jan-05 11:55:23	PI_14	1088	2	0	642933	0	
2016-Jan-05 11:55:25	PI_14	1089	2	0	642933	0	
2016-Jan-05 11:55:27	PI_14	1090	2	2	1405754	0	0,1
2016-Jan-05 11:55:29	PI_14	1091	2	0	642933	0	
2016-Jan-05 11:55:31	PI_14	1092	2	0	642933	0	
2016-Jan-05 11:55:33	PI_14	1093	2	2	1405754	0	0,1
2016-Jan-05 11:55:35	PI_14	1094	2	0	642933	0	
2016-Jan-05 11:55:37	PI_14	1095	2	2	1405754	0	0,1
2016-Jan-05 11:55:39	PI_14	1096	2	0	642933	0	
2016-Jan-05 11:55:41	PI_14	1097	2	0	642933	0	
2016-Jan-05 11:55:43	PI_14	1098	2	2	1405754	0	0,1
2016-Jan-05 11:55:45	PI_14	1099	2	0	642933	0	
2016-Jan-05 11:55:47	PI_14	1100	2	0	642933	0	
2016-Jan-05 11:55:49	PI_14	1101	2	2	1405754	0	0,1
2016-Jan-05 11:55:51	PI_14	1102	2	0	642933	0	
2016-Jan-05 11:55:53	PI_14	1103	2	2	1405754	0	0,1
2016-Jan-05 11:55:55	PI_14	1104	2	2	1405754	0	0,1
2016-Jan-05 11:55:57	PI_14	1105	2	2	1405754	0	0,1
2016-Jan-05 11:55:59	PI_14	1106	2	2	1405754	0	0,1
2016-Jan-05 11:56:01	PI_14	1107	2	2	1405754	0	0,1
2016-Jan-05 11:56:03	PI_14	1108	2	2	1405754	0	0,1
2016-Jan-05 11:56:05	PI_14	1109	2	2	1405754	0	0,1
2016-Jan-05 11:56:07	PI_14	1110	2	0	642933	0	
2016-Jan-05 11:56:09	PI_14	1111	2	2	1405754	0	0,1
2016-Jan-05 11:56:11	PI_14	1112	2	0	642933	0	
2016-Jan-05 11:56:13	PI_14	1113	2	2	1405754	0	0,1
2016-Jan-05 11:56:15	PI_14	1114	2	0	642933	0	
2016-Jan-05 11:56:17	PI_14	1115	2	2	1405754	0	0,1
2016-Jan-05 11:56:19	PI_14	1116	2	0	642933	0	
2016-Jan-05 11:56:21	PI_14	1117	2	0	642933	0	
2016-Jan-05 11:56:23	PI_14	1118	2	2	1405754	0	0,1
2016-Jan-05 11:56:25	PI_14	1119	2	0	642933	0	
2016-Jan-05 11:56:27	PI_14	1120	2	2	1405754	0	0,1
2016-Jan-05 11:56:29	PI_14	1121	2	0	642933	0	
2016-Jan-05 11:56:31	PI_14	1122	2	0	642933	0	
2016-Jan-05 11:56:33	PI_14	1123	2	0	642933	0	
2016-Jan-05 11:56:35	PI_14	1124	2	0	642933	0	
2016-Jan-05 11:56:37	PI_14	1125	2	0	642933	0	
2016-Jan-05 11:56:39	PI_14	1126	2	0	642933	0	
2016-Jan-05 11:56:41	PI_14	1127	2	0	642933	0	
2016-Jan-05 11:56:43	PI_14	1128	2	0	642933	0	
2016-Jan-05 11:56:45	PI_14	1129	2	2	1405754	0	0,1
2016-Jan-05 11:56:47	PI_14	1130	2	0	642933	0	
2016-Jan-05 11:56:49	PI_14	1131	2	0	642933	0	
2016-Jan-05 11:56:51	PI_14	1132	2	0	642933	0	
2016-Jan-05 11:56:53	PI_14	1133	2	2	1405754	0	0,1
2016-Jan-05 11:56:55	PI_14	1134	2	2	1405754	0	0,1
2016-Jan-05 11:56:57	PI_14	1135	2	0	642933	0	
2016-Jan-05 11:56:59	PI_14	1136	2	2	1405754	0	0,1
2016-Jan-05 11:57:01	PI_14	1137	2	0	642933	0	
2016-Jan-05 11:57:03	PI_14	1138	2	0	642933	0	
2016-Jan-05 11:57:05	PI_14	1139	2	2	1405754	0	0,1
2016-Jan-05 11:57:07	PI_14	1140	2	0	642933	0	
2016-Jan-05 11:57:09	PI_14	1141	2	2	1405754	0	0,1
2016-Jan-05 11:57:11	PI_14	1142	2	0	642933	0	
2016-Jan-05 11:57:13	PI_14	1143	2	2	1405754	0	0,1
2016-Jan-05 11:57:15	PI_14	1144	2	2	1405754	0	0,1
2016-Jan-05 11:57:17	PI_14	1145	2	2	1405754	0	0,1
2016-Jan-05 11:57:19	PI_14	1146	2	2	1405754	0	0,1
2016-Jan-05 11:57:21	PI_14	1147	2	0	642933	0	
2016-Jan-05 11:57:23	PI_14	1148	2	2	1405754	0	0,1
2016-Jan-05 11:57:25	PI_14	1149	2	2	1405754	0	0,1
2016-Jan-05 11:57:27	PI_14	1150	2	0	642933	0	
2016-Jan-05 11:57:29	PI_14	1151	2	2	1405754	0	0,1
2016-Jan-05 11:57:31	PI_14	1152	2	0	642933	0	
2016-Jan-05 11:57:33	PI_14	1153	2	2	1405754	0	0,1
2016-Jan-05 11:57:35	PI_14	1154	2	0	642933	0	
2016-Jan-05 11:57:37	PI_14	1155	2	0	642933	0	
2016-Jan-05 11:57:39	PI_14	1156	2	2	1405754	0	0,1
2016-Jan-05 11:57:41	PI_14	1157	2	0	642933	0	
2016-Jan-05 11:57:43	PI_14	1158	2	0	642933	0	
2016-Jan-05 11:57:45	PI_14	1159	2	0	642933	0	
2016-Jan-05 11:57:47	PI_14	1160	2	0	642933	0	
2016-Jan-05 11:57:49	PI_14	1161	2	2	1405754	0	0,1
2016-Jan-05 11:57:51	PI_14	1162	2	0	642933	0	
2016-Jan-05 11:57:53	PI_14	1163	2	0	642933	0	
2016-Jan-05 11:57:55	PI_14	1164	2	0	642933	0	
2016-Jan-05 11:57:57	PI_14	1165	2	0	642933	0	
2016-Jan-05 11:57:59	PI_14	1166	2	0	642933	0	
2016-Jan-05 11:58:01	PI_14	1167	2	0	642933	0	
2016-Jan-05 11:58:03	PI_14	1168	2	0	642933	0	
2016-Jan-05 11:58:05	PI_14	1169	2	0	642933	0	
2016-Jan-05 11:58:07	PI_14	1170	2	0	642933	0	
2016-Jan-05 11:58:09	PI_14	1171	2	0	642933	0	
2016-Jan-05 11:58:11	PI_14	1172	2	0	642933	0	
2016-Jan-05 11:58:13	PI_14	1173	2	0	642933	0	
2016-Jan-05 11:58:15	PI_14	1174	2	0	642933	0	
2016-Jan-05 11:58:17	PI_14	1175	2	0	642933	0	
2016-Jan-05 11:58:19	PI_14	1176	2	0	642933	0	
2016-Jan-05 11:58:21	PI_14	1177	2	0	642933	0	
2016-Jan-05 11:58:23	PI_14	1178	2	0	642933	0	
2016-Jan-05 11:58:25	PI_14	1179	2	2	1405754	0	0,1
2016-Jan-05 11:58:27	PI_14	1180	2	0	642933	0	
2016-Jan-05 11:58:29	PI_14	1181	2	0	642933	0	
2016-Jan-05 11:58:31	PI_14	1182	2	2	1405754	0	0,1
2016-Jan-05 11:58:33	PI_14	1183	2	0	642933	0	
2016-Jan-05 11:58:35	PI_14	1184	2	2	1405754	0	0,1
2016-Jan-05 11:58:37	PI_14	1185	2	0	642933	0	
2016-Jan-05 11:58:39	PI_14	1186	2	2	1405754	0	0,1
2016-Jan-05 11:58:41	PI_14	1187	2	2	1405754	0	0,1
2016-Jan-05 11:58:43	PI_14	1188	2	0	642933	0	
2016-Jan-05 11:58:45	PI_14	1189	2	0	642933	0	
2016-Jan-05 11:58:47	PI_14	1190	2	2	1405754	0	0,1
2016-Jan-05 11:58:49	PI_14	1191	2	0	642933	0	
2016-Jan-05 11:58:51	PI_14	1192	2	2	1405754	0	0,1
2016-Jan-05 11:58:53	PI_14	1193	2	0	642933	0	
2016-Jan-05 11:58:55	PI_14	1194	2	0	642933	0	
2016-Jan-05 11:58:57	PI_14	1195	2	2	1405754	0	0,1
2016-Jan-05 11:58:59	PI_14	1196	2	0	642933	0	
2016-Jan-05 11:59:01	PI_14	1197	2	0	642933	0	
2016-Jan-05 11:59:03	PI_14	1198	2	0	642933	0	
2016-Jan-05 11:59:05	PI_14	1199	2	0	642933	0	
2016-Jan-05 11:59:07	PI_14	1200	2	0	642933	0	
2016-Jan-05 11:59:09	PI_14	1201	2	2	1405754	0	0,1
2016-Jan-05 11:59:11	PI_14	1202	2	0	642933	0	
2016-Jan-05 11:59:13	PI_14	1203	2	0	642933	0	
2016-Jan-05 11:59:15	PI_14	1204	2	2	1405754	0	0,1
2016-Jan-05 11:59:17	PI_14	1205	2	2	1405754	0	0,1
2016-Jan-05 11:59:19	PI_14	1206	2	0	642933	0	
2016-Jan-05 11:59:21	PI_14	1207	2	2	1405754	0	0,1
2016-Jan-05 11:59:23	PI_14	1208	2	2	1405754	0	0,1
2016-Jan-05 11:59:25	PI_14	1209	2	2	1405754	0	0,1
2016-Jan-05 11:59:27	PI_14	1210	2	2	1405754	0	0,1
2016-Jan-05 11:59:29	PI_14	1211	2	2	1405754	0	0,1
2016-Jan-05 11:59:31	PI_14	1212	2	0	642933	0	
2016-Jan-05 11:59:33	PI_14	1213	2	2	1405754	0	0,1
2016-Jan-05 11:59:35	PI_14	1214	2	0	642933	0	
2016-Jan-05 11:59:37	PI_14	1215	2	2	1405754	0	0,1
2016-Jan-05 11:59:39	PI_14	1216	2	2	1405754	0	0,1
2016-Jan-05 11:59:41	PI_14	1217	2	0	642933	0	
2016-Jan-05 11:59:43	PI_14	1218	2	2	1405754	0	0,1
2016-Jan-05 11:59:45	PI_14	1219	2	0	642933	0	
2016-Jan-05 11:59:47	PI_14	1220	2	2	1405754	0	0,1
2016-Jan-05 11:59:49	PI_14	1221	2	0	642933	0	
2016-Jan-05 11:59:51	PI_14	1222	2	2	1405754	0	0,1
2016-Jan-05 11:59:53	PI_14	1223	2	0	642933	0	
2016-Jan-05 11:59:55	PI_14	1224	2	2	1405754	0	0,1
2016-Jan-05 11:59:57	PI_14	1225	2	0	642933	0	
2016-Jan-05 11:59:59	PI_14	1226	2	2	1405754	0	0,1
2016-Jan-05 12:00:01	PI_14	1227	2	0	642933	0	
2016-Jan-05 12:00:03	PI_14	1228	2	2	1405754	0	0,1
2016-Jan-05 12:00:05	PI_14	1229	2	0	642933	0	
2016-Jan-05 12:00:07	PI_14	1230	2	2	1405754	0	0,1
2016-Jan-05 12:00:09	PI_14	1231	2	0	642933	0	
2016-Jan-05 12:00:11	PI_14	1232	2	0	642933	0	
2016-Jan-05 12:00:13	PI_14	1233	2	2	1405754	0	0,1
2016-Jan-05 12:00:15	PI_14	1234	2	0	642933	0	
2016-Jan-05 12:00:17	PI_14	1235	2	2	1405754	0	0,1
2016-Jan-05 12:00:19	PI_14	1236	2	0	642933	0	
2016-Jan-05 12:00:21	PI_14	1237	2	2	1405754	0	0,1
2016-Jan-05 12:00:23	PI_14	1238	2	0	642933	0	
2016-Jan-05 12:00:25	PI_14	1239	2	0	642933	0	
2016-Jan-05 12:00:27	PI_14	1240	2	2	1405754	0	0,1
2016-Jan-05 12:00:29	PI_14	1241	2	2	1405754	0	0,1
2016-Jan-05 12:00:31	PI_14	1242	2	0	642933	0	
2016-Jan-05 12:00:33	PI_14	1243	2	2	1405754	0	0,1
2016-Jan-05 12:00:35	PI_14	1244	2	2	1405754	0	0,1
2016-Jan-05 12:00:37	PI_14	1245	2	0	642933	0	
2016-Jan-05 12:00:39	PI_14	1246	2	0	642933	0	
2016-Jan-05 12:00:41	PI_14	1247	2	2	1405754	0	0,1
2016-Jan-05 12:00:43	PI_14	1248	2	2	1405754	0	0,1
2016-Jan-05 12:00:45	PI_14	1249	2	0	642933	0	
2016-Jan-05 12:00:47	PI_14	1250	2	0	642933	0	
2016-Jan-05 12:00:49	PI_14	1251	2	2	1405754	0	0,1
2016-Jan-05 12:00:51	PI_14	1252	2	0	642933	0	
2016-Jan-05 12:00:53	PI_14	1253	2	2	1405754	0	0,1
2016-Jan-05 12:00:55	PI_14	1254	2	2	1405754	0	0,1
2016-Jan-05 12:00:57	PI_14	1255	2	0	642933	0	
2016-Jan-05 12:00:59	PI_14	1256	2	2	1405754	0	0,1
2016-Jan-05 12:01:01	PI_14	1257	2	2	1405754	0	0,1
2016-Jan-05 12:01:03	PI_14	1258	2	0	642933	0	
2016-Jan-05 12:01:05	PI_14	1259	2	2	1405754	0	0,1
2016-Jan-05 12:01:07	PI_14	1260	2	0	642933	0	
2016-Jan-05 12:01:09	PI_14	1261	2	2	1405754	0	0,1
2016-Jan-05 12:01:11	PI_14	1262	2	0	642933	0	
2016-Jan-05 12:01:13	PI_14	1263	2	0	642933	0	
2016-Jan-05 12:01:15	PI_14	1264	2	0	642933	0	
2016-Jan-05 12:01:17	PI_14	1265	2	0	642933	0	
2016-Jan-05 12:01:19	PI_14	1266	2	0	642933	0	
2016-Jan-05 12:01:21	PI_14	1267	2	0	642933	0	
2016-Jan-05 12:01:23	PI_14	1268	2	0	642933	0	
2016-Jan-05 12:01:25	PI_14	1269	2	0	642933	0	
2016-Jan-05 12:01:27	PI_14	1270	2	2	1405754	0	0,1
2016-Jan-05 12:01:29	PI_14	1271	2	0	642933	0	
2016-Jan-05 12:01:31	PI_14	1272	2	0	642933	0	
2016-Jan-05 12:01:33	PI_14	1273	2	2	1405754	0	0,1
2016-Jan-05 12:01:35	PI_14	1274	2	0	642933	0	
2016-Jan-05 12:01:37	PI_14	1275	2	0	642933	0	
2016-Jan-05 12:01:39	PI_14	1276	2	2	1405754	0	0,1
2016-Jan-05 12:01:41	PI_14	1277	2	0	642933	0	
2016-Jan-05 12:01:43	PI_14	1278	2	0	642933	0	
2016-Jan-05 12:01:45	PI_14	1279	2	0	642933	0	
2016-Jan-05 12:01:47	PI_14	1280	2	2	1405754	0	0,1
2016-Jan-05 12:01:49	PI_14	1281	2	0	642933	0	
2016-Jan-05 12:01:51	PI_14	1282	2	0	642933	0	
2016-Jan-05 12:01:53	PI_14	1283	2	2	1405754	0	0,1
2016-Jan-05 12:01:55	PI_14	1284	2	0	642933	0	
2016-Jan-05 12:01:57	PI_14	1285	2	0	642933	0	
2016-Jan-05 12:01:59	PI_14	1286	2	2	1405754	0	0,1
2016-Jan-05 12:02:01	PI_14	1287	2	2	1405754	0	0,1
2016-Jan-05 12:02:03	PI_14	1288	2	0	642933	0	
2016-Jan-05 12:02:05	PI_14	1289	2	2	1405754	0	0,1
2016-Jan-05 12:02:07	PI_14	1290	2	2	1405754	0	0,1
2016-Jan-05 12:02:09	PI_14	1291	2	2	1405754	0	0,1
2016-Jan-05 12:02:11	PI_14	1292	2	2	1405754	0	0,1
2016-Jan-05 12:02:13	PI_14	1293	2	2	1405754	0	0,1
2016-Jan-05 12:02:15	PI_14	1294	2	0	642933	0	
2016-Jan-05 12:02:17	PI_14	1295	2	2	1405754	0	0,1
2016-Jan-05 12:02:19	PI_14	1296	2	2	1405754	0	0,1
2016-Jan-05 12:02:21	PI_14	1297	2	0	642933	0	
2016-Jan-05 12:02:23	PI_14	1298	2	2	1405754	0	0,1
2016-Jan-05 12:02:25	PI_14	1299	2	0	642933	0	
2016-Jan-05 12:02:27	PI_14	1300	2	2	1405754	0	0,1
2016-Jan-05 12:02:29	PI_14	1301	2	0	642933	0	
2016-Jan-05 12:02:31	PI_14	1302	2	0	642933	0	
2016-Jan-05 12:02:33	PI_14	1303	2	0	642933	0	
2016-Jan-05 12:02:35	PI_14	1304	2	2	1405754	0	0,1
2016-Jan-05 12:02:37	PI_14	1305	2	0	642933	0	
2016-Jan-05 12:02:39	PI_14	1306	2	0	642933	0	
2016-Jan-05 12:02:41	PI_14	1307	2	2	1405754	0	0,1
2016-Jan-05 12:02:43	PI_14	1308	2	0	642933	0	
2016-Jan-05 12:02:45	PI_14	1309	2	0	642933	0	
2016-Jan-05 12:02:47	PI_14	1310	2	0	642933	0	
2016-Jan-05 12:02:49	PI_14	1311	2	0	642933	0	
2016-Jan-05 12:02:51	PI_14	1312	2	0	642933	0	
2016-Jan-05 12:02:53	PI_14	1313	2	2	1405754	0	0,1
2016-Jan-05 12:02:55	PI_14	1314	2	0	642933	0	
2016-Jan-05 12:02:57	PI_14	1315	2	0	642933	0	
2016-Jan-05 12:02:59	PI_14	1316	2	0	642933	0	
2016-Jan-05 12:03:01	PI_14	1317	2	2	1405754	0	0,1
2016-Jan-05 12:03:03	PI_14	1318	2	0	642933	0	
2016-Jan-05 12:03:05	PI_14	1319	2	0	642933	0	
2016-Jan-05 12:03:07	PI_14	1320	2	0	642933	0	
2016-Jan-05 12:03:09	PI_14	1321	2	2	1405754	0	0,1
2016-Jan-05 12:03:11	PI_14	1322	2	0	642933	0	
2016-Jan-05 12:03:13	PI_14	1323	2	2	1405754	0	0,1
2016-Jan-05 12:03:15	PI_14	1324	2	2	1405754	0	0,1
2016-Jan-05 12:03:17	PI_14	1325	2	0	642933	0	
2016-Jan-05 12:03:19	PI_14	1326	2	2	1405754	0	0,1
2016-Jan-05 12:03:21	PI_14	1327	2	2	1405754	0	0,1
2016-Jan-05 12:03:23	PI_14	1328	2	0	642933	0	
2016-Jan-05 12:03:25	PI_14	1329	2	2	1405754	0	0,1
2016-Jan-05 12:03:27	PI_14	1330	2	0	642933	0	
2016-Jan-05 12:03:29	PI_14	1331	2	2	1405754	0	0,1
2016-Jan-05 12:03:31	PI_14	1332	2	0	642933	0	
2016-Jan-05 12:03:33	PI_14	1333	2	0	642933	0	
2016-Jan-05 12:03:35	PI_14	1334	2	2	1405754	0	0,1
2016-Jan-05 12:03:37	PI_14	1335	2	0	642933	0	
2016-Jan-05 12:03:39	PI_14	1336	2	2	1405754	0	0,1
2016-Jan-05 12:03:41	PI_14	1337	2	0	642933	0	
2016-Jan-05 12:03:43	PI_14	1338	2	0	642933	0	
2016-Jan-05 12:03:45	PI_14	1339	2	2	1405754	0	0,1
2016-Jan-05 12:03:47	PI_14	1340	2	0	642933	0	
2016-Jan-05 12:03:49	PI_14	1341	2	2	1405754	0	0,1
2016-Jan-05 12:03:51	PI_14	1342	2	0	642933	0	
2016-Jan-05 12:03:53	PI_14	1343	2	0	642933	0	
2016-Jan-05 12:03:55	PI_14	1344	2	2	1405754	0	0,1
2016-Jan-05 12:03:57	PI_14	1345	2	0	642933	0	
2016-Jan-05 12:03:59	PI_14	1346	2	2	1405754	0	0,1
2016-Jan-05 12:04:01	PI_14	1347	2	0	642933	0	
2016-Jan-05 12:04:03	PI_14	1348	2	2	1405754	0	0,1
2016-Jan-05 12:04:05	PI_14	1349	2	0	642933	0	
2016-Jan-05 12:04:07	PI_14	1350	2	0	642933	0	
2016-Jan-05 12:04:09	PI_14	1351	2	0	642933	0	
2016-Jan-05 12:04:11	PI_14	1352	2	0	642933	0	
2016-Jan-05 12:04:13	PI_14	1353	2	0	642933	0	
2016-Jan-05 12:04:15	PI_14	1354	2	0	642933	0	
2016-Jan-05 12:04:17	PI_14	1355	2	2	1405754	0	0,1
2016-Jan-05 12:04:19	PI_14	1356	2	0	642933	0	
2016-Jan-05 12:04:21	PI_14	1357	2	0	642933	0	
2016-Jan-05 12:04:23	PI_14	1358	2	0	642933	0	
2016-Jan-05 12:04:25	PI_14	1359	2	0	642933	0	
2016-Jan-05 12:04:27	PI_14	1360	2	0	642933	0	
2016-Jan-05 12:04:29	PI_14	1361	2	0	642933	0	
2016-Jan-05 12:04:31	PI_14	1362	2	2	1405754	0	0,1
2016-Jan-05 12:04:33	PI_14	1363	2	0	642933	0	
2016-Jan-05 12:04:35	PI_14	1364	2	0	642933	0	
2016-Jan-05 12:04:37	PI_14	1365	2	0	642933	0	
2016-Jan-05 12:04:39	PI_14	1366	2	2	1405754	0	0,1
2016-Jan-05 12:04:41	PI_14	1367	2	0	642933	0	
2016-Jan-05 12:04:43	PI_14	1368	2	0	642933	0	
2016-Jan-05 12:04:45	PI_14	1369	2	0	642933	0	
2016-Jan-05 12:04:47	PI_14	1370	2	2	1405754	0	0,1
2016-Jan-05 12:04:49	PI_14	1371	2	0	642933	0	
2016-Jan-05 12:04:51	PI_14	1372	2	0	642933	0	
2016-Jan-05 12:04:53	PI_14	1373	2	2	1405754	0	0,1
2016-Jan-05 12:04:55	PI_14	1374	2	0	642933	0	
2016-Jan-05 12:04:57	PI_14	1375	2	0	642933	0	
2016-Jan-05 12:04:59	PI_14	1376	2	2	1405754	0	0,1
2016-Jan-05 12:05:01	PI_14	1377	2	2	1405754	0	0,1
2016-Jan-05 12:05:03	PI_14	1378	2	2	1405754	0	0,1
2016-Jan-05 12:05:05	PI_14	1379	2	0	642933	0	
2016-Jan-05 12:05:07	PI_14	1380	2	2	1405754	0	0,1
2016-Jan-05 12:05:09	PI_14	1381	2	2	1405754	0	0,1
2016-Jan-05 12:05:11	PI_14	1382	2	2	1405754	0	0,1
2016-Jan-05 12:05:13	PI_14	1383	2	2	1405754	0	0,1
2016-Jan-05 12:05:15	PI_14	1384	2	2	1405754	0	0,1
2016-Jan-05 12:05:17	PI_14	1385	2	2	1405754	0	0,1
2016-Jan-05 12:05:19	PI_14	1386	2	2	1405754	0	0,1
2016-Jan-05 12:05:21	PI_14	1387	2	2	1405754	0	0,1
2016-Jan-05 12:05:23	PI_14	1388	2	2	1405754	0	0,1
2016-Jan-05 12:05:25	PI_14	1389	2	2	1405754	0	0,1
2016-Jan-05 12:05:27	PI_14	1390	2	2	1405754	0	0,1
2016-Jan-05 12:05:29	PI_14	1391	2	2	1405754	0	0,1
2016-Jan-05 12:05:31	PI_14	1392	2	2	1405754	0	0,1
2016-Jan-05 12:05:33	PI_14	1393	2	2	1405754	0	0,1
2016-Jan-05 12:05:35	PI_14	1394	2	2	1405754	0	0,1
2016-Jan-05 12:05:37	PI_14	1395	2	2	1405754	0	0,1
2016-Jan-05 12:05:39	PI_14	1396	2	1	997955	0	0
2016-Jan-05 12:05:41	PI_14	1397	2	2	1405754	0	0,1
2016-Jan-05 12:05:43	PI_14	1398	2	2	1405754	0	0,1
2016-Jan-05 12:05:45	PI_14	1399	2	2	1405754	0	0,1
2016-Jan-05 12:05:47	PI_14	1400	2	2	1405754	0	0,1
2016-Jan-05 12:05:49	PI_14	1401	2	2	1405754	0	0,1
2016-Jan-05 12:05:51	PI_14	1402	2	2	1405754	0	0,1
2016-Jan-05 12:05:53	PI_14	1403	2	2	1405754	0	0,1
2016-Jan-05 12:05:55	PI_14	1404	2	2	1405754	0	0,1
2016-Jan-05 12:05:57	PI_14	1405	2	0	642933	0	
2016-Jan-05 12:05:59	PI_14	1406	2	0	642933	0	
2016-Jan-05 12:06:01	PI_14	1407	2	0	642933	0	
2016-Jan-05 12:06:03	PI_14	1408	2	0	642933	0	
2016-Jan-05 12:06:05	PI_14	1409	2	0	642933	0	
2016-Jan-05 12:06:07	PI_14	1410	2	0	642933	0	
2016-Jan-05 12:06:09	PI_14	1411	2	0	642933	0	
2016-Jan-05 12:06:11	PI_14	1412	2	0	642933	0	
2016-Jan-05 12:06:13	PI_14	1413	2	0	642933	0	
2016-Jan-05 12:06:15	PI_14	1414	2	0	642933	0	
2016-Jan-05 12:06:17	PI_14	1415	2	0	642933	0	
2016-Jan-05 12:06:19	PI_14	1416	2	0	642933	0	
2016-Jan-05 12:06:21	PI_14	1417	2	2	1405754	0	0,1
2016-Jan-05 12:06:23	PI_14	1418	2	0	642933	0	
2016-Jan-05 12:06:25	PI_14	1419	2	0	642933	0	
2016-Jan-05 12:06:27	PI_14	1420	2	0	642933	0	
2016-Jan-05 12:06:29	PI_14	1421	2	0	642933	0	
2016-Jan-05 12:06:31	PI_14	1422	2	0	642933	0	
2016-Jan-05 12:06:33	PI_14	1423	2	0	642933	0	
2016-Jan-05 12:06:35	PI_14	1424	2	0	642933	0	
2016-Jan-05 12:06:37	PI_14	1425	2	0	642933	0	
2016-Jan-05 12:06:39	PI_14	1426	2	0	642933	0	
2016-Jan-05 12:06:41	PI_14	1427	2	2	1405754	0	0,1
2016-Jan-05 12:06:43	PI_14	1428	2	0	642933	0	
2016-Jan-05 12:06:45	PI_14	1429	2	0	642933	0	
2016-Jan-05 12:06:47	PI_14	1430	2	2	1405754	0	0,1
2016-Jan-05 12:06:49	PI_14	1431	2	0	642933	0	
2016-Jan-05 12:06:51	PI_14	1432	2	2	1405754	0	0,1
2016-Jan-05 12:06:53	PI_14	1433	2	2	1405754	0	0,1
2016-Jan-05 12:06:55	PI_14	1434	2	2	1405754	0	0,1
