Time	Node	SegmentNumber	SegmentDuration(sec)	SegmentRepID	SegmentBitrate(bit/s)	StallingTime(msec)	SegmentDepIds
2016-Jan-05 11:19:00	PI_12	0	2	0	642933	1000	
2016-Jan-05 11:19:02	PI_12	1	2	0	642933	0	
2016-Jan-05 11:19:04	PI_12	2	2	0	642933	0	
2016-Jan-05 11:19:06	PI_12	3	2	0	642933	0	
2016-Jan-05 11:19:08	PI_12	4	2	0	642933	0	
2016-Jan-05 11:19:10	PI_12	5	2	0	642933	0	
2016-Jan-05 11:19:12	PI_12	6	2	0	642933	0	
2016-Jan-05 11:19:14	PI_12	7	2	0	642933	0	
2016-Jan-05 11:19:16	PI_12	8	2	0	642933	0	
2016-Jan-05 11:19:18	PI_12	9	2	0	642933	0	
2016-Jan-05 11:19:20	PI_12	10	2	0	642933	0	
2016-Jan-05 11:19:22	PI_12	11	2	0	642933	0	
2016-Jan-05 11:19:24	PI_12	12	2	0	642933	0	
2016-Jan-05 11:19:26	PI_12	13	2	0	642933	0	
2016-Jan-05 11:19:28	PI_12	14	2	0	642933	0	
2016-Jan-05 11:19:30	PI_12	15	2	0	642933	0	
2016-Jan-05 11:19:32	PI_12	16	2	2	1405754	0	0,1
2016-Jan-05 11:19:34	PI_12	17	2	0	642933	0	
2016-Jan-05 11:19:36	PI_12	18	2	0	642933	0	
2016-Jan-05 11:19:38	PI_12	19	2	2	1405754	0	0,1
2016-Jan-05 11:19:40	PI_12	20	2	0	642933	0	
2016-Jan-05 11:19:42	PI_12	21	2	2	1405754	0	0,1
2016-Jan-05 11:19:44	PI_12	22	2	0	642933	0	
2016-Jan-05 11:19:46	PI_12	23	2	2	1405754	0	0,1
2016-Jan-05 11:19:48	PI_12	24	2	0	642933	0	
2016-Jan-05 11:19:50	PI_12	25	2	0	642933	0	
2016-Jan-05 11:19:52	PI_12	26	2	2	1405754	0	0,1
2016-Jan-05 11:19:54	PI_12	27	2	0	642933	0	
2016-Jan-05 11:19:56	PI_12	28	2	0	642933	0	
2016-Jan-05 11:19:58	PI_12	29	2	2	1405754	0	0,1
2016-Jan-05 11:20:00	PI_12	30	2	2	1405754	0	0,1
2016-Jan-05 11:20:02	PI_12	31	2	0	642933	0	
2016-Jan-05 11:20:04	PI_12	32	2	2	1405754	0	0,1
2016-Jan-05 11:20:06	PI_12	33	2	0	642933	0	
2016-Jan-05 11:20:08	PI_12	34	2	2	1405754	0	0,1
2016-Jan-05 11:20:10	PI_12	35	2	0	642933	0	
2016-Jan-05 11:20:12	PI_12	36	2	2	1405754	0	0,1
2016-Jan-05 11:20:14	PI_12	37	2	0	642933	0	
2016-Jan-05 11:20:16	PI_12	38	2	2	1405754	0	0,1
2016-Jan-05 11:20:18	PI_12	39	2	0	642933	0	
2016-Jan-05 11:20:20	PI_12	40	2	0	642933	0	
2016-Jan-05 11:20:22	PI_12	41	2	0	642933	0	
2016-Jan-05 11:20:24	PI_12	42	2	0	642933	0	
2016-Jan-05 11:20:26	PI_12	43	2	2	1405754	0	0,1
2016-Jan-05 11:20:28	PI_12	44	2	0	642933	0	
2016-Jan-05 11:20:30	PI_12	45	2	2	1405754	0	0,1
2016-Jan-05 11:20:32	PI_12	46	2	0	642933	0	
2016-Jan-05 11:20:34	PI_12	47	2	2	1405754	0	0,1
2016-Jan-05 11:20:36	PI_12	48	2	2	1405754	0	0,1
2016-Jan-05 11:20:38	PI_12	49	2	0	642933	0	
2016-Jan-05 11:20:40	PI_12	50	2	2	1405754	0	0,1
2016-Jan-05 11:20:42	PI_12	51	2	0	642933	0	
2016-Jan-05 11:20:44	PI_12	52	2	2	1405754	0	0,1
2016-Jan-05 11:20:46	PI_12	53	2	0	642933	0	
2016-Jan-05 11:20:48	PI_12	54	2	2	1405754	0	0,1
2016-Jan-05 11:20:50	PI_12	55	2	0	642933	0	
2016-Jan-05 11:20:52	PI_12	56	2	2	1405754	0	0,1
2016-Jan-05 11:20:54	PI_12	57	2	0	642933	0	
2016-Jan-05 11:20:56	PI_12	58	2	0	642933	0	
2016-Jan-05 11:20:58	PI_12	59	2	2	1405754	0	0,1
2016-Jan-05 11:21:00	PI_12	60	2	0	642933	0	
2016-Jan-05 11:21:02	PI_12	61	2	0	642933	0	
2016-Jan-05 11:21:04	PI_12	62	2	0	642933	0	
2016-Jan-05 11:21:06	PI_12	63	2	2	1405754	0	0,1
2016-Jan-05 11:21:08	PI_12	64	2	0	642933	0	
2016-Jan-05 11:21:10	PI_12	65	2	2	1405754	0	0,1
2016-Jan-05 11:21:12	PI_12	66	2	0	642933	0	
2016-Jan-05 11:21:14	PI_12	67	2	2	1405754	0	0,1
2016-Jan-05 11:21:16	PI_12	68	2	0	642933	0	
2016-Jan-05 11:21:18	PI_12	69	2	0	642933	0	
2016-Jan-05 11:21:20	PI_12	70	2	2	1405754	0	0,1
2016-Jan-05 11:21:22	PI_12	71	2	0	642933	0	
2016-Jan-05 11:21:24	PI_12	72	2	0	642933	0	
2016-Jan-05 11:21:26	PI_12	73	2	2	1405754	0	0,1
2016-Jan-05 11:21:28	PI_12	74	2	0	642933	0	
2016-Jan-05 11:21:30	PI_12	75	2	2	1405754	0	0,1
2016-Jan-05 11:21:32	PI_12	76	2	0	642933	0	
2016-Jan-05 11:21:34	PI_12	77	2	0	642933	0	
2016-Jan-05 11:21:36	PI_12	78	2	2	1405754	0	0,1
2016-Jan-05 11:21:38	PI_12	79	2	2	1405754	0	0,1
2016-Jan-05 11:21:40	PI_12	80	2	0	642933	0	
2016-Jan-05 11:21:42	PI_12	81	2	2	1405754	0	0,1
2016-Jan-05 11:21:44	PI_12	82	2	0	642933	0	
2016-Jan-05 11:21:46	PI_12	83	2	0	642933	0	
2016-Jan-05 11:21:48	PI_12	84	2	2	1405754	0	0,1
2016-Jan-05 11:21:50	PI_12	85	2	0	642933	0	
2016-Jan-05 11:21:52	PI_12	86	2	2	1405754	0	0,1
2016-Jan-05 11:21:54	PI_12	87	2	2	1405754	0	0,1
2016-Jan-05 11:21:56	PI_12	88	2	0	642933	0	
2016-Jan-05 11:21:58	PI_12	89	2	0	642933	0	
2016-Jan-05 11:22:00	PI_12	90	2	2	1405754	0	0,1
2016-Jan-05 11:22:02	PI_12	91	2	0	642933	0	
2016-Jan-05 11:22:04	PI_12	92	2	0	642933	0	
2016-Jan-05 11:22:06	PI_12	93	2	0	642933	0	
2016-Jan-05 11:22:08	PI_12	94	2	0	642933	0	
2016-Jan-05 11:22:10	PI_12	95	2	2	1405754	0	0,1
2016-Jan-05 11:22:12	PI_12	96	2	1	997955	0	0
2016-Jan-05 11:22:14	PI_12	97	2	0	642933	0	
2016-Jan-05 11:22:16	PI_12	98	2	2	1405754	0	0,1
2016-Jan-05 11:22:18	PI_12	99	2	0	642933	0	
2016-Jan-05 11:22:20	PI_12	100	2	2	1405754	0	0,1
2016-Jan-05 11:22:22	PI_12	101	2	0	642933	0	
2016-Jan-05 11:22:24	PI_12	102	2	2	1405754	0	0,1
2016-Jan-05 11:22:26	PI_12	103	2	0	642933	0	
2016-Jan-05 11:22:28	PI_12	104	2	2	1405754	0	0,1
2016-Jan-05 11:22:30	PI_12	105	2	0	642933	0	
2016-Jan-05 11:22:32	PI_12	106	2	0	642933	0	
2016-Jan-05 11:22:34	PI_12	107	2	0	642933	0	
2016-Jan-05 11:22:36	PI_12	108	2	0	642933	0	
2016-Jan-05 11:22:38	PI_12	109	2	2	1405754	0	0,1
2016-Jan-05 11:22:40	PI_12	110	2	0	642933	0	
2016-Jan-05 11:22:42	PI_12	111	2	2	1405754	0	0,1
2016-Jan-05 11:22:44	PI_12	112	2	2	1405754	0	0,1
2016-Jan-05 11:22:46	PI_12	113	2	0	642933	0	
2016-Jan-05 11:22:48	PI_12	114	2	2	1405754	0	0,1
2016-Jan-05 11:22:50	PI_12	115	2	0	642933	0	
2016-Jan-05 11:22:52	PI_12	116	2	2	1405754	0	0,1
2016-Jan-05 11:22:54	PI_12	117	2	0	642933	0	
2016-Jan-05 11:22:56	PI_12	118	2	2	1405754	0	0,1
2016-Jan-05 11:22:58	PI_12	119	2	0	642933	0	
2016-Jan-05 11:23:00	PI_12	120	2	2	1405754	0	0,1
2016-Jan-05 11:23:02	PI_12	121	2	0	642933	0	
2016-Jan-05 11:23:04	PI_12	122	2	0	642933	0	
2016-Jan-05 11:23:06	PI_12	123	2	2	1405754	0	0,1
2016-Jan-05 11:23:08	PI_12	124	2	0	642933	0	
2016-Jan-05 11:23:10	PI_12	125	2	0	642933	0	
2016-Jan-05 11:23:12	PI_12	126	2	0	642933	0	
2016-Jan-05 11:23:14	PI_12	127	2	2	1405754	0	0,1
2016-Jan-05 11:23:16	PI_12	128	2	0	642933	0	
2016-Jan-05 11:23:18	PI_12	129	2	2	1405754	0	0,1
2016-Jan-05 11:23:20	PI_12	130	2	0	642933	0	
2016-Jan-05 11:23:22	PI_12	131	2	0	642933	0	
2016-Jan-05 11:23:24	PI_12	132	2	2	1405754	0	0,1
2016-Jan-05 11:23:26	PI_12	133	2	2	1405754	0	0,1
2016-Jan-05 11:23:28	PI_12	134	2	0	642933	0	
2016-Jan-05 11:23:30	PI_12	135	2	2	1405754	0	0,1
2016-Jan-05 11:23:32	PI_12	136	2	0	642933	0	
2016-Jan-05 11:23:34	PI_12	137	2	0	642933	0	
2016-Jan-05 11:23:36	PI_12	138	2	0	642933	0	
2016-Jan-05 11:23:38	PI_12	139	2	0	642933	0	
2016-Jan-05 11:23:40	PI_12	140	2	0	642933	0	
2016-Jan-05 11:23:42	PI_12	141	2	2	1405754	0	0,1
2016-Jan-05 11:23:44	PI_12	142	2	2	1405754	0	0,1
2016-Jan-05 11:23:46	PI_12	143	2	0	642933	0	
2016-Jan-05 11:23:48	PI_12	144	2	2	1405754	0	0,1
2016-Jan-05 11:23:50	PI_12	145	2	2	1405754	0	0,1
2016-Jan-05 11:23:52	PI_12	146	2	0	642933	0	
2016-Jan-05 11:23:54	PI_12	147	2	2	1405754	0	0,1
2016-Jan-05 11:23:56	PI_12	148	2	0	642933	0	
2016-Jan-05 11:23:58	PI_12	149	2	0	642933	0	
2016-Jan-05 11:24:00	PI_12	150	2	2	1405754	0	0,1
2016-Jan-05 11:24:02	PI_12	151	2	0	642933	0	
2016-Jan-05 11:24:04	PI_12	152	2	0	642933	0	
2016-Jan-05 11:24:06	PI_12	153	2	2	1405754	0	0,1
2016-Jan-05 11:24:08	PI_12	154	2	0	642933	0	
2016-Jan-05 11:24:10	PI_12	155	2	2	1405754	0	0,1
2016-Jan-05 11:24:12	PI_12	156	2	0	642933	0	
2016-Jan-05 11:24:14	PI_12	157	2	0	642933	0	
2016-Jan-05 11:24:16	PI_12	158	2	2	1405754	0	0,1
2016-Jan-05 11:24:18	PI_12	159	2	0	642933	0	
2016-Jan-05 11:24:20	PI_12	160	2	0	642933	0	
2016-Jan-05 11:24:22	PI_12	161	2	0	642933	0	
2016-Jan-05 11:24:24	PI_12	162	2	2	1405754	0	0,1
2016-Jan-05 11:24:26	PI_12	163	2	0	642933	0	
2016-Jan-05 11:24:28	PI_12	164	2	2	1405754	0	0,1
2016-Jan-05 11:24:30	PI_12	165	2	0	642933	0	
2016-Jan-05 11:24:32	PI_12	166	2	0	642933	0	
2016-Jan-05 11:24:34	PI_12	167	2	2	1405754	0	0,1
2016-Jan-05 11:24:36	PI_12	168	2	0	642933	0	
2016-Jan-05 11:24:38	PI_12	169	2	2	1405754	0	0,1
2016-Jan-05 11:24:40	PI_12	170	2	2	1405754	0	0,1
2016-Jan-05 11:24:42	PI_12	171	2	0	642933	0	
2016-Jan-05 11:24:44	PI_12	172	2	2	1405754	0	0,1
2016-Jan-05 11:24:46	PI_12	173	2	0	642933	0	
2016-Jan-05 11:24:48	PI_12	174	2	0	642933	0	
2016-Jan-05 11:24:50	PI_12	175	2	0	642933	0	
2016-Jan-05 11:24:52	PI_12	176	2	0	642933	0	
2016-Jan-05 11:24:54	PI_12	177	2	0	642933	0	
2016-Jan-05 11:24:56	PI_12	178	2	0	642933	0	
2016-Jan-05 11:24:58	PI_12	179	2	2	1405754	0	0,1
2016-Jan-05 11:25:00	PI_12	180	2	0	642933	0	
2016-Jan-05 11:25:02	PI_12	181	2	0	642933	0	
2016-Jan-05 11:25:04	PI_12	182	2	0	642933	0	
2016-Jan-05 11:25:06	PI_12	183	2	0	642933	0	
2016-Jan-05 11:25:08	PI_12	184	2	2	1405754	0	0,1
2016-Jan-05 11:25:10	PI_12	185	2	0	642933	0	
2016-Jan-05 11:25:12	PI_12	186	2	2	1405754	0	0,1
2016-Jan-05 11:25:14	PI_12	187	2	0	642933	0	
2016-Jan-05 11:25:16	PI_12	188	2	2	1405754	0	0,1
2016-Jan-05 11:25:18	PI_12	189	2	2	1405754	0	0,1
2016-Jan-05 11:25:20	PI_12	190	2	0	642933	0	
2016-Jan-05 11:25:22	PI_12	191	2	0	642933	0	
2016-Jan-05 11:25:24	PI_12	192	2	2	1405754	0	0,1
2016-Jan-05 11:25:26	PI_12	193	2	2	1405754	0	0,1
2016-Jan-05 11:25:28	PI_12	194	2	2	1405754	0	0,1
2016-Jan-05 11:25:30	PI_12	195	2	0	642933	0	
2016-Jan-05 11:25:32	PI_12	196	2	2	1405754	0	0,1
2016-Jan-05 11:25:34	PI_12	197	2	0	642933	0	
2016-Jan-05 11:25:36	PI_12	198	2	0	642933	0	
2016-Jan-05 11:25:38	PI_12	199	2	2	1405754	0	0,1
2016-Jan-05 11:25:40	PI_12	200	2	0	642933	0	
2016-Jan-05 11:25:42	PI_12	201	2	2	1405754	0	0,1
2016-Jan-05 11:25:44	PI_12	202	2	0	642933	0	
2016-Jan-05 11:25:46	PI_12	203	2	2	1405754	0	0,1
2016-Jan-05 11:25:48	PI_12	204	2	0	642933	0	
2016-Jan-05 11:25:50	PI_12	205	2	2	1405754	0	0,1
2016-Jan-05 11:25:52	PI_12	206	2	0	642933	0	
2016-Jan-05 11:25:54	PI_12	207	2	0	642933	0	
2016-Jan-05 11:25:56	PI_12	208	2	2	1405754	0	0,1
2016-Jan-05 11:25:58	PI_12	209	2	0	642933	0	
2016-Jan-05 11:26:00	PI_12	210	2	2	1405754	0	0,1
2016-Jan-05 11:26:02	PI_12	211	2	0	642933	0	
2016-Jan-05 11:26:04	PI_12	212	2	0	642933	0	
2016-Jan-05 11:26:06	PI_12	213	2	0	642933	0	
2016-Jan-05 11:26:08	PI_12	214	2	0	642933	0	
2016-Jan-05 11:26:10	PI_12	215	2	0	642933	0	
2016-Jan-05 11:26:12	PI_12	216	2	0	642933	0	
2016-Jan-05 11:26:14	PI_12	217	2	0	642933	0	
2016-Jan-05 11:26:16	PI_12	218	2	0	642933	0	
2016-Jan-05 11:26:18	PI_12	219	2	2	1405754	0	0,1
2016-Jan-05 11:26:20	PI_12	220	2	0	642933	0	
2016-Jan-05 11:26:22	PI_12	221	2	2	1405754	0	0,1
2016-Jan-05 11:26:24	PI_12	222	2	0	642933	0	
2016-Jan-05 11:26:26	PI_12	223	2	2	1405754	0	0,1
2016-Jan-05 11:26:28	PI_12	224	2	0	642933	0	
2016-Jan-05 11:26:30	PI_12	225	2	2	1405754	0	0,1
2016-Jan-05 11:26:32	PI_12	226	2	2	1405754	0	0,1
2016-Jan-05 11:26:34	PI_12	227	2	0	642933	0	
2016-Jan-05 11:26:36	PI_12	228	2	2	1405754	0	0,1
2016-Jan-05 11:26:38	PI_12	229	2	2	1405754	0	0,1
2016-Jan-05 11:26:40	PI_12	230	2	2	1405754	0	0,1
2016-Jan-05 11:26:42	PI_12	231	2	0	642933	0	
2016-Jan-05 11:26:44	PI_12	232	2	2	1405754	0	0,1
2016-Jan-05 11:26:46	PI_12	233	2	2	1405754	0	0,1
2016-Jan-05 11:26:48	PI_12	234	2	0	642933	0	
2016-Jan-05 11:26:50	PI_12	235	2	2	1405754	0	0,1
2016-Jan-05 11:26:52	PI_12	236	2	0	642933	0	
2016-Jan-05 11:26:54	PI_12	237	2	2	1405754	0	0,1
2016-Jan-05 11:26:56	PI_12	238	2	2	1405754	0	0,1
2016-Jan-05 11:26:58	PI_12	239	2	2	1405754	0	0,1
2016-Jan-05 11:27:00	PI_12	240	2	0	642933	0	
2016-Jan-05 11:27:02	PI_12	241	2	2	1405754	0	0,1
2016-Jan-05 11:27:04	PI_12	242	2	1	997955	0	0
2016-Jan-05 11:27:06	PI_12	243	2	2	1405754	0	0,1
2016-Jan-05 11:27:08	PI_12	244	2	2	1405754	0	0,1
2016-Jan-05 11:27:10	PI_12	245	2	0	642933	0	
2016-Jan-05 11:27:12	PI_12	246	2	2	1405754	0	0,1
2016-Jan-05 11:27:14	PI_12	247	2	2	1405754	0	0,1
2016-Jan-05 11:27:16	PI_12	248	2	2	1405754	0	0,1
2016-Jan-05 11:27:18	PI_12	249	2	0	642933	0	
2016-Jan-05 11:27:20	PI_12	250	2	2	1405754	0	0,1
2016-Jan-05 11:27:22	PI_12	251	2	0	642933	0	
2016-Jan-05 11:27:24	PI_12	252	2	0	642933	0	
2016-Jan-05 11:27:26	PI_12	253	2	2	1405754	0	0,1
2016-Jan-05 11:27:28	PI_12	254	2	0	642933	0	
2016-Jan-05 11:27:30	PI_12	255	2	0	642933	0	
2016-Jan-05 11:27:32	PI_12	256	2	0	642933	0	
2016-Jan-05 11:27:34	PI_12	257	2	2	1405754	0	0,1
2016-Jan-05 11:27:36	PI_12	258	2	0	642933	0	
2016-Jan-05 11:27:38	PI_12	259	2	0	642933	0	
2016-Jan-05 11:27:40	PI_12	260	2	2	1405754	0	0,1
2016-Jan-05 11:27:42	PI_12	261	2	0	642933	0	
2016-Jan-05 11:27:44	PI_12	262	2	0	642933	0	
2016-Jan-05 11:27:46	PI_12	263	2	0	642933	0	
2016-Jan-05 11:27:48	PI_12	264	2	2	1405754	0	0,1
2016-Jan-05 11:27:50	PI_12	265	2	0	642933	0	
2016-Jan-05 11:27:52	PI_12	266	2	0	642933	0	
2016-Jan-05 11:27:54	PI_12	267	2	2	1405754	0	0,1
2016-Jan-05 11:27:56	PI_12	268	2	0	642933	0	
2016-Jan-05 11:27:58	PI_12	269	2	0	642933	0	
2016-Jan-05 11:28:00	PI_12	270	2	0	642933	0	
2016-Jan-05 11:28:02	PI_12	271	2	0	642933	0	
2016-Jan-05 11:28:04	PI_12	272	2	0	642933	0	
2016-Jan-05 11:28:06	PI_12	273	2	0	642933	0	
2016-Jan-05 11:28:08	PI_12	274	2	0	642933	0	
2016-Jan-05 11:28:10	PI_12	275	2	0	642933	0	
2016-Jan-05 11:28:12	PI_12	276	2	2	1405754	0	0,1
2016-Jan-05 11:28:14	PI_12	277	2	0	642933	0	
2016-Jan-05 11:28:16	PI_12	278	2	0	642933	0	
2016-Jan-05 11:28:18	PI_12	279	2	0	642933	0	
2016-Jan-05 11:28:20	PI_12	280	2	0	642933	0	
2016-Jan-05 11:28:22	PI_12	281	2	0	642933	0	
2016-Jan-05 11:28:24	PI_12	282	2	2	1405754	0	0,1
2016-Jan-05 11:28:26	PI_12	283	2	0	642933	0	
2016-Jan-05 11:28:28	PI_12	284	2	2	1405754	0	0,1
2016-Jan-05 11:28:30	PI_12	285	2	2	1405754	0	0,1
2016-Jan-05 11:28:32	PI_12	286	2	2	1405754	0	0,1
2016-Jan-05 11:28:34	PI_12	287	2	0	642933	0	
2016-Jan-05 11:28:36	PI_12	288	2	2	1405754	0	0,1
2016-Jan-05 11:28:38	PI_12	289	2	1	997955	0	0
2016-Jan-05 11:28:40	PI_12	290	2	1	997955	0	0
2016-Jan-05 11:28:42	PI_12	291	2	2	1405754	0	0,1
2016-Jan-05 11:28:44	PI_12	292	2	2	1405754	0	0,1
2016-Jan-05 11:28:46	PI_12	293	2	2	1405754	0	0,1
2016-Jan-05 11:28:48	PI_12	294	2	2	1405754	0	0,1
2016-Jan-05 11:28:50	PI_12	295	2	0	642933	0	
2016-Jan-05 11:28:52	PI_12	296	2	0	642933	0	
2016-Jan-05 11:28:54	PI_12	297	2	2	1405754	0	0,1
2016-Jan-05 11:28:56	PI_12	298	2	0	642933	0	
2016-Jan-05 11:28:58	PI_12	299	2	2	1405754	0	0,1
2016-Jan-05 11:29:00	PI_12	300	2	0	642933	0	
2016-Jan-05 11:29:02	PI_12	301	2	0	642933	0	
2016-Jan-05 11:29:04	PI_12	302	2	0	642933	0	
2016-Jan-05 11:29:06	PI_12	303	2	1	997955	0	0
2016-Jan-05 11:29:08	PI_12	304	2	1	997955	0	0
2016-Jan-05 11:29:10	PI_12	305	2	2	1405754	0	0,1
2016-Jan-05 11:29:12	PI_12	306	2	0	642933	0	
2016-Jan-05 11:29:14	PI_12	307	2	2	1405754	0	0,1
2016-Jan-05 11:29:16	PI_12	308	2	2	1405754	0	0,1
2016-Jan-05 11:29:18	PI_12	309	2	0	642933	0	
2016-Jan-05 11:29:20	PI_12	310	2	1	997955	0	0
2016-Jan-05 11:29:22	PI_12	311	2	2	1405754	0	0,1
2016-Jan-05 11:29:24	PI_12	312	2	2	1405754	0	0,1
2016-Jan-05 11:29:26	PI_12	313	2	0	642933	0	
2016-Jan-05 11:29:28	PI_12	314	2	2	1405754	0	0,1
2016-Jan-05 11:29:30	PI_12	315	2	0	642933	0	
2016-Jan-05 11:29:32	PI_12	316	2	2	1405754	0	0,1
2016-Jan-05 11:29:34	PI_12	317	2	2	1405754	0	0,1
2016-Jan-05 11:29:36	PI_12	318	2	0	642933	0	
2016-Jan-05 11:29:38	PI_12	319	2	0	642933	0	
2016-Jan-05 11:29:40	PI_12	320	2	2	1405754	0	0,1
2016-Jan-05 11:29:42	PI_12	321	2	0	642933	0	
2016-Jan-05 11:29:44	PI_12	322	2	0	642933	0	
2016-Jan-05 11:29:46	PI_12	323	2	0	642933	0	
2016-Jan-05 11:29:48	PI_12	324	2	0	642933	0	
2016-Jan-05 11:29:50	PI_12	325	2	2	1405754	0	0,1
2016-Jan-05 11:29:52	PI_12	326	2	0	642933	0	
2016-Jan-05 11:29:54	PI_12	327	2	2	1405754	0	0,1
2016-Jan-05 11:29:56	PI_12	328	2	0	642933	0	
2016-Jan-05 11:29:58	PI_12	329	2	2	1405754	0	0,1
2016-Jan-05 11:30:00	PI_12	330	2	0	642933	0	
2016-Jan-05 11:30:02	PI_12	331	2	2	1405754	0	0,1
2016-Jan-05 11:30:04	PI_12	332	2	1	997955	0	0
2016-Jan-05 11:30:06	PI_12	333	2	1	997955	0	0
2016-Jan-05 11:30:08	PI_12	334	2	1	997955	0	0
2016-Jan-05 11:30:10	PI_12	335	2	2	1405754	0	0,1
2016-Jan-05 11:30:12	PI_12	336	2	2	1405754	0	0,1
2016-Jan-05 11:30:14	PI_12	337	2	0	642933	0	
2016-Jan-05 11:30:16	PI_12	338	2	2	1405754	0	0,1
2016-Jan-05 11:30:18	PI_12	339	2	0	642933	0	
2016-Jan-05 11:30:20	PI_12	340	2	2	1405754	0	0,1
2016-Jan-05 11:30:22	PI_12	341	2	0	642933	0	
2016-Jan-05 11:30:24	PI_12	342	2	2	1405754	0	0,1
2016-Jan-05 11:30:26	PI_12	343	2	0	642933	0	
2016-Jan-05 11:30:28	PI_12	344	2	0	642933	0	
2016-Jan-05 11:30:30	PI_12	345	2	2	1405754	0	0,1
2016-Jan-05 11:30:32	PI_12	346	2	2	1405754	0	0,1
2016-Jan-05 11:30:34	PI_12	347	2	0	642933	0	
2016-Jan-05 11:30:36	PI_12	348	2	2	1405754	0	0,1
2016-Jan-05 11:30:38	PI_12	349	2	0	642933	0	
2016-Jan-05 11:30:40	PI_12	350	2	2	1405754	0	0,1
2016-Jan-05 11:30:42	PI_12	351	2	0	642933	0	
2016-Jan-05 11:30:44	PI_12	352	2	2	1405754	0	0,1
2016-Jan-05 11:30:46	PI_12	353	2	0	642933	0	
2016-Jan-05 11:30:48	PI_12	354	2	0	642933	0	
2016-Jan-05 11:30:50	PI_12	355	2	2	1405754	0	0,1
2016-Jan-05 11:30:52	PI_12	356	2	0	642933	0	
2016-Jan-05 11:30:54	PI_12	357	2	2	1405754	0	0,1
2016-Jan-05 11:30:56	PI_12	358	2	0	642933	0	
2016-Jan-05 11:30:58	PI_12	359	2	2	1405754	0	0,1
2016-Jan-05 11:31:00	PI_12	360	2	0	642933	0	
2016-Jan-05 11:31:02	PI_12	361	2	0	642933	0	
2016-Jan-05 11:31:04	PI_12	362	2	2	1405754	0	0,1
2016-Jan-05 11:31:06	PI_12	363	2	0	642933	0	
2016-Jan-05 11:31:08	PI_12	364	2	2	1405754	0	0,1
2016-Jan-05 11:31:10	PI_12	365	2	0	642933	0	
2016-Jan-05 11:31:12	PI_12	366	2	2	1405754	0	0,1
2016-Jan-05 11:31:14	PI_12	367	2	2	1405754	0	0,1
2016-Jan-05 11:31:16	PI_12	368	2	2	1405754	0	0,1
2016-Jan-05 11:31:18	PI_12	369	2	0	642933	0	
2016-Jan-05 11:31:20	PI_12	370	2	2	1405754	0	0,1
2016-Jan-05 11:31:22	PI_12	371	2	2	1405754	0	0,1
2016-Jan-05 11:31:24	PI_12	372	2	0	642933	0	
2016-Jan-05 11:31:26	PI_12	373	2	2	1405754	0	0,1
2016-Jan-05 11:31:28	PI_12	374	2	0	642933	0	
2016-Jan-05 11:31:30	PI_12	375	2	2	1405754	0	0,1
2016-Jan-05 11:31:32	PI_12	376	2	0	642933	0	
2016-Jan-05 11:31:34	PI_12	377	2	2	1405754	0	0,1
2016-Jan-05 11:31:36	PI_12	378	2	0	642933	0	
2016-Jan-05 11:31:38	PI_12	379	2	0	642933	0	
2016-Jan-05 11:31:40	PI_12	380	2	2	1405754	0	0,1
2016-Jan-05 11:31:42	PI_12	381	2	0	642933	0	
2016-Jan-05 11:31:44	PI_12	382	2	0	642933	0	
2016-Jan-05 11:31:46	PI_12	383	2	0	642933	0	
2016-Jan-05 11:31:48	PI_12	384	2	2	1405754	0	0,1
2016-Jan-05 11:31:50	PI_12	385	2	0	642933	0	
2016-Jan-05 11:31:52	PI_12	386	2	0	642933	0	
2016-Jan-05 11:31:54	PI_12	387	2	2	1405754	0	0,1
2016-Jan-05 11:31:56	PI_12	388	2	0	642933	0	
2016-Jan-05 11:31:58	PI_12	389	2	2	1405754	0	0,1
2016-Jan-05 11:32:00	PI_12	390	2	0	642933	0	
2016-Jan-05 11:32:02	PI_12	391	2	0	642933	0	
2016-Jan-05 11:32:04	PI_12	392	2	2	1405754	0	0,1
2016-Jan-05 11:32:06	PI_12	393	2	0	642933	0	
2016-Jan-05 11:32:08	PI_12	394	2	0	642933	0	
2016-Jan-05 11:32:10	PI_12	395	2	0	642933	0	
2016-Jan-05 11:32:12	PI_12	396	2	2	1405754	0	0,1
2016-Jan-05 11:32:14	PI_12	397	2	0	642933	0	
2016-Jan-05 11:32:16	PI_12	398	2	0	642933	0	
2016-Jan-05 11:32:18	PI_12	399	2	2	1405754	0	0,1
2016-Jan-05 11:32:20	PI_12	400	2	0	642933	0	
2016-Jan-05 11:32:22	PI_12	401	2	0	642933	0	
2016-Jan-05 11:32:24	PI_12	402	2	2	1405754	0	0,1
2016-Jan-05 11:32:26	PI_12	403	2	0	642933	0	
2016-Jan-05 11:32:28	PI_12	404	2	0	642933	0	
2016-Jan-05 11:32:30	PI_12	405	2	0	642933	0	
2016-Jan-05 11:32:32	PI_12	406	2	0	642933	0	
2016-Jan-05 11:32:34	PI_12	407	2	0	642933	0	
2016-Jan-05 11:32:36	PI_12	408	2	0	642933	0	
2016-Jan-05 11:32:38	PI_12	409	2	0	642933	0	
2016-Jan-05 11:32:40	PI_12	410	2	0	642933	0	
2016-Jan-05 11:32:42	PI_12	411	2	0	642933	0	
2016-Jan-05 11:32:44	PI_12	412	2	0	642933	0	
2016-Jan-05 11:32:46	PI_12	413	2	2	1405754	0	0,1
2016-Jan-05 11:32:48	PI_12	414	2	0	642933	0	
2016-Jan-05 11:32:50	PI_12	415	2	0	642933	0	
2016-Jan-05 11:32:52	PI_12	416	2	2	1405754	0	0,1
2016-Jan-05 11:32:54	PI_12	417	2	0	642933	0	
2016-Jan-05 11:32:56	PI_12	418	2	0	642933	0	
2016-Jan-05 11:32:58	PI_12	419	2	0	642933	0	
2016-Jan-05 11:33:00	PI_12	420	2	2	1405754	0	0,1
2016-Jan-05 11:33:02	PI_12	421	2	0	642933	0	
2016-Jan-05 11:33:04	PI_12	422	2	2	1405754	0	0,1
2016-Jan-05 11:33:06	PI_12	423	2	0	642933	0	
2016-Jan-05 11:33:08	PI_12	424	2	2	1405754	0	0,1
2016-Jan-05 11:33:10	PI_12	425	2	0	642933	0	
2016-Jan-05 11:33:12	PI_12	426	2	0	642933	0	
2016-Jan-05 11:33:14	PI_12	427	2	2	1405754	0	0,1
2016-Jan-05 11:33:16	PI_12	428	2	0	642933	0	
2016-Jan-05 11:33:18	PI_12	429	2	0	642933	0	
2016-Jan-05 11:33:20	PI_12	430	2	0	642933	0	
2016-Jan-05 11:33:22	PI_12	431	2	0	642933	0	
2016-Jan-05 11:33:24	PI_12	432	2	0	642933	0	
2016-Jan-05 11:33:26	PI_12	433	2	0	642933	0	
2016-Jan-05 11:33:28	PI_12	434	2	0	642933	0	
2016-Jan-05 11:33:30	PI_12	435	2	0	642933	0	
2016-Jan-05 11:33:32	PI_12	436	2	2	1405754	0	0,1
2016-Jan-05 11:33:34	PI_12	437	2	0	642933	0	
2016-Jan-05 11:33:36	PI_12	438	2	0	642933	0	
2016-Jan-05 11:33:38	PI_12	439	2	2	1405754	0	0,1
2016-Jan-05 11:33:40	PI_12	440	2	0	642933	0	
2016-Jan-05 11:33:42	PI_12	441	2	0	642933	0	
2016-Jan-05 11:33:44	PI_12	442	2	2	1405754	0	0,1
2016-Jan-05 11:33:46	PI_12	443	2	0	642933	0	
2016-Jan-05 11:33:48	PI_12	444	2	0	642933	0	
2016-Jan-05 11:33:50	PI_12	445	2	0	642933	0	
2016-Jan-05 11:33:52	PI_12	446	2	2	1405754	0	0,1
2016-Jan-05 11:33:54	PI_12	447	2	0	642933	0	
2016-Jan-05 11:33:56	PI_12	448	2	0	642933	0	
2016-Jan-05 11:33:58	PI_12	449	2	0	642933	0	
2016-Jan-05 11:34:00	PI_12	450	2	2	1405754	0	0,1
2016-Jan-05 11:34:02	PI_12	451	2	0	642933	0	
2016-Jan-05 11:34:04	PI_12	452	2	0	642933	0	
2016-Jan-05 11:34:06	PI_12	453	2	2	1405754	0	0,1
2016-Jan-05 11:34:08	PI_12	454	2	0	642933	0	
2016-Jan-05 11:34:10	PI_12	455	2	2	1405754	0	0,1
2016-Jan-05 11:34:12	PI_12	456	2	0	642933	0	
2016-Jan-05 11:34:14	PI_12	457	2	2	1405754	0	0,1
2016-Jan-05 11:34:16	PI_12	458	2	2	1405754	0	0,1
2016-Jan-05 11:34:18	PI_12	459	2	2	1405754	0	0,1
2016-Jan-05 11:34:20	PI_12	460	2	0	642933	0	
2016-Jan-05 11:34:22	PI_12	461	2	2	1405754	0	0,1
2016-Jan-05 11:34:24	PI_12	462	2	2	1405754	0	0,1
2016-Jan-05 11:34:26	PI_12	463	2	2	1405754	0	0,1
2016-Jan-05 11:34:28	PI_12	464	2	0	642933	0	
2016-Jan-05 11:34:30	PI_12	465	2	2	1405754	0	0,1
2016-Jan-05 11:34:32	PI_12	466	2	0	642933	0	
2016-Jan-05 11:34:34	PI_12	467	2	2	1405754	0	0,1
2016-Jan-05 11:34:36	PI_12	468	2	0	642933	0	
2016-Jan-05 11:34:38	PI_12	469	2	2	1405754	0	0,1
2016-Jan-05 11:34:40	PI_12	470	2	0	642933	0	
2016-Jan-05 11:34:42	PI_12	471	2	2	1405754	0	0,1
2016-Jan-05 11:34:44	PI_12	472	2	0	642933	0	
2016-Jan-05 11:34:46	PI_12	473	2	2	1405754	0	0,1
2016-Jan-05 11:34:48	PI_12	474	2	0	642933	0	
2016-Jan-05 11:34:50	PI_12	475	2	2	1405754	0	0,1
2016-Jan-05 11:34:52	PI_12	476	2	0	642933	0	
2016-Jan-05 11:34:54	PI_12	477	2	2	1405754	0	0,1
2016-Jan-05 11:34:56	PI_12	478	2	0	642933	0	
2016-Jan-05 11:34:58	PI_12	479	2	2	1405754	0	0,1
2016-Jan-05 11:35:00	PI_12	480	2	2	1405754	0	0,1
2016-Jan-05 11:35:02	PI_12	481	2	2	1405754	0	0,1
2016-Jan-05 11:35:04	PI_12	482	2	0	642933	0	
2016-Jan-05 11:35:06	PI_12	483	2	2	1405754	0	0,1
2016-Jan-05 11:35:08	PI_12	484	2	0	642933	0	
2016-Jan-05 11:35:10	PI_12	485	2	2	1405754	0	0,1
2016-Jan-05 11:35:12	PI_12	486	2	0	642933	0	
2016-Jan-05 11:35:14	PI_12	487	2	2	1405754	0	0,1
2016-Jan-05 11:35:16	PI_12	488	2	0	642933	0	
2016-Jan-05 11:35:18	PI_12	489	2	2	1405754	0	0,1
2016-Jan-05 11:35:20	PI_12	490	2	0	642933	0	
2016-Jan-05 11:35:22	PI_12	491	2	2	1405754	0	0,1
2016-Jan-05 11:35:24	PI_12	492	2	0	642933	0	
2016-Jan-05 11:35:26	PI_12	493	2	2	1405754	0	0,1
2016-Jan-05 11:35:28	PI_12	494	2	0	642933	0	
2016-Jan-05 11:35:30	PI_12	495	2	2	1405754	0	0,1
2016-Jan-05 11:35:32	PI_12	496	2	2	1405754	0	0,1
2016-Jan-05 11:35:34	PI_12	497	2	2	1405754	0	0,1
2016-Jan-05 11:35:36	PI_12	498	2	0	642933	0	
2016-Jan-05 11:35:38	PI_12	499	2	2	1405754	0	0,1
2016-Jan-05 11:35:40	PI_12	500	2	0	642933	0	
2016-Jan-05 11:35:42	PI_12	501	2	2	1405754	0	0,1
2016-Jan-05 11:35:44	PI_12	502	2	2	1405754	0	0,1
2016-Jan-05 11:35:46	PI_12	503	2	0	642933	0	
2016-Jan-05 11:35:48	PI_12	504	2	2	1405754	0	0,1
2016-Jan-05 11:35:51	PI_12	505	2	0	642933	0	
2016-Jan-05 11:35:53	PI_12	506	2	2	1405754	0	0,1
2016-Jan-05 11:35:55	PI_12	507	2	0	642933	0	
2016-Jan-05 11:35:57	PI_12	508	2	0	642933	0	
2016-Jan-05 11:35:59	PI_12	509	2	0	642933	0	
2016-Jan-05 11:36:01	PI_12	510	2	2	1405754	0	0,1
2016-Jan-05 11:36:03	PI_12	511	2	0	642933	0	
2016-Jan-05 11:36:05	PI_12	512	2	0	642933	0	
2016-Jan-05 11:36:07	PI_12	513	2	2	1405754	0	0,1
2016-Jan-05 11:36:09	PI_12	514	2	2	1405754	0	0,1
2016-Jan-05 11:36:11	PI_12	515	2	0	642933	0	
2016-Jan-05 11:36:13	PI_12	516	2	0	642933	0	
2016-Jan-05 11:36:15	PI_12	517	2	2	1405754	0	0,1
2016-Jan-05 11:36:17	PI_12	518	2	0	642933	0	
2016-Jan-05 11:36:19	PI_12	519	2	0	642933	0	
2016-Jan-05 11:36:21	PI_12	520	2	0	642933	0	
2016-Jan-05 11:36:23	PI_12	521	2	2	1405754	0	0,1
2016-Jan-05 11:36:25	PI_12	522	2	0	642933	0	
2016-Jan-05 11:36:27	PI_12	523	2	2	1405754	0	0,1
2016-Jan-05 11:36:29	PI_12	524	2	0	642933	0	
2016-Jan-05 11:36:31	PI_12	525	2	2	1405754	0	0,1
2016-Jan-05 11:36:33	PI_12	526	2	0	642933	0	
2016-Jan-05 11:36:35	PI_12	527	2	2	1405754	0	0,1
2016-Jan-05 11:36:37	PI_12	528	2	0	642933	0	
2016-Jan-05 11:36:39	PI_12	529	2	0	642933	0	
2016-Jan-05 11:36:41	PI_12	530	2	2	1405754	0	0,1
2016-Jan-05 11:36:43	PI_12	531	2	0	642933	0	
2016-Jan-05 11:36:45	PI_12	532	2	0	642933	0	
2016-Jan-05 11:36:47	PI_12	533	2	0	642933	0	
2016-Jan-05 11:36:49	PI_12	534	2	0	642933	0	
2016-Jan-05 11:36:51	PI_12	535	2	0	642933	0	
2016-Jan-05 11:36:53	PI_12	536	2	0	642933	0	
2016-Jan-05 11:36:55	PI_12	537	2	0	642933	0	
2016-Jan-05 11:36:57	PI_12	538	2	0	642933	0	
2016-Jan-05 11:36:59	PI_12	539	2	0	642933	0	
2016-Jan-05 11:37:01	PI_12	540	2	0	642933	0	
2016-Jan-05 11:37:03	PI_12	541	2	0	642933	0	
2016-Jan-05 11:37:05	PI_12	542	2	0	642933	0	
2016-Jan-05 11:37:07	PI_12	543	2	0	642933	0	
2016-Jan-05 11:37:09	PI_12	544	2	2	1405754	0	0,1
2016-Jan-05 11:37:11	PI_12	545	2	0	642933	0	
2016-Jan-05 11:37:13	PI_12	546	2	0	642933	0	
2016-Jan-05 11:37:15	PI_12	547	2	0	642933	0	
2016-Jan-05 11:37:17	PI_12	548	2	0	642933	0	
2016-Jan-05 11:37:19	PI_12	549	2	0	642933	0	
2016-Jan-05 11:37:21	PI_12	550	2	0	642933	0	
2016-Jan-05 11:37:23	PI_12	551	2	2	1405754	0	0,1
2016-Jan-05 11:37:25	PI_12	552	2	0	642933	0	
2016-Jan-05 11:37:27	PI_12	553	2	2	1405754	0	0,1
2016-Jan-05 11:37:29	PI_12	554	2	0	642933	0	
2016-Jan-05 11:37:31	PI_12	555	2	0	642933	0	
2016-Jan-05 11:37:33	PI_12	556	2	0	642933	0	
2016-Jan-05 11:37:35	PI_12	557	2	2	1405754	0	0,1
2016-Jan-05 11:37:37	PI_12	558	2	0	642933	0	
2016-Jan-05 11:37:39	PI_12	559	2	2	1405754	0	0,1
2016-Jan-05 11:37:41	PI_12	560	2	0	642933	0	
2016-Jan-05 11:37:43	PI_12	561	2	0	642933	0	
2016-Jan-05 11:37:45	PI_12	562	2	0	642933	0	
2016-Jan-05 11:37:47	PI_12	563	2	2	1405754	0	0,1
2016-Jan-05 11:37:49	PI_12	564	2	0	642933	0	
2016-Jan-05 11:37:51	PI_12	565	2	2	1405754	0	0,1
2016-Jan-05 11:37:53	PI_12	566	2	2	1405754	0	0,1
2016-Jan-05 11:37:55	PI_12	567	2	1	997955	0	0
2016-Jan-05 11:37:57	PI_12	568	2	2	1405754	0	0,1
2016-Jan-05 11:37:59	PI_12	569	2	0	642933	0	
2016-Jan-05 11:38:01	PI_12	570	2	0	642933	0	
2016-Jan-05 11:38:03	PI_12	571	2	2	1405754	0	0,1
2016-Jan-05 11:38:05	PI_12	572	2	2	1405754	0	0,1
2016-Jan-05 11:38:07	PI_12	573	2	0	642933	0	
2016-Jan-05 11:38:09	PI_12	574	2	2	1405754	0	0,1
2016-Jan-05 11:38:11	PI_12	575	2	0	642933	0	
2016-Jan-05 11:38:13	PI_12	576	2	2	1405754	0	0,1
2016-Jan-05 11:38:15	PI_12	577	2	2	1405754	0	0,1
2016-Jan-05 11:38:17	PI_12	578	2	2	1405754	0	0,1
2016-Jan-05 11:38:19	PI_12	579	2	0	642933	0	
2016-Jan-05 11:38:21	PI_12	580	2	2	1405754	0	0,1
2016-Jan-05 11:38:23	PI_12	581	2	0	642933	0	
2016-Jan-05 11:38:25	PI_12	582	2	2	1405754	0	0,1
2016-Jan-05 11:38:27	PI_12	583	2	0	642933	0	
2016-Jan-05 11:38:29	PI_12	584	2	0	642933	0	
2016-Jan-05 11:38:31	PI_12	585	2	0	642933	0	
2016-Jan-05 11:38:33	PI_12	586	2	2	1405754	0	0,1
2016-Jan-05 11:38:35	PI_12	587	2	0	642933	0	
2016-Jan-05 11:38:37	PI_12	588	2	0	642933	0	
2016-Jan-05 11:38:39	PI_12	589	2	0	642933	0	
2016-Jan-05 11:38:41	PI_12	590	2	2	1405754	0	0,1
2016-Jan-05 11:38:43	PI_12	591	2	0	642933	0	
2016-Jan-05 11:38:45	PI_12	592	2	0	642933	0	
2016-Jan-05 11:38:47	PI_12	593	2	2	1405754	0	0,1
2016-Jan-05 11:38:49	PI_12	594	2	2	1405754	0	0,1
2016-Jan-05 11:38:51	PI_12	595	2	0	642933	0	
2016-Jan-05 11:38:53	PI_12	596	2	2	1405754	0	0,1
2016-Jan-05 11:38:55	PI_12	597	2	2	1405754	0	0,1
2016-Jan-05 11:38:57	PI_12	598	2	0	642933	0	
2016-Jan-05 11:38:59	PI_12	599	2	2	1405754	0	0,1
2016-Jan-05 11:39:01	PI_12	600	2	2	1405754	0	0,1
2016-Jan-05 11:39:03	PI_12	601	2	0	642933	0	
2016-Jan-05 11:39:05	PI_12	602	2	2	1405754	0	0,1
2016-Jan-05 11:39:07	PI_12	603	2	2	1405754	0	0,1
2016-Jan-05 11:39:09	PI_12	604	2	2	1405754	0	0,1
2016-Jan-05 11:39:11	PI_12	605	2	0	642933	0	
2016-Jan-05 11:39:13	PI_12	606	2	2	1405754	0	0,1
2016-Jan-05 11:39:15	PI_12	607	2	2	1405754	0	0,1
2016-Jan-05 11:39:17	PI_12	608	2	0	642933	0	
2016-Jan-05 11:39:19	PI_12	609	2	2	1405754	0	0,1
2016-Jan-05 11:39:21	PI_12	610	2	2	1405754	0	0,1
2016-Jan-05 11:39:23	PI_12	611	2	0	642933	0	
2016-Jan-05 11:39:25	PI_12	612	2	2	1405754	0	0,1
2016-Jan-05 11:39:27	PI_12	613	2	2	1405754	0	0,1
2016-Jan-05 11:39:29	PI_12	614	2	1	997955	0	0
2016-Jan-05 11:39:31	PI_12	615	2	1	997955	0	0
2016-Jan-05 11:39:33	PI_12	616	2	1	997955	0	0
2016-Jan-05 11:39:35	PI_12	617	2	1	997955	0	0
2016-Jan-05 11:39:37	PI_12	618	2	2	1405754	0	0,1
2016-Jan-05 11:39:39	PI_12	619	2	2	1405754	0	0,1
2016-Jan-05 11:39:41	PI_12	620	2	2	1405754	0	0,1
2016-Jan-05 11:39:43	PI_12	621	2	2	1405754	0	0,1
2016-Jan-05 11:39:45	PI_12	622	2	0	642933	0	
2016-Jan-05 11:39:47	PI_12	623	2	2	1405754	0	0,1
2016-Jan-05 11:39:49	PI_12	624	2	0	642933	0	
2016-Jan-05 11:39:51	PI_12	625	2	2	1405754	0	0,1
2016-Jan-05 11:39:53	PI_12	626	2	0	642933	0	
2016-Jan-05 11:39:55	PI_12	627	2	2	1405754	0	0,1
2016-Jan-05 11:39:57	PI_12	628	2	0	642933	0	
2016-Jan-05 11:39:59	PI_12	629	2	0	642933	0	
2016-Jan-05 11:40:01	PI_12	630	2	2	1405754	0	0,1
2016-Jan-05 11:40:03	PI_12	631	2	0	642933	0	
2016-Jan-05 11:40:05	PI_12	632	2	0	642933	0	
2016-Jan-05 11:40:07	PI_12	633	2	2	1405754	0	0,1
2016-Jan-05 11:40:09	PI_12	634	2	0	642933	0	
2016-Jan-05 11:40:11	PI_12	635	2	0	642933	0	
2016-Jan-05 11:40:13	PI_12	636	2	2	1405754	0	0,1
2016-Jan-05 11:40:15	PI_12	637	2	0	642933	0	
2016-Jan-05 11:40:17	PI_12	638	2	0	642933	0	
2016-Jan-05 11:40:19	PI_12	639	2	2	1405754	0	0,1
2016-Jan-05 11:40:21	PI_12	640	2	0	642933	0	
2016-Jan-05 11:40:23	PI_12	641	2	2	1405754	0	0,1
2016-Jan-05 11:40:25	PI_12	642	2	0	642933	0	
2016-Jan-05 11:40:27	PI_12	643	2	0	642933	0	
2016-Jan-05 11:40:29	PI_12	644	2	0	642933	0	
2016-Jan-05 11:40:31	PI_12	645	2	2	1405754	0	0,1
2016-Jan-05 11:40:33	PI_12	646	2	0	642933	0	
2016-Jan-05 11:40:35	PI_12	647	2	2	1405754	0	0,1
2016-Jan-05 11:40:37	PI_12	648	2	2	1405754	0	0,1
2016-Jan-05 11:40:39	PI_12	649	2	0	642933	0	
2016-Jan-05 11:40:41	PI_12	650	2	1	997955	0	0
2016-Jan-05 11:40:43	PI_12	651	2	1	997955	0	0
2016-Jan-05 11:40:45	PI_12	652	2	1	997955	0	0
2016-Jan-05 11:40:47	PI_12	653	2	1	997955	0	0
2016-Jan-05 11:40:49	PI_12	654	2	1	997955	0	0
2016-Jan-05 11:40:51	PI_12	655	2	1	997955	0	0
2016-Jan-05 11:40:53	PI_12	656	2	2	1405754	0	0,1
2016-Jan-05 11:40:55	PI_12	657	2	2	1405754	0	0,1
2016-Jan-05 11:40:57	PI_12	658	2	2	1405754	0	0,1
2016-Jan-05 11:40:59	PI_12	659	2	2	1405754	0	0,1
2016-Jan-05 11:41:01	PI_12	660	2	2	1405754	0	0,1
2016-Jan-05 11:41:03	PI_12	661	2	2	1405754	0	0,1
2016-Jan-05 11:41:05	PI_12	662	2	2	1405754	0	0,1
2016-Jan-05 11:41:07	PI_12	663	2	0	642933	0	
2016-Jan-05 11:41:09	PI_12	664	2	2	1405754	0	0,1
2016-Jan-05 11:41:11	PI_12	665	2	0	642933	0	
2016-Jan-05 11:41:13	PI_12	666	2	0	642933	0	
2016-Jan-05 11:41:15	PI_12	667	2	1	997955	0	0
2016-Jan-05 11:41:17	PI_12	668	2	0	642933	0	
2016-Jan-05 11:41:19	PI_12	669	2	1	997955	0	0
2016-Jan-05 11:41:21	PI_12	670	2	2	1405754	0	0,1
2016-Jan-05 11:41:23	PI_12	671	2	0	642933	0	
2016-Jan-05 11:41:25	PI_12	672	2	2	1405754	0	0,1
2016-Jan-05 11:41:27	PI_12	673	2	0	642933	0	
2016-Jan-05 11:41:29	PI_12	674	2	2	1405754	0	0,1
2016-Jan-05 11:41:31	PI_12	675	2	0	642933	0	
2016-Jan-05 11:41:33	PI_12	676	2	2	1405754	0	0,1
2016-Jan-05 11:41:35	PI_12	677	2	0	642933	0	
2016-Jan-05 11:41:37	PI_12	678	2	2	1405754	0	0,1
2016-Jan-05 11:41:39	PI_12	679	2	0	642933	0	
2016-Jan-05 11:41:41	PI_12	680	2	2	1405754	0	0,1
2016-Jan-05 11:41:43	PI_12	681	2	2	1405754	0	0,1
2016-Jan-05 11:41:45	PI_12	682	2	0	642933	0	
2016-Jan-05 11:41:47	PI_12	683	2	2	1405754	0	0,1
2016-Jan-05 11:41:49	PI_12	684	2	0	642933	0	
2016-Jan-05 11:41:51	PI_12	685	2	2	1405754	0	0,1
2016-Jan-05 11:41:53	PI_12	686	2	0	642933	0	
2016-Jan-05 11:41:55	PI_12	687	2	0	642933	0	
2016-Jan-05 11:41:57	PI_12	688	2	2	1405754	0	0,1
2016-Jan-05 11:41:59	PI_12	689	2	0	642933	0	
2016-Jan-05 11:42:01	PI_12	690	2	0	642933	0	
2016-Jan-05 11:42:03	PI_12	691	2	0	642933	0	
2016-Jan-05 11:42:05	PI_12	692	2	0	642933	0	
2016-Jan-05 11:42:07	PI_12	693	2	2	1405754	0	0,1
2016-Jan-05 11:42:09	PI_12	694	2	0	642933	0	
2016-Jan-05 11:42:11	PI_12	695	2	0	642933	0	
2016-Jan-05 11:42:13	PI_12	696	2	2	1405754	0	0,1
2016-Jan-05 11:42:15	PI_12	697	2	0	642933	0	
2016-Jan-05 11:42:17	PI_12	698	2	0	642933	0	
2016-Jan-05 11:42:19	PI_12	699	2	2	1405754	0	0,1
2016-Jan-05 11:42:21	PI_12	700	2	0	642933	0	
2016-Jan-05 11:42:23	PI_12	701	2	2	1405754	0	0,1
2016-Jan-05 11:42:25	PI_12	702	2	2	1405754	0	0,1
2016-Jan-05 11:42:27	PI_12	703	2	0	642933	0	
2016-Jan-05 11:42:29	PI_12	704	2	2	1405754	0	0,1
2016-Jan-05 11:42:31	PI_12	705	2	2	1405754	0	0,1
2016-Jan-05 11:42:33	PI_12	706	2	2	1405754	0	0,1
2016-Jan-05 11:42:35	PI_12	707	2	0	642933	0	
2016-Jan-05 11:42:37	PI_12	708	2	2	1405754	0	0,1
2016-Jan-05 11:42:39	PI_12	709	2	2	1405754	0	0,1
2016-Jan-05 11:42:41	PI_12	710	2	0	642933	0	
2016-Jan-05 11:42:43	PI_12	711	2	2	1405754	0	0,1
2016-Jan-05 11:42:45	PI_12	712	2	1	997955	0	0
2016-Jan-05 11:42:47	PI_12	713	2	1	997955	0	0
2016-Jan-05 11:42:49	PI_12	714	2	1	997955	0	0
2016-Jan-05 11:42:51	PI_12	715	2	1	997955	0	0
2016-Jan-05 11:42:53	PI_12	716	2	1	997955	0	0
2016-Jan-05 11:42:55	PI_12	717	2	1	997955	0	0
2016-Jan-05 11:42:57	PI_12	718	2	1	997955	0	0
2016-Jan-05 11:42:59	PI_12	719	2	2	1405754	0	0,1
2016-Jan-05 11:43:01	PI_12	720	2	2	1405754	0	0,1
2016-Jan-05 11:43:03	PI_12	721	2	0	642933	0	
2016-Jan-05 11:43:05	PI_12	722	2	0	642933	0	
2016-Jan-05 11:43:07	PI_12	723	2	2	1405754	0	0,1
2016-Jan-05 11:43:09	PI_12	724	2	0	642933	0	
2016-Jan-05 11:43:11	PI_12	725	2	2	1405754	0	0,1
2016-Jan-05 11:43:13	PI_12	726	2	2	1405754	0	0,1
2016-Jan-05 11:43:15	PI_12	727	2	0	642933	0	
2016-Jan-05 11:43:17	PI_12	728	2	2	1405754	0	0,1
2016-Jan-05 11:43:19	PI_12	729	2	0	642933	0	
2016-Jan-05 11:43:21	PI_12	730	2	2	1405754	0	0,1
2016-Jan-05 11:43:23	PI_12	731	2	2	1405754	0	0,1
2016-Jan-05 11:43:25	PI_12	732	2	0	642933	0	
2016-Jan-05 11:43:27	PI_12	733	2	2	1405754	0	0,1
2016-Jan-05 11:43:29	PI_12	734	2	2	1405754	0	0,1
2016-Jan-05 11:43:31	PI_12	735	2	2	1405754	0	0,1
2016-Jan-05 11:43:33	PI_12	736	2	0	642933	0	
2016-Jan-05 11:43:35	PI_12	737	2	2	1405754	0	0,1
2016-Jan-05 11:43:37	PI_12	738	2	0	642933	0	
2016-Jan-05 11:43:39	PI_12	739	2	2	1405754	0	0,1
2016-Jan-05 11:43:41	PI_12	740	2	0	642933	0	
2016-Jan-05 11:43:43	PI_12	741	2	2	1405754	0	0,1
2016-Jan-05 11:43:45	PI_12	742	2	0	642933	0	
2016-Jan-05 11:43:47	PI_12	743	2	0	642933	0	
2016-Jan-05 11:43:49	PI_12	744	2	0	642933	0	
2016-Jan-05 11:43:51	PI_12	745	2	2	1405754	0	0,1
2016-Jan-05 11:43:53	PI_12	746	2	0	642933	0	
2016-Jan-05 11:43:55	PI_12	747	2	0	642933	0	
2016-Jan-05 11:43:57	PI_12	748	2	2	1405754	0	0,1
2016-Jan-05 11:43:59	PI_12	749	2	0	642933	0	
2016-Jan-05 11:44:01	PI_12	750	2	0	642933	0	
2016-Jan-05 11:44:03	PI_12	751	2	2	1405754	0	0,1
2016-Jan-05 11:44:05	PI_12	752	2	0	642933	0	
2016-Jan-05 11:44:07	PI_12	753	2	2	1405754	0	0,1
2016-Jan-05 11:44:09	PI_12	754	2	0	642933	0	
2016-Jan-05 11:44:11	PI_12	755	2	0	642933	0	
2016-Jan-05 11:44:13	PI_12	756	2	0	642933	0	
2016-Jan-05 11:44:15	PI_12	757	2	0	642933	0	
2016-Jan-05 11:44:17	PI_12	758	2	0	642933	0	
2016-Jan-05 11:44:19	PI_12	759	2	2	1405754	0	0,1
2016-Jan-05 11:44:21	PI_12	760	2	0	642933	0	
2016-Jan-05 11:44:23	PI_12	761	2	0	642933	0	
2016-Jan-05 11:44:25	PI_12	762	2	2	1405754	0	0,1
2016-Jan-05 11:44:27	PI_12	763	2	0	642933	0	
2016-Jan-05 11:44:29	PI_12	764	2	2	1405754	0	0,1
2016-Jan-05 11:44:31	PI_12	765	2	0	642933	0	
2016-Jan-05 11:44:33	PI_12	766	2	0	642933	0	
2016-Jan-05 11:44:35	PI_12	767	2	0	642933	0	
2016-Jan-05 11:44:37	PI_12	768	2	2	1405754	0	0,1
2016-Jan-05 11:44:39	PI_12	769	2	0	642933	0	
2016-Jan-05 11:44:41	PI_12	770	2	2	1405754	0	0,1
2016-Jan-05 11:44:43	PI_12	771	2	2	1405754	0	0,1
2016-Jan-05 11:44:45	PI_12	772	2	0	642933	0	
2016-Jan-05 11:44:47	PI_12	773	2	2	1405754	0	0,1
2016-Jan-05 11:44:49	PI_12	774	2	0	642933	0	
2016-Jan-05 11:44:51	PI_12	775	2	0	642933	0	
2016-Jan-05 11:44:53	PI_12	776	2	2	1405754	0	0,1
2016-Jan-05 11:44:55	PI_12	777	2	2	1405754	0	0,1
2016-Jan-05 11:44:57	PI_12	778	2	0	642933	0	
2016-Jan-05 11:44:59	PI_12	779	2	1	997955	0	0
2016-Jan-05 11:45:01	PI_12	780	2	1	997955	0	0
2016-Jan-05 11:45:03	PI_12	781	2	1	997955	0	0
2016-Jan-05 11:45:05	PI_12	782	2	1	997955	0	0
2016-Jan-05 11:45:07	PI_12	783	2	1	997955	0	0
2016-Jan-05 11:45:09	PI_12	784	2	2	1405754	0	0,1
2016-Jan-05 11:45:11	PI_12	785	2	2	1405754	0	0,1
2016-Jan-05 11:45:13	PI_12	786	2	2	1405754	0	0,1
2016-Jan-05 11:45:15	PI_12	787	2	0	642933	0	
2016-Jan-05 11:45:17	PI_12	788	2	2	1405754	0	0,1
2016-Jan-05 11:45:19	PI_12	789	2	2	1405754	0	0,1
2016-Jan-05 11:45:21	PI_12	790	2	0	642933	0	
2016-Jan-05 11:45:23	PI_12	791	2	0	642933	0	
2016-Jan-05 11:45:25	PI_12	792	2	0	642933	0	
2016-Jan-05 11:45:27	PI_12	793	2	0	642933	0	
2016-Jan-05 11:45:29	PI_12	794	2	0	642933	0	
2016-Jan-05 11:45:31	PI_12	795	2	0	642933	0	
2016-Jan-05 11:45:33	PI_12	796	2	2	1405754	0	0,1
2016-Jan-05 11:45:35	PI_12	797	2	0	642933	0	
2016-Jan-05 11:45:37	PI_12	798	2	0	642933	0	
2016-Jan-05 11:45:39	PI_12	799	2	2	1405754	0	0,1
2016-Jan-05 11:45:41	PI_12	800	2	0	642933	0	
2016-Jan-05 11:45:43	PI_12	801	2	2	1405754	0	0,1
2016-Jan-05 11:45:45	PI_12	802	2	2	1405754	0	0,1
2016-Jan-05 11:45:47	PI_12	803	2	0	642933	0	
2016-Jan-05 11:45:49	PI_12	804	2	2	1405754	0	0,1
2016-Jan-05 11:45:51	PI_12	805	2	0	642933	0	
2016-Jan-05 11:45:53	PI_12	806	2	2	1405754	0	0,1
2016-Jan-05 11:45:55	PI_12	807	2	0	642933	0	
2016-Jan-05 11:45:57	PI_12	808	2	0	642933	0	
2016-Jan-05 11:45:59	PI_12	809	2	2	1405754	0	0,1
2016-Jan-05 11:46:01	PI_12	810	2	0	642933	0	
2016-Jan-05 11:46:03	PI_12	811	2	0	642933	0	
2016-Jan-05 11:46:05	PI_12	812	2	0	642933	0	
2016-Jan-05 11:46:07	PI_12	813	2	2	1405754	0	0,1
2016-Jan-05 11:46:09	PI_12	814	2	0	642933	0	
2016-Jan-05 11:46:11	PI_12	815	2	2	1405754	0	0,1
2016-Jan-05 11:46:13	PI_12	816	2	0	642933	0	
2016-Jan-05 11:46:15	PI_12	817	2	2	1405754	0	0,1
2016-Jan-05 11:46:17	PI_12	818	2	0	642933	0	
2016-Jan-05 11:46:19	PI_12	819	2	0	642933	0	
2016-Jan-05 11:46:21	PI_12	820	2	2	1405754	0	0,1
2016-Jan-05 11:46:23	PI_12	821	2	2	1405754	0	0,1
2016-Jan-05 11:46:25	PI_12	822	2	0	642933	0	
2016-Jan-05 11:46:27	PI_12	823	2	2	1405754	0	0,1
2016-Jan-05 11:46:29	PI_12	824	2	0	642933	0	
2016-Jan-05 11:46:31	PI_12	825	2	2	1405754	0	0,1
2016-Jan-05 11:46:33	PI_12	826	2	0	642933	0	
2016-Jan-05 11:46:35	PI_12	827	2	0	642933	0	
2016-Jan-05 11:46:37	PI_12	828	2	2	1405754	0	0,1
2016-Jan-05 11:46:39	PI_12	829	2	0	642933	0	
2016-Jan-05 11:46:41	PI_12	830	2	0	642933	0	
2016-Jan-05 11:46:43	PI_12	831	2	2	1405754	0	0,1
2016-Jan-05 11:46:45	PI_12	832	2	0	642933	0	
2016-Jan-05 11:46:47	PI_12	833	2	0	642933	0	
2016-Jan-05 11:46:49	PI_12	834	2	2	1405754	0	0,1
2016-Jan-05 11:46:51	PI_12	835	2	0	642933	0	
2016-Jan-05 11:46:53	PI_12	836	2	2	1405754	0	0,1
2016-Jan-05 11:46:55	PI_12	837	2	0	642933	0	
2016-Jan-05 11:46:57	PI_12	838	2	2	1405754	0	0,1
2016-Jan-05 11:46:59	PI_12	839	2	2	1405754	0	0,1
2016-Jan-05 11:47:01	PI_12	840	2	2	1405754	0	0,1
2016-Jan-05 11:47:03	PI_12	841	2	0	642933	0	
2016-Jan-05 11:47:05	PI_12	842	2	2	1405754	0	0,1
2016-Jan-05 11:47:07	PI_12	843	2	2	1405754	0	0,1
2016-Jan-05 11:47:09	PI_12	844	2	0	642933	0	
2016-Jan-05 11:47:11	PI_12	845	2	2	1405754	0	0,1
2016-Jan-05 11:47:13	PI_12	846	2	1	997955	0	0
2016-Jan-05 11:47:15	PI_12	847	2	1	997955	0	0
2016-Jan-05 11:47:17	PI_12	848	2	1	997955	0	0
2016-Jan-05 11:47:19	PI_12	849	2	1	997955	0	0
2016-Jan-05 11:47:21	PI_12	850	2	1	997955	0	0
2016-Jan-05 11:47:23	PI_12	851	2	1	997955	0	0
2016-Jan-05 11:47:25	PI_12	852	2	1	997955	0	0
2016-Jan-05 11:47:27	PI_12	853	2	1	997955	0	0
2016-Jan-05 11:47:29	PI_12	854	2	1	997955	0	0
2016-Jan-05 11:47:31	PI_12	855	2	1	997955	0	0
2016-Jan-05 11:47:33	PI_12	856	2	2	1405754	0	0,1
2016-Jan-05 11:47:35	PI_12	857	2	2	1405754	0	0,1
2016-Jan-05 11:47:37	PI_12	858	2	0	642933	0	
2016-Jan-05 11:47:39	PI_12	859	2	0	642933	0	
2016-Jan-05 11:47:41	PI_12	860	2	0	642933	0	
2016-Jan-05 11:47:43	PI_12	861	2	0	642933	0	
2016-Jan-05 11:47:45	PI_12	862	2	0	642933	0	
2016-Jan-05 11:47:47	PI_12	863	2	0	642933	0	
2016-Jan-05 11:47:49	PI_12	864	2	2	1405754	0	0,1
2016-Jan-05 11:47:51	PI_12	865	2	2	1405754	0	0,1
2016-Jan-05 11:47:53	PI_12	866	2	0	642933	0	
2016-Jan-05 11:47:55	PI_12	867	2	2	1405754	0	0,1
2016-Jan-05 11:47:57	PI_12	868	2	0	642933	0	
2016-Jan-05 11:47:59	PI_12	869	2	2	1405754	0	0,1
2016-Jan-05 11:48:01	PI_12	870	2	2	1405754	0	0,1
2016-Jan-05 11:48:03	PI_12	871	2	0	642933	0	
2016-Jan-05 11:48:05	PI_12	872	2	2	1405754	0	0,1
2016-Jan-05 11:48:07	PI_12	873	2	2	1405754	0	0,1
2016-Jan-05 11:48:09	PI_12	874	2	2	1405754	0	0,1
2016-Jan-05 11:48:11	PI_12	875	2	1	997955	0	0
2016-Jan-05 11:48:13	PI_12	876	2	1	997955	0	0
2016-Jan-05 11:48:15	PI_12	877	2	1	997955	0	0
2016-Jan-05 11:48:17	PI_12	878	2	1	997955	0	0
2016-Jan-05 11:48:19	PI_12	879	2	1	997955	0	0
2016-Jan-05 11:48:21	PI_12	880	2	1	997955	0	0
2016-Jan-05 11:48:23	PI_12	881	2	1	997955	0	0
2016-Jan-05 11:48:25	PI_12	882	2	1	997955	0	0
2016-Jan-05 11:48:27	PI_12	883	2	1	997955	0	0
2016-Jan-05 11:48:29	PI_12	884	2	1	997955	0	0
2016-Jan-05 11:48:31	PI_12	885	2	1	997955	0	0
2016-Jan-05 11:48:33	PI_12	886	2	2	1405754	0	0,1
2016-Jan-05 11:48:35	PI_12	887	2	2	1405754	0	0,1
2016-Jan-05 11:48:37	PI_12	888	2	2	1405754	0	0,1
2016-Jan-05 11:48:39	PI_12	889	2	0	642933	0	
2016-Jan-05 11:48:41	PI_12	890	2	2	1405754	0	0,1
2016-Jan-05 11:48:43	PI_12	891	2	0	642933	0	
2016-Jan-05 11:48:45	PI_12	892	2	0	642933	0	
2016-Jan-05 11:48:47	PI_12	893	2	0	642933	0	
2016-Jan-05 11:48:49	PI_12	894	2	2	1405754	0	0,1
2016-Jan-05 11:48:51	PI_12	895	2	0	642933	0	
2016-Jan-05 11:48:53	PI_12	896	2	2	1405754	0	0,1
2016-Jan-05 11:48:55	PI_12	897	2	0	642933	0	
2016-Jan-05 11:48:57	PI_12	898	2	2	1405754	0	0,1
2016-Jan-05 11:48:59	PI_12	899	2	0	642933	0	
2016-Jan-05 11:49:01	PI_12	900	2	0	642933	0	
2016-Jan-05 11:49:03	PI_12	901	2	0	642933	0	
2016-Jan-05 11:49:05	PI_12	902	2	0	642933	0	
2016-Jan-05 11:49:07	PI_12	903	2	2	1405754	0	0,1
2016-Jan-05 11:49:09	PI_12	904	2	0	642933	0	
2016-Jan-05 11:49:11	PI_12	905	2	0	642933	0	
2016-Jan-05 11:49:13	PI_12	906	2	2	1405754	0	0,1
2016-Jan-05 11:49:15	PI_12	907	2	0	642933	0	
2016-Jan-05 11:49:17	PI_12	908	2	2	1405754	0	0,1
2016-Jan-05 11:49:19	PI_12	909	2	2	1405754	0	0,1
2016-Jan-05 11:49:21	PI_12	910	2	1	997955	0	0
2016-Jan-05 11:49:23	PI_12	911	2	1	997955	0	0
2016-Jan-05 11:49:25	PI_12	912	2	2	1405754	0	0,1
2016-Jan-05 11:49:27	PI_12	913	2	0	642933	0	
2016-Jan-05 11:49:29	PI_12	914	2	2	1405754	0	0,1
2016-Jan-05 11:49:31	PI_12	915	2	0	642933	0	
2016-Jan-05 11:49:33	PI_12	916	2	2	1405754	0	0,1
2016-Jan-05 11:49:35	PI_12	917	2	0	642933	0	
2016-Jan-05 11:49:37	PI_12	918	2	0	642933	0	
2016-Jan-05 11:49:39	PI_12	919	2	0	642933	0	
2016-Jan-05 11:49:41	PI_12	920	2	2	1405754	0	0,1
2016-Jan-05 11:49:43	PI_12	921	2	0	642933	0	
2016-Jan-05 11:49:45	PI_12	922	2	2	1405754	0	0,1
2016-Jan-05 11:49:47	PI_12	923	2	2	1405754	0	0,1
2016-Jan-05 11:49:49	PI_12	924	2	0	642933	0	
2016-Jan-05 11:49:51	PI_12	925	2	2	1405754	0	0,1
2016-Jan-05 11:49:53	PI_12	926	2	0	642933	0	
2016-Jan-05 11:49:55	PI_12	927	2	2	1405754	0	0,1
2016-Jan-05 11:49:57	PI_12	928	2	0	642933	0	
2016-Jan-05 11:49:59	PI_12	929	2	0	642933	0	
2016-Jan-05 11:50:01	PI_12	930	2	0	642933	0	
2016-Jan-05 11:50:03	PI_12	931	2	2	1405754	0	0,1
2016-Jan-05 11:50:05	PI_12	932	2	0	642933	0	
2016-Jan-05 11:50:07	PI_12	933	2	0	642933	0	
2016-Jan-05 11:50:09	PI_12	934	2	2	1405754	0	0,1
2016-Jan-05 11:50:11	PI_12	935	2	0	642933	0	
2016-Jan-05 11:50:13	PI_12	936	2	0	642933	0	
2016-Jan-05 11:50:15	PI_12	937	2	0	642933	0	
2016-Jan-05 11:50:17	PI_12	938	2	0	642933	0	
2016-Jan-05 11:50:19	PI_12	939	2	0	642933	0	
2016-Jan-05 11:50:21	PI_12	940	2	0	642933	0	
2016-Jan-05 11:50:23	PI_12	941	2	0	642933	0	
2016-Jan-05 11:50:25	PI_12	942	2	0	642933	0	
2016-Jan-05 11:50:27	PI_12	943	2	2	1405754	0	0,1
2016-Jan-05 11:50:29	PI_12	944	2	0	642933	0	
2016-Jan-05 11:50:31	PI_12	945	2	0	642933	0	
2016-Jan-05 11:50:33	PI_12	946	2	0	642933	0	
2016-Jan-05 11:50:35	PI_12	947	2	0	642933	0	
2016-Jan-05 11:50:37	PI_12	948	2	0	642933	0	
2016-Jan-05 11:50:39	PI_12	949	2	0	642933	0	
2016-Jan-05 11:50:41	PI_12	950	2	0	642933	0	
2016-Jan-05 11:50:43	PI_12	951	2	0	642933	0	
2016-Jan-05 11:50:45	PI_12	952	2	2	1405754	0	0,1
2016-Jan-05 11:50:47	PI_12	953	2	0	642933	0	
2016-Jan-05 11:50:49	PI_12	954	2	0	642933	0	
2016-Jan-05 11:50:51	PI_12	955	2	0	642933	0	
2016-Jan-05 11:50:53	PI_12	956	2	2	1405754	0	0,1
2016-Jan-05 11:50:55	PI_12	957	2	0	642933	0	
2016-Jan-05 11:50:57	PI_12	958	2	0	642933	0	
2016-Jan-05 11:50:59	PI_12	959	2	2	1405754	0	0,1
2016-Jan-05 11:51:01	PI_12	960	2	0	642933	0	
2016-Jan-05 11:51:03	PI_12	961	2	2	1405754	0	0,1
2016-Jan-05 11:51:05	PI_12	962	2	0	642933	0	
2016-Jan-05 11:51:07	PI_12	963	2	2	1405754	0	0,1
2016-Jan-05 11:51:09	PI_12	964	2	0	642933	0	
2016-Jan-05 11:51:11	PI_12	965	2	2	1405754	0	0,1
2016-Jan-05 11:51:13	PI_12	966	2	0	642933	0	
2016-Jan-05 11:51:15	PI_12	967	2	2	1405754	0	0,1
2016-Jan-05 11:51:17	PI_12	968	2	0	642933	0	
2016-Jan-05 11:51:19	PI_12	969	2	2	1405754	0	0,1
2016-Jan-05 11:51:21	PI_12	970	2	0	642933	0	
2016-Jan-05 11:51:23	PI_12	971	2	2	1405754	0	0,1
2016-Jan-05 11:51:25	PI_12	972	2	2	1405754	0	0,1
2016-Jan-05 11:51:27	PI_12	973	2	0	642933	0	
2016-Jan-05 11:51:29	PI_12	974	2	2	1405754	0	0,1
2016-Jan-05 11:51:31	PI_12	975	2	2	1405754	0	0,1
2016-Jan-05 11:51:33	PI_12	976	2	1	997955	0	0
2016-Jan-05 11:51:35	PI_12	977	2	1	997955	0	0
2016-Jan-05 11:51:37	PI_12	978	2	2	1405754	0	0,1
2016-Jan-05 11:51:39	PI_12	979	2	2	1405754	0	0,1
2016-Jan-05 11:51:41	PI_12	980	2	0	642933	0	
2016-Jan-05 11:51:43	PI_12	981	2	2	1405754	0	0,1
2016-Jan-05 11:51:45	PI_12	982	2	2	1405754	0	0,1
2016-Jan-05 11:51:47	PI_12	983	2	2	1405754	0	0,1
2016-Jan-05 11:51:49	PI_12	984	2	1	997955	0	0
2016-Jan-05 11:51:51	PI_12	985	2	1	997955	0	0
2016-Jan-05 11:51:53	PI_12	986	2	1	997955	0	0
2016-Jan-05 11:51:55	PI_12	987	2	2	1405754	0	0,1
2016-Jan-05 11:51:57	PI_12	988	2	2	1405754	0	0,1
2016-Jan-05 11:51:59	PI_12	989	2	2	1405754	0	0,1
2016-Jan-05 11:52:01	PI_12	990	2	0	642933	0	
2016-Jan-05 11:52:03	PI_12	991	2	2	1405754	0	0,1
2016-Jan-05 11:52:05	PI_12	992	2	2	1405754	0	0,1
2016-Jan-05 11:52:07	PI_12	993	2	2	1405754	0	0,1
2016-Jan-05 11:52:09	PI_12	994	2	0	642933	0	
2016-Jan-05 11:52:11	PI_12	995	2	2	1405754	0	0,1
2016-Jan-05 11:52:13	PI_12	996	2	2	1405754	0	0,1
2016-Jan-05 11:52:15	PI_12	997	2	0	642933	0	
2016-Jan-05 11:52:17	PI_12	998	2	2	1405754	0	0,1
2016-Jan-05 11:52:19	PI_12	999	2	0	642933	0	
2016-Jan-05 11:52:21	PI_12	1000	2	2	1405754	0	0,1
2016-Jan-05 11:52:23	PI_12	1001	2	0	642933	0	
2016-Jan-05 11:52:25	PI_12	1002	2	2	1405754	0	0,1
2016-Jan-05 11:52:27	PI_12	1003	2	0	642933	0	
2016-Jan-05 11:52:29	PI_12	1004	2	2	1405754	0	0,1
2016-Jan-05 11:52:31	PI_12	1005	2	0	642933	0	
2016-Jan-05 11:52:33	PI_12	1006	2	0	642933	0	
2016-Jan-05 11:52:35	PI_12	1007	2	2	1405754	0	0,1
2016-Jan-05 11:52:37	PI_12	1008	2	2	1405754	0	0,1
2016-Jan-05 11:52:39	PI_12	1009	2	0	642933	0	
2016-Jan-05 11:52:41	PI_12	1010	2	2	1405754	0	0,1
2016-Jan-05 11:52:43	PI_12	1011	2	0	642933	0	
2016-Jan-05 11:52:45	PI_12	1012	2	2	1405754	0	0,1
2016-Jan-05 11:52:47	PI_12	1013	2	0	642933	0	
2016-Jan-05 11:52:49	PI_12	1014	2	0	642933	0	
2016-Jan-05 11:52:51	PI_12	1015	2	2	1405754	0	0,1
2016-Jan-05 11:52:53	PI_12	1016	2	0	642933	0	
2016-Jan-05 11:52:55	PI_12	1017	2	0	642933	0	
2016-Jan-05 11:52:57	PI_12	1018	2	0	642933	0	
2016-Jan-05 11:52:59	PI_12	1019	2	0	642933	0	
2016-Jan-05 11:53:01	PI_12	1020	2	0	642933	0	
2016-Jan-05 11:53:03	PI_12	1021	2	0	642933	0	
2016-Jan-05 11:53:05	PI_12	1022	2	0	642933	0	
2016-Jan-05 11:53:07	PI_12	1023	2	0	642933	0	
2016-Jan-05 11:53:09	PI_12	1024	2	0	642933	0	
2016-Jan-05 11:53:11	PI_12	1025	2	2	1405754	0	0,1
2016-Jan-05 11:53:13	PI_12	1026	2	2	1405754	0	0,1
2016-Jan-05 11:53:15	PI_12	1027	2	0	642933	0	
2016-Jan-05 11:53:17	PI_12	1028	2	2	1405754	0	0,1
2016-Jan-05 11:53:19	PI_12	1029	2	1	997955	0	0
2016-Jan-05 11:53:21	PI_12	1030	2	1	997955	0	0
2016-Jan-05 11:53:23	PI_12	1031	2	2	1405754	0	0,1
2016-Jan-05 11:53:25	PI_12	1032	2	1	997955	0	0
2016-Jan-05 11:53:27	PI_12	1033	2	2	1405754	0	0,1
2016-Jan-05 11:53:29	PI_12	1034	2	2	1405754	0	0,1
2016-Jan-05 11:53:31	PI_12	1035	2	2	1405754	0	0,1
2016-Jan-05 11:53:33	PI_12	1036	2	2	1405754	0	0,1
2016-Jan-05 11:53:35	PI_12	1037	2	0	642933	0	
2016-Jan-05 11:53:37	PI_12	1038	2	1	997955	0	0
2016-Jan-05 11:53:39	PI_12	1039	2	1	997955	0	0
2016-Jan-05 11:53:41	PI_12	1040	2	1	997955	0	0
2016-Jan-05 11:53:43	PI_12	1041	2	1	997955	0	0
2016-Jan-05 11:53:45	PI_12	1042	2	1	997955	0	0
2016-Jan-05 11:53:47	PI_12	1043	2	1	997955	0	0
2016-Jan-05 11:53:49	PI_12	1044	2	1	997955	0	0
2016-Jan-05 11:53:51	PI_12	1045	2	1	997955	0	0
2016-Jan-05 11:53:53	PI_12	1046	2	1	997955	0	0
2016-Jan-05 11:53:55	PI_12	1047	2	1	997955	0	0
2016-Jan-05 11:53:57	PI_12	1048	2	1	997955	0	0
2016-Jan-05 11:53:59	PI_12	1049	2	1	997955	0	0
2016-Jan-05 11:54:01	PI_12	1050	2	1	997955	0	0
2016-Jan-05 11:54:03	PI_12	1051	2	1	997955	0	0
2016-Jan-05 11:54:05	PI_12	1052	2	1	997955	0	0
2016-Jan-05 11:54:07	PI_12	1053	2	1	997955	0	0
2016-Jan-05 11:54:09	PI_12	1054	2	1	997955	0	0
2016-Jan-05 11:54:11	PI_12	1055	2	1	997955	0	0
2016-Jan-05 11:54:13	PI_12	1056	2	1	997955	0	0
2016-Jan-05 11:54:15	PI_12	1057	2	2	1405754	0	0,1
2016-Jan-05 11:54:17	PI_12	1058	2	2	1405754	0	0,1
2016-Jan-05 11:54:19	PI_12	1059	2	2	1405754	0	0,1
2016-Jan-05 11:54:21	PI_12	1060	2	2	1405754	0	0,1
2016-Jan-05 11:54:23	PI_12	1061	2	2	1405754	0	0,1
2016-Jan-05 11:54:25	PI_12	1062	2	2	1405754	0	0,1
2016-Jan-05 11:54:27	PI_12	1063	2	2	1405754	0	0,1
2016-Jan-05 11:54:29	PI_12	1064	2	2	1405754	0	0,1
2016-Jan-05 11:54:31	PI_12	1065	2	2	1405754	0	0,1
2016-Jan-05 11:54:33	PI_12	1066	2	2	1405754	0	0,1
2016-Jan-05 11:54:35	PI_12	1067	2	2	1405754	0	0,1
2016-Jan-05 11:54:37	PI_12	1068	2	2	1405754	0	0,1
2016-Jan-05 11:54:39	PI_12	1069	2	2	1405754	0	0,1
2016-Jan-05 11:54:41	PI_12	1070	2	2	1405754	0	0,1
2016-Jan-05 11:54:43	PI_12	1071	2	2	1405754	0	0,1
2016-Jan-05 11:54:45	PI_12	1072	2	2	1405754	0	0,1
2016-Jan-05 11:54:47	PI_12	1073	2	2	1405754	0	0,1
2016-Jan-05 11:54:49	PI_12	1074	2	0	642933	0	
2016-Jan-05 11:54:51	PI_12	1075	2	2	1405754	0	0,1
2016-Jan-05 11:54:53	PI_12	1076	2	0	642933	0	
2016-Jan-05 11:54:55	PI_12	1077	2	2	1405754	0	0,1
2016-Jan-05 11:54:57	PI_12	1078	2	0	642933	0	
2016-Jan-05 11:54:59	PI_12	1079	2	0	642933	0	
2016-Jan-05 11:55:01	PI_12	1080	2	0	642933	0	
2016-Jan-05 11:55:03	PI_12	1081	2	2	1405754	0	0,1
2016-Jan-05 11:55:05	PI_12	1082	2	0	642933	0	
2016-Jan-05 11:55:07	PI_12	1083	2	0	642933	0	
2016-Jan-05 11:55:09	PI_12	1084	2	0	642933	0	
2016-Jan-05 11:55:11	PI_12	1085	2	0	642933	0	
2016-Jan-05 11:55:13	PI_12	1086	2	2	1405754	0	0,1
2016-Jan-05 11:55:15	PI_12	1087	2	0	642933	0	
2016-Jan-05 11:55:17	PI_12	1088	2	0	642933	0	
2016-Jan-05 11:55:19	PI_12	1089	2	0	642933	0	
2016-Jan-05 11:55:21	PI_12	1090	2	2	1405754	0	0,1
2016-Jan-05 11:55:23	PI_12	1091	2	0	642933	0	
2016-Jan-05 11:55:25	PI_12	1092	2	0	642933	0	
2016-Jan-05 11:55:27	PI_12	1093	2	2	1405754	0	0,1
2016-Jan-05 11:55:29	PI_12	1094	2	0	642933	0	
2016-Jan-05 11:55:31	PI_12	1095	2	0	642933	0	
2016-Jan-05 11:55:33	PI_12	1096	2	2	1405754	0	0,1
2016-Jan-05 11:55:35	PI_12	1097	2	0	642933	0	
2016-Jan-05 11:55:37	PI_12	1098	2	0	642933	0	
2016-Jan-05 11:55:39	PI_12	1099	2	2	1405754	0	0,1
2016-Jan-05 11:55:41	PI_12	1100	2	0	642933	0	
2016-Jan-05 11:55:43	PI_12	1101	2	2	1405754	0	0,1
2016-Jan-05 11:55:45	PI_12	1102	2	0	642933	0	
2016-Jan-05 11:55:47	PI_12	1103	2	2	1405754	0	0,1
2016-Jan-05 11:55:49	PI_12	1104	2	0	642933	0	
2016-Jan-05 11:55:51	PI_12	1105	2	2	1405754	0	0,1
2016-Jan-05 11:55:53	PI_12	1106	2	2	1405754	0	0,1
2016-Jan-05 11:55:55	PI_12	1107	2	2	1405754	0	0,1
2016-Jan-05 11:55:57	PI_12	1108	2	0	642933	0	
2016-Jan-05 11:55:59	PI_12	1109	2	0	642933	0	
2016-Jan-05 11:56:01	PI_12	1110	2	1	997955	0	0
2016-Jan-05 11:56:03	PI_12	1111	2	1	997955	0	0
2016-Jan-05 11:56:05	PI_12	1112	2	2	1405754	0	0,1
2016-Jan-05 11:56:07	PI_12	1113	2	0	642933	0	
2016-Jan-05 11:56:09	PI_12	1114	2	0	642933	0	
2016-Jan-05 11:56:11	PI_12	1115	2	2	1405754	0	0,1
2016-Jan-05 11:56:13	PI_12	1116	2	0	642933	0	
2016-Jan-05 11:56:15	PI_12	1117	2	0	642933	0	
2016-Jan-05 11:56:17	PI_12	1118	2	2	1405754	0	0,1
2016-Jan-05 11:56:19	PI_12	1119	2	0	642933	0	
2016-Jan-05 11:56:21	PI_12	1120	2	2	1405754	0	0,1
2016-Jan-05 11:56:23	PI_12	1121	2	0	642933	0	
2016-Jan-05 11:56:25	PI_12	1122	2	0	642933	0	
2016-Jan-05 11:56:27	PI_12	1123	2	0	642933	0	
2016-Jan-05 11:56:29	PI_12	1124	2	0	642933	0	
2016-Jan-05 11:56:31	PI_12	1125	2	0	642933	0	
2016-Jan-05 11:56:33	PI_12	1126	2	0	642933	0	
2016-Jan-05 11:56:35	PI_12	1127	2	0	642933	0	
2016-Jan-05 11:56:37	PI_12	1128	2	0	642933	0	
2016-Jan-05 11:56:39	PI_12	1129	2	0	642933	0	
2016-Jan-05 11:56:41	PI_12	1130	2	2	1405754	0	0,1
2016-Jan-05 11:56:43	PI_12	1131	2	0	642933	0	
2016-Jan-05 11:56:45	PI_12	1132	2	0	642933	0	
2016-Jan-05 11:56:47	PI_12	1133	2	2	1405754	0	0,1
2016-Jan-05 11:56:49	PI_12	1134	2	0	642933	0	
2016-Jan-05 11:56:51	PI_12	1135	2	2	1405754	0	0,1
2016-Jan-05 11:56:53	PI_12	1136	2	0	642933	0	
2016-Jan-05 11:56:55	PI_12	1137	2	0	642933	0	
2016-Jan-05 11:56:57	PI_12	1138	2	2	1405754	0	0,1
2016-Jan-05 11:56:59	PI_12	1139	2	0	642933	0	
2016-Jan-05 11:57:01	PI_12	1140	2	0	642933	0	
2016-Jan-05 11:57:03	PI_12	1141	2	2	1405754	0	0,1
2016-Jan-05 11:57:05	PI_12	1142	2	2	1405754	0	0,1
2016-Jan-05 11:57:07	PI_12	1143	2	0	642933	0	
2016-Jan-05 11:57:09	PI_12	1144	2	2	1405754	0	0,1
2016-Jan-05 11:57:11	PI_12	1145	2	0	642933	0	
2016-Jan-05 11:57:13	PI_12	1146	2	2	1405754	0	0,1
2016-Jan-05 11:57:15	PI_12	1147	2	2	1405754	0	0,1
2016-Jan-05 11:57:17	PI_12	1148	2	2	1405754	0	0,1
2016-Jan-05 11:57:19	PI_12	1149	2	0	642933	0	
2016-Jan-05 11:57:21	PI_12	1150	2	2	1405754	0	0,1
2016-Jan-05 11:57:23	PI_12	1151	2	0	642933	0	
2016-Jan-05 11:57:25	PI_12	1152	2	2	1405754	0	0,1
2016-Jan-05 11:57:27	PI_12	1153	2	0	642933	0	
2016-Jan-05 11:57:29	PI_12	1154	2	2	1405754	0	0,1
2016-Jan-05 11:57:31	PI_12	1155	2	0	642933	0	
2016-Jan-05 11:57:33	PI_12	1156	2	0	642933	0	
2016-Jan-05 11:57:35	PI_12	1157	2	2	1405754	0	0,1
2016-Jan-05 11:57:37	PI_12	1158	2	0	642933	0	
2016-Jan-05 11:57:39	PI_12	1159	2	0	642933	0	
2016-Jan-05 11:57:41	PI_12	1160	2	0	642933	0	
2016-Jan-05 11:57:43	PI_12	1161	2	0	642933	0	
2016-Jan-05 11:57:45	PI_12	1162	2	0	642933	0	
2016-Jan-05 11:57:47	PI_12	1163	2	0	642933	0	
2016-Jan-05 11:57:49	PI_12	1164	2	0	642933	0	
2016-Jan-05 11:57:51	PI_12	1165	2	0	642933	0	
2016-Jan-05 11:57:53	PI_12	1166	2	0	642933	0	
2016-Jan-05 11:57:55	PI_12	1167	2	0	642933	0	
2016-Jan-05 11:57:57	PI_12	1168	2	0	642933	0	
2016-Jan-05 11:57:59	PI_12	1169	2	0	642933	0	
2016-Jan-05 11:58:01	PI_12	1170	2	0	642933	0	
2016-Jan-05 11:58:03	PI_12	1171	2	0	642933	0	
2016-Jan-05 11:58:05	PI_12	1172	2	0	642933	0	
2016-Jan-05 11:58:07	PI_12	1173	2	0	642933	0	
2016-Jan-05 11:58:09	PI_12	1174	2	0	642933	0	
2016-Jan-05 11:58:11	PI_12	1175	2	0	642933	0	
2016-Jan-05 11:58:13	PI_12	1176	2	0	642933	0	
2016-Jan-05 11:58:15	PI_12	1177	2	0	642933	0	
2016-Jan-05 11:58:17	PI_12	1178	2	0	642933	0	
2016-Jan-05 11:58:19	PI_12	1179	2	2	1405754	0	0,1
2016-Jan-05 11:58:21	PI_12	1180	2	0	642933	0	
2016-Jan-05 11:58:23	PI_12	1181	2	2	1405754	0	0,1
2016-Jan-05 11:58:25	PI_12	1182	2	0	642933	0	
2016-Jan-05 11:58:27	PI_12	1183	2	0	642933	0	
2016-Jan-05 11:58:29	PI_12	1184	2	1	997955	0	0
2016-Jan-05 11:58:31	PI_12	1185	2	2	1405754	0	0,1
2016-Jan-05 11:58:33	PI_12	1186	2	0	642933	0	
2016-Jan-05 11:58:35	PI_12	1187	2	0	642933	0	
2016-Jan-05 11:58:37	PI_12	1188	2	2	1405754	0	0,1
2016-Jan-05 11:58:39	PI_12	1189	2	0	642933	0	
2016-Jan-05 11:58:41	PI_12	1190	2	2	1405754	0	0,1
2016-Jan-05 11:58:43	PI_12	1191	2	0	642933	0	
2016-Jan-05 11:58:45	PI_12	1192	2	0	642933	0	
2016-Jan-05 11:58:47	PI_12	1193	2	0	642933	0	
2016-Jan-05 11:58:49	PI_12	1194	2	2	1405754	0	0,1
2016-Jan-05 11:58:51	PI_12	1195	2	0	642933	0	
2016-Jan-05 11:58:53	PI_12	1196	2	2	1405754	0	0,1
2016-Jan-05 11:58:55	PI_12	1197	2	0	642933	0	
2016-Jan-05 11:58:57	PI_12	1198	2	0	642933	0	
2016-Jan-05 11:58:59	PI_12	1199	2	0	642933	0	
2016-Jan-05 11:59:01	PI_12	1200	2	0	642933	0	
2016-Jan-05 11:59:03	PI_12	1201	2	0	642933	0	
2016-Jan-05 11:59:05	PI_12	1202	2	2	1405754	0	0,1
2016-Jan-05 11:59:07	PI_12	1203	2	0	642933	0	
2016-Jan-05 11:59:09	PI_12	1204	2	2	1405754	0	0,1
2016-Jan-05 11:59:11	PI_12	1205	2	2	1405754	0	0,1
2016-Jan-05 11:59:13	PI_12	1206	2	0	642933	0	
2016-Jan-05 11:59:15	PI_12	1207	2	2	1405754	0	0,1
2016-Jan-05 11:59:17	PI_12	1208	2	1	997955	0	0
2016-Jan-05 11:59:19	PI_12	1209	2	2	1405754	0	0,1
2016-Jan-05 11:59:21	PI_12	1210	2	2	1405754	0	0,1
2016-Jan-05 11:59:23	PI_12	1211	2	2	1405754	0	0,1
2016-Jan-05 11:59:25	PI_12	1212	2	0	642933	0	
2016-Jan-05 11:59:27	PI_12	1213	2	2	1405754	0	0,1
2016-Jan-05 11:59:29	PI_12	1214	2	0	642933	0	
2016-Jan-05 11:59:31	PI_12	1215	2	2	1405754	0	0,1
2016-Jan-05 11:59:33	PI_12	1216	2	0	642933	0	
2016-Jan-05 11:59:35	PI_12	1217	2	2	1405754	0	0,1
2016-Jan-05 11:59:37	PI_12	1218	2	0	642933	0	
2016-Jan-05 11:59:39	PI_12	1219	2	2	1405754	0	0,1
2016-Jan-05 11:59:41	PI_12	1220	2	2	1405754	0	0,1
2016-Jan-05 11:59:43	PI_12	1221	2	0	642933	0	
2016-Jan-05 11:59:45	PI_12	1222	2	0	642933	0	
2016-Jan-05 11:59:47	PI_12	1223	2	2	1405754	0	0,1
2016-Jan-05 11:59:49	PI_12	1224	2	0	642933	0	
2016-Jan-05 11:59:51	PI_12	1225	2	2	1405754	0	0,1
2016-Jan-05 11:59:53	PI_12	1226	2	0	642933	0	
2016-Jan-05 11:59:55	PI_12	1227	2	0	642933	0	
2016-Jan-05 11:59:57	PI_12	1228	2	2	1405754	0	0,1
2016-Jan-05 11:59:59	PI_12	1229	2	0	642933	0	
2016-Jan-05 12:00:01	PI_12	1230	2	2	1405754	0	0,1
2016-Jan-05 12:00:03	PI_12	1231	2	0	642933	0	
2016-Jan-05 12:00:05	PI_12	1232	2	0	642933	0	
2016-Jan-05 12:00:07	PI_12	1233	2	2	1405754	0	0,1
2016-Jan-05 12:00:09	PI_12	1234	2	0	642933	0	
2016-Jan-05 12:00:11	PI_12	1235	2	0	642933	0	
2016-Jan-05 12:00:13	PI_12	1236	2	2	1405754	0	0,1
2016-Jan-05 12:00:15	PI_12	1237	2	0	642933	0	
2016-Jan-05 12:00:17	PI_12	1238	2	2	1405754	0	0,1
2016-Jan-05 12:00:19	PI_12	1239	2	0	642933	0	
2016-Jan-05 12:00:21	PI_12	1240	2	2	1405754	0	0,1
2016-Jan-05 12:00:23	PI_12	1241	2	0	642933	0	
2016-Jan-05 12:00:25	PI_12	1242	2	2	1405754	0	0,1
2016-Jan-05 12:00:27	PI_12	1243	2	0	642933	0	
2016-Jan-05 12:00:29	PI_12	1244	2	2	1405754	0	0,1
2016-Jan-05 12:00:31	PI_12	1245	2	0	642933	0	
2016-Jan-05 12:00:33	PI_12	1246	2	2	1405754	0	0,1
2016-Jan-05 12:00:35	PI_12	1247	2	0	642933	0	
2016-Jan-05 12:00:37	PI_12	1248	2	2	1405754	0	0,1
2016-Jan-05 12:00:39	PI_12	1249	2	0	642933	0	
2016-Jan-05 12:00:41	PI_12	1250	2	0	642933	0	
2016-Jan-05 12:00:43	PI_12	1251	2	2	1405754	0	0,1
2016-Jan-05 12:00:45	PI_12	1252	2	0	642933	0	
2016-Jan-05 12:00:47	PI_12	1253	2	2	1405754	0	0,1
2016-Jan-05 12:00:49	PI_12	1254	2	0	642933	0	
2016-Jan-05 12:00:51	PI_12	1255	2	2	1405754	0	0,1
2016-Jan-05 12:00:53	PI_12	1256	2	2	1405754	0	0,1
2016-Jan-05 12:00:55	PI_12	1257	2	0	642933	0	
2016-Jan-05 12:00:57	PI_12	1258	2	2	1405754	0	0,1
2016-Jan-05 12:00:59	PI_12	1259	2	0	642933	0	
2016-Jan-05 12:01:01	PI_12	1260	2	2	1405754	0	0,1
2016-Jan-05 12:01:03	PI_12	1261	2	0	642933	0	
2016-Jan-05 12:01:05	PI_12	1262	2	0	642933	0	
2016-Jan-05 12:01:07	PI_12	1263	2	0	642933	0	
2016-Jan-05 12:01:09	PI_12	1264	2	0	642933	0	
2016-Jan-05 12:01:11	PI_12	1265	2	0	642933	0	
2016-Jan-05 12:01:13	PI_12	1266	2	0	642933	0	
2016-Jan-05 12:01:15	PI_12	1267	2	0	642933	0	
2016-Jan-05 12:01:17	PI_12	1268	2	0	642933	0	
2016-Jan-05 12:01:19	PI_12	1269	2	0	642933	0	
2016-Jan-05 12:01:21	PI_12	1270	2	2	1405754	0	0,1
2016-Jan-05 12:01:23	PI_12	1271	2	0	642933	0	
2016-Jan-05 12:01:25	PI_12	1272	2	0	642933	0	
2016-Jan-05 12:01:27	PI_12	1273	2	2	1405754	0	0,1
2016-Jan-05 12:01:29	PI_12	1274	2	0	642933	0	
2016-Jan-05 12:01:31	PI_12	1275	2	0	642933	0	
2016-Jan-05 12:01:33	PI_12	1276	2	2	1405754	0	0,1
2016-Jan-05 12:01:35	PI_12	1277	2	0	642933	0	
2016-Jan-05 12:01:37	PI_12	1278	2	0	642933	0	
2016-Jan-05 12:01:39	PI_12	1279	2	0	642933	0	
2016-Jan-05 12:01:41	PI_12	1280	2	0	642933	0	
2016-Jan-05 12:01:43	PI_12	1281	2	0	642933	0	
2016-Jan-05 12:01:45	PI_12	1282	2	2	1405754	0	0,1
2016-Jan-05 12:01:47	PI_12	1283	2	0	642933	0	
2016-Jan-05 12:01:49	PI_12	1284	2	0	642933	0	
2016-Jan-05 12:01:51	PI_12	1285	2	2	1405754	0	0,1
2016-Jan-05 12:01:53	PI_12	1286	2	0	642933	0	
2016-Jan-05 12:01:55	PI_12	1287	2	2	1405754	0	0,1
2016-Jan-05 12:01:57	PI_12	1288	2	0	642933	0	
2016-Jan-05 12:01:59	PI_12	1289	2	2	1405754	0	0,1
2016-Jan-05 12:02:01	PI_12	1290	2	2	1405754	0	0,1
2016-Jan-05 12:02:03	PI_12	1291	2	2	1405754	0	0,1
2016-Jan-05 12:02:05	PI_12	1292	2	1	997955	0	0
2016-Jan-05 12:02:07	PI_12	1293	2	2	1405754	0	0,1
2016-Jan-05 12:02:09	PI_12	1294	2	0	642933	0	
2016-Jan-05 12:02:11	PI_12	1295	2	2	1405754	0	0,1
2016-Jan-05 12:02:13	PI_12	1296	2	2	1405754	0	0,1
2016-Jan-05 12:02:15	PI_12	1297	2	0	642933	0	
2016-Jan-05 12:02:17	PI_12	1298	2	2	1405754	0	0,1
2016-Jan-05 12:02:19	PI_12	1299	2	0	642933	0	
2016-Jan-05 12:02:21	PI_12	1300	2	0	642933	0	
2016-Jan-05 12:02:23	PI_12	1301	2	2	1405754	0	0,1
2016-Jan-05 12:02:25	PI_12	1302	2	0	642933	0	
2016-Jan-05 12:02:27	PI_12	1303	2	0	642933	0	
2016-Jan-05 12:02:29	PI_12	1304	2	0	642933	0	
2016-Jan-05 12:02:31	PI_12	1305	2	2	1405754	0	0,1
2016-Jan-05 12:02:33	PI_12	1306	2	0	642933	0	
2016-Jan-05 12:02:35	PI_12	1307	2	0	642933	0	
2016-Jan-05 12:02:37	PI_12	1308	2	0	642933	0	
2016-Jan-05 12:02:39	PI_12	1309	2	0	642933	0	
2016-Jan-05 12:02:41	PI_12	1310	2	0	642933	0	
2016-Jan-05 12:02:43	PI_12	1311	2	2	1405754	0	0,1
2016-Jan-05 12:02:45	PI_12	1312	2	0	642933	0	
2016-Jan-05 12:02:47	PI_12	1313	2	0	642933	0	
2016-Jan-05 12:02:49	PI_12	1314	2	0	642933	0	
2016-Jan-05 12:02:51	PI_12	1315	2	2	1405754	0	0,1
2016-Jan-05 12:02:53	PI_12	1316	2	0	642933	0	
2016-Jan-05 12:02:55	PI_12	1317	2	0	642933	0	
2016-Jan-05 12:02:57	PI_12	1318	2	0	642933	0	
2016-Jan-05 12:02:59	PI_12	1319	2	2	1405754	0	0,1
2016-Jan-05 12:03:01	PI_12	1320	2	0	642933	0	
2016-Jan-05 12:03:03	PI_12	1321	2	0	642933	0	
2016-Jan-05 12:03:05	PI_12	1322	2	2	1405754	0	0,1
2016-Jan-05 12:03:07	PI_12	1323	2	0	642933	0	
2016-Jan-05 12:03:09	PI_12	1324	2	2	1405754	0	0,1
2016-Jan-05 12:03:11	PI_12	1325	2	0	642933	0	
2016-Jan-05 12:03:13	PI_12	1326	2	2	1405754	0	0,1
2016-Jan-05 12:03:15	PI_12	1327	2	0	642933	0	
2016-Jan-05 12:03:17	PI_12	1328	2	2	1405754	0	0,1
2016-Jan-05 12:03:19	PI_12	1329	2	0	642933	0	
2016-Jan-05 12:03:21	PI_12	1330	2	2	1405754	0	0,1
2016-Jan-05 12:03:23	PI_12	1331	2	0	642933	0	
2016-Jan-05 12:03:25	PI_12	1332	2	2	1405754	0	0,1
2016-Jan-05 12:03:27	PI_12	1333	2	0	642933	0	
2016-Jan-05 12:03:29	PI_12	1334	2	0	642933	0	
2016-Jan-05 12:03:31	PI_12	1335	2	2	1405754	0	0,1
2016-Jan-05 12:03:33	PI_12	1336	2	0	642933	0	
2016-Jan-05 12:03:35	PI_12	1337	2	2	1405754	0	0,1
2016-Jan-05 12:03:37	PI_12	1338	2	0	642933	0	
2016-Jan-05 12:03:39	PI_12	1339	2	0	642933	0	
2016-Jan-05 12:03:41	PI_12	1340	2	2	1405754	0	0,1
2016-Jan-05 12:03:43	PI_12	1341	2	0	642933	0	
2016-Jan-05 12:03:45	PI_12	1342	2	0	642933	0	
2016-Jan-05 12:03:47	PI_12	1343	2	2	1405754	0	0,1
2016-Jan-05 12:03:49	PI_12	1344	2	0	642933	0	
2016-Jan-05 12:03:51	PI_12	1345	2	2	1405754	0	0,1
2016-Jan-05 12:03:53	PI_12	1346	2	0	642933	0	
2016-Jan-05 12:03:55	PI_12	1347	2	0	642933	0	
2016-Jan-05 12:03:57	PI_12	1348	2	2	1405754	0	0,1
2016-Jan-05 12:03:59	PI_12	1349	2	0	642933	0	
2016-Jan-05 12:04:01	PI_12	1350	2	0	642933	0	
2016-Jan-05 12:04:03	PI_12	1351	2	0	642933	0	
2016-Jan-05 12:04:05	PI_12	1352	2	0	642933	0	
2016-Jan-05 12:04:07	PI_12	1353	2	0	642933	0	
2016-Jan-05 12:04:09	PI_12	1354	2	0	642933	0	
2016-Jan-05 12:04:11	PI_12	1355	2	2	1405754	0	0,1
2016-Jan-05 12:04:13	PI_12	1356	2	0	642933	0	
2016-Jan-05 12:04:15	PI_12	1357	2	0	642933	0	
2016-Jan-05 12:04:17	PI_12	1358	2	0	642933	0	
2016-Jan-05 12:04:19	PI_12	1359	2	0	642933	0	
2016-Jan-05 12:04:21	PI_12	1360	2	0	642933	0	
2016-Jan-05 12:04:23	PI_12	1361	2	0	642933	0	
2016-Jan-05 12:04:25	PI_12	1362	2	0	642933	0	
2016-Jan-05 12:04:27	PI_12	1363	2	0	642933	0	
2016-Jan-05 12:04:29	PI_12	1364	2	2	1405754	0	0,1
2016-Jan-05 12:04:31	PI_12	1365	2	0	642933	0	
2016-Jan-05 12:04:33	PI_12	1366	2	0	642933	0	
2016-Jan-05 12:04:35	PI_12	1367	2	0	642933	0	
2016-Jan-05 12:04:37	PI_12	1368	2	0	642933	0	
2016-Jan-05 12:04:39	PI_12	1369	2	2	1405754	0	0,1
2016-Jan-05 12:04:41	PI_12	1370	2	0	642933	0	
2016-Jan-05 12:04:43	PI_12	1371	2	0	642933	0	
2016-Jan-05 12:04:45	PI_12	1372	2	0	642933	0	
2016-Jan-05 12:04:47	PI_12	1373	2	2	1405754	0	0,1
2016-Jan-05 12:04:49	PI_12	1374	2	0	642933	0	
2016-Jan-05 12:04:51	PI_12	1375	2	0	642933	0	
2016-Jan-05 12:04:53	PI_12	1376	2	2	1405754	0	0,1
2016-Jan-05 12:04:55	PI_12	1377	2	2	1405754	0	0,1
2016-Jan-05 12:04:57	PI_12	1378	2	2	1405754	0	0,1
2016-Jan-05 12:04:59	PI_12	1379	2	0	642933	0	
2016-Jan-05 12:05:01	PI_12	1380	2	2	1405754	0	0,1
2016-Jan-05 12:05:03	PI_12	1381	2	2	1405754	0	0,1
2016-Jan-05 12:05:05	PI_12	1382	2	1	997955	0	0
2016-Jan-05 12:05:07	PI_12	1383	2	1	997955	0	0
2016-Jan-05 12:05:09	PI_12	1384	2	1	997955	0	0
2016-Jan-05 12:05:11	PI_12	1385	2	1	997955	0	0
2016-Jan-05 12:05:13	PI_12	1386	2	1	997955	0	0
2016-Jan-05 12:05:15	PI_12	1387	2	1	997955	0	0
2016-Jan-05 12:05:17	PI_12	1388	2	1	997955	0	0
2016-Jan-05 12:05:19	PI_12	1389	2	1	997955	0	0
2016-Jan-05 12:05:21	PI_12	1390	2	1	997955	0	0
2016-Jan-05 12:05:23	PI_12	1391	2	1	997955	0	0
2016-Jan-05 12:05:25	PI_12	1392	2	1	997955	0	0
2016-Jan-05 12:05:27	PI_12	1393	2	1	997955	0	0
2016-Jan-05 12:05:29	PI_12	1394	2	1	997955	0	0
2016-Jan-05 12:05:31	PI_12	1395	2	1	997955	0	0
2016-Jan-05 12:05:33	PI_12	1396	2	1	997955	0	0
2016-Jan-05 12:05:35	PI_12	1397	2	1	997955	0	0
2016-Jan-05 12:05:37	PI_12	1398	2	1	997955	0	0
2016-Jan-05 12:05:39	PI_12	1399	2	1	997955	0	0
2016-Jan-05 12:05:41	PI_12	1400	2	1	997955	0	0
2016-Jan-05 12:05:43	PI_12	1401	2	1	997955	0	0
2016-Jan-05 12:05:45	PI_12	1402	2	1	997955	0	0
2016-Jan-05 12:05:47	PI_12	1403	2	1	997955	0	0
2016-Jan-05 12:05:49	PI_12	1404	2	1	997955	0	0
2016-Jan-05 12:05:51	PI_12	1405	2	1	997955	0	0
2016-Jan-05 12:05:53	PI_12	1406	2	2	1405754	0	0,1
2016-Jan-05 12:05:55	PI_12	1407	2	1	997955	0	0
2016-Jan-05 12:05:57	PI_12	1408	2	2	1405754	0	0,1
2016-Jan-05 12:05:59	PI_12	1409	2	2	1405754	0	0,1
2016-Jan-05 12:06:01	PI_12	1410	2	2	1405754	0	0,1
2016-Jan-05 12:06:03	PI_12	1411	2	0	642933	0	
2016-Jan-05 12:06:05	PI_12	1412	2	2	1405754	0	0,1
2016-Jan-05 12:06:07	PI_12	1413	2	0	642933	0	
2016-Jan-05 12:06:09	PI_12	1414	2	0	642933	0	
2016-Jan-05 12:06:11	PI_12	1415	2	2	1405754	0	0,1
2016-Jan-05 12:06:13	PI_12	1416	2	0	642933	0	
2016-Jan-05 12:06:15	PI_12	1417	2	0	642933	0	
2016-Jan-05 12:06:17	PI_12	1418	2	0	642933	0	
2016-Jan-05 12:06:19	PI_12	1419	2	0	642933	0	
2016-Jan-05 12:06:21	PI_12	1420	2	0	642933	0	
2016-Jan-05 12:06:23	PI_12	1421	2	0	642933	0	
2016-Jan-05 12:06:25	PI_12	1422	2	0	642933	0	
2016-Jan-05 12:06:27	PI_12	1423	2	0	642933	0	
2016-Jan-05 12:06:29	PI_12	1424	2	0	642933	0	
2016-Jan-05 12:06:31	PI_12	1425	2	0	642933	0	
2016-Jan-05 12:06:33	PI_12	1426	2	0	642933	0	
2016-Jan-05 12:06:35	PI_12	1427	2	2	1405754	0	0,1
2016-Jan-05 12:06:37	PI_12	1428	2	0	642933	0	
2016-Jan-05 12:06:39	PI_12	1429	2	0	642933	0	
2016-Jan-05 12:06:41	PI_12	1430	2	2	1405754	0	0,1
2016-Jan-05 12:06:43	PI_12	1431	2	0	642933	0	
2016-Jan-05 12:06:45	PI_12	1432	2	2	1405754	0	0,1
2016-Jan-05 12:06:47	PI_12	1433	2	1	997955	0	0
2016-Jan-05 12:06:49	PI_12	1434	2	1	997955	0	0
