Time	Node	SegmentNumber	SegmentDuration(sec)	SegmentRepID	SegmentBitrate(bit/s)	StallingTime(msec)	SegmentDepIds
2016-Jan-05 11:19:03	PI_8	0	2	0	642933	1000	
2016-Jan-05 11:19:05	PI_8	1	2	0	642933	0	
2016-Jan-05 11:19:07	PI_8	2	2	0	642933	0	
2016-Jan-05 11:19:09	PI_8	3	2	0	642933	0	
2016-Jan-05 11:19:11	PI_8	4	2	0	642933	0	
2016-Jan-05 11:19:13	PI_8	5	2	0	642933	0	
2016-Jan-05 11:19:15	PI_8	6	2	0	642933	0	
2016-Jan-05 11:19:17	PI_8	7	2	0	642933	0	
2016-Jan-05 11:19:19	PI_8	8	2	0	642933	0	
2016-Jan-05 11:19:21	PI_8	9	2	0	642933	0	
2016-Jan-05 11:19:23	PI_8	10	2	0	642933	0	
2016-Jan-05 11:19:25	PI_8	11	2	0	642933	0	
2016-Jan-05 11:19:27	PI_8	12	2	0	642933	0	
2016-Jan-05 11:19:29	PI_8	13	2	0	642933	0	
2016-Jan-05 11:19:31	PI_8	14	2	0	642933	0	
2016-Jan-05 11:19:33	PI_8	15	2	0	642933	0	
2016-Jan-05 11:19:35	PI_8	16	2	0	642933	0	
2016-Jan-05 11:19:37	PI_8	17	2	0	642933	0	
2016-Jan-05 11:19:39	PI_8	18	2	0	642933	0	
2016-Jan-05 11:19:41	PI_8	19	2	0	642933	0	
2016-Jan-05 11:19:43	PI_8	20	2	0	642933	0	
2016-Jan-05 11:19:45	PI_8	21	2	0	642933	0	
2016-Jan-05 11:19:47	PI_8	22	2	0	642933	0	
2016-Jan-05 11:19:49	PI_8	23	2	1	997955	0	0
2016-Jan-05 11:19:51	PI_8	24	2	0	642933	0	
2016-Jan-05 11:19:53	PI_8	25	2	0	642933	0	
2016-Jan-05 11:19:55	PI_8	26	2	0	642933	0	
2016-Jan-05 11:19:57	PI_8	27	2	0	642933	0	
2016-Jan-05 11:19:59	PI_8	28	2	0	642933	0	
2016-Jan-05 11:20:01	PI_8	29	2	1	997955	0	0
2016-Jan-05 11:20:03	PI_8	30	2	0	642933	0	
2016-Jan-05 11:20:05	PI_8	31	2	1	997955	0	0
2016-Jan-05 11:20:07	PI_8	32	2	1	997955	0	0
2016-Jan-05 11:20:09	PI_8	33	2	1	997955	0	0
2016-Jan-05 11:20:11	PI_8	34	2	0	642933	0	
2016-Jan-05 11:20:13	PI_8	35	2	0	642933	0	
2016-Jan-05 11:20:15	PI_8	36	2	1	997955	0	0
2016-Jan-05 11:20:17	PI_8	37	2	0	642933	0	
2016-Jan-05 11:20:19	PI_8	38	2	0	642933	0	
2016-Jan-05 11:20:21	PI_8	39	2	0	642933	0	
2016-Jan-05 11:20:23	PI_8	40	2	0	642933	0	
2016-Jan-05 11:20:25	PI_8	41	2	0	642933	0	
2016-Jan-05 11:20:27	PI_8	42	2	0	642933	0	
2016-Jan-05 11:20:29	PI_8	43	2	1	997955	0	0
2016-Jan-05 11:20:31	PI_8	44	2	0	642933	0	
2016-Jan-05 11:20:33	PI_8	45	2	1	997955	0	0
2016-Jan-05 11:20:35	PI_8	46	2	1	997955	0	0
2016-Jan-05 11:20:37	PI_8	47	2	1	997955	0	0
2016-Jan-05 11:20:39	PI_8	48	2	1	997955	0	0
2016-Jan-05 11:20:41	PI_8	49	2	0	642933	0	
2016-Jan-05 11:20:43	PI_8	50	2	1	997955	0	0
2016-Jan-05 11:20:45	PI_8	51	2	1	997955	0	0
2016-Jan-05 11:20:47	PI_8	52	2	0	642933	0	
2016-Jan-05 11:20:49	PI_8	53	2	2	1405754	0	0,1
2016-Jan-05 11:20:51	PI_8	54	2	0	642933	0	
2016-Jan-05 11:20:53	PI_8	55	2	0	642933	0	
2016-Jan-05 11:20:55	PI_8	56	2	0	642933	0	
2016-Jan-05 11:20:57	PI_8	57	2	0	642933	0	
2016-Jan-05 11:20:59	PI_8	58	2	0	642933	0	
2016-Jan-05 11:21:01	PI_8	59	2	1	997955	0	0
2016-Jan-05 11:21:03	PI_8	60	2	0	642933	0	
2016-Jan-05 11:21:05	PI_8	61	2	0	642933	0	
2016-Jan-05 11:21:07	PI_8	62	2	0	642933	0	
2016-Jan-05 11:21:09	PI_8	63	2	0	642933	0	
2016-Jan-05 11:21:11	PI_8	64	2	0	642933	0	
2016-Jan-05 11:21:13	PI_8	65	2	0	642933	0	
2016-Jan-05 11:21:15	PI_8	66	2	1	997955	0	0
2016-Jan-05 11:21:17	PI_8	67	2	1	997955	0	0
2016-Jan-05 11:21:19	PI_8	68	2	0	642933	0	
2016-Jan-05 11:21:21	PI_8	69	2	2	1405754	0	0,1
2016-Jan-05 11:21:23	PI_8	70	2	0	642933	0	
2016-Jan-05 11:21:25	PI_8	71	2	0	642933	0	
2016-Jan-05 11:21:27	PI_8	72	2	0	642933	0	
2016-Jan-05 11:21:29	PI_8	73	2	2	1405754	0	0,1
2016-Jan-05 11:21:31	PI_8	74	2	0	642933	0	
2016-Jan-05 11:21:33	PI_8	75	2	0	642933	0	
2016-Jan-05 11:21:35	PI_8	76	2	0	642933	0	
2016-Jan-05 11:21:37	PI_8	77	2	0	642933	0	
2016-Jan-05 11:21:39	PI_8	78	2	2	1405754	0	0,1
2016-Jan-05 11:21:41	PI_8	79	2	0	642933	0	
2016-Jan-05 11:21:43	PI_8	80	2	0	642933	0	
2016-Jan-05 11:21:45	PI_8	81	2	0	642933	0	
2016-Jan-05 11:21:47	PI_8	82	2	1	997955	0	0
2016-Jan-05 11:21:49	PI_8	83	2	0	642933	0	
2016-Jan-05 11:21:51	PI_8	84	2	1	997955	0	0
2016-Jan-05 11:21:53	PI_8	85	2	0	642933	0	
2016-Jan-05 11:21:55	PI_8	86	2	1	997955	0	0
2016-Jan-05 11:21:57	PI_8	87	2	1	997955	0	0
2016-Jan-05 11:21:59	PI_8	88	2	1	997955	0	0
2016-Jan-05 11:22:01	PI_8	89	2	0	642933	0	
2016-Jan-05 11:22:03	PI_8	90	2	0	642933	0	
2016-Jan-05 11:22:05	PI_8	91	2	0	642933	0	
2016-Jan-05 11:22:07	PI_8	92	2	0	642933	0	
2016-Jan-05 11:22:09	PI_8	93	2	0	642933	0	
2016-Jan-05 11:22:11	PI_8	94	2	0	642933	0	
2016-Jan-05 11:22:13	PI_8	95	2	0	642933	0	
2016-Jan-05 11:22:15	PI_8	96	2	1	997955	0	0
2016-Jan-05 11:22:17	PI_8	97	2	0	642933	0	
2016-Jan-05 11:22:19	PI_8	98	2	0	642933	0	
2016-Jan-05 11:22:21	PI_8	99	2	1	997955	0	0
2016-Jan-05 11:22:23	PI_8	100	2	0	642933	0	
2016-Jan-05 11:22:25	PI_8	101	2	0	642933	0	
2016-Jan-05 11:22:27	PI_8	102	2	1	997955	0	0
2016-Jan-05 11:22:29	PI_8	103	2	0	642933	0	
2016-Jan-05 11:22:31	PI_8	104	2	1	997955	0	0
2016-Jan-05 11:22:33	PI_8	105	2	0	642933	0	
2016-Jan-05 11:22:35	PI_8	106	2	0	642933	0	
2016-Jan-05 11:22:37	PI_8	107	2	0	642933	0	
2016-Jan-05 11:22:39	PI_8	108	2	0	642933	0	
2016-Jan-05 11:22:41	PI_8	109	2	0	642933	0	
2016-Jan-05 11:22:43	PI_8	110	2	1	997955	0	0
2016-Jan-05 11:22:45	PI_8	111	2	0	642933	0	
2016-Jan-05 11:22:47	PI_8	112	2	1	997955	0	0
2016-Jan-05 11:22:49	PI_8	113	2	1	997955	0	0
2016-Jan-05 11:22:51	PI_8	114	2	0	642933	0	
2016-Jan-05 11:22:53	PI_8	115	2	1	997955	0	0
2016-Jan-05 11:22:55	PI_8	116	2	1	997955	0	0
2016-Jan-05 11:22:57	PI_8	117	2	0	642933	0	
2016-Jan-05 11:22:59	PI_8	118	2	1	997955	0	0
2016-Jan-05 11:23:01	PI_8	119	2	0	642933	0	
2016-Jan-05 11:23:03	PI_8	120	2	1	997955	0	0
2016-Jan-05 11:23:05	PI_8	121	2	1	997955	0	0
2016-Jan-05 11:23:07	PI_8	122	2	0	642933	0	
2016-Jan-05 11:23:09	PI_8	123	2	0	642933	0	
2016-Jan-05 11:23:11	PI_8	124	2	0	642933	0	
2016-Jan-05 11:23:13	PI_8	125	2	0	642933	0	
2016-Jan-05 11:23:15	PI_8	126	2	0	642933	0	
2016-Jan-05 11:23:17	PI_8	127	2	0	642933	0	
2016-Jan-05 11:23:19	PI_8	128	2	0	642933	0	
2016-Jan-05 11:23:21	PI_8	129	2	1	997955	0	0
2016-Jan-05 11:23:23	PI_8	130	2	0	642933	0	
2016-Jan-05 11:23:25	PI_8	131	2	0	642933	0	
2016-Jan-05 11:23:27	PI_8	132	2	1	997955	0	0
2016-Jan-05 11:23:29	PI_8	133	2	0	642933	0	
2016-Jan-05 11:23:31	PI_8	134	2	1	997955	0	0
2016-Jan-05 11:23:33	PI_8	135	2	0	642933	0	
2016-Jan-05 11:23:35	PI_8	136	2	0	642933	0	
2016-Jan-05 11:23:37	PI_8	137	2	0	642933	0	
2016-Jan-05 11:23:39	PI_8	138	2	0	642933	0	
2016-Jan-05 11:23:41	PI_8	139	2	1	997955	0	0
2016-Jan-05 11:23:43	PI_8	140	2	0	642933	0	
2016-Jan-05 11:23:45	PI_8	141	2	2	1405754	0	0,1
2016-Jan-05 11:23:47	PI_8	142	2	0	642933	0	
2016-Jan-05 11:23:49	PI_8	143	2	0	642933	0	
2016-Jan-05 11:23:51	PI_8	144	2	0	642933	0	
2016-Jan-05 11:23:53	PI_8	145	2	1	997955	0	0
2016-Jan-05 11:23:55	PI_8	146	2	1	997955	0	0
2016-Jan-05 11:23:57	PI_8	147	2	1	997955	0	0
2016-Jan-05 11:23:59	PI_8	148	2	0	642933	0	
2016-Jan-05 11:24:01	PI_8	149	2	0	642933	0	
2016-Jan-05 11:24:03	PI_8	150	2	0	642933	0	
2016-Jan-05 11:24:05	PI_8	151	2	0	642933	0	
2016-Jan-05 11:24:07	PI_8	152	2	1	997955	0	0
2016-Jan-05 11:24:09	PI_8	153	2	0	642933	0	
2016-Jan-05 11:24:11	PI_8	154	2	0	642933	0	
2016-Jan-05 11:24:13	PI_8	155	2	0	642933	0	
2016-Jan-05 11:24:15	PI_8	156	2	1	997955	0	0
2016-Jan-05 11:24:17	PI_8	157	2	0	642933	0	
2016-Jan-05 11:24:19	PI_8	158	2	0	642933	0	
2016-Jan-05 11:24:21	PI_8	159	2	0	642933	0	
2016-Jan-05 11:24:23	PI_8	160	2	0	642933	0	
2016-Jan-05 11:24:25	PI_8	161	2	0	642933	0	
2016-Jan-05 11:24:27	PI_8	162	2	1	997955	0	0
2016-Jan-05 11:24:29	PI_8	163	2	0	642933	0	
2016-Jan-05 11:24:31	PI_8	164	2	0	642933	0	
2016-Jan-05 11:24:33	PI_8	165	2	0	642933	0	
2016-Jan-05 11:24:35	PI_8	166	2	0	642933	0	
2016-Jan-05 11:24:37	PI_8	167	2	0	642933	0	
2016-Jan-05 11:24:39	PI_8	168	2	1	997955	0	0
2016-Jan-05 11:24:41	PI_8	169	2	0	642933	0	
2016-Jan-05 11:24:43	PI_8	170	2	1	997955	0	0
2016-Jan-05 11:24:45	PI_8	171	2	1	997955	0	0
2016-Jan-05 11:24:47	PI_8	172	2	0	642933	0	
2016-Jan-05 11:24:49	PI_8	173	2	0	642933	0	
2016-Jan-05 11:24:51	PI_8	174	2	0	642933	0	
2016-Jan-05 11:24:53	PI_8	175	2	0	642933	0	
2016-Jan-05 11:24:55	PI_8	176	2	0	642933	0	
2016-Jan-05 11:24:57	PI_8	177	2	0	642933	0	
2016-Jan-05 11:24:59	PI_8	178	2	0	642933	0	
2016-Jan-05 11:25:01	PI_8	179	2	0	642933	0	
2016-Jan-05 11:25:03	PI_8	180	2	0	642933	0	
2016-Jan-05 11:25:05	PI_8	181	2	0	642933	0	
2016-Jan-05 11:25:07	PI_8	182	2	0	642933	0	
2016-Jan-05 11:25:09	PI_8	183	2	0	642933	0	
2016-Jan-05 11:25:11	PI_8	184	2	0	642933	0	
2016-Jan-05 11:25:13	PI_8	185	2	0	642933	0	
2016-Jan-05 11:25:15	PI_8	186	2	0	642933	0	
2016-Jan-05 11:25:17	PI_8	187	2	0	642933	0	
2016-Jan-05 11:25:19	PI_8	188	2	1	997955	0	0
2016-Jan-05 11:25:21	PI_8	189	2	0	642933	0	
2016-Jan-05 11:25:23	PI_8	190	2	1	997955	0	0
2016-Jan-05 11:25:25	PI_8	191	2	1	997955	0	0
2016-Jan-05 11:25:27	PI_8	192	2	0	642933	0	
2016-Jan-05 11:25:29	PI_8	193	2	0	642933	0	
2016-Jan-05 11:25:31	PI_8	194	2	0	642933	0	
2016-Jan-05 11:25:33	PI_8	195	2	0	642933	0	
2016-Jan-05 11:25:35	PI_8	196	2	0	642933	0	
2016-Jan-05 11:25:37	PI_8	197	2	1	997955	0	0
2016-Jan-05 11:25:39	PI_8	198	2	1	997955	0	0
2016-Jan-05 11:25:41	PI_8	199	2	1	997955	0	0
2016-Jan-05 11:25:43	PI_8	200	2	1	997955	0	0
2016-Jan-05 11:25:45	PI_8	201	2	0	642933	0	
2016-Jan-05 11:25:47	PI_8	202	2	1	997955	0	0
2016-Jan-05 11:25:49	PI_8	203	2	0	642933	0	
2016-Jan-05 11:25:51	PI_8	204	2	1	997955	0	0
2016-Jan-05 11:25:53	PI_8	205	2	1	997955	0	0
2016-Jan-05 11:25:55	PI_8	206	2	0	642933	0	
2016-Jan-05 11:25:57	PI_8	207	2	0	642933	0	
2016-Jan-05 11:25:59	PI_8	208	2	0	642933	0	
2016-Jan-05 11:26:01	PI_8	209	2	1	997955	0	0
2016-Jan-05 11:26:03	PI_8	210	2	1	997955	0	0
2016-Jan-05 11:26:05	PI_8	211	2	0	642933	0	
2016-Jan-05 11:26:07	PI_8	212	2	0	642933	0	
2016-Jan-05 11:26:09	PI_8	213	2	0	642933	0	
2016-Jan-05 11:26:11	PI_8	214	2	0	642933	0	
2016-Jan-05 11:26:13	PI_8	215	2	0	642933	0	
2016-Jan-05 11:26:15	PI_8	216	2	0	642933	0	
2016-Jan-05 11:26:17	PI_8	217	2	0	642933	0	
2016-Jan-05 11:26:19	PI_8	218	2	0	642933	0	
2016-Jan-05 11:26:21	PI_8	219	2	0	642933	0	
2016-Jan-05 11:26:23	PI_8	220	2	0	642933	0	
2016-Jan-05 11:26:25	PI_8	221	2	0	642933	0	
2016-Jan-05 11:26:27	PI_8	222	2	0	642933	0	
2016-Jan-05 11:26:29	PI_8	223	2	0	642933	0	
2016-Jan-05 11:26:31	PI_8	224	2	1	997955	0	0
2016-Jan-05 11:26:33	PI_8	225	2	0	642933	0	
2016-Jan-05 11:26:35	PI_8	226	2	1	997955	0	0
2016-Jan-05 11:26:37	PI_8	227	2	1	997955	0	0
2016-Jan-05 11:26:39	PI_8	228	2	0	642933	0	
2016-Jan-05 11:26:41	PI_8	229	2	0	642933	0	
2016-Jan-05 11:26:43	PI_8	230	2	1	997955	0	0
2016-Jan-05 11:26:45	PI_8	231	2	1	997955	0	0
2016-Jan-05 11:26:47	PI_8	232	2	0	642933	0	
2016-Jan-05 11:26:49	PI_8	233	2	0	642933	0	
2016-Jan-05 11:26:51	PI_8	234	2	0	642933	0	
2016-Jan-05 11:26:53	PI_8	235	2	0	642933	0	
2016-Jan-05 11:26:55	PI_8	236	2	0	642933	0	
2016-Jan-05 11:26:57	PI_8	237	2	0	642933	0	
2016-Jan-05 11:26:59	PI_8	238	2	1	997955	0	0
2016-Jan-05 11:27:01	PI_8	239	2	0	642933	0	
2016-Jan-05 11:27:03	PI_8	240	2	0	642933	0	
2016-Jan-05 11:27:05	PI_8	241	2	1	997955	0	0
2016-Jan-05 11:27:07	PI_8	242	2	0	642933	0	
2016-Jan-05 11:27:09	PI_8	243	2	0	642933	0	
2016-Jan-05 11:27:11	PI_8	244	2	1	997955	0	0
2016-Jan-05 11:27:13	PI_8	245	2	1	997955	0	0
2016-Jan-05 11:27:15	PI_8	246	2	1	997955	0	0
2016-Jan-05 11:27:17	PI_8	247	2	1	997955	0	0
2016-Jan-05 11:27:19	PI_8	248	2	1	997955	0	0
2016-Jan-05 11:27:21	PI_8	249	2	1	997955	0	0
2016-Jan-05 11:27:23	PI_8	250	2	1	997955	0	0
2016-Jan-05 11:27:25	PI_8	251	2	0	642933	0	
2016-Jan-05 11:27:27	PI_8	252	2	0	642933	0	
2016-Jan-05 11:27:29	PI_8	253	2	1	997955	0	0
2016-Jan-05 11:27:31	PI_8	254	2	1	997955	0	0
2016-Jan-05 11:27:33	PI_8	255	2	1	997955	0	0
2016-Jan-05 11:27:35	PI_8	256	2	1	997955	0	0
2016-Jan-05 11:27:37	PI_8	257	2	1	997955	0	0
2016-Jan-05 11:27:39	PI_8	258	2	0	642933	0	
2016-Jan-05 11:27:41	PI_8	259	2	1	997955	0	0
2016-Jan-05 11:27:43	PI_8	260	2	0	642933	0	
2016-Jan-05 11:27:45	PI_8	261	2	0	642933	0	
2016-Jan-05 11:27:47	PI_8	262	2	1	997955	0	0
2016-Jan-05 11:27:49	PI_8	263	2	0	642933	0	
2016-Jan-05 11:27:51	PI_8	264	2	0	642933	0	
2016-Jan-05 11:27:53	PI_8	265	2	0	642933	0	
2016-Jan-05 11:27:55	PI_8	266	2	1	997955	0	0
2016-Jan-05 11:27:57	PI_8	267	2	0	642933	0	
2016-Jan-05 11:27:59	PI_8	268	2	0	642933	0	
2016-Jan-05 11:28:01	PI_8	269	2	0	642933	0	
2016-Jan-05 11:28:03	PI_8	270	2	0	642933	0	
2016-Jan-05 11:28:05	PI_8	271	2	0	642933	0	
2016-Jan-05 11:28:07	PI_8	272	2	0	642933	0	
2016-Jan-05 11:28:09	PI_8	273	2	0	642933	0	
2016-Jan-05 11:28:11	PI_8	274	2	0	642933	0	
2016-Jan-05 11:28:13	PI_8	275	2	0	642933	0	
2016-Jan-05 11:28:15	PI_8	276	2	0	642933	0	
2016-Jan-05 11:28:17	PI_8	277	2	0	642933	0	
2016-Jan-05 11:28:19	PI_8	278	2	0	642933	0	
2016-Jan-05 11:28:21	PI_8	279	2	0	642933	0	
2016-Jan-05 11:28:23	PI_8	280	2	0	642933	0	
2016-Jan-05 11:28:25	PI_8	281	2	0	642933	0	
2016-Jan-05 11:28:27	PI_8	282	2	0	642933	0	
2016-Jan-05 11:28:29	PI_8	283	2	1	997955	0	0
2016-Jan-05 11:28:31	PI_8	284	2	1	997955	0	0
2016-Jan-05 11:28:33	PI_8	285	2	0	642933	0	
2016-Jan-05 11:28:35	PI_8	286	2	0	642933	0	
2016-Jan-05 11:28:37	PI_8	287	2	0	642933	0	
2016-Jan-05 11:28:39	PI_8	288	2	0	642933	0	
2016-Jan-05 11:28:41	PI_8	289	2	0	642933	0	
2016-Jan-05 11:28:43	PI_8	290	2	0	642933	0	
2016-Jan-05 11:28:45	PI_8	291	2	0	642933	0	
2016-Jan-05 11:28:47	PI_8	292	2	0	642933	0	
2016-Jan-05 11:28:49	PI_8	293	2	0	642933	0	
2016-Jan-05 11:28:51	PI_8	294	2	0	642933	0	
2016-Jan-05 11:28:53	PI_8	295	2	1	997955	0	0
2016-Jan-05 11:28:55	PI_8	296	2	1	997955	0	0
2016-Jan-05 11:28:57	PI_8	297	2	1	997955	0	0
2016-Jan-05 11:28:59	PI_8	298	2	1	997955	0	0
2016-Jan-05 11:29:01	PI_8	299	2	0	642933	0	
2016-Jan-05 11:29:03	PI_8	300	2	0	642933	0	
2016-Jan-05 11:29:05	PI_8	301	2	0	642933	0	
2016-Jan-05 11:29:07	PI_8	302	2	0	642933	0	
2016-Jan-05 11:29:09	PI_8	303	2	0	642933	0	
2016-Jan-05 11:29:11	PI_8	304	2	0	642933	0	
2016-Jan-05 11:29:13	PI_8	305	2	0	642933	0	
2016-Jan-05 11:29:15	PI_8	306	2	1	997955	0	0
2016-Jan-05 11:29:17	PI_8	307	2	1	997955	0	0
2016-Jan-05 11:29:19	PI_8	308	2	0	642933	0	
2016-Jan-05 11:29:21	PI_8	309	2	0	642933	0	
2016-Jan-05 11:29:23	PI_8	310	2	0	642933	0	
2016-Jan-05 11:29:25	PI_8	311	2	1	997955	0	0
2016-Jan-05 11:29:27	PI_8	312	2	1	997955	0	0
2016-Jan-05 11:29:29	PI_8	313	2	1	997955	0	0
2016-Jan-05 11:29:31	PI_8	314	2	1	997955	0	0
2016-Jan-05 11:29:33	PI_8	315	2	1	997955	0	0
2016-Jan-05 11:29:35	PI_8	316	2	0	642933	0	
2016-Jan-05 11:29:37	PI_8	317	2	0	642933	0	
2016-Jan-05 11:29:39	PI_8	318	2	1	997955	0	0
2016-Jan-05 11:29:41	PI_8	319	2	1	997955	0	0
2016-Jan-05 11:29:43	PI_8	320	2	1	997955	0	0
2016-Jan-05 11:29:45	PI_8	321	2	1	997955	0	0
2016-Jan-05 11:29:47	PI_8	322	2	1	997955	0	0
2016-Jan-05 11:29:49	PI_8	323	2	1	997955	0	0
2016-Jan-05 11:29:51	PI_8	324	2	0	642933	0	
2016-Jan-05 11:29:53	PI_8	325	2	0	642933	0	
2016-Jan-05 11:29:55	PI_8	326	2	2	1405754	0	0,1
2016-Jan-05 11:29:57	PI_8	327	2	0	642933	0	
2016-Jan-05 11:29:59	PI_8	328	2	0	642933	0	
2016-Jan-05 11:30:01	PI_8	329	2	1	997955	0	0
2016-Jan-05 11:30:03	PI_8	330	2	0	642933	0	
2016-Jan-05 11:30:05	PI_8	331	2	0	642933	0	
2016-Jan-05 11:30:07	PI_8	332	2	0	642933	0	
2016-Jan-05 11:30:09	PI_8	333	2	0	642933	0	
2016-Jan-05 11:30:11	PI_8	334	2	0	642933	0	
2016-Jan-05 11:30:13	PI_8	335	2	0	642933	0	
2016-Jan-05 11:30:15	PI_8	336	2	0	642933	0	
2016-Jan-05 11:30:17	PI_8	337	2	1	997955	0	0
2016-Jan-05 11:30:19	PI_8	338	2	0	642933	0	
2016-Jan-05 11:30:21	PI_8	339	2	0	642933	0	
2016-Jan-05 11:30:23	PI_8	340	2	0	642933	0	
2016-Jan-05 11:30:25	PI_8	341	2	0	642933	0	
2016-Jan-05 11:30:27	PI_8	342	2	0	642933	0	
2016-Jan-05 11:30:29	PI_8	343	2	0	642933	0	
2016-Jan-05 11:30:31	PI_8	344	2	1	997955	0	0
2016-Jan-05 11:30:33	PI_8	345	2	0	642933	0	
2016-Jan-05 11:30:35	PI_8	346	2	0	642933	0	
2016-Jan-05 11:30:37	PI_8	347	2	0	642933	0	
2016-Jan-05 11:30:39	PI_8	348	2	0	642933	0	
2016-Jan-05 11:30:41	PI_8	349	2	1	997955	0	0
2016-Jan-05 11:30:43	PI_8	350	2	0	642933	0	
2016-Jan-05 11:30:45	PI_8	351	2	1	997955	0	0
2016-Jan-05 11:30:47	PI_8	352	2	1	997955	0	0
2016-Jan-05 11:30:49	PI_8	353	2	1	997955	0	0
2016-Jan-05 11:30:51	PI_8	354	2	1	997955	0	0
2016-Jan-05 11:30:53	PI_8	355	2	0	642933	0	
2016-Jan-05 11:30:55	PI_8	356	2	1	997955	0	0
2016-Jan-05 11:30:57	PI_8	357	2	1	997955	0	0
2016-Jan-05 11:30:59	PI_8	358	2	1	997955	0	0
2016-Jan-05 11:31:01	PI_8	359	2	0	642933	0	
2016-Jan-05 11:31:03	PI_8	360	2	0	642933	0	
2016-Jan-05 11:31:05	PI_8	361	2	0	642933	0	
2016-Jan-05 11:31:07	PI_8	362	2	1	997955	0	0
2016-Jan-05 11:31:09	PI_8	363	2	0	642933	0	
2016-Jan-05 11:31:11	PI_8	364	2	1	997955	0	0
2016-Jan-05 11:31:13	PI_8	365	2	1	997955	0	0
2016-Jan-05 11:31:15	PI_8	366	2	0	642933	0	
2016-Jan-05 11:31:17	PI_8	367	2	0	642933	0	
2016-Jan-05 11:31:19	PI_8	368	2	0	642933	0	
2016-Jan-05 11:31:21	PI_8	369	2	0	642933	0	
2016-Jan-05 11:31:23	PI_8	370	2	0	642933	0	
2016-Jan-05 11:31:25	PI_8	371	2	1	997955	0	0
2016-Jan-05 11:31:27	PI_8	372	2	1	997955	0	0
2016-Jan-05 11:31:29	PI_8	373	2	0	642933	0	
2016-Jan-05 11:31:31	PI_8	374	2	0	642933	0	
2016-Jan-05 11:31:33	PI_8	375	2	0	642933	0	
2016-Jan-05 11:31:35	PI_8	376	2	1	997955	0	0
2016-Jan-05 11:31:37	PI_8	377	2	1	997955	0	0
2016-Jan-05 11:31:39	PI_8	378	2	0	642933	0	
2016-Jan-05 11:31:41	PI_8	379	2	1	997955	0	0
2016-Jan-05 11:31:43	PI_8	380	2	0	642933	0	
2016-Jan-05 11:31:45	PI_8	381	2	0	642933	0	
2016-Jan-05 11:31:47	PI_8	382	2	0	642933	0	
2016-Jan-05 11:31:49	PI_8	383	2	0	642933	0	
2016-Jan-05 11:31:51	PI_8	384	2	0	642933	0	
2016-Jan-05 11:31:53	PI_8	385	2	0	642933	0	
2016-Jan-05 11:31:55	PI_8	386	2	1	997955	0	0
2016-Jan-05 11:31:57	PI_8	387	2	0	642933	0	
2016-Jan-05 11:31:59	PI_8	388	2	1	997955	0	0
2016-Jan-05 11:32:01	PI_8	389	2	0	642933	0	
2016-Jan-05 11:32:03	PI_8	390	2	1	997955	0	0
2016-Jan-05 11:32:05	PI_8	391	2	0	642933	0	
2016-Jan-05 11:32:07	PI_8	392	2	0	642933	0	
2016-Jan-05 11:32:09	PI_8	393	2	0	642933	0	
2016-Jan-05 11:32:11	PI_8	394	2	1	997955	0	0
2016-Jan-05 11:32:13	PI_8	395	2	0	642933	0	
2016-Jan-05 11:32:15	PI_8	396	2	0	642933	0	
2016-Jan-05 11:32:17	PI_8	397	2	0	642933	0	
2016-Jan-05 11:32:19	PI_8	398	2	1	997955	0	0
2016-Jan-05 11:32:21	PI_8	399	2	0	642933	0	
2016-Jan-05 11:32:23	PI_8	400	2	0	642933	0	
2016-Jan-05 11:32:25	PI_8	401	2	0	642933	0	
2016-Jan-05 11:32:27	PI_8	402	2	0	642933	0	
2016-Jan-05 11:32:29	PI_8	403	2	0	642933	0	
2016-Jan-05 11:32:31	PI_8	404	2	0	642933	0	
2016-Jan-05 11:32:33	PI_8	405	2	0	642933	0	
2016-Jan-05 11:32:35	PI_8	406	2	0	642933	0	
2016-Jan-05 11:32:37	PI_8	407	2	0	642933	0	
2016-Jan-05 11:32:39	PI_8	408	2	0	642933	0	
2016-Jan-05 11:32:41	PI_8	409	2	0	642933	0	
2016-Jan-05 11:32:43	PI_8	410	2	0	642933	0	
2016-Jan-05 11:32:45	PI_8	411	2	0	642933	0	
2016-Jan-05 11:32:47	PI_8	412	2	0	642933	0	
2016-Jan-05 11:32:49	PI_8	413	2	0	642933	0	
2016-Jan-05 11:32:51	PI_8	414	2	0	642933	0	
2016-Jan-05 11:32:53	PI_8	415	2	0	642933	0	
2016-Jan-05 11:32:55	PI_8	416	2	0	642933	0	
2016-Jan-05 11:32:57	PI_8	417	2	0	642933	0	
2016-Jan-05 11:32:59	PI_8	418	2	0	642933	0	
2016-Jan-05 11:33:01	PI_8	419	2	0	642933	0	
2016-Jan-05 11:33:03	PI_8	420	2	0	642933	0	
2016-Jan-05 11:33:05	PI_8	421	2	0	642933	0	
2016-Jan-05 11:33:07	PI_8	422	2	1	997955	0	0
2016-Jan-05 11:33:09	PI_8	423	2	1	997955	0	0
2016-Jan-05 11:33:11	PI_8	424	2	0	642933	0	
2016-Jan-05 11:33:13	PI_8	425	2	0	642933	0	
2016-Jan-05 11:33:15	PI_8	426	2	1	997955	0	0
2016-Jan-05 11:33:17	PI_8	427	2	0	642933	0	
2016-Jan-05 11:33:19	PI_8	428	2	0	642933	0	
2016-Jan-05 11:33:21	PI_8	429	2	0	642933	0	
2016-Jan-05 11:33:23	PI_8	430	2	0	642933	0	
2016-Jan-05 11:33:25	PI_8	431	2	0	642933	0	
2016-Jan-05 11:33:27	PI_8	432	2	0	642933	0	
2016-Jan-05 11:33:29	PI_8	433	2	0	642933	0	
2016-Jan-05 11:33:31	PI_8	434	2	0	642933	0	
2016-Jan-05 11:33:33	PI_8	435	2	0	642933	0	
2016-Jan-05 11:33:35	PI_8	436	2	0	642933	0	
2016-Jan-05 11:33:37	PI_8	437	2	0	642933	0	
2016-Jan-05 11:33:39	PI_8	438	2	0	642933	0	
2016-Jan-05 11:33:41	PI_8	439	2	0	642933	0	
2016-Jan-05 11:33:43	PI_8	440	2	0	642933	0	
2016-Jan-05 11:33:45	PI_8	441	2	0	642933	0	
2016-Jan-05 11:33:47	PI_8	442	2	0	642933	0	
2016-Jan-05 11:33:49	PI_8	443	2	0	642933	0	
2016-Jan-05 11:33:51	PI_8	444	2	0	642933	0	
2016-Jan-05 11:33:53	PI_8	445	2	0	642933	0	
2016-Jan-05 11:33:55	PI_8	446	2	0	642933	0	
2016-Jan-05 11:33:57	PI_8	447	2	0	642933	0	
2016-Jan-05 11:33:59	PI_8	448	2	0	642933	0	
2016-Jan-05 11:34:01	PI_8	449	2	0	642933	0	
2016-Jan-05 11:34:03	PI_8	450	2	0	642933	0	
2016-Jan-05 11:34:05	PI_8	451	2	0	642933	0	
2016-Jan-05 11:34:07	PI_8	452	2	1	997955	0	0
2016-Jan-05 11:34:09	PI_8	453	2	0	642933	0	
2016-Jan-05 11:34:11	PI_8	454	2	0	642933	0	
2016-Jan-05 11:34:13	PI_8	455	2	0	642933	0	
2016-Jan-05 11:34:15	PI_8	456	2	1	997955	0	0
2016-Jan-05 11:34:17	PI_8	457	2	1	997955	0	0
2016-Jan-05 11:34:19	PI_8	458	2	0	642933	0	
2016-Jan-05 11:34:21	PI_8	459	2	0	642933	0	
2016-Jan-05 11:34:23	PI_8	460	2	1	997955	0	0
2016-Jan-05 11:34:25	PI_8	461	2	1	997955	0	0
2016-Jan-05 11:34:27	PI_8	462	2	0	642933	0	
2016-Jan-05 11:34:29	PI_8	463	2	0	642933	0	
2016-Jan-05 11:34:31	PI_8	464	2	1	997955	0	0
2016-Jan-05 11:34:33	PI_8	465	2	0	642933	0	
2016-Jan-05 11:34:35	PI_8	466	2	1	997955	0	0
2016-Jan-05 11:34:37	PI_8	467	2	1	997955	0	0
2016-Jan-05 11:34:39	PI_8	468	2	0	642933	0	
2016-Jan-05 11:34:41	PI_8	469	2	1	997955	0	0
2016-Jan-05 11:34:43	PI_8	470	2	0	642933	0	
2016-Jan-05 11:34:45	PI_8	471	2	1	997955	0	0
2016-Jan-05 11:34:47	PI_8	472	2	1	997955	0	0
2016-Jan-05 11:34:49	PI_8	473	2	1	997955	0	0
2016-Jan-05 11:34:51	PI_8	474	2	1	997955	0	0
2016-Jan-05 11:34:53	PI_8	475	2	1	997955	0	0
2016-Jan-05 11:34:55	PI_8	476	2	0	642933	0	
2016-Jan-05 11:34:57	PI_8	477	2	1	997955	0	0
2016-Jan-05 11:34:59	PI_8	478	2	1	997955	0	0
2016-Jan-05 11:35:01	PI_8	479	2	0	642933	0	
2016-Jan-05 11:35:03	PI_8	480	2	0	642933	0	
2016-Jan-05 11:35:05	PI_8	481	2	0	642933	0	
2016-Jan-05 11:35:07	PI_8	482	2	0	642933	0	
2016-Jan-05 11:35:09	PI_8	483	2	0	642933	0	
2016-Jan-05 11:35:11	PI_8	484	2	0	642933	0	
2016-Jan-05 11:35:13	PI_8	485	2	0	642933	0	
2016-Jan-05 11:35:15	PI_8	486	2	1	997955	0	0
2016-Jan-05 11:35:17	PI_8	487	2	0	642933	0	
2016-Jan-05 11:35:19	PI_8	488	2	1	997955	0	0
2016-Jan-05 11:35:21	PI_8	489	2	1	997955	0	0
2016-Jan-05 11:35:23	PI_8	490	2	1	997955	0	0
2016-Jan-05 11:35:25	PI_8	491	2	1	997955	0	0
2016-Jan-05 11:35:27	PI_8	492	2	0	642933	0	
2016-Jan-05 11:35:29	PI_8	493	2	1	997955	0	0
2016-Jan-05 11:35:31	PI_8	494	2	0	642933	0	
2016-Jan-05 11:35:33	PI_8	495	2	0	642933	0	
2016-Jan-05 11:35:35	PI_8	496	2	1	997955	0	0
2016-Jan-05 11:35:37	PI_8	497	2	0	642933	0	
2016-Jan-05 11:35:39	PI_8	498	2	0	642933	0	
2016-Jan-05 11:35:41	PI_8	499	2	1	997955	0	0
2016-Jan-05 11:35:43	PI_8	500	2	1	997955	0	0
2016-Jan-05 11:35:45	PI_8	501	2	1	997955	0	0
2016-Jan-05 11:35:47	PI_8	502	2	1	997955	0	0
2016-Jan-05 11:35:49	PI_8	503	2	0	642933	0	
2016-Jan-05 11:35:51	PI_8	504	2	0	642933	0	
2016-Jan-05 11:35:53	PI_8	505	2	0	642933	0	
2016-Jan-05 11:35:55	PI_8	506	2	0	642933	0	
2016-Jan-05 11:35:57	PI_8	507	2	1	997955	0	0
2016-Jan-05 11:35:59	PI_8	508	2	0	642933	0	
2016-Jan-05 11:36:01	PI_8	509	2	0	642933	0	
2016-Jan-05 11:36:03	PI_8	510	2	0	642933	0	
2016-Jan-05 11:36:05	PI_8	511	2	0	642933	0	
2016-Jan-05 11:36:07	PI_8	512	2	0	642933	0	
2016-Jan-05 11:36:09	PI_8	513	2	0	642933	0	
2016-Jan-05 11:36:11	PI_8	514	2	1	997955	0	0
2016-Jan-05 11:36:13	PI_8	515	2	1	997955	0	0
2016-Jan-05 11:36:15	PI_8	516	2	0	642933	0	
2016-Jan-05 11:36:17	PI_8	517	2	0	642933	0	
2016-Jan-05 11:36:19	PI_8	518	2	0	642933	0	
2016-Jan-05 11:36:21	PI_8	519	2	0	642933	0	
2016-Jan-05 11:36:23	PI_8	520	2	0	642933	0	
2016-Jan-05 11:36:25	PI_8	521	2	0	642933	0	
2016-Jan-05 11:36:27	PI_8	522	2	0	642933	0	
2016-Jan-05 11:36:29	PI_8	523	2	0	642933	0	
2016-Jan-05 11:36:31	PI_8	524	2	0	642933	0	
2016-Jan-05 11:36:33	PI_8	525	2	1	997955	0	0
2016-Jan-05 11:36:35	PI_8	526	2	0	642933	0	
2016-Jan-05 11:36:37	PI_8	527	2	0	642933	0	
2016-Jan-05 11:36:39	PI_8	528	2	0	642933	0	
2016-Jan-05 11:36:41	PI_8	529	2	0	642933	0	
2016-Jan-05 11:36:43	PI_8	530	2	1	997955	0	0
2016-Jan-05 11:36:45	PI_8	531	2	0	642933	0	
2016-Jan-05 11:36:47	PI_8	532	2	0	642933	0	
2016-Jan-05 11:36:49	PI_8	533	2	0	642933	0	
2016-Jan-05 11:36:51	PI_8	534	2	0	642933	0	
2016-Jan-05 11:36:53	PI_8	535	2	0	642933	0	
2016-Jan-05 11:36:55	PI_8	536	2	0	642933	0	
2016-Jan-05 11:36:57	PI_8	537	2	0	642933	0	
2016-Jan-05 11:36:59	PI_8	538	2	0	642933	0	
2016-Jan-05 11:37:01	PI_8	539	2	0	642933	0	
2016-Jan-05 11:37:03	PI_8	540	2	0	642933	0	
2016-Jan-05 11:37:05	PI_8	541	2	0	642933	0	
2016-Jan-05 11:37:07	PI_8	542	2	0	642933	0	
2016-Jan-05 11:37:09	PI_8	543	2	0	642933	0	
2016-Jan-05 11:37:11	PI_8	544	2	0	642933	0	
2016-Jan-05 11:37:13	PI_8	545	2	0	642933	0	
2016-Jan-05 11:37:15	PI_8	546	2	0	642933	0	
2016-Jan-05 11:37:17	PI_8	547	2	0	642933	0	
2016-Jan-05 11:37:19	PI_8	548	2	0	642933	0	
2016-Jan-05 11:37:21	PI_8	549	2	0	642933	0	
2016-Jan-05 11:37:23	PI_8	550	2	0	642933	0	
2016-Jan-05 11:37:25	PI_8	551	2	0	642933	0	
2016-Jan-05 11:37:27	PI_8	552	2	0	642933	0	
2016-Jan-05 11:37:29	PI_8	553	2	0	642933	0	
2016-Jan-05 11:37:31	PI_8	554	2	0	642933	0	
2016-Jan-05 11:37:33	PI_8	555	2	0	642933	0	
2016-Jan-05 11:37:35	PI_8	556	2	0	642933	0	
2016-Jan-05 11:37:37	PI_8	557	2	0	642933	0	
2016-Jan-05 11:37:39	PI_8	558	2	0	642933	0	
2016-Jan-05 11:37:41	PI_8	559	2	1	997955	0	0
2016-Jan-05 11:37:43	PI_8	560	2	0	642933	0	
2016-Jan-05 11:37:45	PI_8	561	2	0	642933	0	
2016-Jan-05 11:37:47	PI_8	562	2	0	642933	0	
2016-Jan-05 11:37:49	PI_8	563	2	0	642933	0	
2016-Jan-05 11:37:51	PI_8	564	2	2	1405754	0	0,1
2016-Jan-05 11:37:53	PI_8	565	2	0	642933	0	
2016-Jan-05 11:37:55	PI_8	566	2	0	642933	0	
2016-Jan-05 11:37:57	PI_8	567	2	1	997955	0	0
2016-Jan-05 11:37:59	PI_8	568	2	0	642933	0	
2016-Jan-05 11:38:01	PI_8	569	2	1	997955	0	0
2016-Jan-05 11:38:03	PI_8	570	2	0	642933	0	
2016-Jan-05 11:38:05	PI_8	571	2	1	997955	0	0
2016-Jan-05 11:38:07	PI_8	572	2	0	642933	0	
2016-Jan-05 11:38:09	PI_8	573	2	1	997955	0	0
2016-Jan-05 11:38:11	PI_8	574	2	1	997955	0	0
2016-Jan-05 11:38:13	PI_8	575	2	1	997955	0	0
2016-Jan-05 11:38:15	PI_8	576	2	1	997955	0	0
2016-Jan-05 11:38:17	PI_8	577	2	0	642933	0	
2016-Jan-05 11:38:19	PI_8	578	2	1	997955	0	0
2016-Jan-05 11:38:21	PI_8	579	2	0	642933	0	
2016-Jan-05 11:38:23	PI_8	580	2	1	997955	0	0
2016-Jan-05 11:38:25	PI_8	581	2	0	642933	0	
2016-Jan-05 11:38:27	PI_8	582	2	1	997955	0	0
2016-Jan-05 11:38:29	PI_8	583	2	1	997955	0	0
2016-Jan-05 11:38:31	PI_8	584	2	0	642933	0	
2016-Jan-05 11:38:33	PI_8	585	2	0	642933	0	
2016-Jan-05 11:38:35	PI_8	586	2	0	642933	0	
2016-Jan-05 11:38:37	PI_8	587	2	0	642933	0	
2016-Jan-05 11:38:39	PI_8	588	2	0	642933	0	
2016-Jan-05 11:38:41	PI_8	589	2	0	642933	0	
2016-Jan-05 11:38:43	PI_8	590	2	0	642933	0	
2016-Jan-05 11:38:45	PI_8	591	2	0	642933	0	
2016-Jan-05 11:38:47	PI_8	592	2	0	642933	0	
2016-Jan-05 11:38:49	PI_8	593	2	0	642933	0	
2016-Jan-05 11:38:51	PI_8	594	2	1	997955	0	0
2016-Jan-05 11:38:53	PI_8	595	2	0	642933	0	
2016-Jan-05 11:38:55	PI_8	596	2	1	997955	0	0
2016-Jan-05 11:38:57	PI_8	597	2	0	642933	0	
2016-Jan-05 11:38:59	PI_8	598	2	0	642933	0	
2016-Jan-05 11:39:01	PI_8	599	2	0	642933	0	
2016-Jan-05 11:39:03	PI_8	600	2	0	642933	0	
2016-Jan-05 11:39:05	PI_8	601	2	1	997955	0	0
2016-Jan-05 11:39:07	PI_8	602	2	1	997955	0	0
2016-Jan-05 11:39:09	PI_8	603	2	1	997955	0	0
2016-Jan-05 11:39:11	PI_8	604	2	0	642933	0	
2016-Jan-05 11:39:13	PI_8	605	2	0	642933	0	
2016-Jan-05 11:39:15	PI_8	606	2	0	642933	0	
2016-Jan-05 11:39:17	PI_8	607	2	1	997955	0	0
2016-Jan-05 11:39:19	PI_8	608	2	1	997955	0	0
2016-Jan-05 11:39:21	PI_8	609	2	0	642933	0	
2016-Jan-05 11:39:23	PI_8	610	2	0	642933	0	
2016-Jan-05 11:39:25	PI_8	611	2	1	997955	0	0
2016-Jan-05 11:39:27	PI_8	612	2	0	642933	0	
2016-Jan-05 11:39:29	PI_8	613	2	0	642933	0	
2016-Jan-05 11:39:31	PI_8	614	2	0	642933	0	
2016-Jan-05 11:39:33	PI_8	615	2	0	642933	0	
2016-Jan-05 11:39:35	PI_8	616	2	0	642933	0	
2016-Jan-05 11:39:37	PI_8	617	2	0	642933	0	
2016-Jan-05 11:39:39	PI_8	618	2	1	997955	0	0
2016-Jan-05 11:39:41	PI_8	619	2	0	642933	0	
2016-Jan-05 11:39:43	PI_8	620	2	0	642933	0	
2016-Jan-05 11:39:45	PI_8	621	2	1	997955	0	0
2016-Jan-05 11:39:47	PI_8	622	2	1	997955	0	0
2016-Jan-05 11:39:49	PI_8	623	2	1	997955	0	0
2016-Jan-05 11:39:51	PI_8	624	2	1	997955	0	0
2016-Jan-05 11:39:53	PI_8	625	2	0	642933	0	
2016-Jan-05 11:39:55	PI_8	626	2	0	642933	0	
2016-Jan-05 11:39:57	PI_8	627	2	1	997955	0	0
2016-Jan-05 11:39:59	PI_8	628	2	1	997955	0	0
2016-Jan-05 11:40:01	PI_8	629	2	1	997955	0	0
2016-Jan-05 11:40:03	PI_8	630	2	1	997955	0	0
2016-Jan-05 11:40:05	PI_8	631	2	1	997955	0	0
2016-Jan-05 11:40:07	PI_8	632	2	1	997955	0	0
2016-Jan-05 11:40:09	PI_8	633	2	1	997955	0	0
2016-Jan-05 11:40:11	PI_8	634	2	1	997955	0	0
2016-Jan-05 11:40:13	PI_8	635	2	0	642933	0	
2016-Jan-05 11:40:15	PI_8	636	2	0	642933	0	
2016-Jan-05 11:40:17	PI_8	637	2	0	642933	0	
2016-Jan-05 11:40:19	PI_8	638	2	2	1405754	0	0,1
2016-Jan-05 11:40:21	PI_8	639	2	0	642933	0	
2016-Jan-05 11:40:23	PI_8	640	2	0	642933	0	
2016-Jan-05 11:40:25	PI_8	641	2	0	642933	0	
2016-Jan-05 11:40:27	PI_8	642	2	0	642933	0	
2016-Jan-05 11:40:29	PI_8	643	2	2	1405754	0	0,1
2016-Jan-05 11:40:31	PI_8	644	2	0	642933	0	
2016-Jan-05 11:40:33	PI_8	645	2	0	642933	0	
2016-Jan-05 11:40:35	PI_8	646	2	0	642933	0	
2016-Jan-05 11:40:37	PI_8	647	2	0	642933	0	
2016-Jan-05 11:40:39	PI_8	648	2	1	997955	0	0
2016-Jan-05 11:40:42	PI_8	649	2	0	642933	0	
2016-Jan-05 11:40:44	PI_8	650	2	0	642933	0	
2016-Jan-05 11:40:46	PI_8	651	2	0	642933	0	
2016-Jan-05 11:40:48	PI_8	652	2	0	642933	0	
2016-Jan-05 11:40:50	PI_8	653	2	0	642933	0	
2016-Jan-05 11:40:52	PI_8	654	2	1	997955	0	0
2016-Jan-05 11:40:54	PI_8	655	2	0	642933	0	
2016-Jan-05 11:40:56	PI_8	656	2	1	997955	0	0
2016-Jan-05 11:40:58	PI_8	657	2	0	642933	0	
2016-Jan-05 11:41:00	PI_8	658	2	0	642933	0	
2016-Jan-05 11:41:02	PI_8	659	2	0	642933	0	
2016-Jan-05 11:41:04	PI_8	660	2	1	997955	0	0
2016-Jan-05 11:41:06	PI_8	661	2	0	642933	0	
2016-Jan-05 11:41:08	PI_8	662	2	0	642933	0	
2016-Jan-05 11:41:10	PI_8	663	2	0	642933	0	
2016-Jan-05 11:41:12	PI_8	664	2	0	642933	0	
2016-Jan-05 11:41:14	PI_8	665	2	0	642933	0	
2016-Jan-05 11:41:16	PI_8	666	2	0	642933	0	
2016-Jan-05 11:41:18	PI_8	667	2	0	642933	0	
2016-Jan-05 11:41:20	PI_8	668	2	0	642933	0	
2016-Jan-05 11:41:22	PI_8	669	2	1	997955	0	0
2016-Jan-05 11:41:24	PI_8	670	2	1	997955	0	0
2016-Jan-05 11:41:26	PI_8	671	2	1	997955	0	0
2016-Jan-05 11:41:28	PI_8	672	2	1	997955	0	0
2016-Jan-05 11:41:30	PI_8	673	2	0	642933	0	
2016-Jan-05 11:41:32	PI_8	674	2	0	642933	0	
2016-Jan-05 11:41:34	PI_8	675	2	1	997955	0	0
2016-Jan-05 11:41:36	PI_8	676	2	0	642933	0	
2016-Jan-05 11:41:38	PI_8	677	2	0	642933	0	
2016-Jan-05 11:41:40	PI_8	678	2	1	997955	0	0
2016-Jan-05 11:41:42	PI_8	679	2	1	997955	0	0
2016-Jan-05 11:41:44	PI_8	680	2	0	642933	0	
2016-Jan-05 11:41:46	PI_8	681	2	0	642933	0	
2016-Jan-05 11:41:48	PI_8	682	2	0	642933	0	
2016-Jan-05 11:41:50	PI_8	683	2	1	997955	0	0
2016-Jan-05 11:41:52	PI_8	684	2	1	997955	0	0
2016-Jan-05 11:41:54	PI_8	685	2	1	997955	0	0
2016-Jan-05 11:41:56	PI_8	686	2	1	997955	0	0
2016-Jan-05 11:41:58	PI_8	687	2	1	997955	0	0
2016-Jan-05 11:42:00	PI_8	688	2	1	997955	0	0
2016-Jan-05 11:42:02	PI_8	689	2	1	997955	0	0
2016-Jan-05 11:42:04	PI_8	690	2	1	997955	0	0
2016-Jan-05 11:42:06	PI_8	691	2	0	642933	0	
2016-Jan-05 11:42:08	PI_8	692	2	0	642933	0	
2016-Jan-05 11:42:10	PI_8	693	2	0	642933	0	
2016-Jan-05 11:42:12	PI_8	694	2	0	642933	0	
2016-Jan-05 11:42:14	PI_8	695	2	0	642933	0	
2016-Jan-05 11:42:16	PI_8	696	2	0	642933	0	
2016-Jan-05 11:42:18	PI_8	697	2	0	642933	0	
2016-Jan-05 11:42:20	PI_8	698	2	0	642933	0	
2016-Jan-05 11:42:22	PI_8	699	2	0	642933	0	
2016-Jan-05 11:42:24	PI_8	700	2	0	642933	0	
2016-Jan-05 11:42:26	PI_8	701	2	1	997955	0	0
2016-Jan-05 11:42:28	PI_8	702	2	0	642933	0	
2016-Jan-05 11:42:30	PI_8	703	2	1	997955	0	0
2016-Jan-05 11:42:32	PI_8	704	2	0	642933	0	
2016-Jan-05 11:42:34	PI_8	705	2	0	642933	0	
2016-Jan-05 11:42:36	PI_8	706	2	1	997955	0	0
2016-Jan-05 11:42:38	PI_8	707	2	1	997955	0	0
2016-Jan-05 11:42:40	PI_8	708	2	0	642933	0	
2016-Jan-05 11:42:42	PI_8	709	2	0	642933	0	
2016-Jan-05 11:42:44	PI_8	710	2	0	642933	0	
2016-Jan-05 11:42:46	PI_8	711	2	0	642933	0	
2016-Jan-05 11:42:48	PI_8	712	2	0	642933	0	
2016-Jan-05 11:42:50	PI_8	713	2	0	642933	0	
2016-Jan-05 11:42:52	PI_8	714	2	0	642933	0	
2016-Jan-05 11:42:54	PI_8	715	2	0	642933	0	
2016-Jan-05 11:42:56	PI_8	716	2	0	642933	0	
2016-Jan-05 11:42:58	PI_8	717	2	0	642933	0	
2016-Jan-05 11:43:00	PI_8	718	2	0	642933	0	
2016-Jan-05 11:43:02	PI_8	719	2	0	642933	0	
2016-Jan-05 11:43:04	PI_8	720	2	0	642933	0	
2016-Jan-05 11:43:06	PI_8	721	2	1	997955	0	0
2016-Jan-05 11:43:08	PI_8	722	2	1	997955	0	0
2016-Jan-05 11:43:10	PI_8	723	2	1	997955	0	0
2016-Jan-05 11:43:12	PI_8	724	2	1	997955	0	0
2016-Jan-05 11:43:14	PI_8	725	2	0	642933	0	
2016-Jan-05 11:43:16	PI_8	726	2	1	997955	0	0
2016-Jan-05 11:43:18	PI_8	727	2	0	642933	0	
2016-Jan-05 11:43:20	PI_8	728	2	0	642933	0	
2016-Jan-05 11:43:22	PI_8	729	2	0	642933	0	
2016-Jan-05 11:43:24	PI_8	730	2	0	642933	0	
2016-Jan-05 11:43:26	PI_8	731	2	1	997955	0	0
2016-Jan-05 11:43:28	PI_8	732	2	1	997955	0	0
2016-Jan-05 11:43:30	PI_8	733	2	0	642933	0	
2016-Jan-05 11:43:32	PI_8	734	2	0	642933	0	
2016-Jan-05 11:43:34	PI_8	735	2	0	642933	0	
2016-Jan-05 11:43:36	PI_8	736	2	0	642933	0	
2016-Jan-05 11:43:38	PI_8	737	2	1	997955	0	0
2016-Jan-05 11:43:40	PI_8	738	2	1	997955	0	0
2016-Jan-05 11:43:42	PI_8	739	2	1	997955	0	0
2016-Jan-05 11:43:44	PI_8	740	2	0	642933	0	
2016-Jan-05 11:43:46	PI_8	741	2	0	642933	0	
2016-Jan-05 11:43:48	PI_8	742	2	1	997955	0	0
2016-Jan-05 11:43:50	PI_8	743	2	1	997955	0	0
2016-Jan-05 11:43:52	PI_8	744	2	1	997955	0	0
2016-Jan-05 11:43:54	PI_8	745	2	0	642933	0	
2016-Jan-05 11:43:56	PI_8	746	2	0	642933	0	
2016-Jan-05 11:43:58	PI_8	747	2	1	997955	0	0
2016-Jan-05 11:44:00	PI_8	748	2	1	997955	0	0
2016-Jan-05 11:44:02	PI_8	749	2	0	642933	0	
2016-Jan-05 11:44:04	PI_8	750	2	1	997955	0	0
2016-Jan-05 11:44:06	PI_8	751	2	1	997955	0	0
2016-Jan-05 11:44:08	PI_8	752	2	1	997955	0	0
2016-Jan-05 11:44:10	PI_8	753	2	0	642933	0	
2016-Jan-05 11:44:12	PI_8	754	2	0	642933	0	
2016-Jan-05 11:44:14	PI_8	755	2	0	642933	0	
2016-Jan-05 11:44:16	PI_8	756	2	0	642933	0	
2016-Jan-05 11:44:18	PI_8	757	2	0	642933	0	
2016-Jan-05 11:44:20	PI_8	758	2	0	642933	0	
2016-Jan-05 11:44:22	PI_8	759	2	0	642933	0	
2016-Jan-05 11:44:24	PI_8	760	2	0	642933	0	
2016-Jan-05 11:44:26	PI_8	761	2	0	642933	0	
2016-Jan-05 11:44:28	PI_8	762	2	0	642933	0	
2016-Jan-05 11:44:30	PI_8	763	2	0	642933	0	
2016-Jan-05 11:44:32	PI_8	764	2	0	642933	0	
2016-Jan-05 11:44:34	PI_8	765	2	0	642933	0	
2016-Jan-05 11:44:36	PI_8	766	2	0	642933	0	
2016-Jan-05 11:44:38	PI_8	767	2	0	642933	0	
2016-Jan-05 11:44:40	PI_8	768	2	1	997955	0	0
2016-Jan-05 11:44:42	PI_8	769	2	0	642933	0	
2016-Jan-05 11:44:44	PI_8	770	2	1	997955	0	0
2016-Jan-05 11:44:46	PI_8	771	2	0	642933	0	
2016-Jan-05 11:44:48	PI_8	772	2	1	997955	0	0
2016-Jan-05 11:44:50	PI_8	773	2	0	642933	0	
2016-Jan-05 11:44:52	PI_8	774	2	0	642933	0	
2016-Jan-05 11:44:54	PI_8	775	2	1	997955	0	0
2016-Jan-05 11:44:56	PI_8	776	2	1	997955	0	0
2016-Jan-05 11:44:58	PI_8	777	2	1	997955	0	0
2016-Jan-05 11:45:00	PI_8	778	2	0	642933	0	
2016-Jan-05 11:45:02	PI_8	779	2	0	642933	0	
2016-Jan-05 11:45:04	PI_8	780	2	0	642933	0	
2016-Jan-05 11:45:06	PI_8	781	2	0	642933	0	
2016-Jan-05 11:45:08	PI_8	782	2	0	642933	0	
2016-Jan-05 11:45:10	PI_8	783	2	1	997955	0	0
2016-Jan-05 11:45:12	PI_8	784	2	1	997955	0	0
2016-Jan-05 11:45:14	PI_8	785	2	1	997955	0	0
2016-Jan-05 11:45:16	PI_8	786	2	1	997955	0	0
2016-Jan-05 11:45:18	PI_8	787	2	0	642933	0	
2016-Jan-05 11:45:20	PI_8	788	2	1	997955	0	0
2016-Jan-05 11:45:22	PI_8	789	2	1	997955	0	0
2016-Jan-05 11:45:24	PI_8	790	2	0	642933	0	
2016-Jan-05 11:45:26	PI_8	791	2	0	642933	0	
2016-Jan-05 11:45:28	PI_8	792	2	0	642933	0	
2016-Jan-05 11:45:30	PI_8	793	2	0	642933	0	
2016-Jan-05 11:45:32	PI_8	794	2	0	642933	0	
2016-Jan-05 11:45:34	PI_8	795	2	0	642933	0	
2016-Jan-05 11:45:36	PI_8	796	2	0	642933	0	
2016-Jan-05 11:45:38	PI_8	797	2	0	642933	0	
2016-Jan-05 11:45:40	PI_8	798	2	0	642933	0	
2016-Jan-05 11:45:42	PI_8	799	2	1	997955	0	0
2016-Jan-05 11:45:44	PI_8	800	2	1	997955	0	0
2016-Jan-05 11:45:46	PI_8	801	2	0	642933	0	
2016-Jan-05 11:45:48	PI_8	802	2	1	997955	0	0
2016-Jan-05 11:45:50	PI_8	803	2	0	642933	0	
2016-Jan-05 11:45:52	PI_8	804	2	0	642933	0	
2016-Jan-05 11:45:54	PI_8	805	2	1	997955	0	0
2016-Jan-05 11:45:56	PI_8	806	2	1	997955	0	0
2016-Jan-05 11:45:58	PI_8	807	2	0	642933	0	
2016-Jan-05 11:46:00	PI_8	808	2	0	642933	0	
2016-Jan-05 11:46:02	PI_8	809	2	1	997955	0	0
2016-Jan-05 11:46:04	PI_8	810	2	0	642933	0	
2016-Jan-05 11:46:06	PI_8	811	2	0	642933	0	
2016-Jan-05 11:46:08	PI_8	812	2	0	642933	0	
2016-Jan-05 11:46:10	PI_8	813	2	0	642933	0	
2016-Jan-05 11:46:12	PI_8	814	2	0	642933	0	
2016-Jan-05 11:46:14	PI_8	815	2	0	642933	0	
2016-Jan-05 11:46:16	PI_8	816	2	1	997955	0	0
2016-Jan-05 11:46:18	PI_8	817	2	0	642933	0	
2016-Jan-05 11:46:20	PI_8	818	2	1	997955	0	0
2016-Jan-05 11:46:22	PI_8	819	2	1	997955	0	0
2016-Jan-05 11:46:24	PI_8	820	2	0	642933	0	
2016-Jan-05 11:46:26	PI_8	821	2	1	997955	0	0
2016-Jan-05 11:46:28	PI_8	822	2	1	997955	0	0
2016-Jan-05 11:46:30	PI_8	823	2	0	642933	0	
2016-Jan-05 11:46:32	PI_8	824	2	1	997955	0	0
2016-Jan-05 11:46:34	PI_8	825	2	0	642933	0	
2016-Jan-05 11:46:36	PI_8	826	2	1	997955	0	0
2016-Jan-05 11:46:38	PI_8	827	2	0	642933	0	
2016-Jan-05 11:46:40	PI_8	828	2	0	642933	0	
2016-Jan-05 11:46:42	PI_8	829	2	0	642933	0	
2016-Jan-05 11:46:44	PI_8	830	2	0	642933	0	
2016-Jan-05 11:46:46	PI_8	831	2	1	997955	0	0
2016-Jan-05 11:46:48	PI_8	832	2	0	642933	0	
2016-Jan-05 11:46:50	PI_8	833	2	0	642933	0	
2016-Jan-05 11:46:52	PI_8	834	2	1	997955	0	0
2016-Jan-05 11:46:54	PI_8	835	2	0	642933	0	
2016-Jan-05 11:46:56	PI_8	836	2	0	642933	0	
2016-Jan-05 11:46:58	PI_8	837	2	1	997955	0	0
2016-Jan-05 11:47:00	PI_8	838	2	1	997955	0	0
2016-Jan-05 11:47:02	PI_8	839	2	1	997955	0	0
2016-Jan-05 11:47:04	PI_8	840	2	1	997955	0	0
2016-Jan-05 11:47:06	PI_8	841	2	0	642933	0	
2016-Jan-05 11:47:08	PI_8	842	2	1	997955	0	0
2016-Jan-05 11:47:10	PI_8	843	2	1	997955	0	0
2016-Jan-05 11:47:12	PI_8	844	2	1	997955	0	0
2016-Jan-05 11:47:14	PI_8	845	2	1	997955	0	0
2016-Jan-05 11:47:16	PI_8	846	2	0	642933	0	
2016-Jan-05 11:47:18	PI_8	847	2	0	642933	0	
2016-Jan-05 11:47:20	PI_8	848	2	0	642933	0	
2016-Jan-05 11:47:22	PI_8	849	2	0	642933	0	
2016-Jan-05 11:47:24	PI_8	850	2	1	997955	0	0
2016-Jan-05 11:47:26	PI_8	851	2	0	642933	0	
2016-Jan-05 11:47:28	PI_8	852	2	0	642933	0	
2016-Jan-05 11:47:30	PI_8	853	2	1	997955	0	0
2016-Jan-05 11:47:32	PI_8	854	2	0	642933	0	
2016-Jan-05 11:47:34	PI_8	855	2	1	997955	0	0
2016-Jan-05 11:47:36	PI_8	856	2	0	642933	0	
2016-Jan-05 11:47:38	PI_8	857	2	1	997955	0	0
2016-Jan-05 11:47:40	PI_8	858	2	0	642933	0	
2016-Jan-05 11:47:42	PI_8	859	2	0	642933	0	
2016-Jan-05 11:47:44	PI_8	860	2	0	642933	0	
2016-Jan-05 11:47:46	PI_8	861	2	0	642933	0	
2016-Jan-05 11:47:48	PI_8	862	2	0	642933	0	
2016-Jan-05 11:47:50	PI_8	863	2	0	642933	0	
2016-Jan-05 11:47:52	PI_8	864	2	0	642933	0	
2016-Jan-05 11:47:54	PI_8	865	2	0	642933	0	
2016-Jan-05 11:47:56	PI_8	866	2	1	997955	0	0
2016-Jan-05 11:47:58	PI_8	867	2	1	997955	0	0
2016-Jan-05 11:48:00	PI_8	868	2	1	997955	0	0
2016-Jan-05 11:48:02	PI_8	869	2	1	997955	0	0
2016-Jan-05 11:48:04	PI_8	870	2	0	642933	0	
2016-Jan-05 11:48:06	PI_8	871	2	1	997955	0	0
2016-Jan-05 11:48:08	PI_8	872	2	0	642933	0	
2016-Jan-05 11:48:10	PI_8	873	2	0	642933	0	
2016-Jan-05 11:48:12	PI_8	874	2	0	642933	0	
2016-Jan-05 11:48:14	PI_8	875	2	0	642933	0	
2016-Jan-05 11:48:16	PI_8	876	2	0	642933	0	
2016-Jan-05 11:48:18	PI_8	877	2	0	642933	0	
2016-Jan-05 11:48:20	PI_8	878	2	0	642933	0	
2016-Jan-05 11:48:22	PI_8	879	2	1	997955	0	0
2016-Jan-05 11:48:24	PI_8	880	2	0	642933	0	
2016-Jan-05 11:48:26	PI_8	881	2	0	642933	0	
2016-Jan-05 11:48:28	PI_8	882	2	1	997955	0	0
2016-Jan-05 11:48:30	PI_8	883	2	0	642933	0	
2016-Jan-05 11:48:32	PI_8	884	2	0	642933	0	
2016-Jan-05 11:48:34	PI_8	885	2	1	997955	0	0
2016-Jan-05 11:48:36	PI_8	886	2	0	642933	0	
2016-Jan-05 11:48:38	PI_8	887	2	0	642933	0	
2016-Jan-05 11:48:40	PI_8	888	2	1	997955	0	0
2016-Jan-05 11:48:42	PI_8	889	2	1	997955	0	0
2016-Jan-05 11:48:44	PI_8	890	2	1	997955	0	0
2016-Jan-05 11:48:46	PI_8	891	2	1	997955	0	0
2016-Jan-05 11:48:48	PI_8	892	2	0	642933	0	
2016-Jan-05 11:48:50	PI_8	893	2	0	642933	0	
2016-Jan-05 11:48:52	PI_8	894	2	0	642933	0	
2016-Jan-05 11:48:54	PI_8	895	2	1	997955	0	0
2016-Jan-05 11:48:56	PI_8	896	2	0	642933	0	
2016-Jan-05 11:48:58	PI_8	897	2	0	642933	0	
2016-Jan-05 11:49:00	PI_8	898	2	0	642933	0	
2016-Jan-05 11:49:02	PI_8	899	2	1	997955	0	0
2016-Jan-05 11:49:04	PI_8	900	2	0	642933	0	
2016-Jan-05 11:49:06	PI_8	901	2	0	642933	0	
2016-Jan-05 11:49:08	PI_8	902	2	0	642933	0	
2016-Jan-05 11:49:10	PI_8	903	2	0	642933	0	
2016-Jan-05 11:49:12	PI_8	904	2	2	1405754	0	0,1
2016-Jan-05 11:49:14	PI_8	905	2	0	642933	0	
2016-Jan-05 11:49:16	PI_8	906	2	0	642933	0	
2016-Jan-05 11:49:18	PI_8	907	2	0	642933	0	
2016-Jan-05 11:49:20	PI_8	908	2	0	642933	0	
2016-Jan-05 11:49:22	PI_8	909	2	1	997955	0	0
2016-Jan-05 11:49:24	PI_8	910	2	0	642933	0	
2016-Jan-05 11:49:26	PI_8	911	2	0	642933	0	
2016-Jan-05 11:49:28	PI_8	912	2	1	997955	0	0
2016-Jan-05 11:49:30	PI_8	913	2	0	642933	0	
2016-Jan-05 11:49:32	PI_8	914	2	1	997955	0	0
2016-Jan-05 11:49:34	PI_8	915	2	0	642933	0	
2016-Jan-05 11:49:36	PI_8	916	2	0	642933	0	
2016-Jan-05 11:49:38	PI_8	917	2	0	642933	0	
2016-Jan-05 11:49:40	PI_8	918	2	0	642933	0	
2016-Jan-05 11:49:42	PI_8	919	2	0	642933	0	
2016-Jan-05 11:49:44	PI_8	920	2	0	642933	0	
2016-Jan-05 11:49:46	PI_8	921	2	0	642933	0	
2016-Jan-05 11:49:48	PI_8	922	2	1	997955	0	0
2016-Jan-05 11:49:50	PI_8	923	2	1	997955	0	0
2016-Jan-05 11:49:52	PI_8	924	2	1	997955	0	0
2016-Jan-05 11:49:54	PI_8	925	2	0	642933	0	
2016-Jan-05 11:49:56	PI_8	926	2	0	642933	0	
2016-Jan-05 11:49:58	PI_8	927	2	0	642933	0	
2016-Jan-05 11:50:00	PI_8	928	2	0	642933	0	
2016-Jan-05 11:50:02	PI_8	929	2	0	642933	0	
2016-Jan-05 11:50:04	PI_8	930	2	0	642933	0	
2016-Jan-05 11:50:06	PI_8	931	2	0	642933	0	
2016-Jan-05 11:50:08	PI_8	932	2	0	642933	0	
2016-Jan-05 11:50:10	PI_8	933	2	0	642933	0	
2016-Jan-05 11:50:12	PI_8	934	2	1	997955	0	0
2016-Jan-05 11:50:14	PI_8	935	2	0	642933	0	
2016-Jan-05 11:50:16	PI_8	936	2	0	642933	0	
2016-Jan-05 11:50:18	PI_8	937	2	0	642933	0	
2016-Jan-05 11:50:20	PI_8	938	2	0	642933	0	
2016-Jan-05 11:50:22	PI_8	939	2	0	642933	0	
2016-Jan-05 11:50:24	PI_8	940	2	0	642933	0	
2016-Jan-05 11:50:26	PI_8	941	2	0	642933	0	
2016-Jan-05 11:50:28	PI_8	942	2	0	642933	0	
2016-Jan-05 11:50:30	PI_8	943	2	0	642933	0	
2016-Jan-05 11:50:32	PI_8	944	2	0	642933	0	
2016-Jan-05 11:50:34	PI_8	945	2	0	642933	0	
2016-Jan-05 11:50:36	PI_8	946	2	0	642933	0	
2016-Jan-05 11:50:38	PI_8	947	2	0	642933	0	
2016-Jan-05 11:50:40	PI_8	948	2	0	642933	0	
2016-Jan-05 11:50:42	PI_8	949	2	0	642933	0	
2016-Jan-05 11:50:44	PI_8	950	2	0	642933	0	
2016-Jan-05 11:50:46	PI_8	951	2	0	642933	0	
2016-Jan-05 11:50:48	PI_8	952	2	0	642933	0	
2016-Jan-05 11:50:50	PI_8	953	2	0	642933	0	
2016-Jan-05 11:50:52	PI_8	954	2	0	642933	0	
2016-Jan-05 11:50:54	PI_8	955	2	0	642933	0	
2016-Jan-05 11:50:56	PI_8	956	2	0	642933	0	
2016-Jan-05 11:50:58	PI_8	957	2	0	642933	0	
2016-Jan-05 11:51:00	PI_8	958	2	0	642933	0	
2016-Jan-05 11:51:02	PI_8	959	2	0	642933	0	
2016-Jan-05 11:51:04	PI_8	960	2	2	1405754	0	0,1
2016-Jan-05 11:51:06	PI_8	961	2	0	642933	0	
2016-Jan-05 11:51:08	PI_8	962	2	0	642933	0	
2016-Jan-05 11:51:10	PI_8	963	2	1	997955	0	0
2016-Jan-05 11:51:12	PI_8	964	2	1	997955	0	0
2016-Jan-05 11:51:14	PI_8	965	2	0	642933	0	
2016-Jan-05 11:51:16	PI_8	966	2	1	997955	0	0
2016-Jan-05 11:51:18	PI_8	967	2	0	642933	0	
2016-Jan-05 11:51:20	PI_8	968	2	1	997955	0	0
2016-Jan-05 11:51:22	PI_8	969	2	0	642933	0	
2016-Jan-05 11:51:24	PI_8	970	2	0	642933	0	
2016-Jan-05 11:51:26	PI_8	971	2	1	997955	0	0
2016-Jan-05 11:51:28	PI_8	972	2	1	997955	0	0
2016-Jan-05 11:51:30	PI_8	973	2	1	997955	0	0
2016-Jan-05 11:51:32	PI_8	974	2	0	642933	0	
2016-Jan-05 11:51:34	PI_8	975	2	0	642933	0	
2016-Jan-05 11:51:36	PI_8	976	2	0	642933	0	
2016-Jan-05 11:51:38	PI_8	977	2	0	642933	0	
2016-Jan-05 11:51:40	PI_8	978	2	0	642933	0	
2016-Jan-05 11:51:42	PI_8	979	2	0	642933	0	
2016-Jan-05 11:51:44	PI_8	980	2	1	997955	0	0
2016-Jan-05 11:51:46	PI_8	981	2	1	997955	0	0
2016-Jan-05 11:51:48	PI_8	982	2	0	642933	0	
2016-Jan-05 11:51:50	PI_8	983	2	0	642933	0	
2016-Jan-05 11:51:52	PI_8	984	2	0	642933	0	
2016-Jan-05 11:51:54	PI_8	985	2	1	997955	0	0
2016-Jan-05 11:51:56	PI_8	986	2	1	997955	0	0
2016-Jan-05 11:51:58	PI_8	987	2	0	642933	0	
2016-Jan-05 11:52:00	PI_8	988	2	1	997955	0	0
2016-Jan-05 11:52:02	PI_8	989	2	0	642933	0	
2016-Jan-05 11:52:04	PI_8	990	2	1	997955	0	0
2016-Jan-05 11:52:06	PI_8	991	2	1	997955	0	0
2016-Jan-05 11:52:08	PI_8	992	2	1	997955	0	0
2016-Jan-05 11:52:10	PI_8	993	2	1	997955	0	0
2016-Jan-05 11:52:12	PI_8	994	2	0	642933	0	
2016-Jan-05 11:52:14	PI_8	995	2	0	642933	0	
2016-Jan-05 11:52:16	PI_8	996	2	1	997955	0	0
2016-Jan-05 11:52:18	PI_8	997	2	1	997955	0	0
2016-Jan-05 11:52:20	PI_8	998	2	1	997955	0	0
2016-Jan-05 11:52:22	PI_8	999	2	0	642933	0	
2016-Jan-05 11:52:24	PI_8	1000	2	1	997955	0	0
2016-Jan-05 11:52:26	PI_8	1001	2	0	642933	0	
2016-Jan-05 11:52:28	PI_8	1002	2	0	642933	0	
2016-Jan-05 11:52:30	PI_8	1003	2	0	642933	0	
2016-Jan-05 11:52:32	PI_8	1004	2	1	997955	0	0
2016-Jan-05 11:52:34	PI_8	1005	2	0	642933	0	
2016-Jan-05 11:52:36	PI_8	1006	2	0	642933	0	
2016-Jan-05 11:52:38	PI_8	1007	2	0	642933	0	
2016-Jan-05 11:52:40	PI_8	1008	2	0	642933	0	
2016-Jan-05 11:52:42	PI_8	1009	2	0	642933	0	
2016-Jan-05 11:52:44	PI_8	1010	2	0	642933	0	
2016-Jan-05 11:52:46	PI_8	1011	2	0	642933	0	
2016-Jan-05 11:52:48	PI_8	1012	2	0	642933	0	
2016-Jan-05 11:52:50	PI_8	1013	2	1	997955	0	0
2016-Jan-05 11:52:52	PI_8	1014	2	1	997955	0	0
2016-Jan-05 11:52:54	PI_8	1015	2	0	642933	0	
2016-Jan-05 11:52:56	PI_8	1016	2	1	997955	0	0
2016-Jan-05 11:52:58	PI_8	1017	2	1	997955	0	0
2016-Jan-05 11:53:00	PI_8	1018	2	0	642933	0	
2016-Jan-05 11:53:02	PI_8	1019	2	0	642933	0	
2016-Jan-05 11:53:04	PI_8	1020	2	1	997955	0	0
2016-Jan-05 11:53:06	PI_8	1021	2	0	642933	0	
2016-Jan-05 11:53:08	PI_8	1022	2	0	642933	0	
2016-Jan-05 11:53:10	PI_8	1023	2	0	642933	0	
2016-Jan-05 11:53:12	PI_8	1024	2	0	642933	0	
2016-Jan-05 11:53:14	PI_8	1025	2	0	642933	0	
2016-Jan-05 11:53:16	PI_8	1026	2	0	642933	0	
2016-Jan-05 11:53:18	PI_8	1027	2	0	642933	0	
2016-Jan-05 11:53:20	PI_8	1028	2	1	997955	0	0
2016-Jan-05 11:53:22	PI_8	1029	2	0	642933	0	
2016-Jan-05 11:53:24	PI_8	1030	2	1	997955	0	0
2016-Jan-05 11:53:26	PI_8	1031	2	0	642933	0	
2016-Jan-05 11:53:28	PI_8	1032	2	1	997955	0	0
2016-Jan-05 11:53:30	PI_8	1033	2	1	997955	0	0
2016-Jan-05 11:53:32	PI_8	1034	2	0	642933	0	
2016-Jan-05 11:53:34	PI_8	1035	2	0	642933	0	
2016-Jan-05 11:53:36	PI_8	1036	2	0	642933	0	
2016-Jan-05 11:53:38	PI_8	1037	2	0	642933	0	
2016-Jan-05 11:53:40	PI_8	1038	2	0	642933	0	
2016-Jan-05 11:53:42	PI_8	1039	2	0	642933	0	
2016-Jan-05 11:53:44	PI_8	1040	2	0	642933	0	
2016-Jan-05 11:53:46	PI_8	1041	2	0	642933	0	
2016-Jan-05 11:53:48	PI_8	1042	2	0	642933	0	
2016-Jan-05 11:53:50	PI_8	1043	2	0	642933	0	
2016-Jan-05 11:53:52	PI_8	1044	2	0	642933	0	
2016-Jan-05 11:53:54	PI_8	1045	2	0	642933	0	
2016-Jan-05 11:53:56	PI_8	1046	2	0	642933	0	
2016-Jan-05 11:53:58	PI_8	1047	2	0	642933	0	
2016-Jan-05 11:54:00	PI_8	1048	2	0	642933	0	
2016-Jan-05 11:54:02	PI_8	1049	2	0	642933	0	
2016-Jan-05 11:54:04	PI_8	1050	2	0	642933	0	
2016-Jan-05 11:54:06	PI_8	1051	2	0	642933	0	
2016-Jan-05 11:54:08	PI_8	1052	2	0	642933	0	
2016-Jan-05 11:54:10	PI_8	1053	2	0	642933	0	
2016-Jan-05 11:54:12	PI_8	1054	2	0	642933	0	
2016-Jan-05 11:54:14	PI_8	1055	2	0	642933	0	
2016-Jan-05 11:54:16	PI_8	1056	2	0	642933	0	
2016-Jan-05 11:54:18	PI_8	1057	2	0	642933	0	
2016-Jan-05 11:54:20	PI_8	1058	2	0	642933	0	
2016-Jan-05 11:54:22	PI_8	1059	2	0	642933	0	
2016-Jan-05 11:54:24	PI_8	1060	2	1	997955	0	0
2016-Jan-05 11:54:26	PI_8	1061	2	1	997955	0	0
2016-Jan-05 11:54:28	PI_8	1062	2	0	642933	0	
2016-Jan-05 11:54:30	PI_8	1063	2	0	642933	0	
2016-Jan-05 11:54:32	PI_8	1064	2	0	642933	0	
2016-Jan-05 11:54:34	PI_8	1065	2	0	642933	0	
2016-Jan-05 11:54:36	PI_8	1066	2	0	642933	0	
2016-Jan-05 11:54:38	PI_8	1067	2	1	997955	0	0
2016-Jan-05 11:54:40	PI_8	1068	2	1	997955	0	0
2016-Jan-05 11:54:42	PI_8	1069	2	1	997955	0	0
2016-Jan-05 11:54:44	PI_8	1070	2	1	997955	0	0
2016-Jan-05 11:54:46	PI_8	1071	2	1	997955	0	0
2016-Jan-05 11:54:48	PI_8	1072	2	1	997955	0	0
2016-Jan-05 11:54:50	PI_8	1073	2	0	642933	0	
2016-Jan-05 11:54:52	PI_8	1074	2	1	997955	0	0
2016-Jan-05 11:54:54	PI_8	1075	2	1	997955	0	0
2016-Jan-05 11:54:56	PI_8	1076	2	0	642933	0	
2016-Jan-05 11:54:58	PI_8	1077	2	1	997955	0	0
2016-Jan-05 11:55:00	PI_8	1078	2	1	997955	0	0
2016-Jan-05 11:55:02	PI_8	1079	2	1	997955	0	0
2016-Jan-05 11:55:04	PI_8	1080	2	1	997955	0	0
2016-Jan-05 11:55:06	PI_8	1081	2	1	997955	0	0
2016-Jan-05 11:55:08	PI_8	1082	2	1	997955	0	0
2016-Jan-05 11:55:10	PI_8	1083	2	1	997955	0	0
2016-Jan-05 11:55:12	PI_8	1084	2	1	997955	0	0
2016-Jan-05 11:55:14	PI_8	1085	2	1	997955	0	0
2016-Jan-05 11:55:16	PI_8	1086	2	0	642933	0	
2016-Jan-05 11:55:18	PI_8	1087	2	0	642933	0	
2016-Jan-05 11:55:20	PI_8	1088	2	1	997955	0	0
2016-Jan-05 11:55:22	PI_8	1089	2	0	642933	0	
2016-Jan-05 11:55:24	PI_8	1090	2	2	1405754	0	0,1
2016-Jan-05 11:55:26	PI_8	1091	2	0	642933	0	
2016-Jan-05 11:55:28	PI_8	1092	2	0	642933	0	
2016-Jan-05 11:55:30	PI_8	1093	2	0	642933	0	
2016-Jan-05 11:55:32	PI_8	1094	2	0	642933	0	
2016-Jan-05 11:55:34	PI_8	1095	2	0	642933	0	
2016-Jan-05 11:55:36	PI_8	1096	2	0	642933	0	
2016-Jan-05 11:55:38	PI_8	1097	2	0	642933	0	
2016-Jan-05 11:55:40	PI_8	1098	2	0	642933	0	
2016-Jan-05 11:55:42	PI_8	1099	2	1	997955	0	0
2016-Jan-05 11:55:44	PI_8	1100	2	0	642933	0	
2016-Jan-05 11:55:46	PI_8	1101	2	1	997955	0	0
2016-Jan-05 11:55:48	PI_8	1102	2	0	642933	0	
2016-Jan-05 11:55:50	PI_8	1103	2	0	642933	0	
2016-Jan-05 11:55:52	PI_8	1104	2	1	997955	0	0
2016-Jan-05 11:55:54	PI_8	1105	2	0	642933	0	
2016-Jan-05 11:55:56	PI_8	1106	2	0	642933	0	
2016-Jan-05 11:55:58	PI_8	1107	2	0	642933	0	
2016-Jan-05 11:56:00	PI_8	1108	2	0	642933	0	
2016-Jan-05 11:56:02	PI_8	1109	2	0	642933	0	
2016-Jan-05 11:56:04	PI_8	1110	2	0	642933	0	
2016-Jan-05 11:56:06	PI_8	1111	2	0	642933	0	
2016-Jan-05 11:56:08	PI_8	1112	2	0	642933	0	
2016-Jan-05 11:56:10	PI_8	1113	2	1	997955	0	0
2016-Jan-05 11:56:12	PI_8	1114	2	1	997955	0	0
2016-Jan-05 11:56:14	PI_8	1115	2	1	997955	0	0
2016-Jan-05 11:56:16	PI_8	1116	2	1	997955	0	0
2016-Jan-05 11:56:18	PI_8	1117	2	1	997955	0	0
2016-Jan-05 11:56:20	PI_8	1118	2	1	997955	0	0
2016-Jan-05 11:56:22	PI_8	1119	2	0	642933	0	
2016-Jan-05 11:56:24	PI_8	1120	2	0	642933	0	
2016-Jan-05 11:56:26	PI_8	1121	2	0	642933	0	
2016-Jan-05 11:56:28	PI_8	1122	2	1	997955	0	0
2016-Jan-05 11:56:30	PI_8	1123	2	0	642933	0	
2016-Jan-05 11:56:32	PI_8	1124	2	0	642933	0	
2016-Jan-05 11:56:34	PI_8	1125	2	0	642933	0	
2016-Jan-05 11:56:36	PI_8	1126	2	0	642933	0	
2016-Jan-05 11:56:38	PI_8	1127	2	0	642933	0	
2016-Jan-05 11:56:40	PI_8	1128	2	0	642933	0	
2016-Jan-05 11:56:42	PI_8	1129	2	0	642933	0	
2016-Jan-05 11:56:44	PI_8	1130	2	0	642933	0	
2016-Jan-05 11:56:46	PI_8	1131	2	0	642933	0	
2016-Jan-05 11:56:48	PI_8	1132	2	0	642933	0	
2016-Jan-05 11:56:50	PI_8	1133	2	0	642933	0	
2016-Jan-05 11:56:52	PI_8	1134	2	0	642933	0	
2016-Jan-05 11:56:54	PI_8	1135	2	0	642933	0	
2016-Jan-05 11:56:56	PI_8	1136	2	0	642933	0	
2016-Jan-05 11:56:58	PI_8	1137	2	0	642933	0	
2016-Jan-05 11:57:00	PI_8	1138	2	0	642933	0	
2016-Jan-05 11:57:02	PI_8	1139	2	2	1405754	0	0,1
2016-Jan-05 11:57:04	PI_8	1140	2	0	642933	0	
2016-Jan-05 11:57:06	PI_8	1141	2	0	642933	0	
2016-Jan-05 11:57:08	PI_8	1142	2	2	1405754	0	0,1
2016-Jan-05 11:57:10	PI_8	1143	2	0	642933	0	
2016-Jan-05 11:57:12	PI_8	1144	2	1	997955	0	0
2016-Jan-05 11:57:14	PI_8	1145	2	1	997955	0	0
2016-Jan-05 11:57:16	PI_8	1146	2	0	642933	0	
2016-Jan-05 11:57:18	PI_8	1147	2	1	997955	0	0
2016-Jan-05 11:57:20	PI_8	1148	2	0	642933	0	
2016-Jan-05 11:57:22	PI_8	1149	2	1	997955	0	0
2016-Jan-05 11:57:24	PI_8	1150	2	1	997955	0	0
2016-Jan-05 11:57:26	PI_8	1151	2	1	997955	0	0
2016-Jan-05 11:57:28	PI_8	1152	2	0	642933	0	
2016-Jan-05 11:57:30	PI_8	1153	2	1	997955	0	0
2016-Jan-05 11:57:32	PI_8	1154	2	0	642933	0	
2016-Jan-05 11:57:34	PI_8	1155	2	0	642933	0	
2016-Jan-05 11:57:36	PI_8	1156	2	0	642933	0	
2016-Jan-05 11:57:38	PI_8	1157	2	1	997955	0	0
2016-Jan-05 11:57:40	PI_8	1158	2	0	642933	0	
2016-Jan-05 11:57:42	PI_8	1159	2	0	642933	0	
2016-Jan-05 11:57:44	PI_8	1160	2	0	642933	0	
2016-Jan-05 11:57:46	PI_8	1161	2	0	642933	0	
2016-Jan-05 11:57:48	PI_8	1162	2	0	642933	0	
2016-Jan-05 11:57:50	PI_8	1163	2	0	642933	0	
2016-Jan-05 11:57:52	PI_8	1164	2	0	642933	0	
2016-Jan-05 11:57:54	PI_8	1165	2	0	642933	0	
2016-Jan-05 11:57:56	PI_8	1166	2	0	642933	0	
2016-Jan-05 11:57:58	PI_8	1167	2	0	642933	0	
2016-Jan-05 11:58:00	PI_8	1168	2	0	642933	0	
2016-Jan-05 11:58:02	PI_8	1169	2	0	642933	0	
2016-Jan-05 11:58:04	PI_8	1170	2	0	642933	0	
2016-Jan-05 11:58:06	PI_8	1171	2	0	642933	0	
2016-Jan-05 11:58:08	PI_8	1172	2	0	642933	0	
2016-Jan-05 11:58:10	PI_8	1173	2	0	642933	0	
2016-Jan-05 11:58:12	PI_8	1174	2	0	642933	0	
2016-Jan-05 11:58:14	PI_8	1175	2	0	642933	0	
2016-Jan-05 11:58:16	PI_8	1176	2	0	642933	0	
2016-Jan-05 11:58:18	PI_8	1177	2	0	642933	0	
2016-Jan-05 11:58:20	PI_8	1178	2	0	642933	0	
2016-Jan-05 11:58:22	PI_8	1179	2	0	642933	0	
2016-Jan-05 11:58:24	PI_8	1180	2	0	642933	0	
2016-Jan-05 11:58:26	PI_8	1181	2	0	642933	0	
2016-Jan-05 11:58:28	PI_8	1182	2	0	642933	0	
2016-Jan-05 11:58:30	PI_8	1183	2	0	642933	0	
2016-Jan-05 11:58:32	PI_8	1184	2	0	642933	0	
2016-Jan-05 11:58:34	PI_8	1185	2	0	642933	0	
2016-Jan-05 11:58:36	PI_8	1186	2	0	642933	0	
2016-Jan-05 11:58:38	PI_8	1187	2	0	642933	0	
2016-Jan-05 11:58:40	PI_8	1188	2	0	642933	0	
2016-Jan-05 11:58:42	PI_8	1189	2	0	642933	0	
2016-Jan-05 11:58:44	PI_8	1190	2	0	642933	0	
2016-Jan-05 11:58:46	PI_8	1191	2	0	642933	0	
2016-Jan-05 11:58:48	PI_8	1192	2	0	642933	0	
2016-Jan-05 11:58:50	PI_8	1193	2	0	642933	0	
2016-Jan-05 11:58:52	PI_8	1194	2	0	642933	0	
2016-Jan-05 11:58:54	PI_8	1195	2	0	642933	0	
2016-Jan-05 11:58:56	PI_8	1196	2	0	642933	0	
2016-Jan-05 11:58:58	PI_8	1197	2	0	642933	0	
2016-Jan-05 11:59:00	PI_8	1198	2	0	642933	0	
2016-Jan-05 11:59:02	PI_8	1199	2	0	642933	0	
2016-Jan-05 11:59:04	PI_8	1200	2	0	642933	0	
2016-Jan-05 11:59:06	PI_8	1201	2	0	642933	0	
2016-Jan-05 11:59:08	PI_8	1202	2	0	642933	0	
2016-Jan-05 11:59:10	PI_8	1203	2	0	642933	0	
2016-Jan-05 11:59:12	PI_8	1204	2	1	997955	0	0
2016-Jan-05 11:59:14	PI_8	1205	2	1	997955	0	0
2016-Jan-05 11:59:16	PI_8	1206	2	1	997955	0	0
2016-Jan-05 11:59:18	PI_8	1207	2	1	997955	0	0
2016-Jan-05 11:59:20	PI_8	1208	2	0	642933	0	
2016-Jan-05 11:59:22	PI_8	1209	2	1	997955	0	0
2016-Jan-05 11:59:24	PI_8	1210	2	0	642933	0	
2016-Jan-05 11:59:26	PI_8	1211	2	1	997955	0	0
2016-Jan-05 11:59:28	PI_8	1212	2	0	642933	0	
2016-Jan-05 11:59:30	PI_8	1213	2	1	997955	0	0
2016-Jan-05 11:59:32	PI_8	1214	2	0	642933	0	
2016-Jan-05 11:59:34	PI_8	1215	2	0	642933	0	
2016-Jan-05 11:59:36	PI_8	1216	2	0	642933	0	
2016-Jan-05 11:59:38	PI_8	1217	2	0	642933	0	
2016-Jan-05 11:59:40	PI_8	1218	2	0	642933	0	
2016-Jan-05 11:59:42	PI_8	1219	2	0	642933	0	
2016-Jan-05 11:59:44	PI_8	1220	2	0	642933	0	
2016-Jan-05 11:59:46	PI_8	1221	2	1	997955	0	0
2016-Jan-05 11:59:48	PI_8	1222	2	1	997955	0	0
2016-Jan-05 11:59:50	PI_8	1223	2	1	997955	0	0
2016-Jan-05 11:59:52	PI_8	1224	2	1	997955	0	0
2016-Jan-05 11:59:54	PI_8	1225	2	1	997955	0	0
2016-Jan-05 11:59:56	PI_8	1226	2	1	997955	0	0
2016-Jan-05 11:59:58	PI_8	1227	2	0	642933	0	
2016-Jan-05 12:00:00	PI_8	1228	2	0	642933	0	
2016-Jan-05 12:00:02	PI_8	1229	2	0	642933	0	
2016-Jan-05 12:00:04	PI_8	1230	2	1	997955	0	0
2016-Jan-05 12:00:06	PI_8	1231	2	0	642933	0	
2016-Jan-05 12:00:08	PI_8	1232	2	0	642933	0	
2016-Jan-05 12:00:10	PI_8	1233	2	1	997955	0	0
2016-Jan-05 12:00:12	PI_8	1234	2	0	642933	0	
2016-Jan-05 12:00:14	PI_8	1235	2	0	642933	0	
2016-Jan-05 12:00:16	PI_8	1236	2	0	642933	0	
2016-Jan-05 12:00:18	PI_8	1237	2	1	997955	0	0
2016-Jan-05 12:00:20	PI_8	1238	2	0	642933	0	
2016-Jan-05 12:00:22	PI_8	1239	2	0	642933	0	
2016-Jan-05 12:00:24	PI_8	1240	2	0	642933	0	
2016-Jan-05 12:00:26	PI_8	1241	2	1	997955	0	0
2016-Jan-05 12:00:28	PI_8	1242	2	0	642933	0	
2016-Jan-05 12:00:30	PI_8	1243	2	0	642933	0	
2016-Jan-05 12:00:32	PI_8	1244	2	1	997955	0	0
2016-Jan-05 12:00:34	PI_8	1245	2	0	642933	0	
2016-Jan-05 12:00:36	PI_8	1246	2	0	642933	0	
2016-Jan-05 12:00:38	PI_8	1247	2	0	642933	0	
2016-Jan-05 12:00:40	PI_8	1248	2	0	642933	0	
2016-Jan-05 12:00:42	PI_8	1249	2	1	997955	0	0
2016-Jan-05 12:00:44	PI_8	1250	2	0	642933	0	
2016-Jan-05 12:00:46	PI_8	1251	2	0	642933	0	
2016-Jan-05 12:00:48	PI_8	1252	2	1	997955	0	0
2016-Jan-05 12:00:50	PI_8	1253	2	0	642933	0	
2016-Jan-05 12:00:52	PI_8	1254	2	1	997955	0	0
2016-Jan-05 12:00:54	PI_8	1255	2	0	642933	0	
2016-Jan-05 12:00:56	PI_8	1256	2	1	997955	0	0
2016-Jan-05 12:00:58	PI_8	1257	2	0	642933	0	
2016-Jan-05 12:01:00	PI_8	1258	2	0	642933	0	
2016-Jan-05 12:01:02	PI_8	1259	2	1	997955	0	0
2016-Jan-05 12:01:04	PI_8	1260	2	0	642933	0	
2016-Jan-05 12:01:06	PI_8	1261	2	1	997955	0	0
2016-Jan-05 12:01:08	PI_8	1262	2	0	642933	0	
2016-Jan-05 12:01:10	PI_8	1263	2	0	642933	0	
2016-Jan-05 12:01:12	PI_8	1264	2	0	642933	0	
2016-Jan-05 12:01:14	PI_8	1265	2	0	642933	0	
2016-Jan-05 12:01:16	PI_8	1266	2	0	642933	0	
2016-Jan-05 12:01:18	PI_8	1267	2	0	642933	0	
2016-Jan-05 12:01:20	PI_8	1268	2	0	642933	0	
2016-Jan-05 12:01:22	PI_8	1269	2	0	642933	0	
2016-Jan-05 12:01:24	PI_8	1270	2	0	642933	0	
2016-Jan-05 12:01:26	PI_8	1271	2	0	642933	0	
2016-Jan-05 12:01:28	PI_8	1272	2	0	642933	0	
2016-Jan-05 12:01:30	PI_8	1273	2	0	642933	0	
2016-Jan-05 12:01:32	PI_8	1274	2	0	642933	0	
2016-Jan-05 12:01:34	PI_8	1275	2	0	642933	0	
2016-Jan-05 12:01:36	PI_8	1276	2	0	642933	0	
2016-Jan-05 12:01:38	PI_8	1277	2	0	642933	0	
2016-Jan-05 12:01:40	PI_8	1278	2	0	642933	0	
2016-Jan-05 12:01:42	PI_8	1279	2	0	642933	0	
2016-Jan-05 12:01:44	PI_8	1280	2	0	642933	0	
2016-Jan-05 12:01:46	PI_8	1281	2	0	642933	0	
2016-Jan-05 12:01:48	PI_8	1282	2	0	642933	0	
2016-Jan-05 12:01:50	PI_8	1283	2	0	642933	0	
2016-Jan-05 12:01:52	PI_8	1284	2	0	642933	0	
2016-Jan-05 12:01:54	PI_8	1285	2	0	642933	0	
2016-Jan-05 12:01:56	PI_8	1286	2	0	642933	0	
2016-Jan-05 12:01:58	PI_8	1287	2	0	642933	0	
2016-Jan-05 12:02:00	PI_8	1288	2	1	997955	0	0
2016-Jan-05 12:02:02	PI_8	1289	2	0	642933	0	
2016-Jan-05 12:02:04	PI_8	1290	2	1	997955	0	0
2016-Jan-05 12:02:06	PI_8	1291	2	1	997955	0	0
2016-Jan-05 12:02:08	PI_8	1292	2	0	642933	0	
2016-Jan-05 12:02:10	PI_8	1293	2	0	642933	0	
2016-Jan-05 12:02:12	PI_8	1294	2	0	642933	0	
2016-Jan-05 12:02:14	PI_8	1295	2	1	997955	0	0
2016-Jan-05 12:02:16	PI_8	1296	2	1	997955	0	0
2016-Jan-05 12:02:18	PI_8	1297	2	0	642933	0	
2016-Jan-05 12:02:20	PI_8	1298	2	1	997955	0	0
2016-Jan-05 12:02:22	PI_8	1299	2	0	642933	0	
2016-Jan-05 12:02:24	PI_8	1300	2	0	642933	0	
2016-Jan-05 12:02:26	PI_8	1301	2	1	997955	0	0
2016-Jan-05 12:02:28	PI_8	1302	2	1	997955	0	0
2016-Jan-05 12:02:30	PI_8	1303	2	0	642933	0	
2016-Jan-05 12:02:32	PI_8	1304	2	1	997955	0	0
2016-Jan-05 12:02:34	PI_8	1305	2	0	642933	0	
2016-Jan-05 12:02:36	PI_8	1306	2	0	642933	0	
2016-Jan-05 12:02:38	PI_8	1307	2	1	997955	0	0
2016-Jan-05 12:02:40	PI_8	1308	2	0	642933	0	
2016-Jan-05 12:02:42	PI_8	1309	2	0	642933	0	
2016-Jan-05 12:02:44	PI_8	1310	2	0	642933	0	
2016-Jan-05 12:02:46	PI_8	1311	2	0	642933	0	
2016-Jan-05 12:02:48	PI_8	1312	2	0	642933	0	
2016-Jan-05 12:02:50	PI_8	1313	2	0	642933	0	
2016-Jan-05 12:02:52	PI_8	1314	2	0	642933	0	
2016-Jan-05 12:02:54	PI_8	1315	2	0	642933	0	
2016-Jan-05 12:02:56	PI_8	1316	2	0	642933	0	
2016-Jan-05 12:02:58	PI_8	1317	2	0	642933	0	
2016-Jan-05 12:03:00	PI_8	1318	2	0	642933	0	
2016-Jan-05 12:03:02	PI_8	1319	2	0	642933	0	
2016-Jan-05 12:03:04	PI_8	1320	2	0	642933	0	
2016-Jan-05 12:03:06	PI_8	1321	2	0	642933	0	
2016-Jan-05 12:03:08	PI_8	1322	2	0	642933	0	
2016-Jan-05 12:03:10	PI_8	1323	2	1	997955	0	0
2016-Jan-05 12:03:12	PI_8	1324	2	1	997955	0	0
2016-Jan-05 12:03:14	PI_8	1325	2	0	642933	0	
2016-Jan-05 12:03:16	PI_8	1326	2	1	997955	0	0
2016-Jan-05 12:03:18	PI_8	1327	2	0	642933	0	
2016-Jan-05 12:03:20	PI_8	1328	2	1	997955	0	0
2016-Jan-05 12:03:22	PI_8	1329	2	1	997955	0	0
2016-Jan-05 12:03:24	PI_8	1330	2	0	642933	0	
2016-Jan-05 12:03:26	PI_8	1331	2	0	642933	0	
2016-Jan-05 12:03:28	PI_8	1332	2	0	642933	0	
2016-Jan-05 12:03:30	PI_8	1333	2	1	997955	0	0
2016-Jan-05 12:03:32	PI_8	1334	2	0	642933	0	
2016-Jan-05 12:03:34	PI_8	1335	2	1	997955	0	0
2016-Jan-05 12:03:36	PI_8	1336	2	0	642933	0	
2016-Jan-05 12:03:38	PI_8	1337	2	1	997955	0	0
2016-Jan-05 12:03:40	PI_8	1338	2	0	642933	0	
2016-Jan-05 12:03:42	PI_8	1339	2	0	642933	0	
2016-Jan-05 12:03:44	PI_8	1340	2	0	642933	0	
2016-Jan-05 12:03:46	PI_8	1341	2	1	997955	0	0
2016-Jan-05 12:03:48	PI_8	1342	2	0	642933	0	
2016-Jan-05 12:03:50	PI_8	1343	2	0	642933	0	
2016-Jan-05 12:03:52	PI_8	1344	2	1	997955	0	0
2016-Jan-05 12:03:54	PI_8	1345	2	0	642933	0	
2016-Jan-05 12:03:56	PI_8	1346	2	0	642933	0	
2016-Jan-05 12:03:58	PI_8	1347	2	1	997955	0	0
2016-Jan-05 12:04:00	PI_8	1348	2	0	642933	0	
2016-Jan-05 12:04:02	PI_8	1349	2	0	642933	0	
2016-Jan-05 12:04:04	PI_8	1350	2	0	642933	0	
2016-Jan-05 12:04:06	PI_8	1351	2	0	642933	0	
2016-Jan-05 12:04:08	PI_8	1352	2	0	642933	0	
2016-Jan-05 12:04:10	PI_8	1353	2	0	642933	0	
2016-Jan-05 12:04:12	PI_8	1354	2	0	642933	0	
2016-Jan-05 12:04:14	PI_8	1355	2	0	642933	0	
2016-Jan-05 12:04:16	PI_8	1356	2	0	642933	0	
2016-Jan-05 12:04:18	PI_8	1357	2	0	642933	0	
2016-Jan-05 12:04:20	PI_8	1358	2	0	642933	0	
2016-Jan-05 12:04:22	PI_8	1359	2	0	642933	0	
2016-Jan-05 12:04:24	PI_8	1360	2	0	642933	0	
2016-Jan-05 12:04:26	PI_8	1361	2	0	642933	0	
2016-Jan-05 12:04:28	PI_8	1362	2	0	642933	0	
2016-Jan-05 12:04:30	PI_8	1363	2	0	642933	0	
2016-Jan-05 12:04:32	PI_8	1364	2	0	642933	0	
2016-Jan-05 12:04:34	PI_8	1365	2	0	642933	0	
2016-Jan-05 12:04:36	PI_8	1366	2	0	642933	0	
2016-Jan-05 12:04:38	PI_8	1367	2	0	642933	0	
2016-Jan-05 12:04:40	PI_8	1368	2	0	642933	0	
2016-Jan-05 12:04:42	PI_8	1369	2	0	642933	0	
2016-Jan-05 12:04:44	PI_8	1370	2	2	1405754	0	0,1
2016-Jan-05 12:04:46	PI_8	1371	2	0	642933	0	
2016-Jan-05 12:04:48	PI_8	1372	2	0	642933	0	
2016-Jan-05 12:04:50	PI_8	1373	2	0	642933	0	
2016-Jan-05 12:04:52	PI_8	1374	2	0	642933	0	
2016-Jan-05 12:04:54	PI_8	1375	2	1	997955	0	0
2016-Jan-05 12:04:56	PI_8	1376	2	1	997955	0	0
2016-Jan-05 12:04:58	PI_8	1377	2	1	997955	0	0
2016-Jan-05 12:05:00	PI_8	1378	2	1	997955	0	0
2016-Jan-05 12:05:02	PI_8	1379	2	0	642933	0	
2016-Jan-05 12:05:04	PI_8	1380	2	1	997955	0	0
2016-Jan-05 12:05:06	PI_8	1381	2	1	997955	0	0
2016-Jan-05 12:05:08	PI_8	1382	2	0	642933	0	
2016-Jan-05 12:05:10	PI_8	1383	2	0	642933	0	
2016-Jan-05 12:05:12	PI_8	1384	2	0	642933	0	
2016-Jan-05 12:05:14	PI_8	1385	2	0	642933	0	
2016-Jan-05 12:05:16	PI_8	1386	2	0	642933	0	
2016-Jan-05 12:05:18	PI_8	1387	2	0	642933	0	
2016-Jan-05 12:05:20	PI_8	1388	2	0	642933	0	
2016-Jan-05 12:05:22	PI_8	1389	2	0	642933	0	
2016-Jan-05 12:05:24	PI_8	1390	2	0	642933	0	
2016-Jan-05 12:05:26	PI_8	1391	2	0	642933	0	
2016-Jan-05 12:05:28	PI_8	1392	2	0	642933	0	
2016-Jan-05 12:05:30	PI_8	1393	2	0	642933	0	
2016-Jan-05 12:05:32	PI_8	1394	2	0	642933	0	
2016-Jan-05 12:05:34	PI_8	1395	2	0	642933	0	
2016-Jan-05 12:05:36	PI_8	1396	2	0	642933	0	
2016-Jan-05 12:05:38	PI_8	1397	2	0	642933	0	
2016-Jan-05 12:05:40	PI_8	1398	2	0	642933	0	
2016-Jan-05 12:05:42	PI_8	1399	2	0	642933	0	
2016-Jan-05 12:05:44	PI_8	1400	2	1	997955	0	0
2016-Jan-05 12:05:46	PI_8	1401	2	0	642933	0	
2016-Jan-05 12:05:48	PI_8	1402	2	1	997955	0	0
2016-Jan-05 12:05:50	PI_8	1403	2	0	642933	0	
2016-Jan-05 12:05:52	PI_8	1404	2	1	997955	0	0
2016-Jan-05 12:05:54	PI_8	1405	2	0	642933	0	
2016-Jan-05 12:05:56	PI_8	1406	2	1	997955	0	0
2016-Jan-05 12:05:58	PI_8	1407	2	0	642933	0	
2016-Jan-05 12:06:00	PI_8	1408	2	1	997955	0	0
2016-Jan-05 12:06:02	PI_8	1409	2	1	997955	0	0
2016-Jan-05 12:06:04	PI_8	1410	2	1	997955	0	0
2016-Jan-05 12:06:06	PI_8	1411	2	1	997955	0	0
2016-Jan-05 12:06:08	PI_8	1412	2	1	997955	0	0
2016-Jan-05 12:06:10	PI_8	1413	2	0	642933	0	
2016-Jan-05 12:06:12	PI_8	1414	2	0	642933	0	
2016-Jan-05 12:06:14	PI_8	1415	2	0	642933	0	
2016-Jan-05 12:06:16	PI_8	1416	2	0	642933	0	
2016-Jan-05 12:06:18	PI_8	1417	2	0	642933	0	
2016-Jan-05 12:06:20	PI_8	1418	2	0	642933	0	
2016-Jan-05 12:06:22	PI_8	1419	2	0	642933	0	
2016-Jan-05 12:06:24	PI_8	1420	2	0	642933	0	
2016-Jan-05 12:06:26	PI_8	1421	2	0	642933	0	
2016-Jan-05 12:06:28	PI_8	1422	2	0	642933	0	
2016-Jan-05 12:06:30	PI_8	1423	2	0	642933	0	
2016-Jan-05 12:06:32	PI_8	1424	2	0	642933	0	
2016-Jan-05 12:06:34	PI_8	1425	2	0	642933	0	
2016-Jan-05 12:06:36	PI_8	1426	2	0	642933	0	
2016-Jan-05 12:06:38	PI_8	1427	2	0	642933	0	
2016-Jan-05 12:06:40	PI_8	1428	2	0	642933	0	
2016-Jan-05 12:06:42	PI_8	1429	2	0	642933	0	
2016-Jan-05 12:06:44	PI_8	1430	2	0	642933	0	
2016-Jan-05 12:06:46	PI_8	1431	2	0	642933	0	
2016-Jan-05 12:06:48	PI_8	1432	2	0	642933	0	
2016-Jan-05 12:06:50	PI_8	1433	2	0	642933	0	
2016-Jan-05 12:06:52	PI_8	1434	2	0	642933	0	
