Time	Node	SegmentNumber	SegmentDuration(sec)	SegmentRepID	SegmentBitrate(bit/s)	StallingTime(msec)	SegmentDepIds
2016-Jan-05 11:19:05	PI_16	0	2	0	642933	1000	
2016-Jan-05 11:19:07	PI_16	1	2	0	642933	0	
2016-Jan-05 11:19:09	PI_16	2	2	0	642933	0	
2016-Jan-05 11:19:11	PI_16	3	2	0	642933	0	
2016-Jan-05 11:19:13	PI_16	4	2	0	642933	0	
2016-Jan-05 11:19:15	PI_16	5	2	0	642933	0	
2016-Jan-05 11:19:17	PI_16	6	2	0	642933	0	
2016-Jan-05 11:19:19	PI_16	7	2	0	642933	0	
2016-Jan-05 11:19:21	PI_16	8	2	0	642933	0	
2016-Jan-05 11:19:23	PI_16	9	2	0	642933	0	
2016-Jan-05 11:19:25	PI_16	10	2	0	642933	0	
2016-Jan-05 11:19:27	PI_16	11	2	0	642933	0	
2016-Jan-05 11:19:29	PI_16	12	2	0	642933	0	
2016-Jan-05 11:19:31	PI_16	13	2	0	642933	0	
2016-Jan-05 11:19:33	PI_16	14	2	0	642933	0	
2016-Jan-05 11:19:35	PI_16	15	2	0	642933	0	
2016-Jan-05 11:19:37	PI_16	16	2	0	642933	0	
2016-Jan-05 11:19:39	PI_16	17	2	0	642933	0	
2016-Jan-05 11:19:41	PI_16	18	2	0	642933	0	
2016-Jan-05 11:19:43	PI_16	19	2	0	642933	0	
2016-Jan-05 11:19:45	PI_16	20	2	1	997955	0	0
2016-Jan-05 11:19:47	PI_16	21	2	0	642933	0	
2016-Jan-05 11:19:49	PI_16	22	2	1	997955	0	0
2016-Jan-05 11:19:51	PI_16	23	2	0	642933	0	
2016-Jan-05 11:19:53	PI_16	24	2	1	997955	0	0
2016-Jan-05 11:19:55	PI_16	25	2	0	642933	0	
2016-Jan-05 11:19:57	PI_16	26	2	2	1405754	0	0,1
2016-Jan-05 11:19:59	PI_16	27	2	0	642933	0	
2016-Jan-05 11:20:01	PI_16	28	2	0	642933	0	
2016-Jan-05 11:20:03	PI_16	29	2	2	1405754	0	0,1
2016-Jan-05 11:20:05	PI_16	30	2	0	642933	0	
2016-Jan-05 11:20:07	PI_16	31	2	1	997955	0	0
2016-Jan-05 11:20:09	PI_16	32	2	2	1405754	0	0,1
2016-Jan-05 11:20:11	PI_16	33	2	0	642933	0	
2016-Jan-05 11:20:13	PI_16	34	2	2	1405754	0	0,1
2016-Jan-05 11:20:15	PI_16	35	2	0	642933	0	
2016-Jan-05 11:20:17	PI_16	36	2	2	1405754	0	0,1
2016-Jan-05 11:20:19	PI_16	37	2	0	642933	0	
2016-Jan-05 11:20:21	PI_16	38	2	0	642933	0	
2016-Jan-05 11:20:23	PI_16	39	2	0	642933	0	
2016-Jan-05 11:20:25	PI_16	40	2	0	642933	0	
2016-Jan-05 11:20:27	PI_16	41	2	2	1405754	0	0,1
2016-Jan-05 11:20:29	PI_16	42	2	0	642933	0	
2016-Jan-05 11:20:31	PI_16	43	2	0	642933	0	
2016-Jan-05 11:20:33	PI_16	44	2	2	1405754	0	0,1
2016-Jan-05 11:20:35	PI_16	45	2	2	1405754	0	0,1
2016-Jan-05 11:20:37	PI_16	46	2	0	642933	0	
2016-Jan-05 11:20:39	PI_16	47	2	0	642933	0	
2016-Jan-05 11:20:41	PI_16	48	2	2	1405754	0	0,1
2016-Jan-05 11:20:43	PI_16	49	2	0	642933	0	
2016-Jan-05 11:20:45	PI_16	50	2	2	1405754	0	0,1
2016-Jan-05 11:20:47	PI_16	51	2	0	642933	0	
2016-Jan-05 11:20:49	PI_16	52	2	2	1405754	0	0,1
2016-Jan-05 11:20:51	PI_16	53	2	0	642933	0	
2016-Jan-05 11:20:53	PI_16	54	2	2	1405754	0	0,1
2016-Jan-05 11:20:55	PI_16	55	2	0	642933	0	
2016-Jan-05 11:20:57	PI_16	56	2	0	642933	0	
2016-Jan-05 11:20:59	PI_16	57	2	2	1405754	0	0,1
2016-Jan-05 11:21:01	PI_16	58	2	0	642933	0	
2016-Jan-05 11:21:03	PI_16	59	2	0	642933	0	
2016-Jan-05 11:21:05	PI_16	60	2	0	642933	0	
2016-Jan-05 11:21:07	PI_16	61	2	2	1405754	0	0,1
2016-Jan-05 11:21:09	PI_16	62	2	0	642933	0	
2016-Jan-05 11:21:11	PI_16	63	2	0	642933	0	
2016-Jan-05 11:21:13	PI_16	64	2	0	642933	0	
2016-Jan-05 11:21:15	PI_16	65	2	2	1405754	0	0,1
2016-Jan-05 11:21:17	PI_16	66	2	0	642933	0	
2016-Jan-05 11:21:19	PI_16	67	2	0	642933	0	
2016-Jan-05 11:21:21	PI_16	68	2	2	1405754	0	0,1
2016-Jan-05 11:21:23	PI_16	69	2	0	642933	0	
2016-Jan-05 11:21:25	PI_16	70	2	0	642933	0	
2016-Jan-05 11:21:27	PI_16	71	2	2	1405754	0	0,1
2016-Jan-05 11:21:29	PI_16	72	2	0	642933	0	
2016-Jan-05 11:21:31	PI_16	73	2	0	642933	0	
2016-Jan-05 11:21:33	PI_16	74	2	2	1405754	0	0,1
2016-Jan-05 11:21:35	PI_16	75	2	0	642933	0	
2016-Jan-05 11:21:37	PI_16	76	2	0	642933	0	
2016-Jan-05 11:21:39	PI_16	77	2	0	642933	0	
2016-Jan-05 11:21:41	PI_16	78	2	2	1405754	0	0,1
2016-Jan-05 11:21:43	PI_16	79	2	1	997955	0	0
2016-Jan-05 11:21:45	PI_16	80	2	0	642933	0	
2016-Jan-05 11:21:47	PI_16	81	2	2	1405754	0	0,1
2016-Jan-05 11:21:49	PI_16	82	2	0	642933	0	
2016-Jan-05 11:21:51	PI_16	83	2	0	642933	0	
2016-Jan-05 11:21:53	PI_16	84	2	0	642933	0	
2016-Jan-05 11:21:55	PI_16	85	2	2	1405754	0	0,1
2016-Jan-05 11:21:57	PI_16	86	2	0	642933	0	
2016-Jan-05 11:21:59	PI_16	87	2	1	997955	0	0
2016-Jan-05 11:22:01	PI_16	88	2	2	1405754	0	0,1
2016-Jan-05 11:22:03	PI_16	89	2	0	642933	0	
2016-Jan-05 11:22:05	PI_16	90	2	0	642933	0	
2016-Jan-05 11:22:07	PI_16	91	2	0	642933	0	
2016-Jan-05 11:22:09	PI_16	92	2	0	642933	0	
2016-Jan-05 11:22:11	PI_16	93	2	2	1405754	0	0,1
2016-Jan-05 11:22:13	PI_16	94	2	0	642933	0	
2016-Jan-05 11:22:15	PI_16	95	2	0	642933	0	
2016-Jan-05 11:22:17	PI_16	96	2	2	1405754	0	0,1
2016-Jan-05 11:22:19	PI_16	97	2	0	642933	0	
2016-Jan-05 11:22:21	PI_16	98	2	0	642933	0	
2016-Jan-05 11:22:23	PI_16	99	2	0	642933	0	
2016-Jan-05 11:22:25	PI_16	100	2	2	1405754	0	0,1
2016-Jan-05 11:22:27	PI_16	101	2	0	642933	0	
2016-Jan-05 11:22:29	PI_16	102	2	0	642933	0	
2016-Jan-05 11:22:31	PI_16	103	2	2	1405754	0	0,1
2016-Jan-05 11:22:33	PI_16	104	2	0	642933	0	
2016-Jan-05 11:22:35	PI_16	105	2	0	642933	0	
2016-Jan-05 11:22:37	PI_16	106	2	0	642933	0	
2016-Jan-05 11:22:39	PI_16	107	2	0	642933	0	
2016-Jan-05 11:22:41	PI_16	108	2	2	1405754	0	0,1
2016-Jan-05 11:22:43	PI_16	109	2	0	642933	0	
2016-Jan-05 11:22:45	PI_16	110	2	2	1405754	0	0,1
2016-Jan-05 11:22:47	PI_16	111	2	0	642933	0	
2016-Jan-05 11:22:49	PI_16	112	2	2	1405754	0	0,1
2016-Jan-05 11:22:51	PI_16	113	2	2	1405754	0	0,1
2016-Jan-05 11:22:53	PI_16	114	2	0	642933	0	
2016-Jan-05 11:22:55	PI_16	115	2	0	642933	0	
2016-Jan-05 11:22:57	PI_16	116	2	2	1405754	0	0,1
2016-Jan-05 11:22:59	PI_16	117	2	0	642933	0	
2016-Jan-05 11:23:01	PI_16	118	2	2	1405754	0	0,1
2016-Jan-05 11:23:03	PI_16	119	2	0	642933	0	
2016-Jan-05 11:23:05	PI_16	120	2	2	1405754	0	0,1
2016-Jan-05 11:23:07	PI_16	121	2	0	642933	0	
2016-Jan-05 11:23:09	PI_16	122	2	0	642933	0	
2016-Jan-05 11:23:11	PI_16	123	2	0	642933	0	
2016-Jan-05 11:23:13	PI_16	124	2	0	642933	0	
2016-Jan-05 11:23:15	PI_16	125	2	2	1405754	0	0,1
2016-Jan-05 11:23:17	PI_16	126	2	0	642933	0	
2016-Jan-05 11:23:19	PI_16	127	2	0	642933	0	
2016-Jan-05 11:23:21	PI_16	128	2	0	642933	0	
2016-Jan-05 11:23:23	PI_16	129	2	2	1405754	0	0,1
2016-Jan-05 11:23:25	PI_16	130	2	0	642933	0	
2016-Jan-05 11:23:27	PI_16	131	2	0	642933	0	
2016-Jan-05 11:23:29	PI_16	132	2	2	1405754	0	0,1
2016-Jan-05 11:23:31	PI_16	133	2	2	1405754	0	0,1
2016-Jan-05 11:23:33	PI_16	134	2	0	642933	0	
2016-Jan-05 11:23:35	PI_16	135	2	0	642933	0	
2016-Jan-05 11:23:37	PI_16	136	2	0	642933	0	
2016-Jan-05 11:23:39	PI_16	137	2	0	642933	0	
2016-Jan-05 11:23:41	PI_16	138	2	2	1405754	0	0,1
2016-Jan-05 11:23:43	PI_16	139	2	0	642933	0	
2016-Jan-05 11:23:45	PI_16	140	2	2	1405754	0	0,1
2016-Jan-05 11:23:47	PI_16	141	2	0	642933	0	
2016-Jan-05 11:23:49	PI_16	142	2	0	642933	0	
2016-Jan-05 11:23:51	PI_16	143	2	2	1405754	0	0,1
2016-Jan-05 11:23:53	PI_16	144	2	0	642933	0	
2016-Jan-05 11:23:55	PI_16	145	2	1	997955	0	0
2016-Jan-05 11:23:57	PI_16	146	2	2	1405754	0	0,1
2016-Jan-05 11:23:59	PI_16	147	2	0	642933	0	
2016-Jan-05 11:24:01	PI_16	148	2	2	1405754	0	0,1
2016-Jan-05 11:24:03	PI_16	149	2	0	642933	0	
2016-Jan-05 11:24:05	PI_16	150	2	0	642933	0	
2016-Jan-05 11:24:07	PI_16	151	2	0	642933	0	
2016-Jan-05 11:24:09	PI_16	152	2	0	642933	0	
2016-Jan-05 11:24:11	PI_16	153	2	2	1405754	0	0,1
2016-Jan-05 11:24:13	PI_16	154	2	0	642933	0	
2016-Jan-05 11:24:15	PI_16	155	2	0	642933	0	
2016-Jan-05 11:24:17	PI_16	156	2	0	642933	0	
2016-Jan-05 11:24:19	PI_16	157	2	0	642933	0	
2016-Jan-05 11:24:21	PI_16	158	2	0	642933	0	
2016-Jan-05 11:24:23	PI_16	159	2	2	1405754	0	0,1
2016-Jan-05 11:24:25	PI_16	160	2	0	642933	0	
2016-Jan-05 11:24:27	PI_16	161	2	0	642933	0	
2016-Jan-05 11:24:29	PI_16	162	2	0	642933	0	
2016-Jan-05 11:24:31	PI_16	163	2	0	642933	0	
2016-Jan-05 11:24:33	PI_16	164	2	0	642933	0	
2016-Jan-05 11:24:35	PI_16	165	2	2	1405754	0	0,1
2016-Jan-05 11:24:37	PI_16	166	2	0	642933	0	
2016-Jan-05 11:24:39	PI_16	167	2	2	1405754	0	0,1
2016-Jan-05 11:24:41	PI_16	168	2	0	642933	0	
2016-Jan-05 11:24:43	PI_16	169	2	2	1405754	0	0,1
2016-Jan-05 11:24:45	PI_16	170	2	2	1405754	0	0,1
2016-Jan-05 11:24:47	PI_16	171	2	0	642933	0	
2016-Jan-05 11:24:49	PI_16	172	2	0	642933	0	
2016-Jan-05 11:24:51	PI_16	173	2	2	1405754	0	0,1
2016-Jan-05 11:24:53	PI_16	174	2	0	642933	0	
2016-Jan-05 11:24:55	PI_16	175	2	0	642933	0	
2016-Jan-05 11:24:57	PI_16	176	2	0	642933	0	
2016-Jan-05 11:24:59	PI_16	177	2	0	642933	0	
2016-Jan-05 11:25:01	PI_16	178	2	0	642933	0	
2016-Jan-05 11:25:03	PI_16	179	2	0	642933	0	
2016-Jan-05 11:25:05	PI_16	180	2	0	642933	0	
2016-Jan-05 11:25:07	PI_16	181	2	0	642933	0	
2016-Jan-05 11:25:09	PI_16	182	2	0	642933	0	
2016-Jan-05 11:25:11	PI_16	183	2	2	1405754	0	0,1
2016-Jan-05 11:25:13	PI_16	184	2	0	642933	0	
2016-Jan-05 11:25:15	PI_16	185	2	0	642933	0	
2016-Jan-05 11:25:17	PI_16	186	2	0	642933	0	
2016-Jan-05 11:25:19	PI_16	187	2	0	642933	0	
2016-Jan-05 11:25:21	PI_16	188	2	2	1405754	0	0,1
2016-Jan-05 11:25:23	PI_16	189	2	2	1405754	0	0,1
2016-Jan-05 11:25:25	PI_16	190	2	0	642933	0	
2016-Jan-05 11:25:27	PI_16	191	2	2	1405754	0	0,1
2016-Jan-05 11:25:29	PI_16	192	2	0	642933	0	
2016-Jan-05 11:25:31	PI_16	193	2	2	1405754	0	0,1
2016-Jan-05 11:25:33	PI_16	194	2	2	1405754	0	0,1
2016-Jan-05 11:25:35	PI_16	195	2	0	642933	0	
2016-Jan-05 11:25:37	PI_16	196	2	2	1405754	0	0,1
2016-Jan-05 11:25:39	PI_16	197	2	0	642933	0	
2016-Jan-05 11:25:41	PI_16	198	2	0	642933	0	
2016-Jan-05 11:25:43	PI_16	199	2	2	1405754	0	0,1
2016-Jan-05 11:25:45	PI_16	200	2	0	642933	0	
2016-Jan-05 11:25:47	PI_16	201	2	2	1405754	0	0,1
2016-Jan-05 11:25:49	PI_16	202	2	0	642933	0	
2016-Jan-05 11:25:51	PI_16	203	2	2	1405754	0	0,1
2016-Jan-05 11:25:53	PI_16	204	2	0	642933	0	
2016-Jan-05 11:25:55	PI_16	205	2	0	642933	0	
2016-Jan-05 11:25:57	PI_16	206	2	0	642933	0	
2016-Jan-05 11:25:59	PI_16	207	2	2	1405754	0	0,1
2016-Jan-05 11:26:01	PI_16	208	2	0	642933	0	
2016-Jan-05 11:26:03	PI_16	209	2	2	1405754	0	0,1
2016-Jan-05 11:26:05	PI_16	210	2	0	642933	0	
2016-Jan-05 11:26:07	PI_16	211	2	0	642933	0	
2016-Jan-05 11:26:09	PI_16	212	2	0	642933	0	
2016-Jan-05 11:26:11	PI_16	213	2	0	642933	0	
2016-Jan-05 11:26:13	PI_16	214	2	0	642933	0	
2016-Jan-05 11:26:15	PI_16	215	2	2	1405754	0	0,1
2016-Jan-05 11:26:17	PI_16	216	2	0	642933	0	
2016-Jan-05 11:26:19	PI_16	217	2	0	642933	0	
2016-Jan-05 11:26:21	PI_16	218	2	0	642933	0	
2016-Jan-05 11:26:23	PI_16	219	2	0	642933	0	
2016-Jan-05 11:26:25	PI_16	220	2	0	642933	0	
2016-Jan-05 11:26:27	PI_16	221	2	2	1405754	0	0,1
2016-Jan-05 11:26:29	PI_16	222	2	0	642933	0	
2016-Jan-05 11:26:31	PI_16	223	2	0	642933	0	
2016-Jan-05 11:26:33	PI_16	224	2	0	642933	0	
2016-Jan-05 11:26:35	PI_16	225	2	2	1405754	0	0,1
2016-Jan-05 11:26:37	PI_16	226	2	0	642933	0	
2016-Jan-05 11:26:39	PI_16	227	2	2	1405754	0	0,1
2016-Jan-05 11:26:41	PI_16	228	2	0	642933	0	
2016-Jan-05 11:26:43	PI_16	229	2	1	997955	0	0
2016-Jan-05 11:26:45	PI_16	230	2	2	1405754	0	0,1
2016-Jan-05 11:26:47	PI_16	231	2	1	997955	0	0
2016-Jan-05 11:26:49	PI_16	232	2	2	1405754	0	0,1
2016-Jan-05 11:26:51	PI_16	233	2	2	1405754	0	0,1
2016-Jan-05 11:26:53	PI_16	234	2	0	642933	0	
2016-Jan-05 11:26:55	PI_16	235	2	2	1405754	0	0,1
2016-Jan-05 11:26:57	PI_16	236	2	0	642933	0	
2016-Jan-05 11:26:59	PI_16	237	2	1	997955	0	0
2016-Jan-05 11:27:01	PI_16	238	2	2	1405754	0	0,1
2016-Jan-05 11:27:03	PI_16	239	2	1	997955	0	0
2016-Jan-05 11:27:05	PI_16	240	2	2	1405754	0	0,1
2016-Jan-05 11:27:07	PI_16	241	2	1	997955	0	0
2016-Jan-05 11:27:09	PI_16	242	2	1	997955	0	0
2016-Jan-05 11:27:11	PI_16	243	2	2	1405754	0	0,1
2016-Jan-05 11:27:13	PI_16	244	2	1	997955	0	0
2016-Jan-05 11:27:15	PI_16	245	2	2	1405754	0	0,1
2016-Jan-05 11:27:17	PI_16	246	2	2	1405754	0	0,1
2016-Jan-05 11:27:19	PI_16	247	2	0	642933	0	
2016-Jan-05 11:27:21	PI_16	248	2	2	1405754	0	0,1
2016-Jan-05 11:27:23	PI_16	249	2	2	1405754	0	0,1
2016-Jan-05 11:27:25	PI_16	250	2	0	642933	0	
2016-Jan-05 11:27:27	PI_16	251	2	2	1405754	0	0,1
2016-Jan-05 11:27:29	PI_16	252	2	0	642933	0	
2016-Jan-05 11:27:31	PI_16	253	2	0	642933	0	
2016-Jan-05 11:27:33	PI_16	254	2	0	642933	0	
2016-Jan-05 11:27:35	PI_16	255	2	2	1405754	0	0,1
2016-Jan-05 11:27:37	PI_16	256	2	0	642933	0	
2016-Jan-05 11:27:39	PI_16	257	2	0	642933	0	
2016-Jan-05 11:27:41	PI_16	258	2	0	642933	0	
2016-Jan-05 11:27:43	PI_16	259	2	0	642933	0	
2016-Jan-05 11:27:45	PI_16	260	2	0	642933	0	
2016-Jan-05 11:27:47	PI_16	261	2	2	1405754	0	0,1
2016-Jan-05 11:27:49	PI_16	262	2	0	642933	0	
2016-Jan-05 11:27:51	PI_16	263	2	0	642933	0	
2016-Jan-05 11:27:53	PI_16	264	2	0	642933	0	
2016-Jan-05 11:27:55	PI_16	265	2	2	1405754	0	0,1
2016-Jan-05 11:27:57	PI_16	266	2	0	642933	0	
2016-Jan-05 11:27:59	PI_16	267	2	0	642933	0	
2016-Jan-05 11:28:01	PI_16	268	2	0	642933	0	
2016-Jan-05 11:28:03	PI_16	269	2	0	642933	0	
2016-Jan-05 11:28:05	PI_16	270	2	0	642933	0	
2016-Jan-05 11:28:07	PI_16	271	2	0	642933	0	
2016-Jan-05 11:28:09	PI_16	272	2	0	642933	0	
2016-Jan-05 11:28:11	PI_16	273	2	0	642933	0	
2016-Jan-05 11:28:13	PI_16	274	2	0	642933	0	
2016-Jan-05 11:28:15	PI_16	275	2	0	642933	0	
2016-Jan-05 11:28:17	PI_16	276	2	0	642933	0	
2016-Jan-05 11:28:19	PI_16	277	2	0	642933	0	
2016-Jan-05 11:28:21	PI_16	278	2	0	642933	0	
2016-Jan-05 11:28:23	PI_16	279	2	2	1405754	0	0,1
2016-Jan-05 11:28:25	PI_16	280	2	0	642933	0	
2016-Jan-05 11:28:27	PI_16	281	2	0	642933	0	
2016-Jan-05 11:28:29	PI_16	282	2	0	642933	0	
2016-Jan-05 11:28:31	PI_16	283	2	0	642933	0	
2016-Jan-05 11:28:33	PI_16	284	2	2	1405754	0	0,1
2016-Jan-05 11:28:35	PI_16	285	2	1	997955	0	0
2016-Jan-05 11:28:37	PI_16	286	2	2	1405754	0	0,1
2016-Jan-05 11:28:39	PI_16	287	2	1	997955	0	0
2016-Jan-05 11:28:41	PI_16	288	2	1	997955	0	0
2016-Jan-05 11:28:43	PI_16	289	2	1	997955	0	0
2016-Jan-05 11:28:45	PI_16	290	2	1	997955	0	0
2016-Jan-05 11:28:47	PI_16	291	2	2	1405754	0	0,1
2016-Jan-05 11:28:49	PI_16	292	2	1	997955	0	0
2016-Jan-05 11:28:51	PI_16	293	2	2	1405754	0	0,1
2016-Jan-05 11:28:53	PI_16	294	2	1	997955	0	0
2016-Jan-05 11:28:55	PI_16	295	2	2	1405754	0	0,1
2016-Jan-05 11:28:57	PI_16	296	2	0	642933	0	
2016-Jan-05 11:28:59	PI_16	297	2	0	642933	0	
2016-Jan-05 11:29:01	PI_16	298	2	2	1405754	0	0,1
2016-Jan-05 11:29:03	PI_16	299	2	0	642933	0	
2016-Jan-05 11:29:05	PI_16	300	2	1	997955	0	0
2016-Jan-05 11:29:07	PI_16	301	2	0	642933	0	
2016-Jan-05 11:29:09	PI_16	302	2	0	642933	0	
2016-Jan-05 11:29:11	PI_16	303	2	1	997955	0	0
2016-Jan-05 11:29:13	PI_16	304	2	2	1405754	0	0,1
2016-Jan-05 11:29:15	PI_16	305	2	2	1405754	0	0,1
2016-Jan-05 11:29:17	PI_16	306	2	0	642933	0	
2016-Jan-05 11:29:19	PI_16	307	2	2	1405754	0	0,1
2016-Jan-05 11:29:21	PI_16	308	2	0	642933	0	
2016-Jan-05 11:29:23	PI_16	309	2	2	1405754	0	0,1
2016-Jan-05 11:29:25	PI_16	310	2	0	642933	0	
2016-Jan-05 11:29:27	PI_16	311	2	1	997955	0	0
2016-Jan-05 11:29:29	PI_16	312	2	2	1405754	0	0,1
2016-Jan-05 11:29:31	PI_16	313	2	2	1405754	0	0,1
2016-Jan-05 11:29:33	PI_16	314	2	0	642933	0	
2016-Jan-05 11:29:35	PI_16	315	2	2	1405754	0	0,1
2016-Jan-05 11:29:37	PI_16	316	2	0	642933	0	
2016-Jan-05 11:29:39	PI_16	317	2	2	1405754	0	0,1
2016-Jan-05 11:29:41	PI_16	318	2	0	642933	0	
2016-Jan-05 11:29:43	PI_16	319	2	0	642933	0	
2016-Jan-05 11:29:45	PI_16	320	2	2	1405754	0	0,1
2016-Jan-05 11:29:47	PI_16	321	2	0	642933	0	
2016-Jan-05 11:29:49	PI_16	322	2	0	642933	0	
2016-Jan-05 11:29:51	PI_16	323	2	0	642933	0	
2016-Jan-05 11:29:53	PI_16	324	2	0	642933	0	
2016-Jan-05 11:29:55	PI_16	325	2	2	1405754	0	0,1
2016-Jan-05 11:29:57	PI_16	326	2	0	642933	0	
2016-Jan-05 11:29:59	PI_16	327	2	0	642933	0	
2016-Jan-05 11:30:01	PI_16	328	2	0	642933	0	
2016-Jan-05 11:30:03	PI_16	329	2	2	1405754	0	0,1
2016-Jan-05 11:30:05	PI_16	330	2	2	1405754	0	0,1
2016-Jan-05 11:30:07	PI_16	331	2	2	1405754	0	0,1
2016-Jan-05 11:30:09	PI_16	332	2	0	642933	0	
2016-Jan-05 11:30:11	PI_16	333	2	0	642933	0	
2016-Jan-05 11:30:13	PI_16	334	2	1	997955	0	0
2016-Jan-05 11:30:15	PI_16	335	2	1	997955	0	0
2016-Jan-05 11:30:17	PI_16	336	2	2	1405754	0	0,1
2016-Jan-05 11:30:19	PI_16	337	2	0	642933	0	
2016-Jan-05 11:30:21	PI_16	338	2	0	642933	0	
2016-Jan-05 11:30:23	PI_16	339	2	2	1405754	0	0,1
2016-Jan-05 11:30:25	PI_16	340	2	0	642933	0	
2016-Jan-05 11:30:27	PI_16	341	2	2	1405754	0	0,1
2016-Jan-05 11:30:29	PI_16	342	2	0	642933	0	
2016-Jan-05 11:30:31	PI_16	343	2	0	642933	0	
2016-Jan-05 11:30:33	PI_16	344	2	0	642933	0	
2016-Jan-05 11:30:35	PI_16	345	2	2	1405754	0	0,1
2016-Jan-05 11:30:37	PI_16	346	2	0	642933	0	
2016-Jan-05 11:30:39	PI_16	347	2	2	1405754	0	0,1
2016-Jan-05 11:30:41	PI_16	348	2	2	1405754	0	0,1
2016-Jan-05 11:30:43	PI_16	349	2	0	642933	0	
2016-Jan-05 11:30:45	PI_16	350	2	0	642933	0	
2016-Jan-05 11:30:47	PI_16	351	2	2	1405754	0	0,1
2016-Jan-05 11:30:49	PI_16	352	2	0	642933	0	
2016-Jan-05 11:30:51	PI_16	353	2	2	1405754	0	0,1
2016-Jan-05 11:30:53	PI_16	354	2	0	642933	0	
2016-Jan-05 11:30:55	PI_16	355	2	0	642933	0	
2016-Jan-05 11:30:57	PI_16	356	2	2	1405754	0	0,1
2016-Jan-05 11:30:59	PI_16	357	2	0	642933	0	
2016-Jan-05 11:31:01	PI_16	358	2	0	642933	0	
2016-Jan-05 11:31:03	PI_16	359	2	2	1405754	0	0,1
2016-Jan-05 11:31:05	PI_16	360	2	0	642933	0	
2016-Jan-05 11:31:07	PI_16	361	2	0	642933	0	
2016-Jan-05 11:31:09	PI_16	362	2	0	642933	0	
2016-Jan-05 11:31:11	PI_16	363	2	2	1405754	0	0,1
2016-Jan-05 11:31:13	PI_16	364	2	0	642933	0	
2016-Jan-05 11:31:15	PI_16	365	2	2	1405754	0	0,1
2016-Jan-05 11:31:17	PI_16	366	2	0	642933	0	
2016-Jan-05 11:31:19	PI_16	367	2	2	1405754	0	0,1
2016-Jan-05 11:31:21	PI_16	368	2	0	642933	0	
2016-Jan-05 11:31:23	PI_16	369	2	0	642933	0	
2016-Jan-05 11:31:25	PI_16	370	2	1	997955	0	0
2016-Jan-05 11:31:27	PI_16	371	2	2	1405754	0	0,1
2016-Jan-05 11:31:29	PI_16	372	2	2	1405754	0	0,1
2016-Jan-05 11:31:31	PI_16	373	2	0	642933	0	
2016-Jan-05 11:31:33	PI_16	374	2	2	1405754	0	0,1
2016-Jan-05 11:31:35	PI_16	375	2	0	642933	0	
2016-Jan-05 11:31:37	PI_16	376	2	2	1405754	0	0,1
2016-Jan-05 11:31:39	PI_16	377	2	0	642933	0	
2016-Jan-05 11:31:41	PI_16	378	2	0	642933	0	
2016-Jan-05 11:31:43	PI_16	379	2	2	1405754	0	0,1
2016-Jan-05 11:31:45	PI_16	380	2	0	642933	0	
2016-Jan-05 11:31:47	PI_16	381	2	0	642933	0	
2016-Jan-05 11:31:49	PI_16	382	2	0	642933	0	
2016-Jan-05 11:31:51	PI_16	383	2	2	1405754	0	0,1
2016-Jan-05 11:31:53	PI_16	384	2	0	642933	0	
2016-Jan-05 11:31:55	PI_16	385	2	0	642933	0	
2016-Jan-05 11:31:57	PI_16	386	2	0	642933	0	
2016-Jan-05 11:31:59	PI_16	387	2	2	1405754	0	0,1
2016-Jan-05 11:32:01	PI_16	388	2	0	642933	0	
2016-Jan-05 11:32:03	PI_16	389	2	2	1405754	0	0,1
2016-Jan-05 11:32:05	PI_16	390	2	0	642933	0	
2016-Jan-05 11:32:07	PI_16	391	2	0	642933	0	
2016-Jan-05 11:32:09	PI_16	392	2	0	642933	0	
2016-Jan-05 11:32:11	PI_16	393	2	2	1405754	0	0,1
2016-Jan-05 11:32:13	PI_16	394	2	0	642933	0	
2016-Jan-05 11:32:15	PI_16	395	2	0	642933	0	
2016-Jan-05 11:32:17	PI_16	396	2	0	642933	0	
2016-Jan-05 11:32:19	PI_16	397	2	0	642933	0	
2016-Jan-05 11:32:21	PI_16	398	2	2	1405754	0	0,1
2016-Jan-05 11:32:23	PI_16	399	2	0	642933	0	
2016-Jan-05 11:32:25	PI_16	400	2	2	1405754	0	0,1
2016-Jan-05 11:32:27	PI_16	401	2	0	642933	0	
2016-Jan-05 11:32:29	PI_16	402	2	0	642933	0	
2016-Jan-05 11:32:31	PI_16	403	2	0	642933	0	
2016-Jan-05 11:32:33	PI_16	404	2	0	642933	0	
2016-Jan-05 11:32:35	PI_16	405	2	0	642933	0	
2016-Jan-05 11:32:37	PI_16	406	2	0	642933	0	
2016-Jan-05 11:32:39	PI_16	407	2	0	642933	0	
2016-Jan-05 11:32:41	PI_16	408	2	0	642933	0	
2016-Jan-05 11:32:43	PI_16	409	2	0	642933	0	
2016-Jan-05 11:32:45	PI_16	410	2	0	642933	0	
2016-Jan-05 11:32:47	PI_16	411	2	0	642933	0	
2016-Jan-05 11:32:49	PI_16	412	2	0	642933	0	
2016-Jan-05 11:32:51	PI_16	413	2	0	642933	0	
2016-Jan-05 11:32:53	PI_16	414	2	0	642933	0	
2016-Jan-05 11:32:55	PI_16	415	2	2	1405754	0	0,1
2016-Jan-05 11:32:57	PI_16	416	2	0	642933	0	
2016-Jan-05 11:32:59	PI_16	417	2	0	642933	0	
2016-Jan-05 11:33:01	PI_16	418	2	0	642933	0	
2016-Jan-05 11:33:03	PI_16	419	2	2	1405754	0	0,1
2016-Jan-05 11:33:05	PI_16	420	2	0	642933	0	
2016-Jan-05 11:33:07	PI_16	421	2	0	642933	0	
2016-Jan-05 11:33:09	PI_16	422	2	0	642933	0	
2016-Jan-05 11:33:11	PI_16	423	2	2	1405754	0	0,1
2016-Jan-05 11:33:13	PI_16	424	2	0	642933	0	
2016-Jan-05 11:33:15	PI_16	425	2	2	1405754	0	0,1
2016-Jan-05 11:33:17	PI_16	426	2	0	642933	0	
2016-Jan-05 11:33:19	PI_16	427	2	0	642933	0	
2016-Jan-05 11:33:21	PI_16	428	2	0	642933	0	
2016-Jan-05 11:33:23	PI_16	429	2	0	642933	0	
2016-Jan-05 11:33:25	PI_16	430	2	0	642933	0	
2016-Jan-05 11:33:27	PI_16	431	2	0	642933	0	
2016-Jan-05 11:33:29	PI_16	432	2	0	642933	0	
2016-Jan-05 11:33:31	PI_16	433	2	0	642933	0	
2016-Jan-05 11:33:33	PI_16	434	2	0	642933	0	
2016-Jan-05 11:33:35	PI_16	435	2	0	642933	0	
2016-Jan-05 11:33:37	PI_16	436	2	0	642933	0	
2016-Jan-05 11:33:39	PI_16	437	2	0	642933	0	
2016-Jan-05 11:33:41	PI_16	438	2	0	642933	0	
2016-Jan-05 11:33:43	PI_16	439	2	2	1405754	0	0,1
2016-Jan-05 11:33:45	PI_16	440	2	0	642933	0	
2016-Jan-05 11:33:47	PI_16	441	2	0	642933	0	
2016-Jan-05 11:33:49	PI_16	442	2	0	642933	0	
2016-Jan-05 11:33:51	PI_16	443	2	0	642933	0	
2016-Jan-05 11:33:53	PI_16	444	2	2	1405754	0	0,1
2016-Jan-05 11:33:55	PI_16	445	2	0	642933	0	
2016-Jan-05 11:33:57	PI_16	446	2	0	642933	0	
2016-Jan-05 11:33:59	PI_16	447	2	0	642933	0	
2016-Jan-05 11:34:01	PI_16	448	2	0	642933	0	
2016-Jan-05 11:34:03	PI_16	449	2	2	1405754	0	0,1
2016-Jan-05 11:34:05	PI_16	450	2	0	642933	0	
2016-Jan-05 11:34:07	PI_16	451	2	0	642933	0	
2016-Jan-05 11:34:09	PI_16	452	2	0	642933	0	
2016-Jan-05 11:34:11	PI_16	453	2	2	1405754	0	0,1
2016-Jan-05 11:34:13	PI_16	454	2	0	642933	0	
2016-Jan-05 11:34:15	PI_16	455	2	0	642933	0	
2016-Jan-05 11:34:17	PI_16	456	2	0	642933	0	
2016-Jan-05 11:34:19	PI_16	457	2	2	1405754	0	0,1
2016-Jan-05 11:34:21	PI_16	458	2	1	997955	0	0
2016-Jan-05 11:34:23	PI_16	459	2	2	1405754	0	0,1
2016-Jan-05 11:34:25	PI_16	460	2	0	642933	0	
2016-Jan-05 11:34:27	PI_16	461	2	1	997955	0	0
2016-Jan-05 11:34:29	PI_16	462	2	1	997955	0	0
2016-Jan-05 11:34:31	PI_16	463	2	2	1405754	0	0,1
2016-Jan-05 11:34:33	PI_16	464	2	1	997955	0	0
2016-Jan-05 11:34:35	PI_16	465	2	2	1405754	0	0,1
2016-Jan-05 11:34:37	PI_16	466	2	0	642933	0	
2016-Jan-05 11:34:39	PI_16	467	2	2	1405754	0	0,1
2016-Jan-05 11:34:41	PI_16	468	2	0	642933	0	
2016-Jan-05 11:34:43	PI_16	469	2	2	1405754	0	0,1
2016-Jan-05 11:34:45	PI_16	470	2	0	642933	0	
2016-Jan-05 11:34:47	PI_16	471	2	2	1405754	0	0,1
2016-Jan-05 11:34:49	PI_16	472	2	0	642933	0	
2016-Jan-05 11:34:51	PI_16	473	2	2	1405754	0	0,1
2016-Jan-05 11:34:53	PI_16	474	2	0	642933	0	
2016-Jan-05 11:34:55	PI_16	475	2	0	642933	0	
2016-Jan-05 11:34:57	PI_16	476	2	2	1405754	0	0,1
2016-Jan-05 11:34:59	PI_16	477	2	0	642933	0	
2016-Jan-05 11:35:01	PI_16	478	2	2	1405754	0	0,1
2016-Jan-05 11:35:03	PI_16	479	2	2	1405754	0	0,1
2016-Jan-05 11:35:05	PI_16	480	2	2	1405754	0	0,1
2016-Jan-05 11:35:07	PI_16	481	2	0	642933	0	
2016-Jan-05 11:35:09	PI_16	482	2	2	1405754	0	0,1
2016-Jan-05 11:35:11	PI_16	483	2	0	642933	0	
2016-Jan-05 11:35:13	PI_16	484	2	2	1405754	0	0,1
2016-Jan-05 11:35:15	PI_16	485	2	0	642933	0	
2016-Jan-05 11:35:17	PI_16	486	2	2	1405754	0	0,1
2016-Jan-05 11:35:19	PI_16	487	2	0	642933	0	
2016-Jan-05 11:35:21	PI_16	488	2	0	642933	0	
2016-Jan-05 11:35:23	PI_16	489	2	2	1405754	0	0,1
2016-Jan-05 11:35:25	PI_16	490	2	0	642933	0	
2016-Jan-05 11:35:27	PI_16	491	2	0	642933	0	
2016-Jan-05 11:35:29	PI_16	492	2	2	1405754	0	0,1
2016-Jan-05 11:35:31	PI_16	493	2	0	642933	0	
2016-Jan-05 11:35:33	PI_16	494	2	2	1405754	0	0,1
2016-Jan-05 11:35:35	PI_16	495	2	0	642933	0	
2016-Jan-05 11:35:37	PI_16	496	2	2	1405754	0	0,1
2016-Jan-05 11:35:39	PI_16	497	2	2	1405754	0	0,1
2016-Jan-05 11:35:41	PI_16	498	2	1	997955	0	0
2016-Jan-05 11:35:43	PI_16	499	2	1	997955	0	0
2016-Jan-05 11:35:45	PI_16	500	2	2	1405754	0	0,1
2016-Jan-05 11:35:47	PI_16	501	2	0	642933	0	
2016-Jan-05 11:35:49	PI_16	502	2	2	1405754	0	0,1
2016-Jan-05 11:35:51	PI_16	503	2	0	642933	0	
2016-Jan-05 11:35:53	PI_16	504	2	2	1405754	0	0,1
2016-Jan-05 11:35:55	PI_16	505	2	0	642933	0	
2016-Jan-05 11:35:57	PI_16	506	2	2	1405754	0	0,1
2016-Jan-05 11:35:59	PI_16	507	2	0	642933	0	
2016-Jan-05 11:36:01	PI_16	508	2	0	642933	0	
2016-Jan-05 11:36:03	PI_16	509	2	0	642933	0	
2016-Jan-05 11:36:05	PI_16	510	2	2	1405754	0	0,1
2016-Jan-05 11:36:07	PI_16	511	2	0	642933	0	
2016-Jan-05 11:36:09	PI_16	512	2	0	642933	0	
2016-Jan-05 11:36:11	PI_16	513	2	0	642933	0	
2016-Jan-05 11:36:13	PI_16	514	2	2	1405754	0	0,1
2016-Jan-05 11:36:15	PI_16	515	2	0	642933	0	
2016-Jan-05 11:36:17	PI_16	516	2	2	1405754	0	0,1
2016-Jan-05 11:36:19	PI_16	517	2	0	642933	0	
2016-Jan-05 11:36:21	PI_16	518	2	0	642933	0	
2016-Jan-05 11:36:23	PI_16	519	2	0	642933	0	
2016-Jan-05 11:36:25	PI_16	520	2	0	642933	0	
2016-Jan-05 11:36:27	PI_16	521	2	0	642933	0	
2016-Jan-05 11:36:29	PI_16	522	2	2	1405754	0	0,1
2016-Jan-05 11:36:31	PI_16	523	2	0	642933	0	
2016-Jan-05 11:36:33	PI_16	524	2	0	642933	0	
2016-Jan-05 11:36:35	PI_16	525	2	2	1405754	0	0,1
2016-Jan-05 11:36:37	PI_16	526	2	0	642933	0	
2016-Jan-05 11:36:39	PI_16	527	2	2	1405754	0	0,1
2016-Jan-05 11:36:41	PI_16	528	2	0	642933	0	
2016-Jan-05 11:36:43	PI_16	529	2	0	642933	0	
2016-Jan-05 11:36:45	PI_16	530	2	2	1405754	0	0,1
2016-Jan-05 11:36:47	PI_16	531	2	0	642933	0	
2016-Jan-05 11:36:49	PI_16	532	2	0	642933	0	
2016-Jan-05 11:36:51	PI_16	533	2	0	642933	0	
2016-Jan-05 11:36:53	PI_16	534	2	0	642933	0	
2016-Jan-05 11:36:55	PI_16	535	2	0	642933	0	
2016-Jan-05 11:36:57	PI_16	536	2	0	642933	0	
2016-Jan-05 11:36:59	PI_16	537	2	0	642933	0	
2016-Jan-05 11:37:01	PI_16	538	2	0	642933	0	
2016-Jan-05 11:37:03	PI_16	539	2	0	642933	0	
2016-Jan-05 11:37:05	PI_16	540	2	0	642933	0	
2016-Jan-05 11:37:07	PI_16	541	2	0	642933	0	
2016-Jan-05 11:37:09	PI_16	542	2	0	642933	0	
2016-Jan-05 11:37:11	PI_16	543	2	0	642933	0	
2016-Jan-05 11:37:13	PI_16	544	2	0	642933	0	
2016-Jan-05 11:37:15	PI_16	545	2	0	642933	0	
2016-Jan-05 11:37:17	PI_16	546	2	0	642933	0	
2016-Jan-05 11:37:19	PI_16	547	2	0	642933	0	
2016-Jan-05 11:37:21	PI_16	548	2	0	642933	0	
2016-Jan-05 11:37:23	PI_16	549	2	0	642933	0	
2016-Jan-05 11:37:25	PI_16	550	2	0	642933	0	
2016-Jan-05 11:37:27	PI_16	551	2	0	642933	0	
2016-Jan-05 11:37:29	PI_16	552	2	0	642933	0	
2016-Jan-05 11:37:31	PI_16	553	2	2	1405754	0	0,1
2016-Jan-05 11:37:33	PI_16	554	2	0	642933	0	
2016-Jan-05 11:37:35	PI_16	555	2	0	642933	0	
2016-Jan-05 11:37:37	PI_16	556	2	0	642933	0	
2016-Jan-05 11:37:39	PI_16	557	2	0	642933	0	
2016-Jan-05 11:37:41	PI_16	558	2	2	1405754	0	0,1
2016-Jan-05 11:37:43	PI_16	559	2	0	642933	0	
2016-Jan-05 11:37:45	PI_16	560	2	2	1405754	0	0,1
2016-Jan-05 11:37:47	PI_16	561	2	0	642933	0	
2016-Jan-05 11:37:49	PI_16	562	2	0	642933	0	
2016-Jan-05 11:37:51	PI_16	563	2	0	642933	0	
2016-Jan-05 11:37:53	PI_16	564	2	0	642933	0	
2016-Jan-05 11:37:55	PI_16	565	2	2	1405754	0	0,1
2016-Jan-05 11:37:57	PI_16	566	2	0	642933	0	
2016-Jan-05 11:37:59	PI_16	567	2	0	642933	0	
2016-Jan-05 11:38:01	PI_16	568	2	1	997955	0	0
2016-Jan-05 11:38:03	PI_16	569	2	2	1405754	0	0,1
2016-Jan-05 11:38:05	PI_16	570	2	0	642933	0	
2016-Jan-05 11:38:07	PI_16	571	2	0	642933	0	
2016-Jan-05 11:38:09	PI_16	572	2	2	1405754	0	0,1
2016-Jan-05 11:38:11	PI_16	573	2	0	642933	0	
2016-Jan-05 11:38:13	PI_16	574	2	2	1405754	0	0,1
2016-Jan-05 11:38:15	PI_16	575	2	0	642933	0	
2016-Jan-05 11:38:17	PI_16	576	2	1	997955	0	0
2016-Jan-05 11:38:19	PI_16	577	2	2	1405754	0	0,1
2016-Jan-05 11:38:21	PI_16	578	2	2	1405754	0	0,1
2016-Jan-05 11:38:23	PI_16	579	2	0	642933	0	
2016-Jan-05 11:38:25	PI_16	580	2	2	1405754	0	0,1
2016-Jan-05 11:38:27	PI_16	581	2	0	642933	0	
2016-Jan-05 11:38:29	PI_16	582	2	2	1405754	0	0,1
2016-Jan-05 11:38:31	PI_16	583	2	0	642933	0	
2016-Jan-05 11:38:33	PI_16	584	2	0	642933	0	
2016-Jan-05 11:38:35	PI_16	585	2	0	642933	0	
2016-Jan-05 11:38:37	PI_16	586	2	1	997955	0	0
2016-Jan-05 11:38:39	PI_16	587	2	0	642933	0	
2016-Jan-05 11:38:41	PI_16	588	2	0	642933	0	
2016-Jan-05 11:38:43	PI_16	589	2	0	642933	0	
2016-Jan-05 11:38:45	PI_16	590	2	0	642933	0	
2016-Jan-05 11:38:47	PI_16	591	2	0	642933	0	
2016-Jan-05 11:38:49	PI_16	592	2	0	642933	0	
2016-Jan-05 11:38:51	PI_16	593	2	2	1405754	0	0,1
2016-Jan-05 11:38:53	PI_16	594	2	1	997955	0	0
2016-Jan-05 11:38:55	PI_16	595	2	2	1405754	0	0,1
2016-Jan-05 11:38:57	PI_16	596	2	1	997955	0	0
2016-Jan-05 11:38:59	PI_16	597	2	2	1405754	0	0,1
2016-Jan-05 11:39:01	PI_16	598	2	2	1405754	0	0,1
2016-Jan-05 11:39:03	PI_16	599	2	0	642933	0	
2016-Jan-05 11:39:05	PI_16	600	2	1	997955	0	0
2016-Jan-05 11:39:07	PI_16	601	2	2	1405754	0	0,1
2016-Jan-05 11:39:09	PI_16	602	2	1	997955	0	0
2016-Jan-05 11:39:11	PI_16	603	2	2	1405754	0	0,1
2016-Jan-05 11:39:13	PI_16	604	2	2	1405754	0	0,1
2016-Jan-05 11:39:15	PI_16	605	2	2	1405754	0	0,1
2016-Jan-05 11:39:17	PI_16	606	2	0	642933	0	
2016-Jan-05 11:39:19	PI_16	607	2	0	642933	0	
2016-Jan-05 11:39:21	PI_16	608	2	2	1405754	0	0,1
2016-Jan-05 11:39:23	PI_16	609	2	2	1405754	0	0,1
2016-Jan-05 11:39:25	PI_16	610	2	0	642933	0	
2016-Jan-05 11:39:27	PI_16	611	2	0	642933	0	
2016-Jan-05 11:39:29	PI_16	612	2	2	1405754	0	0,1
2016-Jan-05 11:39:31	PI_16	613	2	1	997955	0	0
2016-Jan-05 11:39:33	PI_16	614	2	1	997955	0	0
2016-Jan-05 11:39:35	PI_16	615	2	1	997955	0	0
2016-Jan-05 11:39:37	PI_16	616	2	0	642933	0	
2016-Jan-05 11:39:39	PI_16	617	2	1	997955	0	0
2016-Jan-05 11:39:41	PI_16	618	2	1	997955	0	0
2016-Jan-05 11:39:43	PI_16	619	2	2	1405754	0	0,1
2016-Jan-05 11:39:45	PI_16	620	2	2	1405754	0	0,1
2016-Jan-05 11:39:47	PI_16	621	2	2	1405754	0	0,1
2016-Jan-05 11:39:49	PI_16	622	2	0	642933	0	
2016-Jan-05 11:39:51	PI_16	623	2	2	1405754	0	0,1
2016-Jan-05 11:39:53	PI_16	624	2	0	642933	0	
2016-Jan-05 11:39:55	PI_16	625	2	2	1405754	0	0,1
2016-Jan-05 11:39:57	PI_16	626	2	0	642933	0	
2016-Jan-05 11:39:59	PI_16	627	2	2	1405754	0	0,1
2016-Jan-05 11:40:01	PI_16	628	2	0	642933	0	
2016-Jan-05 11:40:03	PI_16	629	2	0	642933	0	
2016-Jan-05 11:40:05	PI_16	630	2	0	642933	0	
2016-Jan-05 11:40:07	PI_16	631	2	0	642933	0	
2016-Jan-05 11:40:09	PI_16	632	2	2	1405754	0	0,1
2016-Jan-05 11:40:11	PI_16	633	2	0	642933	0	
2016-Jan-05 11:40:13	PI_16	634	2	2	1405754	0	0,1
2016-Jan-05 11:40:15	PI_16	635	2	0	642933	0	
2016-Jan-05 11:40:17	PI_16	636	2	0	642933	0	
2016-Jan-05 11:40:19	PI_16	637	2	2	1405754	0	0,1
2016-Jan-05 11:40:21	PI_16	638	2	0	642933	0	
2016-Jan-05 11:40:23	PI_16	639	2	0	642933	0	
2016-Jan-05 11:40:25	PI_16	640	2	0	642933	0	
2016-Jan-05 11:40:27	PI_16	641	2	2	1405754	0	0,1
2016-Jan-05 11:40:29	PI_16	642	2	0	642933	0	
2016-Jan-05 11:40:31	PI_16	643	2	0	642933	0	
2016-Jan-05 11:40:33	PI_16	644	2	2	1405754	0	0,1
2016-Jan-05 11:40:35	PI_16	645	2	0	642933	0	
2016-Jan-05 11:40:37	PI_16	646	2	0	642933	0	
2016-Jan-05 11:40:39	PI_16	647	2	2	1405754	0	0,1
2016-Jan-05 11:40:41	PI_16	648	2	0	642933	0	
2016-Jan-05 11:40:43	PI_16	649	2	1	997955	0	0
2016-Jan-05 11:40:45	PI_16	650	2	1	997955	0	0
2016-Jan-05 11:40:47	PI_16	651	2	0	642933	0	
2016-Jan-05 11:40:49	PI_16	652	2	1	997955	0	0
2016-Jan-05 11:40:51	PI_16	653	2	0	642933	0	
2016-Jan-05 11:40:53	PI_16	654	2	1	997955	0	0
2016-Jan-05 11:40:55	PI_16	655	2	2	1405754	0	0,1
2016-Jan-05 11:40:57	PI_16	656	2	2	1405754	0	0,1
2016-Jan-05 11:40:59	PI_16	657	2	2	1405754	0	0,1
2016-Jan-05 11:41:01	PI_16	658	2	0	642933	0	
2016-Jan-05 11:41:03	PI_16	659	2	0	642933	0	
2016-Jan-05 11:41:05	PI_16	660	2	1	997955	0	0
2016-Jan-05 11:41:07	PI_16	661	2	2	1405754	0	0,1
2016-Jan-05 11:41:09	PI_16	662	2	2	1405754	0	0,1
2016-Jan-05 11:41:11	PI_16	663	2	1	997955	0	0
2016-Jan-05 11:41:13	PI_16	664	2	2	1405754	0	0,1
2016-Jan-05 11:41:15	PI_16	665	2	0	642933	0	
2016-Jan-05 11:41:17	PI_16	666	2	0	642933	0	
2016-Jan-05 11:41:19	PI_16	667	2	1	997955	0	0
2016-Jan-05 11:41:21	PI_16	668	2	1	997955	0	0
2016-Jan-05 11:41:23	PI_16	669	2	1	997955	0	0
2016-Jan-05 11:41:25	PI_16	670	2	2	1405754	0	0,1
2016-Jan-05 11:41:27	PI_16	671	2	2	1405754	0	0,1
2016-Jan-05 11:41:29	PI_16	672	2	0	642933	0	
2016-Jan-05 11:41:31	PI_16	673	2	2	1405754	0	0,1
2016-Jan-05 11:41:33	PI_16	674	2	0	642933	0	
2016-Jan-05 11:41:35	PI_16	675	2	2	1405754	0	0,1
2016-Jan-05 11:41:37	PI_16	676	2	0	642933	0	
2016-Jan-05 11:41:39	PI_16	677	2	0	642933	0	
2016-Jan-05 11:41:41	PI_16	678	2	2	1405754	0	0,1
2016-Jan-05 11:41:43	PI_16	679	2	0	642933	0	
2016-Jan-05 11:41:45	PI_16	680	2	2	1405754	0	0,1
2016-Jan-05 11:41:47	PI_16	681	2	0	642933	0	
2016-Jan-05 11:41:49	PI_16	682	2	2	1405754	0	0,1
2016-Jan-05 11:41:51	PI_16	683	2	0	642933	0	
2016-Jan-05 11:41:53	PI_16	684	2	2	1405754	0	0,1
2016-Jan-05 11:41:55	PI_16	685	2	0	642933	0	
2016-Jan-05 11:41:57	PI_16	686	2	2	1405754	0	0,1
2016-Jan-05 11:41:59	PI_16	687	2	0	642933	0	
2016-Jan-05 11:42:01	PI_16	688	2	0	642933	0	
2016-Jan-05 11:42:03	PI_16	689	2	0	642933	0	
2016-Jan-05 11:42:05	PI_16	690	2	2	1405754	0	0,1
2016-Jan-05 11:42:07	PI_16	691	2	0	642933	0	
2016-Jan-05 11:42:09	PI_16	692	2	0	642933	0	
2016-Jan-05 11:42:11	PI_16	693	2	0	642933	0	
2016-Jan-05 11:42:13	PI_16	694	2	0	642933	0	
2016-Jan-05 11:42:15	PI_16	695	2	2	1405754	0	0,1
2016-Jan-05 11:42:17	PI_16	696	2	0	642933	0	
2016-Jan-05 11:42:19	PI_16	697	2	0	642933	0	
2016-Jan-05 11:42:21	PI_16	698	2	0	642933	0	
2016-Jan-05 11:42:23	PI_16	699	2	2	1405754	0	0,1
2016-Jan-05 11:42:25	PI_16	700	2	0	642933	0	
2016-Jan-05 11:42:27	PI_16	701	2	2	1405754	0	0,1
2016-Jan-05 11:42:29	PI_16	702	2	0	642933	0	
2016-Jan-05 11:42:31	PI_16	703	2	2	1405754	0	0,1
2016-Jan-05 11:42:33	PI_16	704	2	2	1405754	0	0,1
2016-Jan-05 11:42:35	PI_16	705	2	0	642933	0	
2016-Jan-05 11:42:37	PI_16	706	2	2	1405754	0	0,1
2016-Jan-05 11:42:39	PI_16	707	2	2	1405754	0	0,1
2016-Jan-05 11:42:41	PI_16	708	2	0	642933	0	
2016-Jan-05 11:42:43	PI_16	709	2	2	1405754	0	0,1
2016-Jan-05 11:42:45	PI_16	710	2	1	997955	0	0
2016-Jan-05 11:42:47	PI_16	711	2	2	1405754	0	0,1
2016-Jan-05 11:42:49	PI_16	712	2	0	642933	0	
2016-Jan-05 11:42:51	PI_16	713	2	1	997955	0	0
2016-Jan-05 11:42:53	PI_16	714	2	1	997955	0	0
2016-Jan-05 11:42:55	PI_16	715	2	1	997955	0	0
2016-Jan-05 11:42:57	PI_16	716	2	0	642933	0	
2016-Jan-05 11:42:59	PI_16	717	2	1	997955	0	0
2016-Jan-05 11:43:01	PI_16	718	2	1	997955	0	0
2016-Jan-05 11:43:03	PI_16	719	2	1	997955	0	0
2016-Jan-05 11:43:05	PI_16	720	2	2	1405754	0	0,1
2016-Jan-05 11:43:07	PI_16	721	2	0	642933	0	
2016-Jan-05 11:43:09	PI_16	722	2	0	642933	0	
2016-Jan-05 11:43:11	PI_16	723	2	0	642933	0	
2016-Jan-05 11:43:13	PI_16	724	2	2	1405754	0	0,1
2016-Jan-05 11:43:15	PI_16	725	2	0	642933	0	
2016-Jan-05 11:43:17	PI_16	726	2	2	1405754	0	0,1
2016-Jan-05 11:43:19	PI_16	727	2	0	642933	0	
2016-Jan-05 11:43:21	PI_16	728	2	1	997955	0	0
2016-Jan-05 11:43:23	PI_16	729	2	2	1405754	0	0,1
2016-Jan-05 11:43:25	PI_16	730	2	0	642933	0	
2016-Jan-05 11:43:27	PI_16	731	2	2	1405754	0	0,1
2016-Jan-05 11:43:29	PI_16	732	2	2	1405754	0	0,1
2016-Jan-05 11:43:31	PI_16	733	2	0	642933	0	
2016-Jan-05 11:43:33	PI_16	734	2	2	1405754	0	0,1
2016-Jan-05 11:43:35	PI_16	735	2	1	997955	0	0
2016-Jan-05 11:43:37	PI_16	736	2	2	1405754	0	0,1
2016-Jan-05 11:43:39	PI_16	737	2	0	642933	0	
2016-Jan-05 11:43:41	PI_16	738	2	2	1405754	0	0,1
2016-Jan-05 11:43:43	PI_16	739	2	0	642933	0	
2016-Jan-05 11:43:45	PI_16	740	2	1	997955	0	0
2016-Jan-05 11:43:47	PI_16	741	2	1	997955	0	0
2016-Jan-05 11:43:49	PI_16	742	2	1	997955	0	0
2016-Jan-05 11:43:51	PI_16	743	2	2	1405754	0	0,1
2016-Jan-05 11:43:53	PI_16	744	2	0	642933	0	
2016-Jan-05 11:43:55	PI_16	745	2	2	1405754	0	0,1
2016-Jan-05 11:43:57	PI_16	746	2	0	642933	0	
2016-Jan-05 11:43:59	PI_16	747	2	0	642933	0	
2016-Jan-05 11:44:01	PI_16	748	2	0	642933	0	
2016-Jan-05 11:44:03	PI_16	749	2	2	1405754	0	0,1
2016-Jan-05 11:44:05	PI_16	750	2	0	642933	0	
2016-Jan-05 11:44:07	PI_16	751	2	0	642933	0	
2016-Jan-05 11:44:09	PI_16	752	2	0	642933	0	
2016-Jan-05 11:44:11	PI_16	753	2	2	1405754	0	0,1
2016-Jan-05 11:44:13	PI_16	754	2	0	642933	0	
2016-Jan-05 11:44:15	PI_16	755	2	0	642933	0	
2016-Jan-05 11:44:17	PI_16	756	2	0	642933	0	
2016-Jan-05 11:44:19	PI_16	757	2	0	642933	0	
2016-Jan-05 11:44:21	PI_16	758	2	0	642933	0	
2016-Jan-05 11:44:23	PI_16	759	2	0	642933	0	
2016-Jan-05 11:44:25	PI_16	760	2	0	642933	0	
2016-Jan-05 11:44:27	PI_16	761	2	0	642933	0	
2016-Jan-05 11:44:29	PI_16	762	2	2	1405754	0	0,1
2016-Jan-05 11:44:31	PI_16	763	2	0	642933	0	
2016-Jan-05 11:44:33	PI_16	764	2	0	642933	0	
2016-Jan-05 11:44:35	PI_16	765	2	0	642933	0	
2016-Jan-05 11:44:37	PI_16	766	2	0	642933	0	
2016-Jan-05 11:44:39	PI_16	767	2	0	642933	0	
2016-Jan-05 11:44:41	PI_16	768	2	2	1405754	0	0,1
2016-Jan-05 11:44:43	PI_16	769	2	0	642933	0	
2016-Jan-05 11:44:45	PI_16	770	2	2	1405754	0	0,1
2016-Jan-05 11:44:47	PI_16	771	2	0	642933	0	
2016-Jan-05 11:44:49	PI_16	772	2	2	1405754	0	0,1
2016-Jan-05 11:44:51	PI_16	773	2	0	642933	0	
2016-Jan-05 11:44:53	PI_16	774	2	2	1405754	0	0,1
2016-Jan-05 11:44:55	PI_16	775	2	0	642933	0	
2016-Jan-05 11:44:57	PI_16	776	2	0	642933	0	
2016-Jan-05 11:44:59	PI_16	777	2	2	1405754	0	0,1
2016-Jan-05 11:45:01	PI_16	778	2	0	642933	0	
2016-Jan-05 11:45:03	PI_16	779	2	1	997955	0	0
2016-Jan-05 11:45:05	PI_16	780	2	0	642933	0	
2016-Jan-05 11:45:07	PI_16	781	2	1	997955	0	0
2016-Jan-05 11:45:09	PI_16	782	2	0	642933	0	
2016-Jan-05 11:45:11	PI_16	783	2	1	997955	0	0
2016-Jan-05 11:45:13	PI_16	784	2	2	1405754	0	0,1
2016-Jan-05 11:45:15	PI_16	785	2	2	1405754	0	0,1
2016-Jan-05 11:45:17	PI_16	786	2	0	642933	0	
2016-Jan-05 11:45:19	PI_16	787	2	2	1405754	0	0,1
2016-Jan-05 11:45:21	PI_16	788	2	0	642933	0	
2016-Jan-05 11:45:23	PI_16	789	2	2	1405754	0	0,1
2016-Jan-05 11:45:25	PI_16	790	2	0	642933	0	
2016-Jan-05 11:45:27	PI_16	791	2	0	642933	0	
2016-Jan-05 11:45:29	PI_16	792	2	0	642933	0	
2016-Jan-05 11:45:31	PI_16	793	2	0	642933	0	
2016-Jan-05 11:45:33	PI_16	794	2	0	642933	0	
2016-Jan-05 11:45:35	PI_16	795	2	0	642933	0	
2016-Jan-05 11:45:37	PI_16	796	2	0	642933	0	
2016-Jan-05 11:45:39	PI_16	797	2	2	1405754	0	0,1
2016-Jan-05 11:45:41	PI_16	798	2	0	642933	0	
2016-Jan-05 11:45:43	PI_16	799	2	2	1405754	0	0,1
2016-Jan-05 11:45:45	PI_16	800	2	0	642933	0	
2016-Jan-05 11:45:47	PI_16	801	2	2	1405754	0	0,1
2016-Jan-05 11:45:49	PI_16	802	2	0	642933	0	
2016-Jan-05 11:45:51	PI_16	803	2	0	642933	0	
2016-Jan-05 11:45:53	PI_16	804	2	2	1405754	0	0,1
2016-Jan-05 11:45:55	PI_16	805	2	0	642933	0	
2016-Jan-05 11:45:57	PI_16	806	2	2	1405754	0	0,1
2016-Jan-05 11:45:59	PI_16	807	2	0	642933	0	
2016-Jan-05 11:46:01	PI_16	808	2	0	642933	0	
2016-Jan-05 11:46:03	PI_16	809	2	0	642933	0	
2016-Jan-05 11:46:05	PI_16	810	2	2	1405754	0	0,1
2016-Jan-05 11:46:07	PI_16	811	2	0	642933	0	
2016-Jan-05 11:46:09	PI_16	812	2	0	642933	0	
2016-Jan-05 11:46:11	PI_16	813	2	0	642933	0	
2016-Jan-05 11:46:13	PI_16	814	2	0	642933	0	
2016-Jan-05 11:46:15	PI_16	815	2	2	1405754	0	0,1
2016-Jan-05 11:46:17	PI_16	816	2	0	642933	0	
2016-Jan-05 11:46:19	PI_16	817	2	2	1405754	0	0,1
2016-Jan-05 11:46:21	PI_16	818	2	0	642933	0	
2016-Jan-05 11:46:23	PI_16	819	2	0	642933	0	
2016-Jan-05 11:46:25	PI_16	820	2	2	1405754	0	0,1
2016-Jan-05 11:46:27	PI_16	821	2	0	642933	0	
2016-Jan-05 11:46:29	PI_16	822	2	2	1405754	0	0,1
2016-Jan-05 11:46:31	PI_16	823	2	0	642933	0	
2016-Jan-05 11:46:33	PI_16	824	2	2	1405754	0	0,1
2016-Jan-05 11:46:35	PI_16	825	2	0	642933	0	
2016-Jan-05 11:46:37	PI_16	826	2	2	1405754	0	0,1
2016-Jan-05 11:46:39	PI_16	827	2	0	642933	0	
2016-Jan-05 11:46:41	PI_16	828	2	0	642933	0	
2016-Jan-05 11:46:43	PI_16	829	2	2	1405754	0	0,1
2016-Jan-05 11:46:45	PI_16	830	2	0	642933	0	
2016-Jan-05 11:46:47	PI_16	831	2	0	642933	0	
2016-Jan-05 11:46:49	PI_16	832	2	2	1405754	0	0,1
2016-Jan-05 11:46:51	PI_16	833	2	0	642933	0	
2016-Jan-05 11:46:53	PI_16	834	2	0	642933	0	
2016-Jan-05 11:46:55	PI_16	835	2	0	642933	0	
2016-Jan-05 11:46:57	PI_16	836	2	2	1405754	0	0,1
2016-Jan-05 11:46:59	PI_16	837	2	1	997955	0	0
2016-Jan-05 11:47:01	PI_16	838	2	2	1405754	0	0,1
2016-Jan-05 11:47:03	PI_16	839	2	2	1405754	0	0,1
2016-Jan-05 11:47:05	PI_16	840	2	0	642933	0	
2016-Jan-05 11:47:07	PI_16	841	2	2	1405754	0	0,1
2016-Jan-05 11:47:09	PI_16	842	2	2	1405754	0	0,1
2016-Jan-05 11:47:11	PI_16	843	2	2	1405754	0	0,1
2016-Jan-05 11:47:13	PI_16	844	2	0	642933	0	
2016-Jan-05 11:47:15	PI_16	845	2	2	1405754	0	0,1
2016-Jan-05 11:47:17	PI_16	846	2	1	997955	0	0
2016-Jan-05 11:47:19	PI_16	847	2	1	997955	0	0
2016-Jan-05 11:47:21	PI_16	848	2	0	642933	0	
2016-Jan-05 11:47:23	PI_16	849	2	1	997955	0	0
2016-Jan-05 11:47:25	PI_16	850	2	0	642933	0	
2016-Jan-05 11:47:27	PI_16	851	2	1	997955	0	0
2016-Jan-05 11:47:29	PI_16	852	2	1	997955	0	0
2016-Jan-05 11:47:31	PI_16	853	2	1	997955	0	0
2016-Jan-05 11:47:33	PI_16	854	2	1	997955	0	0
2016-Jan-05 11:47:35	PI_16	855	2	1	997955	0	0
2016-Jan-05 11:47:37	PI_16	856	2	2	1405754	0	0,1
2016-Jan-05 11:47:39	PI_16	857	2	0	642933	0	
2016-Jan-05 11:47:41	PI_16	858	2	0	642933	0	
2016-Jan-05 11:47:43	PI_16	859	2	0	642933	0	
2016-Jan-05 11:47:45	PI_16	860	2	0	642933	0	
2016-Jan-05 11:47:47	PI_16	861	2	0	642933	0	
2016-Jan-05 11:47:49	PI_16	862	2	0	642933	0	
2016-Jan-05 11:47:51	PI_16	863	2	0	642933	0	
2016-Jan-05 11:47:53	PI_16	864	2	2	1405754	0	0,1
2016-Jan-05 11:47:55	PI_16	865	2	0	642933	0	
2016-Jan-05 11:47:57	PI_16	866	2	2	1405754	0	0,1
2016-Jan-05 11:47:59	PI_16	867	2	0	642933	0	
2016-Jan-05 11:48:01	PI_16	868	2	2	1405754	0	0,1
2016-Jan-05 11:48:03	PI_16	869	2	2	1405754	0	0,1
2016-Jan-05 11:48:05	PI_16	870	2	0	642933	0	
2016-Jan-05 11:48:07	PI_16	871	2	2	1405754	0	0,1
2016-Jan-05 11:48:09	PI_16	872	2	1	997955	0	0
2016-Jan-05 11:48:11	PI_16	873	2	2	1405754	0	0,1
2016-Jan-05 11:48:13	PI_16	874	2	1	997955	0	0
2016-Jan-05 11:48:15	PI_16	875	2	1	997955	0	0
2016-Jan-05 11:48:17	PI_16	876	2	1	997955	0	0
2016-Jan-05 11:48:19	PI_16	877	2	1	997955	0	0
2016-Jan-05 11:48:21	PI_16	878	2	1	997955	0	0
2016-Jan-05 11:48:23	PI_16	879	2	1	997955	0	0
2016-Jan-05 11:48:25	PI_16	880	2	1	997955	0	0
2016-Jan-05 11:48:27	PI_16	881	2	2	1405754	0	0,1
2016-Jan-05 11:48:29	PI_16	882	2	0	642933	0	
2016-Jan-05 11:48:31	PI_16	883	2	1	997955	0	0
2016-Jan-05 11:48:33	PI_16	884	2	1	997955	0	0
2016-Jan-05 11:48:35	PI_16	885	2	1	997955	0	0
2016-Jan-05 11:48:37	PI_16	886	2	2	1405754	0	0,1
2016-Jan-05 11:48:39	PI_16	887	2	0	642933	0	
2016-Jan-05 11:48:41	PI_16	888	2	0	642933	0	
2016-Jan-05 11:48:43	PI_16	889	2	0	642933	0	
2016-Jan-05 11:48:45	PI_16	890	2	2	1405754	0	0,1
2016-Jan-05 11:48:47	PI_16	891	2	0	642933	0	
2016-Jan-05 11:48:49	PI_16	892	2	0	642933	0	
2016-Jan-05 11:48:51	PI_16	893	2	2	1405754	0	0,1
2016-Jan-05 11:48:53	PI_16	894	2	0	642933	0	
2016-Jan-05 11:48:55	PI_16	895	2	0	642933	0	
2016-Jan-05 11:48:57	PI_16	896	2	0	642933	0	
2016-Jan-05 11:48:59	PI_16	897	2	2	1405754	0	0,1
2016-Jan-05 11:49:01	PI_16	898	2	0	642933	0	
2016-Jan-05 11:49:04	PI_16	899	2	0	642933	0	
2016-Jan-05 11:49:06	PI_16	900	2	0	642933	0	
2016-Jan-05 11:49:08	PI_16	901	2	0	642933	0	
2016-Jan-05 11:49:10	PI_16	902	2	2	1405754	0	0,1
2016-Jan-05 11:49:12	PI_16	903	2	0	642933	0	
2016-Jan-05 11:49:14	PI_16	904	2	0	642933	0	
2016-Jan-05 11:49:16	PI_16	905	2	0	642933	0	
2016-Jan-05 11:49:18	PI_16	906	2	0	642933	0	
2016-Jan-05 11:49:20	PI_16	907	2	2	1405754	0	0,1
2016-Jan-05 11:49:22	PI_16	908	2	0	642933	0	
2016-Jan-05 11:49:24	PI_16	909	2	1	997955	0	0
2016-Jan-05 11:49:26	PI_16	910	2	1	997955	0	0
2016-Jan-05 11:49:28	PI_16	911	2	2	1405754	0	0,1
2016-Jan-05 11:49:30	PI_16	912	2	1	997955	0	0
2016-Jan-05 11:49:32	PI_16	913	2	2	1405754	0	0,1
2016-Jan-05 11:49:34	PI_16	914	2	0	642933	0	
2016-Jan-05 11:49:36	PI_16	915	2	0	642933	0	
2016-Jan-05 11:49:38	PI_16	916	2	2	1405754	0	0,1
2016-Jan-05 11:49:40	PI_16	917	2	0	642933	0	
2016-Jan-05 11:49:42	PI_16	918	2	0	642933	0	
2016-Jan-05 11:49:44	PI_16	919	2	0	642933	0	
2016-Jan-05 11:49:46	PI_16	920	2	0	642933	0	
2016-Jan-05 11:49:48	PI_16	921	2	0	642933	0	
2016-Jan-05 11:49:50	PI_16	922	2	2	1405754	0	0,1
2016-Jan-05 11:49:52	PI_16	923	2	0	642933	0	
2016-Jan-05 11:49:54	PI_16	924	2	2	1405754	0	0,1
2016-Jan-05 11:49:56	PI_16	925	2	0	642933	0	
2016-Jan-05 11:49:58	PI_16	926	2	2	1405754	0	0,1
2016-Jan-05 11:50:00	PI_16	927	2	0	642933	0	
2016-Jan-05 11:50:02	PI_16	928	2	0	642933	0	
2016-Jan-05 11:50:04	PI_16	929	2	0	642933	0	
2016-Jan-05 11:50:06	PI_16	930	2	2	1405754	0	0,1
2016-Jan-05 11:50:08	PI_16	931	2	0	642933	0	
2016-Jan-05 11:50:10	PI_16	932	2	0	642933	0	
2016-Jan-05 11:50:12	PI_16	933	2	0	642933	0	
2016-Jan-05 11:50:14	PI_16	934	2	0	642933	0	
2016-Jan-05 11:50:16	PI_16	935	2	0	642933	0	
2016-Jan-05 11:50:18	PI_16	936	2	1	997955	0	0
2016-Jan-05 11:50:20	PI_16	937	2	0	642933	0	
2016-Jan-05 11:50:22	PI_16	938	2	0	642933	0	
2016-Jan-05 11:50:24	PI_16	939	2	0	642933	0	
2016-Jan-05 11:50:26	PI_16	940	2	0	642933	0	
2016-Jan-05 11:50:28	PI_16	941	2	0	642933	0	
2016-Jan-05 11:50:30	PI_16	942	2	0	642933	0	
2016-Jan-05 11:50:32	PI_16	943	2	0	642933	0	
2016-Jan-05 11:50:34	PI_16	944	2	0	642933	0	
2016-Jan-05 11:50:36	PI_16	945	2	0	642933	0	
2016-Jan-05 11:50:38	PI_16	946	2	0	642933	0	
2016-Jan-05 11:50:40	PI_16	947	2	0	642933	0	
2016-Jan-05 11:50:42	PI_16	948	2	0	642933	0	
2016-Jan-05 11:50:44	PI_16	949	2	0	642933	0	
2016-Jan-05 11:50:46	PI_16	950	2	0	642933	0	
2016-Jan-05 11:50:48	PI_16	951	2	0	642933	0	
2016-Jan-05 11:50:50	PI_16	952	2	0	642933	0	
2016-Jan-05 11:50:52	PI_16	953	2	2	1405754	0	0,1
2016-Jan-05 11:50:54	PI_16	954	2	0	642933	0	
2016-Jan-05 11:50:56	PI_16	955	2	0	642933	0	
2016-Jan-05 11:50:58	PI_16	956	2	0	642933	0	
2016-Jan-05 11:51:00	PI_16	957	2	0	642933	0	
2016-Jan-05 11:51:02	PI_16	958	2	2	1405754	0	0,1
2016-Jan-05 11:51:04	PI_16	959	2	0	642933	0	
2016-Jan-05 11:51:06	PI_16	960	2	0	642933	0	
2016-Jan-05 11:51:08	PI_16	961	2	2	1405754	0	0,1
2016-Jan-05 11:51:10	PI_16	962	2	0	642933	0	
2016-Jan-05 11:51:12	PI_16	963	2	1	997955	0	0
2016-Jan-05 11:51:14	PI_16	964	2	2	1405754	0	0,1
2016-Jan-05 11:51:16	PI_16	965	2	0	642933	0	
2016-Jan-05 11:51:18	PI_16	966	2	2	1405754	0	0,1
2016-Jan-05 11:51:20	PI_16	967	2	0	642933	0	
2016-Jan-05 11:51:22	PI_16	968	2	0	642933	0	
2016-Jan-05 11:51:24	PI_16	969	2	2	1405754	0	0,1
2016-Jan-05 11:51:26	PI_16	970	2	0	642933	0	
2016-Jan-05 11:51:28	PI_16	971	2	2	1405754	0	0,1
2016-Jan-05 11:51:30	PI_16	972	2	2	1405754	0	0,1
2016-Jan-05 11:51:32	PI_16	973	2	0	642933	0	
2016-Jan-05 11:51:34	PI_16	974	2	2	1405754	0	0,1
2016-Jan-05 11:51:36	PI_16	975	2	0	642933	0	
2016-Jan-05 11:51:38	PI_16	976	2	1	997955	0	0
2016-Jan-05 11:51:40	PI_16	977	2	1	997955	0	0
2016-Jan-05 11:51:42	PI_16	978	2	1	997955	0	0
2016-Jan-05 11:51:44	PI_16	979	2	2	1405754	0	0,1
2016-Jan-05 11:51:46	PI_16	980	2	2	1405754	0	0,1
2016-Jan-05 11:51:48	PI_16	981	2	0	642933	0	
2016-Jan-05 11:51:50	PI_16	982	2	2	1405754	0	0,1
2016-Jan-05 11:51:52	PI_16	983	2	1	997955	0	0
2016-Jan-05 11:51:54	PI_16	984	2	1	997955	0	0
2016-Jan-05 11:51:56	PI_16	985	2	2	1405754	0	0,1
2016-Jan-05 11:51:58	PI_16	986	2	1	997955	0	0
2016-Jan-05 11:52:00	PI_16	987	2	2	1405754	0	0,1
2016-Jan-05 11:52:02	PI_16	988	2	2	1405754	0	0,1
2016-Jan-05 11:52:04	PI_16	989	2	0	642933	0	
2016-Jan-05 11:52:06	PI_16	990	2	2	1405754	0	0,1
2016-Jan-05 11:52:08	PI_16	991	2	2	1405754	0	0,1
2016-Jan-05 11:52:10	PI_16	992	2	2	1405754	0	0,1
2016-Jan-05 11:52:12	PI_16	993	2	0	642933	0	
2016-Jan-05 11:52:14	PI_16	994	2	2	1405754	0	0,1
2016-Jan-05 11:52:16	PI_16	995	2	2	1405754	0	0,1
2016-Jan-05 11:52:18	PI_16	996	2	0	642933	0	
2016-Jan-05 11:52:20	PI_16	997	2	2	1405754	0	0,1
2016-Jan-05 11:52:22	PI_16	998	2	0	642933	0	
2016-Jan-05 11:52:24	PI_16	999	2	2	1405754	0	0,1
2016-Jan-05 11:52:26	PI_16	1000	2	0	642933	0	
2016-Jan-05 11:52:28	PI_16	1001	2	2	1405754	0	0,1
2016-Jan-05 11:52:30	PI_16	1002	2	0	642933	0	
2016-Jan-05 11:52:32	PI_16	1003	2	2	1405754	0	0,1
2016-Jan-05 11:52:34	PI_16	1004	2	0	642933	0	
2016-Jan-05 11:52:36	PI_16	1005	2	1	997955	0	0
2016-Jan-05 11:52:38	PI_16	1006	2	2	1405754	0	0,1
2016-Jan-05 11:52:40	PI_16	1007	2	0	642933	0	
2016-Jan-05 11:52:42	PI_16	1008	2	1	997955	0	0
2016-Jan-05 11:52:44	PI_16	1009	2	1	997955	0	0
2016-Jan-05 11:52:46	PI_16	1010	2	2	1405754	0	0,1
2016-Jan-05 11:52:48	PI_16	1011	2	0	642933	0	
2016-Jan-05 11:52:50	PI_16	1012	2	0	642933	0	
2016-Jan-05 11:52:52	PI_16	1013	2	2	1405754	0	0,1
2016-Jan-05 11:52:54	PI_16	1014	2	0	642933	0	
2016-Jan-05 11:52:56	PI_16	1015	2	0	642933	0	
2016-Jan-05 11:52:58	PI_16	1016	2	0	642933	0	
2016-Jan-05 11:53:00	PI_16	1017	2	0	642933	0	
2016-Jan-05 11:53:02	PI_16	1018	2	0	642933	0	
2016-Jan-05 11:53:04	PI_16	1019	2	2	1405754	0	0,1
2016-Jan-05 11:53:06	PI_16	1020	2	0	642933	0	
2016-Jan-05 11:53:08	PI_16	1021	2	0	642933	0	
2016-Jan-05 11:53:10	PI_16	1022	2	0	642933	0	
2016-Jan-05 11:53:12	PI_16	1023	2	0	642933	0	
2016-Jan-05 11:53:14	PI_16	1024	2	0	642933	0	
2016-Jan-05 11:53:16	PI_16	1025	2	0	642933	0	
2016-Jan-05 11:53:18	PI_16	1026	2	2	1405754	0	0,1
2016-Jan-05 11:53:20	PI_16	1027	2	0	642933	0	
2016-Jan-05 11:53:22	PI_16	1028	2	1	997955	0	0
2016-Jan-05 11:53:24	PI_16	1029	2	2	1405754	0	0,1
2016-Jan-05 11:53:26	PI_16	1030	2	0	642933	0	
2016-Jan-05 11:53:28	PI_16	1031	2	0	642933	0	
2016-Jan-05 11:53:30	PI_16	1032	2	1	997955	0	0
2016-Jan-05 11:53:32	PI_16	1033	2	2	1405754	0	0,1
2016-Jan-05 11:53:34	PI_16	1034	2	1	997955	0	0
2016-Jan-05 11:53:36	PI_16	1035	2	1	997955	0	0
2016-Jan-05 11:53:38	PI_16	1036	2	2	1405754	0	0,1
2016-Jan-05 11:53:40	PI_16	1037	2	0	642933	0	
2016-Jan-05 11:53:42	PI_16	1038	2	1	997955	0	0
2016-Jan-05 11:53:44	PI_16	1039	2	1	997955	0	0
2016-Jan-05 11:53:46	PI_16	1040	2	1	997955	0	0
2016-Jan-05 11:53:48	PI_16	1041	2	0	642933	0	
2016-Jan-05 11:53:50	PI_16	1042	2	1	997955	0	0
2016-Jan-05 11:53:52	PI_16	1043	2	0	642933	0	
2016-Jan-05 11:53:54	PI_16	1044	2	1	997955	0	0
2016-Jan-05 11:53:56	PI_16	1045	2	0	642933	0	
2016-Jan-05 11:53:58	PI_16	1046	2	1	997955	0	0
2016-Jan-05 11:54:00	PI_16	1047	2	0	642933	0	
2016-Jan-05 11:54:02	PI_16	1048	2	1	997955	0	0
2016-Jan-05 11:54:04	PI_16	1049	2	0	642933	0	
2016-Jan-05 11:54:06	PI_16	1050	2	1	997955	0	0
2016-Jan-05 11:54:08	PI_16	1051	2	0	642933	0	
2016-Jan-05 11:54:10	PI_16	1052	2	1	997955	0	0
2016-Jan-05 11:54:12	PI_16	1053	2	0	642933	0	
2016-Jan-05 11:54:14	PI_16	1054	2	1	997955	0	0
2016-Jan-05 11:54:16	PI_16	1055	2	1	997955	0	0
2016-Jan-05 11:54:18	PI_16	1056	2	1	997955	0	0
2016-Jan-05 11:54:20	PI_16	1057	2	2	1405754	0	0,1
2016-Jan-05 11:54:22	PI_16	1058	2	1	997955	0	0
2016-Jan-05 11:54:24	PI_16	1059	2	2	1405754	0	0,1
2016-Jan-05 11:54:26	PI_16	1060	2	1	997955	0	0
2016-Jan-05 11:54:28	PI_16	1061	2	2	1405754	0	0,1
2016-Jan-05 11:54:30	PI_16	1062	2	2	1405754	0	0,1
2016-Jan-05 11:54:32	PI_16	1063	2	2	1405754	0	0,1
2016-Jan-05 11:54:34	PI_16	1064	2	2	1405754	0	0,1
2016-Jan-05 11:54:36	PI_16	1065	2	2	1405754	0	0,1
2016-Jan-05 11:54:38	PI_16	1066	2	1	997955	0	0
2016-Jan-05 11:54:40	PI_16	1067	2	2	1405754	0	0,1
2016-Jan-05 11:54:42	PI_16	1068	2	2	1405754	0	0,1
2016-Jan-05 11:54:44	PI_16	1069	2	2	1405754	0	0,1
2016-Jan-05 11:54:46	PI_16	1070	2	2	1405754	0	0,1
2016-Jan-05 11:54:48	PI_16	1071	2	0	642933	0	
2016-Jan-05 11:54:50	PI_16	1072	2	2	1405754	0	0,1
2016-Jan-05 11:54:52	PI_16	1073	2	0	642933	0	
2016-Jan-05 11:54:54	PI_16	1074	2	2	1405754	0	0,1
2016-Jan-05 11:54:56	PI_16	1075	2	0	642933	0	
2016-Jan-05 11:54:58	PI_16	1076	2	2	1405754	0	0,1
2016-Jan-05 11:55:00	PI_16	1077	2	0	642933	0	
2016-Jan-05 11:55:02	PI_16	1078	2	0	642933	0	
2016-Jan-05 11:55:04	PI_16	1079	2	0	642933	0	
2016-Jan-05 11:55:06	PI_16	1080	2	2	1405754	0	0,1
2016-Jan-05 11:55:08	PI_16	1081	2	0	642933	0	
2016-Jan-05 11:55:10	PI_16	1082	2	0	642933	0	
2016-Jan-05 11:55:12	PI_16	1083	2	0	642933	0	
2016-Jan-05 11:55:14	PI_16	1084	2	0	642933	0	
2016-Jan-05 11:55:16	PI_16	1085	2	2	1405754	0	0,1
2016-Jan-05 11:55:18	PI_16	1086	2	0	642933	0	
2016-Jan-05 11:55:20	PI_16	1087	2	0	642933	0	
2016-Jan-05 11:55:22	PI_16	1088	2	0	642933	0	
2016-Jan-05 11:55:24	PI_16	1089	2	2	1405754	0	0,1
2016-Jan-05 11:55:26	PI_16	1090	2	0	642933	0	
2016-Jan-05 11:55:28	PI_16	1091	2	0	642933	0	
2016-Jan-05 11:55:30	PI_16	1092	2	0	642933	0	
2016-Jan-05 11:55:32	PI_16	1093	2	2	1405754	0	0,1
2016-Jan-05 11:55:34	PI_16	1094	2	0	642933	0	
2016-Jan-05 11:55:36	PI_16	1095	2	0	642933	0	
2016-Jan-05 11:55:38	PI_16	1096	2	0	642933	0	
2016-Jan-05 11:55:40	PI_16	1097	2	0	642933	0	
2016-Jan-05 11:55:42	PI_16	1098	2	0	642933	0	
2016-Jan-05 11:55:44	PI_16	1099	2	2	1405754	0	0,1
2016-Jan-05 11:55:46	PI_16	1100	2	0	642933	0	
2016-Jan-05 11:55:48	PI_16	1101	2	0	642933	0	
2016-Jan-05 11:55:50	PI_16	1102	2	2	1405754	0	0,1
2016-Jan-05 11:55:52	PI_16	1103	2	0	642933	0	
2016-Jan-05 11:55:54	PI_16	1104	2	2	1405754	0	0,1
2016-Jan-05 11:55:56	PI_16	1105	2	0	642933	0	
2016-Jan-05 11:55:58	PI_16	1106	2	2	1405754	0	0,1
2016-Jan-05 11:56:00	PI_16	1107	2	1	997955	0	0
2016-Jan-05 11:56:02	PI_16	1108	2	1	997955	0	0
2016-Jan-05 11:56:04	PI_16	1109	2	1	997955	0	0
2016-Jan-05 11:56:06	PI_16	1110	2	0	642933	0	
2016-Jan-05 11:56:08	PI_16	1111	2	1	997955	0	0
2016-Jan-05 11:56:10	PI_16	1112	2	2	1405754	0	0,1
2016-Jan-05 11:56:12	PI_16	1113	2	0	642933	0	
2016-Jan-05 11:56:14	PI_16	1114	2	2	1405754	0	0,1
2016-Jan-05 11:56:16	PI_16	1115	2	0	642933	0	
2016-Jan-05 11:56:18	PI_16	1116	2	2	1405754	0	0,1
2016-Jan-05 11:56:20	PI_16	1117	2	0	642933	0	
2016-Jan-05 11:56:22	PI_16	1118	2	0	642933	0	
2016-Jan-05 11:56:24	PI_16	1119	2	2	1405754	0	0,1
2016-Jan-05 11:56:26	PI_16	1120	2	0	642933	0	
2016-Jan-05 11:56:28	PI_16	1121	2	0	642933	0	
2016-Jan-05 11:56:30	PI_16	1122	2	0	642933	0	
2016-Jan-05 11:56:32	PI_16	1123	2	0	642933	0	
2016-Jan-05 11:56:34	PI_16	1124	2	0	642933	0	
2016-Jan-05 11:56:36	PI_16	1125	2	0	642933	0	
2016-Jan-05 11:56:38	PI_16	1126	2	0	642933	0	
2016-Jan-05 11:56:40	PI_16	1127	2	0	642933	0	
2016-Jan-05 11:56:42	PI_16	1128	2	0	642933	0	
2016-Jan-05 11:56:44	PI_16	1129	2	0	642933	0	
2016-Jan-05 11:56:46	PI_16	1130	2	0	642933	0	
2016-Jan-05 11:56:48	PI_16	1131	2	0	642933	0	
2016-Jan-05 11:56:50	PI_16	1132	2	0	642933	0	
2016-Jan-05 11:56:52	PI_16	1133	2	0	642933	0	
2016-Jan-05 11:56:54	PI_16	1134	2	0	642933	0	
2016-Jan-05 11:56:56	PI_16	1135	2	1	997955	0	0
2016-Jan-05 11:56:58	PI_16	1136	2	0	642933	0	
2016-Jan-05 11:57:00	PI_16	1137	2	1	997955	0	0
2016-Jan-05 11:57:02	PI_16	1138	2	2	1405754	0	0,1
2016-Jan-05 11:57:04	PI_16	1139	2	0	642933	0	
2016-Jan-05 11:57:06	PI_16	1140	2	0	642933	0	
2016-Jan-05 11:57:08	PI_16	1141	2	2	1405754	0	0,1
2016-Jan-05 11:57:10	PI_16	1142	2	0	642933	0	
2016-Jan-05 11:57:12	PI_16	1143	2	2	1405754	0	0,1
2016-Jan-05 11:57:14	PI_16	1144	2	0	642933	0	
2016-Jan-05 11:57:16	PI_16	1145	2	1	997955	0	0
2016-Jan-05 11:57:18	PI_16	1146	2	2	1405754	0	0,1
2016-Jan-05 11:57:20	PI_16	1147	2	0	642933	0	
2016-Jan-05 11:57:22	PI_16	1148	2	0	642933	0	
2016-Jan-05 11:57:24	PI_16	1149	2	1	997955	0	0
2016-Jan-05 11:57:26	PI_16	1150	2	2	1405754	0	0,1
2016-Jan-05 11:57:28	PI_16	1151	2	0	642933	0	
2016-Jan-05 11:57:30	PI_16	1152	2	2	1405754	0	0,1
2016-Jan-05 11:57:32	PI_16	1153	2	0	642933	0	
2016-Jan-05 11:57:34	PI_16	1154	2	0	642933	0	
2016-Jan-05 11:57:36	PI_16	1155	2	2	1405754	0	0,1
2016-Jan-05 11:57:38	PI_16	1156	2	0	642933	0	
2016-Jan-05 11:57:40	PI_16	1157	2	0	642933	0	
2016-Jan-05 11:57:42	PI_16	1158	2	0	642933	0	
2016-Jan-05 11:57:44	PI_16	1159	2	0	642933	0	
2016-Jan-05 11:57:46	PI_16	1160	2	0	642933	0	
2016-Jan-05 11:57:48	PI_16	1161	2	0	642933	0	
2016-Jan-05 11:57:50	PI_16	1162	2	0	642933	0	
2016-Jan-05 11:57:52	PI_16	1163	2	0	642933	0	
2016-Jan-05 11:57:54	PI_16	1164	2	0	642933	0	
2016-Jan-05 11:57:56	PI_16	1165	2	0	642933	0	
2016-Jan-05 11:57:58	PI_16	1166	2	0	642933	0	
2016-Jan-05 11:58:00	PI_16	1167	2	0	642933	0	
2016-Jan-05 11:58:02	PI_16	1168	2	0	642933	0	
2016-Jan-05 11:58:04	PI_16	1169	2	0	642933	0	
2016-Jan-05 11:58:06	PI_16	1170	2	0	642933	0	
2016-Jan-05 11:58:08	PI_16	1171	2	0	642933	0	
2016-Jan-05 11:58:10	PI_16	1172	2	0	642933	0	
2016-Jan-05 11:58:12	PI_16	1173	2	0	642933	0	
2016-Jan-05 11:58:14	PI_16	1174	2	0	642933	0	
2016-Jan-05 11:58:16	PI_16	1175	2	0	642933	0	
2016-Jan-05 11:58:18	PI_16	1176	2	0	642933	0	
2016-Jan-05 11:58:20	PI_16	1177	2	0	642933	0	
2016-Jan-05 11:58:22	PI_16	1178	2	0	642933	0	
2016-Jan-05 11:58:24	PI_16	1179	2	0	642933	0	
2016-Jan-05 11:58:26	PI_16	1180	2	0	642933	0	
2016-Jan-05 11:58:28	PI_16	1181	2	0	642933	0	
2016-Jan-05 11:58:30	PI_16	1182	2	0	642933	0	
2016-Jan-05 11:58:32	PI_16	1183	2	0	642933	0	
2016-Jan-05 11:58:34	PI_16	1184	2	0	642933	0	
2016-Jan-05 11:58:36	PI_16	1185	2	0	642933	0	
2016-Jan-05 11:58:38	PI_16	1186	2	0	642933	0	
2016-Jan-05 11:58:40	PI_16	1187	2	0	642933	0	
2016-Jan-05 11:58:42	PI_16	1188	2	0	642933	0	
2016-Jan-05 11:58:44	PI_16	1189	2	0	642933	0	
2016-Jan-05 11:58:46	PI_16	1190	2	0	642933	0	
2016-Jan-05 11:58:48	PI_16	1191	2	0	642933	0	
2016-Jan-05 11:58:50	PI_16	1192	2	0	642933	0	
2016-Jan-05 11:58:52	PI_16	1193	2	0	642933	0	
2016-Jan-05 11:58:54	PI_16	1194	2	0	642933	0	
2016-Jan-05 11:58:56	PI_16	1195	2	0	642933	0	
2016-Jan-05 11:58:58	PI_16	1196	2	2	1405754	0	0,1
2016-Jan-05 11:59:00	PI_16	1197	2	0	642933	0	
2016-Jan-05 11:59:02	PI_16	1198	2	0	642933	0	
2016-Jan-05 11:59:04	PI_16	1199	2	0	642933	0	
2016-Jan-05 11:59:06	PI_16	1200	2	0	642933	0	
2016-Jan-05 11:59:08	PI_16	1201	2	0	642933	0	
2016-Jan-05 11:59:10	PI_16	1202	2	2	1405754	0	0,1
2016-Jan-05 11:59:12	PI_16	1203	2	0	642933	0	
2016-Jan-05 11:59:14	PI_16	1204	2	0	642933	0	
2016-Jan-05 11:59:16	PI_16	1205	2	2	1405754	0	0,1
2016-Jan-05 11:59:18	PI_16	1206	2	2	1405754	0	0,1
2016-Jan-05 11:59:20	PI_16	1207	2	2	1405754	0	0,1
2016-Jan-05 11:59:22	PI_16	1208	2	0	642933	0	
2016-Jan-05 11:59:24	PI_16	1209	2	1	997955	0	0
2016-Jan-05 11:59:26	PI_16	1210	2	2	1405754	0	0,1
2016-Jan-05 11:59:28	PI_16	1211	2	0	642933	0	
2016-Jan-05 11:59:30	PI_16	1212	2	2	1405754	0	0,1
2016-Jan-05 11:59:32	PI_16	1213	2	0	642933	0	
2016-Jan-05 11:59:34	PI_16	1214	2	2	1405754	0	0,1
2016-Jan-05 11:59:36	PI_16	1215	2	0	642933	0	
2016-Jan-05 11:59:38	PI_16	1216	2	0	642933	0	
2016-Jan-05 11:59:40	PI_16	1217	2	2	1405754	0	0,1
2016-Jan-05 11:59:42	PI_16	1218	2	0	642933	0	
2016-Jan-05 11:59:44	PI_16	1219	2	2	1405754	0	0,1
2016-Jan-05 11:59:46	PI_16	1220	2	2	1405754	0	0,1
2016-Jan-05 11:59:48	PI_16	1221	2	0	642933	0	
2016-Jan-05 11:59:50	PI_16	1222	2	0	642933	0	
2016-Jan-05 11:59:52	PI_16	1223	2	2	1405754	0	0,1
2016-Jan-05 11:59:54	PI_16	1224	2	0	642933	0	
2016-Jan-05 11:59:56	PI_16	1225	2	0	642933	0	
2016-Jan-05 11:59:58	PI_16	1226	2	2	1405754	0	0,1
2016-Jan-05 12:00:00	PI_16	1227	2	0	642933	0	
2016-Jan-05 12:00:02	PI_16	1228	2	0	642933	0	
2016-Jan-05 12:00:04	PI_16	1229	2	2	1405754	0	0,1
2016-Jan-05 12:00:06	PI_16	1230	2	0	642933	0	
2016-Jan-05 12:00:08	PI_16	1231	2	2	1405754	0	0,1
2016-Jan-05 12:00:10	PI_16	1232	2	0	642933	0	
2016-Jan-05 12:00:12	PI_16	1233	2	0	642933	0	
2016-Jan-05 12:00:14	PI_16	1234	2	2	1405754	0	0,1
2016-Jan-05 12:00:16	PI_16	1235	2	0	642933	0	
2016-Jan-05 12:00:18	PI_16	1236	2	0	642933	0	
2016-Jan-05 12:00:20	PI_16	1237	2	2	1405754	0	0,1
2016-Jan-05 12:00:22	PI_16	1238	2	0	642933	0	
2016-Jan-05 12:00:24	PI_16	1239	2	0	642933	0	
2016-Jan-05 12:00:26	PI_16	1240	2	2	1405754	0	0,1
2016-Jan-05 12:00:28	PI_16	1241	2	2	1405754	0	0,1
2016-Jan-05 12:00:30	PI_16	1242	2	0	642933	0	
2016-Jan-05 12:00:32	PI_16	1243	2	0	642933	0	
2016-Jan-05 12:00:34	PI_16	1244	2	2	1405754	0	0,1
2016-Jan-05 12:00:36	PI_16	1245	2	0	642933	0	
2016-Jan-05 12:00:38	PI_16	1246	2	0	642933	0	
2016-Jan-05 12:00:40	PI_16	1247	2	0	642933	0	
2016-Jan-05 12:00:42	PI_16	1248	2	2	1405754	0	0,1
2016-Jan-05 12:00:44	PI_16	1249	2	0	642933	0	
2016-Jan-05 12:00:46	PI_16	1250	2	0	642933	0	
2016-Jan-05 12:00:48	PI_16	1251	2	2	1405754	0	0,1
2016-Jan-05 12:00:50	PI_16	1252	2	0	642933	0	
2016-Jan-05 12:00:52	PI_16	1253	2	0	642933	0	
2016-Jan-05 12:00:54	PI_16	1254	2	2	1405754	0	0,1
2016-Jan-05 12:00:56	PI_16	1255	2	0	642933	0	
2016-Jan-05 12:00:58	PI_16	1256	2	2	1405754	0	0,1
2016-Jan-05 12:01:00	PI_16	1257	2	0	642933	0	
2016-Jan-05 12:01:02	PI_16	1258	2	2	1405754	0	0,1
2016-Jan-05 12:01:04	PI_16	1259	2	0	642933	0	
2016-Jan-05 12:01:06	PI_16	1260	2	2	1405754	0	0,1
2016-Jan-05 12:01:08	PI_16	1261	2	0	642933	0	
2016-Jan-05 12:01:10	PI_16	1262	2	0	642933	0	
2016-Jan-05 12:01:12	PI_16	1263	2	0	642933	0	
2016-Jan-05 12:01:14	PI_16	1264	2	0	642933	0	
2016-Jan-05 12:01:16	PI_16	1265	2	0	642933	0	
2016-Jan-05 12:01:18	PI_16	1266	2	0	642933	0	
2016-Jan-05 12:01:20	PI_16	1267	2	0	642933	0	
2016-Jan-05 12:01:22	PI_16	1268	2	0	642933	0	
2016-Jan-05 12:01:24	PI_16	1269	2	0	642933	0	
2016-Jan-05 12:01:26	PI_16	1270	2	0	642933	0	
2016-Jan-05 12:01:28	PI_16	1271	2	0	642933	0	
2016-Jan-05 12:01:30	PI_16	1272	2	0	642933	0	
2016-Jan-05 12:01:32	PI_16	1273	2	0	642933	0	
2016-Jan-05 12:01:34	PI_16	1274	2	0	642933	0	
2016-Jan-05 12:01:36	PI_16	1275	2	0	642933	0	
2016-Jan-05 12:01:38	PI_16	1276	2	0	642933	0	
2016-Jan-05 12:01:40	PI_16	1277	2	0	642933	0	
2016-Jan-05 12:01:42	PI_16	1278	2	0	642933	0	
2016-Jan-05 12:01:44	PI_16	1279	2	0	642933	0	
2016-Jan-05 12:01:46	PI_16	1280	2	0	642933	0	
2016-Jan-05 12:01:48	PI_16	1281	2	0	642933	0	
2016-Jan-05 12:01:50	PI_16	1282	2	1	997955	0	0
2016-Jan-05 12:01:52	PI_16	1283	2	0	642933	0	
2016-Jan-05 12:01:54	PI_16	1284	2	0	642933	0	
2016-Jan-05 12:01:56	PI_16	1285	2	2	1405754	0	0,1
2016-Jan-05 12:01:58	PI_16	1286	2	0	642933	0	
2016-Jan-05 12:02:00	PI_16	1287	2	2	1405754	0	0,1
2016-Jan-05 12:02:02	PI_16	1288	2	2	1405754	0	0,1
2016-Jan-05 12:02:04	PI_16	1289	2	0	642933	0	
2016-Jan-05 12:02:06	PI_16	1290	2	2	1405754	0	0,1
2016-Jan-05 12:02:08	PI_16	1291	2	1	997955	0	0
2016-Jan-05 12:02:10	PI_16	1292	2	2	1405754	0	0,1
2016-Jan-05 12:02:12	PI_16	1293	2	0	642933	0	
2016-Jan-05 12:02:14	PI_16	1294	2	1	997955	0	0
2016-Jan-05 12:02:16	PI_16	1295	2	2	1405754	0	0,1
2016-Jan-05 12:02:18	PI_16	1296	2	1	997955	0	0
2016-Jan-05 12:02:20	PI_16	1297	2	2	1405754	0	0,1
2016-Jan-05 12:02:22	PI_16	1298	2	0	642933	0	
2016-Jan-05 12:02:24	PI_16	1299	2	2	1405754	0	0,1
2016-Jan-05 12:02:26	PI_16	1300	2	0	642933	0	
2016-Jan-05 12:02:28	PI_16	1301	2	0	642933	0	
2016-Jan-05 12:02:30	PI_16	1302	2	0	642933	0	
2016-Jan-05 12:02:32	PI_16	1303	2	0	642933	0	
2016-Jan-05 12:02:34	PI_16	1304	2	0	642933	0	
2016-Jan-05 12:02:36	PI_16	1305	2	1	997955	0	0
2016-Jan-05 12:02:38	PI_16	1306	2	0	642933	0	
2016-Jan-05 12:02:40	PI_16	1307	2	0	642933	0	
2016-Jan-05 12:02:42	PI_16	1308	2	0	642933	0	
2016-Jan-05 12:02:44	PI_16	1309	2	0	642933	0	
2016-Jan-05 12:02:46	PI_16	1310	2	0	642933	0	
2016-Jan-05 12:02:48	PI_16	1311	2	0	642933	0	
2016-Jan-05 12:02:50	PI_16	1312	2	0	642933	0	
2016-Jan-05 12:02:52	PI_16	1313	2	0	642933	0	
2016-Jan-05 12:02:54	PI_16	1314	2	0	642933	0	
2016-Jan-05 12:02:56	PI_16	1315	2	0	642933	0	
2016-Jan-05 12:02:58	PI_16	1316	2	0	642933	0	
2016-Jan-05 12:03:00	PI_16	1317	2	0	642933	0	
2016-Jan-05 12:03:02	PI_16	1318	2	0	642933	0	
2016-Jan-05 12:03:04	PI_16	1319	2	0	642933	0	
2016-Jan-05 12:03:06	PI_16	1320	2	0	642933	0	
2016-Jan-05 12:03:08	PI_16	1321	2	1	997955	0	0
2016-Jan-05 12:03:10	PI_16	1322	2	1	997955	0	0
2016-Jan-05 12:03:12	PI_16	1323	2	2	1405754	0	0,1
2016-Jan-05 12:03:14	PI_16	1324	2	0	642933	0	
2016-Jan-05 12:03:16	PI_16	1325	2	2	1405754	0	0,1
2016-Jan-05 12:03:18	PI_16	1326	2	0	642933	0	
2016-Jan-05 12:03:20	PI_16	1327	2	2	1405754	0	0,1
2016-Jan-05 12:03:22	PI_16	1328	2	2	1405754	0	0,1
2016-Jan-05 12:03:24	PI_16	1329	2	0	642933	0	
2016-Jan-05 12:03:26	PI_16	1330	2	0	642933	0	
2016-Jan-05 12:03:28	PI_16	1331	2	0	642933	0	
2016-Jan-05 12:03:30	PI_16	1332	2	2	1405754	0	0,1
2016-Jan-05 12:03:32	PI_16	1333	2	0	642933	0	
2016-Jan-05 12:03:34	PI_16	1334	2	0	642933	0	
2016-Jan-05 12:03:36	PI_16	1335	2	2	1405754	0	0,1
2016-Jan-05 12:03:38	PI_16	1336	2	0	642933	0	
2016-Jan-05 12:03:40	PI_16	1337	2	2	1405754	0	0,1
2016-Jan-05 12:03:42	PI_16	1338	2	0	642933	0	
2016-Jan-05 12:03:44	PI_16	1339	2	0	642933	0	
2016-Jan-05 12:03:46	PI_16	1340	2	2	1405754	0	0,1
2016-Jan-05 12:03:48	PI_16	1341	2	0	642933	0	
2016-Jan-05 12:03:50	PI_16	1342	2	0	642933	0	
2016-Jan-05 12:03:52	PI_16	1343	2	0	642933	0	
2016-Jan-05 12:03:54	PI_16	1344	2	2	1405754	0	0,1
2016-Jan-05 12:03:56	PI_16	1345	2	0	642933	0	
2016-Jan-05 12:03:58	PI_16	1346	2	2	1405754	0	0,1
2016-Jan-05 12:04:00	PI_16	1347	2	0	642933	0	
2016-Jan-05 12:04:02	PI_16	1348	2	2	1405754	0	0,1
2016-Jan-05 12:04:04	PI_16	1349	2	0	642933	0	
2016-Jan-05 12:04:06	PI_16	1350	2	0	642933	0	
2016-Jan-05 12:04:08	PI_16	1351	2	0	642933	0	
2016-Jan-05 12:04:10	PI_16	1352	2	0	642933	0	
2016-Jan-05 12:04:12	PI_16	1353	2	0	642933	0	
2016-Jan-05 12:04:14	PI_16	1354	2	0	642933	0	
2016-Jan-05 12:04:16	PI_16	1355	2	0	642933	0	
2016-Jan-05 12:04:18	PI_16	1356	2	0	642933	0	
2016-Jan-05 12:04:20	PI_16	1357	2	0	642933	0	
2016-Jan-05 12:04:22	PI_16	1358	2	0	642933	0	
2016-Jan-05 12:04:24	PI_16	1359	2	0	642933	0	
2016-Jan-05 12:04:26	PI_16	1360	2	0	642933	0	
2016-Jan-05 12:04:28	PI_16	1361	2	0	642933	0	
2016-Jan-05 12:04:30	PI_16	1362	2	0	642933	0	
2016-Jan-05 12:04:32	PI_16	1363	2	0	642933	0	
2016-Jan-05 12:04:34	PI_16	1364	2	0	642933	0	
2016-Jan-05 12:04:36	PI_16	1365	2	2	1405754	0	0,1
2016-Jan-05 12:04:38	PI_16	1366	2	0	642933	0	
2016-Jan-05 12:04:40	PI_16	1367	2	0	642933	0	
2016-Jan-05 12:04:42	PI_16	1368	2	0	642933	0	
2016-Jan-05 12:04:44	PI_16	1369	2	0	642933	0	
2016-Jan-05 12:04:46	PI_16	1370	2	0	642933	0	
2016-Jan-05 12:04:48	PI_16	1371	2	0	642933	0	
2016-Jan-05 12:04:50	PI_16	1372	2	0	642933	0	
2016-Jan-05 12:04:52	PI_16	1373	2	2	1405754	0	0,1
2016-Jan-05 12:04:54	PI_16	1374	2	0	642933	0	
2016-Jan-05 12:04:56	PI_16	1375	2	0	642933	0	
2016-Jan-05 12:04:58	PI_16	1376	2	2	1405754	0	0,1
2016-Jan-05 12:05:00	PI_16	1377	2	0	642933	0	
2016-Jan-05 12:05:02	PI_16	1378	2	2	1405754	0	0,1
2016-Jan-05 12:05:04	PI_16	1379	2	0	642933	0	
2016-Jan-05 12:05:06	PI_16	1380	2	1	997955	0	0
2016-Jan-05 12:05:08	PI_16	1381	2	2	1405754	0	0,1
2016-Jan-05 12:05:10	PI_16	1382	2	1	997955	0	0
2016-Jan-05 12:05:12	PI_16	1383	2	1	997955	0	0
2016-Jan-05 12:05:14	PI_16	1384	2	1	997955	0	0
2016-Jan-05 12:05:16	PI_16	1385	2	1	997955	0	0
2016-Jan-05 12:05:18	PI_16	1386	2	2	1405754	0	0,1
2016-Jan-05 12:05:20	PI_16	1387	2	1	997955	0	0
2016-Jan-05 12:05:22	PI_16	1388	2	2	1405754	0	0,1
2016-Jan-05 12:05:24	PI_16	1389	2	1	997955	0	0
2016-Jan-05 12:05:26	PI_16	1390	2	1	997955	0	0
2016-Jan-05 12:05:28	PI_16	1391	2	1	997955	0	0
2016-Jan-05 12:05:30	PI_16	1392	2	1	997955	0	0
2016-Jan-05 12:05:32	PI_16	1393	2	0	642933	0	
2016-Jan-05 12:05:34	PI_16	1394	2	1	997955	0	0
2016-Jan-05 12:05:36	PI_16	1395	2	1	997955	0	0
2016-Jan-05 12:05:38	PI_16	1396	2	0	642933	0	
2016-Jan-05 12:05:40	PI_16	1397	2	1	997955	0	0
2016-Jan-05 12:05:42	PI_16	1398	2	0	642933	0	
2016-Jan-05 12:05:44	PI_16	1399	2	1	997955	0	0
2016-Jan-05 12:05:46	PI_16	1400	2	1	997955	0	0
2016-Jan-05 12:05:48	PI_16	1401	2	1	997955	0	0
2016-Jan-05 12:05:50	PI_16	1402	2	1	997955	0	0
2016-Jan-05 12:05:52	PI_16	1403	2	2	1405754	0	0,1
2016-Jan-05 12:05:54	PI_16	1404	2	1	997955	0	0
2016-Jan-05 12:05:56	PI_16	1405	2	1	997955	0	0
2016-Jan-05 12:05:58	PI_16	1406	2	1	997955	0	0
2016-Jan-05 12:06:00	PI_16	1407	2	1	997955	0	0
2016-Jan-05 12:06:02	PI_16	1408	2	1	997955	0	0
2016-Jan-05 12:06:04	PI_16	1409	2	0	642933	0	
2016-Jan-05 12:06:06	PI_16	1410	2	0	642933	0	
2016-Jan-05 12:06:08	PI_16	1411	2	0	642933	0	
2016-Jan-05 12:06:10	PI_16	1412	2	0	642933	0	
2016-Jan-05 12:06:12	PI_16	1413	2	0	642933	0	
2016-Jan-05 12:06:14	PI_16	1414	2	2	1405754	0	0,1
2016-Jan-05 12:06:16	PI_16	1415	2	0	642933	0	
2016-Jan-05 12:06:18	PI_16	1416	2	0	642933	0	
2016-Jan-05 12:06:20	PI_16	1417	2	0	642933	0	
2016-Jan-05 12:06:22	PI_16	1418	2	0	642933	0	
2016-Jan-05 12:06:24	PI_16	1419	2	0	642933	0	
2016-Jan-05 12:06:26	PI_16	1420	2	0	642933	0	
2016-Jan-05 12:06:28	PI_16	1421	2	0	642933	0	
2016-Jan-05 12:06:30	PI_16	1422	2	0	642933	0	
2016-Jan-05 12:06:32	PI_16	1423	2	0	642933	0	
2016-Jan-05 12:06:34	PI_16	1424	2	0	642933	0	
2016-Jan-05 12:06:36	PI_16	1425	2	0	642933	0	
2016-Jan-05 12:06:38	PI_16	1426	2	0	642933	0	
2016-Jan-05 12:06:40	PI_16	1427	2	0	642933	0	
2016-Jan-05 12:06:42	PI_16	1428	2	0	642933	0	
2016-Jan-05 12:06:44	PI_16	1429	2	0	642933	0	
2016-Jan-05 12:06:46	PI_16	1430	2	1	997955	0	0
2016-Jan-05 12:06:48	PI_16	1431	2	0	642933	0	
2016-Jan-05 12:06:50	PI_16	1432	2	0	642933	0	
2016-Jan-05 12:06:52	PI_16	1433	2	1	997955	0	0
2016-Jan-05 12:06:54	PI_16	1434	2	0	642933	0	
