Time	Node	SegmentNumber	SegmentDuration(sec)	SegmentRepID	SegmentBitrate(bit/s)	StallingTime(msec)	SegmentDepIds
2016-Jan-05 11:19:04	PI_11	0	2	0	642933	1000	
2016-Jan-05 11:19:06	PI_11	1	2	0	642933	0	
2016-Jan-05 11:19:08	PI_11	2	2	0	642933	0	
2016-Jan-05 11:19:10	PI_11	3	2	0	642933	0	
2016-Jan-05 11:19:12	PI_11	4	2	0	642933	0	
2016-Jan-05 11:19:14	PI_11	5	2	0	642933	0	
2016-Jan-05 11:19:16	PI_11	6	2	0	642933	0	
2016-Jan-05 11:19:18	PI_11	7	2	0	642933	0	
2016-Jan-05 11:19:20	PI_11	8	2	0	642933	0	
2016-Jan-05 11:19:22	PI_11	9	2	0	642933	0	
2016-Jan-05 11:19:24	PI_11	10	2	0	642933	0	
2016-Jan-05 11:19:26	PI_11	11	2	0	642933	0	
2016-Jan-05 11:19:28	PI_11	12	2	0	642933	0	
2016-Jan-05 11:19:30	PI_11	13	2	0	642933	0	
2016-Jan-05 11:19:32	PI_11	14	2	0	642933	0	
2016-Jan-05 11:19:34	PI_11	15	2	0	642933	0	
2016-Jan-05 11:19:36	PI_11	16	2	0	642933	0	
2016-Jan-05 11:19:38	PI_11	17	2	0	642933	0	
2016-Jan-05 11:19:40	PI_11	18	2	2	1405754	0	0,1
2016-Jan-05 11:19:42	PI_11	19	2	0	642933	0	
2016-Jan-05 11:19:44	PI_11	20	2	2	1405754	0	0,1
2016-Jan-05 11:19:46	PI_11	21	2	0	642933	0	
2016-Jan-05 11:19:48	PI_11	22	2	2	1405754	0	0,1
2016-Jan-05 11:19:50	PI_11	23	2	0	642933	0	
2016-Jan-05 11:19:52	PI_11	24	2	0	642933	0	
2016-Jan-05 11:19:54	PI_11	25	2	0	642933	0	
2016-Jan-05 11:19:56	PI_11	26	2	2	1405754	0	0,1
2016-Jan-05 11:19:58	PI_11	27	2	0	642933	0	
2016-Jan-05 11:20:00	PI_11	28	2	0	642933	0	
2016-Jan-05 11:20:02	PI_11	29	2	2	1405754	0	0,1
2016-Jan-05 11:20:04	PI_11	30	2	1	997955	0	0
2016-Jan-05 11:20:06	PI_11	31	2	2	1405754	0	0,1
2016-Jan-05 11:20:08	PI_11	32	2	0	642933	0	
2016-Jan-05 11:20:10	PI_11	33	2	2	1405754	0	0,1
2016-Jan-05 11:20:12	PI_11	34	2	0	642933	0	
2016-Jan-05 11:20:14	PI_11	35	2	0	642933	0	
2016-Jan-05 11:20:16	PI_11	36	2	2	1405754	0	0,1
2016-Jan-05 11:20:18	PI_11	37	2	1	997955	0	0
2016-Jan-05 11:20:20	PI_11	38	2	0	642933	0	
2016-Jan-05 11:20:22	PI_11	39	2	0	642933	0	
2016-Jan-05 11:20:24	PI_11	40	2	0	642933	0	
2016-Jan-05 11:20:26	PI_11	41	2	0	642933	0	
2016-Jan-05 11:20:28	PI_11	42	2	2	1405754	0	0,1
2016-Jan-05 11:20:30	PI_11	43	2	1	997955	0	0
2016-Jan-05 11:20:32	PI_11	44	2	2	1405754	0	0,1
2016-Jan-05 11:20:34	PI_11	45	2	0	642933	0	
2016-Jan-05 11:20:36	PI_11	46	2	1	997955	0	0
2016-Jan-05 11:20:38	PI_11	47	2	1	997955	0	0
2016-Jan-05 11:20:40	PI_11	48	2	2	1405754	0	0,1
2016-Jan-05 11:20:42	PI_11	49	2	2	1405754	0	0,1
2016-Jan-05 11:20:44	PI_11	50	2	0	642933	0	
2016-Jan-05 11:20:46	PI_11	51	2	0	642933	0	
2016-Jan-05 11:20:48	PI_11	52	2	2	1405754	0	0,1
2016-Jan-05 11:20:50	PI_11	53	2	0	642933	0	
2016-Jan-05 11:20:52	PI_11	54	2	2	1405754	0	0,1
2016-Jan-05 11:20:54	PI_11	55	2	0	642933	0	
2016-Jan-05 11:20:56	PI_11	56	2	2	1405754	0	0,1
2016-Jan-05 11:20:58	PI_11	57	2	0	642933	0	
2016-Jan-05 11:21:00	PI_11	58	2	0	642933	0	
2016-Jan-05 11:21:02	PI_11	59	2	0	642933	0	
2016-Jan-05 11:21:04	PI_11	60	2	0	642933	0	
2016-Jan-05 11:21:06	PI_11	61	2	0	642933	0	
2016-Jan-05 11:21:08	PI_11	62	2	2	1405754	0	0,1
2016-Jan-05 11:21:10	PI_11	63	2	0	642933	0	
2016-Jan-05 11:21:12	PI_11	64	2	2	1405754	0	0,1
2016-Jan-05 11:21:14	PI_11	65	2	0	642933	0	
2016-Jan-05 11:21:16	PI_11	66	2	2	1405754	0	0,1
2016-Jan-05 11:21:18	PI_11	67	2	0	642933	0	
2016-Jan-05 11:21:20	PI_11	68	2	0	642933	0	
2016-Jan-05 11:21:22	PI_11	69	2	2	1405754	0	0,1
2016-Jan-05 11:21:24	PI_11	70	2	0	642933	0	
2016-Jan-05 11:21:26	PI_11	71	2	0	642933	0	
2016-Jan-05 11:21:28	PI_11	72	2	0	642933	0	
2016-Jan-05 11:21:30	PI_11	73	2	2	1405754	0	0,1
2016-Jan-05 11:21:32	PI_11	74	2	0	642933	0	
2016-Jan-05 11:21:34	PI_11	75	2	2	1405754	0	0,1
2016-Jan-05 11:21:36	PI_11	76	2	0	642933	0	
2016-Jan-05 11:21:38	PI_11	77	2	0	642933	0	
2016-Jan-05 11:21:40	PI_11	78	2	2	1405754	0	0,1
2016-Jan-05 11:21:42	PI_11	79	2	2	1405754	0	0,1
2016-Jan-05 11:21:44	PI_11	80	2	0	642933	0	
2016-Jan-05 11:21:46	PI_11	81	2	2	1405754	0	0,1
2016-Jan-05 11:21:48	PI_11	82	2	0	642933	0	
2016-Jan-05 11:21:50	PI_11	83	2	0	642933	0	
2016-Jan-05 11:21:52	PI_11	84	2	0	642933	0	
2016-Jan-05 11:21:54	PI_11	85	2	2	1405754	0	0,1
2016-Jan-05 11:21:56	PI_11	86	2	1	997955	0	0
2016-Jan-05 11:21:58	PI_11	87	2	1	997955	0	0
2016-Jan-05 11:22:00	PI_11	88	2	2	1405754	0	0,1
2016-Jan-05 11:22:02	PI_11	89	2	0	642933	0	
2016-Jan-05 11:22:04	PI_11	90	2	0	642933	0	
2016-Jan-05 11:22:06	PI_11	91	2	0	642933	0	
2016-Jan-05 11:22:08	PI_11	92	2	0	642933	0	
2016-Jan-05 11:22:10	PI_11	93	2	0	642933	0	
2016-Jan-05 11:22:12	PI_11	94	2	0	642933	0	
2016-Jan-05 11:22:14	PI_11	95	2	2	1405754	0	0,1
2016-Jan-05 11:22:16	PI_11	96	2	1	997955	0	0
2016-Jan-05 11:22:18	PI_11	97	2	0	642933	0	
2016-Jan-05 11:22:20	PI_11	98	2	0	642933	0	
2016-Jan-05 11:22:22	PI_11	99	2	2	1405754	0	0,1
2016-Jan-05 11:22:24	PI_11	100	2	2	1405754	0	0,1
2016-Jan-05 11:22:26	PI_11	101	2	0	642933	0	
2016-Jan-05 11:22:28	PI_11	102	2	2	1405754	0	0,1
2016-Jan-05 11:22:30	PI_11	103	2	0	642933	0	
2016-Jan-05 11:22:32	PI_11	104	2	2	1405754	0	0,1
2016-Jan-05 11:22:34	PI_11	105	2	0	642933	0	
2016-Jan-05 11:22:36	PI_11	106	2	0	642933	0	
2016-Jan-05 11:22:38	PI_11	107	2	0	642933	0	
2016-Jan-05 11:22:40	PI_11	108	2	0	642933	0	
2016-Jan-05 11:22:42	PI_11	109	2	0	642933	0	
2016-Jan-05 11:22:44	PI_11	110	2	2	1405754	0	0,1
2016-Jan-05 11:22:46	PI_11	111	2	0	642933	0	
2016-Jan-05 11:22:48	PI_11	112	2	2	1405754	0	0,1
2016-Jan-05 11:22:50	PI_11	113	2	0	642933	0	
2016-Jan-05 11:22:52	PI_11	114	2	2	1405754	0	0,1
2016-Jan-05 11:22:54	PI_11	115	2	0	642933	0	
2016-Jan-05 11:22:56	PI_11	116	2	2	1405754	0	0,1
2016-Jan-05 11:22:58	PI_11	117	2	0	642933	0	
2016-Jan-05 11:23:00	PI_11	118	2	0	642933	0	
2016-Jan-05 11:23:02	PI_11	119	2	1	997955	0	0
2016-Jan-05 11:23:04	PI_11	120	2	2	1405754	0	0,1
2016-Jan-05 11:23:06	PI_11	121	2	0	642933	0	
2016-Jan-05 11:23:08	PI_11	122	2	0	642933	0	
2016-Jan-05 11:23:10	PI_11	123	2	0	642933	0	
2016-Jan-05 11:23:12	PI_11	124	2	0	642933	0	
2016-Jan-05 11:23:14	PI_11	125	2	0	642933	0	
2016-Jan-05 11:23:16	PI_11	126	2	0	642933	0	
2016-Jan-05 11:23:18	PI_11	127	2	2	1405754	0	0,1
2016-Jan-05 11:23:20	PI_11	128	2	0	642933	0	
2016-Jan-05 11:23:22	PI_11	129	2	2	1405754	0	0,1
2016-Jan-05 11:23:24	PI_11	130	2	0	642933	0	
2016-Jan-05 11:23:26	PI_11	131	2	0	642933	0	
2016-Jan-05 11:23:28	PI_11	132	2	2	1405754	0	0,1
2016-Jan-05 11:23:30	PI_11	133	2	0	642933	0	
2016-Jan-05 11:23:32	PI_11	134	2	2	1405754	0	0,1
2016-Jan-05 11:23:34	PI_11	135	2	0	642933	0	
2016-Jan-05 11:23:36	PI_11	136	2	0	642933	0	
2016-Jan-05 11:23:38	PI_11	137	2	0	642933	0	
2016-Jan-05 11:23:40	PI_11	138	2	0	642933	0	
2016-Jan-05 11:23:42	PI_11	139	2	2	1405754	0	0,1
2016-Jan-05 11:23:44	PI_11	140	2	0	642933	0	
2016-Jan-05 11:23:46	PI_11	141	2	0	642933	0	
2016-Jan-05 11:23:48	PI_11	142	2	2	1405754	0	0,1
2016-Jan-05 11:23:50	PI_11	143	2	0	642933	0	
2016-Jan-05 11:23:52	PI_11	144	2	2	1405754	0	0,1
2016-Jan-05 11:23:54	PI_11	145	2	2	1405754	0	0,1
2016-Jan-05 11:23:56	PI_11	146	2	0	642933	0	
2016-Jan-05 11:23:58	PI_11	147	2	2	1405754	0	0,1
2016-Jan-05 11:24:00	PI_11	148	2	0	642933	0	
2016-Jan-05 11:24:02	PI_11	149	2	0	642933	0	
2016-Jan-05 11:24:04	PI_11	150	2	2	1405754	0	0,1
2016-Jan-05 11:24:06	PI_11	151	2	0	642933	0	
2016-Jan-05 11:24:08	PI_11	152	2	0	642933	0	
2016-Jan-05 11:24:10	PI_11	153	2	0	642933	0	
2016-Jan-05 11:24:12	PI_11	154	2	0	642933	0	
2016-Jan-05 11:24:14	PI_11	155	2	2	1405754	0	0,1
2016-Jan-05 11:24:16	PI_11	156	2	0	642933	0	
2016-Jan-05 11:24:18	PI_11	157	2	0	642933	0	
2016-Jan-05 11:24:20	PI_11	158	2	2	1405754	0	0,1
2016-Jan-05 11:24:22	PI_11	159	2	0	642933	0	
2016-Jan-05 11:24:24	PI_11	160	2	0	642933	0	
2016-Jan-05 11:24:26	PI_11	161	2	0	642933	0	
2016-Jan-05 11:24:28	PI_11	162	2	0	642933	0	
2016-Jan-05 11:24:30	PI_11	163	2	2	1405754	0	0,1
2016-Jan-05 11:24:32	PI_11	164	2	0	642933	0	
2016-Jan-05 11:24:34	PI_11	165	2	0	642933	0	
2016-Jan-05 11:24:36	PI_11	166	2	0	642933	0	
2016-Jan-05 11:24:38	PI_11	167	2	2	1405754	0	0,1
2016-Jan-05 11:24:40	PI_11	168	2	0	642933	0	
2016-Jan-05 11:24:42	PI_11	169	2	2	1405754	0	0,1
2016-Jan-05 11:24:44	PI_11	170	2	0	642933	0	
2016-Jan-05 11:24:46	PI_11	171	2	1	997955	0	0
2016-Jan-05 11:24:48	PI_11	172	2	2	1405754	0	0,1
2016-Jan-05 11:24:50	PI_11	173	2	0	642933	0	
2016-Jan-05 11:24:52	PI_11	174	2	0	642933	0	
2016-Jan-05 11:24:54	PI_11	175	2	0	642933	0	
2016-Jan-05 11:24:56	PI_11	176	2	0	642933	0	
2016-Jan-05 11:24:58	PI_11	177	2	0	642933	0	
2016-Jan-05 11:25:00	PI_11	178	2	0	642933	0	
2016-Jan-05 11:25:02	PI_11	179	2	0	642933	0	
2016-Jan-05 11:25:04	PI_11	180	2	0	642933	0	
2016-Jan-05 11:25:06	PI_11	181	2	0	642933	0	
2016-Jan-05 11:25:08	PI_11	182	2	0	642933	0	
2016-Jan-05 11:25:10	PI_11	183	2	2	1405754	0	0,1
2016-Jan-05 11:25:12	PI_11	184	2	0	642933	0	
2016-Jan-05 11:25:14	PI_11	185	2	0	642933	0	
2016-Jan-05 11:25:16	PI_11	186	2	2	1405754	0	0,1
2016-Jan-05 11:25:18	PI_11	187	2	0	642933	0	
2016-Jan-05 11:25:20	PI_11	188	2	2	1405754	0	0,1
2016-Jan-05 11:25:22	PI_11	189	2	0	642933	0	
2016-Jan-05 11:25:24	PI_11	190	2	2	1405754	0	0,1
2016-Jan-05 11:25:26	PI_11	191	2	0	642933	0	
2016-Jan-05 11:25:28	PI_11	192	2	2	1405754	0	0,1
2016-Jan-05 11:25:30	PI_11	193	2	2	1405754	0	0,1
2016-Jan-05 11:25:32	PI_11	194	2	2	1405754	0	0,1
2016-Jan-05 11:25:34	PI_11	195	2	0	642933	0	
2016-Jan-05 11:25:36	PI_11	196	2	0	642933	0	
2016-Jan-05 11:25:38	PI_11	197	2	2	1405754	0	0,1
2016-Jan-05 11:25:40	PI_11	198	2	0	642933	0	
2016-Jan-05 11:25:42	PI_11	199	2	2	1405754	0	0,1
2016-Jan-05 11:25:44	PI_11	200	2	0	642933	0	
2016-Jan-05 11:25:46	PI_11	201	2	2	1405754	0	0,1
2016-Jan-05 11:25:48	PI_11	202	2	0	642933	0	
2016-Jan-05 11:25:50	PI_11	203	2	2	1405754	0	0,1
2016-Jan-05 11:25:52	PI_11	204	2	0	642933	0	
2016-Jan-05 11:25:54	PI_11	205	2	2	1405754	0	0,1
2016-Jan-05 11:25:56	PI_11	206	2	0	642933	0	
2016-Jan-05 11:25:58	PI_11	207	2	0	642933	0	
2016-Jan-05 11:26:00	PI_11	208	2	2	1405754	0	0,1
2016-Jan-05 11:26:02	PI_11	209	2	0	642933	0	
2016-Jan-05 11:26:04	PI_11	210	2	0	642933	0	
2016-Jan-05 11:26:06	PI_11	211	2	0	642933	0	
2016-Jan-05 11:26:08	PI_11	212	2	0	642933	0	
2016-Jan-05 11:26:10	PI_11	213	2	0	642933	0	
2016-Jan-05 11:26:12	PI_11	214	2	0	642933	0	
2016-Jan-05 11:26:14	PI_11	215	2	2	1405754	0	0,1
2016-Jan-05 11:26:16	PI_11	216	2	0	642933	0	
2016-Jan-05 11:26:18	PI_11	217	2	0	642933	0	
2016-Jan-05 11:26:20	PI_11	218	2	0	642933	0	
2016-Jan-05 11:26:22	PI_11	219	2	0	642933	0	
2016-Jan-05 11:26:24	PI_11	220	2	0	642933	0	
2016-Jan-05 11:26:26	PI_11	221	2	2	1405754	0	0,1
2016-Jan-05 11:26:28	PI_11	222	2	0	642933	0	
2016-Jan-05 11:26:30	PI_11	223	2	0	642933	0	
2016-Jan-05 11:26:32	PI_11	224	2	2	1405754	0	0,1
2016-Jan-05 11:26:34	PI_11	225	2	0	642933	0	
2016-Jan-05 11:26:36	PI_11	226	2	2	1405754	0	0,1
2016-Jan-05 11:26:38	PI_11	227	2	2	1405754	0	0,1
2016-Jan-05 11:26:40	PI_11	228	2	0	642933	0	
2016-Jan-05 11:26:42	PI_11	229	2	1	997955	0	0
2016-Jan-05 11:26:44	PI_11	230	2	2	1405754	0	0,1
2016-Jan-05 11:26:46	PI_11	231	2	1	997955	0	0
2016-Jan-05 11:26:48	PI_11	232	2	2	1405754	0	0,1
2016-Jan-05 11:26:50	PI_11	233	2	2	1405754	0	0,1
2016-Jan-05 11:26:52	PI_11	234	2	0	642933	0	
2016-Jan-05 11:26:54	PI_11	235	2	2	1405754	0	0,1
2016-Jan-05 11:26:56	PI_11	236	2	0	642933	0	
2016-Jan-05 11:26:58	PI_11	237	2	2	1405754	0	0,1
2016-Jan-05 11:27:00	PI_11	238	2	1	997955	0	0
2016-Jan-05 11:27:02	PI_11	239	2	1	997955	0	0
2016-Jan-05 11:27:04	PI_11	240	2	1	997955	0	0
2016-Jan-05 11:27:06	PI_11	241	2	1	997955	0	0
2016-Jan-05 11:27:08	PI_11	242	2	1	997955	0	0
2016-Jan-05 11:27:10	PI_11	243	2	1	997955	0	0
2016-Jan-05 11:27:12	PI_11	244	2	2	1405754	0	0,1
2016-Jan-05 11:27:14	PI_11	245	2	1	997955	0	0
2016-Jan-05 11:27:16	PI_11	246	2	1	997955	0	0
2016-Jan-05 11:27:18	PI_11	247	2	1	997955	0	0
2016-Jan-05 11:27:20	PI_11	248	2	1	997955	0	0
2016-Jan-05 11:27:22	PI_11	249	2	2	1405754	0	0,1
2016-Jan-05 11:27:24	PI_11	250	2	2	1405754	0	0,1
2016-Jan-05 11:27:26	PI_11	251	2	2	1405754	0	0,1
2016-Jan-05 11:27:28	PI_11	252	2	0	642933	0	
2016-Jan-05 11:27:30	PI_11	253	2	0	642933	0	
2016-Jan-05 11:27:32	PI_11	254	2	0	642933	0	
2016-Jan-05 11:27:34	PI_11	255	2	0	642933	0	
2016-Jan-05 11:27:36	PI_11	256	2	2	1405754	0	0,1
2016-Jan-05 11:27:38	PI_11	257	2	0	642933	0	
2016-Jan-05 11:27:40	PI_11	258	2	0	642933	0	
2016-Jan-05 11:27:42	PI_11	259	2	0	642933	0	
2016-Jan-05 11:27:44	PI_11	260	2	0	642933	0	
2016-Jan-05 11:27:46	PI_11	261	2	2	1405754	0	0,1
2016-Jan-05 11:27:48	PI_11	262	2	0	642933	0	
2016-Jan-05 11:27:50	PI_11	263	2	0	642933	0	
2016-Jan-05 11:27:52	PI_11	264	2	0	642933	0	
2016-Jan-05 11:27:54	PI_11	265	2	2	1405754	0	0,1
2016-Jan-05 11:27:56	PI_11	266	2	0	642933	0	
2016-Jan-05 11:27:58	PI_11	267	2	0	642933	0	
2016-Jan-05 11:28:00	PI_11	268	2	0	642933	0	
2016-Jan-05 11:28:02	PI_11	269	2	0	642933	0	
2016-Jan-05 11:28:04	PI_11	270	2	0	642933	0	
2016-Jan-05 11:28:06	PI_11	271	2	0	642933	0	
2016-Jan-05 11:28:08	PI_11	272	2	0	642933	0	
2016-Jan-05 11:28:10	PI_11	273	2	0	642933	0	
2016-Jan-05 11:28:12	PI_11	274	2	0	642933	0	
2016-Jan-05 11:28:14	PI_11	275	2	0	642933	0	
2016-Jan-05 11:28:16	PI_11	276	2	0	642933	0	
2016-Jan-05 11:28:18	PI_11	277	2	0	642933	0	
2016-Jan-05 11:28:20	PI_11	278	2	0	642933	0	
2016-Jan-05 11:28:22	PI_11	279	2	0	642933	0	
2016-Jan-05 11:28:24	PI_11	280	2	0	642933	0	
2016-Jan-05 11:28:26	PI_11	281	2	2	1405754	0	0,1
2016-Jan-05 11:28:28	PI_11	282	2	0	642933	0	
2016-Jan-05 11:28:30	PI_11	283	2	2	1405754	0	0,1
2016-Jan-05 11:28:32	PI_11	284	2	2	1405754	0	0,1
2016-Jan-05 11:28:34	PI_11	285	2	2	1405754	0	0,1
2016-Jan-05 11:28:36	PI_11	286	2	0	642933	0	
2016-Jan-05 11:28:38	PI_11	287	2	2	1405754	0	0,1
2016-Jan-05 11:28:40	PI_11	288	2	1	997955	0	0
2016-Jan-05 11:28:42	PI_11	289	2	1	997955	0	0
2016-Jan-05 11:28:44	PI_11	290	2	1	997955	0	0
2016-Jan-05 11:28:46	PI_11	291	2	1	997955	0	0
2016-Jan-05 11:28:48	PI_11	292	2	1	997955	0	0
2016-Jan-05 11:28:50	PI_11	293	2	1	997955	0	0
2016-Jan-05 11:28:52	PI_11	294	2	1	997955	0	0
2016-Jan-05 11:28:54	PI_11	295	2	2	1405754	0	0,1
2016-Jan-05 11:28:56	PI_11	296	2	1	997955	0	0
2016-Jan-05 11:28:58	PI_11	297	2	2	1405754	0	0,1
2016-Jan-05 11:29:00	PI_11	298	2	0	642933	0	
2016-Jan-05 11:29:02	PI_11	299	2	2	1405754	0	0,1
2016-Jan-05 11:29:04	PI_11	300	2	0	642933	0	
2016-Jan-05 11:29:06	PI_11	301	2	0	642933	0	
2016-Jan-05 11:29:08	PI_11	302	2	0	642933	0	
2016-Jan-05 11:29:10	PI_11	303	2	1	997955	0	0
2016-Jan-05 11:29:12	PI_11	304	2	1	997955	0	0
2016-Jan-05 11:29:14	PI_11	305	2	1	997955	0	0
2016-Jan-05 11:29:16	PI_11	306	2	2	1405754	0	0,1
2016-Jan-05 11:29:18	PI_11	307	2	2	1405754	0	0,1
2016-Jan-05 11:29:20	PI_11	308	2	0	642933	0	
2016-Jan-05 11:29:22	PI_11	309	2	1	997955	0	0
2016-Jan-05 11:29:24	PI_11	310	2	1	997955	0	0
2016-Jan-05 11:29:26	PI_11	311	2	1	997955	0	0
2016-Jan-05 11:29:28	PI_11	312	2	1	997955	0	0
2016-Jan-05 11:29:30	PI_11	313	2	2	1405754	0	0,1
2016-Jan-05 11:29:32	PI_11	314	2	2	1405754	0	0,1
2016-Jan-05 11:29:34	PI_11	315	2	0	642933	0	
2016-Jan-05 11:29:36	PI_11	316	2	2	1405754	0	0,1
2016-Jan-05 11:29:38	PI_11	317	2	0	642933	0	
2016-Jan-05 11:29:40	PI_11	318	2	1	997955	0	0
2016-Jan-05 11:29:42	PI_11	319	2	0	642933	0	
2016-Jan-05 11:29:44	PI_11	320	2	0	642933	0	
2016-Jan-05 11:29:46	PI_11	321	2	2	1405754	0	0,1
2016-Jan-05 11:29:48	PI_11	322	2	0	642933	0	
2016-Jan-05 11:29:50	PI_11	323	2	0	642933	0	
2016-Jan-05 11:29:52	PI_11	324	2	0	642933	0	
2016-Jan-05 11:29:54	PI_11	325	2	0	642933	0	
2016-Jan-05 11:29:56	PI_11	326	2	2	1405754	0	0,1
2016-Jan-05 11:29:58	PI_11	327	2	0	642933	0	
2016-Jan-05 11:30:00	PI_11	328	2	0	642933	0	
2016-Jan-05 11:30:02	PI_11	329	2	2	1405754	0	0,1
2016-Jan-05 11:30:04	PI_11	330	2	2	1405754	0	0,1
2016-Jan-05 11:30:06	PI_11	331	2	1	997955	0	0
2016-Jan-05 11:30:08	PI_11	332	2	1	997955	0	0
2016-Jan-05 11:30:10	PI_11	333	2	0	642933	0	
2016-Jan-05 11:30:12	PI_11	334	2	1	997955	0	0
2016-Jan-05 11:30:14	PI_11	335	2	1	997955	0	0
2016-Jan-05 11:30:16	PI_11	336	2	1	997955	0	0
2016-Jan-05 11:30:18	PI_11	337	2	2	1405754	0	0,1
2016-Jan-05 11:30:20	PI_11	338	2	0	642933	0	
2016-Jan-05 11:30:22	PI_11	339	2	2	1405754	0	0,1
2016-Jan-05 11:30:24	PI_11	340	2	2	1405754	0	0,1
2016-Jan-05 11:30:26	PI_11	341	2	0	642933	0	
2016-Jan-05 11:30:28	PI_11	342	2	0	642933	0	
2016-Jan-05 11:30:30	PI_11	343	2	2	1405754	0	0,1
2016-Jan-05 11:30:32	PI_11	344	2	0	642933	0	
2016-Jan-05 11:30:34	PI_11	345	2	0	642933	0	
2016-Jan-05 11:30:36	PI_11	346	2	2	1405754	0	0,1
2016-Jan-05 11:30:38	PI_11	347	2	0	642933	0	
2016-Jan-05 11:30:40	PI_11	348	2	1	997955	0	0
2016-Jan-05 11:30:42	PI_11	349	2	1	997955	0	0
2016-Jan-05 11:30:44	PI_11	350	2	2	1405754	0	0,1
2016-Jan-05 11:30:46	PI_11	351	2	0	642933	0	
2016-Jan-05 11:30:48	PI_11	352	2	2	1405754	0	0,1
2016-Jan-05 11:30:50	PI_11	353	2	0	642933	0	
2016-Jan-05 11:30:52	PI_11	354	2	0	642933	0	
2016-Jan-05 11:30:54	PI_11	355	2	0	642933	0	
2016-Jan-05 11:30:56	PI_11	356	2	2	1405754	0	0,1
2016-Jan-05 11:30:58	PI_11	357	2	0	642933	0	
2016-Jan-05 11:31:00	PI_11	358	2	0	642933	0	
2016-Jan-05 11:31:02	PI_11	359	2	2	1405754	0	0,1
2016-Jan-05 11:31:04	PI_11	360	2	0	642933	0	
2016-Jan-05 11:31:06	PI_11	361	2	0	642933	0	
2016-Jan-05 11:31:08	PI_11	362	2	2	1405754	0	0,1
2016-Jan-05 11:31:10	PI_11	363	2	0	642933	0	
2016-Jan-05 11:31:12	PI_11	364	2	0	642933	0	
2016-Jan-05 11:31:14	PI_11	365	2	2	1405754	0	0,1
2016-Jan-05 11:31:16	PI_11	366	2	2	1405754	0	0,1
2016-Jan-05 11:31:18	PI_11	367	2	2	1405754	0	0,1
2016-Jan-05 11:31:20	PI_11	368	2	0	642933	0	
2016-Jan-05 11:31:22	PI_11	369	2	2	1405754	0	0,1
2016-Jan-05 11:31:24	PI_11	370	2	2	1405754	0	0,1
2016-Jan-05 11:31:26	PI_11	371	2	0	642933	0	
2016-Jan-05 11:31:28	PI_11	372	2	2	1405754	0	0,1
2016-Jan-05 11:31:30	PI_11	373	2	0	642933	0	
2016-Jan-05 11:31:32	PI_11	374	2	2	1405754	0	0,1
2016-Jan-05 11:31:34	PI_11	375	2	0	642933	0	
2016-Jan-05 11:31:36	PI_11	376	2	1	997955	0	0
2016-Jan-05 11:31:38	PI_11	377	2	0	642933	0	
2016-Jan-05 11:31:40	PI_11	378	2	2	1405754	0	0,1
2016-Jan-05 11:31:42	PI_11	379	2	0	642933	0	
2016-Jan-05 11:31:44	PI_11	380	2	0	642933	0	
2016-Jan-05 11:31:46	PI_11	381	2	0	642933	0	
2016-Jan-05 11:31:48	PI_11	382	2	0	642933	0	
2016-Jan-05 11:31:50	PI_11	383	2	2	1405754	0	0,1
2016-Jan-05 11:31:52	PI_11	384	2	0	642933	0	
2016-Jan-05 11:31:54	PI_11	385	2	0	642933	0	
2016-Jan-05 11:31:56	PI_11	386	2	0	642933	0	
2016-Jan-05 11:31:58	PI_11	387	2	2	1405754	0	0,1
2016-Jan-05 11:32:00	PI_11	388	2	0	642933	0	
2016-Jan-05 11:32:02	PI_11	389	2	2	1405754	0	0,1
2016-Jan-05 11:32:04	PI_11	390	2	0	642933	0	
2016-Jan-05 11:32:06	PI_11	391	2	0	642933	0	
2016-Jan-05 11:32:08	PI_11	392	2	0	642933	0	
2016-Jan-05 11:32:10	PI_11	393	2	2	1405754	0	0,1
2016-Jan-05 11:32:12	PI_11	394	2	0	642933	0	
2016-Jan-05 11:32:14	PI_11	395	2	0	642933	0	
2016-Jan-05 11:32:16	PI_11	396	2	0	642933	0	
2016-Jan-05 11:32:18	PI_11	397	2	2	1405754	0	0,1
2016-Jan-05 11:32:20	PI_11	398	2	0	642933	0	
2016-Jan-05 11:32:22	PI_11	399	2	0	642933	0	
2016-Jan-05 11:32:24	PI_11	400	2	0	642933	0	
2016-Jan-05 11:32:26	PI_11	401	2	0	642933	0	
2016-Jan-05 11:32:28	PI_11	402	2	0	642933	0	
2016-Jan-05 11:32:30	PI_11	403	2	0	642933	0	
2016-Jan-05 11:32:32	PI_11	404	2	0	642933	0	
2016-Jan-05 11:32:34	PI_11	405	2	0	642933	0	
2016-Jan-05 11:32:36	PI_11	406	2	0	642933	0	
2016-Jan-05 11:32:38	PI_11	407	2	0	642933	0	
2016-Jan-05 11:32:40	PI_11	408	2	0	642933	0	
2016-Jan-05 11:32:42	PI_11	409	2	0	642933	0	
2016-Jan-05 11:32:44	PI_11	410	2	0	642933	0	
2016-Jan-05 11:32:46	PI_11	411	2	0	642933	0	
2016-Jan-05 11:32:48	PI_11	412	2	0	642933	0	
2016-Jan-05 11:32:50	PI_11	413	2	2	1405754	0	0,1
2016-Jan-05 11:32:52	PI_11	414	2	0	642933	0	
2016-Jan-05 11:32:54	PI_11	415	2	0	642933	0	
2016-Jan-05 11:32:56	PI_11	416	2	0	642933	0	
2016-Jan-05 11:32:58	PI_11	417	2	0	642933	0	
2016-Jan-05 11:33:00	PI_11	418	2	1	997955	0	0
2016-Jan-05 11:33:02	PI_11	419	2	0	642933	0	
2016-Jan-05 11:33:04	PI_11	420	2	2	1405754	0	0,1
2016-Jan-05 11:33:06	PI_11	421	2	0	642933	0	
2016-Jan-05 11:33:08	PI_11	422	2	0	642933	0	
2016-Jan-05 11:33:10	PI_11	423	2	1	997955	0	0
2016-Jan-05 11:33:12	PI_11	424	2	2	1405754	0	0,1
2016-Jan-05 11:33:14	PI_11	425	2	0	642933	0	
2016-Jan-05 11:33:16	PI_11	426	2	0	642933	0	
2016-Jan-05 11:33:18	PI_11	427	2	0	642933	0	
2016-Jan-05 11:33:20	PI_11	428	2	0	642933	0	
2016-Jan-05 11:33:22	PI_11	429	2	0	642933	0	
2016-Jan-05 11:33:24	PI_11	430	2	0	642933	0	
2016-Jan-05 11:33:26	PI_11	431	2	0	642933	0	
2016-Jan-05 11:33:28	PI_11	432	2	0	642933	0	
2016-Jan-05 11:33:30	PI_11	433	2	0	642933	0	
2016-Jan-05 11:33:32	PI_11	434	2	0	642933	0	
2016-Jan-05 11:33:34	PI_11	435	2	0	642933	0	
2016-Jan-05 11:33:36	PI_11	436	2	0	642933	0	
2016-Jan-05 11:33:38	PI_11	437	2	2	1405754	0	0,1
2016-Jan-05 11:33:40	PI_11	438	2	0	642933	0	
2016-Jan-05 11:33:42	PI_11	439	2	0	642933	0	
2016-Jan-05 11:33:44	PI_11	440	2	0	642933	0	
2016-Jan-05 11:33:46	PI_11	441	2	0	642933	0	
2016-Jan-05 11:33:48	PI_11	442	2	0	642933	0	
2016-Jan-05 11:33:50	PI_11	443	2	2	1405754	0	0,1
2016-Jan-05 11:33:52	PI_11	444	2	0	642933	0	
2016-Jan-05 11:33:54	PI_11	445	2	0	642933	0	
2016-Jan-05 11:33:56	PI_11	446	2	0	642933	0	
2016-Jan-05 11:33:58	PI_11	447	2	0	642933	0	
2016-Jan-05 11:34:00	PI_11	448	2	0	642933	0	
2016-Jan-05 11:34:02	PI_11	449	2	2	1405754	0	0,1
2016-Jan-05 11:34:04	PI_11	450	2	0	642933	0	
2016-Jan-05 11:34:06	PI_11	451	2	0	642933	0	
2016-Jan-05 11:34:08	PI_11	452	2	0	642933	0	
2016-Jan-05 11:34:10	PI_11	453	2	0	642933	0	
2016-Jan-05 11:34:12	PI_11	454	2	2	1405754	0	0,1
2016-Jan-05 11:34:14	PI_11	455	2	0	642933	0	
2016-Jan-05 11:34:16	PI_11	456	2	2	1405754	0	0,1
2016-Jan-05 11:34:18	PI_11	457	2	1	997955	0	0
2016-Jan-05 11:34:20	PI_11	458	2	1	997955	0	0
2016-Jan-05 11:34:22	PI_11	459	2	1	997955	0	0
2016-Jan-05 11:34:24	PI_11	460	2	1	997955	0	0
2016-Jan-05 11:34:26	PI_11	461	2	1	997955	0	0
2016-Jan-05 11:34:28	PI_11	462	2	1	997955	0	0
2016-Jan-05 11:34:30	PI_11	463	2	1	997955	0	0
2016-Jan-05 11:34:32	PI_11	464	2	1	997955	0	0
2016-Jan-05 11:34:34	PI_11	465	2	2	1405754	0	0,1
2016-Jan-05 11:34:36	PI_11	466	2	2	1405754	0	0,1
2016-Jan-05 11:34:38	PI_11	467	2	0	642933	0	
2016-Jan-05 11:34:40	PI_11	468	2	2	1405754	0	0,1
2016-Jan-05 11:34:42	PI_11	469	2	0	642933	0	
2016-Jan-05 11:34:44	PI_11	470	2	0	642933	0	
2016-Jan-05 11:34:46	PI_11	471	2	2	1405754	0	0,1
2016-Jan-05 11:34:48	PI_11	472	2	2	1405754	0	0,1
2016-Jan-05 11:34:50	PI_11	473	2	0	642933	0	
2016-Jan-05 11:34:52	PI_11	474	2	0	642933	0	
2016-Jan-05 11:34:54	PI_11	475	2	2	1405754	0	0,1
2016-Jan-05 11:34:56	PI_11	476	2	0	642933	0	
2016-Jan-05 11:34:58	PI_11	477	2	1	997955	0	0
2016-Jan-05 11:35:00	PI_11	478	2	2	1405754	0	0,1
2016-Jan-05 11:35:02	PI_11	479	2	0	642933	0	
2016-Jan-05 11:35:04	PI_11	480	2	2	1405754	0	0,1
2016-Jan-05 11:35:06	PI_11	481	2	2	1405754	0	0,1
2016-Jan-05 11:35:08	PI_11	482	2	1	997955	0	0
2016-Jan-05 11:35:10	PI_11	483	2	1	997955	0	0
2016-Jan-05 11:35:12	PI_11	484	2	2	1405754	0	0,1
2016-Jan-05 11:35:14	PI_11	485	2	0	642933	0	
2016-Jan-05 11:35:16	PI_11	486	2	2	1405754	0	0,1
2016-Jan-05 11:35:18	PI_11	487	2	0	642933	0	
2016-Jan-05 11:35:20	PI_11	488	2	0	642933	0	
2016-Jan-05 11:35:22	PI_11	489	2	2	1405754	0	0,1
2016-Jan-05 11:35:24	PI_11	490	2	0	642933	0	
2016-Jan-05 11:35:26	PI_11	491	2	2	1405754	0	0,1
2016-Jan-05 11:35:28	PI_11	492	2	0	642933	0	
2016-Jan-05 11:35:30	PI_11	493	2	2	1405754	0	0,1
2016-Jan-05 11:35:32	PI_11	494	2	2	1405754	0	0,1
2016-Jan-05 11:35:34	PI_11	495	2	0	642933	0	
2016-Jan-05 11:35:36	PI_11	496	2	2	1405754	0	0,1
2016-Jan-05 11:35:38	PI_11	497	2	2	1405754	0	0,1
2016-Jan-05 11:35:40	PI_11	498	2	0	642933	0	
2016-Jan-05 11:35:42	PI_11	499	2	2	1405754	0	0,1
2016-Jan-05 11:35:44	PI_11	500	2	0	642933	0	
2016-Jan-05 11:35:46	PI_11	501	2	1	997955	0	0
2016-Jan-05 11:35:48	PI_11	502	2	1	997955	0	0
2016-Jan-05 11:35:50	PI_11	503	2	1	997955	0	0
2016-Jan-05 11:35:52	PI_11	504	2	2	1405754	0	0,1
2016-Jan-05 11:35:54	PI_11	505	2	0	642933	0	
2016-Jan-05 11:35:56	PI_11	506	2	0	642933	0	
2016-Jan-05 11:35:58	PI_11	507	2	0	642933	0	
2016-Jan-05 11:36:00	PI_11	508	2	0	642933	0	
2016-Jan-05 11:36:02	PI_11	509	2	0	642933	0	
2016-Jan-05 11:36:04	PI_11	510	2	2	1405754	0	0,1
2016-Jan-05 11:36:06	PI_11	511	2	0	642933	0	
2016-Jan-05 11:36:08	PI_11	512	2	0	642933	0	
2016-Jan-05 11:36:10	PI_11	513	2	2	1405754	0	0,1
2016-Jan-05 11:36:12	PI_11	514	2	0	642933	0	
2016-Jan-05 11:36:14	PI_11	515	2	2	1405754	0	0,1
2016-Jan-05 11:36:16	PI_11	516	2	0	642933	0	
2016-Jan-05 11:36:18	PI_11	517	2	0	642933	0	
2016-Jan-05 11:36:20	PI_11	518	2	0	642933	0	
2016-Jan-05 11:36:22	PI_11	519	2	0	642933	0	
2016-Jan-05 11:36:24	PI_11	520	2	0	642933	0	
2016-Jan-05 11:36:26	PI_11	521	2	2	1405754	0	0,1
2016-Jan-05 11:36:28	PI_11	522	2	0	642933	0	
2016-Jan-05 11:36:30	PI_11	523	2	2	1405754	0	0,1
2016-Jan-05 11:36:32	PI_11	524	2	0	642933	0	
2016-Jan-05 11:36:34	PI_11	525	2	2	1405754	0	0,1
2016-Jan-05 11:36:36	PI_11	526	2	0	642933	0	
2016-Jan-05 11:36:38	PI_11	527	2	2	1405754	0	0,1
2016-Jan-05 11:36:40	PI_11	528	2	0	642933	0	
2016-Jan-05 11:36:42	PI_11	529	2	0	642933	0	
2016-Jan-05 11:36:44	PI_11	530	2	0	642933	0	
2016-Jan-05 11:36:46	PI_11	531	2	0	642933	0	
2016-Jan-05 11:36:48	PI_11	532	2	0	642933	0	
2016-Jan-05 11:36:50	PI_11	533	2	0	642933	0	
2016-Jan-05 11:36:52	PI_11	534	2	0	642933	0	
2016-Jan-05 11:36:54	PI_11	535	2	0	642933	0	
2016-Jan-05 11:36:56	PI_11	536	2	0	642933	0	
2016-Jan-05 11:36:58	PI_11	537	2	0	642933	0	
2016-Jan-05 11:37:00	PI_11	538	2	0	642933	0	
2016-Jan-05 11:37:02	PI_11	539	2	0	642933	0	
2016-Jan-05 11:37:04	PI_11	540	2	0	642933	0	
2016-Jan-05 11:37:06	PI_11	541	2	0	642933	0	
2016-Jan-05 11:37:08	PI_11	542	2	0	642933	0	
2016-Jan-05 11:37:10	PI_11	543	2	0	642933	0	
2016-Jan-05 11:37:12	PI_11	544	2	0	642933	0	
2016-Jan-05 11:37:14	PI_11	545	2	0	642933	0	
2016-Jan-05 11:37:16	PI_11	546	2	0	642933	0	
2016-Jan-05 11:37:18	PI_11	547	2	0	642933	0	
2016-Jan-05 11:37:20	PI_11	548	2	0	642933	0	
2016-Jan-05 11:37:22	PI_11	549	2	0	642933	0	
2016-Jan-05 11:37:24	PI_11	550	2	0	642933	0	
2016-Jan-05 11:37:26	PI_11	551	2	0	642933	0	
2016-Jan-05 11:37:28	PI_11	552	2	2	1405754	0	0,1
2016-Jan-05 11:37:30	PI_11	553	2	0	642933	0	
2016-Jan-05 11:37:32	PI_11	554	2	0	642933	0	
2016-Jan-05 11:37:34	PI_11	555	2	0	642933	0	
2016-Jan-05 11:37:36	PI_11	556	2	2	1405754	0	0,1
2016-Jan-05 11:37:38	PI_11	557	2	0	642933	0	
2016-Jan-05 11:37:40	PI_11	558	2	0	642933	0	
2016-Jan-05 11:37:42	PI_11	559	2	0	642933	0	
2016-Jan-05 11:37:44	PI_11	560	2	0	642933	0	
2016-Jan-05 11:37:46	PI_11	561	2	2	1405754	0	0,1
2016-Jan-05 11:37:48	PI_11	562	2	0	642933	0	
2016-Jan-05 11:37:50	PI_11	563	2	0	642933	0	
2016-Jan-05 11:37:52	PI_11	564	2	0	642933	0	
2016-Jan-05 11:37:54	PI_11	565	2	2	1405754	0	0,1
2016-Jan-05 11:37:56	PI_11	566	2	1	997955	0	0
2016-Jan-05 11:37:58	PI_11	567	2	1	997955	0	0
2016-Jan-05 11:38:00	PI_11	568	2	1	997955	0	0
2016-Jan-05 11:38:02	PI_11	569	2	2	1405754	0	0,1
2016-Jan-05 11:38:04	PI_11	570	2	0	642933	0	
2016-Jan-05 11:38:06	PI_11	571	2	2	1405754	0	0,1
2016-Jan-05 11:38:08	PI_11	572	2	0	642933	0	
2016-Jan-05 11:38:10	PI_11	573	2	2	1405754	0	0,1
2016-Jan-05 11:38:12	PI_11	574	2	0	642933	0	
2016-Jan-05 11:38:14	PI_11	575	2	2	1405754	0	0,1
2016-Jan-05 11:38:16	PI_11	576	2	2	1405754	0	0,1
2016-Jan-05 11:38:18	PI_11	577	2	1	997955	0	0
2016-Jan-05 11:38:20	PI_11	578	2	2	1405754	0	0,1
2016-Jan-05 11:38:22	PI_11	579	2	0	642933	0	
2016-Jan-05 11:38:24	PI_11	580	2	2	1405754	0	0,1
2016-Jan-05 11:38:26	PI_11	581	2	2	1405754	0	0,1
2016-Jan-05 11:38:28	PI_11	582	2	0	642933	0	
2016-Jan-05 11:38:30	PI_11	583	2	0	642933	0	
2016-Jan-05 11:38:32	PI_11	584	2	0	642933	0	
2016-Jan-05 11:38:34	PI_11	585	2	0	642933	0	
2016-Jan-05 11:38:36	PI_11	586	2	0	642933	0	
2016-Jan-05 11:38:38	PI_11	587	2	0	642933	0	
2016-Jan-05 11:38:40	PI_11	588	2	2	1405754	0	0,1
2016-Jan-05 11:38:42	PI_11	589	2	0	642933	0	
2016-Jan-05 11:38:44	PI_11	590	2	0	642933	0	
2016-Jan-05 11:38:46	PI_11	591	2	0	642933	0	
2016-Jan-05 11:38:48	PI_11	592	2	2	1405754	0	0,1
2016-Jan-05 11:38:50	PI_11	593	2	0	642933	0	
2016-Jan-05 11:38:52	PI_11	594	2	2	1405754	0	0,1
2016-Jan-05 11:38:54	PI_11	595	2	2	1405754	0	0,1
2016-Jan-05 11:38:56	PI_11	596	2	0	642933	0	
2016-Jan-05 11:38:58	PI_11	597	2	2	1405754	0	0,1
2016-Jan-05 11:39:00	PI_11	598	2	2	1405754	0	0,1
2016-Jan-05 11:39:02	PI_11	599	2	0	642933	0	
2016-Jan-05 11:39:04	PI_11	600	2	1	997955	0	0
2016-Jan-05 11:39:06	PI_11	601	2	1	997955	0	0
2016-Jan-05 11:39:08	PI_11	602	2	1	997955	0	0
2016-Jan-05 11:39:10	PI_11	603	2	1	997955	0	0
2016-Jan-05 11:39:12	PI_11	604	2	2	1405754	0	0,1
2016-Jan-05 11:39:14	PI_11	605	2	2	1405754	0	0,1
2016-Jan-05 11:39:16	PI_11	606	2	1	997955	0	0
2016-Jan-05 11:39:18	PI_11	607	2	1	997955	0	0
2016-Jan-05 11:39:20	PI_11	608	2	2	1405754	0	0,1
2016-Jan-05 11:39:22	PI_11	609	2	2	1405754	0	0,1
2016-Jan-05 11:39:24	PI_11	610	2	2	1405754	0	0,1
2016-Jan-05 11:39:26	PI_11	611	2	0	642933	0	
2016-Jan-05 11:39:28	PI_11	612	2	2	1405754	0	0,1
2016-Jan-05 11:39:30	PI_11	613	2	2	1405754	0	0,1
2016-Jan-05 11:39:32	PI_11	614	2	1	997955	0	0
2016-Jan-05 11:39:34	PI_11	615	2	1	997955	0	0
2016-Jan-05 11:39:36	PI_11	616	2	1	997955	0	0
2016-Jan-05 11:39:38	PI_11	617	2	1	997955	0	0
2016-Jan-05 11:39:40	PI_11	618	2	1	997955	0	0
2016-Jan-05 11:39:42	PI_11	619	2	2	1405754	0	0,1
2016-Jan-05 11:39:44	PI_11	620	2	2	1405754	0	0,1
2016-Jan-05 11:39:46	PI_11	621	2	2	1405754	0	0,1
2016-Jan-05 11:39:48	PI_11	622	2	2	1405754	0	0,1
2016-Jan-05 11:39:50	PI_11	623	2	0	642933	0	
2016-Jan-05 11:39:52	PI_11	624	2	2	1405754	0	0,1
2016-Jan-05 11:39:54	PI_11	625	2	0	642933	0	
2016-Jan-05 11:39:56	PI_11	626	2	0	642933	0	
2016-Jan-05 11:39:58	PI_11	627	2	2	1405754	0	0,1
2016-Jan-05 11:40:00	PI_11	628	2	0	642933	0	
2016-Jan-05 11:40:02	PI_11	629	2	0	642933	0	
2016-Jan-05 11:40:04	PI_11	630	2	0	642933	0	
2016-Jan-05 11:40:06	PI_11	631	2	0	642933	0	
2016-Jan-05 11:40:08	PI_11	632	2	1	997955	0	0
2016-Jan-05 11:40:10	PI_11	633	2	0	642933	0	
2016-Jan-05 11:40:12	PI_11	634	2	0	642933	0	
2016-Jan-05 11:40:14	PI_11	635	2	1	997955	0	0
2016-Jan-05 11:40:16	PI_11	636	2	0	642933	0	
2016-Jan-05 11:40:18	PI_11	637	2	2	1405754	0	0,1
2016-Jan-05 11:40:20	PI_11	638	2	0	642933	0	
2016-Jan-05 11:40:22	PI_11	639	2	2	1405754	0	0,1
2016-Jan-05 11:40:24	PI_11	640	2	0	642933	0	
2016-Jan-05 11:40:26	PI_11	641	2	0	642933	0	
2016-Jan-05 11:40:28	PI_11	642	2	2	1405754	0	0,1
2016-Jan-05 11:40:30	PI_11	643	2	0	642933	0	
2016-Jan-05 11:40:32	PI_11	644	2	0	642933	0	
2016-Jan-05 11:40:34	PI_11	645	2	0	642933	0	
2016-Jan-05 11:40:36	PI_11	646	2	2	1405754	0	0,1
2016-Jan-05 11:40:38	PI_11	647	2	0	642933	0	
2016-Jan-05 11:40:40	PI_11	648	2	2	1405754	0	0,1
2016-Jan-05 11:40:42	PI_11	649	2	2	1405754	0	0,1
2016-Jan-05 11:40:44	PI_11	650	2	1	997955	0	0
2016-Jan-05 11:40:46	PI_11	651	2	1	997955	0	0
2016-Jan-05 11:40:48	PI_11	652	2	1	997955	0	0
2016-Jan-05 11:40:50	PI_11	653	2	1	997955	0	0
2016-Jan-05 11:40:52	PI_11	654	2	1	997955	0	0
2016-Jan-05 11:40:54	PI_11	655	2	1	997955	0	0
2016-Jan-05 11:40:56	PI_11	656	2	2	1405754	0	0,1
2016-Jan-05 11:40:58	PI_11	657	2	2	1405754	0	0,1
2016-Jan-05 11:41:00	PI_11	658	2	2	1405754	0	0,1
2016-Jan-05 11:41:02	PI_11	659	2	1	997955	0	0
2016-Jan-05 11:41:04	PI_11	660	2	1	997955	0	0
2016-Jan-05 11:41:06	PI_11	661	2	1	997955	0	0
2016-Jan-05 11:41:08	PI_11	662	2	1	997955	0	0
2016-Jan-05 11:41:10	PI_11	663	2	1	997955	0	0
2016-Jan-05 11:41:12	PI_11	664	2	1	997955	0	0
2016-Jan-05 11:41:14	PI_11	665	2	1	997955	0	0
2016-Jan-05 11:41:16	PI_11	666	2	0	642933	0	
2016-Jan-05 11:41:18	PI_11	667	2	1	997955	0	0
2016-Jan-05 11:41:20	PI_11	668	2	1	997955	0	0
2016-Jan-05 11:41:22	PI_11	669	2	1	997955	0	0
2016-Jan-05 11:41:24	PI_11	670	2	2	1405754	0	0,1
2016-Jan-05 11:41:26	PI_11	671	2	2	1405754	0	0,1
2016-Jan-05 11:41:28	PI_11	672	2	0	642933	0	
2016-Jan-05 11:41:30	PI_11	673	2	0	642933	0	
2016-Jan-05 11:41:32	PI_11	674	2	2	1405754	0	0,1
2016-Jan-05 11:41:34	PI_11	675	2	2	1405754	0	0,1
2016-Jan-05 11:41:36	PI_11	676	2	0	642933	0	
2016-Jan-05 11:41:38	PI_11	677	2	0	642933	0	
2016-Jan-05 11:41:40	PI_11	678	2	2	1405754	0	0,1
2016-Jan-05 11:41:42	PI_11	679	2	1	997955	0	0
2016-Jan-05 11:41:44	PI_11	680	2	2	1405754	0	0,1
2016-Jan-05 11:41:46	PI_11	681	2	0	642933	0	
2016-Jan-05 11:41:48	PI_11	682	2	2	1405754	0	0,1
2016-Jan-05 11:41:50	PI_11	683	2	0	642933	0	
2016-Jan-05 11:41:52	PI_11	684	2	2	1405754	0	0,1
2016-Jan-05 11:41:54	PI_11	685	2	0	642933	0	
2016-Jan-05 11:41:56	PI_11	686	2	0	642933	0	
2016-Jan-05 11:41:58	PI_11	687	2	0	642933	0	
2016-Jan-05 11:42:00	PI_11	688	2	2	1405754	0	0,1
2016-Jan-05 11:42:02	PI_11	689	2	0	642933	0	
2016-Jan-05 11:42:04	PI_11	690	2	0	642933	0	
2016-Jan-05 11:42:06	PI_11	691	2	0	642933	0	
2016-Jan-05 11:42:08	PI_11	692	2	0	642933	0	
2016-Jan-05 11:42:10	PI_11	693	2	2	1405754	0	0,1
2016-Jan-05 11:42:12	PI_11	694	2	0	642933	0	
2016-Jan-05 11:42:14	PI_11	695	2	0	642933	0	
2016-Jan-05 11:42:16	PI_11	696	2	2	1405754	0	0,1
2016-Jan-05 11:42:18	PI_11	697	2	0	642933	0	
2016-Jan-05 11:42:20	PI_11	698	2	0	642933	0	
2016-Jan-05 11:42:22	PI_11	699	2	2	1405754	0	0,1
2016-Jan-05 11:42:24	PI_11	700	2	0	642933	0	
2016-Jan-05 11:42:26	PI_11	701	2	2	1405754	0	0,1
2016-Jan-05 11:42:28	PI_11	702	2	0	642933	0	
2016-Jan-05 11:42:30	PI_11	703	2	2	1405754	0	0,1
2016-Jan-05 11:42:32	PI_11	704	2	2	1405754	0	0,1
2016-Jan-05 11:42:34	PI_11	705	2	0	642933	0	
2016-Jan-05 11:42:36	PI_11	706	2	2	1405754	0	0,1
2016-Jan-05 11:42:38	PI_11	707	2	2	1405754	0	0,1
2016-Jan-05 11:42:40	PI_11	708	2	0	642933	0	
2016-Jan-05 11:42:42	PI_11	709	2	2	1405754	0	0,1
2016-Jan-05 11:42:44	PI_11	710	2	1	997955	0	0
2016-Jan-05 11:42:46	PI_11	711	2	1	997955	0	0
2016-Jan-05 11:42:48	PI_11	712	2	1	997955	0	0
2016-Jan-05 11:42:50	PI_11	713	2	1	997955	0	0
2016-Jan-05 11:42:52	PI_11	714	2	1	997955	0	0
2016-Jan-05 11:42:54	PI_11	715	2	1	997955	0	0
2016-Jan-05 11:42:56	PI_11	716	2	1	997955	0	0
2016-Jan-05 11:42:58	PI_11	717	2	1	997955	0	0
2016-Jan-05 11:43:00	PI_11	718	2	1	997955	0	0
2016-Jan-05 11:43:02	PI_11	719	2	1	997955	0	0
2016-Jan-05 11:43:04	PI_11	720	2	2	1405754	0	0,1
2016-Jan-05 11:43:06	PI_11	721	2	0	642933	0	
2016-Jan-05 11:43:08	PI_11	722	2	2	1405754	0	0,1
2016-Jan-05 11:43:10	PI_11	723	2	0	642933	0	
2016-Jan-05 11:43:12	PI_11	724	2	0	642933	0	
2016-Jan-05 11:43:14	PI_11	725	2	0	642933	0	
2016-Jan-05 11:43:16	PI_11	726	2	2	1405754	0	0,1
2016-Jan-05 11:43:18	PI_11	727	2	0	642933	0	
2016-Jan-05 11:43:20	PI_11	728	2	1	997955	0	0
2016-Jan-05 11:43:22	PI_11	729	2	1	997955	0	0
2016-Jan-05 11:43:24	PI_11	730	2	1	997955	0	0
2016-Jan-05 11:43:26	PI_11	731	2	1	997955	0	0
2016-Jan-05 11:43:28	PI_11	732	2	1	997955	0	0
2016-Jan-05 11:43:30	PI_11	733	2	1	997955	0	0
2016-Jan-05 11:43:32	PI_11	734	2	1	997955	0	0
2016-Jan-05 11:43:34	PI_11	735	2	1	997955	0	0
2016-Jan-05 11:43:36	PI_11	736	2	1	997955	0	0
2016-Jan-05 11:43:38	PI_11	737	2	2	1405754	0	0,1
2016-Jan-05 11:43:40	PI_11	738	2	1	997955	0	0
2016-Jan-05 11:43:42	PI_11	739	2	2	1405754	0	0,1
2016-Jan-05 11:43:44	PI_11	740	2	0	642933	0	
2016-Jan-05 11:43:46	PI_11	741	2	2	1405754	0	0,1
2016-Jan-05 11:43:48	PI_11	742	2	1	997955	0	0
2016-Jan-05 11:43:50	PI_11	743	2	1	997955	0	0
2016-Jan-05 11:43:52	PI_11	744	2	0	642933	0	
2016-Jan-05 11:43:54	PI_11	745	2	1	997955	0	0
2016-Jan-05 11:43:56	PI_11	746	2	0	642933	0	
2016-Jan-05 11:43:58	PI_11	747	2	2	1405754	0	0,1
2016-Jan-05 11:44:00	PI_11	748	2	0	642933	0	
2016-Jan-05 11:44:02	PI_11	749	2	0	642933	0	
2016-Jan-05 11:44:04	PI_11	750	2	0	642933	0	
2016-Jan-05 11:44:06	PI_11	751	2	2	1405754	0	0,1
2016-Jan-05 11:44:08	PI_11	752	2	0	642933	0	
2016-Jan-05 11:44:10	PI_11	753	2	0	642933	0	
2016-Jan-05 11:44:12	PI_11	754	2	0	642933	0	
2016-Jan-05 11:44:14	PI_11	755	2	0	642933	0	
2016-Jan-05 11:44:16	PI_11	756	2	0	642933	0	
2016-Jan-05 11:44:18	PI_11	757	2	0	642933	0	
2016-Jan-05 11:44:20	PI_11	758	2	0	642933	0	
2016-Jan-05 11:44:22	PI_11	759	2	2	1405754	0	0,1
2016-Jan-05 11:44:24	PI_11	760	2	0	642933	0	
2016-Jan-05 11:44:26	PI_11	761	2	0	642933	0	
2016-Jan-05 11:44:28	PI_11	762	2	2	1405754	0	0,1
2016-Jan-05 11:44:30	PI_11	763	2	0	642933	0	
2016-Jan-05 11:44:32	PI_11	764	2	0	642933	0	
2016-Jan-05 11:44:34	PI_11	765	2	0	642933	0	
2016-Jan-05 11:44:36	PI_11	766	2	2	1405754	0	0,1
2016-Jan-05 11:44:38	PI_11	767	2	0	642933	0	
2016-Jan-05 11:44:40	PI_11	768	2	0	642933	0	
2016-Jan-05 11:44:42	PI_11	769	2	2	1405754	0	0,1
2016-Jan-05 11:44:44	PI_11	770	2	0	642933	0	
2016-Jan-05 11:44:46	PI_11	771	2	2	1405754	0	0,1
2016-Jan-05 11:44:48	PI_11	772	2	0	642933	0	
2016-Jan-05 11:44:50	PI_11	773	2	2	1405754	0	0,1
2016-Jan-05 11:44:52	PI_11	774	2	0	642933	0	
2016-Jan-05 11:44:54	PI_11	775	2	2	1405754	0	0,1
2016-Jan-05 11:44:56	PI_11	776	2	0	642933	0	
2016-Jan-05 11:44:58	PI_11	777	2	2	1405754	0	0,1
2016-Jan-05 11:45:00	PI_11	778	2	0	642933	0	
2016-Jan-05 11:45:02	PI_11	779	2	1	997955	0	0
2016-Jan-05 11:45:04	PI_11	780	2	1	997955	0	0
2016-Jan-05 11:45:06	PI_11	781	2	1	997955	0	0
2016-Jan-05 11:45:08	PI_11	782	2	1	997955	0	0
2016-Jan-05 11:45:10	PI_11	783	2	1	997955	0	0
2016-Jan-05 11:45:12	PI_11	784	2	1	997955	0	0
2016-Jan-05 11:45:14	PI_11	785	2	1	997955	0	0
2016-Jan-05 11:45:16	PI_11	786	2	2	1405754	0	0,1
2016-Jan-05 11:45:18	PI_11	787	2	1	997955	0	0
2016-Jan-05 11:45:20	PI_11	788	2	1	997955	0	0
2016-Jan-05 11:45:22	PI_11	789	2	1	997955	0	0
2016-Jan-05 11:45:24	PI_11	790	2	0	642933	0	
2016-Jan-05 11:45:26	PI_11	791	2	0	642933	0	
2016-Jan-05 11:45:28	PI_11	792	2	0	642933	0	
2016-Jan-05 11:45:30	PI_11	793	2	0	642933	0	
2016-Jan-05 11:45:32	PI_11	794	2	0	642933	0	
2016-Jan-05 11:45:34	PI_11	795	2	0	642933	0	
2016-Jan-05 11:45:36	PI_11	796	2	2	1405754	0	0,1
2016-Jan-05 11:45:38	PI_11	797	2	0	642933	0	
2016-Jan-05 11:45:40	PI_11	798	2	0	642933	0	
2016-Jan-05 11:45:42	PI_11	799	2	2	1405754	0	0,1
2016-Jan-05 11:45:44	PI_11	800	2	0	642933	0	
2016-Jan-05 11:45:46	PI_11	801	2	2	1405754	0	0,1
2016-Jan-05 11:45:48	PI_11	802	2	0	642933	0	
2016-Jan-05 11:45:50	PI_11	803	2	2	1405754	0	0,1
2016-Jan-05 11:45:52	PI_11	804	2	0	642933	0	
2016-Jan-05 11:45:54	PI_11	805	2	2	1405754	0	0,1
2016-Jan-05 11:45:56	PI_11	806	2	0	642933	0	
2016-Jan-05 11:45:58	PI_11	807	2	2	1405754	0	0,1
2016-Jan-05 11:46:00	PI_11	808	2	0	642933	0	
2016-Jan-05 11:46:02	PI_11	809	2	0	642933	0	
2016-Jan-05 11:46:04	PI_11	810	2	0	642933	0	
2016-Jan-05 11:46:06	PI_11	811	2	2	1405754	0	0,1
2016-Jan-05 11:46:08	PI_11	812	2	0	642933	0	
2016-Jan-05 11:46:10	PI_11	813	2	0	642933	0	
2016-Jan-05 11:46:12	PI_11	814	2	0	642933	0	
2016-Jan-05 11:46:14	PI_11	815	2	2	1405754	0	0,1
2016-Jan-05 11:46:16	PI_11	816	2	0	642933	0	
2016-Jan-05 11:46:18	PI_11	817	2	2	1405754	0	0,1
2016-Jan-05 11:46:20	PI_11	818	2	0	642933	0	
2016-Jan-05 11:46:22	PI_11	819	2	0	642933	0	
2016-Jan-05 11:46:24	PI_11	820	2	2	1405754	0	0,1
2016-Jan-05 11:46:26	PI_11	821	2	0	642933	0	
2016-Jan-05 11:46:28	PI_11	822	2	2	1405754	0	0,1
2016-Jan-05 11:46:30	PI_11	823	2	0	642933	0	
2016-Jan-05 11:46:32	PI_11	824	2	2	1405754	0	0,1
2016-Jan-05 11:46:34	PI_11	825	2	0	642933	0	
2016-Jan-05 11:46:36	PI_11	826	2	2	1405754	0	0,1
2016-Jan-05 11:46:38	PI_11	827	2	0	642933	0	
2016-Jan-05 11:46:40	PI_11	828	2	0	642933	0	
2016-Jan-05 11:46:42	PI_11	829	2	2	1405754	0	0,1
2016-Jan-05 11:46:44	PI_11	830	2	0	642933	0	
2016-Jan-05 11:46:46	PI_11	831	2	0	642933	0	
2016-Jan-05 11:46:48	PI_11	832	2	2	1405754	0	0,1
2016-Jan-05 11:46:50	PI_11	833	2	0	642933	0	
2016-Jan-05 11:46:52	PI_11	834	2	0	642933	0	
2016-Jan-05 11:46:54	PI_11	835	2	2	1405754	0	0,1
2016-Jan-05 11:46:56	PI_11	836	2	0	642933	0	
2016-Jan-05 11:46:58	PI_11	837	2	2	1405754	0	0,1
2016-Jan-05 11:47:00	PI_11	838	2	0	642933	0	
2016-Jan-05 11:47:02	PI_11	839	2	2	1405754	0	0,1
2016-Jan-05 11:47:04	PI_11	840	2	2	1405754	0	0,1
2016-Jan-05 11:47:06	PI_11	841	2	0	642933	0	
2016-Jan-05 11:47:08	PI_11	842	2	2	1405754	0	0,1
2016-Jan-05 11:47:10	PI_11	843	2	2	1405754	0	0,1
2016-Jan-05 11:47:12	PI_11	844	2	2	1405754	0	0,1
2016-Jan-05 11:47:14	PI_11	845	2	0	642933	0	
2016-Jan-05 11:47:16	PI_11	846	2	2	1405754	0	0,1
2016-Jan-05 11:47:18	PI_11	847	2	1	997955	0	0
2016-Jan-05 11:47:20	PI_11	848	2	1	997955	0	0
2016-Jan-05 11:47:22	PI_11	849	2	1	997955	0	0
2016-Jan-05 11:47:24	PI_11	850	2	1	997955	0	0
2016-Jan-05 11:47:26	PI_11	851	2	1	997955	0	0
2016-Jan-05 11:47:28	PI_11	852	2	1	997955	0	0
2016-Jan-05 11:47:30	PI_11	853	2	1	997955	0	0
2016-Jan-05 11:47:32	PI_11	854	2	1	997955	0	0
2016-Jan-05 11:47:34	PI_11	855	2	1	997955	0	0
2016-Jan-05 11:47:36	PI_11	856	2	1	997955	0	0
2016-Jan-05 11:47:38	PI_11	857	2	2	1405754	0	0,1
2016-Jan-05 11:47:40	PI_11	858	2	0	642933	0	
2016-Jan-05 11:47:42	PI_11	859	2	0	642933	0	
2016-Jan-05 11:47:44	PI_11	860	2	0	642933	0	
2016-Jan-05 11:47:46	PI_11	861	2	0	642933	0	
2016-Jan-05 11:47:48	PI_11	862	2	0	642933	0	
2016-Jan-05 11:47:50	PI_11	863	2	0	642933	0	
2016-Jan-05 11:47:52	PI_11	864	2	0	642933	0	
2016-Jan-05 11:47:54	PI_11	865	2	2	1405754	0	0,1
2016-Jan-05 11:47:56	PI_11	866	2	0	642933	0	
2016-Jan-05 11:47:58	PI_11	867	2	2	1405754	0	0,1
2016-Jan-05 11:48:00	PI_11	868	2	0	642933	0	
2016-Jan-05 11:48:02	PI_11	869	2	2	1405754	0	0,1
2016-Jan-05 11:48:04	PI_11	870	2	0	642933	0	
2016-Jan-05 11:48:06	PI_11	871	2	2	1405754	0	0,1
2016-Jan-05 11:48:08	PI_11	872	2	1	997955	0	0
2016-Jan-05 11:48:10	PI_11	873	2	1	997955	0	0
2016-Jan-05 11:48:12	PI_11	874	2	1	997955	0	0
2016-Jan-05 11:48:14	PI_11	875	2	1	997955	0	0
2016-Jan-05 11:48:16	PI_11	876	2	1	997955	0	0
2016-Jan-05 11:48:18	PI_11	877	2	1	997955	0	0
2016-Jan-05 11:48:20	PI_11	878	2	1	997955	0	0
2016-Jan-05 11:48:22	PI_11	879	2	1	997955	0	0
2016-Jan-05 11:48:24	PI_11	880	2	1	997955	0	0
2016-Jan-05 11:48:26	PI_11	881	2	1	997955	0	0
2016-Jan-05 11:48:28	PI_11	882	2	1	997955	0	0
2016-Jan-05 11:48:30	PI_11	883	2	1	997955	0	0
2016-Jan-05 11:48:32	PI_11	884	2	1	997955	0	0
2016-Jan-05 11:48:34	PI_11	885	2	1	997955	0	0
2016-Jan-05 11:48:36	PI_11	886	2	1	997955	0	0
2016-Jan-05 11:48:38	PI_11	887	2	2	1405754	0	0,1
2016-Jan-05 11:48:40	PI_11	888	2	2	1405754	0	0,1
2016-Jan-05 11:48:42	PI_11	889	2	2	1405754	0	0,1
2016-Jan-05 11:48:44	PI_11	890	2	0	642933	0	
2016-Jan-05 11:48:46	PI_11	891	2	0	642933	0	
2016-Jan-05 11:48:48	PI_11	892	2	2	1405754	0	0,1
2016-Jan-05 11:48:50	PI_11	893	2	0	642933	0	
2016-Jan-05 11:48:52	PI_11	894	2	0	642933	0	
2016-Jan-05 11:48:54	PI_11	895	2	0	642933	0	
2016-Jan-05 11:48:56	PI_11	896	2	2	1405754	0	0,1
2016-Jan-05 11:48:58	PI_11	897	2	0	642933	0	
2016-Jan-05 11:49:00	PI_11	898	2	2	1405754	0	0,1
2016-Jan-05 11:49:02	PI_11	899	2	0	642933	0	
2016-Jan-05 11:49:04	PI_11	900	2	0	642933	0	
2016-Jan-05 11:49:06	PI_11	901	2	0	642933	0	
2016-Jan-05 11:49:08	PI_11	902	2	0	642933	0	
2016-Jan-05 11:49:10	PI_11	903	2	0	642933	0	
2016-Jan-05 11:49:12	PI_11	904	2	2	1405754	0	0,1
2016-Jan-05 11:49:14	PI_11	905	2	0	642933	0	
2016-Jan-05 11:49:16	PI_11	906	2	0	642933	0	
2016-Jan-05 11:49:18	PI_11	907	2	2	1405754	0	0,1
2016-Jan-05 11:49:20	PI_11	908	2	2	1405754	0	0,1
2016-Jan-05 11:49:22	PI_11	909	2	0	642933	0	
2016-Jan-05 11:49:24	PI_11	910	2	1	997955	0	0
2016-Jan-05 11:49:26	PI_11	911	2	1	997955	0	0
2016-Jan-05 11:49:28	PI_11	912	2	1	997955	0	0
2016-Jan-05 11:49:30	PI_11	913	2	0	642933	0	
2016-Jan-05 11:49:32	PI_11	914	2	2	1405754	0	0,1
2016-Jan-05 11:49:34	PI_11	915	2	0	642933	0	
2016-Jan-05 11:49:36	PI_11	916	2	0	642933	0	
2016-Jan-05 11:49:38	PI_11	917	2	0	642933	0	
2016-Jan-05 11:49:40	PI_11	918	2	0	642933	0	
2016-Jan-05 11:49:42	PI_11	919	2	0	642933	0	
2016-Jan-05 11:49:44	PI_11	920	2	2	1405754	0	0,1
2016-Jan-05 11:49:46	PI_11	921	2	1	997955	0	0
2016-Jan-05 11:49:48	PI_11	922	2	2	1405754	0	0,1
2016-Jan-05 11:49:50	PI_11	923	2	0	642933	0	
2016-Jan-05 11:49:52	PI_11	924	2	2	1405754	0	0,1
2016-Jan-05 11:49:54	PI_11	925	2	0	642933	0	
2016-Jan-05 11:49:56	PI_11	926	2	2	1405754	0	0,1
2016-Jan-05 11:49:58	PI_11	927	2	0	642933	0	
2016-Jan-05 11:50:00	PI_11	928	2	0	642933	0	
2016-Jan-05 11:50:02	PI_11	929	2	0	642933	0	
2016-Jan-05 11:50:04	PI_11	930	2	2	1405754	0	0,1
2016-Jan-05 11:50:06	PI_11	931	2	0	642933	0	
2016-Jan-05 11:50:08	PI_11	932	2	0	642933	0	
2016-Jan-05 11:50:10	PI_11	933	2	0	642933	0	
2016-Jan-05 11:50:12	PI_11	934	2	2	1405754	0	0,1
2016-Jan-05 11:50:14	PI_11	935	2	0	642933	0	
2016-Jan-05 11:50:16	PI_11	936	2	0	642933	0	
2016-Jan-05 11:50:18	PI_11	937	2	0	642933	0	
2016-Jan-05 11:50:20	PI_11	938	2	0	642933	0	
2016-Jan-05 11:50:22	PI_11	939	2	0	642933	0	
2016-Jan-05 11:50:24	PI_11	940	2	0	642933	0	
2016-Jan-05 11:50:26	PI_11	941	2	0	642933	0	
2016-Jan-05 11:50:28	PI_11	942	2	0	642933	0	
2016-Jan-05 11:50:30	PI_11	943	2	0	642933	0	
2016-Jan-05 11:50:32	PI_11	944	2	0	642933	0	
2016-Jan-05 11:50:34	PI_11	945	2	0	642933	0	
2016-Jan-05 11:50:36	PI_11	946	2	0	642933	0	
2016-Jan-05 11:50:38	PI_11	947	2	0	642933	0	
2016-Jan-05 11:50:40	PI_11	948	2	0	642933	0	
2016-Jan-05 11:50:42	PI_11	949	2	0	642933	0	
2016-Jan-05 11:50:44	PI_11	950	2	0	642933	0	
2016-Jan-05 11:50:46	PI_11	951	2	0	642933	0	
2016-Jan-05 11:50:48	PI_11	952	2	0	642933	0	
2016-Jan-05 11:50:50	PI_11	953	2	2	1405754	0	0,1
2016-Jan-05 11:50:52	PI_11	954	2	0	642933	0	
2016-Jan-05 11:50:54	PI_11	955	2	0	642933	0	
2016-Jan-05 11:50:56	PI_11	956	2	0	642933	0	
2016-Jan-05 11:50:58	PI_11	957	2	0	642933	0	
2016-Jan-05 11:51:00	PI_11	958	2	2	1405754	0	0,1
2016-Jan-05 11:51:02	PI_11	959	2	0	642933	0	
2016-Jan-05 11:51:04	PI_11	960	2	0	642933	0	
2016-Jan-05 11:51:06	PI_11	961	2	2	1405754	0	0,1
2016-Jan-05 11:51:08	PI_11	962	2	0	642933	0	
2016-Jan-05 11:51:10	PI_11	963	2	2	1405754	0	0,1
2016-Jan-05 11:51:12	PI_11	964	2	0	642933	0	
2016-Jan-05 11:51:14	PI_11	965	2	1	997955	0	0
2016-Jan-05 11:51:16	PI_11	966	2	1	997955	0	0
2016-Jan-05 11:51:18	PI_11	967	2	0	642933	0	
2016-Jan-05 11:51:20	PI_11	968	2	1	997955	0	0
2016-Jan-05 11:51:22	PI_11	969	2	2	1405754	0	0,1
2016-Jan-05 11:51:24	PI_11	970	2	0	642933	0	
2016-Jan-05 11:51:26	PI_11	971	2	2	1405754	0	0,1
2016-Jan-05 11:51:28	PI_11	972	2	0	642933	0	
2016-Jan-05 11:51:30	PI_11	973	2	2	1405754	0	0,1
2016-Jan-05 11:51:32	PI_11	974	2	1	997955	0	0
2016-Jan-05 11:51:34	PI_11	975	2	1	997955	0	0
2016-Jan-05 11:51:36	PI_11	976	2	1	997955	0	0
2016-Jan-05 11:51:38	PI_11	977	2	1	997955	0	0
2016-Jan-05 11:51:40	PI_11	978	2	2	1405754	0	0,1
2016-Jan-05 11:51:42	PI_11	979	2	2	1405754	0	0,1
2016-Jan-05 11:51:44	PI_11	980	2	2	1405754	0	0,1
2016-Jan-05 11:51:46	PI_11	981	2	2	1405754	0	0,1
2016-Jan-05 11:51:48	PI_11	982	2	1	997955	0	0
2016-Jan-05 11:51:50	PI_11	983	2	1	997955	0	0
2016-Jan-05 11:51:52	PI_11	984	2	1	997955	0	0
2016-Jan-05 11:51:54	PI_11	985	2	1	997955	0	0
2016-Jan-05 11:51:56	PI_11	986	2	1	997955	0	0
2016-Jan-05 11:51:58	PI_11	987	2	1	997955	0	0
2016-Jan-05 11:52:00	PI_11	988	2	1	997955	0	0
2016-Jan-05 11:52:02	PI_11	989	2	2	1405754	0	0,1
2016-Jan-05 11:52:04	PI_11	990	2	2	1405754	0	0,1
2016-Jan-05 11:52:06	PI_11	991	2	2	1405754	0	0,1
2016-Jan-05 11:52:08	PI_11	992	2	1	997955	0	0
2016-Jan-05 11:52:10	PI_11	993	2	1	997955	0	0
2016-Jan-05 11:52:12	PI_11	994	2	1	997955	0	0
2016-Jan-05 11:52:14	PI_11	995	2	1	997955	0	0
2016-Jan-05 11:52:16	PI_11	996	2	2	1405754	0	0,1
2016-Jan-05 11:52:18	PI_11	997	2	1	997955	0	0
2016-Jan-05 11:52:20	PI_11	998	2	1	997955	0	0
2016-Jan-05 11:52:22	PI_11	999	2	2	1405754	0	0,1
2016-Jan-05 11:52:24	PI_11	1000	2	1	997955	0	0
2016-Jan-05 11:52:26	PI_11	1001	2	2	1405754	0	0,1
2016-Jan-05 11:52:28	PI_11	1002	2	0	642933	0	
2016-Jan-05 11:52:30	PI_11	1003	2	0	642933	0	
2016-Jan-05 11:52:32	PI_11	1004	2	2	1405754	0	0,1
2016-Jan-05 11:52:34	PI_11	1005	2	0	642933	0	
2016-Jan-05 11:52:36	PI_11	1006	2	0	642933	0	
2016-Jan-05 11:52:38	PI_11	1007	2	2	1405754	0	0,1
2016-Jan-05 11:52:40	PI_11	1008	2	2	1405754	0	0,1
2016-Jan-05 11:52:42	PI_11	1009	2	0	642933	0	
2016-Jan-05 11:52:44	PI_11	1010	2	2	1405754	0	0,1
2016-Jan-05 11:52:46	PI_11	1011	2	0	642933	0	
2016-Jan-05 11:52:48	PI_11	1012	2	0	642933	0	
2016-Jan-05 11:52:50	PI_11	1013	2	2	1405754	0	0,1
2016-Jan-05 11:52:52	PI_11	1014	2	0	642933	0	
2016-Jan-05 11:52:54	PI_11	1015	2	0	642933	0	
2016-Jan-05 11:52:56	PI_11	1016	2	0	642933	0	
2016-Jan-05 11:52:58	PI_11	1017	2	0	642933	0	
2016-Jan-05 11:53:00	PI_11	1018	2	0	642933	0	
2016-Jan-05 11:53:02	PI_11	1019	2	0	642933	0	
2016-Jan-05 11:53:04	PI_11	1020	2	0	642933	0	
2016-Jan-05 11:53:06	PI_11	1021	2	0	642933	0	
2016-Jan-05 11:53:08	PI_11	1022	2	0	642933	0	
2016-Jan-05 11:53:10	PI_11	1023	2	0	642933	0	
2016-Jan-05 11:53:12	PI_11	1024	2	0	642933	0	
2016-Jan-05 11:53:14	PI_11	1025	2	0	642933	0	
2016-Jan-05 11:53:16	PI_11	1026	2	2	1405754	0	0,1
2016-Jan-05 11:53:18	PI_11	1027	2	2	1405754	0	0,1
2016-Jan-05 11:53:20	PI_11	1028	2	1	997955	0	0
2016-Jan-05 11:53:22	PI_11	1029	2	1	997955	0	0
2016-Jan-05 11:53:24	PI_11	1030	2	1	997955	0	0
2016-Jan-05 11:53:26	PI_11	1031	2	2	1405754	0	0,1
2016-Jan-05 11:53:28	PI_11	1032	2	1	997955	0	0
2016-Jan-05 11:53:30	PI_11	1033	2	2	1405754	0	0,1
2016-Jan-05 11:53:32	PI_11	1034	2	2	1405754	0	0,1
2016-Jan-05 11:53:34	PI_11	1035	2	2	1405754	0	0,1
2016-Jan-05 11:53:36	PI_11	1036	2	2	1405754	0	0,1
2016-Jan-05 11:53:38	PI_11	1037	2	0	642933	0	
2016-Jan-05 11:53:40	PI_11	1038	2	1	997955	0	0
2016-Jan-05 11:53:42	PI_11	1039	2	1	997955	0	0
2016-Jan-05 11:53:44	PI_11	1040	2	1	997955	0	0
2016-Jan-05 11:53:46	PI_11	1041	2	0	642933	0	
2016-Jan-05 11:53:48	PI_11	1042	2	0	642933	0	
2016-Jan-05 11:53:50	PI_11	1043	2	1	997955	0	0
2016-Jan-05 11:53:52	PI_11	1044	2	1	997955	0	0
2016-Jan-05 11:53:54	PI_11	1045	2	0	642933	0	
2016-Jan-05 11:53:56	PI_11	1046	2	1	997955	0	0
2016-Jan-05 11:53:58	PI_11	1047	2	0	642933	0	
2016-Jan-05 11:54:00	PI_11	1048	2	1	997955	0	0
2016-Jan-05 11:54:02	PI_11	1049	2	0	642933	0	
2016-Jan-05 11:54:04	PI_11	1050	2	1	997955	0	0
2016-Jan-05 11:54:06	PI_11	1051	2	0	642933	0	
2016-Jan-05 11:54:08	PI_11	1052	2	1	997955	0	0
2016-Jan-05 11:54:10	PI_11	1053	2	1	997955	0	0
2016-Jan-05 11:54:12	PI_11	1054	2	1	997955	0	0
2016-Jan-05 11:54:14	PI_11	1055	2	1	997955	0	0
2016-Jan-05 11:54:16	PI_11	1056	2	1	997955	0	0
2016-Jan-05 11:54:18	PI_11	1057	2	1	997955	0	0
2016-Jan-05 11:54:20	PI_11	1058	2	2	1405754	0	0,1
2016-Jan-05 11:54:22	PI_11	1059	2	1	997955	0	0
2016-Jan-05 11:54:24	PI_11	1060	2	2	1405754	0	0,1
2016-Jan-05 11:54:26	PI_11	1061	2	2	1405754	0	0,1
2016-Jan-05 11:54:28	PI_11	1062	2	2	1405754	0	0,1
2016-Jan-05 11:54:30	PI_11	1063	2	2	1405754	0	0,1
2016-Jan-05 11:54:32	PI_11	1064	2	2	1405754	0	0,1
2016-Jan-05 11:54:34	PI_11	1065	2	2	1405754	0	0,1
2016-Jan-05 11:54:36	PI_11	1066	2	1	997955	0	0
2016-Jan-05 11:54:38	PI_11	1067	2	1	997955	0	0
2016-Jan-05 11:54:40	PI_11	1068	2	1	997955	0	0
2016-Jan-05 11:54:42	PI_11	1069	2	1	997955	0	0
2016-Jan-05 11:54:44	PI_11	1070	2	1	997955	0	0
2016-Jan-05 11:54:46	PI_11	1071	2	1	997955	0	0
2016-Jan-05 11:54:48	PI_11	1072	2	1	997955	0	0
2016-Jan-05 11:54:50	PI_11	1073	2	2	1405754	0	0,1
2016-Jan-05 11:54:52	PI_11	1074	2	2	1405754	0	0,1
2016-Jan-05 11:54:54	PI_11	1075	2	1	997955	0	0
2016-Jan-05 11:54:56	PI_11	1076	2	2	1405754	0	0,1
2016-Jan-05 11:54:58	PI_11	1077	2	1	997955	0	0
2016-Jan-05 11:55:00	PI_11	1078	2	1	997955	0	0
2016-Jan-05 11:55:02	PI_11	1079	2	2	1405754	0	0,1
2016-Jan-05 11:55:04	PI_11	1080	2	0	642933	0	
2016-Jan-05 11:55:06	PI_11	1081	2	0	642933	0	
2016-Jan-05 11:55:08	PI_11	1082	2	0	642933	0	
2016-Jan-05 11:55:10	PI_11	1083	2	0	642933	0	
2016-Jan-05 11:55:12	PI_11	1084	2	2	1405754	0	0,1
2016-Jan-05 11:55:14	PI_11	1085	2	0	642933	0	
2016-Jan-05 11:55:16	PI_11	1086	2	0	642933	0	
2016-Jan-05 11:55:18	PI_11	1087	2	0	642933	0	
2016-Jan-05 11:55:20	PI_11	1088	2	0	642933	0	
2016-Jan-05 11:55:22	PI_11	1089	2	0	642933	0	
2016-Jan-05 11:55:24	PI_11	1090	2	2	1405754	0	0,1
2016-Jan-05 11:55:26	PI_11	1091	2	0	642933	0	
2016-Jan-05 11:55:28	PI_11	1092	2	0	642933	0	
2016-Jan-05 11:55:30	PI_11	1093	2	0	642933	0	
2016-Jan-05 11:55:32	PI_11	1094	2	0	642933	0	
2016-Jan-05 11:55:34	PI_11	1095	2	2	1405754	0	0,1
2016-Jan-05 11:55:36	PI_11	1096	2	0	642933	0	
2016-Jan-05 11:55:38	PI_11	1097	2	0	642933	0	
2016-Jan-05 11:55:40	PI_11	1098	2	2	1405754	0	0,1
2016-Jan-05 11:55:42	PI_11	1099	2	0	642933	0	
2016-Jan-05 11:55:44	PI_11	1100	2	0	642933	0	
2016-Jan-05 11:55:46	PI_11	1101	2	0	642933	0	
2016-Jan-05 11:55:48	PI_11	1102	2	2	1405754	0	0,1
2016-Jan-05 11:55:50	PI_11	1103	2	0	642933	0	
2016-Jan-05 11:55:52	PI_11	1104	2	2	1405754	0	0,1
2016-Jan-05 11:55:54	PI_11	1105	2	2	1405754	0	0,1
2016-Jan-05 11:55:56	PI_11	1106	2	2	1405754	0	0,1
2016-Jan-05 11:55:58	PI_11	1107	2	0	642933	0	
2016-Jan-05 11:56:00	PI_11	1108	2	0	642933	0	
2016-Jan-05 11:56:02	PI_11	1109	2	0	642933	0	
2016-Jan-05 11:56:04	PI_11	1110	2	1	997955	0	0
2016-Jan-05 11:56:06	PI_11	1111	2	1	997955	0	0
2016-Jan-05 11:56:08	PI_11	1112	2	1	997955	0	0
2016-Jan-05 11:56:10	PI_11	1113	2	2	1405754	0	0,1
2016-Jan-05 11:56:12	PI_11	1114	2	0	642933	0	
2016-Jan-05 11:56:14	PI_11	1115	2	2	1405754	0	0,1
2016-Jan-05 11:56:16	PI_11	1116	2	0	642933	0	
2016-Jan-05 11:56:18	PI_11	1117	2	0	642933	0	
2016-Jan-05 11:56:20	PI_11	1118	2	0	642933	0	
2016-Jan-05 11:56:22	PI_11	1119	2	2	1405754	0	0,1
2016-Jan-05 11:56:24	PI_11	1120	2	0	642933	0	
2016-Jan-05 11:56:26	PI_11	1121	2	0	642933	0	
2016-Jan-05 11:56:28	PI_11	1122	2	0	642933	0	
2016-Jan-05 11:56:30	PI_11	1123	2	0	642933	0	
2016-Jan-05 11:56:32	PI_11	1124	2	0	642933	0	
2016-Jan-05 11:56:34	PI_11	1125	2	0	642933	0	
2016-Jan-05 11:56:36	PI_11	1126	2	0	642933	0	
2016-Jan-05 11:56:38	PI_11	1127	2	0	642933	0	
2016-Jan-05 11:56:40	PI_11	1128	2	0	642933	0	
2016-Jan-05 11:56:42	PI_11	1129	2	0	642933	0	
2016-Jan-05 11:56:44	PI_11	1130	2	0	642933	0	
2016-Jan-05 11:56:46	PI_11	1131	2	0	642933	0	
2016-Jan-05 11:56:48	PI_11	1132	2	0	642933	0	
2016-Jan-05 11:56:50	PI_11	1133	2	2	1405754	0	0,1
2016-Jan-05 11:56:52	PI_11	1134	2	0	642933	0	
2016-Jan-05 11:56:54	PI_11	1135	2	2	1405754	0	0,1
2016-Jan-05 11:56:56	PI_11	1136	2	0	642933	0	
2016-Jan-05 11:56:58	PI_11	1137	2	0	642933	0	
2016-Jan-05 11:57:00	PI_11	1138	2	0	642933	0	
2016-Jan-05 11:57:02	PI_11	1139	2	0	642933	0	
2016-Jan-05 11:57:04	PI_11	1140	2	2	1405754	0	0,1
2016-Jan-05 11:57:06	PI_11	1141	2	0	642933	0	
2016-Jan-05 11:57:08	PI_11	1142	2	2	1405754	0	0,1
2016-Jan-05 11:57:10	PI_11	1143	2	0	642933	0	
2016-Jan-05 11:57:12	PI_11	1144	2	2	1405754	0	0,1
2016-Jan-05 11:57:14	PI_11	1145	2	1	997955	0	0
2016-Jan-05 11:57:16	PI_11	1146	2	1	997955	0	0
2016-Jan-05 11:57:18	PI_11	1147	2	1	997955	0	0
2016-Jan-05 11:57:20	PI_11	1148	2	1	997955	0	0
2016-Jan-05 11:57:22	PI_11	1149	2	1	997955	0	0
2016-Jan-05 11:57:24	PI_11	1150	2	1	997955	0	0
2016-Jan-05 11:57:26	PI_11	1151	2	0	642933	0	
2016-Jan-05 11:57:28	PI_11	1152	2	1	997955	0	0
2016-Jan-05 11:57:30	PI_11	1153	2	1	997955	0	0
2016-Jan-05 11:57:32	PI_11	1154	2	0	642933	0	
2016-Jan-05 11:57:34	PI_11	1155	2	2	1405754	0	0,1
2016-Jan-05 11:57:36	PI_11	1156	2	0	642933	0	
2016-Jan-05 11:57:38	PI_11	1157	2	0	642933	0	
2016-Jan-05 11:57:40	PI_11	1158	2	0	642933	0	
2016-Jan-05 11:57:42	PI_11	1159	2	0	642933	0	
2016-Jan-05 11:57:44	PI_11	1160	2	0	642933	0	
2016-Jan-05 11:57:46	PI_11	1161	2	0	642933	0	
2016-Jan-05 11:57:48	PI_11	1162	2	2	1405754	0	0,1
2016-Jan-05 11:57:50	PI_11	1163	2	0	642933	0	
2016-Jan-05 11:57:52	PI_11	1164	2	0	642933	0	
2016-Jan-05 11:57:54	PI_11	1165	2	0	642933	0	
2016-Jan-05 11:57:56	PI_11	1166	2	0	642933	0	
2016-Jan-05 11:57:58	PI_11	1167	2	0	642933	0	
2016-Jan-05 11:58:00	PI_11	1168	2	0	642933	0	
2016-Jan-05 11:58:02	PI_11	1169	2	0	642933	0	
2016-Jan-05 11:58:04	PI_11	1170	2	0	642933	0	
2016-Jan-05 11:58:06	PI_11	1171	2	0	642933	0	
2016-Jan-05 11:58:08	PI_11	1172	2	0	642933	0	
2016-Jan-05 11:58:10	PI_11	1173	2	0	642933	0	
2016-Jan-05 11:58:12	PI_11	1174	2	0	642933	0	
2016-Jan-05 11:58:14	PI_11	1175	2	0	642933	0	
2016-Jan-05 11:58:16	PI_11	1176	2	0	642933	0	
2016-Jan-05 11:58:18	PI_11	1177	2	0	642933	0	
2016-Jan-05 11:58:20	PI_11	1178	2	0	642933	0	
2016-Jan-05 11:58:22	PI_11	1179	2	0	642933	0	
2016-Jan-05 11:58:24	PI_11	1180	2	0	642933	0	
2016-Jan-05 11:58:26	PI_11	1181	2	0	642933	0	
2016-Jan-05 11:58:28	PI_11	1182	2	0	642933	0	
2016-Jan-05 11:58:30	PI_11	1183	2	0	642933	0	
2016-Jan-05 11:58:32	PI_11	1184	2	0	642933	0	
2016-Jan-05 11:58:34	PI_11	1185	2	0	642933	0	
2016-Jan-05 11:58:36	PI_11	1186	2	0	642933	0	
2016-Jan-05 11:58:38	PI_11	1187	2	2	1405754	0	0,1
2016-Jan-05 11:58:40	PI_11	1188	2	0	642933	0	
2016-Jan-05 11:58:42	PI_11	1189	2	0	642933	0	
2016-Jan-05 11:58:44	PI_11	1190	2	2	1405754	0	0,1
2016-Jan-05 11:58:46	PI_11	1191	2	0	642933	0	
2016-Jan-05 11:58:48	PI_11	1192	2	0	642933	0	
2016-Jan-05 11:58:50	PI_11	1193	2	0	642933	0	
2016-Jan-05 11:58:52	PI_11	1194	2	2	1405754	0	0,1
2016-Jan-05 11:58:54	PI_11	1195	2	0	642933	0	
2016-Jan-05 11:58:56	PI_11	1196	2	0	642933	0	
2016-Jan-05 11:58:58	PI_11	1197	2	0	642933	0	
2016-Jan-05 11:59:00	PI_11	1198	2	0	642933	0	
2016-Jan-05 11:59:02	PI_11	1199	2	0	642933	0	
2016-Jan-05 11:59:04	PI_11	1200	2	0	642933	0	
2016-Jan-05 11:59:06	PI_11	1201	2	2	1405754	0	0,1
2016-Jan-05 11:59:08	PI_11	1202	2	0	642933	0	
2016-Jan-05 11:59:10	PI_11	1203	2	0	642933	0	
2016-Jan-05 11:59:12	PI_11	1204	2	2	1405754	0	0,1
2016-Jan-05 11:59:14	PI_11	1205	2	0	642933	0	
2016-Jan-05 11:59:16	PI_11	1206	2	2	1405754	0	0,1
2016-Jan-05 11:59:18	PI_11	1207	2	1	997955	0	0
2016-Jan-05 11:59:20	PI_11	1208	2	1	997955	0	0
2016-Jan-05 11:59:22	PI_11	1209	2	1	997955	0	0
2016-Jan-05 11:59:24	PI_11	1210	2	1	997955	0	0
2016-Jan-05 11:59:26	PI_11	1211	2	2	1405754	0	0,1
2016-Jan-05 11:59:28	PI_11	1212	2	1	997955	0	0
2016-Jan-05 11:59:30	PI_11	1213	2	1	997955	0	0
2016-Jan-05 11:59:32	PI_11	1214	2	1	997955	0	0
2016-Jan-05 11:59:34	PI_11	1215	2	1	997955	0	0
2016-Jan-05 11:59:36	PI_11	1216	2	1	997955	0	0
2016-Jan-05 11:59:38	PI_11	1217	2	2	1405754	0	0,1
2016-Jan-05 11:59:40	PI_11	1218	2	0	642933	0	
2016-Jan-05 11:59:42	PI_11	1219	2	0	642933	0	
2016-Jan-05 11:59:44	PI_11	1220	2	1	997955	0	0
2016-Jan-05 11:59:46	PI_11	1221	2	0	642933	0	
2016-Jan-05 11:59:48	PI_11	1222	2	1	997955	0	0
2016-Jan-05 11:59:50	PI_11	1223	2	0	642933	0	
2016-Jan-05 11:59:52	PI_11	1224	2	1	997955	0	0
2016-Jan-05 11:59:54	PI_11	1225	2	0	642933	0	
2016-Jan-05 11:59:56	PI_11	1226	2	1	997955	0	0
2016-Jan-05 11:59:58	PI_11	1227	2	0	642933	0	
2016-Jan-05 12:00:00	PI_11	1228	2	0	642933	0	
2016-Jan-05 12:00:02	PI_11	1229	2	1	997955	0	0
2016-Jan-05 12:00:04	PI_11	1230	2	1	997955	0	0
2016-Jan-05 12:00:06	PI_11	1231	2	0	642933	0	
2016-Jan-05 12:00:08	PI_11	1232	2	2	1405754	0	0,1
2016-Jan-05 12:00:10	PI_11	1233	2	0	642933	0	
2016-Jan-05 12:00:12	PI_11	1234	2	0	642933	0	
2016-Jan-05 12:00:14	PI_11	1235	2	0	642933	0	
2016-Jan-05 12:00:16	PI_11	1236	2	2	1405754	0	0,1
2016-Jan-05 12:00:18	PI_11	1237	2	0	642933	0	
2016-Jan-05 12:00:20	PI_11	1238	2	0	642933	0	
2016-Jan-05 12:00:22	PI_11	1239	2	2	1405754	0	0,1
2016-Jan-05 12:00:24	PI_11	1240	2	0	642933	0	
2016-Jan-05 12:00:26	PI_11	1241	2	2	1405754	0	0,1
2016-Jan-05 12:00:28	PI_11	1242	2	2	1405754	0	0,1
2016-Jan-05 12:00:30	PI_11	1243	2	0	642933	0	
2016-Jan-05 12:00:32	PI_11	1244	2	0	642933	0	
2016-Jan-05 12:00:34	PI_11	1245	2	2	1405754	0	0,1
2016-Jan-05 12:00:36	PI_11	1246	2	0	642933	0	
2016-Jan-05 12:00:38	PI_11	1247	2	2	1405754	0	0,1
2016-Jan-05 12:00:40	PI_11	1248	2	0	642933	0	
2016-Jan-05 12:00:42	PI_11	1249	2	2	1405754	0	0,1
2016-Jan-05 12:00:44	PI_11	1250	2	0	642933	0	
2016-Jan-05 12:00:46	PI_11	1251	2	0	642933	0	
2016-Jan-05 12:00:48	PI_11	1252	2	2	1405754	0	0,1
2016-Jan-05 12:00:50	PI_11	1253	2	0	642933	0	
2016-Jan-05 12:00:52	PI_11	1254	2	2	1405754	0	0,1
2016-Jan-05 12:00:54	PI_11	1255	2	0	642933	0	
2016-Jan-05 12:00:56	PI_11	1256	2	2	1405754	0	0,1
2016-Jan-05 12:00:58	PI_11	1257	2	0	642933	0	
2016-Jan-05 12:01:00	PI_11	1258	2	2	1405754	0	0,1
2016-Jan-05 12:01:02	PI_11	1259	2	0	642933	0	
2016-Jan-05 12:01:04	PI_11	1260	2	2	1405754	0	0,1
2016-Jan-05 12:01:06	PI_11	1261	2	0	642933	0	
2016-Jan-05 12:01:08	PI_11	1262	2	0	642933	0	
2016-Jan-05 12:01:10	PI_11	1263	2	0	642933	0	
2016-Jan-05 12:01:12	PI_11	1264	2	0	642933	0	
2016-Jan-05 12:01:14	PI_11	1265	2	0	642933	0	
2016-Jan-05 12:01:16	PI_11	1266	2	0	642933	0	
2016-Jan-05 12:01:18	PI_11	1267	2	0	642933	0	
2016-Jan-05 12:01:20	PI_11	1268	2	0	642933	0	
2016-Jan-05 12:01:22	PI_11	1269	2	0	642933	0	
2016-Jan-05 12:01:24	PI_11	1270	2	0	642933	0	
2016-Jan-05 12:01:26	PI_11	1271	2	0	642933	0	
2016-Jan-05 12:01:28	PI_11	1272	2	0	642933	0	
2016-Jan-05 12:01:30	PI_11	1273	2	0	642933	0	
2016-Jan-05 12:01:32	PI_11	1274	2	0	642933	0	
2016-Jan-05 12:01:34	PI_11	1275	2	2	1405754	0	0,1
2016-Jan-05 12:01:36	PI_11	1276	2	0	642933	0	
2016-Jan-05 12:01:38	PI_11	1277	2	0	642933	0	
2016-Jan-05 12:01:40	PI_11	1278	2	0	642933	0	
2016-Jan-05 12:01:42	PI_11	1279	2	0	642933	0	
2016-Jan-05 12:01:44	PI_11	1280	2	0	642933	0	
2016-Jan-05 12:01:46	PI_11	1281	2	2	1405754	0	0,1
2016-Jan-05 12:01:48	PI_11	1282	2	0	642933	0	
2016-Jan-05 12:01:50	PI_11	1283	2	0	642933	0	
2016-Jan-05 12:01:52	PI_11	1284	2	0	642933	0	
2016-Jan-05 12:01:54	PI_11	1285	2	0	642933	0	
2016-Jan-05 12:01:56	PI_11	1286	2	2	1405754	0	0,1
2016-Jan-05 12:01:58	PI_11	1287	2	0	642933	0	
2016-Jan-05 12:02:00	PI_11	1288	2	2	1405754	0	0,1
2016-Jan-05 12:02:02	PI_11	1289	2	2	1405754	0	0,1
2016-Jan-05 12:02:04	PI_11	1290	2	1	997955	0	0
2016-Jan-05 12:02:06	PI_11	1291	2	2	1405754	0	0,1
2016-Jan-05 12:02:08	PI_11	1292	2	1	997955	0	0
2016-Jan-05 12:02:10	PI_11	1293	2	1	997955	0	0
2016-Jan-05 12:02:12	PI_11	1294	2	2	1405754	0	0,1
2016-Jan-05 12:02:14	PI_11	1295	2	1	997955	0	0
2016-Jan-05 12:02:16	PI_11	1296	2	1	997955	0	0
2016-Jan-05 12:02:18	PI_11	1297	2	2	1405754	0	0,1
2016-Jan-05 12:02:20	PI_11	1298	2	0	642933	0	
2016-Jan-05 12:02:22	PI_11	1299	2	0	642933	0	
2016-Jan-05 12:02:24	PI_11	1300	2	2	1405754	0	0,1
2016-Jan-05 12:02:26	PI_11	1301	2	0	642933	0	
2016-Jan-05 12:02:28	PI_11	1302	2	0	642933	0	
2016-Jan-05 12:02:30	PI_11	1303	2	0	642933	0	
2016-Jan-05 12:02:32	PI_11	1304	2	0	642933	0	
2016-Jan-05 12:02:34	PI_11	1305	2	0	642933	0	
2016-Jan-05 12:02:36	PI_11	1306	2	2	1405754	0	0,1
2016-Jan-05 12:02:38	PI_11	1307	2	0	642933	0	
2016-Jan-05 12:02:40	PI_11	1308	2	0	642933	0	
2016-Jan-05 12:02:42	PI_11	1309	2	0	642933	0	
2016-Jan-05 12:02:44	PI_11	1310	2	0	642933	0	
2016-Jan-05 12:02:46	PI_11	1311	2	0	642933	0	
2016-Jan-05 12:02:48	PI_11	1312	2	0	642933	0	
2016-Jan-05 12:02:50	PI_11	1313	2	0	642933	0	
2016-Jan-05 12:02:52	PI_11	1314	2	2	1405754	0	0,1
2016-Jan-05 12:02:54	PI_11	1315	2	0	642933	0	
2016-Jan-05 12:02:56	PI_11	1316	2	0	642933	0	
2016-Jan-05 12:02:58	PI_11	1317	2	0	642933	0	
2016-Jan-05 12:03:00	PI_11	1318	2	0	642933	0	
2016-Jan-05 12:03:02	PI_11	1319	2	0	642933	0	
2016-Jan-05 12:03:04	PI_11	1320	2	2	1405754	0	0,1
2016-Jan-05 12:03:06	PI_11	1321	2	0	642933	0	
2016-Jan-05 12:03:08	PI_11	1322	2	0	642933	0	
2016-Jan-05 12:03:10	PI_11	1323	2	1	997955	0	0
2016-Jan-05 12:03:12	PI_11	1324	2	2	1405754	0	0,1
2016-Jan-05 12:03:14	PI_11	1325	2	0	642933	0	
2016-Jan-05 12:03:16	PI_11	1326	2	2	1405754	0	0,1
2016-Jan-05 12:03:18	PI_11	1327	2	0	642933	0	
2016-Jan-05 12:03:20	PI_11	1328	2	2	1405754	0	0,1
2016-Jan-05 12:03:22	PI_11	1329	2	0	642933	0	
2016-Jan-05 12:03:24	PI_11	1330	2	0	642933	0	
2016-Jan-05 12:03:26	PI_11	1331	2	2	1405754	0	0,1
2016-Jan-05 12:03:28	PI_11	1332	2	0	642933	0	
2016-Jan-05 12:03:30	PI_11	1333	2	0	642933	0	
2016-Jan-05 12:03:32	PI_11	1334	2	0	642933	0	
2016-Jan-05 12:03:34	PI_11	1335	2	2	1405754	0	0,1
2016-Jan-05 12:03:36	PI_11	1336	2	0	642933	0	
2016-Jan-05 12:03:38	PI_11	1337	2	2	1405754	0	0,1
2016-Jan-05 12:03:40	PI_11	1338	2	0	642933	0	
2016-Jan-05 12:03:42	PI_11	1339	2	0	642933	0	
2016-Jan-05 12:03:44	PI_11	1340	2	0	642933	0	
2016-Jan-05 12:03:46	PI_11	1341	2	2	1405754	0	0,1
2016-Jan-05 12:03:48	PI_11	1342	2	0	642933	0	
2016-Jan-05 12:03:50	PI_11	1343	2	0	642933	0	
2016-Jan-05 12:03:52	PI_11	1344	2	2	1405754	0	0,1
2016-Jan-05 12:03:54	PI_11	1345	2	0	642933	0	
2016-Jan-05 12:03:56	PI_11	1346	2	0	642933	0	
2016-Jan-05 12:03:58	PI_11	1347	2	2	1405754	0	0,1
2016-Jan-05 12:04:00	PI_11	1348	2	0	642933	0	
2016-Jan-05 12:04:02	PI_11	1349	2	0	642933	0	
2016-Jan-05 12:04:04	PI_11	1350	2	0	642933	0	
2016-Jan-05 12:04:06	PI_11	1351	2	0	642933	0	
2016-Jan-05 12:04:08	PI_11	1352	2	2	1405754	0	0,1
2016-Jan-05 12:04:10	PI_11	1353	2	0	642933	0	
2016-Jan-05 12:04:12	PI_11	1354	2	0	642933	0	
2016-Jan-05 12:04:14	PI_11	1355	2	0	642933	0	
2016-Jan-05 12:04:16	PI_11	1356	2	0	642933	0	
2016-Jan-05 12:04:18	PI_11	1357	2	0	642933	0	
2016-Jan-05 12:04:20	PI_11	1358	2	0	642933	0	
2016-Jan-05 12:04:22	PI_11	1359	2	0	642933	0	
2016-Jan-05 12:04:24	PI_11	1360	2	0	642933	0	
2016-Jan-05 12:04:26	PI_11	1361	2	0	642933	0	
2016-Jan-05 12:04:28	PI_11	1362	2	0	642933	0	
2016-Jan-05 12:04:30	PI_11	1363	2	0	642933	0	
2016-Jan-05 12:04:32	PI_11	1364	2	0	642933	0	
2016-Jan-05 12:04:34	PI_11	1365	2	0	642933	0	
2016-Jan-05 12:04:36	PI_11	1366	2	0	642933	0	
2016-Jan-05 12:04:38	PI_11	1367	2	0	642933	0	
2016-Jan-05 12:04:40	PI_11	1368	2	0	642933	0	
2016-Jan-05 12:04:42	PI_11	1369	2	0	642933	0	
2016-Jan-05 12:04:44	PI_11	1370	2	0	642933	0	
2016-Jan-05 12:04:46	PI_11	1371	2	0	642933	0	
2016-Jan-05 12:04:48	PI_11	1372	2	0	642933	0	
2016-Jan-05 12:04:50	PI_11	1373	2	2	1405754	0	0,1
2016-Jan-05 12:04:52	PI_11	1374	2	0	642933	0	
2016-Jan-05 12:04:54	PI_11	1375	2	0	642933	0	
2016-Jan-05 12:04:56	PI_11	1376	2	2	1405754	0	0,1
2016-Jan-05 12:04:58	PI_11	1377	2	2	1405754	0	0,1
2016-Jan-05 12:05:00	PI_11	1378	2	2	1405754	0	0,1
2016-Jan-05 12:05:02	PI_11	1379	2	0	642933	0	
2016-Jan-05 12:05:04	PI_11	1380	2	2	1405754	0	0,1
2016-Jan-05 12:05:06	PI_11	1381	2	1	997955	0	0
2016-Jan-05 12:05:08	PI_11	1382	2	1	997955	0	0
2016-Jan-05 12:05:10	PI_11	1383	2	1	997955	0	0
2016-Jan-05 12:05:12	PI_11	1384	2	1	997955	0	0
2016-Jan-05 12:05:14	PI_11	1385	2	1	997955	0	0
2016-Jan-05 12:05:16	PI_11	1386	2	1	997955	0	0
2016-Jan-05 12:05:18	PI_11	1387	2	1	997955	0	0
2016-Jan-05 12:05:20	PI_11	1388	2	1	997955	0	0
2016-Jan-05 12:05:22	PI_11	1389	2	1	997955	0	0
2016-Jan-05 12:05:24	PI_11	1390	2	1	997955	0	0
2016-Jan-05 12:05:26	PI_11	1391	2	1	997955	0	0
2016-Jan-05 12:05:28	PI_11	1392	2	1	997955	0	0
2016-Jan-05 12:05:30	PI_11	1393	2	1	997955	0	0
2016-Jan-05 12:05:32	PI_11	1394	2	1	997955	0	0
2016-Jan-05 12:05:34	PI_11	1395	2	1	997955	0	0
2016-Jan-05 12:05:36	PI_11	1396	2	0	642933	0	
2016-Jan-05 12:05:38	PI_11	1397	2	1	997955	0	0
2016-Jan-05 12:05:40	PI_11	1398	2	1	997955	0	0
2016-Jan-05 12:05:42	PI_11	1399	2	1	997955	0	0
2016-Jan-05 12:05:44	PI_11	1400	2	1	997955	0	0
2016-Jan-05 12:05:46	PI_11	1401	2	1	997955	0	0
2016-Jan-05 12:05:48	PI_11	1402	2	1	997955	0	0
2016-Jan-05 12:05:50	PI_11	1403	2	1	997955	0	0
2016-Jan-05 12:05:52	PI_11	1404	2	1	997955	0	0
2016-Jan-05 12:05:54	PI_11	1405	2	1	997955	0	0
2016-Jan-05 12:05:56	PI_11	1406	2	1	997955	0	0
2016-Jan-05 12:05:58	PI_11	1407	2	1	997955	0	0
2016-Jan-05 12:06:00	PI_11	1408	2	1	997955	0	0
2016-Jan-05 12:06:02	PI_11	1409	2	1	997955	0	0
2016-Jan-05 12:06:04	PI_11	1410	2	1	997955	0	0
2016-Jan-05 12:06:06	PI_11	1411	2	1	997955	0	0
2016-Jan-05 12:06:08	PI_11	1412	2	0	642933	0	
2016-Jan-05 12:06:10	PI_11	1413	2	2	1405754	0	0,1
2016-Jan-05 12:06:12	PI_11	1414	2	0	642933	0	
2016-Jan-05 12:06:14	PI_11	1415	2	0	642933	0	
2016-Jan-05 12:06:16	PI_11	1416	2	0	642933	0	
2016-Jan-05 12:06:18	PI_11	1417	2	0	642933	0	
2016-Jan-05 12:06:20	PI_11	1418	2	0	642933	0	
2016-Jan-05 12:06:22	PI_11	1419	2	0	642933	0	
2016-Jan-05 12:06:24	PI_11	1420	2	0	642933	0	
2016-Jan-05 12:06:26	PI_11	1421	2	0	642933	0	
2016-Jan-05 12:06:28	PI_11	1422	2	0	642933	0	
2016-Jan-05 12:06:30	PI_11	1423	2	0	642933	0	
2016-Jan-05 12:06:32	PI_11	1424	2	0	642933	0	
2016-Jan-05 12:06:34	PI_11	1425	2	0	642933	0	
2016-Jan-05 12:06:36	PI_11	1426	2	0	642933	0	
2016-Jan-05 12:06:38	PI_11	1427	2	0	642933	0	
2016-Jan-05 12:06:40	PI_11	1428	2	0	642933	0	
2016-Jan-05 12:06:42	PI_11	1429	2	0	642933	0	
2016-Jan-05 12:06:44	PI_11	1430	2	2	1405754	0	0,1
2016-Jan-05 12:06:46	PI_11	1431	2	2	1405754	0	0,1
2016-Jan-05 12:06:48	PI_11	1432	2	0	642933	0	
2016-Jan-05 12:06:50	PI_11	1433	2	1	997955	0	0
2016-Jan-05 12:06:52	PI_11	1434	2	1	997955	0	0
