Time	Node	SegmentNumber	SegmentDuration(sec)	SegmentRepID	SegmentBitrate(bit/s)	StallingTime(msec)	SegmentDepIds
2016-Jan-05 11:19:04	PI_13	0	2	0	642933	1000	
2016-Jan-05 11:19:06	PI_13	1	2	0	642933	0	
2016-Jan-05 11:19:08	PI_13	2	2	0	642933	0	
2016-Jan-05 11:19:10	PI_13	3	2	0	642933	0	
2016-Jan-05 11:19:12	PI_13	4	2	0	642933	0	
2016-Jan-05 11:19:14	PI_13	5	2	0	642933	0	
2016-Jan-05 11:19:16	PI_13	6	2	0	642933	0	
2016-Jan-05 11:19:18	PI_13	7	2	0	642933	0	
2016-Jan-05 11:19:20	PI_13	8	2	0	642933	0	
2016-Jan-05 11:19:22	PI_13	9	2	0	642933	0	
2016-Jan-05 11:19:24	PI_13	10	2	0	642933	0	
2016-Jan-05 11:19:26	PI_13	11	2	0	642933	0	
2016-Jan-05 11:19:28	PI_13	12	2	0	642933	0	
2016-Jan-05 11:19:30	PI_13	13	2	0	642933	0	
2016-Jan-05 11:19:32	PI_13	14	2	0	642933	0	
2016-Jan-05 11:19:34	PI_13	15	2	0	642933	0	
2016-Jan-05 11:19:36	PI_13	16	2	0	642933	0	
2016-Jan-05 11:19:38	PI_13	17	2	0	642933	0	
2016-Jan-05 11:19:40	PI_13	18	2	0	642933	0	
2016-Jan-05 11:19:42	PI_13	19	2	0	642933	0	
2016-Jan-05 11:19:44	PI_13	20	2	0	642933	0	
2016-Jan-05 11:19:46	PI_13	21	2	2	1405754	0	0,1
2016-Jan-05 11:19:48	PI_13	22	2	0	642933	0	
2016-Jan-05 11:19:50	PI_13	23	2	2	1405754	0	0,1
2016-Jan-05 11:19:52	PI_13	24	2	0	642933	0	
2016-Jan-05 11:19:54	PI_13	25	2	0	642933	0	
2016-Jan-05 11:19:56	PI_13	26	2	0	642933	0	
2016-Jan-05 11:19:58	PI_13	27	2	0	642933	0	
2016-Jan-05 11:20:00	PI_13	28	2	2	1405754	0	0,1
2016-Jan-05 11:20:02	PI_13	29	2	0	642933	0	
2016-Jan-05 11:20:04	PI_13	30	2	1	997955	0	0
2016-Jan-05 11:20:06	PI_13	31	2	1	997955	0	0
2016-Jan-05 11:20:08	PI_13	32	2	2	1405754	0	0,1
2016-Jan-05 11:20:10	PI_13	33	2	0	642933	0	
2016-Jan-05 11:20:12	PI_13	34	2	2	1405754	0	0,1
2016-Jan-05 11:20:14	PI_13	35	2	0	642933	0	
2016-Jan-05 11:20:16	PI_13	36	2	0	642933	0	
2016-Jan-05 11:20:18	PI_13	37	2	2	1405754	0	0,1
2016-Jan-05 11:20:20	PI_13	38	2	0	642933	0	
2016-Jan-05 11:20:22	PI_13	39	2	0	642933	0	
2016-Jan-05 11:20:24	PI_13	40	2	0	642933	0	
2016-Jan-05 11:20:26	PI_13	41	2	0	642933	0	
2016-Jan-05 11:20:28	PI_13	42	2	0	642933	0	
2016-Jan-05 11:20:30	PI_13	43	2	0	642933	0	
2016-Jan-05 11:20:32	PI_13	44	2	2	1405754	0	0,1
2016-Jan-05 11:20:34	PI_13	45	2	0	642933	0	
2016-Jan-05 11:20:36	PI_13	46	2	2	1405754	0	0,1
2016-Jan-05 11:20:38	PI_13	47	2	0	642933	0	
2016-Jan-05 11:20:40	PI_13	48	2	1	997955	0	0
2016-Jan-05 11:20:42	PI_13	49	2	0	642933	0	
2016-Jan-05 11:20:44	PI_13	50	2	2	1405754	0	0,1
2016-Jan-05 11:20:46	PI_13	51	2	0	642933	0	
2016-Jan-05 11:20:48	PI_13	52	2	2	1405754	0	0,1
2016-Jan-05 11:20:50	PI_13	53	2	0	642933	0	
2016-Jan-05 11:20:52	PI_13	54	2	0	642933	0	
2016-Jan-05 11:20:54	PI_13	55	2	2	1405754	0	0,1
2016-Jan-05 11:20:56	PI_13	56	2	0	642933	0	
2016-Jan-05 11:20:58	PI_13	57	2	0	642933	0	
2016-Jan-05 11:21:00	PI_13	58	2	0	642933	0	
2016-Jan-05 11:21:02	PI_13	59	2	2	1405754	0	0,1
2016-Jan-05 11:21:04	PI_13	60	2	0	642933	0	
2016-Jan-05 11:21:06	PI_13	61	2	0	642933	0	
2016-Jan-05 11:21:08	PI_13	62	2	0	642933	0	
2016-Jan-05 11:21:10	PI_13	63	2	0	642933	0	
2016-Jan-05 11:21:12	PI_13	64	2	0	642933	0	
2016-Jan-05 11:21:14	PI_13	65	2	0	642933	0	
2016-Jan-05 11:21:16	PI_13	66	2	2	1405754	0	0,1
2016-Jan-05 11:21:18	PI_13	67	2	0	642933	0	
2016-Jan-05 11:21:20	PI_13	68	2	2	1405754	0	0,1
2016-Jan-05 11:21:22	PI_13	69	2	0	642933	0	
2016-Jan-05 11:21:24	PI_13	70	2	0	642933	0	
2016-Jan-05 11:21:26	PI_13	71	2	2	1405754	0	0,1
2016-Jan-05 11:21:28	PI_13	72	2	0	642933	0	
2016-Jan-05 11:21:30	PI_13	73	2	0	642933	0	
2016-Jan-05 11:21:32	PI_13	74	2	0	642933	0	
2016-Jan-05 11:21:34	PI_13	75	2	2	1405754	0	0,1
2016-Jan-05 11:21:36	PI_13	76	2	0	642933	0	
2016-Jan-05 11:21:38	PI_13	77	2	0	642933	0	
2016-Jan-05 11:21:40	PI_13	78	2	0	642933	0	
2016-Jan-05 11:21:42	PI_13	79	2	0	642933	0	
2016-Jan-05 11:21:44	PI_13	80	2	1	997955	0	0
2016-Jan-05 11:21:46	PI_13	81	2	0	642933	0	
2016-Jan-05 11:21:48	PI_13	82	2	0	642933	0	
2016-Jan-05 11:21:50	PI_13	83	2	1	997955	0	0
2016-Jan-05 11:21:52	PI_13	84	2	1	997955	0	0
2016-Jan-05 11:21:54	PI_13	85	2	2	1405754	0	0,1
2016-Jan-05 11:21:56	PI_13	86	2	0	642933	0	
2016-Jan-05 11:21:58	PI_13	87	2	2	1405754	0	0,1
2016-Jan-05 11:22:00	PI_13	88	2	0	642933	0	
2016-Jan-05 11:22:02	PI_13	89	2	0	642933	0	
2016-Jan-05 11:22:04	PI_13	90	2	0	642933	0	
2016-Jan-05 11:22:06	PI_13	91	2	0	642933	0	
2016-Jan-05 11:22:08	PI_13	92	2	0	642933	0	
2016-Jan-05 11:22:10	PI_13	93	2	2	1405754	0	0,1
2016-Jan-05 11:22:12	PI_13	94	2	0	642933	0	
2016-Jan-05 11:22:14	PI_13	95	2	0	642933	0	
2016-Jan-05 11:22:16	PI_13	96	2	0	642933	0	
2016-Jan-05 11:22:18	PI_13	97	2	0	642933	0	
2016-Jan-05 11:22:20	PI_13	98	2	2	1405754	0	0,1
2016-Jan-05 11:22:22	PI_13	99	2	0	642933	0	
2016-Jan-05 11:22:24	PI_13	100	2	0	642933	0	
2016-Jan-05 11:22:26	PI_13	101	2	0	642933	0	
2016-Jan-05 11:22:28	PI_13	102	2	1	997955	0	0
2016-Jan-05 11:22:30	PI_13	103	2	1	997955	0	0
2016-Jan-05 11:22:32	PI_13	104	2	0	642933	0	
2016-Jan-05 11:22:34	PI_13	105	2	1	997955	0	0
2016-Jan-05 11:22:36	PI_13	106	2	0	642933	0	
2016-Jan-05 11:22:38	PI_13	107	2	0	642933	0	
2016-Jan-05 11:22:40	PI_13	108	2	0	642933	0	
2016-Jan-05 11:22:42	PI_13	109	2	2	1405754	0	0,1
2016-Jan-05 11:22:44	PI_13	110	2	0	642933	0	
2016-Jan-05 11:22:46	PI_13	111	2	0	642933	0	
2016-Jan-05 11:22:48	PI_13	112	2	2	1405754	0	0,1
2016-Jan-05 11:22:50	PI_13	113	2	0	642933	0	
2016-Jan-05 11:22:52	PI_13	114	2	0	642933	0	
2016-Jan-05 11:22:54	PI_13	115	2	2	1405754	0	0,1
2016-Jan-05 11:22:56	PI_13	116	2	1	997955	0	0
2016-Jan-05 11:22:58	PI_13	117	2	0	642933	0	
2016-Jan-05 11:23:00	PI_13	118	2	1	997955	0	0
2016-Jan-05 11:23:02	PI_13	119	2	0	642933	0	
2016-Jan-05 11:23:04	PI_13	120	2	1	997955	0	0
2016-Jan-05 11:23:06	PI_13	121	2	2	1405754	0	0,1
2016-Jan-05 11:23:08	PI_13	122	2	0	642933	0	
2016-Jan-05 11:23:10	PI_13	123	2	0	642933	0	
2016-Jan-05 11:23:12	PI_13	124	2	0	642933	0	
2016-Jan-05 11:23:14	PI_13	125	2	0	642933	0	
2016-Jan-05 11:23:16	PI_13	126	2	0	642933	0	
2016-Jan-05 11:23:18	PI_13	127	2	0	642933	0	
2016-Jan-05 11:23:20	PI_13	128	2	0	642933	0	
2016-Jan-05 11:23:22	PI_13	129	2	2	1405754	0	0,1
2016-Jan-05 11:23:24	PI_13	130	2	0	642933	0	
2016-Jan-05 11:23:26	PI_13	131	2	0	642933	0	
2016-Jan-05 11:23:28	PI_13	132	2	2	1405754	0	0,1
2016-Jan-05 11:23:30	PI_13	133	2	0	642933	0	
2016-Jan-05 11:23:32	PI_13	134	2	2	1405754	0	0,1
2016-Jan-05 11:23:34	PI_13	135	2	0	642933	0	
2016-Jan-05 11:23:36	PI_13	136	2	0	642933	0	
2016-Jan-05 11:23:38	PI_13	137	2	0	642933	0	
2016-Jan-05 11:23:40	PI_13	138	2	2	1405754	0	0,1
2016-Jan-05 11:23:42	PI_13	139	2	0	642933	0	
2016-Jan-05 11:23:44	PI_13	140	2	0	642933	0	
2016-Jan-05 11:23:46	PI_13	141	2	2	1405754	0	0,1
2016-Jan-05 11:23:48	PI_13	142	2	0	642933	0	
2016-Jan-05 11:23:50	PI_13	143	2	0	642933	0	
2016-Jan-05 11:23:52	PI_13	144	2	1	997955	0	0
2016-Jan-05 11:23:54	PI_13	145	2	1	997955	0	0
2016-Jan-05 11:23:56	PI_13	146	2	1	997955	0	0
2016-Jan-05 11:23:58	PI_13	147	2	2	1405754	0	0,1
2016-Jan-05 11:24:00	PI_13	148	2	0	642933	0	
2016-Jan-05 11:24:02	PI_13	149	2	0	642933	0	
2016-Jan-05 11:24:04	PI_13	150	2	0	642933	0	
2016-Jan-05 11:24:06	PI_13	151	2	2	1405754	0	0,1
2016-Jan-05 11:24:08	PI_13	152	2	0	642933	0	
2016-Jan-05 11:24:10	PI_13	153	2	0	642933	0	
2016-Jan-05 11:24:12	PI_13	154	2	0	642933	0	
2016-Jan-05 11:24:14	PI_13	155	2	0	642933	0	
2016-Jan-05 11:24:16	PI_13	156	2	2	1405754	0	0,1
2016-Jan-05 11:24:18	PI_13	157	2	0	642933	0	
2016-Jan-05 11:24:20	PI_13	158	2	0	642933	0	
2016-Jan-05 11:24:22	PI_13	159	2	0	642933	0	
2016-Jan-05 11:24:24	PI_13	160	2	0	642933	0	
2016-Jan-05 11:24:26	PI_13	161	2	0	642933	0	
2016-Jan-05 11:24:28	PI_13	162	2	2	1405754	0	0,1
2016-Jan-05 11:24:30	PI_13	163	2	0	642933	0	
2016-Jan-05 11:24:32	PI_13	164	2	0	642933	0	
2016-Jan-05 11:24:34	PI_13	165	2	0	642933	0	
2016-Jan-05 11:24:36	PI_13	166	2	0	642933	0	
2016-Jan-05 11:24:38	PI_13	167	2	2	1405754	0	0,1
2016-Jan-05 11:24:40	PI_13	168	2	0	642933	0	
2016-Jan-05 11:24:42	PI_13	169	2	2	1405754	0	0,1
2016-Jan-05 11:24:44	PI_13	170	2	0	642933	0	
2016-Jan-05 11:24:46	PI_13	171	2	1	997955	0	0
2016-Jan-05 11:24:48	PI_13	172	2	0	642933	0	
2016-Jan-05 11:24:50	PI_13	173	2	0	642933	0	
2016-Jan-05 11:24:52	PI_13	174	2	0	642933	0	
2016-Jan-05 11:24:54	PI_13	175	2	0	642933	0	
2016-Jan-05 11:24:56	PI_13	176	2	0	642933	0	
2016-Jan-05 11:24:58	PI_13	177	2	0	642933	0	
2016-Jan-05 11:25:00	PI_13	178	2	0	642933	0	
2016-Jan-05 11:25:02	PI_13	179	2	0	642933	0	
2016-Jan-05 11:25:04	PI_13	180	2	0	642933	0	
2016-Jan-05 11:25:06	PI_13	181	2	0	642933	0	
2016-Jan-05 11:25:08	PI_13	182	2	0	642933	0	
2016-Jan-05 11:25:10	PI_13	183	2	0	642933	0	
2016-Jan-05 11:25:12	PI_13	184	2	0	642933	0	
2016-Jan-05 11:25:14	PI_13	185	2	0	642933	0	
2016-Jan-05 11:25:16	PI_13	186	2	0	642933	0	
2016-Jan-05 11:25:18	PI_13	187	2	2	1405754	0	0,1
2016-Jan-05 11:25:20	PI_13	188	2	0	642933	0	
2016-Jan-05 11:25:22	PI_13	189	2	2	1405754	0	0,1
2016-Jan-05 11:25:24	PI_13	190	2	0	642933	0	
2016-Jan-05 11:25:26	PI_13	191	2	2	1405754	0	0,1
2016-Jan-05 11:25:28	PI_13	192	2	0	642933	0	
2016-Jan-05 11:25:30	PI_13	193	2	1	997955	0	0
2016-Jan-05 11:25:32	PI_13	194	2	1	997955	0	0
2016-Jan-05 11:25:34	PI_13	195	2	1	997955	0	0
2016-Jan-05 11:25:36	PI_13	196	2	1	997955	0	0
2016-Jan-05 11:25:38	PI_13	197	2	0	642933	0	
2016-Jan-05 11:25:40	PI_13	198	2	2	1405754	0	0,1
2016-Jan-05 11:25:42	PI_13	199	2	2	1405754	0	0,1
2016-Jan-05 11:25:44	PI_13	200	2	0	642933	0	
2016-Jan-05 11:25:46	PI_13	201	2	0	642933	0	
2016-Jan-05 11:25:48	PI_13	202	2	2	1405754	0	0,1
2016-Jan-05 11:25:50	PI_13	203	2	0	642933	0	
2016-Jan-05 11:25:52	PI_13	204	2	2	1405754	0	0,1
2016-Jan-05 11:25:54	PI_13	205	2	0	642933	0	
2016-Jan-05 11:25:56	PI_13	206	2	0	642933	0	
2016-Jan-05 11:25:58	PI_13	207	2	2	1405754	0	0,1
2016-Jan-05 11:26:00	PI_13	208	2	0	642933	0	
2016-Jan-05 11:26:02	PI_13	209	2	0	642933	0	
2016-Jan-05 11:26:04	PI_13	210	2	0	642933	0	
2016-Jan-05 11:26:06	PI_13	211	2	0	642933	0	
2016-Jan-05 11:26:08	PI_13	212	2	0	642933	0	
2016-Jan-05 11:26:10	PI_13	213	2	0	642933	0	
2016-Jan-05 11:26:12	PI_13	214	2	0	642933	0	
2016-Jan-05 11:26:14	PI_13	215	2	1	997955	0	0
2016-Jan-05 11:26:16	PI_13	216	2	0	642933	0	
2016-Jan-05 11:26:18	PI_13	217	2	0	642933	0	
2016-Jan-05 11:26:20	PI_13	218	2	0	642933	0	
2016-Jan-05 11:26:22	PI_13	219	2	0	642933	0	
2016-Jan-05 11:26:24	PI_13	220	2	0	642933	0	
2016-Jan-05 11:26:26	PI_13	221	2	1	997955	0	0
2016-Jan-05 11:26:28	PI_13	222	2	0	642933	0	
2016-Jan-05 11:26:30	PI_13	223	2	0	642933	0	
2016-Jan-05 11:26:32	PI_13	224	2	2	1405754	0	0,1
2016-Jan-05 11:26:34	PI_13	225	2	0	642933	0	
2016-Jan-05 11:26:36	PI_13	226	2	1	997955	0	0
2016-Jan-05 11:26:38	PI_13	227	2	0	642933	0	
2016-Jan-05 11:26:40	PI_13	228	2	1	997955	0	0
2016-Jan-05 11:26:42	PI_13	229	2	1	997955	0	0
2016-Jan-05 11:26:44	PI_13	230	2	1	997955	0	0
2016-Jan-05 11:26:46	PI_13	231	2	1	997955	0	0
2016-Jan-05 11:26:48	PI_13	232	2	2	1405754	0	0,1
2016-Jan-05 11:26:50	PI_13	233	2	1	997955	0	0
2016-Jan-05 11:26:52	PI_13	234	2	2	1405754	0	0,1
2016-Jan-05 11:26:54	PI_13	235	2	0	642933	0	
2016-Jan-05 11:26:56	PI_13	236	2	1	997955	0	0
2016-Jan-05 11:26:58	PI_13	237	2	1	997955	0	0
2016-Jan-05 11:27:00	PI_13	238	2	1	997955	0	0
2016-Jan-05 11:27:02	PI_13	239	2	2	1405754	0	0,1
2016-Jan-05 11:27:04	PI_13	240	2	1	997955	0	0
2016-Jan-05 11:27:06	PI_13	241	2	1	997955	0	0
2016-Jan-05 11:27:08	PI_13	242	2	2	1405754	0	0,1
2016-Jan-05 11:27:10	PI_13	243	2	1	997955	0	0
2016-Jan-05 11:27:12	PI_13	244	2	2	1405754	0	0,1
2016-Jan-05 11:27:14	PI_13	245	2	2	1405754	0	0,1
2016-Jan-05 11:27:16	PI_13	246	2	0	642933	0	
2016-Jan-05 11:27:18	PI_13	247	2	2	1405754	0	0,1
2016-Jan-05 11:27:20	PI_13	248	2	2	1405754	0	0,1
2016-Jan-05 11:27:22	PI_13	249	2	0	642933	0	
2016-Jan-05 11:27:24	PI_13	250	2	2	1405754	0	0,1
2016-Jan-05 11:27:26	PI_13	251	2	0	642933	0	
2016-Jan-05 11:27:28	PI_13	252	2	0	642933	0	
2016-Jan-05 11:27:30	PI_13	253	2	0	642933	0	
2016-Jan-05 11:27:32	PI_13	254	2	2	1405754	0	0,1
2016-Jan-05 11:27:34	PI_13	255	2	0	642933	0	
2016-Jan-05 11:27:36	PI_13	256	2	0	642933	0	
2016-Jan-05 11:27:38	PI_13	257	2	0	642933	0	
2016-Jan-05 11:27:40	PI_13	258	2	0	642933	0	
2016-Jan-05 11:27:42	PI_13	259	2	2	1405754	0	0,1
2016-Jan-05 11:27:44	PI_13	260	2	0	642933	0	
2016-Jan-05 11:27:46	PI_13	261	2	0	642933	0	
2016-Jan-05 11:27:48	PI_13	262	2	0	642933	0	
2016-Jan-05 11:27:50	PI_13	263	2	2	1405754	0	0,1
2016-Jan-05 11:27:52	PI_13	264	2	0	642933	0	
2016-Jan-05 11:27:54	PI_13	265	2	0	642933	0	
2016-Jan-05 11:27:56	PI_13	266	2	0	642933	0	
2016-Jan-05 11:27:58	PI_13	267	2	0	642933	0	
2016-Jan-05 11:28:00	PI_13	268	2	0	642933	0	
2016-Jan-05 11:28:02	PI_13	269	2	0	642933	0	
2016-Jan-05 11:28:04	PI_13	270	2	0	642933	0	
2016-Jan-05 11:28:06	PI_13	271	2	0	642933	0	
2016-Jan-05 11:28:08	PI_13	272	2	0	642933	0	
2016-Jan-05 11:28:10	PI_13	273	2	0	642933	0	
2016-Jan-05 11:28:12	PI_13	274	2	0	642933	0	
2016-Jan-05 11:28:14	PI_13	275	2	0	642933	0	
2016-Jan-05 11:28:16	PI_13	276	2	0	642933	0	
2016-Jan-05 11:28:18	PI_13	277	2	0	642933	0	
2016-Jan-05 11:28:20	PI_13	278	2	0	642933	0	
2016-Jan-05 11:28:22	PI_13	279	2	0	642933	0	
2016-Jan-05 11:28:24	PI_13	280	2	0	642933	0	
2016-Jan-05 11:28:26	PI_13	281	2	0	642933	0	
2016-Jan-05 11:28:28	PI_13	282	2	2	1405754	0	0,1
2016-Jan-05 11:28:30	PI_13	283	2	0	642933	0	
2016-Jan-05 11:28:32	PI_13	284	2	0	642933	0	
2016-Jan-05 11:28:34	PI_13	285	2	1	997955	0	0
2016-Jan-05 11:28:36	PI_13	286	2	0	642933	0	
2016-Jan-05 11:28:38	PI_13	287	2	1	997955	0	0
2016-Jan-05 11:28:40	PI_13	288	2	0	642933	0	
2016-Jan-05 11:28:42	PI_13	289	2	1	997955	0	0
2016-Jan-05 11:28:44	PI_13	290	2	1	997955	0	0
2016-Jan-05 11:28:46	PI_13	291	2	1	997955	0	0
2016-Jan-05 11:28:48	PI_13	292	2	1	997955	0	0
2016-Jan-05 11:28:50	PI_13	293	2	1	997955	0	0
2016-Jan-05 11:28:52	PI_13	294	2	1	997955	0	0
2016-Jan-05 11:28:54	PI_13	295	2	1	997955	0	0
2016-Jan-05 11:28:56	PI_13	296	2	2	1405754	0	0,1
2016-Jan-05 11:28:58	PI_13	297	2	1	997955	0	0
2016-Jan-05 11:29:00	PI_13	298	2	0	642933	0	
2016-Jan-05 11:29:02	PI_13	299	2	2	1405754	0	0,1
2016-Jan-05 11:29:04	PI_13	300	2	0	642933	0	
2016-Jan-05 11:29:06	PI_13	301	2	0	642933	0	
2016-Jan-05 11:29:08	PI_13	302	2	0	642933	0	
2016-Jan-05 11:29:10	PI_13	303	2	1	997955	0	0
2016-Jan-05 11:29:12	PI_13	304	2	1	997955	0	0
2016-Jan-05 11:29:14	PI_13	305	2	1	997955	0	0
2016-Jan-05 11:29:16	PI_13	306	2	1	997955	0	0
2016-Jan-05 11:29:18	PI_13	307	2	2	1405754	0	0,1
2016-Jan-05 11:29:20	PI_13	308	2	2	1405754	0	0,1
2016-Jan-05 11:29:22	PI_13	309	2	0	642933	0	
2016-Jan-05 11:29:24	PI_13	310	2	1	997955	0	0
2016-Jan-05 11:29:26	PI_13	311	2	0	642933	0	
2016-Jan-05 11:29:28	PI_13	312	2	1	997955	0	0
2016-Jan-05 11:29:30	PI_13	313	2	2	1405754	0	0,1
2016-Jan-05 11:29:32	PI_13	314	2	0	642933	0	
2016-Jan-05 11:29:34	PI_13	315	2	2	1405754	0	0,1
2016-Jan-05 11:29:36	PI_13	316	2	0	642933	0	
2016-Jan-05 11:29:38	PI_13	317	2	2	1405754	0	0,1
2016-Jan-05 11:29:40	PI_13	318	2	0	642933	0	
2016-Jan-05 11:29:42	PI_13	319	2	0	642933	0	
2016-Jan-05 11:29:44	PI_13	320	2	0	642933	0	
2016-Jan-05 11:29:46	PI_13	321	2	2	1405754	0	0,1
2016-Jan-05 11:29:48	PI_13	322	2	0	642933	0	
2016-Jan-05 11:29:50	PI_13	323	2	0	642933	0	
2016-Jan-05 11:29:52	PI_13	324	2	0	642933	0	
2016-Jan-05 11:29:54	PI_13	325	2	0	642933	0	
2016-Jan-05 11:29:56	PI_13	326	2	0	642933	0	
2016-Jan-05 11:29:58	PI_13	327	2	2	1405754	0	0,1
2016-Jan-05 11:30:00	PI_13	328	2	0	642933	0	
2016-Jan-05 11:30:02	PI_13	329	2	2	1405754	0	0,1
2016-Jan-05 11:30:04	PI_13	330	2	2	1405754	0	0,1
2016-Jan-05 11:30:06	PI_13	331	2	0	642933	0	
2016-Jan-05 11:30:08	PI_13	332	2	1	997955	0	0
2016-Jan-05 11:30:10	PI_13	333	2	0	642933	0	
2016-Jan-05 11:30:12	PI_13	334	2	0	642933	0	
2016-Jan-05 11:30:14	PI_13	335	2	1	997955	0	0
2016-Jan-05 11:30:16	PI_13	336	2	1	997955	0	0
2016-Jan-05 11:30:18	PI_13	337	2	0	642933	0	
2016-Jan-05 11:30:20	PI_13	338	2	2	1405754	0	0,1
2016-Jan-05 11:30:22	PI_13	339	2	0	642933	0	
2016-Jan-05 11:30:24	PI_13	340	2	0	642933	0	
2016-Jan-05 11:30:26	PI_13	341	2	0	642933	0	
2016-Jan-05 11:30:28	PI_13	342	2	2	1405754	0	0,1
2016-Jan-05 11:30:30	PI_13	343	2	0	642933	0	
2016-Jan-05 11:30:32	PI_13	344	2	0	642933	0	
2016-Jan-05 11:30:34	PI_13	345	2	2	1405754	0	0,1
2016-Jan-05 11:30:36	PI_13	346	2	0	642933	0	
2016-Jan-05 11:30:38	PI_13	347	2	2	1405754	0	0,1
2016-Jan-05 11:30:40	PI_13	348	2	0	642933	0	
2016-Jan-05 11:30:42	PI_13	349	2	1	997955	0	0
2016-Jan-05 11:30:44	PI_13	350	2	2	1405754	0	0,1
2016-Jan-05 11:30:46	PI_13	351	2	0	642933	0	
2016-Jan-05 11:30:48	PI_13	352	2	2	1405754	0	0,1
2016-Jan-05 11:30:50	PI_13	353	2	0	642933	0	
2016-Jan-05 11:30:52	PI_13	354	2	0	642933	0	
2016-Jan-05 11:30:54	PI_13	355	2	0	642933	0	
2016-Jan-05 11:30:56	PI_13	356	2	2	1405754	0	0,1
2016-Jan-05 11:30:58	PI_13	357	2	0	642933	0	
2016-Jan-05 11:31:00	PI_13	358	2	2	1405754	0	0,1
2016-Jan-05 11:31:02	PI_13	359	2	0	642933	0	
2016-Jan-05 11:31:04	PI_13	360	2	0	642933	0	
2016-Jan-05 11:31:06	PI_13	361	2	2	1405754	0	0,1
2016-Jan-05 11:31:08	PI_13	362	2	0	642933	0	
2016-Jan-05 11:31:10	PI_13	363	2	0	642933	0	
2016-Jan-05 11:31:12	PI_13	364	2	2	1405754	0	0,1
2016-Jan-05 11:31:14	PI_13	365	2	0	642933	0	
2016-Jan-05 11:31:16	PI_13	366	2	2	1405754	0	0,1
2016-Jan-05 11:31:18	PI_13	367	2	0	642933	0	
2016-Jan-05 11:31:20	PI_13	368	2	1	997955	0	0
2016-Jan-05 11:31:22	PI_13	369	2	1	997955	0	0
2016-Jan-05 11:31:24	PI_13	370	2	1	997955	0	0
2016-Jan-05 11:31:26	PI_13	371	2	2	1405754	0	0,1
2016-Jan-05 11:31:28	PI_13	372	2	0	642933	0	
2016-Jan-05 11:31:30	PI_13	373	2	2	1405754	0	0,1
2016-Jan-05 11:31:32	PI_13	374	2	0	642933	0	
2016-Jan-05 11:31:34	PI_13	375	2	2	1405754	0	0,1
2016-Jan-05 11:31:36	PI_13	376	2	0	642933	0	
2016-Jan-05 11:31:38	PI_13	377	2	0	642933	0	
2016-Jan-05 11:31:40	PI_13	378	2	0	642933	0	
2016-Jan-05 11:31:42	PI_13	379	2	2	1405754	0	0,1
2016-Jan-05 11:31:44	PI_13	380	2	0	642933	0	
2016-Jan-05 11:31:46	PI_13	381	2	0	642933	0	
2016-Jan-05 11:31:48	PI_13	382	2	0	642933	0	
2016-Jan-05 11:31:50	PI_13	383	2	0	642933	0	
2016-Jan-05 11:31:52	PI_13	384	2	2	1405754	0	0,1
2016-Jan-05 11:31:54	PI_13	385	2	0	642933	0	
2016-Jan-05 11:31:56	PI_13	386	2	0	642933	0	
2016-Jan-05 11:31:58	PI_13	387	2	0	642933	0	
2016-Jan-05 11:32:00	PI_13	388	2	2	1405754	0	0,1
2016-Jan-05 11:32:02	PI_13	389	2	0	642933	0	
2016-Jan-05 11:32:04	PI_13	390	2	0	642933	0	
2016-Jan-05 11:32:06	PI_13	391	2	2	1405754	0	0,1
2016-Jan-05 11:32:08	PI_13	392	2	0	642933	0	
2016-Jan-05 11:32:10	PI_13	393	2	0	642933	0	
2016-Jan-05 11:32:12	PI_13	394	2	0	642933	0	
2016-Jan-05 11:32:14	PI_13	395	2	0	642933	0	
2016-Jan-05 11:32:16	PI_13	396	2	0	642933	0	
2016-Jan-05 11:32:18	PI_13	397	2	0	642933	0	
2016-Jan-05 11:32:20	PI_13	398	2	2	1405754	0	0,1
2016-Jan-05 11:32:22	PI_13	399	2	0	642933	0	
2016-Jan-05 11:32:24	PI_13	400	2	2	1405754	0	0,1
2016-Jan-05 11:32:26	PI_13	401	2	0	642933	0	
2016-Jan-05 11:32:28	PI_13	402	2	0	642933	0	
2016-Jan-05 11:32:30	PI_13	403	2	0	642933	0	
2016-Jan-05 11:32:32	PI_13	404	2	0	642933	0	
2016-Jan-05 11:32:34	PI_13	405	2	0	642933	0	
2016-Jan-05 11:32:36	PI_13	406	2	0	642933	0	
2016-Jan-05 11:32:38	PI_13	407	2	0	642933	0	
2016-Jan-05 11:32:40	PI_13	408	2	0	642933	0	
2016-Jan-05 11:32:42	PI_13	409	2	0	642933	0	
2016-Jan-05 11:32:44	PI_13	410	2	0	642933	0	
2016-Jan-05 11:32:46	PI_13	411	2	0	642933	0	
2016-Jan-05 11:32:48	PI_13	412	2	0	642933	0	
2016-Jan-05 11:32:50	PI_13	413	2	0	642933	0	
2016-Jan-05 11:32:52	PI_13	414	2	0	642933	0	
2016-Jan-05 11:32:54	PI_13	415	2	0	642933	0	
2016-Jan-05 11:32:56	PI_13	416	2	0	642933	0	
2016-Jan-05 11:32:58	PI_13	417	2	0	642933	0	
2016-Jan-05 11:33:00	PI_13	418	2	0	642933	0	
2016-Jan-05 11:33:02	PI_13	419	2	0	642933	0	
2016-Jan-05 11:33:04	PI_13	420	2	0	642933	0	
2016-Jan-05 11:33:06	PI_13	421	2	1	997955	0	0
2016-Jan-05 11:33:08	PI_13	422	2	1	997955	0	0
2016-Jan-05 11:33:10	PI_13	423	2	2	1405754	0	0,1
2016-Jan-05 11:33:12	PI_13	424	2	0	642933	0	
2016-Jan-05 11:33:14	PI_13	425	2	0	642933	0	
2016-Jan-05 11:33:16	PI_13	426	2	2	1405754	0	0,1
2016-Jan-05 11:33:18	PI_13	427	2	0	642933	0	
2016-Jan-05 11:33:20	PI_13	428	2	0	642933	0	
2016-Jan-05 11:33:22	PI_13	429	2	0	642933	0	
2016-Jan-05 11:33:24	PI_13	430	2	0	642933	0	
2016-Jan-05 11:33:26	PI_13	431	2	0	642933	0	
2016-Jan-05 11:33:28	PI_13	432	2	0	642933	0	
2016-Jan-05 11:33:30	PI_13	433	2	0	642933	0	
2016-Jan-05 11:33:32	PI_13	434	2	0	642933	0	
2016-Jan-05 11:33:34	PI_13	435	2	0	642933	0	
2016-Jan-05 11:33:36	PI_13	436	2	0	642933	0	
2016-Jan-05 11:33:38	PI_13	437	2	0	642933	0	
2016-Jan-05 11:33:40	PI_13	438	2	0	642933	0	
2016-Jan-05 11:33:42	PI_13	439	2	0	642933	0	
2016-Jan-05 11:33:44	PI_13	440	2	0	642933	0	
2016-Jan-05 11:33:46	PI_13	441	2	2	1405754	0	0,1
2016-Jan-05 11:33:48	PI_13	442	2	0	642933	0	
2016-Jan-05 11:33:50	PI_13	443	2	0	642933	0	
2016-Jan-05 11:33:52	PI_13	444	2	0	642933	0	
2016-Jan-05 11:33:54	PI_13	445	2	0	642933	0	
2016-Jan-05 11:33:56	PI_13	446	2	0	642933	0	
2016-Jan-05 11:33:58	PI_13	447	2	2	1405754	0	0,1
2016-Jan-05 11:34:00	PI_13	448	2	0	642933	0	
2016-Jan-05 11:34:02	PI_13	449	2	0	642933	0	
2016-Jan-05 11:34:04	PI_13	450	2	0	642933	0	
2016-Jan-05 11:34:06	PI_13	451	2	0	642933	0	
2016-Jan-05 11:34:08	PI_13	452	2	2	1405754	0	0,1
2016-Jan-05 11:34:10	PI_13	453	2	0	642933	0	
2016-Jan-05 11:34:12	PI_13	454	2	0	642933	0	
2016-Jan-05 11:34:14	PI_13	455	2	0	642933	0	
2016-Jan-05 11:34:16	PI_13	456	2	2	1405754	0	0,1
2016-Jan-05 11:34:18	PI_13	457	2	1	997955	0	0
2016-Jan-05 11:34:20	PI_13	458	2	2	1405754	0	0,1
2016-Jan-05 11:34:22	PI_13	459	2	1	997955	0	0
2016-Jan-05 11:34:24	PI_13	460	2	0	642933	0	
2016-Jan-05 11:34:26	PI_13	461	2	1	997955	0	0
2016-Jan-05 11:34:28	PI_13	462	2	2	1405754	0	0,1
2016-Jan-05 11:34:30	PI_13	463	2	1	997955	0	0
2016-Jan-05 11:34:32	PI_13	464	2	1	997955	0	0
2016-Jan-05 11:34:34	PI_13	465	2	2	1405754	0	0,1
2016-Jan-05 11:34:36	PI_13	466	2	0	642933	0	
2016-Jan-05 11:34:38	PI_13	467	2	0	642933	0	
2016-Jan-05 11:34:40	PI_13	468	2	2	1405754	0	0,1
2016-Jan-05 11:34:42	PI_13	469	2	0	642933	0	
2016-Jan-05 11:34:44	PI_13	470	2	2	1405754	0	0,1
2016-Jan-05 11:34:46	PI_13	471	2	0	642933	0	
2016-Jan-05 11:34:48	PI_13	472	2	2	1405754	0	0,1
2016-Jan-05 11:34:50	PI_13	473	2	0	642933	0	
2016-Jan-05 11:34:52	PI_13	474	2	2	1405754	0	0,1
2016-Jan-05 11:34:54	PI_13	475	2	0	642933	0	
2016-Jan-05 11:34:56	PI_13	476	2	2	1405754	0	0,1
2016-Jan-05 11:34:58	PI_13	477	2	0	642933	0	
2016-Jan-05 11:35:00	PI_13	478	2	0	642933	0	
2016-Jan-05 11:35:02	PI_13	479	2	2	1405754	0	0,1
2016-Jan-05 11:35:04	PI_13	480	2	1	997955	0	0
2016-Jan-05 11:35:06	PI_13	481	2	1	997955	0	0
2016-Jan-05 11:35:08	PI_13	482	2	1	997955	0	0
2016-Jan-05 11:35:10	PI_13	483	2	1	997955	0	0
2016-Jan-05 11:35:12	PI_13	484	2	1	997955	0	0
2016-Jan-05 11:35:14	PI_13	485	2	1	997955	0	0
2016-Jan-05 11:35:16	PI_13	486	2	2	1405754	0	0,1
2016-Jan-05 11:35:18	PI_13	487	2	0	642933	0	
2016-Jan-05 11:35:20	PI_13	488	2	2	1405754	0	0,1
2016-Jan-05 11:35:22	PI_13	489	2	0	642933	0	
2016-Jan-05 11:35:24	PI_13	490	2	0	642933	0	
2016-Jan-05 11:35:26	PI_13	491	2	2	1405754	0	0,1
2016-Jan-05 11:35:28	PI_13	492	2	0	642933	0	
2016-Jan-05 11:35:30	PI_13	493	2	1	997955	0	0
2016-Jan-05 11:35:32	PI_13	494	2	2	1405754	0	0,1
2016-Jan-05 11:35:34	PI_13	495	2	0	642933	0	
2016-Jan-05 11:35:36	PI_13	496	2	2	1405754	0	0,1
2016-Jan-05 11:35:38	PI_13	497	2	0	642933	0	
2016-Jan-05 11:35:40	PI_13	498	2	2	1405754	0	0,1
2016-Jan-05 11:35:42	PI_13	499	2	1	997955	0	0
2016-Jan-05 11:35:44	PI_13	500	2	2	1405754	0	0,1
2016-Jan-05 11:35:46	PI_13	501	2	0	642933	0	
2016-Jan-05 11:35:48	PI_13	502	2	0	642933	0	
2016-Jan-05 11:35:50	PI_13	503	2	2	1405754	0	0,1
2016-Jan-05 11:35:52	PI_13	504	2	0	642933	0	
2016-Jan-05 11:35:54	PI_13	505	2	0	642933	0	
2016-Jan-05 11:35:56	PI_13	506	2	2	1405754	0	0,1
2016-Jan-05 11:35:58	PI_13	507	2	0	642933	0	
2016-Jan-05 11:36:00	PI_13	508	2	0	642933	0	
2016-Jan-05 11:36:02	PI_13	509	2	0	642933	0	
2016-Jan-05 11:36:04	PI_13	510	2	0	642933	0	
2016-Jan-05 11:36:06	PI_13	511	2	0	642933	0	
2016-Jan-05 11:36:08	PI_13	512	2	0	642933	0	
2016-Jan-05 11:36:10	PI_13	513	2	1	997955	0	0
2016-Jan-05 11:36:12	PI_13	514	2	1	997955	0	0
2016-Jan-05 11:36:14	PI_13	515	2	2	1405754	0	0,1
2016-Jan-05 11:36:16	PI_13	516	2	0	642933	0	
2016-Jan-05 11:36:18	PI_13	517	2	0	642933	0	
2016-Jan-05 11:36:20	PI_13	518	2	0	642933	0	
2016-Jan-05 11:36:22	PI_13	519	2	0	642933	0	
2016-Jan-05 11:36:24	PI_13	520	2	2	1405754	0	0,1
2016-Jan-05 11:36:26	PI_13	521	2	0	642933	0	
2016-Jan-05 11:36:28	PI_13	522	2	0	642933	0	
2016-Jan-05 11:36:30	PI_13	523	2	0	642933	0	
2016-Jan-05 11:36:32	PI_13	524	2	2	1405754	0	0,1
2016-Jan-05 11:36:34	PI_13	525	2	0	642933	0	
2016-Jan-05 11:36:36	PI_13	526	2	0	642933	0	
2016-Jan-05 11:36:38	PI_13	527	2	2	1405754	0	0,1
2016-Jan-05 11:36:40	PI_13	528	2	0	642933	0	
2016-Jan-05 11:36:42	PI_13	529	2	0	642933	0	
2016-Jan-05 11:36:44	PI_13	530	2	0	642933	0	
2016-Jan-05 11:36:46	PI_13	531	2	0	642933	0	
2016-Jan-05 11:36:48	PI_13	532	2	0	642933	0	
2016-Jan-05 11:36:50	PI_13	533	2	0	642933	0	
2016-Jan-05 11:36:52	PI_13	534	2	0	642933	0	
2016-Jan-05 11:36:54	PI_13	535	2	0	642933	0	
2016-Jan-05 11:36:56	PI_13	536	2	0	642933	0	
2016-Jan-05 11:36:58	PI_13	537	2	0	642933	0	
2016-Jan-05 11:37:00	PI_13	538	2	0	642933	0	
2016-Jan-05 11:37:02	PI_13	539	2	0	642933	0	
2016-Jan-05 11:37:04	PI_13	540	2	0	642933	0	
2016-Jan-05 11:37:06	PI_13	541	2	0	642933	0	
2016-Jan-05 11:37:08	PI_13	542	2	0	642933	0	
2016-Jan-05 11:37:10	PI_13	543	2	0	642933	0	
2016-Jan-05 11:37:12	PI_13	544	2	0	642933	0	
2016-Jan-05 11:37:14	PI_13	545	2	0	642933	0	
2016-Jan-05 11:37:16	PI_13	546	2	0	642933	0	
2016-Jan-05 11:37:18	PI_13	547	2	0	642933	0	
2016-Jan-05 11:37:20	PI_13	548	2	0	642933	0	
2016-Jan-05 11:37:22	PI_13	549	2	0	642933	0	
2016-Jan-05 11:37:24	PI_13	550	2	0	642933	0	
2016-Jan-05 11:37:26	PI_13	551	2	0	642933	0	
2016-Jan-05 11:37:28	PI_13	552	2	0	642933	0	
2016-Jan-05 11:37:30	PI_13	553	2	0	642933	0	
2016-Jan-05 11:37:32	PI_13	554	2	0	642933	0	
2016-Jan-05 11:37:34	PI_13	555	2	0	642933	0	
2016-Jan-05 11:37:36	PI_13	556	2	2	1405754	0	0,1
2016-Jan-05 11:37:38	PI_13	557	2	0	642933	0	
2016-Jan-05 11:37:40	PI_13	558	2	0	642933	0	
2016-Jan-05 11:37:42	PI_13	559	2	0	642933	0	
2016-Jan-05 11:37:44	PI_13	560	2	0	642933	0	
2016-Jan-05 11:37:46	PI_13	561	2	0	642933	0	
2016-Jan-05 11:37:48	PI_13	562	2	0	642933	0	
2016-Jan-05 11:37:50	PI_13	563	2	2	1405754	0	0,1
2016-Jan-05 11:37:52	PI_13	564	2	0	642933	0	
2016-Jan-05 11:37:54	PI_13	565	2	0	642933	0	
2016-Jan-05 11:37:56	PI_13	566	2	1	997955	0	0
2016-Jan-05 11:37:58	PI_13	567	2	0	642933	0	
2016-Jan-05 11:38:00	PI_13	568	2	1	997955	0	0
2016-Jan-05 11:38:02	PI_13	569	2	1	997955	0	0
2016-Jan-05 11:38:04	PI_13	570	2	2	1405754	0	0,1
2016-Jan-05 11:38:06	PI_13	571	2	0	642933	0	
2016-Jan-05 11:38:08	PI_13	572	2	0	642933	0	
2016-Jan-05 11:38:10	PI_13	573	2	2	1405754	0	0,1
2016-Jan-05 11:38:12	PI_13	574	2	0	642933	0	
2016-Jan-05 11:38:14	PI_13	575	2	2	1405754	0	0,1
2016-Jan-05 11:38:16	PI_13	576	2	0	642933	0	
2016-Jan-05 11:38:18	PI_13	577	2	2	1405754	0	0,1
2016-Jan-05 11:38:20	PI_13	578	2	0	642933	0	
2016-Jan-05 11:38:22	PI_13	579	2	1	997955	0	0
2016-Jan-05 11:38:24	PI_13	580	2	1	997955	0	0
2016-Jan-05 11:38:26	PI_13	581	2	2	1405754	0	0,1
2016-Jan-05 11:38:28	PI_13	582	2	0	642933	0	
2016-Jan-05 11:38:30	PI_13	583	2	0	642933	0	
2016-Jan-05 11:38:32	PI_13	584	2	0	642933	0	
2016-Jan-05 11:38:34	PI_13	585	2	0	642933	0	
2016-Jan-05 11:38:36	PI_13	586	2	0	642933	0	
2016-Jan-05 11:38:38	PI_13	587	2	0	642933	0	
2016-Jan-05 11:38:40	PI_13	588	2	0	642933	0	
2016-Jan-05 11:38:42	PI_13	589	2	0	642933	0	
2016-Jan-05 11:38:44	PI_13	590	2	0	642933	0	
2016-Jan-05 11:38:46	PI_13	591	2	2	1405754	0	0,1
2016-Jan-05 11:38:48	PI_13	592	2	0	642933	0	
2016-Jan-05 11:38:50	PI_13	593	2	0	642933	0	
2016-Jan-05 11:38:52	PI_13	594	2	2	1405754	0	0,1
2016-Jan-05 11:38:54	PI_13	595	2	2	1405754	0	0,1
2016-Jan-05 11:38:56	PI_13	596	2	0	642933	0	
2016-Jan-05 11:38:58	PI_13	597	2	2	1405754	0	0,1
2016-Jan-05 11:39:00	PI_13	598	2	0	642933	0	
2016-Jan-05 11:39:02	PI_13	599	2	0	642933	0	
2016-Jan-05 11:39:04	PI_13	600	2	1	997955	0	0
2016-Jan-05 11:39:06	PI_13	601	2	1	997955	0	0
2016-Jan-05 11:39:08	PI_13	602	2	2	1405754	0	0,1
2016-Jan-05 11:39:10	PI_13	603	2	2	1405754	0	0,1
2016-Jan-05 11:39:12	PI_13	604	2	2	1405754	0	0,1
2016-Jan-05 11:39:14	PI_13	605	2	0	642933	0	
2016-Jan-05 11:39:16	PI_13	606	2	2	1405754	0	0,1
2016-Jan-05 11:39:18	PI_13	607	2	1	997955	0	0
2016-Jan-05 11:39:20	PI_13	608	2	2	1405754	0	0,1
2016-Jan-05 11:39:22	PI_13	609	2	0	642933	0	
2016-Jan-05 11:39:24	PI_13	610	2	2	1405754	0	0,1
2016-Jan-05 11:39:26	PI_13	611	2	2	1405754	0	0,1
2016-Jan-05 11:39:28	PI_13	612	2	0	642933	0	
2016-Jan-05 11:39:30	PI_13	613	2	2	1405754	0	0,1
2016-Jan-05 11:39:32	PI_13	614	2	0	642933	0	
2016-Jan-05 11:39:34	PI_13	615	2	0	642933	0	
2016-Jan-05 11:39:36	PI_13	616	2	1	997955	0	0
2016-Jan-05 11:39:38	PI_13	617	2	1	997955	0	0
2016-Jan-05 11:39:40	PI_13	618	2	1	997955	0	0
2016-Jan-05 11:39:42	PI_13	619	2	2	1405754	0	0,1
2016-Jan-05 11:39:44	PI_13	620	2	1	997955	0	0
2016-Jan-05 11:39:46	PI_13	621	2	1	997955	0	0
2016-Jan-05 11:39:48	PI_13	622	2	2	1405754	0	0,1
2016-Jan-05 11:39:50	PI_13	623	2	0	642933	0	
2016-Jan-05 11:39:52	PI_13	624	2	2	1405754	0	0,1
2016-Jan-05 11:39:54	PI_13	625	2	0	642933	0	
2016-Jan-05 11:39:56	PI_13	626	2	0	642933	0	
2016-Jan-05 11:39:58	PI_13	627	2	2	1405754	0	0,1
2016-Jan-05 11:40:00	PI_13	628	2	0	642933	0	
2016-Jan-05 11:40:02	PI_13	629	2	0	642933	0	
2016-Jan-05 11:40:04	PI_13	630	2	2	1405754	0	0,1
2016-Jan-05 11:40:06	PI_13	631	2	0	642933	0	
2016-Jan-05 11:40:08	PI_13	632	2	0	642933	0	
2016-Jan-05 11:40:10	PI_13	633	2	2	1405754	0	0,1
2016-Jan-05 11:40:12	PI_13	634	2	0	642933	0	
2016-Jan-05 11:40:14	PI_13	635	2	0	642933	0	
2016-Jan-05 11:40:16	PI_13	636	2	0	642933	0	
2016-Jan-05 11:40:18	PI_13	637	2	2	1405754	0	0,1
2016-Jan-05 11:40:20	PI_13	638	2	0	642933	0	
2016-Jan-05 11:40:22	PI_13	639	2	0	642933	0	
2016-Jan-05 11:40:24	PI_13	640	2	0	642933	0	
2016-Jan-05 11:40:26	PI_13	641	2	2	1405754	0	0,1
2016-Jan-05 11:40:28	PI_13	642	2	0	642933	0	
2016-Jan-05 11:40:30	PI_13	643	2	0	642933	0	
2016-Jan-05 11:40:32	PI_13	644	2	0	642933	0	
2016-Jan-05 11:40:34	PI_13	645	2	0	642933	0	
2016-Jan-05 11:40:36	PI_13	646	2	2	1405754	0	0,1
2016-Jan-05 11:40:38	PI_13	647	2	0	642933	0	
2016-Jan-05 11:40:40	PI_13	648	2	2	1405754	0	0,1
2016-Jan-05 11:40:42	PI_13	649	2	1	997955	0	0
2016-Jan-05 11:40:44	PI_13	650	2	0	642933	0	
2016-Jan-05 11:40:46	PI_13	651	2	1	997955	0	0
2016-Jan-05 11:40:48	PI_13	652	2	0	642933	0	
2016-Jan-05 11:40:50	PI_13	653	2	0	642933	0	
2016-Jan-05 11:40:52	PI_13	654	2	1	997955	0	0
2016-Jan-05 11:40:54	PI_13	655	2	2	1405754	0	0,1
2016-Jan-05 11:40:56	PI_13	656	2	1	997955	0	0
2016-Jan-05 11:40:58	PI_13	657	2	2	1405754	0	0,1
2016-Jan-05 11:41:00	PI_13	658	2	2	1405754	0	0,1
2016-Jan-05 11:41:02	PI_13	659	2	1	997955	0	0
2016-Jan-05 11:41:04	PI_13	660	2	1	997955	0	0
2016-Jan-05 11:41:06	PI_13	661	2	2	1405754	0	0,1
2016-Jan-05 11:41:08	PI_13	662	2	1	997955	0	0
2016-Jan-05 11:41:10	PI_13	663	2	1	997955	0	0
2016-Jan-05 11:41:12	PI_13	664	2	1	997955	0	0
2016-Jan-05 11:41:14	PI_13	665	2	0	642933	0	
2016-Jan-05 11:41:16	PI_13	666	2	0	642933	0	
2016-Jan-05 11:41:18	PI_13	667	2	1	997955	0	0
2016-Jan-05 11:41:20	PI_13	668	2	0	642933	0	
2016-Jan-05 11:41:22	PI_13	669	2	1	997955	0	0
2016-Jan-05 11:41:24	PI_13	670	2	1	997955	0	0
2016-Jan-05 11:41:26	PI_13	671	2	2	1405754	0	0,1
2016-Jan-05 11:41:28	PI_13	672	2	2	1405754	0	0,1
2016-Jan-05 11:41:30	PI_13	673	2	2	1405754	0	0,1
2016-Jan-05 11:41:32	PI_13	674	2	0	642933	0	
2016-Jan-05 11:41:34	PI_13	675	2	0	642933	0	
2016-Jan-05 11:41:36	PI_13	676	2	0	642933	0	
2016-Jan-05 11:41:38	PI_13	677	2	2	1405754	0	0,1
2016-Jan-05 11:41:40	PI_13	678	2	0	642933	0	
2016-Jan-05 11:41:42	PI_13	679	2	1	997955	0	0
2016-Jan-05 11:41:44	PI_13	680	2	0	642933	0	
2016-Jan-05 11:41:46	PI_13	681	2	2	1405754	0	0,1
2016-Jan-05 11:41:48	PI_13	682	2	0	642933	0	
2016-Jan-05 11:41:50	PI_13	683	2	0	642933	0	
2016-Jan-05 11:41:52	PI_13	684	2	2	1405754	0	0,1
2016-Jan-05 11:41:54	PI_13	685	2	0	642933	0	
2016-Jan-05 11:41:56	PI_13	686	2	2	1405754	0	0,1
2016-Jan-05 11:41:58	PI_13	687	2	0	642933	0	
2016-Jan-05 11:42:00	PI_13	688	2	0	642933	0	
2016-Jan-05 11:42:02	PI_13	689	2	0	642933	0	
2016-Jan-05 11:42:04	PI_13	690	2	0	642933	0	
2016-Jan-05 11:42:06	PI_13	691	2	2	1405754	0	0,1
2016-Jan-05 11:42:08	PI_13	692	2	0	642933	0	
2016-Jan-05 11:42:10	PI_13	693	2	0	642933	0	
2016-Jan-05 11:42:12	PI_13	694	2	0	642933	0	
2016-Jan-05 11:42:14	PI_13	695	2	0	642933	0	
2016-Jan-05 11:42:16	PI_13	696	2	2	1405754	0	0,1
2016-Jan-05 11:42:18	PI_13	697	2	0	642933	0	
2016-Jan-05 11:42:20	PI_13	698	2	0	642933	0	
2016-Jan-05 11:42:22	PI_13	699	2	0	642933	0	
2016-Jan-05 11:42:24	PI_13	700	2	2	1405754	0	0,1
2016-Jan-05 11:42:26	PI_13	701	2	0	642933	0	
2016-Jan-05 11:42:28	PI_13	702	2	2	1405754	0	0,1
2016-Jan-05 11:42:30	PI_13	703	2	0	642933	0	
2016-Jan-05 11:42:32	PI_13	704	2	2	1405754	0	0,1
2016-Jan-05 11:42:34	PI_13	705	2	0	642933	0	
2016-Jan-05 11:42:36	PI_13	706	2	2	1405754	0	0,1
2016-Jan-05 11:42:38	PI_13	707	2	0	642933	0	
2016-Jan-05 11:42:40	PI_13	708	2	1	997955	0	0
2016-Jan-05 11:42:42	PI_13	709	2	1	997955	0	0
2016-Jan-05 11:42:44	PI_13	710	2	1	997955	0	0
2016-Jan-05 11:42:46	PI_13	711	2	1	997955	0	0
2016-Jan-05 11:42:48	PI_13	712	2	1	997955	0	0
2016-Jan-05 11:42:50	PI_13	713	2	0	642933	0	
2016-Jan-05 11:42:52	PI_13	714	2	1	997955	0	0
2016-Jan-05 11:42:54	PI_13	715	2	0	642933	0	
2016-Jan-05 11:42:56	PI_13	716	2	1	997955	0	0
2016-Jan-05 11:42:58	PI_13	717	2	0	642933	0	
2016-Jan-05 11:43:00	PI_13	718	2	1	997955	0	0
2016-Jan-05 11:43:02	PI_13	719	2	1	997955	0	0
2016-Jan-05 11:43:04	PI_13	720	2	1	997955	0	0
2016-Jan-05 11:43:06	PI_13	721	2	0	642933	0	
2016-Jan-05 11:43:08	PI_13	722	2	0	642933	0	
2016-Jan-05 11:43:10	PI_13	723	2	2	1405754	0	0,1
2016-Jan-05 11:43:12	PI_13	724	2	0	642933	0	
2016-Jan-05 11:43:14	PI_13	725	2	2	1405754	0	0,1
2016-Jan-05 11:43:16	PI_13	726	2	0	642933	0	
2016-Jan-05 11:43:18	PI_13	727	2	0	642933	0	
2016-Jan-05 11:43:20	PI_13	728	2	2	1405754	0	0,1
2016-Jan-05 11:43:22	PI_13	729	2	0	642933	0	
2016-Jan-05 11:43:24	PI_13	730	2	0	642933	0	
2016-Jan-05 11:43:26	PI_13	731	2	2	1405754	0	0,1
2016-Jan-05 11:43:28	PI_13	732	2	0	642933	0	
2016-Jan-05 11:43:30	PI_13	733	2	1	997955	0	0
2016-Jan-05 11:43:32	PI_13	734	2	1	997955	0	0
2016-Jan-05 11:43:34	PI_13	735	2	1	997955	0	0
2016-Jan-05 11:43:36	PI_13	736	2	0	642933	0	
2016-Jan-05 11:43:38	PI_13	737	2	1	997955	0	0
2016-Jan-05 11:43:40	PI_13	738	2	2	1405754	0	0,1
2016-Jan-05 11:43:42	PI_13	739	2	2	1405754	0	0,1
2016-Jan-05 11:43:44	PI_13	740	2	0	642933	0	
2016-Jan-05 11:43:46	PI_13	741	2	1	997955	0	0
2016-Jan-05 11:43:48	PI_13	742	2	0	642933	0	
2016-Jan-05 11:43:50	PI_13	743	2	1	997955	0	0
2016-Jan-05 11:43:52	PI_13	744	2	2	1405754	0	0,1
2016-Jan-05 11:43:54	PI_13	745	2	0	642933	0	
2016-Jan-05 11:43:56	PI_13	746	2	0	642933	0	
2016-Jan-05 11:43:58	PI_13	747	2	2	1405754	0	0,1
2016-Jan-05 11:44:00	PI_13	748	2	0	642933	0	
2016-Jan-05 11:44:02	PI_13	749	2	0	642933	0	
2016-Jan-05 11:44:04	PI_13	750	2	2	1405754	0	0,1
2016-Jan-05 11:44:06	PI_13	751	2	0	642933	0	
2016-Jan-05 11:44:08	PI_13	752	2	2	1405754	0	0,1
2016-Jan-05 11:44:10	PI_13	753	2	0	642933	0	
2016-Jan-05 11:44:12	PI_13	754	2	0	642933	0	
2016-Jan-05 11:44:14	PI_13	755	2	0	642933	0	
2016-Jan-05 11:44:16	PI_13	756	2	0	642933	0	
2016-Jan-05 11:44:18	PI_13	757	2	0	642933	0	
2016-Jan-05 11:44:20	PI_13	758	2	0	642933	0	
2016-Jan-05 11:44:22	PI_13	759	2	0	642933	0	
2016-Jan-05 11:44:24	PI_13	760	2	0	642933	0	
2016-Jan-05 11:44:26	PI_13	761	2	0	642933	0	
2016-Jan-05 11:44:28	PI_13	762	2	0	642933	0	
2016-Jan-05 11:44:30	PI_13	763	2	0	642933	0	
2016-Jan-05 11:44:32	PI_13	764	2	0	642933	0	
2016-Jan-05 11:44:34	PI_13	765	2	1	997955	0	0
2016-Jan-05 11:44:36	PI_13	766	2	0	642933	0	
2016-Jan-05 11:44:38	PI_13	767	2	0	642933	0	
2016-Jan-05 11:44:40	PI_13	768	2	0	642933	0	
2016-Jan-05 11:44:42	PI_13	769	2	0	642933	0	
2016-Jan-05 11:44:44	PI_13	770	2	0	642933	0	
2016-Jan-05 11:44:46	PI_13	771	2	2	1405754	0	0,1
2016-Jan-05 11:44:48	PI_13	772	2	0	642933	0	
2016-Jan-05 11:44:50	PI_13	773	2	0	642933	0	
2016-Jan-05 11:44:52	PI_13	774	2	0	642933	0	
2016-Jan-05 11:44:54	PI_13	775	2	0	642933	0	
2016-Jan-05 11:44:56	PI_13	776	2	2	1405754	0	0,1
2016-Jan-05 11:44:58	PI_13	777	2	1	997955	0	0
2016-Jan-05 11:45:00	PI_13	778	2	1	997955	0	0
2016-Jan-05 11:45:02	PI_13	779	2	0	642933	0	
2016-Jan-05 11:45:04	PI_13	780	2	1	997955	0	0
2016-Jan-05 11:45:06	PI_13	781	2	0	642933	0	
2016-Jan-05 11:45:08	PI_13	782	2	1	997955	0	0
2016-Jan-05 11:45:10	PI_13	783	2	0	642933	0	
2016-Jan-05 11:45:12	PI_13	784	2	1	997955	0	0
2016-Jan-05 11:45:14	PI_13	785	2	2	1405754	0	0,1
2016-Jan-05 11:45:16	PI_13	786	2	0	642933	0	
2016-Jan-05 11:45:18	PI_13	787	2	2	1405754	0	0,1
2016-Jan-05 11:45:20	PI_13	788	2	0	642933	0	
2016-Jan-05 11:45:22	PI_13	789	2	0	642933	0	
2016-Jan-05 11:45:24	PI_13	790	2	0	642933	0	
2016-Jan-05 11:45:26	PI_13	791	2	0	642933	0	
2016-Jan-05 11:45:28	PI_13	792	2	0	642933	0	
2016-Jan-05 11:45:30	PI_13	793	2	0	642933	0	
2016-Jan-05 11:45:32	PI_13	794	2	0	642933	0	
2016-Jan-05 11:45:34	PI_13	795	2	0	642933	0	
2016-Jan-05 11:45:36	PI_13	796	2	0	642933	0	
2016-Jan-05 11:45:38	PI_13	797	2	2	1405754	0	0,1
2016-Jan-05 11:45:40	PI_13	798	2	0	642933	0	
2016-Jan-05 11:45:42	PI_13	799	2	0	642933	0	
2016-Jan-05 11:45:44	PI_13	800	2	2	1405754	0	0,1
2016-Jan-05 11:45:46	PI_13	801	2	0	642933	0	
2016-Jan-05 11:45:48	PI_13	802	2	2	1405754	0	0,1
2016-Jan-05 11:45:50	PI_13	803	2	0	642933	0	
2016-Jan-05 11:45:52	PI_13	804	2	2	1405754	0	0,1
2016-Jan-05 11:45:54	PI_13	805	2	0	642933	0	
2016-Jan-05 11:45:56	PI_13	806	2	2	1405754	0	0,1
2016-Jan-05 11:45:58	PI_13	807	2	0	642933	0	
2016-Jan-05 11:46:00	PI_13	808	2	0	642933	0	
2016-Jan-05 11:46:02	PI_13	809	2	2	1405754	0	0,1
2016-Jan-05 11:46:04	PI_13	810	2	0	642933	0	
2016-Jan-05 11:46:06	PI_13	811	2	0	642933	0	
2016-Jan-05 11:46:08	PI_13	812	2	0	642933	0	
2016-Jan-05 11:46:10	PI_13	813	2	0	642933	0	
2016-Jan-05 11:46:12	PI_13	814	2	2	1405754	0	0,1
2016-Jan-05 11:46:14	PI_13	815	2	0	642933	0	
2016-Jan-05 11:46:16	PI_13	816	2	0	642933	0	
2016-Jan-05 11:46:18	PI_13	817	2	0	642933	0	
2016-Jan-05 11:46:20	PI_13	818	2	0	642933	0	
2016-Jan-05 11:46:22	PI_13	819	2	2	1405754	0	0,1
2016-Jan-05 11:46:24	PI_13	820	2	0	642933	0	
2016-Jan-05 11:46:26	PI_13	821	2	2	1405754	0	0,1
2016-Jan-05 11:46:28	PI_13	822	2	0	642933	0	
2016-Jan-05 11:46:30	PI_13	823	2	2	1405754	0	0,1
2016-Jan-05 11:46:32	PI_13	824	2	0	642933	0	
2016-Jan-05 11:46:34	PI_13	825	2	2	1405754	0	0,1
2016-Jan-05 11:46:36	PI_13	826	2	0	642933	0	
2016-Jan-05 11:46:38	PI_13	827	2	0	642933	0	
2016-Jan-05 11:46:40	PI_13	828	2	0	642933	0	
2016-Jan-05 11:46:42	PI_13	829	2	2	1405754	0	0,1
2016-Jan-05 11:46:44	PI_13	830	2	0	642933	0	
2016-Jan-05 11:46:46	PI_13	831	2	0	642933	0	
2016-Jan-05 11:46:48	PI_13	832	2	0	642933	0	
2016-Jan-05 11:46:50	PI_13	833	2	0	642933	0	
2016-Jan-05 11:46:52	PI_13	834	2	0	642933	0	
2016-Jan-05 11:46:54	PI_13	835	2	2	1405754	0	0,1
2016-Jan-05 11:46:56	PI_13	836	2	0	642933	0	
2016-Jan-05 11:46:58	PI_13	837	2	2	1405754	0	0,1
2016-Jan-05 11:47:00	PI_13	838	2	0	642933	0	
2016-Jan-05 11:47:02	PI_13	839	2	2	1405754	0	0,1
2016-Jan-05 11:47:04	PI_13	840	2	1	997955	0	0
2016-Jan-05 11:47:06	PI_13	841	2	2	1405754	0	0,1
2016-Jan-05 11:47:08	PI_13	842	2	0	642933	0	
2016-Jan-05 11:47:10	PI_13	843	2	1	997955	0	0
2016-Jan-05 11:47:12	PI_13	844	2	1	997955	0	0
2016-Jan-05 11:47:14	PI_13	845	2	1	997955	0	0
2016-Jan-05 11:47:16	PI_13	846	2	0	642933	0	
2016-Jan-05 11:47:18	PI_13	847	2	0	642933	0	
2016-Jan-05 11:47:20	PI_13	848	2	1	997955	0	0
2016-Jan-05 11:47:22	PI_13	849	2	0	642933	0	
2016-Jan-05 11:47:24	PI_13	850	2	1	997955	0	0
2016-Jan-05 11:47:26	PI_13	851	2	1	997955	0	0
2016-Jan-05 11:47:28	PI_13	852	2	0	642933	0	
2016-Jan-05 11:47:30	PI_13	853	2	1	997955	0	0
2016-Jan-05 11:47:32	PI_13	854	2	1	997955	0	0
2016-Jan-05 11:47:34	PI_13	855	2	1	997955	0	0
2016-Jan-05 11:47:36	PI_13	856	2	1	997955	0	0
2016-Jan-05 11:47:38	PI_13	857	2	1	997955	0	0
2016-Jan-05 11:47:40	PI_13	858	2	0	642933	0	
2016-Jan-05 11:47:42	PI_13	859	2	0	642933	0	
2016-Jan-05 11:47:44	PI_13	860	2	0	642933	0	
2016-Jan-05 11:47:46	PI_13	861	2	0	642933	0	
2016-Jan-05 11:47:48	PI_13	862	2	0	642933	0	
2016-Jan-05 11:47:50	PI_13	863	2	0	642933	0	
2016-Jan-05 11:47:52	PI_13	864	2	0	642933	0	
2016-Jan-05 11:47:54	PI_13	865	2	1	997955	0	0
2016-Jan-05 11:47:56	PI_13	866	2	1	997955	0	0
2016-Jan-05 11:47:58	PI_13	867	2	2	1405754	0	0,1
2016-Jan-05 11:48:00	PI_13	868	2	0	642933	0	
2016-Jan-05 11:48:02	PI_13	869	2	1	997955	0	0
2016-Jan-05 11:48:04	PI_13	870	2	2	1405754	0	0,1
2016-Jan-05 11:48:06	PI_13	871	2	1	997955	0	0
2016-Jan-05 11:48:08	PI_13	872	2	1	997955	0	0
2016-Jan-05 11:48:10	PI_13	873	2	1	997955	0	0
2016-Jan-05 11:48:12	PI_13	874	2	1	997955	0	0
2016-Jan-05 11:48:14	PI_13	875	2	0	642933	0	
2016-Jan-05 11:48:16	PI_13	876	2	1	997955	0	0
2016-Jan-05 11:48:18	PI_13	877	2	1	997955	0	0
2016-Jan-05 11:48:20	PI_13	878	2	0	642933	0	
2016-Jan-05 11:48:22	PI_13	879	2	1	997955	0	0
2016-Jan-05 11:48:24	PI_13	880	2	2	1405754	0	0,1
2016-Jan-05 11:48:26	PI_13	881	2	0	642933	0	
2016-Jan-05 11:48:28	PI_13	882	2	1	997955	0	0
2016-Jan-05 11:48:30	PI_13	883	2	1	997955	0	0
2016-Jan-05 11:48:32	PI_13	884	2	1	997955	0	0
2016-Jan-05 11:48:34	PI_13	885	2	0	642933	0	
2016-Jan-05 11:48:36	PI_13	886	2	1	997955	0	0
2016-Jan-05 11:48:38	PI_13	887	2	2	1405754	0	0,1
2016-Jan-05 11:48:40	PI_13	888	2	0	642933	0	
2016-Jan-05 11:48:42	PI_13	889	2	0	642933	0	
2016-Jan-05 11:48:44	PI_13	890	2	2	1405754	0	0,1
2016-Jan-05 11:48:46	PI_13	891	2	0	642933	0	
2016-Jan-05 11:48:48	PI_13	892	2	0	642933	0	
2016-Jan-05 11:48:50	PI_13	893	2	0	642933	0	
2016-Jan-05 11:48:52	PI_13	894	2	0	642933	0	
2016-Jan-05 11:48:54	PI_13	895	2	2	1405754	0	0,1
2016-Jan-05 11:48:56	PI_13	896	2	0	642933	0	
2016-Jan-05 11:48:58	PI_13	897	2	0	642933	0	
2016-Jan-05 11:49:00	PI_13	898	2	2	1405754	0	0,1
2016-Jan-05 11:49:02	PI_13	899	2	0	642933	0	
2016-Jan-05 11:49:04	PI_13	900	2	0	642933	0	
2016-Jan-05 11:49:06	PI_13	901	2	0	642933	0	
2016-Jan-05 11:49:08	PI_13	902	2	0	642933	0	
2016-Jan-05 11:49:10	PI_13	903	2	2	1405754	0	0,1
2016-Jan-05 11:49:12	PI_13	904	2	0	642933	0	
2016-Jan-05 11:49:14	PI_13	905	2	0	642933	0	
2016-Jan-05 11:49:16	PI_13	906	2	0	642933	0	
2016-Jan-05 11:49:18	PI_13	907	2	0	642933	0	
2016-Jan-05 11:49:20	PI_13	908	2	2	1405754	0	0,1
2016-Jan-05 11:49:22	PI_13	909	2	0	642933	0	
2016-Jan-05 11:49:24	PI_13	910	2	1	997955	0	0
2016-Jan-05 11:49:26	PI_13	911	2	1	997955	0	0
2016-Jan-05 11:49:28	PI_13	912	2	1	997955	0	0
2016-Jan-05 11:49:30	PI_13	913	2	2	1405754	0	0,1
2016-Jan-05 11:49:32	PI_13	914	2	0	642933	0	
2016-Jan-05 11:49:34	PI_13	915	2	0	642933	0	
2016-Jan-05 11:49:36	PI_13	916	2	0	642933	0	
2016-Jan-05 11:49:38	PI_13	917	2	0	642933	0	
2016-Jan-05 11:49:40	PI_13	918	2	0	642933	0	
2016-Jan-05 11:49:42	PI_13	919	2	0	642933	0	
2016-Jan-05 11:49:44	PI_13	920	2	0	642933	0	
2016-Jan-05 11:49:46	PI_13	921	2	1	997955	0	0
2016-Jan-05 11:49:48	PI_13	922	2	1	997955	0	0
2016-Jan-05 11:49:50	PI_13	923	2	1	997955	0	0
2016-Jan-05 11:49:52	PI_13	924	2	2	1405754	0	0,1
2016-Jan-05 11:49:54	PI_13	925	2	0	642933	0	
2016-Jan-05 11:49:56	PI_13	926	2	2	1405754	0	0,1
2016-Jan-05 11:49:58	PI_13	927	2	0	642933	0	
2016-Jan-05 11:50:00	PI_13	928	2	0	642933	0	
2016-Jan-05 11:50:02	PI_13	929	2	0	642933	0	
2016-Jan-05 11:50:04	PI_13	930	2	0	642933	0	
2016-Jan-05 11:50:06	PI_13	931	2	2	1405754	0	0,1
2016-Jan-05 11:50:08	PI_13	932	2	0	642933	0	
2016-Jan-05 11:50:10	PI_13	933	2	0	642933	0	
2016-Jan-05 11:50:12	PI_13	934	2	0	642933	0	
2016-Jan-05 11:50:14	PI_13	935	2	0	642933	0	
2016-Jan-05 11:50:16	PI_13	936	2	0	642933	0	
2016-Jan-05 11:50:18	PI_13	937	2	0	642933	0	
2016-Jan-05 11:50:20	PI_13	938	2	0	642933	0	
2016-Jan-05 11:50:22	PI_13	939	2	0	642933	0	
2016-Jan-05 11:50:24	PI_13	940	2	0	642933	0	
2016-Jan-05 11:50:26	PI_13	941	2	0	642933	0	
2016-Jan-05 11:50:28	PI_13	942	2	0	642933	0	
2016-Jan-05 11:50:30	PI_13	943	2	0	642933	0	
2016-Jan-05 11:50:32	PI_13	944	2	0	642933	0	
2016-Jan-05 11:50:34	PI_13	945	2	0	642933	0	
2016-Jan-05 11:50:36	PI_13	946	2	0	642933	0	
2016-Jan-05 11:50:38	PI_13	947	2	0	642933	0	
2016-Jan-05 11:50:40	PI_13	948	2	0	642933	0	
2016-Jan-05 11:50:42	PI_13	949	2	0	642933	0	
2016-Jan-05 11:50:44	PI_13	950	2	0	642933	0	
2016-Jan-05 11:50:46	PI_13	951	2	0	642933	0	
2016-Jan-05 11:50:48	PI_13	952	2	0	642933	0	
2016-Jan-05 11:50:50	PI_13	953	2	0	642933	0	
2016-Jan-05 11:50:52	PI_13	954	2	0	642933	0	
2016-Jan-05 11:50:54	PI_13	955	2	0	642933	0	
2016-Jan-05 11:50:56	PI_13	956	2	0	642933	0	
2016-Jan-05 11:50:58	PI_13	957	2	0	642933	0	
2016-Jan-05 11:51:00	PI_13	958	2	1	997955	0	0
2016-Jan-05 11:51:02	PI_13	959	2	0	642933	0	
2016-Jan-05 11:51:04	PI_13	960	2	2	1405754	0	0,1
2016-Jan-05 11:51:06	PI_13	961	2	0	642933	0	
2016-Jan-05 11:51:08	PI_13	962	2	2	1405754	0	0,1
2016-Jan-05 11:51:10	PI_13	963	2	0	642933	0	
2016-Jan-05 11:51:12	PI_13	964	2	2	1405754	0	0,1
2016-Jan-05 11:51:14	PI_13	965	2	0	642933	0	
2016-Jan-05 11:51:16	PI_13	966	2	0	642933	0	
2016-Jan-05 11:51:18	PI_13	967	2	2	1405754	0	0,1
2016-Jan-05 11:51:20	PI_13	968	2	0	642933	0	
2016-Jan-05 11:51:22	PI_13	969	2	0	642933	0	
2016-Jan-05 11:51:24	PI_13	970	2	2	1405754	0	0,1
2016-Jan-05 11:51:26	PI_13	971	2	0	642933	0	
2016-Jan-05 11:51:28	PI_13	972	2	2	1405754	0	0,1
2016-Jan-05 11:51:30	PI_13	973	2	0	642933	0	
2016-Jan-05 11:51:32	PI_13	974	2	1	997955	0	0
2016-Jan-05 11:51:34	PI_13	975	2	1	997955	0	0
2016-Jan-05 11:51:36	PI_13	976	2	0	642933	0	
2016-Jan-05 11:51:38	PI_13	977	2	1	997955	0	0
2016-Jan-05 11:51:40	PI_13	978	2	1	997955	0	0
2016-Jan-05 11:51:42	PI_13	979	2	1	997955	0	0
2016-Jan-05 11:51:44	PI_13	980	2	1	997955	0	0
2016-Jan-05 11:51:46	PI_13	981	2	2	1405754	0	0,1
2016-Jan-05 11:51:48	PI_13	982	2	1	997955	0	0
2016-Jan-05 11:51:50	PI_13	983	2	1	997955	0	0
2016-Jan-05 11:51:52	PI_13	984	2	1	997955	0	0
2016-Jan-05 11:51:54	PI_13	985	2	0	642933	0	
2016-Jan-05 11:51:56	PI_13	986	2	1	997955	0	0
2016-Jan-05 11:51:58	PI_13	987	2	2	1405754	0	0,1
2016-Jan-05 11:52:00	PI_13	988	2	1	997955	0	0
2016-Jan-05 11:52:02	PI_13	989	2	2	1405754	0	0,1
2016-Jan-05 11:52:04	PI_13	990	2	1	997955	0	0
2016-Jan-05 11:52:06	PI_13	991	2	2	1405754	0	0,1
2016-Jan-05 11:52:08	PI_13	992	2	1	997955	0	0
2016-Jan-05 11:52:10	PI_13	993	2	2	1405754	0	0,1
2016-Jan-05 11:52:12	PI_13	994	2	2	1405754	0	0,1
2016-Jan-05 11:52:14	PI_13	995	2	1	997955	0	0
2016-Jan-05 11:52:16	PI_13	996	2	0	642933	0	
2016-Jan-05 11:52:18	PI_13	997	2	1	997955	0	0
2016-Jan-05 11:52:20	PI_13	998	2	2	1405754	0	0,1
2016-Jan-05 11:52:22	PI_13	999	2	0	642933	0	
2016-Jan-05 11:52:24	PI_13	1000	2	2	1405754	0	0,1
2016-Jan-05 11:52:26	PI_13	1001	2	0	642933	0	
2016-Jan-05 11:52:28	PI_13	1002	2	2	1405754	0	0,1
2016-Jan-05 11:52:30	PI_13	1003	2	0	642933	0	
2016-Jan-05 11:52:32	PI_13	1004	2	0	642933	0	
2016-Jan-05 11:52:34	PI_13	1005	2	1	997955	0	0
2016-Jan-05 11:52:36	PI_13	1006	2	1	997955	0	0
2016-Jan-05 11:52:38	PI_13	1007	2	0	642933	0	
2016-Jan-05 11:52:40	PI_13	1008	2	1	997955	0	0
2016-Jan-05 11:52:42	PI_13	1009	2	1	997955	0	0
2016-Jan-05 11:52:44	PI_13	1010	2	1	997955	0	0
2016-Jan-05 11:52:46	PI_13	1011	2	2	1405754	0	0,1
2016-Jan-05 11:52:48	PI_13	1012	2	0	642933	0	
2016-Jan-05 11:52:50	PI_13	1013	2	0	642933	0	
2016-Jan-05 11:52:52	PI_13	1014	2	0	642933	0	
2016-Jan-05 11:52:54	PI_13	1015	2	0	642933	0	
2016-Jan-05 11:52:56	PI_13	1016	2	0	642933	0	
2016-Jan-05 11:52:58	PI_13	1017	2	0	642933	0	
2016-Jan-05 11:53:00	PI_13	1018	2	0	642933	0	
2016-Jan-05 11:53:02	PI_13	1019	2	0	642933	0	
2016-Jan-05 11:53:04	PI_13	1020	2	2	1405754	0	0,1
2016-Jan-05 11:53:06	PI_13	1021	2	0	642933	0	
2016-Jan-05 11:53:08	PI_13	1022	2	0	642933	0	
2016-Jan-05 11:53:10	PI_13	1023	2	0	642933	0	
2016-Jan-05 11:53:12	PI_13	1024	2	0	642933	0	
2016-Jan-05 11:53:14	PI_13	1025	2	0	642933	0	
2016-Jan-05 11:53:16	PI_13	1026	2	0	642933	0	
2016-Jan-05 11:53:18	PI_13	1027	2	1	997955	0	0
2016-Jan-05 11:53:20	PI_13	1028	2	1	997955	0	0
2016-Jan-05 11:53:22	PI_13	1029	2	1	997955	0	0
2016-Jan-05 11:53:24	PI_13	1030	2	1	997955	0	0
2016-Jan-05 11:53:26	PI_13	1031	2	2	1405754	0	0,1
2016-Jan-05 11:53:28	PI_13	1032	2	0	642933	0	
2016-Jan-05 11:53:30	PI_13	1033	2	0	642933	0	
2016-Jan-05 11:53:32	PI_13	1034	2	1	997955	0	0
2016-Jan-05 11:53:34	PI_13	1035	2	1	997955	0	0
2016-Jan-05 11:53:36	PI_13	1036	2	1	997955	0	0
2016-Jan-05 11:53:38	PI_13	1037	2	1	997955	0	0
2016-Jan-05 11:53:40	PI_13	1038	2	1	997955	0	0
2016-Jan-05 11:53:42	PI_13	1039	2	1	997955	0	0
2016-Jan-05 11:53:44	PI_13	1040	2	0	642933	0	
2016-Jan-05 11:53:46	PI_13	1041	2	1	997955	0	0
2016-Jan-05 11:53:48	PI_13	1042	2	0	642933	0	
2016-Jan-05 11:53:50	PI_13	1043	2	1	997955	0	0
2016-Jan-05 11:53:52	PI_13	1044	2	0	642933	0	
2016-Jan-05 11:53:54	PI_13	1045	2	1	997955	0	0
2016-Jan-05 11:53:56	PI_13	1046	2	0	642933	0	
2016-Jan-05 11:53:58	PI_13	1047	2	1	997955	0	0
2016-Jan-05 11:54:00	PI_13	1048	2	0	642933	0	
2016-Jan-05 11:54:02	PI_13	1049	2	1	997955	0	0
2016-Jan-05 11:54:04	PI_13	1050	2	0	642933	0	
2016-Jan-05 11:54:06	PI_13	1051	2	1	997955	0	0
2016-Jan-05 11:54:08	PI_13	1052	2	0	642933	0	
2016-Jan-05 11:54:10	PI_13	1053	2	1	997955	0	0
2016-Jan-05 11:54:12	PI_13	1054	2	0	642933	0	
2016-Jan-05 11:54:14	PI_13	1055	2	1	997955	0	0
2016-Jan-05 11:54:16	PI_13	1056	2	1	997955	0	0
2016-Jan-05 11:54:18	PI_13	1057	2	1	997955	0	0
2016-Jan-05 11:54:20	PI_13	1058	2	1	997955	0	0
2016-Jan-05 11:54:22	PI_13	1059	2	0	642933	0	
2016-Jan-05 11:54:24	PI_13	1060	2	1	997955	0	0
2016-Jan-05 11:54:26	PI_13	1061	2	2	1405754	0	0,1
2016-Jan-05 11:54:28	PI_13	1062	2	2	1405754	0	0,1
2016-Jan-05 11:54:30	PI_13	1063	2	1	997955	0	0
2016-Jan-05 11:54:32	PI_13	1064	2	1	997955	0	0
2016-Jan-05 11:54:34	PI_13	1065	2	2	1405754	0	0,1
2016-Jan-05 11:54:36	PI_13	1066	2	1	997955	0	0
2016-Jan-05 11:54:38	PI_13	1067	2	1	997955	0	0
2016-Jan-05 11:54:40	PI_13	1068	2	1	997955	0	0
2016-Jan-05 11:54:42	PI_13	1069	2	2	1405754	0	0,1
2016-Jan-05 11:54:44	PI_13	1070	2	2	1405754	0	0,1
2016-Jan-05 11:54:46	PI_13	1071	2	2	1405754	0	0,1
2016-Jan-05 11:54:48	PI_13	1072	2	2	1405754	0	0,1
2016-Jan-05 11:54:50	PI_13	1073	2	2	1405754	0	0,1
2016-Jan-05 11:54:52	PI_13	1074	2	1	997955	0	0
2016-Jan-05 11:54:54	PI_13	1075	2	2	1405754	0	0,1
2016-Jan-05 11:54:56	PI_13	1076	2	0	642933	0	
2016-Jan-05 11:54:58	PI_13	1077	2	0	642933	0	
2016-Jan-05 11:55:00	PI_13	1078	2	2	1405754	0	0,1
2016-Jan-05 11:55:02	PI_13	1079	2	0	642933	0	
2016-Jan-05 11:55:04	PI_13	1080	2	0	642933	0	
2016-Jan-05 11:55:06	PI_13	1081	2	0	642933	0	
2016-Jan-05 11:55:08	PI_13	1082	2	0	642933	0	
2016-Jan-05 11:55:10	PI_13	1083	2	2	1405754	0	0,1
2016-Jan-05 11:55:12	PI_13	1084	2	0	642933	0	
2016-Jan-05 11:55:14	PI_13	1085	2	0	642933	0	
2016-Jan-05 11:55:16	PI_13	1086	2	0	642933	0	
2016-Jan-05 11:55:18	PI_13	1087	2	0	642933	0	
2016-Jan-05 11:55:20	PI_13	1088	2	2	1405754	0	0,1
2016-Jan-05 11:55:22	PI_13	1089	2	0	642933	0	
2016-Jan-05 11:55:24	PI_13	1090	2	0	642933	0	
2016-Jan-05 11:55:26	PI_13	1091	2	0	642933	0	
2016-Jan-05 11:55:28	PI_13	1092	2	0	642933	0	
2016-Jan-05 11:55:30	PI_13	1093	2	0	642933	0	
2016-Jan-05 11:55:32	PI_13	1094	2	0	642933	0	
2016-Jan-05 11:55:34	PI_13	1095	2	0	642933	0	
2016-Jan-05 11:55:36	PI_13	1096	2	0	642933	0	
2016-Jan-05 11:55:39	PI_13	1097	2	0	642933	0	
2016-Jan-05 11:55:41	PI_13	1098	2	0	642933	0	
2016-Jan-05 11:55:43	PI_13	1099	2	1	997955	0	0
2016-Jan-05 11:55:45	PI_13	1100	2	2	1405754	0	0,1
2016-Jan-05 11:55:47	PI_13	1101	2	0	642933	0	
2016-Jan-05 11:55:49	PI_13	1102	2	0	642933	0	
2016-Jan-05 11:55:51	PI_13	1103	2	2	1405754	0	0,1
2016-Jan-05 11:55:53	PI_13	1104	2	0	642933	0	
2016-Jan-05 11:55:55	PI_13	1105	2	2	1405754	0	0,1
2016-Jan-05 11:55:57	PI_13	1106	2	1	997955	0	0
2016-Jan-05 11:55:59	PI_13	1107	2	1	997955	0	0
2016-Jan-05 11:56:01	PI_13	1108	2	0	642933	0	
2016-Jan-05 11:56:03	PI_13	1109	2	0	642933	0	
2016-Jan-05 11:56:05	PI_13	1110	2	1	997955	0	0
2016-Jan-05 11:56:07	PI_13	1111	2	1	997955	0	0
2016-Jan-05 11:56:09	PI_13	1112	2	1	997955	0	0
2016-Jan-05 11:56:11	PI_13	1113	2	1	997955	0	0
2016-Jan-05 11:56:13	PI_13	1114	2	2	1405754	0	0,1
2016-Jan-05 11:56:15	PI_13	1115	2	0	642933	0	
2016-Jan-05 11:56:17	PI_13	1116	2	0	642933	0	
2016-Jan-05 11:56:19	PI_13	1117	2	0	642933	0	
2016-Jan-05 11:56:21	PI_13	1118	2	2	1405754	0	0,1
2016-Jan-05 11:56:23	PI_13	1119	2	0	642933	0	
2016-Jan-05 11:56:25	PI_13	1120	2	0	642933	0	
2016-Jan-05 11:56:27	PI_13	1121	2	2	1405754	0	0,1
2016-Jan-05 11:56:29	PI_13	1122	2	0	642933	0	
2016-Jan-05 11:56:31	PI_13	1123	2	0	642933	0	
2016-Jan-05 11:56:33	PI_13	1124	2	0	642933	0	
2016-Jan-05 11:56:35	PI_13	1125	2	0	642933	0	
2016-Jan-05 11:56:37	PI_13	1126	2	0	642933	0	
2016-Jan-05 11:56:39	PI_13	1127	2	0	642933	0	
2016-Jan-05 11:56:41	PI_13	1128	2	0	642933	0	
2016-Jan-05 11:56:43	PI_13	1129	2	0	642933	0	
2016-Jan-05 11:56:45	PI_13	1130	2	0	642933	0	
2016-Jan-05 11:56:47	PI_13	1131	2	0	642933	0	
2016-Jan-05 11:56:49	PI_13	1132	2	0	642933	0	
2016-Jan-05 11:56:51	PI_13	1133	2	0	642933	0	
2016-Jan-05 11:56:53	PI_13	1134	2	0	642933	0	
2016-Jan-05 11:56:55	PI_13	1135	2	0	642933	0	
2016-Jan-05 11:56:57	PI_13	1136	2	0	642933	0	
2016-Jan-05 11:56:59	PI_13	1137	2	1	997955	0	0
2016-Jan-05 11:57:01	PI_13	1138	2	0	642933	0	
2016-Jan-05 11:57:03	PI_13	1139	2	0	642933	0	
2016-Jan-05 11:57:05	PI_13	1140	2	0	642933	0	
2016-Jan-05 11:57:07	PI_13	1141	2	1	997955	0	0
2016-Jan-05 11:57:09	PI_13	1142	2	1	997955	0	0
2016-Jan-05 11:57:11	PI_13	1143	2	0	642933	0	
2016-Jan-05 11:57:13	PI_13	1144	2	1	997955	0	0
2016-Jan-05 11:57:15	PI_13	1145	2	1	997955	0	0
2016-Jan-05 11:57:17	PI_13	1146	2	0	642933	0	
2016-Jan-05 11:57:19	PI_13	1147	2	0	642933	0	
2016-Jan-05 11:57:21	PI_13	1148	2	1	997955	0	0
2016-Jan-05 11:57:23	PI_13	1149	2	1	997955	0	0
2016-Jan-05 11:57:25	PI_13	1150	2	2	1405754	0	0,1
2016-Jan-05 11:57:27	PI_13	1151	2	1	997955	0	0
2016-Jan-05 11:57:29	PI_13	1152	2	2	1405754	0	0,1
2016-Jan-05 11:57:31	PI_13	1153	2	0	642933	0	
2016-Jan-05 11:57:33	PI_13	1154	2	0	642933	0	
2016-Jan-05 11:57:35	PI_13	1155	2	0	642933	0	
2016-Jan-05 11:57:37	PI_13	1156	2	2	1405754	0	0,1
2016-Jan-05 11:57:39	PI_13	1157	2	0	642933	0	
2016-Jan-05 11:57:41	PI_13	1158	2	0	642933	0	
2016-Jan-05 11:57:43	PI_13	1159	2	0	642933	0	
2016-Jan-05 11:57:45	PI_13	1160	2	0	642933	0	
2016-Jan-05 11:57:47	PI_13	1161	2	0	642933	0	
2016-Jan-05 11:57:49	PI_13	1162	2	0	642933	0	
2016-Jan-05 11:57:51	PI_13	1163	2	0	642933	0	
2016-Jan-05 11:57:53	PI_13	1164	2	0	642933	0	
2016-Jan-05 11:57:55	PI_13	1165	2	0	642933	0	
2016-Jan-05 11:57:57	PI_13	1166	2	0	642933	0	
2016-Jan-05 11:57:59	PI_13	1167	2	0	642933	0	
2016-Jan-05 11:58:01	PI_13	1168	2	0	642933	0	
2016-Jan-05 11:58:03	PI_13	1169	2	0	642933	0	
2016-Jan-05 11:58:05	PI_13	1170	2	0	642933	0	
2016-Jan-05 11:58:07	PI_13	1171	2	0	642933	0	
2016-Jan-05 11:58:09	PI_13	1172	2	0	642933	0	
2016-Jan-05 11:58:11	PI_13	1173	2	0	642933	0	
2016-Jan-05 11:58:13	PI_13	1174	2	0	642933	0	
2016-Jan-05 11:58:15	PI_13	1175	2	0	642933	0	
2016-Jan-05 11:58:17	PI_13	1176	2	0	642933	0	
2016-Jan-05 11:58:19	PI_13	1177	2	0	642933	0	
2016-Jan-05 11:58:21	PI_13	1178	2	0	642933	0	
2016-Jan-05 11:58:23	PI_13	1179	2	0	642933	0	
2016-Jan-05 11:58:25	PI_13	1180	2	0	642933	0	
2016-Jan-05 11:58:27	PI_13	1181	2	0	642933	0	
2016-Jan-05 11:58:29	PI_13	1182	2	0	642933	0	
2016-Jan-05 11:58:31	PI_13	1183	2	0	642933	0	
2016-Jan-05 11:58:33	PI_13	1184	2	0	642933	0	
2016-Jan-05 11:58:35	PI_13	1185	2	0	642933	0	
2016-Jan-05 11:58:37	PI_13	1186	2	0	642933	0	
2016-Jan-05 11:58:39	PI_13	1187	2	0	642933	0	
2016-Jan-05 11:58:41	PI_13	1188	2	0	642933	0	
2016-Jan-05 11:58:43	PI_13	1189	2	0	642933	0	
2016-Jan-05 11:58:45	PI_13	1190	2	0	642933	0	
2016-Jan-05 11:58:47	PI_13	1191	2	0	642933	0	
2016-Jan-05 11:58:49	PI_13	1192	2	0	642933	0	
2016-Jan-05 11:58:51	PI_13	1193	2	0	642933	0	
2016-Jan-05 11:58:53	PI_13	1194	2	0	642933	0	
2016-Jan-05 11:58:55	PI_13	1195	2	0	642933	0	
2016-Jan-05 11:58:57	PI_13	1196	2	0	642933	0	
2016-Jan-05 11:58:59	PI_13	1197	2	2	1405754	0	0,1
2016-Jan-05 11:59:01	PI_13	1198	2	0	642933	0	
2016-Jan-05 11:59:03	PI_13	1199	2	0	642933	0	
2016-Jan-05 11:59:05	PI_13	1200	2	0	642933	0	
2016-Jan-05 11:59:07	PI_13	1201	2	0	642933	0	
2016-Jan-05 11:59:09	PI_13	1202	2	0	642933	0	
2016-Jan-05 11:59:11	PI_13	1203	2	2	1405754	0	0,1
2016-Jan-05 11:59:13	PI_13	1204	2	0	642933	0	
2016-Jan-05 11:59:15	PI_13	1205	2	1	997955	0	0
2016-Jan-05 11:59:17	PI_13	1206	2	2	1405754	0	0,1
2016-Jan-05 11:59:19	PI_13	1207	2	0	642933	0	
2016-Jan-05 11:59:21	PI_13	1208	2	1	997955	0	0
2016-Jan-05 11:59:23	PI_13	1209	2	1	997955	0	0
2016-Jan-05 11:59:25	PI_13	1210	2	1	997955	0	0
2016-Jan-05 11:59:27	PI_13	1211	2	1	997955	0	0
2016-Jan-05 11:59:29	PI_13	1212	2	2	1405754	0	0,1
2016-Jan-05 11:59:31	PI_13	1213	2	0	642933	0	
2016-Jan-05 11:59:33	PI_13	1214	2	0	642933	0	
2016-Jan-05 11:59:35	PI_13	1215	2	2	1405754	0	0,1
2016-Jan-05 11:59:37	PI_13	1216	2	0	642933	0	
2016-Jan-05 11:59:39	PI_13	1217	2	2	1405754	0	0,1
2016-Jan-05 11:59:41	PI_13	1218	2	0	642933	0	
2016-Jan-05 11:59:43	PI_13	1219	2	2	1405754	0	0,1
2016-Jan-05 11:59:45	PI_13	1220	2	0	642933	0	
2016-Jan-05 11:59:47	PI_13	1221	2	2	1405754	0	0,1
2016-Jan-05 11:59:49	PI_13	1222	2	0	642933	0	
2016-Jan-05 11:59:51	PI_13	1223	2	0	642933	0	
2016-Jan-05 11:59:53	PI_13	1224	2	0	642933	0	
2016-Jan-05 11:59:55	PI_13	1225	2	2	1405754	0	0,1
2016-Jan-05 11:59:57	PI_13	1226	2	0	642933	0	
2016-Jan-05 11:59:59	PI_13	1227	2	0	642933	0	
2016-Jan-05 12:00:01	PI_13	1228	2	0	642933	0	
2016-Jan-05 12:00:03	PI_13	1229	2	2	1405754	0	0,1
2016-Jan-05 12:00:05	PI_13	1230	2	0	642933	0	
2016-Jan-05 12:00:07	PI_13	1231	2	0	642933	0	
2016-Jan-05 12:00:09	PI_13	1232	2	2	1405754	0	0,1
2016-Jan-05 12:00:11	PI_13	1233	2	0	642933	0	
2016-Jan-05 12:00:13	PI_13	1234	2	0	642933	0	
2016-Jan-05 12:00:15	PI_13	1235	2	0	642933	0	
2016-Jan-05 12:00:17	PI_13	1236	2	0	642933	0	
2016-Jan-05 12:00:19	PI_13	1237	2	2	1405754	0	0,1
2016-Jan-05 12:00:21	PI_13	1238	2	0	642933	0	
2016-Jan-05 12:00:23	PI_13	1239	2	0	642933	0	
2016-Jan-05 12:00:25	PI_13	1240	2	2	1405754	0	0,1
2016-Jan-05 12:00:27	PI_13	1241	2	0	642933	0	
2016-Jan-05 12:00:29	PI_13	1242	2	0	642933	0	
2016-Jan-05 12:00:31	PI_13	1243	2	1	997955	0	0
2016-Jan-05 12:00:33	PI_13	1244	2	0	642933	0	
2016-Jan-05 12:00:35	PI_13	1245	2	2	1405754	0	0,1
2016-Jan-05 12:00:37	PI_13	1246	2	0	642933	0	
2016-Jan-05 12:00:39	PI_13	1247	2	0	642933	0	
2016-Jan-05 12:00:41	PI_13	1248	2	1	997955	0	0
2016-Jan-05 12:00:43	PI_13	1249	2	1	997955	0	0
2016-Jan-05 12:00:45	PI_13	1250	2	2	1405754	0	0,1
2016-Jan-05 12:00:47	PI_13	1251	2	0	642933	0	
2016-Jan-05 12:00:49	PI_13	1252	2	0	642933	0	
2016-Jan-05 12:00:51	PI_13	1253	2	2	1405754	0	0,1
2016-Jan-05 12:00:53	PI_13	1254	2	0	642933	0	
2016-Jan-05 12:00:55	PI_13	1255	2	2	1405754	0	0,1
2016-Jan-05 12:00:57	PI_13	1256	2	0	642933	0	
2016-Jan-05 12:00:59	PI_13	1257	2	0	642933	0	
2016-Jan-05 12:01:01	PI_13	1258	2	0	642933	0	
2016-Jan-05 12:01:03	PI_13	1259	2	2	1405754	0	0,1
2016-Jan-05 12:01:05	PI_13	1260	2	0	642933	0	
2016-Jan-05 12:01:07	PI_13	1261	2	2	1405754	0	0,1
2016-Jan-05 12:01:09	PI_13	1262	2	0	642933	0	
2016-Jan-05 12:01:11	PI_13	1263	2	0	642933	0	
2016-Jan-05 12:01:13	PI_13	1264	2	0	642933	0	
2016-Jan-05 12:01:15	PI_13	1265	2	0	642933	0	
2016-Jan-05 12:01:17	PI_13	1266	2	0	642933	0	
2016-Jan-05 12:01:19	PI_13	1267	2	0	642933	0	
2016-Jan-05 12:01:21	PI_13	1268	2	0	642933	0	
2016-Jan-05 12:01:23	PI_13	1269	2	0	642933	0	
2016-Jan-05 12:01:25	PI_13	1270	2	0	642933	0	
2016-Jan-05 12:01:27	PI_13	1271	2	0	642933	0	
2016-Jan-05 12:01:29	PI_13	1272	2	0	642933	0	
2016-Jan-05 12:01:31	PI_13	1273	2	0	642933	0	
2016-Jan-05 12:01:33	PI_13	1274	2	0	642933	0	
2016-Jan-05 12:01:35	PI_13	1275	2	0	642933	0	
2016-Jan-05 12:01:37	PI_13	1276	2	0	642933	0	
2016-Jan-05 12:01:39	PI_13	1277	2	0	642933	0	
2016-Jan-05 12:01:41	PI_13	1278	2	0	642933	0	
2016-Jan-05 12:01:43	PI_13	1279	2	0	642933	0	
2016-Jan-05 12:01:45	PI_13	1280	2	0	642933	0	
2016-Jan-05 12:01:47	PI_13	1281	2	0	642933	0	
2016-Jan-05 12:01:49	PI_13	1282	2	0	642933	0	
2016-Jan-05 12:01:51	PI_13	1283	2	0	642933	0	
2016-Jan-05 12:01:53	PI_13	1284	2	0	642933	0	
2016-Jan-05 12:01:55	PI_13	1285	2	1	997955	0	0
2016-Jan-05 12:01:57	PI_13	1286	2	0	642933	0	
2016-Jan-05 12:01:59	PI_13	1287	2	1	997955	0	0
2016-Jan-05 12:02:01	PI_13	1288	2	1	997955	0	0
2016-Jan-05 12:02:03	PI_13	1289	2	2	1405754	0	0,1
2016-Jan-05 12:02:05	PI_13	1290	2	1	997955	0	0
2016-Jan-05 12:02:07	PI_13	1291	2	2	1405754	0	0,1
2016-Jan-05 12:02:09	PI_13	1292	2	1	997955	0	0
2016-Jan-05 12:02:11	PI_13	1293	2	1	997955	0	0
2016-Jan-05 12:02:13	PI_13	1294	2	1	997955	0	0
2016-Jan-05 12:02:15	PI_13	1295	2	1	997955	0	0
2016-Jan-05 12:02:17	PI_13	1296	2	2	1405754	0	0,1
2016-Jan-05 12:02:19	PI_13	1297	2	2	1405754	0	0,1
2016-Jan-05 12:02:21	PI_13	1298	2	0	642933	0	
2016-Jan-05 12:02:23	PI_13	1299	2	0	642933	0	
2016-Jan-05 12:02:25	PI_13	1300	2	0	642933	0	
2016-Jan-05 12:02:27	PI_13	1301	2	2	1405754	0	0,1
2016-Jan-05 12:02:29	PI_13	1302	2	0	642933	0	
2016-Jan-05 12:02:31	PI_13	1303	2	0	642933	0	
2016-Jan-05 12:02:33	PI_13	1304	2	0	642933	0	
2016-Jan-05 12:02:35	PI_13	1305	2	0	642933	0	
2016-Jan-05 12:02:37	PI_13	1306	2	2	1405754	0	0,1
2016-Jan-05 12:02:39	PI_13	1307	2	0	642933	0	
2016-Jan-05 12:02:41	PI_13	1308	2	0	642933	0	
2016-Jan-05 12:02:43	PI_13	1309	2	0	642933	0	
2016-Jan-05 12:02:45	PI_13	1310	2	0	642933	0	
2016-Jan-05 12:02:47	PI_13	1311	2	0	642933	0	
2016-Jan-05 12:02:49	PI_13	1312	2	0	642933	0	
2016-Jan-05 12:02:51	PI_13	1313	2	0	642933	0	
2016-Jan-05 12:02:53	PI_13	1314	2	0	642933	0	
2016-Jan-05 12:02:55	PI_13	1315	2	0	642933	0	
2016-Jan-05 12:02:57	PI_13	1316	2	0	642933	0	
2016-Jan-05 12:02:59	PI_13	1317	2	0	642933	0	
2016-Jan-05 12:03:01	PI_13	1318	2	0	642933	0	
2016-Jan-05 12:03:03	PI_13	1319	2	0	642933	0	
2016-Jan-05 12:03:05	PI_13	1320	2	0	642933	0	
2016-Jan-05 12:03:07	PI_13	1321	2	0	642933	0	
2016-Jan-05 12:03:09	PI_13	1322	2	2	1405754	0	0,1
2016-Jan-05 12:03:11	PI_13	1323	2	0	642933	0	
2016-Jan-05 12:03:13	PI_13	1324	2	0	642933	0	
2016-Jan-05 12:03:15	PI_13	1325	2	2	1405754	0	0,1
2016-Jan-05 12:03:17	PI_13	1326	2	0	642933	0	
2016-Jan-05 12:03:19	PI_13	1327	2	2	1405754	0	0,1
2016-Jan-05 12:03:21	PI_13	1328	2	0	642933	0	
2016-Jan-05 12:03:23	PI_13	1329	2	1	997955	0	0
2016-Jan-05 12:03:25	PI_13	1330	2	0	642933	0	
2016-Jan-05 12:03:27	PI_13	1331	2	2	1405754	0	0,1
2016-Jan-05 12:03:29	PI_13	1332	2	0	642933	0	
2016-Jan-05 12:03:31	PI_13	1333	2	0	642933	0	
2016-Jan-05 12:03:33	PI_13	1334	2	0	642933	0	
2016-Jan-05 12:03:35	PI_13	1335	2	2	1405754	0	0,1
2016-Jan-05 12:03:37	PI_13	1336	2	0	642933	0	
2016-Jan-05 12:03:39	PI_13	1337	2	0	642933	0	
2016-Jan-05 12:03:41	PI_13	1338	2	2	1405754	0	0,1
2016-Jan-05 12:03:43	PI_13	1339	2	0	642933	0	
2016-Jan-05 12:03:45	PI_13	1340	2	0	642933	0	
2016-Jan-05 12:03:47	PI_13	1341	2	0	642933	0	
2016-Jan-05 12:03:49	PI_13	1342	2	2	1405754	0	0,1
2016-Jan-05 12:03:51	PI_13	1343	2	0	642933	0	
2016-Jan-05 12:03:53	PI_13	1344	2	0	642933	0	
2016-Jan-05 12:03:55	PI_13	1345	2	0	642933	0	
2016-Jan-05 12:03:57	PI_13	1346	2	0	642933	0	
2016-Jan-05 12:03:59	PI_13	1347	2	1	997955	0	0
2016-Jan-05 12:04:01	PI_13	1348	2	1	997955	0	0
2016-Jan-05 12:04:03	PI_13	1349	2	0	642933	0	
2016-Jan-05 12:04:05	PI_13	1350	2	0	642933	0	
2016-Jan-05 12:04:07	PI_13	1351	2	0	642933	0	
2016-Jan-05 12:04:09	PI_13	1352	2	1	997955	0	0
2016-Jan-05 12:04:11	PI_13	1353	2	0	642933	0	
2016-Jan-05 12:04:13	PI_13	1354	2	0	642933	0	
2016-Jan-05 12:04:15	PI_13	1355	2	0	642933	0	
2016-Jan-05 12:04:17	PI_13	1356	2	0	642933	0	
2016-Jan-05 12:04:19	PI_13	1357	2	0	642933	0	
2016-Jan-05 12:04:21	PI_13	1358	2	0	642933	0	
2016-Jan-05 12:04:23	PI_13	1359	2	0	642933	0	
2016-Jan-05 12:04:25	PI_13	1360	2	0	642933	0	
2016-Jan-05 12:04:27	PI_13	1361	2	0	642933	0	
2016-Jan-05 12:04:29	PI_13	1362	2	0	642933	0	
2016-Jan-05 12:04:31	PI_13	1363	2	0	642933	0	
2016-Jan-05 12:04:33	PI_13	1364	2	0	642933	0	
2016-Jan-05 12:04:35	PI_13	1365	2	0	642933	0	
2016-Jan-05 12:04:37	PI_13	1366	2	0	642933	0	
2016-Jan-05 12:04:39	PI_13	1367	2	0	642933	0	
2016-Jan-05 12:04:41	PI_13	1368	2	0	642933	0	
2016-Jan-05 12:04:43	PI_13	1369	2	2	1405754	0	0,1
2016-Jan-05 12:04:45	PI_13	1370	2	0	642933	0	
2016-Jan-05 12:04:47	PI_13	1371	2	0	642933	0	
2016-Jan-05 12:04:49	PI_13	1372	2	0	642933	0	
2016-Jan-05 12:04:51	PI_13	1373	2	0	642933	0	
2016-Jan-05 12:04:53	PI_13	1374	2	1	997955	0	0
2016-Jan-05 12:04:55	PI_13	1375	2	0	642933	0	
2016-Jan-05 12:04:57	PI_13	1376	2	1	997955	0	0
2016-Jan-05 12:04:59	PI_13	1377	2	2	1405754	0	0,1
2016-Jan-05 12:05:01	PI_13	1378	2	0	642933	0	
2016-Jan-05 12:05:03	PI_13	1379	2	1	997955	0	0
2016-Jan-05 12:05:05	PI_13	1380	2	0	642933	0	
2016-Jan-05 12:05:07	PI_13	1381	2	1	997955	0	0
2016-Jan-05 12:05:09	PI_13	1382	2	2	1405754	0	0,1
2016-Jan-05 12:05:11	PI_13	1383	2	0	642933	0	
2016-Jan-05 12:05:13	PI_13	1384	2	1	997955	0	0
2016-Jan-05 12:05:15	PI_13	1385	2	1	997955	0	0
2016-Jan-05 12:05:17	PI_13	1386	2	1	997955	0	0
2016-Jan-05 12:05:19	PI_13	1387	2	1	997955	0	0
2016-Jan-05 12:05:21	PI_13	1388	2	1	997955	0	0
2016-Jan-05 12:05:23	PI_13	1389	2	1	997955	0	0
2016-Jan-05 12:05:25	PI_13	1390	2	1	997955	0	0
2016-Jan-05 12:05:27	PI_13	1391	2	1	997955	0	0
2016-Jan-05 12:05:29	PI_13	1392	2	0	642933	0	
2016-Jan-05 12:05:31	PI_13	1393	2	0	642933	0	
2016-Jan-05 12:05:33	PI_13	1394	2	1	997955	0	0
2016-Jan-05 12:05:35	PI_13	1395	2	0	642933	0	
2016-Jan-05 12:05:37	PI_13	1396	2	1	997955	0	0
2016-Jan-05 12:05:39	PI_13	1397	2	0	642933	0	
2016-Jan-05 12:05:41	PI_13	1398	2	1	997955	0	0
2016-Jan-05 12:05:43	PI_13	1399	2	0	642933	0	
2016-Jan-05 12:05:45	PI_13	1400	2	1	997955	0	0
2016-Jan-05 12:05:47	PI_13	1401	2	1	997955	0	0
2016-Jan-05 12:05:49	PI_13	1402	2	1	997955	0	0
2016-Jan-05 12:05:51	PI_13	1403	2	1	997955	0	0
2016-Jan-05 12:05:53	PI_13	1404	2	0	642933	0	
2016-Jan-05 12:05:55	PI_13	1405	2	0	642933	0	
2016-Jan-05 12:05:57	PI_13	1406	2	1	997955	0	0
2016-Jan-05 12:05:59	PI_13	1407	2	2	1405754	0	0,1
2016-Jan-05 12:06:01	PI_13	1408	2	1	997955	0	0
2016-Jan-05 12:06:03	PI_13	1409	2	2	1405754	0	0,1
2016-Jan-05 12:06:05	PI_13	1410	2	0	642933	0	
2016-Jan-05 12:06:07	PI_13	1411	2	0	642933	0	
2016-Jan-05 12:06:09	PI_13	1412	2	0	642933	0	
2016-Jan-05 12:06:11	PI_13	1413	2	0	642933	0	
2016-Jan-05 12:06:13	PI_13	1414	2	0	642933	0	
2016-Jan-05 12:06:15	PI_13	1415	2	2	1405754	0	0,1
2016-Jan-05 12:06:17	PI_13	1416	2	0	642933	0	
2016-Jan-05 12:06:19	PI_13	1417	2	0	642933	0	
2016-Jan-05 12:06:21	PI_13	1418	2	0	642933	0	
2016-Jan-05 12:06:23	PI_13	1419	2	0	642933	0	
2016-Jan-05 12:06:25	PI_13	1420	2	0	642933	0	
2016-Jan-05 12:06:27	PI_13	1421	2	0	642933	0	
2016-Jan-05 12:06:29	PI_13	1422	2	0	642933	0	
2016-Jan-05 12:06:31	PI_13	1423	2	0	642933	0	
2016-Jan-05 12:06:33	PI_13	1424	2	0	642933	0	
2016-Jan-05 12:06:35	PI_13	1425	2	0	642933	0	
2016-Jan-05 12:06:37	PI_13	1426	2	0	642933	0	
2016-Jan-05 12:06:39	PI_13	1427	2	0	642933	0	
2016-Jan-05 12:06:41	PI_13	1428	2	0	642933	0	
2016-Jan-05 12:06:43	PI_13	1429	2	0	642933	0	
2016-Jan-05 12:06:45	PI_13	1430	2	0	642933	0	
2016-Jan-05 12:06:47	PI_13	1431	2	0	642933	0	
2016-Jan-05 12:06:49	PI_13	1432	2	0	642933	0	
2016-Jan-05 12:06:51	PI_13	1433	2	0	642933	0	
2016-Jan-05 12:06:53	PI_13	1434	2	0	642933	0	
